Input file is sequence10.fasta.
Minimal fragment length is 3.
Working with probability estimation.
P value is : 0.050000.
Printing all instances.
Looking for inverse complementary repeats.
AY558549.1 Alphabet size is 4.
Input sequence has 0 letters that are not in expected alphabet.
AY558549.1,62,64,116,118,3,AAG,CTT
AY558549.1,11,13,116,118,3,AAG,CTT
AY558549.1,62,64,77,79,3,AAG,CTT
AY558549.1,11,13,77,79,3,AAG,CTT
AY558549.1,82,84,116,118,3,AAG,CTT
AY558549.1,110,112,189,191,3,AAT,ATT
AY558549.1,31,33,189,191,3,AAT,ATT
AY558549.1,162,164,198,200,3,AAT,ATT
AY558549.1,98,100,198,200,3,AAT,ATT
AY558549.1,98,100,189,191,3,AAT,ATT
AY558549.1,98,100,111,113,3,AAT,ATT
AY558549.1,36,38,58,60,3,AGA,TCT
AY558549.1,36,38,115,117,3,AGA,TCT
AY558549.1,67,69,115,117,3,AGA,TCT
AY558549.1,20,22,58,60,3,AGA,TCT
AY558549.1,20,22,103,105,3,AGA,TCT
AY558549.1,22,24,197,199,3,ATT,AAT
AY558549.1,32,34,98,100,3,ATT,AAT
AY558549.1,22,24,110,112,3,ATT,AAT
AY558549.1,32,34,162,164,3,ATT,AAT
AY558549.1,22,24,31,33,3,ATT,AAT
AY558549.1,88,90,197,199,3,ATT,AAT
AY558549.1,88,90,98,100,3,ATT,AAT
AY558549.1,88,90,162,164,3,ATT,AAT
AY558549.1,111,113,162,164,3,ATT,AAT
AY558549.1,19,21,47,49,3,CAG,CTG
AY558549.1,19,21,95,97,3,CAG,CTG
AY558549.1,123,125,166,168,3,CAG,CTG
AY558549.1,19,21,166,168,3,CAG,CTG
AY558549.1,44,46,166,168,3,CAG,CTG
AY558549.1,50,52,95,97,3,CAG,CTG
AY558549.1,123,125,150,152,3,CAG,CTG
AY558549.1,19,21,150,152,3,CAG,CTG
AY558549.1,50,52,150,152,3,CAG,CTG
AY558549.1,44,46,150,152,3,CAG,CTG
AY558549.1,134,136,166,168,3,CAG,CTG
AY558549.1,123,125,128,130,3,CAG,CTG
AY558549.1,19,21,128,130,3,CAG,CTG
AY558549.1,50,52,128,130,3,CAG,CTG
AY558549.1,44,46,128,130,3,CAG,CTG
AY558549.1,65,68,176,179,4,CTAG,CTAG
AY558549.1,65,68,206,209,4,CTAG,CTAG
AY558549.1,206,209,206,209,4,CTAG,CTAG
AY558549.1,65,68,65,68,4,CTAG,CTAG
AY558549.1,176,179,176,179,4,CTAG,CTAG
AY558549.1,176,179,206,209,4,CTAG,CTAG
AY558549.1,104,107,104,107,4,CTAG,CTAG
AY558549.1,104,107,176,179,4,CTAG,CTAG
AY558549.1,95,97,134,136,3,CTG,CAG
AY558549.1,47,49,123,125,3,CTG,CAG
AY558549.1,95,97,123,125,3,CTG,CAG
AY558549.1,56,58,145,147,3,CTT,AAG
AY558549.1,56,58,184,186,3,CTT,AAG
AY558549.1,77,79,172,174,3,CTT,AAG
AY558549.1,77,79,145,147,3,CTT,AAG
AY558549.1,77,79,203,205,3,CTT,AAG
AY558549.1,77,79,184,186,3,CTT,AAG
AY558549.1,116,118,172,174,3,CTT,AAG
AY558549.1,116,118,145,147,3,CTT,AAG
AY558549.1,116,118,203,205,3,CTT,AAG
AY558549.1,56,58,62,64,3,CTT,AAG
AY558549.1,10,12,102,104,3,GAA,TTC
AY558549.1,10,12,16,18,3,GAA,TTC
AY558549.1,10,12,194,196,3,GAA,TTC
AY558549.1,81,83,102,104,3,GAA,TTC
AY558549.1,161,163,194,196,3,GAA,TTC
AY558549.1,10,12,23,25,3,GAA,TTC
AY558549.1,97,99,102,104,3,GAA,TTC
AY558549.1,103,105,187,189,3,TCT,AGA
AY558549.1,4,6,208,210,3,TCT,AGA
AY558549.1,4,6,67,69,3,TCT,AGA
AY558549.1,4,6,160,162,3,TCT,AGA
AY558549.1,58,60,208,210,3,TCT,AGA
AY558549.1,4,6,20,22,3,TCT,AGA
AY558549.1,4,6,124,126,3,TCT,AGA
AY558549.1,115,117,124,126,3,TCT,AGA
AY558549.1,115,117,160,162,3,TCT,AGA
AY558549.1,4,6,185,187,3,TCT,AGA
AY558549.1,58,60,185,187,3,TCT,AGA
AY558549.1,103,105,185,187,3,TCT,AGA
AY558549.1,194,198,200,204,5,TTCAA,TTGAA
AY558549.1,23,25,81,83,3,TTC,GAA
AY558549.1,23,25,202,204,3,TTC,GAA
AY558549.1,23,25,171,173,3,TTC,GAA
AY558549.1,16,18,97,99,3,TTC,GAA
AY558549.1,16,18,81,83,3,TTC,GAA
AY558549.1,16,18,202,204,3,TTC,GAA
AY558549.1,16,18,171,173,3,TTC,GAA
AY558549.1,16,18,161,163,3,TTC,GAA
AY558549.1,57,59,97,99,3,TTC,GAA
AY558549.1,23,25,68,70,3,TTC,GAA
AY558549.1,23,25,125,127,3,TTC,GAA
AY558549.1,102,104,202,204,3,TTC,GAA
AY558549.1,102,104,171,173,3,TTC,GAA
AY558549.1,169,173,194,198,5,TTGAA,TTCAA
AY558549.1,79,83,194,198,5,TTGAA,TTCAA

Total for length 3 is 85.
Total for length 4 is 8.
Total for length 5 is 3.

