Input file is sequence1.fasta.
Minimal fragment length is 3.
Working with probability estimation.
P value is : 0.050000.
Printing all instances.
Looking for inverse non-complementary repeats.
AF057309.1 Alphabet size is 4.
Input sequence has 0 letters that are not in expected alphabet.
AF057309.1,12,14,12,14,3,AAA,AAA
AF057309.1,11,13,11,13,3,AAA,AAA
AF057309.1,11,13,392,394,3,AAA,AAA
AF057309.1,392,394,392,394,3,AAA,AAA
AF057309.1,12,14,154,156,3,AAA,AAA
AF057309.1,153,155,392,394,3,AAA,AAA
AF057309.1,12,14,393,395,3,AAA,AAA
AF057309.1,11,13,153,155,3,AAA,AAA
AF057309.1,154,156,154,156,3,AAA,AAA
AF057309.1,153,155,153,155,3,AAA,AAA
AF057309.1,154,156,393,395,3,AAA,AAA
AF057309.1,393,395,393,395,3,AAA,AAA
AF057309.1,154,156,542,544,3,AAA,AAA
AF057309.1,12,14,542,544,3,AAA,AAA
AF057309.1,11,13,542,544,3,AAA,AAA
AF057309.1,392,394,542,544,3,AAA,AAA
AF057309.1,153,155,542,544,3,AAA,AAA
AF057309.1,88,95,406,413,8,AACCTCTT,TTCTCCAA
AF057309.1,487,498,487,498,12,AACTCCCCTCAA,AACTCCCCTCAA
AF057309.1,13,15,400,402,3,AAC,CAA
AF057309.1,13,15,486,488,3,AAC,CAA
AF057309.1,13,15,115,117,3,AAC,CAA
AF057309.1,158,160,400,402,3,AAC,CAA
AF057309.1,158,160,486,488,3,AAC,CAA
AF057309.1,13,15,277,279,3,AAC,CAA
AF057309.1,13,15,108,110,3,AAC,CAA
AF057309.1,13,15,411,413,3,AAC,CAA
AF057309.1,158,160,411,413,3,AAC,CAA
AF057309.1,149,151,277,279,3,AAC,CAA
AF057309.1,116,118,277,279,3,AAC,CAA
AF057309.1,149,151,411,413,3,AAC,CAA
AF057309.1,116,118,411,413,3,AAC,CAA
AF057309.1,13,15,288,290,3,AAC,CAA
AF057309.1,88,90,288,290,3,AAC,CAA
AF057309.1,158,160,288,290,3,AAC,CAA
AF057309.1,149,151,391,393,3,AAC,CAA
AF057309.1,116,118,391,393,3,AAC,CAA
AF057309.1,88,90,391,393,3,AAC,CAA
AF057309.1,158,160,391,393,3,AAC,CAA
AF057309.1,13,15,87,89,3,AAC,CAA
AF057309.1,401,403,411,413,3,AAC,CAA
AF057309.1,13,15,496,498,3,AAC,CAA
AF057309.1,13,15,209,211,3,AAC,CAA
AF057309.1,13,15,131,133,3,AAC,CAA
AF057309.1,13,15,52,54,3,AAC,CAA
AF057309.1,149,151,496,498,3,AAC,CAA
AF057309.1,116,118,496,498,3,AAC,CAA
AF057309.1,88,90,496,498,3,AAC,CAA
AF057309.1,149,151,209,211,3,AAC,CAA
AF057309.1,116,118,209,211,3,AAC,CAA
AF057309.1,88,90,209,211,3,AAC,CAA
AF057309.1,40,42,400,402,3,AAC,CAA
AF057309.1,40,42,486,488,3,AAC,CAA
AF057309.1,40,42,115,117,3,AAC,CAA
AF057309.1,40,42,148,150,3,AAC,CAA
AF057309.1,116,118,131,133,3,AAC,CAA
AF057309.1,88,90,131,133,3,AAC,CAA
AF057309.1,158,160,496,498,3,AAC,CAA
AF057309.1,158,160,209,211,3,AAC,CAA
AF057309.1,40,42,277,279,3,AAC,CAA
AF057309.1,536,543,536,543,8,AATAATAA,AATAATAA
AF057309.1,117,119,252,254,3,ACG,GCA
AF057309.1,117,119,284,286,3,ACG,GCA
AF057309.1,117,119,255,257,3,ACG,GCA
AF057309.1,126,128,287,289,3,ACG,GCA
AF057309.1,126,128,255,257,3,ACG,GCA
AF057309.1,222,226,522,526,5,ACTCG,GCTCA
AF057309.1,222,225,494,497,4,ACTC,CTCA
AF057309.1,168,171,309,312,4,ACTC,CTCA
AF057309.1,324,327,494,497,4,ACTC,CTCA
AF057309.1,488,491,523,526,4,ACTC,CTCA
AF057309.1,168,171,207,210,4,ACTC,CTCA
AF057309.1,240,243,494,497,4,ACTC,CTCA
AF057309.1,240,243,523,526,4,ACTC,CTCA
AF057309.1,168,171,177,180,4,ACTC,CTCA
AF057309.1,222,225,429,432,4,ACTC,CTCA
AF057309.1,41,46,450,455,6,ACTTCT,TCTTCA
AF057309.1,183,188,450,455,6,ACTTCT,TCTTCA
AF057309.1,41,44,55,58,4,ACTT,TTCA
AF057309.1,402,405,452,455,4,ACTT,TTCA
AF057309.1,369,372,452,455,4,ACTT,TTCA
AF057309.1,222,224,390,392,3,ACT,TCA
AF057309.1,240,242,390,392,3,ACT,TCA
AF057309.1,168,170,390,392,3,ACT,TCA
AF057309.1,324,326,390,392,3,ACT,TCA
AF057309.1,168,170,249,251,3,ACT,TCA
AF057309.1,41,43,75,77,3,ACT,TCA
AF057309.1,41,43,310,312,3,ACT,TCA
AF057309.1,41,43,178,180,3,ACT,TCA
AF057309.1,41,43,249,251,3,ACT,TCA
AF057309.1,41,43,524,526,3,ACT,TCA
AF057309.1,41,43,430,432,3,ACT,TCA
AF057309.1,402,404,524,526,3,ACT,TCA
AF057309.1,402,404,430,432,3,ACT,TCA
AF057309.1,300,302,495,497,3,ACT,TCA
AF057309.1,300,302,390,392,3,ACT,TCA
AF057309.1,183,185,495,497,3,ACT,TCA
AF057309.1,183,185,208,210,3,ACT,TCA
AF057309.1,183,185,390,392,3,ACT,TCA
AF057309.1,369,371,495,497,3,ACT,TCA
AF057309.1,369,371,390,392,3,ACT,TCA
AF057309.1,300,302,524,526,3,ACT,TCA
AF057309.1,300,302,430,432,3,ACT,TCA
AF057309.1,183,185,524,526,3,ACT,TCA
AF057309.1,183,185,430,432,3,ACT,TCA
AF057309.1,369,371,524,526,3,ACT,TCA
AF057309.1,369,371,430,432,3,ACT,TCA
AF057309.1,222,224,453,455,3,ACT,TCA
AF057309.1,240,242,453,455,3,ACT,TCA
AF057309.1,344,346,344,346,3,AGA,AGA
AF057309.1,156,158,312,314,3,AGA,AGA
AF057309.1,156,158,267,269,3,AGA,AGA
AF057309.1,156,158,246,248,3,AGA,AGA
AF057309.1,199,201,267,269,3,AGA,AGA
AF057309.1,199,201,246,248,3,AGA,AGA
AF057309.1,199,201,312,314,3,AGA,AGA
AF057309.1,199,201,199,201,3,AGA,AGA
AF057309.1,312,314,344,346,3,AGA,AGA
AF057309.1,312,314,312,314,3,AGA,AGA
AF057309.1,246,248,344,346,3,AGA,AGA
AF057309.1,267,269,344,346,3,AGA,AGA
AF057309.1,246,248,267,269,3,AGA,AGA
AF057309.1,246,248,246,248,3,AGA,AGA
AF057309.1,246,248,312,314,3,AGA,AGA
AF057309.1,267,269,267,269,3,AGA,AGA
AF057309.1,267,269,312,314,3,AGA,AGA
AF057309.1,254,267,254,267,14,AGCATCGGCTACGA,AGCATCGGCTACGA
AF057309.1,180,182,227,229,3,AGG,GGA
AF057309.1,29,31,298,300,3,AGT,TGA
AF057309.1,29,31,238,240,3,AGT,TGA
AF057309.1,385,387,423,425,3,AGT,TGA
AF057309.1,29,31,196,198,3,AGT,TGA
AF057309.1,58,60,196,198,3,AGT,TGA
AF057309.1,58,60,244,246,3,AGT,TGA
AF057309.1,58,60,387,389,3,AGT,TGA
AF057309.1,58,60,460,462,3,AGT,TGA
AF057309.1,58,60,69,71,3,AGT,TGA
AF057309.1,58,60,423,425,3,AGT,TGA
AF057309.1,58,60,315,317,3,AGT,TGA
AF057309.1,29,31,124,126,3,AGT,TGA
AF057309.1,99,106,99,106,8,ATCTTCTA,ATCTTCTA
AF057309.1,473,476,533,536,4,ATCT,TCTA
AF057309.1,99,102,533,536,4,ATCT,TCTA
AF057309.1,425,428,529,532,4,ATTT,TTTA
AF057309.1,211,214,516,519,4,ATTT,TTTA
AF057309.1,211,214,529,532,4,ATTT,TTTA
AF057309.1,413,416,516,519,4,ATTT,TTTA
AF057309.1,413,416,529,532,4,ATTT,TTTA
AF057309.1,455,458,516,519,4,ATTT,TTTA
AF057309.1,455,458,529,532,4,ATTT,TTTA
AF057309.1,229,232,516,519,4,ATTT,TTTA
AF057309.1,229,232,529,532,4,ATTT,TTTA
AF057309.1,10,12,149,151,3,CAA,AAC
AF057309.1,10,12,116,118,3,CAA,AAC
AF057309.1,10,12,401,403,3,CAA,AAC
AF057309.1,10,12,487,489,3,CAA,AAC
AF057309.1,115,117,158,160,3,CAA,AAC
AF057309.1,10,12,158,160,3,CAA,AAC
AF057309.1,87,89,158,160,3,CAA,AAC
AF057309.1,277,279,401,403,3,CAA,AAC
AF057309.1,277,279,487,489,3,CAA,AAC
AF057309.1,108,110,158,160,3,CAA,AAC
AF057309.1,108,110,149,151,3,CAA,AAC
AF057309.1,108,110,116,118,3,CAA,AAC
AF057309.1,108,110,401,403,3,CAA,AAC
AF057309.1,108,110,487,489,3,CAA,AAC
AF057309.1,411,413,487,489,3,CAA,AAC
AF057309.1,288,290,401,403,3,CAA,AAC
AF057309.1,288,290,487,489,3,CAA,AAC
AF057309.1,131,133,158,160,3,CAA,AAC
AF057309.1,52,54,158,160,3,CAA,AAC
AF057309.1,10,12,40,42,3,CAA,AAC
AF057309.1,52,54,88,90,3,CAA,AAC
AF057309.1,131,133,149,151,3,CAA,AAC
AF057309.1,52,54,149,151,3,CAA,AAC
AF057309.1,52,54,116,118,3,CAA,AAC
AF057309.1,6,8,6,8,3,CAC,CAC
AF057309.1,6,8,21,23,3,CAC,CAC
AF057309.1,21,23,21,23,3,CAC,CAC
AF057309.1,4,6,4,6,3,CAC,CAC
AF057309.1,4,6,19,21,3,CAC,CAC
AF057309.1,19,21,19,21,3,CAC,CAC
AF057309.1,6,8,76,78,3,CAC,CAC
AF057309.1,21,23,76,78,3,CAC,CAC
AF057309.1,76,78,76,78,3,CAC,CAC
AF057309.1,4,6,76,78,3,CAC,CAC
AF057309.1,19,21,76,78,3,CAC,CAC
AF057309.1,311,313,341,343,3,CAG,GAC
AF057309.1,179,181,341,343,3,CAG,GAC
AF057309.1,343,345,368,370,3,CAG,GAC
AF057309.1,179,181,218,220,3,CAG,GAC
AF057309.1,285,287,368,370,3,CAG,GAC
AF057309.1,253,255,368,370,3,CAG,GAC
AF057309.1,57,59,341,343,3,CAG,GAC
AF057309.1,285,287,299,301,3,CAG,GAC
AF057309.1,253,255,299,301,3,CAG,GAC
AF057309.1,57,59,218,220,3,CAG,GAC
AF057309.1,431,438,431,438,8,CATAATAC,CATAATAC
AF057309.1,160,165,415,420,6,CATGTT,TTGTAC
AF057309.1,160,165,502,507,6,CATGTT,TTGTAC
AF057309.1,23,25,329,331,3,CCG,GCC
AF057309.1,216,218,329,331,3,CCG,GCC
AF057309.1,23,25,215,217,3,CCG,GCC
AF057309.1,23,25,83,85,3,CCG,GCC
AF057309.1,138,140,329,331,3,CCG,GCC
AF057309.1,90,96,184,190,7,CCTCTTC,CTTCTCC
AF057309.1,84,87,274,277,4,CCTC,CTCC
AF057309.1,171,174,489,492,4,CCTC,CTCC
AF057309.1,189,192,489,492,4,CCTC,CTCC
AF057309.1,90,93,489,492,4,CCTC,CTCC
AF057309.1,84,87,397,400,4,CCTC,CTCC
AF057309.1,84,87,483,486,4,CCTC,CTCC
AF057309.1,84,87,408,411,4,CCTC,CTCC
AF057309.1,171,174,397,400,4,CCTC,CTCC
AF057309.1,189,192,397,400,4,CCTC,CTCC
AF057309.1,171,174,483,486,4,CCTC,CTCC
AF057309.1,189,192,483,486,4,CCTC,CTCC
AF057309.1,90,93,169,172,4,CCTC,CTCC
AF057309.1,171,174,408,411,4,CCTC,CTCC
AF057309.1,189,192,408,411,4,CCTC,CTCC
AF057309.1,349,352,489,492,4,CCTC,CTCC
AF057309.1,171,174,477,480,4,CCTC,CTCC
AF057309.1,189,192,477,480,4,CCTC,CTCC
AF057309.1,84,87,187,190,4,CCTC,CTCC
AF057309.1,217,224,249,256,8,CGACGACT,TCAGCAGC
AF057309.1,96,98,328,330,3,CGG,GGC
AF057309.1,225,227,328,330,3,CGG,GGC
AF057309.1,309,312,488,491,4,CTCA,ACTC
AF057309.1,85,88,222,225,4,CTCA,ACTC
AF057309.1,207,210,222,225,4,CTCA,ACTC
AF057309.1,177,180,488,491,4,CTCA,ACTC
AF057309.1,85,88,240,243,4,CTCA,ACTC
AF057309.1,85,88,324,327,4,CTCA,ACTC
AF057309.1,177,180,324,327,4,CTCA,ACTC
AF057309.1,207,210,324,327,4,CTCA,ACTC
AF057309.1,429,432,488,491,4,CTCA,ACTC
AF057309.1,74,77,168,171,4,CTCA,ACTC
AF057309.1,74,77,488,491,4,CTCA,ACTC
AF057309.1,74,77,240,243,4,CTCA,ACTC
AF057309.1,169,174,169,174,6,CTCCTC,CTCCTC
AF057309.1,169,174,187,192,6,CTCCTC,CTCCTC
AF057309.1,187,192,187,192,6,CTCCTC,CTCCTC
AF057309.1,274,277,493,496,4,CTCC,CCTC
AF057309.1,483,486,493,496,4,CTCC,CCTC
AF057309.1,397,400,493,496,4,CTCC,CCTC
AF057309.1,408,411,493,496,4,CTCC,CCTC
AF057309.1,477,480,493,496,4,CTCC,CCTC
AF057309.1,274,277,349,352,4,CTCC,CCTC
AF057309.1,169,172,349,352,4,CTCC,CCTC
AF057309.1,187,190,493,496,4,CTCC,CCTC
AF057309.1,172,176,521,525,5,CTCGT,TGCTC
AF057309.1,190,194,521,525,5,CTCGT,TGCTC
AF057309.1,172,176,307,311,5,CTCGT,TGCTC
AF057309.1,190,194,307,311,5,CTCGT,TGCTC
AF057309.1,91,96,204,209,6,CTCTTC,CTTCTC
AF057309.1,350,354,427,431,5,CTCTT,TTCTC
AF057309.1,91,95,427,431,5,CTCTT,TTCTC
AF057309.1,45,49,205,209,5,CTCTT,TTCTC
AF057309.1,45,49,185,189,5,CTCTT,TTCTC
AF057309.1,241,244,476,479,4,CTCT,TCTC
AF057309.1,241,244,396,399,4,CTCT,TCTC
AF057309.1,241,244,474,477,4,CTCT,TCTC
AF057309.1,475,478,482,485,4,CTCT,TCTC
AF057309.1,91,94,176,179,4,CTCT,TCTC
AF057309.1,241,244,407,410,4,CTCT,TCTC
AF057309.1,350,353,474,477,4,CTCT,TCTC
AF057309.1,91,94,474,477,4,CTCT,TCTC
AF057309.1,45,48,176,179,4,CTCT,TCTC
AF057309.1,45,48,482,485,4,CTCT,TCTC
AF057309.1,45,48,476,479,4,CTCT,TCTC
AF057309.1,45,48,396,399,4,CTCT,TCTC
AF057309.1,85,87,494,496,3,CTC,CTC
AF057309.1,494,496,494,496,3,CTC,CTC
AF057309.1,489,491,489,491,3,CTC,CTC
AF057309.1,85,87,85,87,3,CTC,CTC
AF057309.1,169,171,489,491,3,CTC,CTC
AF057309.1,169,171,169,171,3,CTC,CTC
AF057309.1,74,76,494,496,3,CTC,CTC
AF057309.1,309,311,494,496,3,CTC,CTC
AF057309.1,74,76,85,87,3,CTC,CTC
AF057309.1,169,171,223,225,3,CTC,CTC
AF057309.1,169,171,325,327,3,CTC,CTC
AF057309.1,207,209,494,496,3,CTC,CTC
AF057309.1,177,179,494,496,3,CTC,CTC
AF057309.1,429,431,494,496,3,CTC,CTC
AF057309.1,169,171,241,243,3,CTC,CTC
AF057309.1,274,276,489,491,3,CTC,CTC
AF057309.1,85,87,172,174,3,CTC,CTC
AF057309.1,85,87,190,192,3,CTC,CTC
AF057309.1,177,179,190,192,3,CTC,CTC
AF057309.1,483,485,489,491,3,CTC,CTC
AF057309.1,85,87,91,93,3,CTC,CTC
AF057309.1,397,399,489,491,3,CTC,CTC
AF057309.1,408,410,489,491,3,CTC,CTC
AF057309.1,85,87,350,352,3,CTC,CTC
AF057309.1,477,479,489,491,3,CTC,CTC
AF057309.1,187,189,489,491,3,CTC,CTC
AF057309.1,74,76,91,93,3,CTC,CTC
AF057309.1,74,76,350,352,3,CTC,CTC
AF057309.1,309,311,350,352,3,CTC,CTC
AF057309.1,187,189,223,225,3,CTC,CTC
AF057309.1,187,189,325,327,3,CTC,CTC
AF057309.1,325,327,489,491,3,CTC,CTC
AF057309.1,223,225,489,491,3,CTC,CTC
AF057309.1,85,87,309,311,3,CTC,CTC
AF057309.1,85,87,523,525,3,CTC,CTC
AF057309.1,494,496,523,525,3,CTC,CTC
AF057309.1,325,327,325,327,3,CTC,CTC
AF057309.1,223,225,223,225,3,CTC,CTC
AF057309.1,223,225,325,327,3,CTC,CTC
AF057309.1,274,276,309,311,3,CTC,CTC
AF057309.1,74,76,309,311,3,CTC,CTC
AF057309.1,309,311,309,311,3,CTC,CTC
AF057309.1,74,76,74,76,3,CTC,CTC
AF057309.1,274,276,523,525,3,CTC,CTC
AF057309.1,74,76,523,525,3,CTC,CTC
AF057309.1,309,311,523,525,3,CTC,CTC
AF057309.1,523,525,523,525,3,CTC,CTC
AF057309.1,325,327,350,352,3,CTC,CTC
AF057309.1,223,225,350,352,3,CTC,CTC
AF057309.1,223,225,241,243,3,CTC,CTC
AF057309.1,187,189,309,311,3,CTC,CTC
AF057309.1,207,209,309,311,3,CTC,CTC
AF057309.1,177,179,309,311,3,CTC,CTC
AF057309.1,483,485,523,525,3,CTC,CTC
AF057309.1,397,399,523,525,3,CTC,CTC
AF057309.1,408,410,523,525,3,CTC,CTC
AF057309.1,477,479,523,525,3,CTC,CTC
AF057309.1,187,189,523,525,3,CTC,CTC
AF057309.1,207,209,523,525,3,CTC,CTC
AF057309.1,177,179,523,525,3,CTC,CTC
AF057309.1,429,431,523,525,3,CTC,CTC
AF057309.1,169,171,274,276,3,CTC,CTC
AF057309.1,172,174,494,496,3,CTC,CTC
AF057309.1,190,192,494,496,3,CTC,CTC
AF057309.1,274,276,274,276,3,CTC,CTC
AF057309.1,74,76,274,276,3,CTC,CTC
AF057309.1,172,174,172,174,3,CTC,CTC
AF057309.1,172,174,190,192,3,CTC,CTC
AF057309.1,172,174,223,225,3,CTC,CTC
AF057309.1,172,174,325,327,3,CTC,CTC
AF057309.1,190,192,190,192,3,CTC,CTC
AF057309.1,190,192,223,225,3,CTC,CTC
AF057309.1,190,192,325,327,3,CTC,CTC
AF057309.1,187,189,274,276,3,CTC,CTC
AF057309.1,207,209,274,276,3,CTC,CTC
AF057309.1,177,179,274,276,3,CTC,CTC
AF057309.1,172,174,350,352,3,CTC,CTC
AF057309.1,172,174,241,243,3,CTC,CTC
AF057309.1,190,192,350,352,3,CTC,CTC
AF057309.1,190,192,241,243,3,CTC,CTC
AF057309.1,241,243,274,276,3,CTC,CTC
AF057309.1,241,243,489,491,3,CTC,CTC
AF057309.1,172,174,177,179,3,CTC,CTC
AF057309.1,85,87,177,179,3,CTC,CTC
AF057309.1,172,174,207,209,3,CTC,CTC
AF057309.1,190,192,207,209,3,CTC,CTC
AF057309.1,85,87,207,209,3,CTC,CTC
AF057309.1,172,174,429,431,3,CTC,CTC
AF057309.1,190,192,429,431,3,CTC,CTC
AF057309.1,85,87,429,431,3,CTC,CTC
AF057309.1,241,243,325,327,3,CTC,CTC
AF057309.1,74,76,177,179,3,CTC,CTC
AF057309.1,74,76,207,209,3,CTC,CTC
AF057309.1,274,276,429,431,3,CTC,CTC
AF057309.1,74,76,429,431,3,CTC,CTC
AF057309.1,309,311,429,431,3,CTC,CTC
AF057309.1,241,243,350,352,3,CTC,CTC
AF057309.1,241,243,241,243,3,CTC,CTC
AF057309.1,177,179,177,179,3,CTC,CTC
AF057309.1,187,189,207,209,3,CTC,CTC
AF057309.1,207,209,207,209,3,CTC,CTC
AF057309.1,177,179,207,209,3,CTC,CTC
AF057309.1,397,399,429,431,3,CTC,CTC
AF057309.1,408,410,429,431,3,CTC,CTC
AF057309.1,187,189,429,431,3,CTC,CTC
AF057309.1,207,209,429,431,3,CTC,CTC
AF057309.1,177,179,429,431,3,CTC,CTC
AF057309.1,429,431,429,431,3,CTC,CTC
AF057309.1,325,327,397,399,3,CTC,CTC
AF057309.1,223,225,397,399,3,CTC,CTC
AF057309.1,169,171,397,399,3,CTC,CTC
AF057309.1,325,327,477,479,3,CTC,CTC
AF057309.1,223,225,477,479,3,CTC,CTC
AF057309.1,169,171,477,479,3,CTC,CTC
AF057309.1,325,327,483,485,3,CTC,CTC
AF057309.1,223,225,483,485,3,CTC,CTC
AF057309.1,169,171,483,485,3,CTC,CTC
AF057309.1,169,171,187,189,3,CTC,CTC
AF057309.1,350,352,523,525,3,CTC,CTC
AF057309.1,350,352,494,496,3,CTC,CTC
AF057309.1,91,93,309,311,3,CTC,CTC
AF057309.1,91,93,523,525,3,CTC,CTC
AF057309.1,91,93,494,496,3,CTC,CTC
AF057309.1,325,327,408,410,3,CTC,CTC
AF057309.1,223,225,408,410,3,CTC,CTC
AF057309.1,169,171,408,410,3,CTC,CTC
AF057309.1,274,276,397,399,3,CTC,CTC
AF057309.1,74,76,397,399,3,CTC,CTC
AF057309.1,309,311,397,399,3,CTC,CTC
AF057309.1,274,276,477,479,3,CTC,CTC
AF057309.1,74,76,477,479,3,CTC,CTC
AF057309.1,309,311,477,479,3,CTC,CTC
AF057309.1,274,276,483,485,3,CTC,CTC
AF057309.1,74,76,483,485,3,CTC,CTC
AF057309.1,309,311,483,485,3,CTC,CTC
AF057309.1,74,76,187,189,3,CTC,CTC
AF057309.1,91,93,172,174,3,CTC,CTC
AF057309.1,91,93,190,192,3,CTC,CTC
AF057309.1,91,93,223,225,3,CTC,CTC
AF057309.1,91,93,325,327,3,CTC,CTC
AF057309.1,274,276,408,410,3,CTC,CTC
AF057309.1,74,76,408,410,3,CTC,CTC
AF057309.1,309,311,408,410,3,CTC,CTC
AF057309.1,397,399,397,399,3,CTC,CTC
AF057309.1,187,189,397,399,3,CTC,CTC
AF057309.1,207,209,397,399,3,CTC,CTC
AF057309.1,177,179,397,399,3,CTC,CTC
AF057309.1,397,399,477,479,3,CTC,CTC
AF057309.1,408,410,477,479,3,CTC,CTC
AF057309.1,477,479,477,479,3,CTC,CTC
AF057309.1,187,189,477,479,3,CTC,CTC
AF057309.1,207,209,477,479,3,CTC,CTC
AF057309.1,177,179,477,479,3,CTC,CTC
AF057309.1,429,431,477,479,3,CTC,CTC
AF057309.1,483,485,483,485,3,CTC,CTC
AF057309.1,397,399,483,485,3,CTC,CTC
AF057309.1,408,410,483,485,3,CTC,CTC
AF057309.1,477,479,483,485,3,CTC,CTC
AF057309.1,187,189,483,485,3,CTC,CTC
AF057309.1,207,209,483,485,3,CTC,CTC
AF057309.1,177,179,483,485,3,CTC,CTC
AF057309.1,429,431,483,485,3,CTC,CTC
AF057309.1,187,189,187,189,3,CTC,CTC
AF057309.1,177,179,187,189,3,CTC,CTC
AF057309.1,350,352,350,352,3,CTC,CTC
AF057309.1,91,93,91,93,3,CTC,CTC
AF057309.1,91,93,350,352,3,CTC,CTC
AF057309.1,91,93,241,243,3,CTC,CTC
AF057309.1,397,399,408,410,3,CTC,CTC
AF057309.1,408,410,408,410,3,CTC,CTC
AF057309.1,187,189,408,410,3,CTC,CTC
AF057309.1,207,209,408,410,3,CTC,CTC
AF057309.1,177,179,408,410,3,CTC,CTC
AF057309.1,325,327,475,477,3,CTC,CTC
AF057309.1,223,225,475,477,3,CTC,CTC
AF057309.1,169,171,475,477,3,CTC,CTC
AF057309.1,475,477,523,525,3,CTC,CTC
AF057309.1,475,477,494,496,3,CTC,CTC
AF057309.1,45,47,309,311,3,CTC,CTC
AF057309.1,45,47,74,76,3,CTC,CTC
AF057309.1,45,47,523,525,3,CTC,CTC
AF057309.1,45,47,494,496,3,CTC,CTC
AF057309.1,45,47,85,87,3,CTC,CTC
AF057309.1,172,174,475,477,3,CTC,CTC
AF057309.1,190,192,475,477,3,CTC,CTC
AF057309.1,85,87,475,477,3,CTC,CTC
AF057309.1,475,477,489,491,3,CTC,CTC
AF057309.1,45,47,274,276,3,CTC,CTC
AF057309.1,45,47,489,491,3,CTC,CTC
AF057309.1,45,47,169,171,3,CTC,CTC
AF057309.1,274,276,475,477,3,CTC,CTC
AF057309.1,74,76,475,477,3,CTC,CTC
AF057309.1,309,311,475,477,3,CTC,CTC
AF057309.1,45,47,172,174,3,CTC,CTC
AF057309.1,45,47,190,192,3,CTC,CTC
AF057309.1,45,47,223,225,3,CTC,CTC
AF057309.1,45,47,325,327,3,CTC,CTC
AF057309.1,68,70,481,483,3,CTG,GTC
AF057309.1,68,70,360,362,3,CTG,GTC
AF057309.1,68,70,175,177,3,CTG,GTC
AF057309.1,68,70,112,114,3,CTG,GTC
AF057309.1,68,70,319,321,3,CTG,GTC
AF057309.1,243,245,319,321,3,CTG,GTC
AF057309.1,365,367,512,514,3,CTG,GTC
AF057309.1,184,190,349,355,7,CTTCTCC,CCTCTTC
AF057309.1,42,47,350,355,6,CTTCTC,CTCTTC
AF057309.1,42,47,91,96,6,CTTCTC,CTCTTC
AF057309.1,204,209,350,355,6,CTTCTC,CTCTTC
AF057309.1,42,46,134,138,5,CTTCT,TCTTC
AF057309.1,42,46,100,104,5,CTTCT,TCTTC
AF057309.1,101,105,351,355,5,CTTCT,TCTTC
AF057309.1,184,188,361,365,5,CTTCT,TCTTC
AF057309.1,42,46,361,365,5,CTTCT,TCTTC
AF057309.1,362,366,450,454,5,CTTCT,TCTTC
AF057309.1,204,208,450,454,5,CTTCT,TCTTC
AF057309.1,101,105,450,454,5,CTTCT,TCTTC
AF057309.1,184,188,203,207,5,CTTCT,TCTTC
AF057309.1,42,46,203,207,5,CTTCT,TCTTC
AF057309.1,135,138,301,304,4,CTTC,CTTC
AF057309.1,301,304,301,304,4,CTTC,CTTC
AF057309.1,336,339,336,339,4,CTTC,CTTC
AF057309.1,135,138,336,339,4,CTTC,CTTC
AF057309.1,93,96,301,304,4,CTTC,CTTC
AF057309.1,184,187,336,339,4,CTTC,CTTC
AF057309.1,42,45,336,339,4,CTTC,CTTC
AF057309.1,184,187,301,304,4,CTTC,CTTC
AF057309.1,42,45,301,304,4,CTTC,CTTC
AF057309.1,336,339,451,454,4,CTTC,CTTC
AF057309.1,184,187,184,187,4,CTTC,CTTC
AF057309.1,42,45,42,45,4,CTTC,CTTC
AF057309.1,42,45,184,187,4,CTTC,CTTC
AF057309.1,93,96,451,454,4,CTTC,CTTC
AF057309.1,352,355,451,454,4,CTTC,CTTC
AF057309.1,135,138,451,454,4,CTTC,CTTC
AF057309.1,451,454,451,454,4,CTTC,CTTC
AF057309.1,301,304,352,355,4,CTTC,CTTC
AF057309.1,336,339,352,355,4,CTTC,CTTC
AF057309.1,93,96,135,138,4,CTTC,CTTC
AF057309.1,135,138,135,138,4,CTTC,CTTC
AF057309.1,93,96,352,355,4,CTTC,CTTC
AF057309.1,352,355,352,355,4,CTTC,CTTC
AF057309.1,135,138,352,355,4,CTTC,CTTC
AF057309.1,93,96,93,96,4,CTTC,CTTC
AF057309.1,301,304,362,365,4,CTTC,CTTC
AF057309.1,101,104,336,339,4,CTTC,CTTC
AF057309.1,204,207,336,339,4,CTTC,CTTC
AF057309.1,101,104,301,304,4,CTTC,CTTC
AF057309.1,204,207,301,304,4,CTTC,CTTC
AF057309.1,336,339,362,365,4,CTTC,CTTC
AF057309.1,403,408,403,408,6,CTTTTC,CTTTTC
AF057309.1,47,52,47,52,6,CTTTTC,CTTTTC
AF057309.1,370,375,466,471,6,CTTTTT,TTTTTC
AF057309.1,370,375,446,451,6,CTTTTT,TTTTTC
AF057309.1,378,383,446,451,6,CTTTTT,TTTTTC
AF057309.1,370,374,404,408,5,CTTTT,TTTTC
AF057309.1,403,407,467,471,5,CTTTT,TTTTC
AF057309.1,378,382,404,408,5,CTTTT,TTTTC
AF057309.1,47,51,467,471,5,CTTTT,TTTTC
AF057309.1,47,51,372,376,5,CTTTT,TTTTC
AF057309.1,403,407,447,451,5,CTTTT,TTTTC
AF057309.1,403,406,426,429,4,CTTT,TTTC
AF057309.1,370,373,426,429,4,CTTT,TTTC
AF057309.1,378,381,426,429,4,CTTT,TTTC
AF057309.1,79,82,468,471,4,CTTT,TTTC
AF057309.1,79,82,373,376,4,CTTT,TTTC
AF057309.1,79,82,405,408,4,CTTT,TTTC
AF057309.1,79,82,142,145,4,CTTT,TTTC
AF057309.1,79,82,448,451,4,CTTT,TTTC
AF057309.1,79,82,426,429,4,CTTT,TTTC
AF057309.1,184,186,202,204,3,CTT,TTC
AF057309.1,42,44,202,204,3,CTT,TTC
AF057309.1,93,95,129,131,3,CTT,TTC
AF057309.1,101,103,129,131,3,CTT,TTC
AF057309.1,42,44,164,166,3,CTT,TTC
AF057309.1,79,81,129,131,3,CTT,TTC
AF057309.1,79,81,452,454,3,CTT,TTC
AF057309.1,79,81,302,304,3,CTT,TTC
AF057309.1,79,81,94,96,3,CTT,TTC
AF057309.1,79,81,164,166,3,CTT,TTC
AF057309.1,79,81,185,187,3,CTT,TTC
AF057309.1,79,81,102,104,3,CTT,TTC
AF057309.1,79,81,363,365,3,CTT,TTC
AF057309.1,79,81,205,207,3,CTT,TTC
AF057309.1,79,81,202,204,3,CTT,TTC
AF057309.1,378,380,452,454,3,CTT,TTC
AF057309.1,301,303,469,471,3,CTT,TTC
AF057309.1,184,186,469,471,3,CTT,TTC
AF057309.1,42,44,469,471,3,CTT,TTC
AF057309.1,301,303,374,376,3,CTT,TTC
AF057309.1,184,186,374,376,3,CTT,TTC
AF057309.1,42,44,374,376,3,CTT,TTC
AF057309.1,451,453,469,471,3,CTT,TTC
AF057309.1,352,354,469,471,3,CTT,TTC
AF057309.1,135,137,469,471,3,CTT,TTC
AF057309.1,93,95,469,471,3,CTT,TTC
AF057309.1,101,103,469,471,3,CTT,TTC
AF057309.1,204,206,469,471,3,CTT,TTC
AF057309.1,362,364,469,471,3,CTT,TTC
AF057309.1,352,354,374,376,3,CTT,TTC
AF057309.1,135,137,374,376,3,CTT,TTC
AF057309.1,93,95,374,376,3,CTT,TTC
AF057309.1,101,103,374,376,3,CTT,TTC
AF057309.1,204,206,374,376,3,CTT,TTC
AF057309.1,362,364,374,376,3,CTT,TTC
AF057309.1,301,303,427,429,3,CTT,TTC
AF057309.1,184,186,427,429,3,CTT,TTC
AF057309.1,42,44,427,429,3,CTT,TTC
AF057309.1,301,303,406,408,3,CTT,TTC
AF057309.1,184,186,406,408,3,CTT,TTC
AF057309.1,42,44,406,408,3,CTT,TTC
AF057309.1,47,49,129,131,3,CTT,TTC
AF057309.1,47,49,452,454,3,CTT,TTC
AF057309.1,47,49,55,57,3,CTT,TTC
AF057309.1,42,44,143,145,3,CTT,TTC
AF057309.1,301,303,449,451,3,CTT,TTC
AF057309.1,184,186,449,451,3,CTT,TTC
AF057309.1,42,44,449,451,3,CTT,TTC
AF057309.1,47,49,337,339,3,CTT,TTC
AF057309.1,47,49,136,138,3,CTT,TTC
AF057309.1,47,49,353,355,3,CTT,TTC
AF057309.1,336,338,427,429,3,CTT,TTC
AF057309.1,336,338,406,408,3,CTT,TTC
AF057309.1,47,49,302,304,3,CTT,TTC
AF057309.1,47,49,94,96,3,CTT,TTC
AF057309.1,336,338,449,451,3,CTT,TTC
AF057309.1,218,220,343,345,3,GAC,CAG
AF057309.1,125,127,343,345,3,GAC,CAG
AF057309.1,218,220,311,313,3,GAC,CAG
AF057309.1,125,127,311,313,3,GAC,CAG
AF057309.1,221,223,343,345,3,GAC,CAG
AF057309.1,125,127,250,252,3,GAC,CAG
AF057309.1,182,184,343,345,3,GAC,CAG
AF057309.1,182,184,253,255,3,GAC,CAG
AF057309.1,182,184,285,287,3,GAC,CAG
AF057309.1,125,127,179,181,3,GAC,CAG
AF057309.1,239,241,343,345,3,GAC,CAG
AF057309.1,299,301,343,345,3,GAC,CAG
AF057309.1,239,241,253,255,3,GAC,CAG
AF057309.1,239,241,285,287,3,GAC,CAG
AF057309.1,266,268,266,268,3,GAG,GAG
AF057309.1,245,247,266,268,3,GAG,GAG
AF057309.1,245,247,245,247,3,GAG,GAG
AF057309.1,215,217,439,441,3,GCC,CCG
AF057309.1,348,350,439,441,3,GCC,CCG
AF057309.1,329,331,339,341,3,GCC,CCG
AF057309.1,215,217,339,341,3,GCC,CCG
AF057309.1,83,85,216,218,3,GCC,CCG
AF057309.1,83,85,439,441,3,GCC,CCG
AF057309.1,329,331,479,481,3,GCC,CCG
AF057309.1,294,296,294,296,3,GCG,GCG
AF057309.1,308,312,324,328,5,GCTCA,ACTCG
AF057309.1,73,77,324,328,5,GCTCA,ACTCG
AF057309.1,73,77,222,226,5,GCTCA,ACTCG
AF057309.1,377,384,465,472,8,GCTTTTTA,ATTTTTCG
AF057309.1,97,99,180,182,3,GGA,AGG
AF057309.1,260,262,440,442,3,GGC,CGG
AF057309.1,272,274,440,442,3,GGC,CGG
AF057309.1,226,228,226,228,3,GGG,GGG
AF057309.1,441,443,547,549,3,GGT,TGG
AF057309.1,417,424,417,424,8,GTACCATG,GTACCATG
AF057309.1,360,367,360,367,8,GTCTTCTG,GTCTTCTG
AF057309.1,112,114,243,245,3,GTC,CTG
AF057309.1,30,32,365,367,3,GTC,CTG
AF057309.1,112,114,365,367,3,GTC,CTG
AF057309.1,319,321,365,367,3,GTC,CTG
AF057309.1,292,294,386,388,3,GTG,GTG
AF057309.1,195,197,195,197,3,GTG,GTG
AF057309.1,292,294,459,461,3,GTG,GTG
AF057309.1,195,197,459,461,3,GTG,GTG
AF057309.1,459,461,459,461,3,GTG,GTG
AF057309.1,193,195,386,388,3,GTG,GTG
AF057309.1,292,294,292,294,3,GTG,GTG
AF057309.1,195,197,292,294,3,GTG,GTG
AF057309.1,193,195,193,195,3,GTG,GTG
AF057309.1,386,388,442,444,3,GTG,GTG
AF057309.1,193,195,442,444,3,GTG,GTG
AF057309.1,442,444,442,444,3,GTG,GTG
AF057309.1,119,124,231,236,6,GTTTTT,TTTTTG
AF057309.1,140,143,414,417,4,GTTT,TTTG
AF057309.1,140,143,456,459,4,GTTT,TTTG
AF057309.1,140,143,501,504,4,GTTT,TTTG
AF057309.1,119,122,414,417,4,GTTT,TTTG
AF057309.1,119,122,456,459,4,GTTT,TTTG
AF057309.1,119,122,501,504,4,GTTT,TTTG
AF057309.1,128,130,234,236,3,GTT,TTG
AF057309.1,163,165,234,236,3,GTT,TTG
AF057309.1,59,61,213,215,3,GTT,TTG
AF057309.1,59,61,81,83,3,GTT,TTG
AF057309.1,163,165,213,215,3,GTT,TTG
AF057309.1,59,61,415,417,3,GTT,TTG
AF057309.1,59,61,457,459,3,GTT,TTG
AF057309.1,59,61,502,504,3,GTT,TTG
AF057309.1,128,130,415,417,3,GTT,TTG
AF057309.1,128,130,457,459,3,GTT,TTG
AF057309.1,128,130,502,504,3,GTT,TTG
AF057309.1,59,61,520,522,3,GTT,TTG
AF057309.1,444,446,520,522,3,GTT,TTG
AF057309.1,163,165,520,522,3,GTT,TTG
AF057309.1,499,503,516,520,5,TATTT,TTTAT
AF057309.1,499,503,529,533,5,TATTT,TTTAT
AF057309.1,464,468,529,533,5,TATTT,TTTAT
AF057309.1,178,185,178,185,8,TCAGGACT,TCAGGACT
AF057309.1,75,77,402,404,3,TCA,ACT
AF057309.1,3,5,488,490,3,TCA,ACT
AF057309.1,18,20,488,490,3,TCA,ACT
AF057309.1,249,251,488,490,3,TCA,ACT
AF057309.1,249,251,402,404,3,TCA,ACT
AF057309.1,310,312,402,404,3,TCA,ACT
AF057309.1,3,5,222,224,3,TCA,ACT
AF057309.1,18,20,222,224,3,TCA,ACT
AF057309.1,130,132,222,224,3,TCA,ACT
AF057309.1,51,53,222,224,3,TCA,ACT
AF057309.1,178,180,402,404,3,TCA,ACT
AF057309.1,3,5,240,242,3,TCA,ACT
AF057309.1,18,20,240,242,3,TCA,ACT
AF057309.1,130,132,240,242,3,TCA,ACT
AF057309.1,51,53,240,242,3,TCA,ACT
AF057309.1,75,77,183,185,3,TCA,ACT
AF057309.1,86,88,183,185,3,TCA,ACT
AF057309.1,75,77,369,371,3,TCA,ACT
AF057309.1,86,88,369,371,3,TCA,ACT
AF057309.1,208,210,369,371,3,TCA,ACT
AF057309.1,75,77,300,302,3,TCA,ACT
AF057309.1,86,88,300,302,3,TCA,ACT
AF057309.1,208,210,300,302,3,TCA,ACT
AF057309.1,56,58,488,490,3,TCA,ACT
AF057309.1,249,251,324,326,3,TCA,ACT
AF057309.1,56,58,324,326,3,TCA,ACT
AF057309.1,3,5,324,326,3,TCA,ACT
AF057309.1,18,20,324,326,3,TCA,ACT
AF057309.1,130,132,324,326,3,TCA,ACT
AF057309.1,51,53,324,326,3,TCA,ACT
AF057309.1,56,58,168,170,3,TCA,ACT
AF057309.1,3,5,168,170,3,TCA,ACT
AF057309.1,18,20,168,170,3,TCA,ACT
AF057309.1,130,132,168,170,3,TCA,ACT
AF057309.1,51,53,168,170,3,TCA,ACT
AF057309.1,453,455,488,490,3,TCA,ACT
AF057309.1,144,147,395,398,4,TCTA,ATCT
AF057309.1,103,106,395,398,4,TCTA,ATCT
AF057309.1,165,168,395,398,4,TCTA,ATCT
AF057309.1,144,147,473,476,4,TCTA,ATCT
AF057309.1,103,106,473,476,4,TCTA,ATCT
AF057309.1,165,168,473,476,4,TCTA,ATCT
AF057309.1,37,40,473,476,4,TCTA,ATCT
AF057309.1,144,147,532,535,4,TCTA,ATCT
AF057309.1,103,106,532,535,4,TCTA,ATCT
AF057309.1,165,168,532,535,4,TCTA,ATCT
AF057309.1,37,40,532,535,4,TCTA,ATCT
AF057309.1,176,179,350,353,4,TCTC,CTCT
AF057309.1,186,189,241,244,4,TCTC,CTCT
AF057309.1,396,399,475,478,4,TCTC,CTCT
AF057309.1,176,179,475,478,4,TCTC,CTCT
AF057309.1,407,410,475,478,4,TCTC,CTCT
AF057309.1,186,189,475,478,4,TCTC,CTCT
AF057309.1,206,209,475,478,4,TCTC,CTCT
AF057309.1,428,431,475,478,4,TCTC,CTCT
AF057309.1,44,47,241,244,4,TCTC,CTCT
AF057309.1,100,105,361,366,6,TCTTCT,TCTTCT
AF057309.1,203,208,203,208,6,TCTTCT,TCTTCT
AF057309.1,100,105,203,208,6,TCTTCT,TCTTCT
AF057309.1,203,208,361,366,6,TCTTCT,TCTTCT
AF057309.1,134,138,184,188,5,TCTTC,CTTCT
AF057309.1,100,104,184,188,5,TCTTC,CTTCT
AF057309.1,134,138,204,208,5,TCTTC,CTTCT
AF057309.1,134,138,362,366,5,TCTTC,CTTCT
AF057309.1,351,355,362,366,5,TCTTC,CTTCT
AF057309.1,92,96,101,105,5,TCTTC,CTTCT
AF057309.1,92,96,362,366,5,TCTTC,CTTCT
AF057309.1,46,51,141,146,6,TCTTTT,TTTTCT
AF057309.1,46,51,447,452,6,TCTTTT,TTTTCT
AF057309.1,134,137,202,205,4,TCTT,TTCT
AF057309.1,100,103,202,205,4,TCTT,TTCT
AF057309.1,92,95,202,205,4,TCTT,TTCT
AF057309.1,92,95,143,146,4,TCTT,TTCT
AF057309.1,134,137,427,430,4,TCTT,TTCT
AF057309.1,100,103,427,430,4,TCTT,TTCT
AF057309.1,134,137,406,409,4,TCTT,TTCT
AF057309.1,100,103,406,409,4,TCTT,TTCT
AF057309.1,46,49,102,105,4,TCTT,TTCT
AF057309.1,361,364,427,430,4,TCTT,TTCT
AF057309.1,361,364,406,409,4,TCTT,TTCT
AF057309.1,46,49,363,366,4,TCTT,TTCT
AF057309.1,203,206,427,430,4,TCTT,TTCT
AF057309.1,203,206,406,409,4,TCTT,TTCT
AF057309.1,46,49,202,205,4,TCTT,TTCT
AF057309.1,134,137,449,452,4,TCTT,TTCT
AF057309.1,100,103,449,452,4,TCTT,TTCT
AF057309.1,351,354,449,452,4,TCTT,TTCT
AF057309.1,92,95,449,452,4,TCTT,TTCT
AF057309.1,361,364,449,452,4,TCTT,TTCT
AF057309.1,46,49,164,167,4,TCTT,TTCT
AF057309.1,92,95,164,167,4,TCTT,TTCT
AF057309.1,396,398,396,398,3,TCT,TCT
AF057309.1,396,398,474,476,3,TCT,TCT
AF057309.1,474,476,474,476,3,TCT,TCT
AF057309.1,476,478,533,535,3,TCT,TCT
AF057309.1,37,39,476,478,3,TCT,TCT
AF057309.1,144,146,476,478,3,TCT,TCT
AF057309.1,103,105,476,478,3,TCT,TCT
AF057309.1,165,167,476,478,3,TCT,TCT
AF057309.1,176,178,533,535,3,TCT,TCT
AF057309.1,482,484,533,535,3,TCT,TCT
AF057309.1,176,178,396,398,3,TCT,TCT
AF057309.1,176,178,474,476,3,TCT,TCT
AF057309.1,37,39,242,244,3,TCT,TCT
AF057309.1,144,146,242,244,3,TCT,TCT
AF057309.1,103,105,242,244,3,TCT,TCT
AF057309.1,165,167,242,244,3,TCT,TCT
AF057309.1,206,208,533,535,3,TCT,TCT
AF057309.1,428,430,533,535,3,TCT,TCT
AF057309.1,407,409,533,535,3,TCT,TCT
AF057309.1,186,188,533,535,3,TCT,TCT
AF057309.1,44,46,533,535,3,TCT,TCT
AF057309.1,206,208,396,398,3,TCT,TCT
AF057309.1,206,208,474,476,3,TCT,TCT
AF057309.1,428,430,474,476,3,TCT,TCT
AF057309.1,407,409,474,476,3,TCT,TCT
AF057309.1,186,188,396,398,3,TCT,TCT
AF057309.1,186,188,474,476,3,TCT,TCT
AF057309.1,44,46,396,398,3,TCT,TCT
AF057309.1,44,46,474,476,3,TCT,TCT
AF057309.1,242,244,533,535,3,TCT,TCT
AF057309.1,396,398,482,484,3,TCT,TCT
AF057309.1,474,476,482,484,3,TCT,TCT
AF057309.1,242,244,242,244,3,TCT,TCT
AF057309.1,176,178,482,484,3,TCT,TCT
AF057309.1,482,484,482,484,3,TCT,TCT
AF057309.1,176,178,176,178,3,TCT,TCT
AF057309.1,242,244,351,353,3,TCT,TCT
AF057309.1,206,208,482,484,3,TCT,TCT
AF057309.1,428,430,482,484,3,TCT,TCT
AF057309.1,407,409,482,484,3,TCT,TCT
AF057309.1,186,188,482,484,3,TCT,TCT
AF057309.1,44,46,482,484,3,TCT,TCT
AF057309.1,37,39,482,484,3,TCT,TCT
AF057309.1,144,146,482,484,3,TCT,TCT
AF057309.1,103,105,482,484,3,TCT,TCT
AF057309.1,165,167,482,484,3,TCT,TCT
AF057309.1,44,46,176,178,3,TCT,TCT
AF057309.1,37,39,176,178,3,TCT,TCT
AF057309.1,144,146,176,178,3,TCT,TCT
AF057309.1,103,105,176,178,3,TCT,TCT
AF057309.1,165,167,176,178,3,TCT,TCT
AF057309.1,364,366,533,535,3,TCT,TCT
AF057309.1,364,366,476,478,3,TCT,TCT
AF057309.1,364,366,396,398,3,TCT,TCT
AF057309.1,364,366,474,476,3,TCT,TCT
AF057309.1,176,178,361,363,3,TCT,TCT
AF057309.1,134,136,482,484,3,TCT,TCT
AF057309.1,134,136,176,178,3,TCT,TCT
AF057309.1,134,136,476,478,3,TCT,TCT
AF057309.1,134,136,396,398,3,TCT,TCT
AF057309.1,134,136,474,476,3,TCT,TCT
AF057309.1,100,102,482,484,3,TCT,TCT
AF057309.1,100,102,176,178,3,TCT,TCT
AF057309.1,100,102,476,478,3,TCT,TCT
AF057309.1,100,102,396,398,3,TCT,TCT
AF057309.1,100,102,474,476,3,TCT,TCT
AF057309.1,134,136,242,244,3,TCT,TCT
AF057309.1,100,102,242,244,3,TCT,TCT
AF057309.1,37,39,37,39,3,TCT,TCT
AF057309.1,134,136,361,363,3,TCT,TCT
AF057309.1,134,136,351,353,3,TCT,TCT
AF057309.1,134,136,134,136,3,TCT,TCT
AF057309.1,100,102,361,363,3,TCT,TCT
AF057309.1,100,102,351,353,3,TCT,TCT
AF057309.1,100,102,134,136,3,TCT,TCT
AF057309.1,100,102,100,102,3,TCT,TCT
AF057309.1,44,46,103,105,3,TCT,TCT
AF057309.1,37,39,103,105,3,TCT,TCT
AF057309.1,103,105,103,105,3,TCT,TCT
AF057309.1,44,46,165,167,3,TCT,TCT
AF057309.1,37,39,165,167,3,TCT,TCT
AF057309.1,144,146,165,167,3,TCT,TCT
AF057309.1,103,105,165,167,3,TCT,TCT
AF057309.1,165,167,165,167,3,TCT,TCT
AF057309.1,44,46,144,146,3,TCT,TCT
AF057309.1,37,39,144,146,3,TCT,TCT
AF057309.1,144,146,144,146,3,TCT,TCT
AF057309.1,103,105,144,146,3,TCT,TCT
AF057309.1,351,353,533,535,3,TCT,TCT
AF057309.1,92,94,533,535,3,TCT,TCT
AF057309.1,396,398,428,430,3,TCT,TCT
AF057309.1,396,398,407,409,3,TCT,TCT
AF057309.1,46,48,533,535,3,TCT,TCT
AF057309.1,176,178,186,188,3,TCT,TCT
AF057309.1,92,94,242,244,3,TCT,TCT
AF057309.1,176,178,206,208,3,TCT,TCT
AF057309.1,176,178,428,430,3,TCT,TCT
AF057309.1,176,178,407,409,3,TCT,TCT
AF057309.1,46,48,242,244,3,TCT,TCT
AF057309.1,44,46,44,46,3,TCT,TCT
AF057309.1,37,39,44,46,3,TCT,TCT
AF057309.1,186,188,186,188,3,TCT,TCT
AF057309.1,44,46,186,188,3,TCT,TCT
AF057309.1,37,39,186,188,3,TCT,TCT
AF057309.1,144,146,186,188,3,TCT,TCT
AF057309.1,103,105,186,188,3,TCT,TCT
AF057309.1,165,167,186,188,3,TCT,TCT
AF057309.1,351,353,361,363,3,TCT,TCT
AF057309.1,351,353,351,353,3,TCT,TCT
AF057309.1,92,94,361,363,3,TCT,TCT
AF057309.1,92,94,92,94,3,TCT,TCT
AF057309.1,92,94,351,353,3,TCT,TCT
AF057309.1,92,94,134,136,3,TCT,TCT
AF057309.1,92,94,100,102,3,TCT,TCT
AF057309.1,206,208,206,208,3,TCT,TCT
AF057309.1,186,188,206,208,3,TCT,TCT
AF057309.1,44,46,206,208,3,TCT,TCT
AF057309.1,37,39,206,208,3,TCT,TCT
AF057309.1,144,146,206,208,3,TCT,TCT
AF057309.1,103,105,206,208,3,TCT,TCT
AF057309.1,165,167,206,208,3,TCT,TCT
AF057309.1,364,366,428,430,3,TCT,TCT
AF057309.1,206,208,428,430,3,TCT,TCT
AF057309.1,428,430,428,430,3,TCT,TCT
AF057309.1,407,409,428,430,3,TCT,TCT
AF057309.1,186,188,428,430,3,TCT,TCT
AF057309.1,44,46,428,430,3,TCT,TCT
AF057309.1,37,39,428,430,3,TCT,TCT
AF057309.1,144,146,428,430,3,TCT,TCT
AF057309.1,103,105,428,430,3,TCT,TCT
AF057309.1,165,167,428,430,3,TCT,TCT
AF057309.1,364,366,407,409,3,TCT,TCT
AF057309.1,206,208,407,409,3,TCT,TCT
AF057309.1,407,409,407,409,3,TCT,TCT
AF057309.1,186,188,407,409,3,TCT,TCT
AF057309.1,44,46,407,409,3,TCT,TCT
AF057309.1,37,39,407,409,3,TCT,TCT
AF057309.1,144,146,407,409,3,TCT,TCT
AF057309.1,103,105,407,409,3,TCT,TCT
AF057309.1,165,167,407,409,3,TCT,TCT
AF057309.1,46,48,361,363,3,TCT,TCT
AF057309.1,46,48,92,94,3,TCT,TCT
AF057309.1,46,48,351,353,3,TCT,TCT
AF057309.1,46,48,46,48,3,TCT,TCT
AF057309.1,46,48,134,136,3,TCT,TCT
AF057309.1,46,48,100,102,3,TCT,TCT
AF057309.1,361,363,533,535,3,TCT,TCT
AF057309.1,242,244,364,366,3,TCT,TCT
AF057309.1,361,363,482,484,3,TCT,TCT
AF057309.1,361,363,476,478,3,TCT,TCT
AF057309.1,361,363,396,398,3,TCT,TCT
AF057309.1,361,363,474,476,3,TCT,TCT
AF057309.1,364,366,364,366,3,TCT,TCT
AF057309.1,206,208,364,366,3,TCT,TCT
AF057309.1,186,188,364,366,3,TCT,TCT
AF057309.1,44,46,364,366,3,TCT,TCT
AF057309.1,37,39,364,366,3,TCT,TCT
AF057309.1,144,146,364,366,3,TCT,TCT
AF057309.1,103,105,364,366,3,TCT,TCT
AF057309.1,165,167,364,366,3,TCT,TCT
AF057309.1,361,363,361,363,3,TCT,TCT
AF057309.1,450,452,533,535,3,TCT,TCT
AF057309.1,203,205,533,535,3,TCT,TCT
AF057309.1,396,398,450,452,3,TCT,TCT
AF057309.1,450,452,482,484,3,TCT,TCT
AF057309.1,450,452,476,478,3,TCT,TCT
AF057309.1,450,452,474,476,3,TCT,TCT
AF057309.1,203,205,482,484,3,TCT,TCT
AF057309.1,203,205,476,478,3,TCT,TCT
AF057309.1,203,205,396,398,3,TCT,TCT
AF057309.1,203,205,474,476,3,TCT,TCT
AF057309.1,242,244,450,452,3,TCT,TCT
AF057309.1,176,178,203,205,3,TCT,TCT
AF057309.1,203,205,242,244,3,TCT,TCT
AF057309.1,176,178,450,452,3,TCT,TCT
AF057309.1,238,240,385,387,3,TGA,AGT
AF057309.1,298,300,385,387,3,TGA,AGT
AF057309.1,124,126,385,387,3,TGA,AGT
AF057309.1,315,317,385,387,3,TGA,AGT
AF057309.1,238,240,511,513,3,TGA,AGT
AF057309.1,298,300,511,513,3,TGA,AGT
AF057309.1,196,198,511,513,3,TGA,AGT
AF057309.1,69,71,385,387,3,TGA,AGT
AF057309.1,124,126,511,513,3,TGA,AGT
AF057309.1,61,63,385,387,3,TGA,AGT
AF057309.1,235,237,385,387,3,TGA,AGT
AF057309.1,244,246,385,387,3,TGA,AGT
AF057309.1,72,76,172,176,5,TGCTC,CTCGT
AF057309.1,72,76,190,194,5,TGCTC,CTCGT
AF057309.1,366,368,441,443,3,TGG,GGT
AF057309.1,366,368,548,550,3,TGG,GGT
AF057309.1,2,5,41,44,4,TTCA,ACTT
AF057309.1,17,20,41,44,4,TTCA,ACTT
AF057309.1,2,5,402,405,4,TTCA,ACTT
AF057309.1,17,20,402,405,4,TTCA,ACTT
AF057309.1,55,58,402,405,4,TTCA,ACTT
AF057309.1,2,5,183,186,4,TTCA,ACTT
AF057309.1,17,20,183,186,4,TTCA,ACTT
AF057309.1,2,5,300,303,4,TTCA,ACTT
AF057309.1,17,20,300,303,4,TTCA,ACTT
AF057309.1,129,132,183,186,4,TTCA,ACTT
AF057309.1,129,132,300,303,4,TTCA,ACTT
AF057309.1,50,53,183,186,4,TTCA,ACTT
AF057309.1,50,53,300,303,4,TTCA,ACTT
AF057309.1,2,5,369,372,4,TTCA,ACTT
AF057309.1,17,20,369,372,4,TTCA,ACTT
AF057309.1,129,132,369,372,4,TTCA,ACTT
AF057309.1,36,39,92,95,4,TTCT,TCTT
AF057309.1,36,39,351,354,4,TTCT,TCTT
AF057309.1,164,167,351,354,4,TTCT,TCTT
AF057309.1,143,146,351,354,4,TTCT,TCTT
AF057309.1,36,39,46,49,4,TTCT,TCTT
AF057309.1,36,39,361,364,4,TTCT,TCTT
AF057309.1,164,167,361,364,4,TTCT,TCTT
AF057309.1,143,146,361,364,4,TTCT,TCTT
AF057309.1,202,205,361,364,4,TTCT,TCTT
AF057309.1,202,205,351,354,4,TTCT,TCTT
AF057309.1,36,39,203,206,4,TTCT,TCTT
AF057309.1,36,39,450,453,4,TTCT,TCTT
AF057309.1,164,167,203,206,4,TTCT,TCTT
AF057309.1,164,167,450,453,4,TTCT,TCTT
AF057309.1,143,146,203,206,4,TTCT,TCTT
AF057309.1,427,430,450,453,4,TTCT,TCTT
AF057309.1,406,409,450,453,4,TTCT,TCTT
AF057309.1,143,146,450,453,4,TTCT,TCTT
AF057309.1,353,355,403,405,3,TTC,CTT
AF057309.1,353,355,370,372,3,TTC,CTT
AF057309.1,337,339,403,405,3,TTC,CTT
AF057309.1,337,339,370,372,3,TTC,CTT
AF057309.1,136,138,403,405,3,TTC,CTT
AF057309.1,136,138,370,372,3,TTC,CTT
AF057309.1,2,4,79,81,3,TTC,CTT
AF057309.1,17,19,79,81,3,TTC,CTT
AF057309.1,55,57,79,81,3,TTC,CTT
AF057309.1,2,4,515,517,3,TTC,CTT
AF057309.1,17,19,515,517,3,TTC,CTT
AF057309.1,55,57,515,517,3,TTC,CTT
AF057309.1,452,454,515,517,3,TTC,CTT
AF057309.1,129,131,515,517,3,TTC,CTT
AF057309.1,2,4,336,338,3,TTC,CTT
AF057309.1,17,19,336,338,3,TTC,CTT
AF057309.1,55,57,336,338,3,TTC,CTT
AF057309.1,129,131,336,338,3,TTC,CTT
AF057309.1,302,304,515,517,3,TTC,CTT
AF057309.1,302,304,403,405,3,TTC,CTT
AF057309.1,302,304,370,372,3,TTC,CTT
AF057309.1,94,96,515,517,3,TTC,CTT
AF057309.1,94,96,403,405,3,TTC,CTT
AF057309.1,94,96,370,372,3,TTC,CTT
AF057309.1,50,52,336,338,3,TTC,CTT
AF057309.1,2,4,378,380,3,TTC,CTT
AF057309.1,17,19,378,380,3,TTC,CTT
AF057309.1,55,57,378,380,3,TTC,CTT
AF057309.1,353,355,378,380,3,TTC,CTT
AF057309.1,337,339,378,380,3,TTC,CTT
AF057309.1,136,138,378,380,3,TTC,CTT
AF057309.1,129,131,378,380,3,TTC,CTT
AF057309.1,36,38,336,338,3,TTC,CTT
AF057309.1,36,38,42,44,3,TTC,CTT
AF057309.1,36,38,184,186,3,TTC,CTT
AF057309.1,36,38,301,303,3,TTC,CTT
AF057309.1,202,204,336,338,3,TTC,CTT
AF057309.1,202,204,301,303,3,TTC,CTT
AF057309.1,36,38,378,380,3,TTC,CTT
AF057309.1,36,38,79,81,3,TTC,CTT
AF057309.1,36,38,515,517,3,TTC,CTT
AF057309.1,36,38,403,405,3,TTC,CTT
AF057309.1,36,38,370,372,3,TTC,CTT
AF057309.1,202,204,378,380,3,TTC,CTT
AF057309.1,202,204,515,517,3,TTC,CTT
AF057309.1,202,204,403,405,3,TTC,CTT
AF057309.1,202,204,370,372,3,TTC,CTT
AF057309.1,2,4,135,137,3,TTC,CTT
AF057309.1,17,19,135,137,3,TTC,CTT
AF057309.1,55,57,135,137,3,TTC,CTT
AF057309.1,2,4,101,103,3,TTC,CTT
AF057309.1,17,19,101,103,3,TTC,CTT
AF057309.1,55,57,101,103,3,TTC,CTT
AF057309.1,2,4,93,95,3,TTC,CTT
AF057309.1,17,19,93,95,3,TTC,CTT
AF057309.1,55,57,93,95,3,TTC,CTT
AF057309.1,2,4,352,354,3,TTC,CTT
AF057309.1,17,19,352,354,3,TTC,CTT
AF057309.1,55,57,352,354,3,TTC,CTT
AF057309.1,2,4,362,364,3,TTC,CTT
AF057309.1,17,19,362,364,3,TTC,CTT
AF057309.1,55,57,362,364,3,TTC,CTT
AF057309.1,2,4,204,206,3,TTC,CTT
AF057309.1,17,19,204,206,3,TTC,CTT
AF057309.1,55,57,204,206,3,TTC,CTT
AF057309.1,2,4,451,453,3,TTC,CTT
AF057309.1,17,19,451,453,3,TTC,CTT
AF057309.1,55,57,451,453,3,TTC,CTT
AF057309.1,129,131,135,137,3,TTC,CTT
AF057309.1,129,131,352,354,3,TTC,CTT
AF057309.1,129,131,362,364,3,TTC,CTT
AF057309.1,129,131,204,206,3,TTC,CTT
AF057309.1,129,131,451,453,3,TTC,CTT
AF057309.1,50,52,135,137,3,TTC,CTT
AF057309.1,102,104,378,380,3,TTC,CTT
AF057309.1,102,104,515,517,3,TTC,CTT
AF057309.1,102,104,403,405,3,TTC,CTT
AF057309.1,102,104,370,372,3,TTC,CTT
AF057309.1,50,52,101,103,3,TTC,CTT
AF057309.1,205,207,378,380,3,TTC,CTT
AF057309.1,205,207,515,517,3,TTC,CTT
AF057309.1,205,207,403,405,3,TTC,CTT
AF057309.1,205,207,370,372,3,TTC,CTT
AF057309.1,50,52,93,95,3,TTC,CTT
AF057309.1,50,52,352,354,3,TTC,CTT
AF057309.1,185,187,378,380,3,TTC,CTT
AF057309.1,185,187,515,517,3,TTC,CTT
AF057309.1,185,187,403,405,3,TTC,CTT
AF057309.1,185,187,370,372,3,TTC,CTT
AF057309.1,43,45,378,380,3,TTC,CTT
AF057309.1,43,45,79,81,3,TTC,CTT
AF057309.1,43,45,515,517,3,TTC,CTT
AF057309.1,43,45,403,405,3,TTC,CTT
AF057309.1,43,45,370,372,3,TTC,CTT
AF057309.1,50,52,362,364,3,TTC,CTT
AF057309.1,363,365,378,380,3,TTC,CTT
AF057309.1,363,365,515,517,3,TTC,CTT
AF057309.1,363,365,403,405,3,TTC,CTT
AF057309.1,363,365,370,372,3,TTC,CTT
AF057309.1,50,52,204,206,3,TTC,CTT
AF057309.1,374,376,451,453,3,TTC,CTT
AF057309.1,50,52,451,453,3,TTC,CTT
AF057309.1,164,166,336,338,3,TTC,CTT
AF057309.1,164,166,184,186,3,TTC,CTT
AF057309.1,164,166,301,303,3,TTC,CTT
AF057309.1,164,166,378,380,3,TTC,CTT
AF057309.1,164,166,515,517,3,TTC,CTT
AF057309.1,164,166,403,405,3,TTC,CTT
AF057309.1,164,166,370,372,3,TTC,CTT
AF057309.1,2,4,47,49,3,TTC,CTT
AF057309.1,17,19,47,49,3,TTC,CTT
AF057309.1,143,145,336,338,3,TTC,CTT
AF057309.1,143,145,184,186,3,TTC,CTT
AF057309.1,143,145,301,303,3,TTC,CTT
AF057309.1,60,62,128,130,3,TTG,GTT
AF057309.1,123,125,128,130,3,TTG,GTT
AF057309.1,60,62,119,121,3,TTG,GTT
AF057309.1,60,62,140,142,3,TTG,GTT
AF057309.1,60,62,163,165,3,TTG,GTT
AF057309.1,81,83,163,165,3,TTG,GTT
AF057309.1,123,125,163,165,3,TTG,GTT
AF057309.1,60,62,444,446,3,TTG,GTT
AF057309.1,520,522,549,551,3,TTG,GTT
AF057309.1,60,62,549,551,3,TTG,GTT
AF057309.1,516,520,527,531,5,TTTAT,TATTT
AF057309.1,381,384,425,428,4,TTTA,ATTT
AF057309.1,381,384,528,531,4,TTTA,ATTT
AF057309.1,381,384,500,503,4,TTTA,ATTT
AF057309.1,381,384,455,458,4,TTTA,ATTT
AF057309.1,49,52,515,518,4,TTTC,CTTT
AF057309.1,49,52,79,82,4,TTTC,CTTT
AF057309.1,468,471,515,518,4,TTTC,CTTT
AF057309.1,373,376,515,518,4,TTTC,CTTT
AF057309.1,142,145,515,518,4,TTTC,CTTT
AF057309.1,405,408,515,518,4,TTTC,CTTT
AF057309.1,448,451,515,518,4,TTTC,CTTT
AF057309.1,212,215,444,447,4,TTTG,GTTT
AF057309.1,80,83,444,447,4,TTTG,GTTT
AF057309.1,501,504,549,552,4,TTTG,GTTT
AF057309.1,414,417,549,552,4,TTTG,GTTT
AF057309.1,456,459,549,552,4,TTTG,GTTT
AF057309.1,212,215,549,552,4,TTTG,GTTT
AF057309.1,80,83,549,552,4,TTTG,GTTT
AF057309.1,372,376,403,407,5,TTTTC,CTTTT
AF057309.1,48,52,378,382,5,TTTTC,CTTTT
AF057309.1,141,145,403,407,5,TTTTC,CTTTT
AF057309.1,141,145,378,382,5,TTTTC,CTTTT
AF057309.1,141,145,370,374,5,TTTTC,CTTTT
AF057309.1,371,383,371,383,13,TTTTTCGCTTTTT,TTTTTCGCTTTTT
AF057309.1,120,125,549,554,6,TTTTTG,GTTTTT
AF057309.1,120,125,444,449,6,TTTTTG,GTTTTT
AF057309.1,230,236,444,450,7,TTTTTTG,GTTTTTT
AF057309.1,230,236,549,555,7,TTTTTTG,GTTTTTT

Total for length 3 is 842.
Total for length 4 is 213.
Total for length 5 is 46.
Total for length 6 is 25.
Total for length 7 is 4.
Total for length 8 is 9.
Total for length 12 is 1.
Total for length 13 is 1.
Total for length 14 is 1.

