Input file is sequence1.fasta.
Minimal fragment length is 3.
Working with probability estimation.
P value is : 0.050000.
Printing all instances.
Looking for direct complementary repeats.
AF057309.1 Alphabet size is 4.
Input sequence has 0 letters that are not in expected alphabet.
AF057309.1,11,14,553,556,4,AAAA,TTTT
AF057309.1,11,14,552,555,4,AAAA,TTTT
AF057309.1,11,14,551,554,4,AAAA,TTTT
AF057309.1,11,14,231,234,4,AAAA,TTTT
AF057309.1,11,14,446,449,4,AAAA,TTTT
AF057309.1,11,14,371,374,4,AAAA,TTTT
AF057309.1,11,14,379,382,4,AAAA,TTTT
AF057309.1,11,14,230,233,4,AAAA,TTTT
AF057309.1,11,14,466,469,4,AAAA,TTTT
AF057309.1,11,14,447,450,4,AAAA,TTTT
AF057309.1,11,14,372,375,4,AAAA,TTTT
AF057309.1,11,14,467,470,4,AAAA,TTTT
AF057309.1,153,156,232,235,4,AAAA,TTTT
AF057309.1,153,156,553,556,4,AAAA,TTTT
AF057309.1,153,156,552,555,4,AAAA,TTTT
AF057309.1,153,156,551,554,4,AAAA,TTTT
AF057309.1,153,156,231,234,4,AAAA,TTTT
AF057309.1,153,156,446,449,4,AAAA,TTTT
AF057309.1,153,156,550,553,4,AAAA,TTTT
AF057309.1,153,156,445,448,4,AAAA,TTTT
AF057309.1,11,14,404,407,4,AAAA,TTTT
AF057309.1,11,14,48,51,4,AAAA,TTTT
AF057309.1,153,156,230,233,4,AAAA,TTTT
AF057309.1,153,156,466,469,4,AAAA,TTTT
AF057309.1,11,14,380,383,4,AAAA,TTTT
AF057309.1,153,156,380,383,4,AAAA,TTTT
AF057309.1,392,395,447,450,4,AAAA,TTTT
AF057309.1,392,395,467,470,4,AAAA,TTTT
AF057309.1,392,395,553,556,4,AAAA,TTTT
AF057309.1,392,395,552,555,4,AAAA,TTTT
AF057309.1,392,395,551,554,4,AAAA,TTTT
AF057309.1,392,395,446,449,4,AAAA,TTTT
AF057309.1,392,395,404,407,4,AAAA,TTTT
AF057309.1,392,395,466,469,4,AAAA,TTTT
AF057309.1,392,395,554,557,4,AAAA,TTTT
AF057309.1,11,14,554,557,4,AAAA,TTTT
AF057309.1,153,156,554,557,4,AAAA,TTTT
AF057309.1,12,17,414,419,6,AAACAT,TTTGTA
AF057309.1,12,17,501,506,6,AAACAT,TTTGTA
AF057309.1,12,14,550,552,3,AAA,TTT
AF057309.1,12,14,445,447,3,AAA,TTT
AF057309.1,12,14,120,122,3,AAA,TTT
AF057309.1,12,14,141,143,3,AAA,TTT
AF057309.1,11,13,233,235,3,AAA,TTT
AF057309.1,11,13,122,124,3,AAA,TTT
AF057309.1,12,14,371,373,3,AAA,TTT
AF057309.1,12,14,379,381,3,AAA,TTT
AF057309.1,12,14,404,406,3,AAA,TTT
AF057309.1,12,14,48,50,3,AAA,TTT
AF057309.1,153,155,233,235,3,AAA,TTT
AF057309.1,12,14,230,232,3,AAA,TTT
AF057309.1,12,14,466,468,3,AAA,TTT
AF057309.1,11,13,80,82,3,AAA,TTT
AF057309.1,11,13,456,458,3,AAA,TTT
AF057309.1,392,394,456,458,3,AAA,TTT
AF057309.1,11,13,414,416,3,AAA,TTT
AF057309.1,392,394,414,416,3,AAA,TTT
AF057309.1,11,13,501,503,3,AAA,TTT
AF057309.1,392,394,501,503,3,AAA,TTT
AF057309.1,11,13,212,214,3,AAA,TTT
AF057309.1,153,155,456,458,3,AAA,TTT
AF057309.1,153,155,414,416,3,AAA,TTT
AF057309.1,153,155,501,503,3,AAA,TTT
AF057309.1,153,155,212,214,3,AAA,TTT
AF057309.1,154,156,550,552,3,AAA,TTT
AF057309.1,154,156,445,447,3,AAA,TTT
AF057309.1,11,13,448,450,3,AAA,TTT
AF057309.1,392,394,448,450,3,AAA,TTT
AF057309.1,11,13,405,407,3,AAA,TTT
AF057309.1,392,394,405,407,3,AAA,TTT
AF057309.1,11,13,142,144,3,AAA,TTT
AF057309.1,11,13,373,375,3,AAA,TTT
AF057309.1,11,13,468,470,3,AAA,TTT
AF057309.1,392,394,468,470,3,AAA,TTT
AF057309.1,11,13,49,51,3,AAA,TTT
AF057309.1,154,156,371,373,3,AAA,TTT
AF057309.1,154,156,379,381,3,AAA,TTT
AF057309.1,154,156,404,406,3,AAA,TTT
AF057309.1,153,155,448,450,3,AAA,TTT
AF057309.1,153,155,405,407,3,AAA,TTT
AF057309.1,153,155,373,375,3,AAA,TTT
AF057309.1,153,155,468,470,3,AAA,TTT
AF057309.1,154,156,456,458,3,AAA,TTT
AF057309.1,154,156,414,416,3,AAA,TTT
AF057309.1,154,156,501,503,3,AAA,TTT
AF057309.1,154,156,212,214,3,AAA,TTT
AF057309.1,154,156,230,232,3,AAA,TTT
AF057309.1,154,156,466,468,3,AAA,TTT
AF057309.1,12,14,426,428,3,AAA,TTT
AF057309.1,11,13,426,428,3,AAA,TTT
AF057309.1,392,394,426,428,3,AAA,TTT
AF057309.1,153,155,426,428,3,AAA,TTT
AF057309.1,393,395,550,552,3,AAA,TTT
AF057309.1,393,395,445,447,3,AAA,TTT
AF057309.1,11,13,381,383,3,AAA,TTT
AF057309.1,393,395,404,406,3,AAA,TTT
AF057309.1,153,155,381,383,3,AAA,TTT
AF057309.1,393,395,426,428,3,AAA,TTT
AF057309.1,393,395,456,458,3,AAA,TTT
AF057309.1,393,395,414,416,3,AAA,TTT
AF057309.1,393,395,501,503,3,AAA,TTT
AF057309.1,393,395,466,468,3,AAA,TTT
AF057309.1,154,156,516,518,3,AAA,TTT
AF057309.1,12,14,516,518,3,AAA,TTT
AF057309.1,11,13,516,518,3,AAA,TTT
AF057309.1,392,394,516,518,3,AAA,TTT
AF057309.1,154,156,529,531,3,AAA,TTT
AF057309.1,12,14,529,531,3,AAA,TTT
AF057309.1,542,544,554,556,3,AAA,TTT
AF057309.1,542,544,553,555,3,AAA,TTT
AF057309.1,542,544,552,554,3,AAA,TTT
AF057309.1,542,544,551,553,3,AAA,TTT
AF057309.1,11,13,529,531,3,AAA,TTT
AF057309.1,392,394,529,531,3,AAA,TTT
AF057309.1,542,544,550,552,3,AAA,TTT
AF057309.1,153,155,529,531,3,AAA,TTT
AF057309.1,11,13,555,557,3,AAA,TTT
AF057309.1,392,394,555,557,3,AAA,TTT
AF057309.1,153,155,555,557,3,AAA,TTT
AF057309.1,542,544,555,557,3,AAA,TTT
AF057309.1,158,163,415,420,6,AACATG,TTGTAC
AF057309.1,158,163,502,507,6,AACATG,TTGTAC
AF057309.1,198,200,374,376,3,AAG,TTC
AF057309.1,198,200,469,471,3,AAG,TTC
AF057309.1,278,280,449,451,3,AAG,TTC
AF057309.1,278,280,406,408,3,AAG,TTC
AF057309.1,278,280,427,429,3,AAG,TTC
AF057309.1,278,280,363,365,3,AAG,TTC
AF057309.1,346,348,449,451,3,AAG,TTC
AF057309.1,346,348,406,408,3,AAG,TTC
AF057309.1,346,348,427,429,3,AAG,TTC
AF057309.1,155,157,302,304,3,AAG,TTC
AF057309.1,155,157,337,339,3,AAG,TTC
AF057309.1,155,157,353,355,3,AAG,TTC
AF057309.1,278,280,337,339,3,AAG,TTC
AF057309.1,278,280,353,355,3,AAG,TTC
AF057309.1,155,157,452,454,3,AAG,TTC
AF057309.1,278,280,452,454,3,AAG,TTC
AF057309.1,384,386,469,471,3,AAG,TTC
AF057309.1,384,386,449,451,3,AAG,TTC
AF057309.1,384,386,406,408,3,AAG,TTC
AF057309.1,384,386,427,429,3,AAG,TTC
AF057309.1,394,396,463,465,3,AAT,TTA
AF057309.1,132,134,517,519,3,AAT,TTA
AF057309.1,132,134,530,532,3,AAT,TTA
AF057309.1,132,134,463,465,3,AAT,TTA
AF057309.1,109,111,517,519,3,AAT,TTA
AF057309.1,109,111,530,532,3,AAT,TTA
AF057309.1,289,291,517,519,3,AAT,TTA
AF057309.1,289,291,530,532,3,AAT,TTA
AF057309.1,109,111,463,465,3,AAT,TTA
AF057309.1,289,291,463,465,3,AAT,TTA
AF057309.1,109,111,382,384,3,AAT,TTA
AF057309.1,289,291,382,384,3,AAT,TTA
AF057309.1,132,134,382,384,3,AAT,TTA
AF057309.1,53,55,517,519,3,AAT,TTA
AF057309.1,53,55,530,532,3,AAT,TTA
AF057309.1,210,212,517,519,3,AAT,TTA
AF057309.1,210,212,530,532,3,AAT,TTA
AF057309.1,412,414,517,519,3,AAT,TTA
AF057309.1,412,414,530,532,3,AAT,TTA
AF057309.1,53,55,463,465,3,AAT,TTA
AF057309.1,210,212,463,465,3,AAT,TTA
AF057309.1,412,414,463,465,3,AAT,TTA
AF057309.1,147,149,458,460,3,ACA,TGT
AF057309.1,5,7,162,164,3,ACA,TGT
AF057309.1,20,22,162,164,3,ACA,TGT
AF057309.1,147,149,194,196,3,ACA,TGT
AF057309.1,342,344,458,460,3,ACA,TGT
AF057309.1,342,344,443,445,3,ACA,TGT
AF057309.1,5,7,318,320,3,ACA,TGT
AF057309.1,20,22,318,320,3,ACA,TGT
AF057309.1,5,7,111,113,3,ACA,TGT
AF057309.1,20,22,111,113,3,ACA,TGT
AF057309.1,5,7,416,418,3,ACA,TGT
AF057309.1,20,22,416,418,3,ACA,TGT
AF057309.1,5,7,503,505,3,ACA,TGT
AF057309.1,20,22,503,505,3,ACA,TGT
AF057309.1,159,161,194,196,3,ACA,TGT
AF057309.1,159,161,443,445,3,ACA,TGT
AF057309.1,14,16,194,196,3,ACA,TGT
AF057309.1,14,16,443,445,3,ACA,TGT
AF057309.1,342,344,416,418,3,ACA,TGT
AF057309.1,342,344,503,505,3,ACA,TGT
AF057309.1,147,149,416,418,3,ACA,TGT
AF057309.1,147,149,503,505,3,ACA,TGT
AF057309.1,159,161,318,320,3,ACA,TGT
AF057309.1,159,161,291,293,3,ACA,TGT
AF057309.1,159,161,162,164,3,ACA,TGT
AF057309.1,14,16,318,320,3,ACA,TGT
AF057309.1,14,16,111,113,3,ACA,TGT
AF057309.1,14,16,291,293,3,ACA,TGT
AF057309.1,14,16,162,164,3,ACA,TGT
AF057309.1,7,9,547,549,3,ACC,TGG
AF057309.1,89,91,547,549,3,ACC,TGG
AF057309.1,77,79,547,549,3,ACC,TGG
AF057309.1,7,9,366,368,3,ACC,TGG
AF057309.1,106,108,366,368,3,ACC,TGG
AF057309.1,22,24,366,368,3,ACC,TGG
AF057309.1,22,24,547,549,3,ACC,TGG
AF057309.1,41,46,196,201,6,ACTTCT,TGAAGA
AF057309.1,183,188,196,201,6,ACTTCT,TGAAGA
AF057309.1,222,224,235,237,3,ACT,TGA
AF057309.1,222,224,460,462,3,ACT,TGA
AF057309.1,222,224,387,389,3,ACT,TGA
AF057309.1,240,242,460,462,3,ACT,TGA
AF057309.1,240,242,387,389,3,ACT,TGA
AF057309.1,222,224,423,425,3,ACT,TGA
AF057309.1,222,224,315,317,3,ACT,TGA
AF057309.1,240,242,423,425,3,ACT,TGA
AF057309.1,240,242,315,317,3,ACT,TGA
AF057309.1,168,170,235,237,3,ACT,TGA
AF057309.1,168,170,460,462,3,ACT,TGA
AF057309.1,168,170,387,389,3,ACT,TGA
AF057309.1,324,326,460,462,3,ACT,TGA
AF057309.1,324,326,387,389,3,ACT,TGA
AF057309.1,222,224,298,300,3,ACT,TGA
AF057309.1,240,242,298,300,3,ACT,TGA
AF057309.1,222,224,238,240,3,ACT,TGA
AF057309.1,41,43,460,462,3,ACT,TGA
AF057309.1,41,43,387,389,3,ACT,TGA
AF057309.1,402,404,460,462,3,ACT,TGA
AF057309.1,41,43,244,246,3,ACT,TGA
AF057309.1,41,43,69,71,3,ACT,TGA
AF057309.1,41,43,298,300,3,ACT,TGA
AF057309.1,41,43,238,240,3,ACT,TGA
AF057309.1,41,43,423,425,3,ACT,TGA
AF057309.1,41,43,315,317,3,ACT,TGA
AF057309.1,402,404,423,425,3,ACT,TGA
AF057309.1,168,170,196,198,3,ACT,TGA
AF057309.1,183,185,235,237,3,ACT,TGA
AF057309.1,300,302,460,462,3,ACT,TGA
AF057309.1,300,302,387,389,3,ACT,TGA
AF057309.1,183,185,460,462,3,ACT,TGA
AF057309.1,183,185,387,389,3,ACT,TGA
AF057309.1,369,371,460,462,3,ACT,TGA
AF057309.1,369,371,387,389,3,ACT,TGA
AF057309.1,300,302,423,425,3,ACT,TGA
AF057309.1,300,302,315,317,3,ACT,TGA
AF057309.1,183,185,298,300,3,ACT,TGA
AF057309.1,183,185,238,240,3,ACT,TGA
AF057309.1,183,185,423,425,3,ACT,TGA
AF057309.1,183,185,315,317,3,ACT,TGA
AF057309.1,369,371,423,425,3,ACT,TGA
AF057309.1,344,348,351,355,5,AGAAG,TCTTC
AF057309.1,344,348,450,454,5,AGAAG,TCTTC
AF057309.1,344,346,364,366,3,AGA,TCT
AF057309.1,156,158,242,244,3,AGA,TCT
AF057309.1,344,346,407,409,3,AGA,TCT
AF057309.1,344,346,428,430,3,AGA,TCT
AF057309.1,156,158,482,484,3,AGA,TCT
AF057309.1,156,158,176,178,3,AGA,TCT
AF057309.1,156,158,476,478,3,AGA,TCT
AF057309.1,344,346,476,478,3,AGA,TCT
AF057309.1,156,158,474,476,3,AGA,TCT
AF057309.1,156,158,396,398,3,AGA,TCT
AF057309.1,344,346,474,476,3,AGA,TCT
AF057309.1,344,346,396,398,3,AGA,TCT
AF057309.1,199,201,482,484,3,AGA,TCT
AF057309.1,199,201,361,363,3,AGA,TCT
AF057309.1,199,201,476,478,3,AGA,TCT
AF057309.1,199,201,242,244,3,AGA,TCT
AF057309.1,199,201,351,353,3,AGA,TCT
AF057309.1,199,201,474,476,3,AGA,TCT
AF057309.1,199,201,396,398,3,AGA,TCT
AF057309.1,312,314,407,409,3,AGA,TCT
AF057309.1,312,314,428,430,3,AGA,TCT
AF057309.1,312,314,364,366,3,AGA,TCT
AF057309.1,312,314,450,452,3,AGA,TCT
AF057309.1,312,314,476,478,3,AGA,TCT
AF057309.1,312,314,351,353,3,AGA,TCT
AF057309.1,312,314,474,476,3,AGA,TCT
AF057309.1,312,314,396,398,3,AGA,TCT
AF057309.1,246,248,407,409,3,AGA,TCT
AF057309.1,246,248,428,430,3,AGA,TCT
AF057309.1,246,248,364,366,3,AGA,TCT
AF057309.1,246,248,450,452,3,AGA,TCT
AF057309.1,267,269,407,409,3,AGA,TCT
AF057309.1,267,269,428,430,3,AGA,TCT
AF057309.1,267,269,364,366,3,AGA,TCT
AF057309.1,267,269,450,452,3,AGA,TCT
AF057309.1,246,248,482,484,3,AGA,TCT
AF057309.1,246,248,361,363,3,AGA,TCT
AF057309.1,267,269,482,484,3,AGA,TCT
AF057309.1,267,269,361,363,3,AGA,TCT
AF057309.1,246,248,474,476,3,AGA,TCT
AF057309.1,246,248,396,398,3,AGA,TCT
AF057309.1,267,269,474,476,3,AGA,TCT
AF057309.1,267,269,396,398,3,AGA,TCT
AF057309.1,156,158,533,535,3,AGA,TCT
AF057309.1,344,346,533,535,3,AGA,TCT
AF057309.1,180,182,338,340,3,AGG,TCC
AF057309.1,180,182,478,480,3,AGG,TCC
AF057309.1,180,182,354,356,3,AGG,TCC
AF057309.1,180,182,409,411,3,AGG,TCC
AF057309.1,180,182,275,277,3,AGG,TCC
AF057309.1,180,182,398,400,3,AGG,TCC
AF057309.1,180,182,484,486,3,AGG,TCC
AF057309.1,180,182,490,492,3,AGG,TCC
AF057309.1,29,31,453,455,3,AGT,TCA
AF057309.1,511,513,524,526,3,AGT,TCA
AF057309.1,29,31,524,526,3,AGT,TCA
AF057309.1,29,31,430,432,3,AGT,TCA
AF057309.1,385,387,524,526,3,AGT,TCA
AF057309.1,385,387,430,432,3,AGT,TCA
AF057309.1,29,31,75,77,3,AGT,TCA
AF057309.1,29,31,51,53,3,AGT,TCA
AF057309.1,29,31,130,132,3,AGT,TCA
AF057309.1,58,60,453,455,3,AGT,TCA
AF057309.1,58,60,75,77,3,AGT,TCA
AF057309.1,58,60,178,180,3,AGT,TCA
AF057309.1,58,60,310,312,3,AGT,TCA
AF057309.1,58,60,524,526,3,AGT,TCA
AF057309.1,58,60,430,432,3,AGT,TCA
AF057309.1,58,60,249,251,3,AGT,TCA
AF057309.1,385,387,495,497,3,AGT,TCA
AF057309.1,29,31,208,210,3,AGT,TCA
AF057309.1,29,31,495,497,3,AGT,TCA
AF057309.1,29,31,86,88,3,AGT,TCA
AF057309.1,385,387,390,392,3,AGT,TCA
AF057309.1,435,437,499,501,3,ATA,TAT
AF057309.1,435,437,527,529,3,ATA,TAT
AF057309.1,540,542,545,547,3,ATA,TAT
AF057309.1,537,539,545,547,3,ATA,TAT
AF057309.1,432,434,545,547,3,ATA,TAT
AF057309.1,432,434,531,533,3,ATA,TAT
AF057309.1,509,511,518,520,3,ATA,TAT
AF057309.1,509,511,545,547,3,ATA,TAT
AF057309.1,509,511,527,529,3,ATA,TAT
AF057309.1,544,546,545,547,3,ATA,TAT
AF057309.1,498,500,545,547,3,ATA,TAT
AF057309.1,498,500,499,501,3,ATA,TAT
AF057309.1,498,500,527,529,3,ATA,TAT
AF057309.1,526,528,531,533,3,ATA,TAT
AF057309.1,526,528,545,547,3,ATA,TAT
AF057309.1,526,528,527,529,3,ATA,TAT
AF057309.1,63,65,531,533,3,ATA,TAT
AF057309.1,63,65,464,466,3,ATA,TAT
AF057309.1,63,65,518,520,3,ATA,TAT
AF057309.1,63,65,545,547,3,ATA,TAT
AF057309.1,63,65,64,66,3,ATA,TAT
AF057309.1,63,65,499,501,3,ATA,TAT
AF057309.1,63,65,527,529,3,ATA,TAT
AF057309.1,1,6,383,388,6,ATTCAC,TAAGTG
AF057309.1,16,21,383,388,6,ATTCAC,TAAGTG
AF057309.1,10,14,140,144,5,CAAAA,GTTTT
AF057309.1,10,14,444,448,5,CAAAA,GTTTT
AF057309.1,10,14,119,123,5,CAAAA,GTTTT
AF057309.1,391,395,444,448,5,CAAAA,GTTTT
AF057309.1,391,395,549,553,5,CAAAA,GTTTT
AF057309.1,148,150,549,551,3,CAA,GTT
AF057309.1,115,117,444,446,3,CAA,GTT
AF057309.1,400,402,444,446,3,CAA,GTT
AF057309.1,115,117,119,121,3,CAA,GTT
AF057309.1,115,117,140,142,3,CAA,GTT
AF057309.1,87,89,444,446,3,CAA,GTT
AF057309.1,87,89,549,551,3,CAA,GTT
AF057309.1,10,12,59,61,3,CAA,GTT
AF057309.1,87,89,119,121,3,CAA,GTT
AF057309.1,87,89,140,142,3,CAA,GTT
AF057309.1,115,117,163,165,3,CAA,GTT
AF057309.1,10,12,163,165,3,CAA,GTT
AF057309.1,87,89,163,165,3,CAA,GTT
AF057309.1,277,279,444,446,3,CAA,GTT
AF057309.1,115,117,128,130,3,CAA,GTT
AF057309.1,10,12,128,130,3,CAA,GTT
AF057309.1,87,89,128,130,3,CAA,GTT
AF057309.1,108,110,163,165,3,CAA,GTT
AF057309.1,108,110,444,446,3,CAA,GTT
AF057309.1,411,413,444,446,3,CAA,GTT
AF057309.1,108,110,128,130,3,CAA,GTT
AF057309.1,108,110,119,121,3,CAA,GTT
AF057309.1,108,110,140,142,3,CAA,GTT
AF057309.1,288,290,444,446,3,CAA,GTT
AF057309.1,288,290,549,551,3,CAA,GTT
AF057309.1,131,133,163,165,3,CAA,GTT
AF057309.1,131,133,444,446,3,CAA,GTT
AF057309.1,52,54,163,165,3,CAA,GTT
AF057309.1,52,54,444,446,3,CAA,GTT
AF057309.1,209,211,444,446,3,CAA,GTT
AF057309.1,496,498,549,551,3,CAA,GTT
AF057309.1,131,133,549,551,3,CAA,GTT
AF057309.1,52,54,549,551,3,CAA,GTT
AF057309.1,209,211,549,551,3,CAA,GTT
AF057309.1,131,133,140,142,3,CAA,GTT
AF057309.1,52,54,128,130,3,CAA,GTT
AF057309.1,52,54,119,121,3,CAA,GTT
AF057309.1,52,54,140,142,3,CAA,GTT
AF057309.1,331,333,548,550,3,CCA,GGT
AF057309.1,355,357,548,550,3,CCA,GGT
AF057309.1,420,422,441,443,3,CCA,GGT
AF057309.1,107,109,441,443,3,CCA,GGT
AF057309.1,331,333,441,443,3,CCA,GGT
AF057309.1,9,11,441,443,3,CCA,GGT
AF057309.1,355,357,441,443,3,CCA,GGT
AF057309.1,114,116,441,443,3,CCA,GGT
AF057309.1,399,401,441,443,3,CCA,GGT
AF057309.1,276,278,441,443,3,CCA,GGT
AF057309.1,410,412,441,443,3,CCA,GGT
AF057309.1,8,10,226,228,3,CCC,GGG
AF057309.1,23,25,328,330,3,CCG,GGC
AF057309.1,138,140,328,330,3,CCG,GGC
AF057309.1,138,140,272,274,3,CCG,GGC
AF057309.1,138,140,260,262,3,CCG,GGC
AF057309.1,96,98,215,217,3,CGG,GCC
AF057309.1,327,329,329,331,3,CGG,GCC
AF057309.1,259,261,329,331,3,CGG,GCC
AF057309.1,271,273,329,331,3,CGG,GCC
AF057309.1,96,98,329,331,3,CGG,GCC
AF057309.1,127,129,252,254,3,CGT,GCA
AF057309.1,127,129,284,286,3,CGT,GCA
AF057309.1,127,129,255,257,3,CGT,GCA
AF057309.1,118,120,252,254,3,CGT,GCA
AF057309.1,118,120,284,286,3,CGT,GCA
AF057309.1,118,120,255,257,3,CGT,GCA
AF057309.1,139,141,252,254,3,CGT,GCA
AF057309.1,139,141,284,286,3,CGT,GCA
AF057309.1,139,141,255,257,3,CGT,GCA
AF057309.1,166,170,236,240,5,CTACT,GATGA
AF057309.1,166,170,296,300,5,CTACT,GATGA
AF057309.1,262,265,316,319,4,CTAC,GATG
AF057309.1,145,148,305,308,4,CTAC,GATG
AF057309.1,145,148,236,239,4,CTAC,GATG
AF057309.1,145,148,296,299,4,CTAC,GATG
AF057309.1,166,169,316,319,4,CTAC,GATG
AF057309.1,262,265,313,316,4,CTAC,GATG
AF057309.1,166,169,305,308,4,CTAC,GATG
AF057309.1,104,107,236,239,4,CTAC,GATG
AF057309.1,104,107,316,319,4,CTAC,GATG
AF057309.1,104,107,296,299,4,CTAC,GATG
AF057309.1,104,107,305,308,4,CTAC,GATG
AF057309.1,38,40,316,318,3,CTA,GAT
AF057309.1,38,40,70,72,3,CTA,GAT
AF057309.1,38,40,236,238,3,CTA,GAT
AF057309.1,322,324,424,426,3,CTA,GAT
AF057309.1,322,324,461,463,3,CTA,GAT
AF057309.1,262,264,424,426,3,CTA,GAT
AF057309.1,262,264,461,463,3,CTA,GAT
AF057309.1,38,40,305,307,3,CTA,GAT
AF057309.1,38,40,296,298,3,CTA,GAT
AF057309.1,145,147,424,426,3,CTA,GAT
AF057309.1,145,147,461,463,3,CTA,GAT
AF057309.1,104,106,424,426,3,CTA,GAT
AF057309.1,104,106,461,463,3,CTA,GAT
AF057309.1,166,168,424,426,3,CTA,GAT
AF057309.1,166,168,461,463,3,CTA,GAT
AF057309.1,145,147,228,230,3,CTA,GAT
AF057309.1,104,106,228,230,3,CTA,GAT
AF057309.1,166,168,228,230,3,CTA,GAT
AF057309.1,322,324,388,390,3,CTA,GAT
AF057309.1,262,264,388,390,3,CTA,GAT
AF057309.1,145,147,388,390,3,CTA,GAT
AF057309.1,104,106,388,390,3,CTA,GAT
AF057309.1,166,168,388,390,3,CTA,GAT
AF057309.1,38,40,388,390,3,CTA,GAT
AF057309.1,38,40,98,100,3,CTA,GAT
AF057309.1,281,283,316,318,3,CTA,GAT
AF057309.1,281,283,424,426,3,CTA,GAT
AF057309.1,281,283,461,463,3,CTA,GAT
AF057309.1,322,324,472,474,3,CTA,GAT
AF057309.1,145,147,472,474,3,CTA,GAT
AF057309.1,104,106,472,474,3,CTA,GAT
AF057309.1,166,168,472,474,3,CTA,GAT
AF057309.1,38,40,472,474,3,CTA,GAT
AF057309.1,281,283,313,315,3,CTA,GAT
AF057309.1,262,264,268,270,3,CTA,GAT
AF057309.1,38,40,62,64,3,CTA,GAT
AF057309.1,68,70,125,127,3,CTG,GAC
AF057309.1,243,245,341,343,3,CTG,GAC
AF057309.1,365,367,368,370,3,CTG,GAC
AF057309.1,218,220,243,245,3,GAC,CTG
AF057309.1,125,127,243,245,3,GAC,CTG
AF057309.1,341,343,365,367,3,GAC,CTG
AF057309.1,221,223,365,367,3,GAC,CTG
AF057309.1,218,220,365,367,3,GAC,CTG
AF057309.1,182,184,365,367,3,GAC,CTG
AF057309.1,239,241,365,367,3,GAC,CTG
AF057309.1,299,301,365,367,3,GAC,CTG
AF057309.1,125,127,365,367,3,GAC,CTG
AF057309.1,296,300,322,326,5,GATGA,CTACT
AF057309.1,236,240,322,326,5,GATGA,CTACT
AF057309.1,313,317,322,326,5,GATGA,CTACT
AF057309.1,305,308,322,325,4,GATG,CTAC
AF057309.1,236,239,262,265,4,GATG,CTAC
AF057309.1,70,73,166,169,4,GATG,CTAC
AF057309.1,70,73,322,325,4,GATG,CTAC
AF057309.1,70,73,145,148,4,GATG,CTAC
AF057309.1,316,319,322,325,4,GATG,CTAC
AF057309.1,70,73,104,107,4,GATG,CTAC
AF057309.1,98,100,166,168,3,GAT,CTA
AF057309.1,98,100,104,106,3,GAT,CTA
AF057309.1,98,100,145,147,3,GAT,CTA
AF057309.1,247,249,262,264,3,GAT,CTA
AF057309.1,98,100,262,264,3,GAT,CTA
AF057309.1,247,249,322,324,3,GAT,CTA
AF057309.1,268,270,322,324,3,GAT,CTA
AF057309.1,236,238,281,283,3,GAT,CTA
AF057309.1,70,72,281,283,3,GAT,CTA
AF057309.1,296,298,534,536,3,GAT,CTA
AF057309.1,305,307,534,536,3,GAT,CTA
AF057309.1,472,474,534,536,3,GAT,CTA
AF057309.1,200,202,262,264,3,GAT,CTA
AF057309.1,200,202,281,283,3,GAT,CTA
AF057309.1,98,100,534,536,3,GAT,CTA
AF057309.1,200,202,322,324,3,GAT,CTA
AF057309.1,236,238,534,536,3,GAT,CTA
AF057309.1,70,72,534,536,3,GAT,CTA
AF057309.1,316,318,534,536,3,GAT,CTA
AF057309.1,388,390,534,536,3,GAT,CTA
AF057309.1,25,27,166,168,3,GAT,CTA
AF057309.1,25,27,104,106,3,GAT,CTA
AF057309.1,25,27,145,147,3,GAT,CTA
AF057309.1,25,27,322,324,3,GAT,CTA
AF057309.1,228,230,262,264,3,GAT,CTA
AF057309.1,228,230,281,283,3,GAT,CTA
AF057309.1,62,64,534,536,3,GAT,CTA
AF057309.1,62,64,166,168,3,GAT,CTA
AF057309.1,62,64,104,106,3,GAT,CTA
AF057309.1,62,64,145,147,3,GAT,CTA
AF057309.1,62,64,262,264,3,GAT,CTA
AF057309.1,62,64,281,283,3,GAT,CTA
AF057309.1,62,64,322,324,3,GAT,CTA
AF057309.1,287,289,480,482,3,GCA,CGT
AF057309.1,255,257,480,482,3,GCA,CGT
AF057309.1,215,217,225,227,3,GCC,CGG
AF057309.1,83,85,271,273,3,GCC,CGG
AF057309.1,83,85,259,261,3,GCC,CGG
AF057309.1,83,85,327,329,3,GCC,CGG
AF057309.1,83,85,225,227,3,GCC,CGG
AF057309.1,348,350,440,442,3,GCC,CGG
AF057309.1,83,85,440,442,3,GCC,CGG
AF057309.1,215,217,440,442,3,GCC,CGG
AF057309.1,328,330,479,481,3,GGC,CCG
AF057309.1,328,330,339,341,3,GGC,CCG
AF057309.1,260,262,479,481,3,GGC,CCG
AF057309.1,272,274,479,481,3,GGC,CCG
AF057309.1,260,262,439,441,3,GGC,CCG
AF057309.1,272,274,439,441,3,GGC,CCG
AF057309.1,226,228,491,493,3,GGG,CCC
AF057309.1,226,228,438,440,3,GGG,CCC
AF057309.1,441,443,485,487,3,GGT,CCA
AF057309.1,441,443,507,509,3,GGT,CCA
AF057309.1,140,144,391,395,5,GTTTT,CAAAA
AF057309.1,119,123,391,395,5,GTTTT,CAAAA
AF057309.1,128,130,209,211,3,GTT,CAA
AF057309.1,128,130,131,133,3,GTT,CAA
AF057309.1,128,130,496,498,3,GTT,CAA
AF057309.1,128,130,411,413,3,GTT,CAA
AF057309.1,163,165,209,211,3,GTT,CAA
AF057309.1,163,165,496,498,3,GTT,CAA
AF057309.1,163,165,288,290,3,GTT,CAA
AF057309.1,163,165,411,413,3,GTT,CAA
AF057309.1,59,61,288,290,3,GTT,CAA
AF057309.1,59,61,277,279,3,GTT,CAA
AF057309.1,59,61,411,413,3,GTT,CAA
AF057309.1,59,61,108,110,3,GTT,CAA
AF057309.1,128,130,400,402,3,GTT,CAA
AF057309.1,128,130,486,488,3,GTT,CAA
AF057309.1,163,165,400,402,3,GTT,CAA
AF057309.1,163,165,486,488,3,GTT,CAA
AF057309.1,128,130,148,150,3,GTT,CAA
AF057309.1,128,130,391,393,3,GTT,CAA
AF057309.1,163,165,391,393,3,GTT,CAA
AF057309.1,140,142,209,211,3,GTT,CAA
AF057309.1,140,142,496,498,3,GTT,CAA
AF057309.1,119,121,209,211,3,GTT,CAA
AF057309.1,119,121,131,133,3,GTT,CAA
AF057309.1,119,121,496,498,3,GTT,CAA
AF057309.1,140,142,400,402,3,GTT,CAA
AF057309.1,140,142,486,488,3,GTT,CAA
AF057309.1,140,142,277,279,3,GTT,CAA
AF057309.1,140,142,411,413,3,GTT,CAA
AF057309.1,119,121,400,402,3,GTT,CAA
AF057309.1,119,121,486,488,3,GTT,CAA
AF057309.1,119,121,277,279,3,GTT,CAA
AF057309.1,119,121,411,413,3,GTT,CAA
AF057309.1,140,142,148,150,3,GTT,CAA
AF057309.1,119,121,148,150,3,GTT,CAA
AF057309.1,444,446,496,498,3,GTT,CAA
AF057309.1,444,446,486,488,3,GTT,CAA
AF057309.1,64,66,509,511,3,TAT,ATA
AF057309.1,64,66,526,528,3,TAT,ATA
AF057309.1,64,66,498,500,3,TAT,ATA
AF057309.1,64,66,544,546,3,TAT,ATA
AF057309.1,499,501,509,511,3,TAT,ATA
AF057309.1,499,501,526,528,3,TAT,ATA
AF057309.1,527,529,544,546,3,TAT,ATA
AF057309.1,499,501,544,546,3,TAT,ATA
AF057309.1,64,66,432,434,3,TAT,ATA
AF057309.1,34,36,63,65,3,TAT,ATA
AF057309.1,34,36,435,437,3,TAT,ATA
AF057309.1,34,36,498,500,3,TAT,ATA
AF057309.1,34,36,544,546,3,TAT,ATA
AF057309.1,64,66,537,539,3,TAT,ATA
AF057309.1,64,66,540,542,3,TAT,ATA
AF057309.1,518,520,526,528,3,TAT,ATA
AF057309.1,464,466,509,511,3,TAT,ATA
AF057309.1,464,466,526,528,3,TAT,ATA
AF057309.1,86,88,385,387,3,TCA,AGT
AF057309.1,208,210,385,387,3,TCA,AGT
AF057309.1,3,5,58,60,3,TCA,AGT
AF057309.1,18,20,58,60,3,TCA,AGT
AF057309.1,75,77,511,513,3,TCA,AGT
AF057309.1,86,88,511,513,3,TCA,AGT
AF057309.1,495,497,511,513,3,TCA,AGT
AF057309.1,208,210,511,513,3,TCA,AGT
AF057309.1,249,251,385,387,3,TCA,AGT
AF057309.1,3,5,29,31,3,TCA,AGT
AF057309.1,18,20,29,31,3,TCA,AGT
AF057309.1,3,5,511,513,3,TCA,AGT
AF057309.1,18,20,511,513,3,TCA,AGT
AF057309.1,130,132,511,513,3,TCA,AGT
AF057309.1,51,53,511,513,3,TCA,AGT
AF057309.1,310,312,385,387,3,TCA,AGT
AF057309.1,178,180,385,387,3,TCA,AGT
AF057309.1,56,58,58,60,3,TCA,AGT
AF057309.1,430,432,511,513,3,TCA,AGT
AF057309.1,453,455,511,513,3,TCA,AGT
AF057309.1,137,139,180,182,3,TCC,AGG
AF057309.1,134,138,344,348,5,TCTTC,AGAAG
AF057309.1,100,104,344,348,5,TCTTC,AGAAG
AF057309.1,203,207,344,348,5,TCTTC,AGAAG
AF057309.1,176,178,267,269,3,TCT,AGA
AF057309.1,176,178,246,248,3,TCT,AGA
AF057309.1,176,178,199,201,3,TCT,AGA
AF057309.1,206,208,267,269,3,TCT,AGA
AF057309.1,206,208,246,248,3,TCT,AGA
AF057309.1,186,188,267,269,3,TCT,AGA
AF057309.1,186,188,246,248,3,TCT,AGA
AF057309.1,44,46,267,269,3,TCT,AGA
AF057309.1,44,46,246,248,3,TCT,AGA
AF057309.1,206,208,312,314,3,TCT,AGA
AF057309.1,186,188,312,314,3,TCT,AGA
AF057309.1,44,46,312,314,3,TCT,AGA
AF057309.1,242,244,312,314,3,TCT,AGA
AF057309.1,134,136,267,269,3,TCT,AGA
AF057309.1,134,136,246,248,3,TCT,AGA
AF057309.1,100,102,267,269,3,TCT,AGA
AF057309.1,100,102,246,248,3,TCT,AGA
AF057309.1,134,136,312,314,3,TCT,AGA
AF057309.1,100,102,312,314,3,TCT,AGA
AF057309.1,134,136,199,201,3,TCT,AGA
AF057309.1,100,102,199,201,3,TCT,AGA
AF057309.1,92,94,312,314,3,TCT,AGA
AF057309.1,46,48,312,314,3,TCT,AGA
AF057309.1,92,94,199,201,3,TCT,AGA
AF057309.1,46,48,199,201,3,TCT,AGA
AF057309.1,242,244,344,346,3,TCT,AGA
AF057309.1,206,208,344,346,3,TCT,AGA
AF057309.1,186,188,344,346,3,TCT,AGA
AF057309.1,44,46,344,346,3,TCT,AGA
AF057309.1,37,39,344,346,3,TCT,AGA
AF057309.1,144,146,344,346,3,TCT,AGA
AF057309.1,103,105,344,346,3,TCT,AGA
AF057309.1,165,167,344,346,3,TCT,AGA
AF057309.1,203,205,267,269,3,TCT,AGA
AF057309.1,203,205,246,248,3,TCT,AGA
AF057309.1,203,205,312,314,3,TCT,AGA
AF057309.1,238,240,369,371,3,TGA,ACT
AF057309.1,238,240,300,302,3,TGA,ACT
AF057309.1,298,300,369,371,3,TGA,ACT
AF057309.1,298,300,300,302,3,TGA,ACT
AF057309.1,238,240,402,404,3,TGA,ACT
AF057309.1,298,300,402,404,3,TGA,ACT
AF057309.1,124,126,369,371,3,TGA,ACT
AF057309.1,124,126,183,185,3,TGA,ACT
AF057309.1,124,126,300,302,3,TGA,ACT
AF057309.1,196,198,324,326,3,TGA,ACT
AF057309.1,124,126,324,326,3,TGA,ACT
AF057309.1,124,126,168,170,3,TGA,ACT
AF057309.1,238,240,240,242,3,TGA,ACT
AF057309.1,196,198,240,242,3,TGA,ACT
AF057309.1,196,198,222,224,3,TGA,ACT
AF057309.1,124,126,240,242,3,TGA,ACT
AF057309.1,244,246,402,404,3,TGA,ACT
AF057309.1,124,126,222,224,3,TGA,ACT
AF057309.1,238,240,488,490,3,TGA,ACT
AF057309.1,298,300,488,490,3,TGA,ACT
AF057309.1,196,198,488,490,3,TGA,ACT
AF057309.1,315,317,369,371,3,TGA,ACT
AF057309.1,315,317,488,490,3,TGA,ACT
AF057309.1,315,317,402,404,3,TGA,ACT
AF057309.1,423,425,488,490,3,TGA,ACT
AF057309.1,69,71,324,326,3,TGA,ACT
AF057309.1,69,71,168,170,3,TGA,ACT
AF057309.1,69,71,488,490,3,TGA,ACT
AF057309.1,69,71,402,404,3,TGA,ACT
AF057309.1,387,389,488,490,3,TGA,ACT
AF057309.1,387,389,402,404,3,TGA,ACT
AF057309.1,460,462,488,490,3,TGA,ACT
AF057309.1,61,63,324,326,3,TGA,ACT
AF057309.1,61,63,168,170,3,TGA,ACT
AF057309.1,235,237,324,326,3,TGA,ACT
AF057309.1,61,63,240,242,3,TGA,ACT
AF057309.1,61,63,222,224,3,TGA,ACT
AF057309.1,61,63,369,371,3,TGA,ACT
AF057309.1,61,63,183,185,3,TGA,ACT
AF057309.1,61,63,300,302,3,TGA,ACT
AF057309.1,235,237,240,242,3,TGA,ACT
AF057309.1,235,237,369,371,3,TGA,ACT
AF057309.1,235,237,300,302,3,TGA,ACT
AF057309.1,366,368,437,439,3,TGG,ACC
AF057309.1,366,368,419,421,3,TGG,ACC
AF057309.1,366,368,506,508,3,TGG,ACC
AF057309.1,111,113,159,161,3,TGT,ACA
AF057309.1,291,293,342,344,3,TGT,ACA
AF057309.1,194,196,342,344,3,TGT,ACA
AF057309.1,162,164,342,344,3,TGT,ACA
AF057309.1,27,29,289,291,3,TTA,AAT
AF057309.1,27,29,109,111,3,TTA,AAT
AF057309.1,27,29,412,414,3,TTA,AAT
AF057309.1,27,29,210,212,3,TTA,AAT
AF057309.1,27,29,53,55,3,TTA,AAT
AF057309.1,382,384,434,436,3,TTA,AAT
AF057309.1,382,384,536,538,3,TTA,AAT
AF057309.1,382,384,539,541,3,TTA,AAT
AF057309.1,27,29,497,499,3,TTA,AAT
AF057309.1,382,384,497,499,3,TTA,AAT
AF057309.1,27,29,543,545,3,TTA,AAT
AF057309.1,353,355,384,386,3,TTC,AAG
AF057309.1,337,339,384,386,3,TTC,AAG
AF057309.1,136,138,384,386,3,TTC,AAG
AF057309.1,302,304,384,386,3,TTC,AAG
AF057309.1,2,4,346,348,3,TTC,AAG
AF057309.1,17,19,346,348,3,TTC,AAG
AF057309.1,55,57,346,348,3,TTC,AAG
AF057309.1,94,96,384,386,3,TTC,AAG
AF057309.1,129,131,346,348,3,TTC,AAG
AF057309.1,50,52,346,348,3,TTC,AAG
AF057309.1,2,4,278,280,3,TTC,AAG
AF057309.1,17,19,278,280,3,TTC,AAG
AF057309.1,55,57,278,280,3,TTC,AAG
AF057309.1,136,138,278,280,3,TTC,AAG
AF057309.1,50,52,278,280,3,TTC,AAG
AF057309.1,374,376,384,386,3,TTC,AAG
AF057309.1,36,38,346,348,3,TTC,AAG
AF057309.1,202,204,346,348,3,TTC,AAG
AF057309.1,36,38,278,280,3,TTC,AAG
AF057309.1,202,204,278,280,3,TTC,AAG
AF057309.1,2,4,198,200,3,TTC,AAG
AF057309.1,17,19,198,200,3,TTC,AAG
AF057309.1,55,57,198,200,3,TTC,AAG
AF057309.1,102,104,384,386,3,TTC,AAG
AF057309.1,205,207,384,386,3,TTC,AAG
AF057309.1,185,187,384,386,3,TTC,AAG
AF057309.1,43,45,384,386,3,TTC,AAG
AF057309.1,363,365,384,386,3,TTC,AAG
AF057309.1,129,131,198,200,3,TTC,AAG
AF057309.1,102,104,278,280,3,TTC,AAG
AF057309.1,205,207,278,280,3,TTC,AAG
AF057309.1,185,187,278,280,3,TTC,AAG
AF057309.1,43,45,278,280,3,TTC,AAG
AF057309.1,50,52,198,200,3,TTC,AAG
AF057309.1,164,166,384,386,3,TTC,AAG
AF057309.1,164,166,346,348,3,TTC,AAG
AF057309.1,143,145,384,386,3,TTC,AAG
AF057309.1,2,4,155,157,3,TTC,AAG
AF057309.1,17,19,155,157,3,TTC,AAG
AF057309.1,55,57,155,157,3,TTC,AAG
AF057309.1,143,145,346,348,3,TTC,AAG
AF057309.1,94,96,155,157,3,TTC,AAG
AF057309.1,136,138,155,157,3,TTC,AAG
AF057309.1,143,145,278,280,3,TTC,AAG
AF057309.1,129,131,155,157,3,TTC,AAG

Total for length 3 is 684.
Total for length 4 is 55.
Total for length 5 is 17.
Total for length 6 is 8.

