Input file is sequence1.fasta.
Minimal fragment length is 3.
Working with probability estimation.
P value is : 0.050000.
Printing all instances.
Looking for direct non-complementary repeats.
AF057309.1 Alphabet size is 4.
Input sequence has 0 letters that are not in expected alphabet.
AF057309.1,539,542,543,546,4,AATA,AATA
AF057309.1,536,539,543,546,4,AATA,AATA
AF057309.1,497,500,539,542,4,AATA,AATA
AF057309.1,497,500,536,539,4,AATA,AATA
AF057309.1,434,437,543,546,4,AATA,AATA
AF057309.1,434,437,497,500,4,AATA,AATA
AF057309.1,117,119,219,221,3,ACG,ACG
AF057309.1,117,119,264,266,3,ACG,ACG
AF057309.1,126,128,150,152,3,ACG,ACG
AF057309.1,126,128,264,266,3,ACG,ACG
AF057309.1,222,227,324,329,6,ACTCGG,ACTCGG
AF057309.1,222,225,488,491,4,ACTC,ACTC
AF057309.1,168,171,222,225,4,ACTC,ACTC
AF057309.1,324,327,488,491,4,ACTC,ACTC
AF057309.1,240,243,488,491,4,ACTC,ACTC
AF057309.1,240,243,324,327,4,ACTC,ACTC
AF057309.1,168,171,240,243,4,ACTC,ACTC
AF057309.1,41,47,183,189,7,ACTTCTC,ACTTCTC
AF057309.1,369,374,402,407,6,ACTTTT,ACTTTT
AF057309.1,251,257,283,289,7,AGCAGCA,AGCAGCA
AF057309.1,432,437,537,542,6,ATAATA,ATAATA
AF057309.1,498,503,526,531,6,ATATTT,ATATTT
AF057309.1,257,263,269,275,7,ATCGGCT,ATCGGCT
AF057309.1,99,104,133,138,6,ATCTTC,ATCTTC
AF057309.1,133,136,473,476,4,ATCT,ATCT
AF057309.1,99,102,395,398,4,ATCT,ATCT
AF057309.1,133,136,532,535,4,ATCT,ATCT
AF057309.1,395,398,532,535,4,ATCT,ATCT
AF057309.1,99,102,532,535,4,ATCT,ATCT
AF057309.1,473,476,532,535,4,ATCT,ATCT
AF057309.1,110,115,317,322,6,ATGTCC,ATGTCC
AF057309.1,237,239,333,335,3,ATG,ATG
AF057309.1,297,299,333,335,3,ATG,ATG
AF057309.1,314,316,333,335,3,ATG,ATG
AF057309.1,71,73,422,424,3,ATG,ATG
AF057309.1,306,308,422,424,3,ATG,ATG
AF057309.1,65,67,422,424,3,ATG,ATG
AF057309.1,65,67,237,239,3,ATG,ATG
AF057309.1,65,67,297,299,3,ATG,ATG
AF057309.1,65,67,314,316,3,ATG,ATG
AF057309.1,110,112,333,335,3,ATG,ATG
AF057309.1,110,112,422,424,3,ATG,ATG
AF057309.1,290,292,333,335,3,ATG,ATG
AF057309.1,290,292,422,424,3,ATG,ATG
AF057309.1,71,73,110,112,3,ATG,ATG
AF057309.1,110,112,306,308,3,ATG,ATG
AF057309.1,110,112,237,239,3,ATG,ATG
AF057309.1,110,112,297,299,3,ATG,ATG
AF057309.1,110,112,314,316,3,ATG,ATG
AF057309.1,71,73,290,292,3,ATG,ATG
AF057309.1,290,292,306,308,3,ATG,ATG
AF057309.1,237,239,290,292,3,ATG,ATG
AF057309.1,290,292,297,299,3,ATG,ATG
AF057309.1,290,292,314,316,3,ATG,ATG
AF057309.1,65,67,110,112,3,ATG,ATG
AF057309.1,65,67,290,292,3,ATG,ATG
AF057309.1,71,73,161,163,3,ATG,ATG
AF057309.1,161,163,306,308,3,ATG,ATG
AF057309.1,161,163,237,239,3,ATG,ATG
AF057309.1,161,163,297,299,3,ATG,ATG
AF057309.1,161,163,314,316,3,ATG,ATG
AF057309.1,65,67,161,163,3,ATG,ATG
AF057309.1,317,319,333,335,3,ATG,ATG
AF057309.1,317,319,422,424,3,ATG,ATG
AF057309.1,65,67,317,319,3,ATG,ATG
AF057309.1,110,112,546,548,3,ATG,ATG
AF057309.1,290,292,546,548,3,ATG,ATG
AF057309.1,161,163,546,548,3,ATG,ATG
AF057309.1,333,335,546,548,3,ATG,ATG
AF057309.1,422,424,546,548,3,ATG,ATG
AF057309.1,317,319,546,548,3,ATG,ATG
AF057309.1,71,73,546,548,3,ATG,ATG
AF057309.1,306,308,546,548,3,ATG,ATG
AF057309.1,237,239,546,548,3,ATG,ATG
AF057309.1,297,299,546,548,3,ATG,ATG
AF057309.1,314,316,546,548,3,ATG,ATG
AF057309.1,1,9,16,24,9,ATTCACACC,ATTCACACC
AF057309.1,1,4,201,204,4,ATTC,ATTC
AF057309.1,54,57,201,204,4,ATTC,ATTC
AF057309.1,16,19,201,204,4,ATTC,ATTC
AF057309.1,1,4,35,38,4,ATTC,ATTC
AF057309.1,35,38,54,57,4,ATTC,ATTC
AF057309.1,16,19,35,38,4,ATTC,ATTC
AF057309.1,413,423,500,510,11,ATTTGTACCAT,ATTTGTACCAT
AF057309.1,413,418,455,460,6,ATTTGT,ATTTGT
AF057309.1,455,460,500,505,6,ATTTGT,ATTTGT
AF057309.1,229,234,465,470,6,ATTTTT,ATTTTT
AF057309.1,211,214,229,232,4,ATTT,ATTT
AF057309.1,229,232,413,416,4,ATTT,ATTT
AF057309.1,229,232,455,458,4,ATTT,ATTT
AF057309.1,229,232,500,503,4,ATTT,ATTT
AF057309.1,211,214,465,468,4,ATTT,ATTT
AF057309.1,413,416,465,468,4,ATTT,ATTT
AF057309.1,455,458,465,468,4,ATTT,ATTT
AF057309.1,425,428,528,531,4,ATTT,ATTT
AF057309.1,211,214,425,428,4,ATTT,ATTT
AF057309.1,413,416,425,428,4,ATTT,ATTT
AF057309.1,425,428,455,458,4,ATTT,ATTT
AF057309.1,425,428,465,468,4,ATTT,ATTT
AF057309.1,425,428,500,503,4,ATTT,ATTT
AF057309.1,211,214,528,531,4,ATTT,ATTT
AF057309.1,413,416,528,531,4,ATTT,ATTT
AF057309.1,455,458,528,531,4,ATTT,ATTT
AF057309.1,229,232,528,531,4,ATTT,ATTT
AF057309.1,1,3,26,28,3,ATT,ATT
AF057309.1,1,3,462,464,3,ATT,ATT
AF057309.1,26,28,54,56,3,ATT,ATT
AF057309.1,54,56,462,464,3,ATT,ATT
AF057309.1,16,18,26,28,3,ATT,ATT
AF057309.1,16,18,462,464,3,ATT,ATT
AF057309.1,26,28,35,37,3,ATT,ATT
AF057309.1,35,37,462,464,3,ATT,ATT
AF057309.1,1,3,211,213,3,ATT,ATT
AF057309.1,1,3,413,415,3,ATT,ATT
AF057309.1,16,18,211,213,3,ATT,ATT
AF057309.1,16,18,413,415,3,ATT,ATT
AF057309.1,201,203,211,213,3,ATT,ATT
AF057309.1,26,28,211,213,3,ATT,ATT
AF057309.1,211,213,462,464,3,ATT,ATT
AF057309.1,201,203,413,415,3,ATT,ATT
AF057309.1,26,28,413,415,3,ATT,ATT
AF057309.1,413,415,462,464,3,ATT,ATT
AF057309.1,35,37,211,213,3,ATT,ATT
AF057309.1,35,37,413,415,3,ATT,ATT
AF057309.1,1,3,455,457,3,ATT,ATT
AF057309.1,54,56,455,457,3,ATT,ATT
AF057309.1,201,203,455,457,3,ATT,ATT
AF057309.1,26,28,455,457,3,ATT,ATT
AF057309.1,455,457,462,464,3,ATT,ATT
AF057309.1,35,37,455,457,3,ATT,ATT
AF057309.1,1,3,425,427,3,ATT,ATT
AF057309.1,1,3,229,231,3,ATT,ATT
AF057309.1,54,56,425,427,3,ATT,ATT
AF057309.1,54,56,229,231,3,ATT,ATT
AF057309.1,16,18,425,427,3,ATT,ATT
AF057309.1,16,18,229,231,3,ATT,ATT
AF057309.1,35,37,425,427,3,ATT,ATT
AF057309.1,35,37,229,231,3,ATT,ATT
AF057309.1,1,3,528,530,3,ATT,ATT
AF057309.1,1,3,500,502,3,ATT,ATT
AF057309.1,1,3,465,467,3,ATT,ATT
AF057309.1,54,56,528,530,3,ATT,ATT
AF057309.1,54,56,500,502,3,ATT,ATT
AF057309.1,54,56,465,467,3,ATT,ATT
AF057309.1,16,18,528,530,3,ATT,ATT
AF057309.1,16,18,500,502,3,ATT,ATT
AF057309.1,16,18,465,467,3,ATT,ATT
AF057309.1,201,203,528,530,3,ATT,ATT
AF057309.1,26,28,528,530,3,ATT,ATT
AF057309.1,462,464,528,530,3,ATT,ATT
AF057309.1,201,203,500,502,3,ATT,ATT
AF057309.1,26,28,500,502,3,ATT,ATT
AF057309.1,462,464,500,502,3,ATT,ATT
AF057309.1,201,203,465,467,3,ATT,ATT
AF057309.1,26,28,465,467,3,ATT,ATT
AF057309.1,462,464,465,467,3,ATT,ATT
AF057309.1,1,3,519,521,3,ATT,ATT
AF057309.1,211,213,519,521,3,ATT,ATT
AF057309.1,413,415,519,521,3,ATT,ATT
AF057309.1,54,56,519,521,3,ATT,ATT
AF057309.1,455,457,519,521,3,ATT,ATT
AF057309.1,16,18,519,521,3,ATT,ATT
AF057309.1,425,427,519,521,3,ATT,ATT
AF057309.1,229,231,519,521,3,ATT,ATT
AF057309.1,201,203,519,521,3,ATT,ATT
AF057309.1,26,28,519,521,3,ATT,ATT
AF057309.1,462,464,519,521,3,ATT,ATT
AF057309.1,148,151,486,489,4,CAAC,CAAC
AF057309.1,148,151,400,403,4,CAAC,CAAC
AF057309.1,87,90,148,151,4,CAAC,CAAC
AF057309.1,87,90,486,489,4,CAAC,CAAC
AF057309.1,87,90,400,403,4,CAAC,CAAC
AF057309.1,87,90,115,118,4,CAAC,CAAC
AF057309.1,108,113,288,293,6,CAATGT,CAATGT
AF057309.1,209,215,411,417,7,CAATTTG,CAATTTG
AF057309.1,288,291,411,414,4,CAAT,CAAT
AF057309.1,52,55,108,111,4,CAAT,CAAT
AF057309.1,108,111,209,212,4,CAAT,CAAT
AF057309.1,52,55,288,291,4,CAAT,CAAT
AF057309.1,209,212,288,291,4,CAAT,CAAT
AF057309.1,411,414,496,499,4,CAAT,CAAT
AF057309.1,108,111,496,499,4,CAAT,CAAT
AF057309.1,131,134,411,414,4,CAAT,CAAT
AF057309.1,108,111,131,134,4,CAAT,CAAT
AF057309.1,288,291,496,499,4,CAAT,CAAT
AF057309.1,131,134,288,291,4,CAAT,CAAT
AF057309.1,10,12,148,150,3,CAA,CAA
AF057309.1,148,150,391,393,3,CAA,CAA
AF057309.1,115,117,391,393,3,CAA,CAA
AF057309.1,391,393,486,488,3,CAA,CAA
AF057309.1,391,393,400,402,3,CAA,CAA
AF057309.1,10,12,87,89,3,CAA,CAA
AF057309.1,108,110,148,150,3,CAA,CAA
AF057309.1,148,150,411,413,3,CAA,CAA
AF057309.1,87,89,108,110,3,CAA,CAA
AF057309.1,108,110,391,393,3,CAA,CAA
AF057309.1,87,89,411,413,3,CAA,CAA
AF057309.1,391,393,411,413,3,CAA,CAA
AF057309.1,148,150,288,290,3,CAA,CAA
AF057309.1,115,117,288,290,3,CAA,CAA
AF057309.1,288,290,486,488,3,CAA,CAA
AF057309.1,288,290,400,402,3,CAA,CAA
AF057309.1,10,12,288,290,3,CAA,CAA
AF057309.1,87,89,288,290,3,CAA,CAA
AF057309.1,288,290,391,393,3,CAA,CAA
AF057309.1,148,150,496,498,3,CAA,CAA
AF057309.1,131,133,148,150,3,CAA,CAA
AF057309.1,52,54,148,150,3,CAA,CAA
AF057309.1,148,150,209,211,3,CAA,CAA
AF057309.1,115,117,496,498,3,CAA,CAA
AF057309.1,486,488,496,498,3,CAA,CAA
AF057309.1,400,402,496,498,3,CAA,CAA
AF057309.1,10,12,496,498,3,CAA,CAA
AF057309.1,115,117,131,133,3,CAA,CAA
AF057309.1,131,133,486,488,3,CAA,CAA
AF057309.1,131,133,400,402,3,CAA,CAA
AF057309.1,10,12,131,133,3,CAA,CAA
AF057309.1,52,54,115,117,3,CAA,CAA
AF057309.1,52,54,486,488,3,CAA,CAA
AF057309.1,52,54,400,402,3,CAA,CAA
AF057309.1,10,12,52,54,3,CAA,CAA
AF057309.1,115,117,209,211,3,CAA,CAA
AF057309.1,209,211,486,488,3,CAA,CAA
AF057309.1,209,211,400,402,3,CAA,CAA
AF057309.1,10,12,209,211,3,CAA,CAA
AF057309.1,148,150,277,279,3,CAA,CAA
AF057309.1,277,279,288,290,3,CAA,CAA
AF057309.1,277,279,496,498,3,CAA,CAA
AF057309.1,131,133,277,279,3,CAA,CAA
AF057309.1,52,54,277,279,3,CAA,CAA
AF057309.1,209,211,277,279,3,CAA,CAA
AF057309.1,87,89,277,279,3,CAA,CAA
AF057309.1,277,279,391,393,3,CAA,CAA
AF057309.1,4,6,6,8,3,CAC,CAC
AF057309.1,6,8,19,21,3,CAC,CAC
AF057309.1,4,6,21,23,3,CAC,CAC
AF057309.1,19,21,21,23,3,CAC,CAC
AF057309.1,84,89,493,498,6,CCTCAA,CCTCAA
AF057309.1,90,96,349,355,7,CCTCTTC,CCTCTTC
AF057309.1,171,174,493,496,4,CCTC,CCTC
AF057309.1,189,192,493,496,4,CCTC,CCTC
AF057309.1,84,87,171,174,4,CCTC,CCTC
AF057309.1,84,87,189,192,4,CCTC,CCTC
AF057309.1,90,93,493,496,4,CCTC,CCTC
AF057309.1,84,87,90,93,4,CCTC,CCTC
AF057309.1,90,93,171,174,4,CCTC,CCTC
AF057309.1,90,93,189,192,4,CCTC,CCTC
AF057309.1,349,352,493,496,4,CCTC,CCTC
AF057309.1,171,174,349,352,4,CCTC,CCTC
AF057309.1,189,192,349,352,4,CCTC,CCTC
AF057309.1,174,179,480,485,6,CGTCTC,CGTCTC
AF057309.1,118,123,139,144,6,CGTTTT,CGTTTT
AF057309.1,166,171,322,327,6,CTACTC,CTACTC
AF057309.1,145,148,262,265,4,CTAC,CTAC
AF057309.1,104,107,262,265,4,CTAC,CTAC
AF057309.1,262,265,322,325,4,CTAC,CTAC
AF057309.1,166,169,262,265,4,CTAC,CTAC
AF057309.1,145,148,322,325,4,CTAC,CTAC
AF057309.1,104,107,322,325,4,CTAC,CTAC
AF057309.1,207,212,494,499,6,CTCAAT,CTCAAT
AF057309.1,429,434,523,528,6,CTCATA,CTCATA
AF057309.1,85,88,309,312,4,CTCA,CTCA
AF057309.1,309,312,494,497,4,CTCA,CTCA
AF057309.1,207,210,309,312,4,CTCA,CTCA
AF057309.1,85,88,177,180,4,CTCA,CTCA
AF057309.1,177,180,494,497,4,CTCA,CTCA
AF057309.1,85,88,523,526,4,CTCA,CTCA
AF057309.1,494,497,523,526,4,CTCA,CTCA
AF057309.1,177,180,523,526,4,CTCA,CTCA
AF057309.1,207,210,523,526,4,CTCA,CTCA
AF057309.1,85,88,429,432,4,CTCA,CTCA
AF057309.1,429,432,494,497,4,CTCA,CTCA
AF057309.1,309,312,429,432,4,CTCA,CTCA
AF057309.1,74,77,85,88,4,CTCA,CTCA
AF057309.1,74,77,494,497,4,CTCA,CTCA
AF057309.1,74,77,429,432,4,CTCA,CTCA
AF057309.1,74,77,177,180,4,CTCA,CTCA
AF057309.1,74,77,207,210,4,CTCA,CTCA
AF057309.1,274,279,408,413,6,CTCCAA,CTCCAA
AF057309.1,274,279,483,488,6,CTCCAA,CTCCAA
AF057309.1,274,279,397,402,6,CTCCAA,CTCCAA
AF057309.1,169,172,274,277,4,CTCC,CTCC
AF057309.1,169,172,483,486,4,CTCC,CTCC
AF057309.1,169,172,397,400,4,CTCC,CTCC
AF057309.1,169,172,408,411,4,CTCC,CTCC
AF057309.1,187,190,274,277,4,CTCC,CTCC
AF057309.1,477,480,489,492,4,CTCC,CTCC
AF057309.1,274,277,489,492,4,CTCC,CTCC
AF057309.1,187,190,489,492,4,CTCC,CTCC
AF057309.1,483,486,489,492,4,CTCC,CTCC
AF057309.1,397,400,489,492,4,CTCC,CTCC
AF057309.1,408,411,489,492,4,CTCC,CTCC
AF057309.1,169,172,477,480,4,CTCC,CTCC
AF057309.1,274,277,477,480,4,CTCC,CTCC
AF057309.1,241,244,475,478,4,CTCT,CTCT
AF057309.1,241,244,350,353,4,CTCT,CTCT
AF057309.1,91,94,241,244,4,CTCT,CTCT
AF057309.1,45,48,241,244,4,CTCT,CTCT
AF057309.1,350,353,475,478,4,CTCT,CTCT
AF057309.1,91,94,475,478,4,CTCT,CTCT
AF057309.1,85,87,489,491,3,CTC,CTC
AF057309.1,489,491,494,496,3,CTC,CTC
AF057309.1,85,87,169,171,3,CTC,CTC
AF057309.1,169,171,494,496,3,CTC,CTC
AF057309.1,74,76,489,491,3,CTC,CTC
AF057309.1,309,311,489,491,3,CTC,CTC
AF057309.1,489,491,523,525,3,CTC,CTC
AF057309.1,74,76,169,171,3,CTC,CTC
AF057309.1,169,171,309,311,3,CTC,CTC
AF057309.1,169,171,523,525,3,CTC,CTC
AF057309.1,207,209,489,491,3,CTC,CTC
AF057309.1,177,179,489,491,3,CTC,CTC
AF057309.1,429,431,489,491,3,CTC,CTC
AF057309.1,169,171,207,209,3,CTC,CTC
AF057309.1,169,171,177,179,3,CTC,CTC
AF057309.1,169,171,429,431,3,CTC,CTC
AF057309.1,85,87,274,276,3,CTC,CTC
AF057309.1,274,276,494,496,3,CTC,CTC
AF057309.1,207,209,274,276,3,CTC,CTC
AF057309.1,177,179,274,276,3,CTC,CTC
AF057309.1,274,276,429,431,3,CTC,CTC
AF057309.1,85,87,483,485,3,CTC,CTC
AF057309.1,483,485,494,496,3,CTC,CTC
AF057309.1,85,87,397,399,3,CTC,CTC
AF057309.1,397,399,494,496,3,CTC,CTC
AF057309.1,85,87,408,410,3,CTC,CTC
AF057309.1,408,410,494,496,3,CTC,CTC
AF057309.1,85,87,477,479,3,CTC,CTC
AF057309.1,477,479,494,496,3,CTC,CTC
AF057309.1,85,87,187,189,3,CTC,CTC
AF057309.1,187,189,494,496,3,CTC,CTC
AF057309.1,74,76,483,485,3,CTC,CTC
AF057309.1,309,311,483,485,3,CTC,CTC
AF057309.1,483,485,523,525,3,CTC,CTC
AF057309.1,74,76,397,399,3,CTC,CTC
AF057309.1,309,311,397,399,3,CTC,CTC
AF057309.1,397,399,523,525,3,CTC,CTC
AF057309.1,74,76,408,410,3,CTC,CTC
AF057309.1,309,311,408,410,3,CTC,CTC
AF057309.1,408,410,523,525,3,CTC,CTC
AF057309.1,74,76,477,479,3,CTC,CTC
AF057309.1,309,311,477,479,3,CTC,CTC
AF057309.1,477,479,523,525,3,CTC,CTC
AF057309.1,74,76,187,189,3,CTC,CTC
AF057309.1,187,189,309,311,3,CTC,CTC
AF057309.1,187,189,523,525,3,CTC,CTC
AF057309.1,85,87,325,327,3,CTC,CTC
AF057309.1,325,327,494,496,3,CTC,CTC
AF057309.1,85,87,223,225,3,CTC,CTC
AF057309.1,223,225,494,496,3,CTC,CTC
AF057309.1,274,276,325,327,3,CTC,CTC
AF057309.1,74,76,325,327,3,CTC,CTC
AF057309.1,309,311,325,327,3,CTC,CTC
AF057309.1,325,327,523,525,3,CTC,CTC
AF057309.1,223,225,274,276,3,CTC,CTC
AF057309.1,74,76,223,225,3,CTC,CTC
AF057309.1,223,225,309,311,3,CTC,CTC
AF057309.1,223,225,523,525,3,CTC,CTC
AF057309.1,325,327,483,485,3,CTC,CTC
AF057309.1,325,327,397,399,3,CTC,CTC
AF057309.1,325,327,408,410,3,CTC,CTC
AF057309.1,325,327,477,479,3,CTC,CTC
AF057309.1,187,189,325,327,3,CTC,CTC
AF057309.1,207,209,325,327,3,CTC,CTC
AF057309.1,177,179,325,327,3,CTC,CTC
AF057309.1,325,327,429,431,3,CTC,CTC
AF057309.1,223,225,483,485,3,CTC,CTC
AF057309.1,223,225,397,399,3,CTC,CTC
AF057309.1,223,225,408,410,3,CTC,CTC
AF057309.1,223,225,477,479,3,CTC,CTC
AF057309.1,187,189,223,225,3,CTC,CTC
AF057309.1,207,209,223,225,3,CTC,CTC
AF057309.1,177,179,223,225,3,CTC,CTC
AF057309.1,223,225,429,431,3,CTC,CTC
AF057309.1,172,174,489,491,3,CTC,CTC
AF057309.1,169,171,172,174,3,CTC,CTC
AF057309.1,190,192,489,491,3,CTC,CTC
AF057309.1,169,171,190,192,3,CTC,CTC
AF057309.1,172,174,274,276,3,CTC,CTC
AF057309.1,74,76,172,174,3,CTC,CTC
AF057309.1,172,174,309,311,3,CTC,CTC
AF057309.1,172,174,523,525,3,CTC,CTC
AF057309.1,190,192,274,276,3,CTC,CTC
AF057309.1,74,76,190,192,3,CTC,CTC
AF057309.1,190,192,309,311,3,CTC,CTC
AF057309.1,190,192,523,525,3,CTC,CTC
AF057309.1,172,174,483,485,3,CTC,CTC
AF057309.1,172,174,397,399,3,CTC,CTC
AF057309.1,172,174,408,410,3,CTC,CTC
AF057309.1,172,174,477,479,3,CTC,CTC
AF057309.1,172,174,187,189,3,CTC,CTC
AF057309.1,172,174,207,209,3,CTC,CTC
AF057309.1,172,174,177,179,3,CTC,CTC
AF057309.1,172,174,429,431,3,CTC,CTC
AF057309.1,190,192,483,485,3,CTC,CTC
AF057309.1,190,192,397,399,3,CTC,CTC
AF057309.1,190,192,408,410,3,CTC,CTC
AF057309.1,190,192,477,479,3,CTC,CTC
AF057309.1,187,189,190,192,3,CTC,CTC
AF057309.1,190,192,207,209,3,CTC,CTC
AF057309.1,177,179,190,192,3,CTC,CTC
AF057309.1,190,192,429,431,3,CTC,CTC
AF057309.1,172,174,241,243,3,CTC,CTC
AF057309.1,190,192,241,243,3,CTC,CTC
AF057309.1,85,87,241,243,3,CTC,CTC
AF057309.1,241,243,494,496,3,CTC,CTC
AF057309.1,241,243,274,276,3,CTC,CTC
AF057309.1,74,76,241,243,3,CTC,CTC
AF057309.1,241,243,309,311,3,CTC,CTC
AF057309.1,241,243,523,525,3,CTC,CTC
AF057309.1,241,243,483,485,3,CTC,CTC
AF057309.1,241,243,397,399,3,CTC,CTC
AF057309.1,241,243,408,410,3,CTC,CTC
AF057309.1,241,243,477,479,3,CTC,CTC
AF057309.1,187,189,241,243,3,CTC,CTC
AF057309.1,207,209,241,243,3,CTC,CTC
AF057309.1,177,179,241,243,3,CTC,CTC
AF057309.1,241,243,429,431,3,CTC,CTC
AF057309.1,325,327,350,352,3,CTC,CTC
AF057309.1,223,225,350,352,3,CTC,CTC
AF057309.1,350,352,489,491,3,CTC,CTC
AF057309.1,169,171,350,352,3,CTC,CTC
AF057309.1,91,93,325,327,3,CTC,CTC
AF057309.1,91,93,223,225,3,CTC,CTC
AF057309.1,91,93,489,491,3,CTC,CTC
AF057309.1,91,93,169,171,3,CTC,CTC
AF057309.1,274,276,350,352,3,CTC,CTC
AF057309.1,74,76,350,352,3,CTC,CTC
AF057309.1,309,311,350,352,3,CTC,CTC
AF057309.1,350,352,523,525,3,CTC,CTC
AF057309.1,91,93,274,276,3,CTC,CTC
AF057309.1,74,76,91,93,3,CTC,CTC
AF057309.1,91,93,309,311,3,CTC,CTC
AF057309.1,91,93,523,525,3,CTC,CTC
AF057309.1,350,352,483,485,3,CTC,CTC
AF057309.1,350,352,397,399,3,CTC,CTC
AF057309.1,350,352,408,410,3,CTC,CTC
AF057309.1,350,352,477,479,3,CTC,CTC
AF057309.1,187,189,350,352,3,CTC,CTC
AF057309.1,207,209,350,352,3,CTC,CTC
AF057309.1,177,179,350,352,3,CTC,CTC
AF057309.1,350,352,429,431,3,CTC,CTC
AF057309.1,91,93,483,485,3,CTC,CTC
AF057309.1,91,93,397,399,3,CTC,CTC
AF057309.1,91,93,408,410,3,CTC,CTC
AF057309.1,91,93,477,479,3,CTC,CTC
AF057309.1,91,93,187,189,3,CTC,CTC
AF057309.1,91,93,207,209,3,CTC,CTC
AF057309.1,91,93,177,179,3,CTC,CTC
AF057309.1,91,93,429,431,3,CTC,CTC
AF057309.1,325,327,475,477,3,CTC,CTC
AF057309.1,223,225,475,477,3,CTC,CTC
AF057309.1,475,477,489,491,3,CTC,CTC
AF057309.1,169,171,475,477,3,CTC,CTC
AF057309.1,45,47,325,327,3,CTC,CTC
AF057309.1,45,47,223,225,3,CTC,CTC
AF057309.1,45,47,489,491,3,CTC,CTC
AF057309.1,45,47,169,171,3,CTC,CTC
AF057309.1,172,174,475,477,3,CTC,CTC
AF057309.1,190,192,475,477,3,CTC,CTC
AF057309.1,85,87,475,477,3,CTC,CTC
AF057309.1,475,477,494,496,3,CTC,CTC
AF057309.1,45,47,172,174,3,CTC,CTC
AF057309.1,45,47,190,192,3,CTC,CTC
AF057309.1,45,47,85,87,3,CTC,CTC
AF057309.1,45,47,494,496,3,CTC,CTC
AF057309.1,274,276,475,477,3,CTC,CTC
AF057309.1,74,76,475,477,3,CTC,CTC
AF057309.1,309,311,475,477,3,CTC,CTC
AF057309.1,475,477,523,525,3,CTC,CTC
AF057309.1,45,47,274,276,3,CTC,CTC
AF057309.1,45,47,74,76,3,CTC,CTC
AF057309.1,45,47,309,311,3,CTC,CTC
AF057309.1,45,47,523,525,3,CTC,CTC
AF057309.1,68,70,365,367,3,CTG,CTG
AF057309.1,135,140,336,341,6,CTTCCG,CTTCCG
AF057309.1,184,189,204,209,6,CTTCTC,CTTCTC
AF057309.1,42,47,204,209,6,CTTCTC,CTTCTC
AF057309.1,101,105,184,188,5,CTTCT,CTTCT
AF057309.1,42,46,101,105,5,CTTCT,CTTCT
AF057309.1,184,188,362,366,5,CTTCT,CTTCT
AF057309.1,42,46,362,366,5,CTTCT,CTTCT
AF057309.1,301,304,336,339,4,CTTC,CTTC
AF057309.1,301,304,352,355,4,CTTC,CTTC
AF057309.1,135,138,301,304,4,CTTC,CTTC
AF057309.1,93,96,336,339,4,CTTC,CTTC
AF057309.1,184,187,336,339,4,CTTC,CTTC
AF057309.1,42,45,336,339,4,CTTC,CTTC
AF057309.1,93,96,184,187,4,CTTC,CTTC
AF057309.1,184,187,352,355,4,CTTC,CTTC
AF057309.1,135,138,184,187,4,CTTC,CTTC
AF057309.1,42,45,93,96,4,CTTC,CTTC
AF057309.1,42,45,352,355,4,CTTC,CTTC
AF057309.1,42,45,135,138,4,CTTC,CTTC
AF057309.1,101,104,301,304,4,CTTC,CTTC
AF057309.1,204,207,301,304,4,CTTC,CTTC
AF057309.1,301,304,362,365,4,CTTC,CTTC
AF057309.1,101,104,336,339,4,CTTC,CTTC
AF057309.1,204,207,336,339,4,CTTC,CTTC
AF057309.1,336,339,362,365,4,CTTC,CTTC
AF057309.1,184,187,451,454,4,CTTC,CTTC
AF057309.1,42,45,451,454,4,CTTC,CTTC
AF057309.1,301,304,451,454,4,CTTC,CTTC
AF057309.1,336,339,451,454,4,CTTC,CTTC
AF057309.1,47,52,403,408,6,CTTTTC,CTTTTC
AF057309.1,370,375,378,383,6,CTTTTT,CTTTTT
AF057309.1,336,338,403,405,3,CTT,CTT
AF057309.1,336,338,370,372,3,CTT,CTT
AF057309.1,403,405,451,453,3,CTT,CTT
AF057309.1,352,354,403,405,3,CTT,CTT
AF057309.1,135,137,403,405,3,CTT,CTT
AF057309.1,93,95,403,405,3,CTT,CTT
AF057309.1,101,103,403,405,3,CTT,CTT
AF057309.1,204,206,403,405,3,CTT,CTT
AF057309.1,362,364,403,405,3,CTT,CTT
AF057309.1,370,372,451,453,3,CTT,CTT
AF057309.1,352,354,370,372,3,CTT,CTT
AF057309.1,135,137,370,372,3,CTT,CTT
AF057309.1,93,95,370,372,3,CTT,CTT
AF057309.1,101,103,370,372,3,CTT,CTT
AF057309.1,204,206,370,372,3,CTT,CTT
AF057309.1,362,364,370,372,3,CTT,CTT
AF057309.1,301,303,515,517,3,CTT,CTT
AF057309.1,184,186,515,517,3,CTT,CTT
AF057309.1,42,44,515,517,3,CTT,CTT
AF057309.1,79,81,301,303,3,CTT,CTT
AF057309.1,79,81,184,186,3,CTT,CTT
AF057309.1,42,44,79,81,3,CTT,CTT
AF057309.1,336,338,515,517,3,CTT,CTT
AF057309.1,79,81,336,338,3,CTT,CTT
AF057309.1,451,453,515,517,3,CTT,CTT
AF057309.1,352,354,515,517,3,CTT,CTT
AF057309.1,135,137,515,517,3,CTT,CTT
AF057309.1,93,95,515,517,3,CTT,CTT
AF057309.1,101,103,515,517,3,CTT,CTT
AF057309.1,204,206,515,517,3,CTT,CTT
AF057309.1,362,364,515,517,3,CTT,CTT
AF057309.1,79,81,451,453,3,CTT,CTT
AF057309.1,79,81,352,354,3,CTT,CTT
AF057309.1,79,81,135,137,3,CTT,CTT
AF057309.1,79,81,93,95,3,CTT,CTT
AF057309.1,79,81,101,103,3,CTT,CTT
AF057309.1,79,81,204,206,3,CTT,CTT
AF057309.1,79,81,362,364,3,CTT,CTT
AF057309.1,301,303,378,380,3,CTT,CTT
AF057309.1,184,186,378,380,3,CTT,CTT
AF057309.1,42,44,378,380,3,CTT,CTT
AF057309.1,378,380,451,453,3,CTT,CTT
AF057309.1,352,354,378,380,3,CTT,CTT
AF057309.1,135,137,378,380,3,CTT,CTT
AF057309.1,93,95,378,380,3,CTT,CTT
AF057309.1,101,103,378,380,3,CTT,CTT
AF057309.1,204,206,378,380,3,CTT,CTT
AF057309.1,362,364,378,380,3,CTT,CTT
AF057309.1,47,49,301,303,3,CTT,CTT
AF057309.1,47,49,184,186,3,CTT,CTT
AF057309.1,42,44,47,49,3,CTT,CTT
AF057309.1,47,49,336,338,3,CTT,CTT
AF057309.1,152,154,157,159,3,GAA,GAA
AF057309.1,157,159,197,199,3,GAA,GAA
AF057309.1,152,154,345,347,3,GAA,GAA
AF057309.1,152,154,197,199,3,GAA,GAA
AF057309.1,182,187,299,304,6,GACTTC,GACTTC
AF057309.1,245,250,266,271,6,GAGATC,GAGATC
AF057309.1,236,242,296,302,7,GATGACT,GATGACT
AF057309.1,313,315,472,474,3,GAT,GAT
AF057309.1,98,100,313,315,3,GAT,GAT
AF057309.1,313,315,388,390,3,GAT,GAT
AF057309.1,247,249,296,298,3,GAT,GAT
AF057309.1,268,270,296,298,3,GAT,GAT
AF057309.1,247,249,305,307,3,GAT,GAT
AF057309.1,268,270,305,307,3,GAT,GAT
AF057309.1,98,100,296,298,3,GAT,GAT
AF057309.1,98,100,305,307,3,GAT,GAT
AF057309.1,296,298,388,390,3,GAT,GAT
AF057309.1,305,307,388,390,3,GAT,GAT
AF057309.1,236,238,247,249,3,GAT,GAT
AF057309.1,236,238,268,270,3,GAT,GAT
AF057309.1,70,72,247,249,3,GAT,GAT
AF057309.1,70,72,268,270,3,GAT,GAT
AF057309.1,247,249,316,318,3,GAT,GAT
AF057309.1,268,270,316,318,3,GAT,GAT
AF057309.1,236,238,472,474,3,GAT,GAT
AF057309.1,70,72,472,474,3,GAT,GAT
AF057309.1,316,318,472,474,3,GAT,GAT
AF057309.1,98,100,236,238,3,GAT,GAT
AF057309.1,70,72,98,100,3,GAT,GAT
AF057309.1,98,100,316,318,3,GAT,GAT
AF057309.1,200,202,296,298,3,GAT,GAT
AF057309.1,200,202,305,307,3,GAT,GAT
AF057309.1,200,202,472,474,3,GAT,GAT
AF057309.1,98,100,200,202,3,GAT,GAT
AF057309.1,200,202,236,238,3,GAT,GAT
AF057309.1,70,72,200,202,3,GAT,GAT
AF057309.1,200,202,316,318,3,GAT,GAT
AF057309.1,200,202,388,390,3,GAT,GAT
AF057309.1,25,27,313,315,3,GAT,GAT
AF057309.1,25,27,247,249,3,GAT,GAT
AF057309.1,25,27,268,270,3,GAT,GAT
AF057309.1,25,27,98,100,3,GAT,GAT
AF057309.1,25,27,236,238,3,GAT,GAT
AF057309.1,25,27,70,72,3,GAT,GAT
AF057309.1,25,27,316,318,3,GAT,GAT
AF057309.1,25,27,388,390,3,GAT,GAT
AF057309.1,228,230,313,315,3,GAT,GAT
AF057309.1,228,230,247,249,3,GAT,GAT
AF057309.1,228,230,268,270,3,GAT,GAT
AF057309.1,228,230,296,298,3,GAT,GAT
AF057309.1,228,230,305,307,3,GAT,GAT
AF057309.1,228,230,472,474,3,GAT,GAT
AF057309.1,228,230,236,238,3,GAT,GAT
AF057309.1,70,72,228,230,3,GAT,GAT
AF057309.1,228,230,316,318,3,GAT,GAT
AF057309.1,228,230,388,390,3,GAT,GAT
AF057309.1,313,315,461,463,3,GAT,GAT
AF057309.1,247,249,461,463,3,GAT,GAT
AF057309.1,268,270,461,463,3,GAT,GAT
AF057309.1,313,315,424,426,3,GAT,GAT
AF057309.1,247,249,424,426,3,GAT,GAT
AF057309.1,268,270,424,426,3,GAT,GAT
AF057309.1,296,298,461,463,3,GAT,GAT
AF057309.1,305,307,461,463,3,GAT,GAT
AF057309.1,461,463,472,474,3,GAT,GAT
AF057309.1,296,298,424,426,3,GAT,GAT
AF057309.1,305,307,424,426,3,GAT,GAT
AF057309.1,424,426,472,474,3,GAT,GAT
AF057309.1,98,100,461,463,3,GAT,GAT
AF057309.1,98,100,424,426,3,GAT,GAT
AF057309.1,62,64,200,202,3,GAT,GAT
AF057309.1,62,64,313,315,3,GAT,GAT
AF057309.1,62,64,247,249,3,GAT,GAT
AF057309.1,62,64,268,270,3,GAT,GAT
AF057309.1,25,27,62,64,3,GAT,GAT
AF057309.1,62,64,296,298,3,GAT,GAT
AF057309.1,62,64,305,307,3,GAT,GAT
AF057309.1,62,64,472,474,3,GAT,GAT
AF057309.1,62,64,228,230,3,GAT,GAT
AF057309.1,62,64,98,100,3,GAT,GAT
AF057309.1,215,217,329,331,3,GCC,GCC
AF057309.1,329,331,348,350,3,GCC,GCC
AF057309.1,83,85,329,331,3,GCC,GCC
AF057309.1,215,217,348,350,3,GCC,GCC
AF057309.1,181,186,367,372,6,GGACTT,GGACTT
AF057309.1,97,99,181,183,3,GGA,GGA
AF057309.1,97,99,367,369,3,GGA,GGA
AF057309.1,181,183,227,229,3,GGA,GGA
AF057309.1,227,229,367,369,3,GGA,GGA
AF057309.1,441,443,548,550,3,GGT,GGT
AF057309.1,444,450,549,555,7,GTTTTTT,GTTTTTT
AF057309.1,119,124,549,554,6,GTTTTT,GTTTTT
AF057309.1,119,124,444,449,6,GTTTTT,GTTTTT
AF057309.1,535,540,538,543,6,TAATAA,TAATAA
AF057309.1,34,37,518,521,4,TATT,TATT
AF057309.1,34,37,527,530,4,TATT,TATT
AF057309.1,34,37,499,502,4,TATT,TATT
AF057309.1,34,37,464,467,4,TATT,TATT
AF057309.1,518,521,527,530,4,TATT,TATT
AF057309.1,499,502,518,521,4,TATT,TATT
AF057309.1,51,56,208,213,6,TCAATT,TCAATT
AF057309.1,75,77,390,392,3,TCA,TCA
AF057309.1,75,77,130,132,3,TCA,TCA
AF057309.1,51,53,75,77,3,TCA,TCA
AF057309.1,3,5,390,392,3,TCA,TCA
AF057309.1,18,20,390,392,3,TCA,TCA
AF057309.1,3,5,86,88,3,TCA,TCA
AF057309.1,3,5,495,497,3,TCA,TCA
AF057309.1,3,5,208,210,3,TCA,TCA
AF057309.1,18,20,86,88,3,TCA,TCA
AF057309.1,18,20,495,497,3,TCA,TCA
AF057309.1,18,20,208,210,3,TCA,TCA
AF057309.1,75,77,249,251,3,TCA,TCA
AF057309.1,86,88,249,251,3,TCA,TCA
AF057309.1,249,251,495,497,3,TCA,TCA
AF057309.1,208,210,249,251,3,TCA,TCA
AF057309.1,3,5,249,251,3,TCA,TCA
AF057309.1,18,20,249,251,3,TCA,TCA
AF057309.1,130,132,249,251,3,TCA,TCA
AF057309.1,51,53,249,251,3,TCA,TCA
AF057309.1,310,312,390,392,3,TCA,TCA
AF057309.1,178,180,390,392,3,TCA,TCA
AF057309.1,3,5,310,312,3,TCA,TCA
AF057309.1,18,20,310,312,3,TCA,TCA
AF057309.1,130,132,310,312,3,TCA,TCA
AF057309.1,51,53,310,312,3,TCA,TCA
AF057309.1,3,5,178,180,3,TCA,TCA
AF057309.1,18,20,178,180,3,TCA,TCA
AF057309.1,130,132,178,180,3,TCA,TCA
AF057309.1,51,53,178,180,3,TCA,TCA
AF057309.1,56,58,390,392,3,TCA,TCA
AF057309.1,56,58,75,77,3,TCA,TCA
AF057309.1,56,58,86,88,3,TCA,TCA
AF057309.1,56,58,495,497,3,TCA,TCA
AF057309.1,56,58,208,210,3,TCA,TCA
AF057309.1,249,251,430,432,3,TCA,TCA
AF057309.1,390,392,430,432,3,TCA,TCA
AF057309.1,249,251,524,526,3,TCA,TCA
AF057309.1,390,392,524,526,3,TCA,TCA
AF057309.1,56,58,430,432,3,TCA,TCA
AF057309.1,3,5,430,432,3,TCA,TCA
AF057309.1,18,20,430,432,3,TCA,TCA
AF057309.1,130,132,430,432,3,TCA,TCA
AF057309.1,51,53,430,432,3,TCA,TCA
AF057309.1,56,58,524,526,3,TCA,TCA
AF057309.1,3,5,524,526,3,TCA,TCA
AF057309.1,18,20,524,526,3,TCA,TCA
AF057309.1,130,132,524,526,3,TCA,TCA
AF057309.1,51,53,524,526,3,TCA,TCA
AF057309.1,249,251,453,455,3,TCA,TCA
AF057309.1,390,392,453,455,3,TCA,TCA
AF057309.1,310,312,453,455,3,TCA,TCA
AF057309.1,178,180,453,455,3,TCA,TCA
AF057309.1,75,77,453,455,3,TCA,TCA
AF057309.1,86,88,453,455,3,TCA,TCA
AF057309.1,453,455,495,497,3,TCA,TCA
AF057309.1,208,210,453,455,3,TCA,TCA
AF057309.1,113,118,484,489,6,TCCAAC,TCCAAC
AF057309.1,113,118,398,403,6,TCCAAC,TCCAAC
AF057309.1,95,98,224,227,4,TCGG,TCGG
AF057309.1,224,227,258,261,4,TCGG,TCGG
AF057309.1,224,227,270,273,4,TCGG,TCGG
AF057309.1,95,98,258,261,4,TCGG,TCGG
AF057309.1,95,98,270,273,4,TCGG,TCGG
AF057309.1,95,98,326,329,4,TCGG,TCGG
AF057309.1,173,178,358,363,6,TCGTCT,TCGTCT
AF057309.1,396,404,482,490,9,TCTCCAACT,TCTCCAACT
AF057309.1,396,402,407,413,7,TCTCCAA,TCTCCAA
AF057309.1,407,413,482,488,7,TCTCCAA,TCTCCAA
AF057309.1,186,190,476,480,5,TCTCC,TCTCC
AF057309.1,396,400,476,480,5,TCTCC,TCTCC
AF057309.1,476,480,482,486,5,TCTCC,TCTCC
AF057309.1,407,411,476,480,5,TCTCC,TCTCC
AF057309.1,186,190,396,400,5,TCTCC,TCTCC
AF057309.1,186,190,482,486,5,TCTCC,TCTCC
AF057309.1,176,179,396,399,4,TCTC,TCTC
AF057309.1,206,209,396,399,4,TCTC,TCTC
AF057309.1,396,399,428,431,4,TCTC,TCTC
AF057309.1,176,179,476,479,4,TCTC,TCTC
AF057309.1,206,209,476,479,4,TCTC,TCTC
AF057309.1,428,431,476,479,4,TCTC,TCTC
AF057309.1,206,209,482,485,4,TCTC,TCTC
AF057309.1,428,431,482,485,4,TCTC,TCTC
AF057309.1,176,179,407,410,4,TCTC,TCTC
AF057309.1,176,179,186,189,4,TCTC,TCTC
AF057309.1,474,477,476,479,4,TCTC,TCTC
AF057309.1,474,477,482,485,4,TCTC,TCTC
AF057309.1,176,179,474,477,4,TCTC,TCTC
AF057309.1,407,410,474,477,4,TCTC,TCTC
AF057309.1,186,189,474,477,4,TCTC,TCTC
AF057309.1,206,209,474,477,4,TCTC,TCTC
AF057309.1,428,431,474,477,4,TCTC,TCTC
AF057309.1,44,47,396,399,4,TCTC,TCTC
AF057309.1,44,47,476,479,4,TCTC,TCTC
AF057309.1,44,47,482,485,4,TCTC,TCTC
AF057309.1,44,47,176,179,4,TCTC,TCTC
AF057309.1,134,139,351,356,6,TCTTCC,TCTTCC
AF057309.1,100,105,361,366,6,TCTTCT,TCTTCT
AF057309.1,100,105,203,208,6,TCTTCT,TCTTCT
AF057309.1,203,208,361,366,6,TCTTCT,TCTTCT
AF057309.1,100,104,351,355,5,TCTTC,TCTTC
AF057309.1,134,138,361,365,5,TCTTC,TCTTC
AF057309.1,351,355,361,365,5,TCTTC,TCTTC
AF057309.1,134,138,203,207,5,TCTTC,TCTTC
AF057309.1,203,207,351,355,5,TCTTC,TCTTC
AF057309.1,92,96,450,454,5,TCTTC,TCTTC
AF057309.1,92,96,100,104,5,TCTTC,TCTTC
AF057309.1,92,96,134,138,5,TCTTC,TCTTC
AF057309.1,92,96,361,365,5,TCTTC,TCTTC
AF057309.1,92,96,203,207,5,TCTTC,TCTTC
AF057309.1,100,104,450,454,5,TCTTC,TCTTC
AF057309.1,134,138,450,454,5,TCTTC,TCTTC
AF057309.1,351,355,450,454,5,TCTTC,TCTTC
AF057309.1,361,365,450,454,5,TCTTC,TCTTC
AF057309.1,37,39,396,398,3,TCT,TCT
AF057309.1,144,146,396,398,3,TCT,TCT
AF057309.1,103,105,396,398,3,TCT,TCT
AF057309.1,165,167,396,398,3,TCT,TCT
AF057309.1,37,39,474,476,3,TCT,TCT
AF057309.1,144,146,474,476,3,TCT,TCT
AF057309.1,103,105,474,476,3,TCT,TCT
AF057309.1,165,167,474,476,3,TCT,TCT
AF057309.1,476,478,533,535,3,TCT,TCT
AF057309.1,37,39,476,478,3,TCT,TCT
AF057309.1,144,146,476,478,3,TCT,TCT
AF057309.1,103,105,476,478,3,TCT,TCT
AF057309.1,165,167,476,478,3,TCT,TCT
AF057309.1,176,178,533,535,3,TCT,TCT
AF057309.1,482,484,533,535,3,TCT,TCT
AF057309.1,37,39,176,178,3,TCT,TCT
AF057309.1,144,146,176,178,3,TCT,TCT
AF057309.1,103,105,176,178,3,TCT,TCT
AF057309.1,165,167,176,178,3,TCT,TCT
AF057309.1,37,39,482,484,3,TCT,TCT
AF057309.1,144,146,482,484,3,TCT,TCT
AF057309.1,103,105,482,484,3,TCT,TCT
AF057309.1,165,167,482,484,3,TCT,TCT
AF057309.1,206,208,533,535,3,TCT,TCT
AF057309.1,428,430,533,535,3,TCT,TCT
AF057309.1,407,409,533,535,3,TCT,TCT
AF057309.1,186,188,533,535,3,TCT,TCT
AF057309.1,44,46,533,535,3,TCT,TCT
AF057309.1,242,244,396,398,3,TCT,TCT
AF057309.1,242,244,474,476,3,TCT,TCT
AF057309.1,242,244,533,535,3,TCT,TCT
AF057309.1,176,178,242,244,3,TCT,TCT
AF057309.1,242,244,482,484,3,TCT,TCT
AF057309.1,206,208,242,244,3,TCT,TCT
AF057309.1,242,244,428,430,3,TCT,TCT
AF057309.1,242,244,407,409,3,TCT,TCT
AF057309.1,186,188,242,244,3,TCT,TCT
AF057309.1,44,46,242,244,3,TCT,TCT
AF057309.1,37,39,242,244,3,TCT,TCT
AF057309.1,144,146,242,244,3,TCT,TCT
AF057309.1,103,105,242,244,3,TCT,TCT
AF057309.1,165,167,242,244,3,TCT,TCT
AF057309.1,364,366,396,398,3,TCT,TCT
AF057309.1,364,366,474,476,3,TCT,TCT
AF057309.1,364,366,533,535,3,TCT,TCT
AF057309.1,364,366,476,478,3,TCT,TCT
AF057309.1,176,178,364,366,3,TCT,TCT
AF057309.1,364,366,482,484,3,TCT,TCT
AF057309.1,134,136,242,244,3,TCT,TCT
AF057309.1,134,136,476,478,3,TCT,TCT
AF057309.1,100,102,242,244,3,TCT,TCT
AF057309.1,100,102,476,478,3,TCT,TCT
AF057309.1,134,136,176,178,3,TCT,TCT
AF057309.1,134,136,482,484,3,TCT,TCT
AF057309.1,100,102,176,178,3,TCT,TCT
AF057309.1,100,102,482,484,3,TCT,TCT
AF057309.1,134,136,364,366,3,TCT,TCT
AF057309.1,134,136,206,208,3,TCT,TCT
AF057309.1,134,136,428,430,3,TCT,TCT
AF057309.1,134,136,407,409,3,TCT,TCT
AF057309.1,134,136,186,188,3,TCT,TCT
AF057309.1,44,46,134,136,3,TCT,TCT
AF057309.1,37,39,134,136,3,TCT,TCT
AF057309.1,134,136,144,146,3,TCT,TCT
AF057309.1,103,105,134,136,3,TCT,TCT
AF057309.1,134,136,165,167,3,TCT,TCT
AF057309.1,100,102,364,366,3,TCT,TCT
AF057309.1,100,102,206,208,3,TCT,TCT
AF057309.1,100,102,428,430,3,TCT,TCT
AF057309.1,100,102,407,409,3,TCT,TCT
AF057309.1,100,102,186,188,3,TCT,TCT
AF057309.1,44,46,100,102,3,TCT,TCT
AF057309.1,37,39,100,102,3,TCT,TCT
AF057309.1,100,102,144,146,3,TCT,TCT
AF057309.1,100,102,103,105,3,TCT,TCT
AF057309.1,100,102,165,167,3,TCT,TCT
AF057309.1,351,353,396,398,3,TCT,TCT
AF057309.1,351,353,474,476,3,TCT,TCT
AF057309.1,351,353,533,535,3,TCT,TCT
AF057309.1,92,94,396,398,3,TCT,TCT
AF057309.1,92,94,474,476,3,TCT,TCT
AF057309.1,92,94,533,535,3,TCT,TCT
AF057309.1,46,48,396,398,3,TCT,TCT
AF057309.1,46,48,474,476,3,TCT,TCT
AF057309.1,46,48,533,535,3,TCT,TCT
AF057309.1,176,178,351,353,3,TCT,TCT
AF057309.1,351,353,482,484,3,TCT,TCT
AF057309.1,92,94,176,178,3,TCT,TCT
AF057309.1,92,94,482,484,3,TCT,TCT
AF057309.1,46,48,176,178,3,TCT,TCT
AF057309.1,46,48,482,484,3,TCT,TCT
AF057309.1,351,353,364,366,3,TCT,TCT
AF057309.1,206,208,351,353,3,TCT,TCT
AF057309.1,351,353,428,430,3,TCT,TCT
AF057309.1,351,353,407,409,3,TCT,TCT
AF057309.1,186,188,351,353,3,TCT,TCT
AF057309.1,44,46,351,353,3,TCT,TCT
AF057309.1,37,39,351,353,3,TCT,TCT
AF057309.1,144,146,351,353,3,TCT,TCT
AF057309.1,103,105,351,353,3,TCT,TCT
AF057309.1,165,167,351,353,3,TCT,TCT
AF057309.1,92,94,364,366,3,TCT,TCT
AF057309.1,92,94,206,208,3,TCT,TCT
AF057309.1,92,94,428,430,3,TCT,TCT
AF057309.1,92,94,407,409,3,TCT,TCT
AF057309.1,92,94,186,188,3,TCT,TCT
AF057309.1,44,46,92,94,3,TCT,TCT
AF057309.1,37,39,92,94,3,TCT,TCT
AF057309.1,92,94,144,146,3,TCT,TCT
AF057309.1,92,94,103,105,3,TCT,TCT
AF057309.1,92,94,165,167,3,TCT,TCT
AF057309.1,46,48,364,366,3,TCT,TCT
AF057309.1,46,48,206,208,3,TCT,TCT
AF057309.1,46,48,428,430,3,TCT,TCT
AF057309.1,46,48,407,409,3,TCT,TCT
AF057309.1,46,48,186,188,3,TCT,TCT
AF057309.1,44,46,46,48,3,TCT,TCT
AF057309.1,37,39,46,48,3,TCT,TCT
AF057309.1,46,48,144,146,3,TCT,TCT
AF057309.1,46,48,103,105,3,TCT,TCT
AF057309.1,46,48,165,167,3,TCT,TCT
AF057309.1,361,363,396,398,3,TCT,TCT
AF057309.1,361,363,474,476,3,TCT,TCT
AF057309.1,361,363,533,535,3,TCT,TCT
AF057309.1,242,244,361,363,3,TCT,TCT
AF057309.1,361,363,476,478,3,TCT,TCT
AF057309.1,361,363,364,366,3,TCT,TCT
AF057309.1,206,208,361,363,3,TCT,TCT
AF057309.1,361,363,428,430,3,TCT,TCT
AF057309.1,361,363,407,409,3,TCT,TCT
AF057309.1,186,188,361,363,3,TCT,TCT
AF057309.1,44,46,361,363,3,TCT,TCT
AF057309.1,37,39,361,363,3,TCT,TCT
AF057309.1,144,146,361,363,3,TCT,TCT
AF057309.1,103,105,361,363,3,TCT,TCT
AF057309.1,165,167,361,363,3,TCT,TCT
AF057309.1,396,398,450,452,3,TCT,TCT
AF057309.1,450,452,474,476,3,TCT,TCT
AF057309.1,450,452,533,535,3,TCT,TCT
AF057309.1,203,205,396,398,3,TCT,TCT
AF057309.1,203,205,474,476,3,TCT,TCT
AF057309.1,203,205,533,535,3,TCT,TCT
AF057309.1,242,244,450,452,3,TCT,TCT
AF057309.1,450,452,476,478,3,TCT,TCT
AF057309.1,203,205,242,244,3,TCT,TCT
AF057309.1,203,205,476,478,3,TCT,TCT
AF057309.1,176,178,450,452,3,TCT,TCT
AF057309.1,450,452,482,484,3,TCT,TCT
AF057309.1,176,178,203,205,3,TCT,TCT
AF057309.1,203,205,482,484,3,TCT,TCT
AF057309.1,69,72,423,426,4,TGAT,TGAT
AF057309.1,235,238,423,426,4,TGAT,TGAT
AF057309.1,315,318,460,463,4,TGAT,TGAT
AF057309.1,69,72,460,463,4,TGAT,TGAT
AF057309.1,235,238,460,463,4,TGAT,TGAT
AF057309.1,61,64,387,390,4,TGAT,TGAT
AF057309.1,387,390,423,426,4,TGAT,TGAT
AF057309.1,315,318,387,390,4,TGAT,TGAT
AF057309.1,69,72,387,390,4,TGAT,TGAT
AF057309.1,235,238,387,390,4,TGAT,TGAT
AF057309.1,61,64,423,426,4,TGAT,TGAT
AF057309.1,61,64,315,318,4,TGAT,TGAT
AF057309.1,61,64,69,72,4,TGAT,TGAT
AF057309.1,61,64,460,463,4,TGAT,TGAT
AF057309.1,72,77,521,526,6,TGCTCA,TGCTCA
AF057309.1,307,312,521,526,6,TGCTCA,TGCTCA
AF057309.1,366,368,547,549,3,TGG,TGG
AF057309.1,27,29,382,384,3,TTA,TTA
AF057309.1,27,29,530,532,3,TTA,TTA
AF057309.1,27,29,517,519,3,TTA,TTA
AF057309.1,382,384,463,465,3,TTA,TTA
AF057309.1,50,55,129,134,6,TTCAAT,TTCAAT
AF057309.1,2,5,129,132,4,TTCA,TTCA
AF057309.1,17,20,129,132,4,TTCA,TTCA
AF057309.1,2,5,50,53,4,TTCA,TTCA
AF057309.1,17,20,50,53,4,TTCA,TTCA
AF057309.1,55,58,452,455,4,TTCA,TTCA
AF057309.1,55,58,129,132,4,TTCA,TTCA
AF057309.1,50,53,55,58,4,TTCA,TTCA
AF057309.1,2,5,452,455,4,TTCA,TTCA
AF057309.1,17,20,452,455,4,TTCA,TTCA
AF057309.1,129,132,452,455,4,TTCA,TTCA
AF057309.1,50,53,452,455,4,TTCA,TTCA
AF057309.1,302,307,469,474,6,TTCGAT,TTCGAT
AF057309.1,102,107,164,169,6,TTCTAC,TTCTAC
AF057309.1,102,107,143,148,6,TTCTAC,TTCTAC
AF057309.1,143,148,164,169,6,TTCTAC,TTCTAC
AF057309.1,205,210,427,432,6,TTCTCA,TTCTCA
AF057309.1,185,190,406,411,6,TTCTCC,TTCTCC
AF057309.1,185,189,427,431,5,TTCTC,TTCTC
AF057309.1,205,209,406,410,5,TTCTC,TTCTC
AF057309.1,43,47,406,410,5,TTCTC,TTCTC
AF057309.1,43,47,427,431,5,TTCTC,TTCTC
AF057309.1,202,207,449,454,6,TTCTTC,TTCTTC
AF057309.1,36,39,205,208,4,TTCT,TTCT
AF057309.1,36,39,185,188,4,TTCT,TTCT
AF057309.1,36,39,43,46,4,TTCT,TTCT
AF057309.1,164,167,205,208,4,TTCT,TTCT
AF057309.1,164,167,185,188,4,TTCT,TTCT
AF057309.1,43,46,164,167,4,TTCT,TTCT
AF057309.1,143,146,205,208,4,TTCT,TTCT
AF057309.1,143,146,185,188,4,TTCT,TTCT
AF057309.1,43,46,143,146,4,TTCT,TTCT
AF057309.1,36,39,427,430,4,TTCT,TTCT
AF057309.1,36,39,406,409,4,TTCT,TTCT
AF057309.1,102,105,427,430,4,TTCT,TTCT
AF057309.1,102,105,406,409,4,TTCT,TTCT
AF057309.1,164,167,427,430,4,TTCT,TTCT
AF057309.1,164,167,406,409,4,TTCT,TTCT
AF057309.1,202,205,205,208,4,TTCT,TTCT
AF057309.1,185,188,202,205,4,TTCT,TTCT
AF057309.1,43,46,202,205,4,TTCT,TTCT
AF057309.1,102,105,202,205,4,TTCT,TTCT
AF057309.1,164,167,202,205,4,TTCT,TTCT
AF057309.1,202,205,427,430,4,TTCT,TTCT
AF057309.1,202,205,406,409,4,TTCT,TTCT
AF057309.1,143,146,202,205,4,TTCT,TTCT
AF057309.1,36,39,449,452,4,TTCT,TTCT
AF057309.1,205,208,449,452,4,TTCT,TTCT
AF057309.1,185,188,449,452,4,TTCT,TTCT
AF057309.1,43,46,449,452,4,TTCT,TTCT
AF057309.1,102,105,449,452,4,TTCT,TTCT
AF057309.1,164,167,449,452,4,TTCT,TTCT
AF057309.1,202,205,363,366,4,TTCT,TTCT
AF057309.1,36,39,363,366,4,TTCT,TTCT
AF057309.1,164,167,363,366,4,TTCT,TTCT
AF057309.1,363,366,449,452,4,TTCT,TTCT
AF057309.1,363,366,427,430,4,TTCT,TTCT
AF057309.1,363,366,406,409,4,TTCT,TTCT
AF057309.1,143,146,363,366,4,TTCT,TTCT
AF057309.1,2,4,353,355,3,TTC,TTC
AF057309.1,17,19,353,355,3,TTC,TTC
AF057309.1,55,57,353,355,3,TTC,TTC
AF057309.1,2,4,337,339,3,TTC,TTC
AF057309.1,17,19,337,339,3,TTC,TTC
AF057309.1,55,57,337,339,3,TTC,TTC
AF057309.1,2,4,136,138,3,TTC,TTC
AF057309.1,17,19,136,138,3,TTC,TTC
AF057309.1,55,57,136,138,3,TTC,TTC
AF057309.1,129,131,353,355,3,TTC,TTC
AF057309.1,129,131,337,339,3,TTC,TTC
AF057309.1,129,131,136,138,3,TTC,TTC
AF057309.1,50,52,353,355,3,TTC,TTC
AF057309.1,50,52,337,339,3,TTC,TTC
AF057309.1,50,52,136,138,3,TTC,TTC
AF057309.1,2,4,302,304,3,TTC,TTC
AF057309.1,17,19,302,304,3,TTC,TTC
AF057309.1,55,57,302,304,3,TTC,TTC
AF057309.1,2,4,94,96,3,TTC,TTC
AF057309.1,17,19,94,96,3,TTC,TTC
AF057309.1,55,57,94,96,3,TTC,TTC
AF057309.1,129,131,302,304,3,TTC,TTC
AF057309.1,94,96,129,131,3,TTC,TTC
AF057309.1,50,52,302,304,3,TTC,TTC
AF057309.1,50,52,94,96,3,TTC,TTC
AF057309.1,2,4,469,471,3,TTC,TTC
AF057309.1,17,19,469,471,3,TTC,TTC
AF057309.1,55,57,469,471,3,TTC,TTC
AF057309.1,2,4,374,376,3,TTC,TTC
AF057309.1,17,19,374,376,3,TTC,TTC
AF057309.1,55,57,374,376,3,TTC,TTC
AF057309.1,353,355,469,471,3,TTC,TTC
AF057309.1,337,339,469,471,3,TTC,TTC
AF057309.1,136,138,469,471,3,TTC,TTC
AF057309.1,452,454,469,471,3,TTC,TTC
AF057309.1,353,355,374,376,3,TTC,TTC
AF057309.1,337,339,374,376,3,TTC,TTC
AF057309.1,136,138,374,376,3,TTC,TTC
AF057309.1,374,376,452,454,3,TTC,TTC
AF057309.1,129,131,469,471,3,TTC,TTC
AF057309.1,129,131,374,376,3,TTC,TTC
AF057309.1,36,38,302,304,3,TTC,TTC
AF057309.1,36,38,94,96,3,TTC,TTC
AF057309.1,36,38,353,355,3,TTC,TTC
AF057309.1,36,38,337,339,3,TTC,TTC
AF057309.1,36,38,136,138,3,TTC,TTC
AF057309.1,36,38,452,454,3,TTC,TTC
AF057309.1,202,204,302,304,3,TTC,TTC
AF057309.1,94,96,202,204,3,TTC,TTC
AF057309.1,202,204,353,355,3,TTC,TTC
AF057309.1,202,204,337,339,3,TTC,TTC
AF057309.1,136,138,202,204,3,TTC,TTC
AF057309.1,202,204,452,454,3,TTC,TTC
AF057309.1,36,38,129,131,3,TTC,TTC
AF057309.1,129,131,202,204,3,TTC,TTC
AF057309.1,36,38,469,471,3,TTC,TTC
AF057309.1,36,38,374,376,3,TTC,TTC
AF057309.1,36,38,50,52,3,TTC,TTC
AF057309.1,202,204,469,471,3,TTC,TTC
AF057309.1,202,204,374,376,3,TTC,TTC
AF057309.1,50,52,202,204,3,TTC,TTC
AF057309.1,2,4,102,104,3,TTC,TTC
AF057309.1,17,19,102,104,3,TTC,TTC
AF057309.1,55,57,102,104,3,TTC,TTC
AF057309.1,2,4,205,207,3,TTC,TTC
AF057309.1,17,19,205,207,3,TTC,TTC
AF057309.1,55,57,205,207,3,TTC,TTC
AF057309.1,2,4,185,187,3,TTC,TTC
AF057309.1,17,19,185,187,3,TTC,TTC
AF057309.1,55,57,185,187,3,TTC,TTC
AF057309.1,2,4,43,45,3,TTC,TTC
AF057309.1,17,19,43,45,3,TTC,TTC
AF057309.1,43,45,55,57,3,TTC,TTC
AF057309.1,2,4,363,365,3,TTC,TTC
AF057309.1,17,19,363,365,3,TTC,TTC
AF057309.1,55,57,363,365,3,TTC,TTC
AF057309.1,102,104,129,131,3,TTC,TTC
AF057309.1,129,131,205,207,3,TTC,TTC
AF057309.1,129,131,185,187,3,TTC,TTC
AF057309.1,43,45,129,131,3,TTC,TTC
AF057309.1,129,131,363,365,3,TTC,TTC
AF057309.1,102,104,469,471,3,TTC,TTC
AF057309.1,102,104,374,376,3,TTC,TTC
AF057309.1,50,52,102,104,3,TTC,TTC
AF057309.1,205,207,469,471,3,TTC,TTC
AF057309.1,205,207,374,376,3,TTC,TTC
AF057309.1,50,52,205,207,3,TTC,TTC
AF057309.1,185,187,469,471,3,TTC,TTC
AF057309.1,185,187,374,376,3,TTC,TTC
AF057309.1,50,52,185,187,3,TTC,TTC
AF057309.1,43,45,469,471,3,TTC,TTC
AF057309.1,43,45,374,376,3,TTC,TTC
AF057309.1,43,45,50,52,3,TTC,TTC
AF057309.1,363,365,469,471,3,TTC,TTC
AF057309.1,363,365,374,376,3,TTC,TTC
AF057309.1,50,52,363,365,3,TTC,TTC
AF057309.1,2,4,164,166,3,TTC,TTC
AF057309.1,17,19,164,166,3,TTC,TTC
AF057309.1,55,57,164,166,3,TTC,TTC
AF057309.1,164,166,302,304,3,TTC,TTC
AF057309.1,94,96,164,166,3,TTC,TTC
AF057309.1,164,166,353,355,3,TTC,TTC
AF057309.1,164,166,337,339,3,TTC,TTC
AF057309.1,136,138,164,166,3,TTC,TTC
AF057309.1,164,166,452,454,3,TTC,TTC
AF057309.1,164,166,469,471,3,TTC,TTC
AF057309.1,164,166,374,376,3,TTC,TTC
AF057309.1,50,52,164,166,3,TTC,TTC
AF057309.1,2,4,143,145,3,TTC,TTC
AF057309.1,17,19,143,145,3,TTC,TTC
AF057309.1,55,57,143,145,3,TTC,TTC
AF057309.1,2,4,427,429,3,TTC,TTC
AF057309.1,17,19,427,429,3,TTC,TTC
AF057309.1,55,57,427,429,3,TTC,TTC
AF057309.1,2,4,406,408,3,TTC,TTC
AF057309.1,17,19,406,408,3,TTC,TTC
AF057309.1,55,57,406,408,3,TTC,TTC
AF057309.1,2,4,449,451,3,TTC,TTC
AF057309.1,17,19,449,451,3,TTC,TTC
AF057309.1,55,57,449,451,3,TTC,TTC
AF057309.1,143,145,302,304,3,TTC,TTC
AF057309.1,94,96,143,145,3,TTC,TTC
AF057309.1,143,145,353,355,3,TTC,TTC
AF057309.1,143,145,337,339,3,TTC,TTC
AF057309.1,136,138,143,145,3,TTC,TTC
AF057309.1,143,145,452,454,3,TTC,TTC
AF057309.1,302,304,427,429,3,TTC,TTC
AF057309.1,94,96,427,429,3,TTC,TTC
AF057309.1,353,355,427,429,3,TTC,TTC
AF057309.1,337,339,427,429,3,TTC,TTC
AF057309.1,136,138,427,429,3,TTC,TTC
AF057309.1,427,429,452,454,3,TTC,TTC
AF057309.1,302,304,406,408,3,TTC,TTC
AF057309.1,94,96,406,408,3,TTC,TTC
AF057309.1,353,355,406,408,3,TTC,TTC
AF057309.1,337,339,406,408,3,TTC,TTC
AF057309.1,136,138,406,408,3,TTC,TTC
AF057309.1,406,408,452,454,3,TTC,TTC
AF057309.1,302,304,449,451,3,TTC,TTC
AF057309.1,94,96,449,451,3,TTC,TTC
AF057309.1,353,355,449,451,3,TTC,TTC
AF057309.1,337,339,449,451,3,TTC,TTC
AF057309.1,136,138,449,451,3,TTC,TTC
AF057309.1,449,451,452,454,3,TTC,TTC
AF057309.1,129,131,143,145,3,TTC,TTC
AF057309.1,129,131,427,429,3,TTC,TTC
AF057309.1,129,131,406,408,3,TTC,TTC
AF057309.1,129,131,449,451,3,TTC,TTC
AF057309.1,405,410,426,431,6,TTTCTC,TTTCTC
AF057309.1,80,85,212,217,6,TTTGCC,TTTGCC
AF057309.1,122,125,212,215,4,TTTG,TTTG
AF057309.1,212,215,233,236,4,TTTG,TTTG
AF057309.1,80,83,122,125,4,TTTG,TTTG
AF057309.1,80,83,233,236,4,TTTG,TTTG
AF057309.1,80,83,501,504,4,TTTG,TTTG
AF057309.1,80,83,414,417,4,TTTG,TTTG
AF057309.1,80,83,456,459,4,TTTG,TTTG
AF057309.1,122,125,501,504,4,TTTG,TTTG
AF057309.1,233,236,501,504,4,TTTG,TTTG
AF057309.1,122,125,414,417,4,TTTG,TTTG
AF057309.1,233,236,414,417,4,TTTG,TTTG
AF057309.1,122,125,456,459,4,TTTG,TTTG
AF057309.1,233,236,456,459,4,TTTG,TTTG
AF057309.1,141,146,404,409,6,TTTTCT,TTTTCT
AF057309.1,404,409,447,452,6,TTTTCT,TTTTCT
AF057309.1,141,146,447,452,6,TTTTCT,TTTTCT
AF057309.1,404,408,467,471,5,TTTTC,TTTTC
AF057309.1,372,376,404,408,5,TTTTC,TTTTC
AF057309.1,141,145,467,471,5,TTTTC,TTTTC
AF057309.1,141,145,372,376,5,TTTTC,TTTTC
AF057309.1,48,52,141,145,5,TTTTC,TTTTC
AF057309.1,48,52,447,451,5,TTTTC,TTTTC
AF057309.1,48,52,467,471,5,TTTTC,TTTTC
AF057309.1,48,52,372,376,5,TTTTC,TTTTC
AF057309.1,371,377,466,472,7,TTTTTCG,TTTTTCG
AF057309.1,446,451,466,471,6,TTTTTC,TTTTTC
AF057309.1,371,376,446,451,6,TTTTTC,TTTTTC
AF057309.1,120,126,231,237,7,TTTTTGA,TTTTTGA

Total for length 3 is 835.
Total for length 4 is 240.
Total for length 5 is 36.
Total for length 6 is 55.
Total for length 7 is 11.
Total for length 9 is 2.
Total for length 11 is 1.

