Input file is sequence10.fasta.
Minimal fragment length is 3.
Working with probability estimation.
P value is : 0.050000.
Printing all instances.
Looking for direct non-complementary repeats.
AY558549.1 Alphabet size is 4.
Input sequence has 0 letters that are not in expected alphabet.
AY558549.1,62,69,203,210,8,AAGCTAGA,AAGCTAGA
AY558549.1,110,112,162,164,3,AAT,AAT
AY558549.1,31,33,162,164,3,AAT,AAT
AY558549.1,98,100,110,112,3,AAT,AAT
AY558549.1,31,33,98,100,3,AAT,AAT
AY558549.1,162,164,197,199,3,AAT,AAT
AY558549.1,98,100,197,199,3,AAT,AAT
AY558549.1,76,78,149,151,3,ACT,ACT
AY558549.1,55,57,127,129,3,ACT,ACT
AY558549.1,55,57,149,151,3,ACT,ACT
AY558549.1,76,78,181,183,3,ACT,ACT
AY558549.1,127,129,181,183,3,ACT,ACT
AY558549.1,55,57,181,183,3,ACT,ACT
AY558549.1,20,22,67,69,3,AGA,AGA
AY558549.1,20,22,160,162,3,AGA,AGA
AY558549.1,124,126,187,189,3,AGA,AGA
AY558549.1,67,69,187,189,3,AGA,AGA
AY558549.1,160,162,187,189,3,AGA,AGA
AY558549.1,124,126,208,210,3,AGA,AGA
AY558549.1,36,38,185,187,3,AGA,AGA
AY558549.1,20,22,185,187,3,AGA,AGA
AY558549.1,124,126,185,187,3,AGA,AGA
AY558549.1,185,187,187,189,3,AGA,AGA
AY558549.1,185,187,208,210,3,AGA,AGA
AY558549.1,67,69,185,187,3,AGA,AGA
AY558549.1,160,162,185,187,3,AGA,AGA
AY558549.1,20,22,36,38,3,AGA,AGA
AY558549.1,36,38,124,126,3,AGA,AGA
AY558549.1,36,38,187,189,3,AGA,AGA
AY558549.1,51,53,173,175,3,AGG,AGG
AY558549.1,12,14,51,53,3,AGG,AGG
AY558549.1,173,175,178,180,3,AGG,AGG
AY558549.1,12,14,178,180,3,AGG,AGG
AY558549.1,51,53,146,148,3,AGG,AGG
AY558549.1,51,53,178,180,3,AGG,AGG
AY558549.1,44,46,123,125,3,CAG,CAG
AY558549.1,19,21,44,46,3,CAG,CAG
AY558549.1,50,52,123,125,3,CAG,CAG
AY558549.1,19,21,50,52,3,CAG,CAG
AY558549.1,123,125,134,136,3,CAG,CAG
AY558549.1,19,21,134,136,3,CAG,CAG
AY558549.1,95,97,150,152,3,CTG,CTG
AY558549.1,128,130,166,168,3,CTG,CTG
AY558549.1,95,97,166,168,3,CTG,CTG
AY558549.1,47,49,150,152,3,CTG,CTG
AY558549.1,47,49,128,130,3,CTG,CTG
AY558549.1,47,49,166,168,3,CTG,CTG
AY558549.1,10,12,68,70,3,GAA,GAA
AY558549.1,10,12,125,127,3,GAA,GAA
AY558549.1,68,70,202,204,3,GAA,GAA
AY558549.1,125,127,202,204,3,GAA,GAA
AY558549.1,68,70,171,173,3,GAA,GAA
AY558549.1,125,127,171,173,3,GAA,GAA
AY558549.1,68,70,81,83,3,GAA,GAA
AY558549.1,81,83,125,127,3,GAA,GAA
AY558549.1,10,12,161,163,3,GAA,GAA
AY558549.1,161,163,202,204,3,GAA,GAA
AY558549.1,161,163,171,173,3,GAA,GAA
AY558549.1,81,83,161,163,3,GAA,GAA
AY558549.1,68,70,97,99,3,GAA,GAA
AY558549.1,97,99,125,127,3,GAA,GAA
AY558549.1,10,12,97,99,3,GAA,GAA
AY558549.1,137,139,164,166,3,TCC,TCC
AY558549.1,24,26,164,166,3,TCC,TCC
AY558549.1,17,19,164,166,3,TCC,TCC
AY558549.1,121,123,137,139,3,TCC,TCC
AY558549.1,24,26,137,139,3,TCC,TCC
AY558549.1,17,19,137,139,3,TCC,TCC
AY558549.1,169,174,200,205,6,TTGAAG,TTGAAG
AY558549.1,79,84,169,174,6,TTGAAG,TTGAAG

Total for length 3 is 67.
Total for length 6 is 2.
Total for length 8 is 1.

