Input file is sequence10.fasta.
Minimal fragment length is 3.
Working with probability estimation.
P value is : 0.050000.
Printing all instances.
Looking for direct complementary repeats.
AY558549.1 Alphabet size is 4.
Input sequence has 0 letters that are not in expected alphabet.
AY558549.1,30,33,117,120,4,AAAT,TTTA
AY558549.1,109,112,117,120,4,AAAT,TTTA
AY558549.1,30,33,33,36,4,AAAT,TTTA
AY558549.1,30,32,78,80,3,AAA,TTT
AY558549.1,30,32,89,91,3,AAA,TTT
AY558549.1,30,32,199,201,3,AAA,TTT
AY558549.1,126,129,200,203,4,AACT,TTGA
AY558549.1,126,129,169,172,4,AACT,TTGA
AY558549.1,27,29,79,81,3,AAC,TTG
AY558549.1,27,29,200,202,3,AAC,TTG
AY558549.1,75,77,90,92,3,AAC,TTG
AY558549.1,126,128,141,143,3,AAC,TTG
AY558549.1,69,71,190,192,3,AAC,TTG
AY558549.1,69,71,79,81,3,AAC,TTG
AY558549.1,69,71,200,202,3,AAC,TTG
AY558549.1,69,71,90,92,3,AAC,TTG
AY558549.1,69,71,169,171,3,AAC,TTG
AY558549.1,69,71,141,143,3,AAC,TTG
AY558549.1,75,77,190,192,3,AAC,TTG
AY558549.1,27,29,190,192,3,AAC,TTG
AY558549.1,126,128,190,192,3,AAC,TTG
AY558549.1,11,13,102,104,3,AAG,TTC
AY558549.1,172,174,194,196,3,AAG,TTC
AY558549.1,11,13,194,196,3,AAG,TTC
AY558549.1,145,147,194,196,3,AAG,TTC
AY558549.1,184,186,194,196,3,AAG,TTC
AY558549.1,82,84,102,104,3,AAG,TTC
AY558549.1,55,59,80,84,5,ACTTC,TGAAG
AY558549.1,55,59,170,174,5,ACTTC,TGAAG
AY558549.1,55,59,201,205,5,ACTTC,TGAAG
AY558549.1,127,129,129,131,3,ACT,TGA
AY558549.1,149,151,170,172,3,ACT,TGA
AY558549.1,149,151,201,203,3,ACT,TGA
AY558549.1,181,183,201,203,3,ACT,TGA
AY558549.1,76,78,129,131,3,ACT,TGA
AY558549.1,55,57,129,131,3,ACT,TGA
AY558549.1,76,78,211,213,3,ACT,TGA
AY558549.1,127,129,211,213,3,ACT,TGA
AY558549.1,149,151,211,213,3,ACT,TGA
AY558549.1,181,183,211,213,3,ACT,TGA
AY558549.1,20,23,103,106,4,AGAT,TCTA
AY558549.1,67,69,103,105,3,AGA,TCT
AY558549.1,20,22,58,60,3,AGA,TCT
AY558549.1,20,22,115,117,3,AGA,TCT
AY558549.1,36,38,103,105,3,AGA,TCT
AY558549.1,36,38,58,60,3,AGA,TCT
AY558549.1,51,54,121,124,4,AGGT,TCCA
AY558549.1,86,88,113,115,3,ATA,TAT
AY558549.1,86,88,119,121,3,ATA,TAT
AY558549.1,1,3,54,56,3,ATG,TAC
AY558549.1,61,64,101,104,4,CAAG,GTTC
AY558549.1,61,64,193,196,4,CAAG,GTTC
AY558549.1,26,28,101,103,3,CAA,GTT
AY558549.1,74,76,101,103,3,CAA,GTT
AY558549.1,74,76,193,195,3,CAA,GTT
AY558549.1,61,63,168,170,3,CAA,GTT
AY558549.1,61,63,140,142,3,CAA,GTT
AY558549.1,29,31,193,195,3,CAA,GTT
AY558549.1,29,31,140,142,3,CAA,GTT
AY558549.1,7,9,8,10,3,CGC,GCG
AY558549.1,182,184,209,211,3,CTA,GAT
AY558549.1,65,67,130,132,3,CTA,GAT
AY558549.1,65,67,209,211,3,CTA,GAT
AY558549.1,65,67,188,190,3,CTA,GAT
AY558549.1,206,208,209,211,3,CTA,GAT
AY558549.1,176,178,209,211,3,CTA,GAT
AY558549.1,176,178,188,190,3,CTA,GAT
AY558549.1,104,106,130,132,3,CTA,GAT
AY558549.1,95,98,148,151,4,CTGA,GACT
AY558549.1,128,131,148,151,4,CTGA,GACT
AY558549.1,95,98,180,183,4,CTGA,GACT
AY558549.1,130,132,176,178,3,GAT,CTA
AY558549.1,130,132,206,208,3,GAT,CTA
AY558549.1,21,23,176,178,3,GAT,CTA
AY558549.1,21,23,206,208,3,GAT,CTA
AY558549.1,21,23,65,67,3,GAT,CTA
AY558549.1,188,190,206,208,3,GAT,CTA
AY558549.1,43,45,139,141,3,GCA,CGT
AY558549.1,49,51,139,141,3,GCA,CGT
AY558549.1,133,135,139,141,3,GCA,CGT
AY558549.1,8,10,42,44,3,GCG,CGC
AY558549.1,8,10,39,41,3,GCG,CGC
AY558549.1,15,18,61,64,4,GTTC,CAAG
AY558549.1,15,17,74,76,3,GTT,CAA
AY558549.1,140,142,196,198,3,GTT,CAA
AY558549.1,193,195,196,198,3,GTT,CAA
AY558549.1,15,17,196,198,3,GTT,CAA
AY558549.1,168,170,196,198,3,GTT,CAA
AY558549.1,101,103,196,198,3,GTT,CAA
AY558549.1,15,17,29,31,3,GTT,CAA
AY558549.1,54,56,99,101,3,TAC,ATG
AY558549.1,54,56,131,133,3,TAC,ATG
AY558549.1,87,89,158,160,3,TAT,ATA
AY558549.1,24,27,51,54,4,TCCA,AGGT
AY558549.1,17,20,51,54,4,TCCA,AGGT
AY558549.1,6,8,45,47,3,TCG,AGC
AY558549.1,6,8,204,206,3,TCG,AGC
AY558549.1,6,8,63,65,3,TCG,AGC
AY558549.1,103,106,208,211,4,TCTA,AGAT
AY558549.1,103,106,187,190,4,TCTA,AGAT
AY558549.1,4,6,208,210,3,TCT,AGA
AY558549.1,4,6,187,189,3,TCT,AGA
AY558549.1,58,60,208,210,3,TCT,AGA
AY558549.1,58,60,187,189,3,TCT,AGA
AY558549.1,115,117,187,189,3,TCT,AGA
AY558549.1,4,6,160,162,3,TCT,AGA
AY558549.1,4,6,67,69,3,TCT,AGA
AY558549.1,58,60,160,162,3,TCT,AGA
AY558549.1,103,105,160,162,3,TCT,AGA
AY558549.1,58,60,67,69,3,TCT,AGA
AY558549.1,115,117,185,187,3,TCT,AGA
AY558549.1,58,60,124,126,3,TCT,AGA
AY558549.1,103,105,124,126,3,TCT,AGA
AY558549.1,4,6,36,38,3,TCT,AGA
AY558549.1,80,82,149,151,3,TGA,ACT
AY558549.1,96,98,127,129,3,TGA,ACT
AY558549.1,170,172,181,183,3,TGA,ACT
AY558549.1,80,82,181,183,3,TGA,ACT
AY558549.1,23,25,82,84,3,TTC,AAG
AY558549.1,16,18,82,84,3,TTC,AAG
AY558549.1,23,25,203,205,3,TTC,AAG
AY558549.1,16,18,203,205,3,TTC,AAG
AY558549.1,194,196,203,205,3,TTC,AAG
AY558549.1,23,25,62,64,3,TTC,AAG
AY558549.1,16,18,184,186,3,TTC,AAG
AY558549.1,57,59,145,147,3,TTC,AAG
AY558549.1,57,59,62,64,3,TTC,AAG
AY558549.1,102,104,145,147,3,TTC,AAG
AY558549.1,102,104,203,205,3,TTC,AAG
AY558549.1,102,104,172,174,3,TTC,AAG
AY558549.1,79,82,126,129,4,TTGA,AACT
AY558549.1,90,92,126,128,3,TTG,AAC

Total for length 3 is 111.
Total for length 4 is 18.
Total for length 5 is 3.

