Input file is sequence10.fasta.
Minimal fragment length is 3.
Working with probability estimation.
P value is : 0.050000.
Printing all instances.
Looking for inverse non-complementary repeats.
AY558549.1 Alphabet size is 4.
Input sequence has 0 letters that are not in expected alphabet.
AY558549.1,62,64,161,163,3,AAG,GAA
AY558549.1,11,13,125,127,3,AAG,GAA
AY558549.1,11,13,68,70,3,AAG,GAA
AY558549.1,11,13,161,163,3,AAG,GAA
AY558549.1,82,84,125,127,3,AAG,GAA
AY558549.1,62,64,171,173,3,AAG,GAA
AY558549.1,62,64,202,204,3,AAG,GAA
AY558549.1,62,64,81,83,3,AAG,GAA
AY558549.1,82,84,161,163,3,AAG,GAA
AY558549.1,145,147,171,173,3,AAG,GAA
AY558549.1,145,147,202,204,3,AAG,GAA
AY558549.1,184,186,202,204,3,AAG,GAA
AY558549.1,62,64,97,99,3,AAG,GAA
AY558549.1,11,13,97,99,3,AAG,GAA
AY558549.1,110,112,144,146,3,AAT,TAA
AY558549.1,110,112,183,185,3,AAT,TAA
AY558549.1,31,33,144,146,3,AAT,TAA
AY558549.1,31,33,183,185,3,AAT,TAA
AY558549.1,20,23,66,69,4,AGAT,TAGA
AY558549.1,20,23,207,210,4,AGAT,TAGA
AY558549.1,187,190,207,210,4,AGAT,TAGA
AY558549.1,20,23,159,162,4,AGAT,TAGA
AY558549.1,124,126,124,126,3,AGA,AGA
AY558549.1,67,69,124,126,3,AGA,AGA
AY558549.1,36,38,185,187,3,AGA,AGA
AY558549.1,185,187,185,187,3,AGA,AGA
AY558549.1,124,126,187,189,3,AGA,AGA
AY558549.1,124,126,160,162,3,AGA,AGA
AY558549.1,36,38,160,162,3,AGA,AGA
AY558549.1,67,69,160,162,3,AGA,AGA
AY558549.1,160,162,160,162,3,AGA,AGA
AY558549.1,36,38,67,69,3,AGA,AGA
AY558549.1,67,69,67,69,3,AGA,AGA
AY558549.1,20,22,124,126,3,AGA,AGA
AY558549.1,20,22,185,187,3,AGA,AGA
AY558549.1,20,22,187,189,3,AGA,AGA
AY558549.1,20,22,20,22,3,AGA,AGA
AY558549.1,36,38,36,38,3,AGA,AGA
AY558549.1,187,189,187,189,3,AGA,AGA
AY558549.1,185,187,208,210,3,AGA,AGA
AY558549.1,124,126,208,210,3,AGA,AGA
AY558549.1,32,34,112,114,3,ATT,TTA
AY558549.1,111,113,118,120,3,ATT,TTA
AY558549.1,22,24,118,120,3,ATT,TTA
AY558549.1,22,24,112,114,3,ATT,TTA
AY558549.1,123,125,148,150,3,CAG,GAC
AY558549.1,19,21,148,150,3,CAG,GAC
AY558549.1,123,125,180,182,3,CAG,GAC
AY558549.1,19,21,180,182,3,CAG,GAC
AY558549.1,44,46,148,150,3,CAG,GAC
AY558549.1,44,46,180,182,3,CAG,GAC
AY558549.1,134,136,148,150,3,CAG,GAC
AY558549.1,134,136,180,182,3,CAG,GAC
AY558549.1,47,49,155,157,3,CTG,GTC
AY558549.1,95,97,155,157,3,CTG,GTC
AY558549.1,47,49,136,138,3,CTG,GTC
AY558549.1,10,13,10,13,4,GAAG,GAAG
AY558549.1,171,174,202,205,4,GAAG,GAAG
AY558549.1,202,205,202,205,4,GAAG,GAAG
AY558549.1,10,13,171,174,4,GAAG,GAAG
AY558549.1,171,174,171,174,4,GAAG,GAAG
AY558549.1,10,13,81,84,4,GAAG,GAAG
AY558549.1,68,70,203,205,3,GAA,AAG
AY558549.1,125,127,203,205,3,GAA,AAG
AY558549.1,68,70,172,174,3,GAA,AAG
AY558549.1,125,127,172,174,3,GAA,AAG
AY558549.1,68,70,82,84,3,GAA,AAG
AY558549.1,10,12,184,186,3,GAA,AAG
AY558549.1,161,163,203,205,3,GAA,AAG
AY558549.1,161,163,172,174,3,GAA,AAG
AY558549.1,171,173,184,186,3,GAA,AAG
AY558549.1,81,83,184,186,3,GAA,AAG
AY558549.1,68,70,145,147,3,GAA,AAG
AY558549.1,125,127,145,147,3,GAA,AAG
AY558549.1,10,12,145,147,3,GAA,AAG
AY558549.1,81,83,145,147,3,GAA,AAG
AY558549.1,97,99,203,205,3,GAA,AAG
AY558549.1,97,99,172,174,3,GAA,AAG
AY558549.1,37,46,37,46,10,GACGCCGCAG,GACGCCGCAG
AY558549.1,136,138,150,152,3,GTC,CTG
AY558549.1,155,157,166,168,3,GTC,CTG
AY558549.1,3,5,95,97,3,GTC,CTG
AY558549.1,3,5,128,130,3,GTC,CTG
AY558549.1,3,5,47,49,3,GTC,CTG
AY558549.1,15,17,169,171,3,GTT,TTG
AY558549.1,101,103,169,171,3,GTT,TTG
AY558549.1,15,17,141,143,3,GTT,TTG
AY558549.1,140,142,200,202,3,GTT,TTG
AY558549.1,193,195,200,202,3,GTT,TTG
AY558549.1,15,17,200,202,3,GTT,TTG
AY558549.1,15,17,79,81,3,GTT,TTG
AY558549.1,168,170,200,202,3,GTT,TTG
AY558549.1,101,103,200,202,3,GTT,TTG
AY558549.1,15,17,90,92,3,GTT,TTG
AY558549.1,140,142,190,192,3,GTT,TTG
AY558549.1,168,170,190,192,3,GTT,TTG
AY558549.1,101,103,190,192,3,GTT,TTG
AY558549.1,108,110,162,164,3,TAA,AAT
AY558549.1,183,185,197,199,3,TAA,AAT
AY558549.1,144,146,197,199,3,TAA,AAT
AY558549.1,108,110,197,199,3,TAA,AAT
AY558549.1,159,162,208,211,4,TAGA,AGAT
AY558549.1,66,69,208,211,4,TAGA,AGAT
AY558549.1,35,38,208,211,4,TAGA,AGAT
AY558549.1,159,162,187,190,4,TAGA,AGAT
AY558549.1,66,69,187,190,4,TAGA,AGAT
AY558549.1,4,6,115,117,3,TCT,TCT
AY558549.1,4,6,103,105,3,TCT,TCT
AY558549.1,58,60,103,105,3,TCT,TCT
AY558549.1,103,105,103,105,3,TCT,TCT
AY558549.1,115,117,115,117,3,TCT,TCT
AY558549.1,4,6,58,60,3,TCT,TCT
AY558549.1,58,60,58,60,3,TCT,TCT
AY558549.1,4,6,4,6,3,TCT,TCT
AY558549.1,34,36,111,113,3,TTA,ATT
AY558549.1,112,114,189,191,3,TTA,ATT
AY558549.1,112,114,198,200,3,TTA,ATT
AY558549.1,118,120,189,191,3,TTA,ATT
AY558549.1,169,171,193,195,3,TTG,GTT
AY558549.1,79,81,193,195,3,TTG,GTT
AY558549.1,79,81,101,103,3,TTG,GTT
AY558549.1,141,143,193,195,3,TTG,GTT
AY558549.1,79,81,168,170,3,TTG,GTT
AY558549.1,90,92,193,195,3,TTG,GTT
AY558549.1,90,92,140,142,3,TTG,GTT
AY558549.1,79,81,140,142,3,TTG,GTT

Total for length 3 is 110.
Total for length 4 is 15.
Total for length 10 is 1.

