Input file is sequence2.fasta.
Minimal fragment length is 3.
Working with probability estimation.
P value is : 0.050000.
Printing all instances.
Looking for direct non-complementary repeats.
X91917.1 Alphabet size is 4.
Input sequence has 0 letters that are not in expected alphabet.
X91917.1,25,30,122,127,6,AAAAGA,AAAAGA
X91917.1,120,122,302,304,3,AAA,AAA
X91917.1,25,27,302,304,3,AAA,AAA
X91917.1,301,303,302,304,3,AAA,AAA
X91917.1,60,62,121,123,3,AAA,AAA
X91917.1,60,62,122,124,3,AAA,AAA
X91917.1,60,62,120,122,3,AAA,AAA
X91917.1,60,62,301,303,3,AAA,AAA
X91917.1,121,123,428,430,3,AAA,AAA
X91917.1,122,124,428,430,3,AAA,AAA
X91917.1,121,123,454,456,3,AAA,AAA
X91917.1,122,124,454,456,3,AAA,AAA
X91917.1,120,122,428,430,3,AAA,AAA
X91917.1,120,122,454,456,3,AAA,AAA
X91917.1,25,27,428,430,3,AAA,AAA
X91917.1,25,27,454,456,3,AAA,AAA
X91917.1,120,122,123,125,3,AAA,AAA
X91917.1,26,28,120,122,3,AAA,AAA
X91917.1,60,62,123,125,3,AAA,AAA
X91917.1,25,27,123,125,3,AAA,AAA
X91917.1,26,28,60,62,3,AAA,AAA
X91917.1,25,27,26,28,3,AAA,AAA
X91917.1,123,125,428,430,3,AAA,AAA
X91917.1,123,125,454,456,3,AAA,AAA
X91917.1,123,125,301,303,3,AAA,AAA
X91917.1,26,28,428,430,3,AAA,AAA
X91917.1,26,28,454,456,3,AAA,AAA
X91917.1,26,28,301,303,3,AAA,AAA
X91917.1,174,176,302,304,3,AAA,AAA
X91917.1,121,123,174,176,3,AAA,AAA
X91917.1,122,124,174,176,3,AAA,AAA
X91917.1,80,82,302,304,3,AAA,AAA
X91917.1,80,82,121,123,3,AAA,AAA
X91917.1,80,82,122,124,3,AAA,AAA
X91917.1,60,62,174,176,3,AAA,AAA
X91917.1,25,27,174,176,3,AAA,AAA
X91917.1,60,62,80,82,3,AAA,AAA
X91917.1,25,27,80,82,3,AAA,AAA
X91917.1,174,176,428,430,3,AAA,AAA
X91917.1,174,176,454,456,3,AAA,AAA
X91917.1,174,176,301,303,3,AAA,AAA
X91917.1,80,82,428,430,3,AAA,AAA
X91917.1,80,82,454,456,3,AAA,AAA
X91917.1,80,82,301,303,3,AAA,AAA
X91917.1,2,4,302,304,3,AAA,AAA
X91917.1,2,4,121,123,3,AAA,AAA
X91917.1,2,4,122,124,3,AAA,AAA
X91917.1,2,4,120,122,3,AAA,AAA
X91917.1,2,4,428,430,3,AAA,AAA
X91917.1,2,4,454,456,3,AAA,AAA
X91917.1,2,4,301,303,3,AAA,AAA
X91917.1,123,125,450,452,3,AAA,AAA
X91917.1,26,28,450,452,3,AAA,AAA
X91917.1,302,304,450,452,3,AAA,AAA
X91917.1,121,123,450,452,3,AAA,AAA
X91917.1,122,124,450,452,3,AAA,AAA
X91917.1,123,125,390,392,3,AAA,AAA
X91917.1,26,28,390,392,3,AAA,AAA
X91917.1,302,304,390,392,3,AAA,AAA
X91917.1,121,123,390,392,3,AAA,AAA
X91917.1,122,124,390,392,3,AAA,AAA
X91917.1,174,176,450,452,3,AAA,AAA
X91917.1,80,82,450,452,3,AAA,AAA
X91917.1,120,122,450,452,3,AAA,AAA
X91917.1,174,176,390,392,3,AAA,AAA
X91917.1,80,82,390,392,3,AAA,AAA
X91917.1,120,122,390,392,3,AAA,AAA
X91917.1,428,430,450,452,3,AAA,AAA
X91917.1,450,452,454,456,3,AAA,AAA
X91917.1,301,303,450,452,3,AAA,AAA
X91917.1,390,392,428,430,3,AAA,AAA
X91917.1,390,392,454,456,3,AAA,AAA
X91917.1,301,303,390,392,3,AAA,AAA
X91917.1,123,125,464,466,3,AAA,AAA
X91917.1,26,28,464,466,3,AAA,AAA
X91917.1,302,304,464,466,3,AAA,AAA
X91917.1,121,123,464,466,3,AAA,AAA
X91917.1,122,124,464,466,3,AAA,AAA
X91917.1,174,176,464,466,3,AAA,AAA
X91917.1,80,82,464,466,3,AAA,AAA
X91917.1,120,122,464,466,3,AAA,AAA
X91917.1,2,4,464,466,3,AAA,AAA
X91917.1,60,62,464,466,3,AAA,AAA
X91917.1,25,27,464,466,3,AAA,AAA
X91917.1,3,8,129,134,6,AAGAAG,AAGAAG
X91917.1,6,10,324,328,5,AAGAT,AAGAT
X91917.1,6,10,27,31,5,AAGAT,AAGAT
X91917.1,6,10,374,378,5,AAGAT,AAGAT
X91917.1,27,31,324,328,5,AAGAT,AAGAT
X91917.1,124,127,129,132,4,AAGA,AAGA
X91917.1,3,6,142,145,4,AAGA,AAGA
X91917.1,129,132,142,145,4,AAGA,AAGA
X91917.1,27,30,142,145,4,AAGA,AAGA
X91917.1,27,30,129,132,4,AAGA,AAGA
X91917.1,6,9,124,127,4,AAGA,AAGA
X91917.1,3,6,6,9,4,AAGA,AAGA
X91917.1,6,9,142,145,4,AAGA,AAGA
X91917.1,124,127,374,377,4,AAGA,AAGA
X91917.1,3,6,374,377,4,AAGA,AAGA
X91917.1,124,127,324,327,4,AAGA,AAGA
X91917.1,3,6,324,327,4,AAGA,AAGA
X91917.1,142,145,374,377,4,AAGA,AAGA
X91917.1,142,145,324,327,4,AAGA,AAGA
X91917.1,129,132,374,377,4,AAGA,AAGA
X91917.1,129,132,324,327,4,AAGA,AAGA
X91917.1,27,30,102,105,4,AAGA,AAGA
X91917.1,102,105,124,127,4,AAGA,AAGA
X91917.1,3,6,102,105,4,AAGA,AAGA
X91917.1,102,105,142,145,4,AAGA,AAGA
X91917.1,102,105,374,377,4,AAGA,AAGA
X91917.1,102,105,324,327,4,AAGA,AAGA
X91917.1,54,59,159,164,6,AAGGAG,AAGGAG
X91917.1,21,25,113,117,5,AAGGA,AAGGA
X91917.1,113,117,159,163,5,AAGGA,AAGGA
X91917.1,21,25,54,58,5,AAGGA,AAGGA
X91917.1,21,25,159,163,5,AAGGA,AAGGA
X91917.1,81,83,142,144,3,AAG,AAG
X91917.1,81,83,129,131,3,AAG,AAG
X91917.1,81,83,102,104,3,AAG,AAG
X91917.1,6,8,81,83,3,AAG,AAG
X91917.1,81,83,374,376,3,AAG,AAG
X91917.1,81,83,324,326,3,AAG,AAG
X91917.1,3,5,113,115,3,AAG,AAG
X91917.1,113,115,124,126,3,AAG,AAG
X91917.1,27,29,113,115,3,AAG,AAG
X91917.1,3,5,54,56,3,AAG,AAG
X91917.1,54,56,124,126,3,AAG,AAG
X91917.1,27,29,54,56,3,AAG,AAG
X91917.1,3,5,195,197,3,AAG,AAG
X91917.1,124,126,195,197,3,AAG,AAG
X91917.1,27,29,195,197,3,AAG,AAG
X91917.1,3,5,88,90,3,AAG,AAG
X91917.1,88,90,124,126,3,AAG,AAG
X91917.1,27,29,88,90,3,AAG,AAG
X91917.1,113,115,129,131,3,AAG,AAG
X91917.1,102,104,113,115,3,AAG,AAG
X91917.1,6,8,113,115,3,AAG,AAG
X91917.1,54,56,129,131,3,AAG,AAG
X91917.1,54,56,102,104,3,AAG,AAG
X91917.1,6,8,54,56,3,AAG,AAG
X91917.1,129,131,195,197,3,AAG,AAG
X91917.1,102,104,195,197,3,AAG,AAG
X91917.1,6,8,195,197,3,AAG,AAG
X91917.1,88,90,129,131,3,AAG,AAG
X91917.1,88,90,102,104,3,AAG,AAG
X91917.1,6,8,88,90,3,AAG,AAG
X91917.1,113,115,374,376,3,AAG,AAG
X91917.1,113,115,324,326,3,AAG,AAG
X91917.1,54,56,374,376,3,AAG,AAG
X91917.1,54,56,324,326,3,AAG,AAG
X91917.1,195,197,374,376,3,AAG,AAG
X91917.1,195,197,324,326,3,AAG,AAG
X91917.1,88,90,374,376,3,AAG,AAG
X91917.1,88,90,324,326,3,AAG,AAG
X91917.1,3,5,21,23,3,AAG,AAG
X91917.1,21,23,124,126,3,AAG,AAG
X91917.1,21,23,27,29,3,AAG,AAG
X91917.1,21,23,142,144,3,AAG,AAG
X91917.1,21,23,374,376,3,AAG,AAG
X91917.1,21,23,324,326,3,AAG,AAG
X91917.1,3,5,159,161,3,AAG,AAG
X91917.1,124,126,159,161,3,AAG,AAG
X91917.1,27,29,159,161,3,AAG,AAG
X91917.1,142,144,159,161,3,AAG,AAG
X91917.1,129,131,159,161,3,AAG,AAG
X91917.1,102,104,159,161,3,AAG,AAG
X91917.1,6,8,159,161,3,AAG,AAG
X91917.1,81,83,153,155,3,AAG,AAG
X91917.1,3,5,153,155,3,AAG,AAG
X91917.1,124,126,153,155,3,AAG,AAG
X91917.1,27,29,153,155,3,AAG,AAG
X91917.1,81,83,132,134,3,AAG,AAG
X91917.1,3,5,132,134,3,AAG,AAG
X91917.1,124,126,132,134,3,AAG,AAG
X91917.1,27,29,132,134,3,AAG,AAG
X91917.1,113,115,153,155,3,AAG,AAG
X91917.1,54,56,153,155,3,AAG,AAG
X91917.1,153,155,195,197,3,AAG,AAG
X91917.1,88,90,153,155,3,AAG,AAG
X91917.1,142,144,153,155,3,AAG,AAG
X91917.1,113,115,132,134,3,AAG,AAG
X91917.1,54,56,132,134,3,AAG,AAG
X91917.1,132,134,195,197,3,AAG,AAG
X91917.1,88,90,132,134,3,AAG,AAG
X91917.1,132,134,142,144,3,AAG,AAG
X91917.1,153,155,159,161,3,AAG,AAG
X91917.1,153,155,374,376,3,AAG,AAG
X91917.1,153,155,324,326,3,AAG,AAG
X91917.1,132,134,159,161,3,AAG,AAG
X91917.1,132,134,374,376,3,AAG,AAG
X91917.1,132,134,324,326,3,AAG,AAG
X91917.1,113,115,175,177,3,AAG,AAG
X91917.1,54,56,175,177,3,AAG,AAG
X91917.1,175,177,195,197,3,AAG,AAG
X91917.1,88,90,175,177,3,AAG,AAG
X91917.1,142,144,175,177,3,AAG,AAG
X91917.1,153,155,175,177,3,AAG,AAG
X91917.1,132,134,175,177,3,AAG,AAG
X91917.1,21,23,175,177,3,AAG,AAG
X91917.1,129,131,175,177,3,AAG,AAG
X91917.1,102,104,175,177,3,AAG,AAG
X91917.1,6,8,175,177,3,AAG,AAG
X91917.1,159,161,175,177,3,AAG,AAG
X91917.1,175,177,374,376,3,AAG,AAG
X91917.1,175,177,324,326,3,AAG,AAG
X91917.1,130,135,151,156,6,AGAAGT,AGAAGT
X91917.1,125,127,448,450,3,AGA,AGA
X91917.1,143,145,448,450,3,AGA,AGA
X91917.1,58,60,125,127,3,AGA,AGA
X91917.1,125,127,127,129,3,AGA,AGA
X91917.1,100,102,125,127,3,AGA,AGA
X91917.1,125,127,151,153,3,AGA,AGA
X91917.1,58,60,143,145,3,AGA,AGA
X91917.1,127,129,143,145,3,AGA,AGA
X91917.1,100,102,143,145,3,AGA,AGA
X91917.1,143,145,151,153,3,AGA,AGA
X91917.1,4,6,149,151,3,AGA,AGA
X91917.1,130,132,149,151,3,AGA,AGA
X91917.1,149,151,448,450,3,AGA,AGA
X91917.1,375,377,448,450,3,AGA,AGA
X91917.1,28,30,448,450,3,AGA,AGA
X91917.1,7,9,448,450,3,AGA,AGA
X91917.1,325,327,448,450,3,AGA,AGA
X91917.1,149,151,375,377,3,AGA,AGA
X91917.1,58,60,375,377,3,AGA,AGA
X91917.1,127,129,375,377,3,AGA,AGA
X91917.1,100,102,375,377,3,AGA,AGA
X91917.1,151,153,375,377,3,AGA,AGA
X91917.1,28,30,149,151,3,AGA,AGA
X91917.1,28,30,58,60,3,AGA,AGA
X91917.1,28,30,127,129,3,AGA,AGA
X91917.1,28,30,100,102,3,AGA,AGA
X91917.1,28,30,151,153,3,AGA,AGA
X91917.1,7,9,149,151,3,AGA,AGA
X91917.1,7,9,58,60,3,AGA,AGA
X91917.1,7,9,127,129,3,AGA,AGA
X91917.1,7,9,100,102,3,AGA,AGA
X91917.1,7,9,151,153,3,AGA,AGA
X91917.1,149,151,325,327,3,AGA,AGA
X91917.1,58,60,325,327,3,AGA,AGA
X91917.1,127,129,325,327,3,AGA,AGA
X91917.1,100,102,325,327,3,AGA,AGA
X91917.1,151,153,325,327,3,AGA,AGA
X91917.1,125,127,295,297,3,AGA,AGA
X91917.1,143,145,295,297,3,AGA,AGA
X91917.1,4,6,295,297,3,AGA,AGA
X91917.1,130,132,295,297,3,AGA,AGA
X91917.1,149,151,295,297,3,AGA,AGA
X91917.1,58,60,295,297,3,AGA,AGA
X91917.1,127,129,295,297,3,AGA,AGA
X91917.1,100,102,295,297,3,AGA,AGA
X91917.1,151,153,295,297,3,AGA,AGA
X91917.1,103,105,295,297,3,AGA,AGA
X91917.1,103,105,448,450,3,AGA,AGA
X91917.1,103,105,149,151,3,AGA,AGA
X91917.1,58,60,103,105,3,AGA,AGA
X91917.1,103,105,127,129,3,AGA,AGA
X91917.1,100,102,103,105,3,AGA,AGA
X91917.1,103,105,151,153,3,AGA,AGA
X91917.1,426,431,452,457,6,ATAAAC,ATAAAC
X91917.1,53,58,112,117,6,CAAGGA,CAAGGA
X91917.1,87,91,194,198,5,CAAGG,CAAGG
X91917.1,53,57,87,91,5,CAAGG,CAAGG
X91917.1,87,91,112,116,5,CAAGG,CAAGG
X91917.1,112,116,194,198,5,CAAGG,CAAGG
X91917.1,87,89,119,121,3,CAA,CAA
X91917.1,87,89,173,175,3,CAA,CAA
X91917.1,79,81,87,89,3,CAA,CAA
X91917.1,79,81,141,143,3,CAA,CAA
X91917.1,53,55,79,81,3,CAA,CAA
X91917.1,79,81,194,196,3,CAA,CAA
X91917.1,112,114,119,121,3,CAA,CAA
X91917.1,112,114,173,175,3,CAA,CAA
X91917.1,141,143,431,433,3,CAA,CAA
X91917.1,53,55,431,433,3,CAA,CAA
X91917.1,194,196,431,433,3,CAA,CAA
X91917.1,119,121,431,433,3,CAA,CAA
X91917.1,173,175,431,433,3,CAA,CAA
X91917.1,141,143,345,347,3,CAA,CAA
X91917.1,53,55,345,347,3,CAA,CAA
X91917.1,194,196,345,347,3,CAA,CAA
X91917.1,119,121,345,347,3,CAA,CAA
X91917.1,173,175,345,347,3,CAA,CAA
X91917.1,112,114,431,433,3,CAA,CAA
X91917.1,79,81,431,433,3,CAA,CAA
X91917.1,112,114,345,347,3,CAA,CAA
X91917.1,79,81,345,347,3,CAA,CAA
X91917.1,87,89,189,191,3,CAA,CAA
X91917.1,141,143,189,191,3,CAA,CAA
X91917.1,53,55,189,191,3,CAA,CAA
X91917.1,189,191,194,196,3,CAA,CAA
X91917.1,119,121,189,191,3,CAA,CAA
X91917.1,173,175,189,191,3,CAA,CAA
X91917.1,112,114,189,191,3,CAA,CAA
X91917.1,79,81,189,191,3,CAA,CAA
X91917.1,65,67,431,433,3,CAA,CAA
X91917.1,65,67,345,347,3,CAA,CAA
X91917.1,65,67,87,89,3,CAA,CAA
X91917.1,65,67,141,143,3,CAA,CAA
X91917.1,53,55,65,67,3,CAA,CAA
X91917.1,65,67,194,196,3,CAA,CAA
X91917.1,65,67,119,121,3,CAA,CAA
X91917.1,65,67,173,175,3,CAA,CAA
X91917.1,65,67,112,114,3,CAA,CAA
X91917.1,65,67,79,81,3,CAA,CAA
X91917.1,52,57,193,198,6,CCAAGG,CCAAGG
X91917.1,99,104,150,155,6,GAGAAG,GAGAAG
X91917.1,11,16,381,386,6,GCAGTC,GCAGTC
X91917.1,229,234,267,272,6,GCCACC,GCCACC
X91917.1,56,61,98,103,6,GGAGAA,GGAGAA
X91917.1,50,55,170,175,6,GGCCAA,GGCCAA
X91917.1,41,45,228,232,5,GGCCA,GGCCA
X91917.1,170,174,228,232,5,GGCCA,GGCCA
X91917.1,41,45,170,174,5,GGCCA,GGCCA
X91917.1,41,45,50,54,5,GGCCA,GGCCA
X91917.1,75,80,164,169,6,GGCGCA,GGCGCA
X91917.1,91,96,384,389,6,GTCATG,GTCATG
X91917.1,323,328,373,378,6,TAAGAT,TAAGAT
X91917.1,300,302,373,375,3,TAA,TAA
X91917.1,373,375,463,465,3,TAA,TAA
X91917.1,158,160,427,429,3,TAA,TAA
X91917.1,158,160,453,455,3,TAA,TAA
X91917.1,158,160,463,465,3,TAA,TAA
X91917.1,323,325,427,429,3,TAA,TAA
X91917.1,323,325,453,455,3,TAA,TAA
X91917.1,300,302,323,325,3,TAA,TAA
X91917.1,158,160,434,436,3,TAA,TAA
X91917.1,300,302,434,436,3,TAA,TAA
X91917.1,323,325,434,436,3,TAA,TAA
X91917.1,434,436,463,465,3,TAA,TAA
X91917.1,368,370,373,375,3,TAA,TAA
X91917.1,368,370,427,429,3,TAA,TAA
X91917.1,368,370,453,455,3,TAA,TAA
X91917.1,278,280,373,375,3,TAA,TAA
X91917.1,278,280,427,429,3,TAA,TAA
X91917.1,278,280,453,455,3,TAA,TAA
X91917.1,323,325,368,370,3,TAA,TAA
X91917.1,368,370,463,465,3,TAA,TAA
X91917.1,278,280,323,325,3,TAA,TAA
X91917.1,278,280,463,465,3,TAA,TAA
X91917.1,373,375,439,441,3,TAA,TAA
X91917.1,427,429,439,441,3,TAA,TAA
X91917.1,439,441,453,455,3,TAA,TAA
X91917.1,158,160,439,441,3,TAA,TAA
X91917.1,300,302,439,441,3,TAA,TAA
X91917.1,323,325,439,441,3,TAA,TAA
X91917.1,439,441,463,465,3,TAA,TAA
X91917.1,342,344,434,436,3,TAA,TAA
X91917.1,342,344,373,375,3,TAA,TAA
X91917.1,342,344,427,429,3,TAA,TAA
X91917.1,342,344,453,455,3,TAA,TAA
X91917.1,342,344,368,370,3,TAA,TAA
X91917.1,278,280,342,344,3,TAA,TAA
X91917.1,158,160,342,344,3,TAA,TAA
X91917.1,300,302,342,344,3,TAA,TAA
X91917.1,342,344,439,441,3,TAA,TAA
X91917.1,260,265,282,287,6,TACCCG,TACCCG
X91917.1,403,408,416,421,6,TAGTTT,TAGTTT
X91917.1,95,100,209,214,6,TGCGGA,TGCGGA
X91917.1,394,399,406,411,6,TTTCTT,TTTCTT
X91917.1,363,368,393,398,6,TTTTCT,TTTTCT

Total for length 3 is 303.
Total for length 4 is 22.
Total for length 5 is 16.
Total for length 6 is 20.

