Input file is sequence2.fasta.
Minimal fragment length is 3.
Working with probability estimation.
P value is : 0.050000.
Printing all instances.
Looking for inverse non-complementary repeats.
X91917.1 Alphabet size is 4.
Input sequence has 0 letters that are not in expected alphabet.
X91917.1,120,123,120,123,4,AAAA,AAAA
X91917.1,122,125,122,125,4,AAAA,AAAA
X91917.1,25,28,120,123,4,AAAA,AAAA
X91917.1,25,28,121,124,4,AAAA,AAAA
X91917.1,122,125,301,304,4,AAAA,AAAA
X91917.1,121,124,301,304,4,AAAA,AAAA
X91917.1,25,28,301,304,4,AAAA,AAAA
X91917.1,301,304,301,304,4,AAAA,AAAA
X91917.1,60,63,119,122,4,AAAC,CAAA
X91917.1,26,30,448,452,5,AAAGA,AGAAA
X91917.1,2,6,448,452,5,AAAGA,AGAAA
X91917.1,26,30,58,62,5,AAAGA,AGAAA
X91917.1,2,6,58,62,5,AAAGA,AGAAA
X91917.1,123,127,448,452,5,AAAGA,AGAAA
X91917.1,2,5,24,27,4,AAAG,GAAA
X91917.1,80,83,449,452,4,AAAG,GAAA
X91917.1,174,177,389,392,4,AAAG,GAAA
X91917.1,174,177,449,452,4,AAAG,GAAA
X91917.1,123,126,389,392,4,AAAG,GAAA
X91917.1,26,29,389,392,4,AAAG,GAAA
X91917.1,80,83,389,392,4,AAAG,GAAA
X91917.1,2,5,389,392,4,AAAG,GAAA
X91917.1,450,456,450,456,7,AAATAAA,AAATAAA
X91917.1,390,393,453,456,4,AAAT,TAAA
X91917.1,390,393,427,430,4,AAAT,TAAA
X91917.1,450,453,463,466,4,AAAT,TAAA
X91917.1,120,122,120,122,3,AAA,AAA
X91917.1,302,304,302,304,3,AAA,AAA
X91917.1,25,27,120,122,3,AAA,AAA
X91917.1,121,123,174,176,3,AAA,AAA
X91917.1,122,124,174,176,3,AAA,AAA
X91917.1,60,62,122,124,3,AAA,AAA
X91917.1,60,62,121,123,3,AAA,AAA
X91917.1,120,122,174,176,3,AAA,AAA
X91917.1,60,62,302,304,3,AAA,AAA
X91917.1,123,125,302,304,3,AAA,AAA
X91917.1,26,28,302,304,3,AAA,AAA
X91917.1,123,125,174,176,3,AAA,AAA
X91917.1,123,125,123,125,3,AAA,AAA
X91917.1,26,28,174,176,3,AAA,AAA
X91917.1,26,28,80,82,3,AAA,AAA
X91917.1,26,28,123,125,3,AAA,AAA
X91917.1,26,28,26,28,3,AAA,AAA
X91917.1,25,27,25,27,3,AAA,AAA
X91917.1,80,82,120,122,3,AAA,AAA
X91917.1,80,82,122,124,3,AAA,AAA
X91917.1,80,82,121,123,3,AAA,AAA
X91917.1,60,62,60,62,3,AAA,AAA
X91917.1,25,27,60,62,3,AAA,AAA
X91917.1,174,176,174,176,3,AAA,AAA
X91917.1,80,82,174,176,3,AAA,AAA
X91917.1,80,82,80,82,3,AAA,AAA
X91917.1,80,82,123,125,3,AAA,AAA
X91917.1,2,4,120,122,3,AAA,AAA
X91917.1,2,4,122,124,3,AAA,AAA
X91917.1,2,4,121,123,3,AAA,AAA
X91917.1,2,4,302,304,3,AAA,AAA
X91917.1,302,304,450,452,3,AAA,AAA
X91917.1,121,123,450,452,3,AAA,AAA
X91917.1,122,124,450,452,3,AAA,AAA
X91917.1,302,304,390,392,3,AAA,AAA
X91917.1,121,123,390,392,3,AAA,AAA
X91917.1,122,124,390,392,3,AAA,AAA
X91917.1,120,122,450,452,3,AAA,AAA
X91917.1,120,122,390,392,3,AAA,AAA
X91917.1,60,62,450,452,3,AAA,AAA
X91917.1,25,27,450,452,3,AAA,AAA
X91917.1,60,62,390,392,3,AAA,AAA
X91917.1,25,27,390,392,3,AAA,AAA
X91917.1,174,176,301,303,3,AAA,AAA
X91917.1,80,82,301,303,3,AAA,AAA
X91917.1,120,122,301,303,3,AAA,AAA
X91917.1,2,4,301,303,3,AAA,AAA
X91917.1,60,62,301,303,3,AAA,AAA
X91917.1,25,27,301,303,3,AAA,AAA
X91917.1,301,303,301,303,3,AAA,AAA
X91917.1,123,125,454,456,3,AAA,AAA
X91917.1,26,28,454,456,3,AAA,AAA
X91917.1,302,304,454,456,3,AAA,AAA
X91917.1,121,123,454,456,3,AAA,AAA
X91917.1,122,124,454,456,3,AAA,AAA
X91917.1,123,125,428,430,3,AAA,AAA
X91917.1,26,28,428,430,3,AAA,AAA
X91917.1,302,304,428,430,3,AAA,AAA
X91917.1,121,123,428,430,3,AAA,AAA
X91917.1,122,124,428,430,3,AAA,AAA
X91917.1,2,4,454,456,3,AAA,AAA
X91917.1,60,62,454,456,3,AAA,AAA
X91917.1,25,27,454,456,3,AAA,AAA
X91917.1,2,4,428,430,3,AAA,AAA
X91917.1,60,62,428,430,3,AAA,AAA
X91917.1,25,27,428,430,3,AAA,AAA
X91917.1,428,430,454,456,3,AAA,AAA
X91917.1,454,456,454,456,3,AAA,AAA
X91917.1,301,303,454,456,3,AAA,AAA
X91917.1,428,430,428,430,3,AAA,AAA
X91917.1,301,303,428,430,3,AAA,AAA
X91917.1,450,452,450,452,3,AAA,AAA
X91917.1,390,392,450,452,3,AAA,AAA
X91917.1,390,392,390,392,3,AAA,AAA
X91917.1,123,125,464,466,3,AAA,AAA
X91917.1,26,28,464,466,3,AAA,AAA
X91917.1,302,304,464,466,3,AAA,AAA
X91917.1,121,123,464,466,3,AAA,AAA
X91917.1,122,124,464,466,3,AAA,AAA
X91917.1,174,176,464,466,3,AAA,AAA
X91917.1,80,82,464,466,3,AAA,AAA
X91917.1,120,122,464,466,3,AAA,AAA
X91917.1,2,4,464,466,3,AAA,AAA
X91917.1,60,62,464,466,3,AAA,AAA
X91917.1,25,27,464,466,3,AAA,AAA
X91917.1,61,67,61,67,7,AACTCAA,AACTCAA
X91917.1,3,9,127,133,7,AAGAAGA,AGAAGAA
X91917.1,124,130,124,130,7,AAGAGAA,AAGAGAA
X91917.1,142,146,150,154,5,AAGAG,GAGAA
X91917.1,129,132,448,451,4,AAGA,AGAA
X91917.1,124,127,130,133,4,AAGA,AGAA
X91917.1,142,145,448,451,4,AAGA,AGAA
X91917.1,3,6,127,130,4,AAGA,AGAA
X91917.1,3,6,151,154,4,AAGA,AGAA
X91917.1,3,6,100,103,4,AAGA,AGAA
X91917.1,27,30,127,130,4,AAGA,AGAA
X91917.1,27,30,151,154,4,AAGA,AGAA
X91917.1,27,30,100,103,4,AAGA,AGAA
X91917.1,27,30,130,133,4,AAGA,AGAA
X91917.1,6,9,58,61,4,AAGA,AGAA
X91917.1,6,9,448,451,4,AAGA,AGAA
X91917.1,374,377,448,451,4,AAGA,AGAA
X91917.1,324,327,448,451,4,AAGA,AGAA
X91917.1,3,5,20,22,3,AAG,GAA
X91917.1,6,8,24,26,3,AAG,GAA
X91917.1,81,83,131,133,3,AAG,GAA
X91917.1,81,83,128,130,3,AAG,GAA
X91917.1,81,83,152,154,3,AAG,GAA
X91917.1,81,83,101,103,3,AAG,GAA
X91917.1,113,115,449,451,3,AAG,GAA
X91917.1,54,56,449,451,3,AAG,GAA
X91917.1,54,56,59,61,3,AAG,GAA
X91917.1,195,197,449,451,3,AAG,GAA
X91917.1,88,90,449,451,3,AAG,GAA
X91917.1,113,115,131,133,3,AAG,GAA
X91917.1,113,115,128,130,3,AAG,GAA
X91917.1,113,115,152,154,3,AAG,GAA
X91917.1,54,56,131,133,3,AAG,GAA
X91917.1,54,56,128,130,3,AAG,GAA
X91917.1,54,56,152,154,3,AAG,GAA
X91917.1,54,56,101,103,3,AAG,GAA
X91917.1,88,90,131,133,3,AAG,GAA
X91917.1,88,90,128,130,3,AAG,GAA
X91917.1,88,90,152,154,3,AAG,GAA
X91917.1,88,90,101,103,3,AAG,GAA
X91917.1,21,23,449,451,3,AAG,GAA
X91917.1,21,23,59,61,3,AAG,GAA
X91917.1,159,161,449,451,3,AAG,GAA
X91917.1,113,115,389,391,3,AAG,GAA
X91917.1,54,56,389,391,3,AAG,GAA
X91917.1,195,197,389,391,3,AAG,GAA
X91917.1,88,90,389,391,3,AAG,GAA
X91917.1,142,144,389,391,3,AAG,GAA
X91917.1,21,23,389,391,3,AAG,GAA
X91917.1,129,131,389,391,3,AAG,GAA
X91917.1,102,104,389,391,3,AAG,GAA
X91917.1,6,8,389,391,3,AAG,GAA
X91917.1,159,161,389,391,3,AAG,GAA
X91917.1,374,376,389,391,3,AAG,GAA
X91917.1,324,326,389,391,3,AAG,GAA
X91917.1,153,155,449,451,3,AAG,GAA
X91917.1,132,134,449,451,3,AAG,GAA
X91917.1,369,375,369,375,7,AATATAA,AATATAA
X91917.1,346,349,452,455,4,AATA,ATAA
X91917.1,346,349,433,436,4,AATA,ATAA
X91917.1,369,372,452,455,4,AATA,ATAA
X91917.1,346,349,426,429,4,AATA,ATAA
X91917.1,369,372,426,429,4,AATA,ATAA
X91917.1,190,192,453,455,3,AAT,TAA
X91917.1,190,192,427,429,3,AAT,TAA
X91917.1,190,192,373,375,3,AAT,TAA
X91917.1,190,192,434,436,3,AAT,TAA
X91917.1,440,442,453,455,3,AAT,TAA
X91917.1,346,348,368,370,3,AAT,TAA
X91917.1,435,437,453,455,3,AAT,TAA
X91917.1,190,192,439,441,3,AAT,TAA
X91917.1,432,434,439,441,3,AAT,TAA
X91917.1,346,348,439,441,3,AAT,TAA
X91917.1,190,192,463,465,3,AAT,TAA
X91917.1,432,434,463,465,3,AAT,TAA
X91917.1,346,348,463,465,3,AAT,TAA
X91917.1,435,437,463,465,3,AAT,TAA
X91917.1,440,442,463,465,3,AAT,TAA
X91917.1,369,371,463,465,3,AAT,TAA
X91917.1,391,393,439,441,3,AAT,TAA
X91917.1,391,393,434,436,3,AAT,TAA
X91917.1,190,192,323,325,3,AAT,TAA
X91917.1,279,281,300,302,3,AAT,TAA
X91917.1,279,281,453,455,3,AAT,TAA
X91917.1,279,281,427,429,3,AAT,TAA
X91917.1,279,281,373,375,3,AAT,TAA
X91917.1,181,187,181,187,7,ACCTCCA,ACCTCCA
X91917.1,117,119,140,142,3,ACC,CCA
X91917.1,117,119,172,174,3,ACC,CCA
X91917.1,117,119,268,270,3,ACC,CCA
X91917.1,117,119,230,232,3,ACC,CCA
X91917.1,261,263,268,270,3,ACC,CCA
X91917.1,256,258,268,270,3,ACC,CCA
X91917.1,117,119,193,195,3,ACC,CCA
X91917.1,117,119,250,252,3,ACC,CCA
X91917.1,181,183,268,270,3,ACC,CCA
X91917.1,181,183,230,232,3,ACC,CCA
X91917.1,181,183,233,235,3,ACC,CCA
X91917.1,117,119,185,187,3,ACC,CCA
X91917.1,127,132,127,132,6,AGAAGA,AGAAGA
X91917.1,4,9,100,105,6,AGAAGA,AGAAGA
X91917.1,4,9,4,9,6,AGAAGA,AGAAGA
X91917.1,100,105,127,132,6,AGAAGA,AGAAGA
X91917.1,100,105,100,105,6,AGAAGA,AGAAGA
X91917.1,58,61,129,132,4,AGAA,AAGA
X91917.1,4,7,124,127,4,AGAA,AAGA
X91917.1,4,7,27,30,4,AGAA,AAGA
X91917.1,58,61,102,105,4,AGAA,AAGA
X91917.1,4,7,374,377,4,AGAA,AAGA
X91917.1,130,133,374,377,4,AGAA,AAGA
X91917.1,4,7,324,327,4,AGAA,AAGA
X91917.1,130,133,324,327,4,AGAA,AAGA
X91917.1,127,130,374,377,4,AGAA,AAGA
X91917.1,100,103,374,377,4,AGAA,AAGA
X91917.1,151,154,374,377,4,AGAA,AAGA
X91917.1,58,61,374,377,4,AGAA,AAGA
X91917.1,127,130,324,327,4,AGAA,AAGA
X91917.1,100,103,324,327,4,AGAA,AAGA
X91917.1,151,154,324,327,4,AGAA,AAGA
X91917.1,58,61,324,327,4,AGAA,AAGA
X91917.1,4,7,142,145,4,AGAA,AAGA
X91917.1,130,133,142,145,4,AGAA,AAGA
X91917.1,103,105,103,105,3,AGA,AGA
X91917.1,448,450,448,450,3,AGA,AGA
X91917.1,103,105,125,127,3,AGA,AGA
X91917.1,103,105,143,145,3,AGA,AGA
X91917.1,58,60,448,450,3,AGA,AGA
X91917.1,127,129,448,450,3,AGA,AGA
X91917.1,100,102,448,450,3,AGA,AGA
X91917.1,151,153,448,450,3,AGA,AGA
X91917.1,103,105,375,377,3,AGA,AGA
X91917.1,103,105,325,327,3,AGA,AGA
X91917.1,4,6,295,297,3,AGA,AGA
X91917.1,130,132,295,297,3,AGA,AGA
X91917.1,58,60,295,297,3,AGA,AGA
X91917.1,127,129,295,297,3,AGA,AGA
X91917.1,100,102,295,297,3,AGA,AGA
X91917.1,151,153,295,297,3,AGA,AGA
X91917.1,58,60,127,129,3,AGA,AGA
X91917.1,127,129,127,129,3,AGA,AGA
X91917.1,100,102,127,129,3,AGA,AGA
X91917.1,125,127,125,127,3,AGA,AGA
X91917.1,125,127,143,145,3,AGA,AGA
X91917.1,58,60,151,153,3,AGA,AGA
X91917.1,127,129,151,153,3,AGA,AGA
X91917.1,100,102,151,153,3,AGA,AGA
X91917.1,151,153,151,153,3,AGA,AGA
X91917.1,143,145,143,145,3,AGA,AGA
X91917.1,58,60,58,60,3,AGA,AGA
X91917.1,58,60,100,102,3,AGA,AGA
X91917.1,100,102,100,102,3,AGA,AGA
X91917.1,125,127,295,297,3,AGA,AGA
X91917.1,125,127,375,377,3,AGA,AGA
X91917.1,125,127,325,327,3,AGA,AGA
X91917.1,143,145,295,297,3,AGA,AGA
X91917.1,143,145,375,377,3,AGA,AGA
X91917.1,143,145,325,327,3,AGA,AGA
X91917.1,149,151,448,450,3,AGA,AGA
X91917.1,103,105,149,151,3,AGA,AGA
X91917.1,4,6,149,151,3,AGA,AGA
X91917.1,130,132,149,151,3,AGA,AGA
X91917.1,149,151,295,297,3,AGA,AGA
X91917.1,149,151,375,377,3,AGA,AGA
X91917.1,149,151,325,327,3,AGA,AGA
X91917.1,28,30,103,105,3,AGA,AGA
X91917.1,7,9,103,105,3,AGA,AGA
X91917.1,28,30,149,151,3,AGA,AGA
X91917.1,28,30,125,127,3,AGA,AGA
X91917.1,28,30,143,145,3,AGA,AGA
X91917.1,7,9,149,151,3,AGA,AGA
X91917.1,7,9,125,127,3,AGA,AGA
X91917.1,7,9,143,145,3,AGA,AGA
X91917.1,375,377,375,377,3,AGA,AGA
X91917.1,28,30,295,297,3,AGA,AGA
X91917.1,28,30,28,30,3,AGA,AGA
X91917.1,28,30,375,377,3,AGA,AGA
X91917.1,28,30,325,327,3,AGA,AGA
X91917.1,7,9,295,297,3,AGA,AGA
X91917.1,7,9,28,30,3,AGA,AGA
X91917.1,7,9,7,9,3,AGA,AGA
X91917.1,7,9,375,377,3,AGA,AGA
X91917.1,7,9,325,327,3,AGA,AGA
X91917.1,325,327,375,377,3,AGA,AGA
X91917.1,325,327,325,327,3,AGA,AGA
X91917.1,295,297,448,450,3,AGA,AGA
X91917.1,295,297,295,297,3,AGA,AGA
X91917.1,295,297,375,377,3,AGA,AGA
X91917.1,295,297,325,327,3,AGA,AGA
X91917.1,154,156,350,352,3,AGT,TGA
X91917.1,383,385,388,390,3,AGT,TGA
X91917.1,13,15,388,390,3,AGT,TGA
X91917.1,13,15,350,352,3,AGT,TGA
X91917.1,45,47,200,202,3,AGT,TGA
X91917.1,33,35,388,390,3,AGT,TGA
X91917.1,33,35,200,202,3,AGT,TGA
X91917.1,33,35,350,352,3,AGT,TGA
X91917.1,133,135,179,181,3,AGT,TGA
X91917.1,133,135,200,202,3,AGT,TGA
X91917.1,133,135,350,352,3,AGT,TGA
X91917.1,154,156,413,415,3,AGT,TGA
X91917.1,33,35,413,415,3,AGT,TGA
X91917.1,383,385,413,415,3,AGT,TGA
X91917.1,13,15,413,415,3,AGT,TGA
X91917.1,45,47,413,415,3,AGT,TGA
X91917.1,426,429,432,435,4,ATAA,AATA
X91917.1,372,375,432,435,4,ATAA,AATA
X91917.1,372,375,451,454,4,ATAA,AATA
X91917.1,352,355,371,374,4,ATAT,TATA
X91917.1,319,322,371,374,4,ATAT,TATA
X91917.1,415,417,452,454,3,ATA,ATA
X91917.1,415,417,433,435,3,ATA,ATA
X91917.1,372,374,415,417,3,ATA,ATA
X91917.1,313,315,452,454,3,ATA,ATA
X91917.1,313,315,433,435,3,ATA,ATA
X91917.1,370,372,415,417,3,ATA,ATA
X91917.1,347,349,415,417,3,ATA,ATA
X91917.1,370,372,370,372,3,ATA,ATA
X91917.1,313,315,372,374,3,ATA,ATA
X91917.1,372,374,372,374,3,ATA,ATA
X91917.1,347,349,352,354,3,ATA,ATA
X91917.1,347,349,347,349,3,ATA,ATA
X91917.1,347,349,370,372,3,ATA,ATA
X91917.1,352,354,452,454,3,ATA,ATA
X91917.1,352,354,433,435,3,ATA,ATA
X91917.1,313,315,313,315,3,ATA,ATA
X91917.1,352,354,352,354,3,ATA,ATA
X91917.1,352,354,370,372,3,ATA,ATA
X91917.1,319,321,452,454,3,ATA,ATA
X91917.1,319,321,433,435,3,ATA,ATA
X91917.1,319,321,415,417,3,ATA,ATA
X91917.1,426,428,426,428,3,ATA,ATA
X91917.1,352,354,426,428,3,ATA,ATA
X91917.1,415,417,426,428,3,ATA,ATA
X91917.1,319,321,426,428,3,ATA,ATA
X91917.1,313,315,426,428,3,ATA,ATA
X91917.1,372,374,426,428,3,ATA,ATA
X91917.1,173,176,302,305,4,CAAA,AAAC
X91917.1,79,82,302,305,4,CAAA,AAAC
X91917.1,173,176,428,431,4,CAAA,AAAC
X91917.1,119,122,428,431,4,CAAA,AAAC
X91917.1,79,82,428,431,4,CAAA,AAAC
X91917.1,173,176,454,457,4,CAAA,AAAC
X91917.1,119,122,454,457,4,CAAA,AAAC
X91917.1,32,38,32,38,7,CAGTGAC,CAGTGAC
X91917.1,140,142,232,234,3,CCA,ACC
X91917.1,172,174,232,234,3,CCA,ACC
X91917.1,52,54,232,234,3,CCA,ACC
X91917.1,193,195,232,234,3,CCA,ACC
X91917.1,118,120,270,272,3,CCA,ACC
X91917.1,140,142,270,272,3,CCA,ACC
X91917.1,193,195,270,272,3,CCA,ACC
X91917.1,118,120,252,254,3,CCA,ACC
X91917.1,140,142,252,254,3,CCA,ACC
X91917.1,172,174,252,254,3,CCA,ACC
X91917.1,52,54,252,254,3,CCA,ACC
X91917.1,52,54,117,119,3,CCA,ACC
X91917.1,43,45,232,234,3,CCA,ACC
X91917.1,43,45,252,254,3,CCA,ACC
X91917.1,118,120,181,183,3,CCA,ACC
X91917.1,140,142,181,183,3,CCA,ACC
X91917.1,172,174,181,183,3,CCA,ACC
X91917.1,52,54,181,183,3,CCA,ACC
X91917.1,233,235,270,272,3,CCA,ACC
X91917.1,233,235,252,254,3,CCA,ACC
X91917.1,118,120,256,258,3,CCA,ACC
X91917.1,118,120,261,263,3,CCA,ACC
X91917.1,118,120,283,285,3,CCA,ACC
X91917.1,43,45,256,258,3,CCA,ACC
X91917.1,230,232,256,258,3,CCA,ACC
X91917.1,172,174,256,258,3,CCA,ACC
X91917.1,52,54,256,258,3,CCA,ACC
X91917.1,43,45,261,263,3,CCA,ACC
X91917.1,230,232,261,263,3,CCA,ACC
X91917.1,172,174,261,263,3,CCA,ACC
X91917.1,52,54,261,263,3,CCA,ACC
X91917.1,43,45,283,285,3,CCA,ACC
X91917.1,230,232,283,285,3,CCA,ACC
X91917.1,268,270,283,285,3,CCA,ACC
X91917.1,172,174,283,285,3,CCA,ACC
X91917.1,52,54,283,285,3,CCA,ACC
X91917.1,250,252,256,258,3,CCA,ACC
X91917.1,193,195,256,258,3,CCA,ACC
X91917.1,250,252,261,263,3,CCA,ACC
X91917.1,193,195,261,263,3,CCA,ACC
X91917.1,250,252,283,285,3,CCA,ACC
X91917.1,193,195,283,285,3,CCA,ACC
X91917.1,185,187,232,234,3,CCA,ACC
X91917.1,185,187,270,272,3,CCA,ACC
X91917.1,263,269,263,269,7,CCGAGCC,CCGAGCC
X91917.1,285,287,331,333,3,CCG,GCC
X91917.1,263,265,287,289,3,CCG,GCC
X91917.1,263,265,334,336,3,CCG,GCC
X91917.1,271,273,287,289,3,CCG,GCC
X91917.1,271,273,331,333,3,CCG,GCC
X91917.1,271,273,334,336,3,CCG,GCC
X91917.1,241,243,267,269,3,CCG,GCC
X91917.1,241,243,287,289,3,CCG,GCC
X91917.1,241,243,331,333,3,CCG,GCC
X91917.1,241,243,334,336,3,CCG,GCC
X91917.1,288,290,334,336,3,CCG,GCC
X91917.1,166,172,211,217,7,CGCAGGC,CGGACGC
X91917.1,71,77,71,77,7,CGGTGGC,CGGTGGC
X91917.1,49,51,170,172,3,CGG,GGC
X91917.1,49,51,164,166,3,CGG,GGC
X91917.1,49,51,197,199,3,CGG,GGC
X91917.1,211,213,228,230,3,CGG,GGC
X91917.1,97,99,228,230,3,CGG,GGC
X91917.1,16,18,83,85,3,CGG,GGC
X91917.1,16,18,170,172,3,CGG,GGC
X91917.1,16,18,164,166,3,CGG,GGC
X91917.1,97,99,110,112,3,CGG,GGC
X91917.1,16,18,110,112,3,CGG,GGC
X91917.1,49,51,137,139,3,CGG,GGC
X91917.1,97,99,137,139,3,CGG,GGC
X91917.1,16,18,41,43,3,CGG,GGC
X91917.1,16,18,137,139,3,CGG,GGC
X91917.1,49,51,75,77,3,CGG,GGC
X91917.1,16,18,75,77,3,CGG,GGC
X91917.1,71,73,83,85,3,CGG,GGC
X91917.1,71,73,228,230,3,CGG,GGC
X91917.1,71,73,170,172,3,CGG,GGC
X91917.1,71,73,164,166,3,CGG,GGC
X91917.1,24,27,174,177,4,GAAA,AAAG
X91917.1,1,4,123,126,4,GAAA,AAAG
X91917.1,1,4,26,29,4,GAAA,AAAG
X91917.1,1,4,174,177,4,GAAA,AAAG
X91917.1,1,4,80,83,4,GAAA,AAAG
X91917.1,128,134,128,134,7,GAAGAAG,GAAGAAG
X91917.1,128,132,151,155,5,GAAGA,AGAAG
X91917.1,101,105,151,155,5,GAAGA,AGAAG
X91917.1,101,105,130,134,5,GAAGA,AGAAG
X91917.1,5,9,151,155,5,GAAGA,AGAAG
X91917.1,5,9,130,134,5,GAAGA,AGAAG
X91917.1,1,3,142,144,3,GAA,AAG
X91917.1,24,26,142,144,3,GAA,AAG
X91917.1,1,3,88,90,3,GAA,AAG
X91917.1,1,3,54,56,3,GAA,AAG
X91917.1,1,3,195,197,3,GAA,AAG
X91917.1,1,3,113,115,3,GAA,AAG
X91917.1,59,61,88,90,3,GAA,AAG
X91917.1,59,61,195,197,3,GAA,AAG
X91917.1,59,61,113,115,3,GAA,AAG
X91917.1,1,3,6,8,3,GAA,AAG
X91917.1,1,3,129,131,3,GAA,AAG
X91917.1,1,3,102,104,3,GAA,AAG
X91917.1,128,130,175,177,3,GAA,AAG
X91917.1,101,103,175,177,3,GAA,AAG
X91917.1,5,7,175,177,3,GAA,AAG
X91917.1,152,154,175,177,3,GAA,AAG
X91917.1,131,133,175,177,3,GAA,AAG
X91917.1,128,130,195,197,3,GAA,AAG
X91917.1,101,103,195,197,3,GAA,AAG
X91917.1,101,103,113,115,3,GAA,AAG
X91917.1,24,26,129,131,3,GAA,AAG
X91917.1,24,26,102,104,3,GAA,AAG
X91917.1,5,7,88,90,3,GAA,AAG
X91917.1,5,7,54,56,3,GAA,AAG
X91917.1,5,7,195,197,3,GAA,AAG
X91917.1,5,7,113,115,3,GAA,AAG
X91917.1,5,7,81,83,3,GAA,AAG
X91917.1,152,154,195,197,3,GAA,AAG
X91917.1,131,133,195,197,3,GAA,AAG
X91917.1,20,22,142,144,3,GAA,AAG
X91917.1,20,22,124,126,3,GAA,AAG
X91917.1,20,22,27,29,3,GAA,AAG
X91917.1,20,22,88,90,3,GAA,AAG
X91917.1,20,22,54,56,3,GAA,AAG
X91917.1,20,22,195,197,3,GAA,AAG
X91917.1,20,22,113,115,3,GAA,AAG
X91917.1,20,22,81,83,3,GAA,AAG
X91917.1,1,3,21,23,3,GAA,AAG
X91917.1,1,3,132,134,3,GAA,AAG
X91917.1,1,3,153,155,3,GAA,AAG
X91917.1,59,61,132,134,3,GAA,AAG
X91917.1,59,61,153,155,3,GAA,AAG
X91917.1,24,26,132,134,3,GAA,AAG
X91917.1,24,26,153,155,3,GAA,AAG
X91917.1,1,3,374,376,3,GAA,AAG
X91917.1,1,3,324,326,3,GAA,AAG
X91917.1,20,22,374,376,3,GAA,AAG
X91917.1,20,22,324,326,3,GAA,AAG
X91917.1,24,26,374,376,3,GAA,AAG
X91917.1,24,26,324,326,3,GAA,AAG
X91917.1,1,3,159,161,3,GAA,AAG
X91917.1,128,130,159,161,3,GAA,AAG
X91917.1,101,103,159,161,3,GAA,AAG
X91917.1,5,7,159,161,3,GAA,AAG
X91917.1,152,154,159,161,3,GAA,AAG
X91917.1,131,133,159,161,3,GAA,AAG
X91917.1,59,61,159,161,3,GAA,AAG
X91917.1,20,22,159,161,3,GAA,AAG
X91917.1,99,103,124,128,5,GAGAA,AAGAG
X91917.1,126,130,142,146,5,GAGAA,AAGAG
X91917.1,99,103,142,146,5,GAGAA,AAGAG
X91917.1,57,61,142,146,5,GAGAA,AAGAG
X91917.1,267,273,267,273,7,GCCACCG,GCCACCG
X91917.1,171,173,263,265,3,GCC,CCG
X91917.1,51,53,263,265,3,GCC,CCG
X91917.1,229,231,263,265,3,GCC,CCG
X91917.1,42,44,263,265,3,GCC,CCG
X91917.1,267,269,285,287,3,GCC,CCG
X91917.1,171,173,285,287,3,GCC,CCG
X91917.1,51,53,285,287,3,GCC,CCG
X91917.1,229,231,285,287,3,GCC,CCG
X91917.1,42,44,285,287,3,GCC,CCG
X91917.1,267,269,332,334,3,GCC,CCG
X91917.1,138,140,332,334,3,GCC,CCG
X91917.1,171,173,332,334,3,GCC,CCG
X91917.1,51,53,332,334,3,GCC,CCG
X91917.1,229,231,332,334,3,GCC,CCG
X91917.1,42,44,332,334,3,GCC,CCG
X91917.1,267,269,288,290,3,GCC,CCG
X91917.1,228,234,268,274,7,GGCCACC,CCACCGG
X91917.1,170,172,227,229,3,GGC,CGG
X91917.1,110,112,272,274,3,GGC,CGG
X91917.1,83,85,289,291,3,GGC,CGG
X91917.1,110,112,289,291,3,GGC,CGG
X91917.1,83,85,242,244,3,GGC,CGG
X91917.1,41,43,227,229,3,GGC,CGG
X91917.1,41,43,49,51,3,GGC,CGG
X91917.1,137,139,227,229,3,GGC,CGG
X91917.1,164,166,227,229,3,GGC,CGG
X91917.1,50,52,97,99,3,GGC,CGG
X91917.1,50,52,211,213,3,GGC,CGG
X91917.1,164,166,289,291,3,GGC,CGG
X91917.1,164,166,242,244,3,GGC,CGG
X91917.1,41,43,97,99,3,GGC,CGG
X91917.1,41,43,211,213,3,GGC,CGG
X91917.1,137,139,211,213,3,GGC,CGG
X91917.1,110,112,211,213,3,GGC,CGG
X91917.1,17,19,272,274,3,GGC,CGG
X91917.1,17,19,289,291,3,GGC,CGG
X91917.1,17,19,242,244,3,GGC,CGG
X91917.1,75,77,272,274,3,GGC,CGG
X91917.1,75,77,227,229,3,GGC,CGG
X91917.1,75,77,289,291,3,GGC,CGG
X91917.1,197,199,227,229,3,GGC,CGG
X91917.1,197,199,289,291,3,GGC,CGG
X91917.1,197,199,242,244,3,GGC,CGG
X91917.1,17,19,71,73,3,GGC,CGG
X91917.1,50,52,71,73,3,GGC,CGG
X91917.1,290,292,290,292,3,GGG,GGG
X91917.1,34,36,73,75,3,GTG,GTG
X91917.1,427,430,464,467,4,TAAA,AAAT
X91917.1,453,456,464,467,4,TAAA,AAAT
X91917.1,300,303,464,467,4,TAAA,AAAT
X91917.1,300,303,450,453,4,TAAA,AAAT
X91917.1,300,303,390,393,4,TAAA,AAAT
X91917.1,342,348,342,348,7,TAACAAT,TAACAAT
X91917.1,300,302,432,434,3,TAA,AAT
X91917.1,300,302,346,348,3,TAA,AAT
X91917.1,342,344,465,467,3,TAA,AAT
X91917.1,342,344,451,453,3,TAA,AAT
X91917.1,373,375,465,467,3,TAA,AAT
X91917.1,373,375,391,393,3,TAA,AAT
X91917.1,158,160,465,467,3,TAA,AAT
X91917.1,158,160,432,434,3,TAA,AAT
X91917.1,158,160,346,348,3,TAA,AAT
X91917.1,158,160,451,453,3,TAA,AAT
X91917.1,158,160,391,393,3,TAA,AAT
X91917.1,323,325,465,467,3,TAA,AAT
X91917.1,323,325,432,434,3,TAA,AAT
X91917.1,323,325,346,348,3,TAA,AAT
X91917.1,323,325,451,453,3,TAA,AAT
X91917.1,434,436,465,467,3,TAA,AAT
X91917.1,158,160,369,371,3,TAA,AAT
X91917.1,300,302,369,371,3,TAA,AAT
X91917.1,323,325,369,371,3,TAA,AAT
X91917.1,342,344,369,371,3,TAA,AAT
X91917.1,368,370,465,467,3,TAA,AAT
X91917.1,278,280,465,467,3,TAA,AAT
X91917.1,368,370,432,434,3,TAA,AAT
X91917.1,368,370,451,453,3,TAA,AAT
X91917.1,373,375,440,442,3,TAA,AAT
X91917.1,427,429,440,442,3,TAA,AAT
X91917.1,278,280,432,434,3,TAA,AAT
X91917.1,278,280,346,348,3,TAA,AAT
X91917.1,278,280,451,453,3,TAA,AAT
X91917.1,368,370,391,393,3,TAA,AAT
X91917.1,323,325,440,442,3,TAA,AAT
X91917.1,342,344,440,442,3,TAA,AAT
X91917.1,278,280,391,393,3,TAA,AAT
X91917.1,439,441,465,467,3,TAA,AAT
X91917.1,373,375,435,437,3,TAA,AAT
X91917.1,427,429,435,437,3,TAA,AAT
X91917.1,439,441,451,453,3,TAA,AAT
X91917.1,158,160,435,437,3,TAA,AAT
X91917.1,300,302,435,437,3,TAA,AAT
X91917.1,323,325,435,437,3,TAA,AAT
X91917.1,342,344,435,437,3,TAA,AAT
X91917.1,158,160,279,281,3,TAA,AAT
X91917.1,312,315,370,373,4,TATA,ATAT
X91917.1,312,315,347,350,4,TATA,ATAT
X91917.1,318,321,370,373,4,TATA,ATAT
X91917.1,318,321,352,355,4,TATA,ATAT
X91917.1,318,321,347,350,4,TATA,ATAT
X91917.1,312,315,319,322,4,TATA,ATAT
X91917.1,249,255,249,255,7,TCCACCT,TCCACCT
X91917.1,35,37,154,156,3,TGA,AGT
X91917.1,35,37,133,135,3,TGA,AGT
X91917.1,350,352,383,385,3,TGA,AGT
X91917.1,388,390,417,419,3,TGA,AGT
X91917.1,388,390,404,406,3,TGA,AGT
X91917.1,179,181,417,419,3,TGA,AGT
X91917.1,179,181,404,406,3,TGA,AGT
X91917.1,35,37,417,419,3,TGA,AGT
X91917.1,35,37,404,406,3,TGA,AGT
X91917.1,200,202,417,419,3,TGA,AGT
X91917.1,200,202,404,406,3,TGA,AGT
X91917.1,338,340,437,439,3,TGT,TGT
X91917.1,338,340,355,357,3,TGT,TGT
X91917.1,365,371,439,445,7,TTCTAAT,TAATCTT
X91917.1,406,412,406,412,7,TTTCTTT,TTTCTTT
X91917.1,411,421,411,421,11,TTTGATAGTTT,TTTGATAGTTT
X91917.1,393,399,407,413,7,TTTTCTT,TTCTTTT

Total for length 3 is 502.
Total for length 4 is 85.
Total for length 5 is 15.
Total for length 6 is 5.
Total for length 7 is 18.
Total for length 11 is 1.

