Input file is sequence2.fasta.
Minimal fragment length is 3.
Working with probability estimation.
P value is : 0.050000.
Printing all instances.
Looking for direct complementary repeats.
X91917.1 Alphabet size is 4.
Input sequence has 0 letters that are not in expected alphabet.
X91917.1,121,125,361,365,5,AAAAA,TTTTT
X91917.1,120,124,362,366,5,AAAAA,TTTTT
X91917.1,122,127,393,398,6,AAAAGA,TTTTCT
X91917.1,25,30,393,398,6,AAAAGA,TTTTCT
X91917.1,121,124,410,413,4,AAAA,TTTT
X91917.1,120,123,410,413,4,AAAA,TTTT
X91917.1,301,304,362,365,4,AAAA,TTTT
X91917.1,301,304,361,364,4,AAAA,TTTT
X91917.1,122,125,361,364,4,AAAA,TTTT
X91917.1,120,123,363,366,4,AAAA,TTTT
X91917.1,122,125,410,413,4,AAAA,TTTT
X91917.1,301,304,363,366,4,AAAA,TTTT
X91917.1,25,28,362,365,4,AAAA,TTTT
X91917.1,25,28,361,364,4,AAAA,TTTT
X91917.1,121,124,393,396,4,AAAA,TTTT
X91917.1,120,123,393,396,4,AAAA,TTTT
X91917.1,2,7,394,399,6,AAAGAA,TTTCTT
X91917.1,2,7,406,411,6,AAAGAA,TTTCTT
X91917.1,302,304,361,363,3,AAA,TTT
X91917.1,120,122,411,413,3,AAA,TTT
X91917.1,302,304,410,412,3,AAA,TTT
X91917.1,25,27,411,413,3,AAA,TTT
X91917.1,302,304,393,395,3,AAA,TTT
X91917.1,301,303,411,413,3,AAA,TTT
X91917.1,60,62,362,364,3,AAA,TTT
X91917.1,60,62,363,365,3,AAA,TTT
X91917.1,60,62,361,363,3,AAA,TTT
X91917.1,60,62,393,395,3,AAA,TTT
X91917.1,120,122,394,396,3,AAA,TTT
X91917.1,123,125,361,363,3,AAA,TTT
X91917.1,26,28,361,363,3,AAA,TTT
X91917.1,120,122,364,366,3,AAA,TTT
X91917.1,60,62,394,396,3,AAA,TTT
X91917.1,25,27,394,396,3,AAA,TTT
X91917.1,123,125,410,412,3,AAA,TTT
X91917.1,26,28,410,412,3,AAA,TTT
X91917.1,60,62,364,366,3,AAA,TTT
X91917.1,25,27,364,366,3,AAA,TTT
X91917.1,301,303,394,396,3,AAA,TTT
X91917.1,123,125,393,395,3,AAA,TTT
X91917.1,26,28,393,395,3,AAA,TTT
X91917.1,301,303,364,366,3,AAA,TTT
X91917.1,302,304,406,408,3,AAA,TTT
X91917.1,121,123,406,408,3,AAA,TTT
X91917.1,122,124,406,408,3,AAA,TTT
X91917.1,174,176,411,413,3,AAA,TTT
X91917.1,174,176,362,364,3,AAA,TTT
X91917.1,174,176,363,365,3,AAA,TTT
X91917.1,80,82,411,413,3,AAA,TTT
X91917.1,80,82,362,364,3,AAA,TTT
X91917.1,80,82,363,365,3,AAA,TTT
X91917.1,60,62,406,408,3,AAA,TTT
X91917.1,25,27,406,408,3,AAA,TTT
X91917.1,174,176,410,412,3,AAA,TTT
X91917.1,80,82,410,412,3,AAA,TTT
X91917.1,301,303,406,408,3,AAA,TTT
X91917.1,174,176,393,395,3,AAA,TTT
X91917.1,80,82,393,395,3,AAA,TTT
X91917.1,2,4,411,413,3,AAA,TTT
X91917.1,2,4,362,364,3,AAA,TTT
X91917.1,2,4,363,365,3,AAA,TTT
X91917.1,2,4,361,363,3,AAA,TTT
X91917.1,2,4,393,395,3,AAA,TTT
X91917.1,123,125,419,421,3,AAA,TTT
X91917.1,26,28,419,421,3,AAA,TTT
X91917.1,302,304,419,421,3,AAA,TTT
X91917.1,121,123,419,421,3,AAA,TTT
X91917.1,122,124,419,421,3,AAA,TTT
X91917.1,123,125,340,342,3,AAA,TTT
X91917.1,26,28,340,342,3,AAA,TTT
X91917.1,302,304,340,342,3,AAA,TTT
X91917.1,121,123,340,342,3,AAA,TTT
X91917.1,122,124,340,342,3,AAA,TTT
X91917.1,2,4,419,421,3,AAA,TTT
X91917.1,60,62,419,421,3,AAA,TTT
X91917.1,25,27,419,421,3,AAA,TTT
X91917.1,2,4,340,342,3,AAA,TTT
X91917.1,60,62,340,342,3,AAA,TTT
X91917.1,25,27,340,342,3,AAA,TTT
X91917.1,301,303,419,421,3,AAA,TTT
X91917.1,301,303,340,342,3,AAA,TTT
X91917.1,390,392,394,396,3,AAA,TTT
X91917.1,390,392,411,413,3,AAA,TTT
X91917.1,390,392,406,408,3,AAA,TTT
X91917.1,390,392,393,395,3,AAA,TTT
X91917.1,129,133,407,411,5,AAGAA,TTCTT
X91917.1,129,133,395,399,5,AAGAA,TTCTT
X91917.1,6,10,365,369,5,AAGAT,TTCTA
X91917.1,142,145,407,410,4,AAGA,TTCT
X91917.1,142,145,395,398,4,AAGA,TTCT
X91917.1,142,145,365,368,4,AAGA,TTCT
X91917.1,129,132,365,368,4,AAGA,TTCT
X91917.1,6,9,407,410,4,AAGA,TTCT
X91917.1,6,9,395,398,4,AAGA,TTCT
X91917.1,374,377,407,410,4,AAGA,TTCT
X91917.1,374,377,395,398,4,AAGA,TTCT
X91917.1,324,327,407,410,4,AAGA,TTCT
X91917.1,324,327,395,398,4,AAGA,TTCT
X91917.1,102,105,365,368,4,AAGA,TTCT
X91917.1,102,105,407,410,4,AAGA,TTCT
X91917.1,102,105,395,398,4,AAGA,TTCT
X91917.1,62,64,350,352,3,ACT,TGA
X91917.1,247,249,413,415,3,ACT,TGA
X91917.1,247,249,350,352,3,ACT,TGA
X91917.1,62,64,179,181,3,ACT,TGA
X91917.1,62,64,388,390,3,ACT,TGA
X91917.1,304,306,388,390,3,ACT,TGA
X91917.1,247,249,388,390,3,ACT,TGA
X91917.1,58,62,408,412,5,AGAAA,TCTTT
X91917.1,130,134,236,240,5,AGAAG,TCTTC
X91917.1,4,8,236,240,5,AGAAG,TCTTC
X91917.1,151,155,236,240,5,AGAAG,TCTTC
X91917.1,127,131,236,240,5,AGAAG,TCTTC
X91917.1,100,104,236,240,5,AGAAG,TCTTC
X91917.1,58,61,396,399,4,AGAA,TCTT
X91917.1,58,61,442,445,4,AGAA,TCTT
X91917.1,4,7,442,445,4,AGAA,TCTT
X91917.1,130,133,442,445,4,AGAA,TCTT
X91917.1,127,130,396,399,4,AGAA,TCTT
X91917.1,127,130,408,411,4,AGAA,TCTT
X91917.1,100,103,396,399,4,AGAA,TCTT
X91917.1,100,103,408,411,4,AGAA,TCTT
X91917.1,151,154,396,399,4,AGAA,TCTT
X91917.1,151,154,408,411,4,AGAA,TCTT
X91917.1,127,130,442,445,4,AGAA,TCTT
X91917.1,100,103,442,445,4,AGAA,TCTT
X91917.1,151,154,442,445,4,AGAA,TCTT
X91917.1,58,61,236,239,4,AGAA,TCTT
X91917.1,295,298,366,369,4,AGAT,TCTA
X91917.1,28,31,156,159,4,AGAT,TCTA
X91917.1,28,31,298,301,4,AGAT,TCTA
X91917.1,295,298,298,301,4,AGAT,TCTA
X91917.1,7,10,310,313,4,AGAT,TCTA
X91917.1,7,10,156,159,4,AGAT,TCTA
X91917.1,7,10,298,301,4,AGAT,TCTA
X91917.1,28,31,310,313,4,AGAT,TCTA
X91917.1,295,298,310,313,4,AGAT,TCTA
X91917.1,125,127,442,444,3,AGA,TCT
X91917.1,125,127,236,238,3,AGA,TCT
X91917.1,143,145,442,444,3,AGA,TCT
X91917.1,143,145,236,238,3,AGA,TCT
X91917.1,149,151,408,410,3,AGA,TCT
X91917.1,149,151,396,398,3,AGA,TCT
X91917.1,149,151,442,444,3,AGA,TCT
X91917.1,149,151,236,238,3,AGA,TCT
X91917.1,149,151,366,368,3,AGA,TCT
X91917.1,58,60,366,368,3,AGA,TCT
X91917.1,127,129,366,368,3,AGA,TCT
X91917.1,100,102,366,368,3,AGA,TCT
X91917.1,151,153,366,368,3,AGA,TCT
X91917.1,375,377,442,444,3,AGA,TCT
X91917.1,28,30,442,444,3,AGA,TCT
X91917.1,28,30,236,238,3,AGA,TCT
X91917.1,7,9,442,444,3,AGA,TCT
X91917.1,7,9,236,238,3,AGA,TCT
X91917.1,325,327,442,444,3,AGA,TCT
X91917.1,295,297,408,410,3,AGA,TCT
X91917.1,295,297,396,398,3,AGA,TCT
X91917.1,125,127,156,158,3,AGA,TCT
X91917.1,143,145,156,158,3,AGA,TCT
X91917.1,4,6,156,158,3,AGA,TCT
X91917.1,130,132,156,158,3,AGA,TCT
X91917.1,149,151,156,158,3,AGA,TCT
X91917.1,58,60,156,158,3,AGA,TCT
X91917.1,127,129,156,158,3,AGA,TCT
X91917.1,100,102,156,158,3,AGA,TCT
X91917.1,151,153,156,158,3,AGA,TCT
X91917.1,295,297,442,444,3,AGA,TCT
X91917.1,125,127,310,312,3,AGA,TCT
X91917.1,143,145,310,312,3,AGA,TCT
X91917.1,4,6,310,312,3,AGA,TCT
X91917.1,130,132,310,312,3,AGA,TCT
X91917.1,125,127,298,300,3,AGA,TCT
X91917.1,143,145,298,300,3,AGA,TCT
X91917.1,4,6,298,300,3,AGA,TCT
X91917.1,130,132,298,300,3,AGA,TCT
X91917.1,149,151,298,300,3,AGA,TCT
X91917.1,58,60,298,300,3,AGA,TCT
X91917.1,127,129,298,300,3,AGA,TCT
X91917.1,100,102,298,300,3,AGA,TCT
X91917.1,151,153,298,300,3,AGA,TCT
X91917.1,103,105,156,158,3,AGA,TCT
X91917.1,103,105,310,312,3,AGA,TCT
X91917.1,103,105,298,300,3,AGA,TCT
X91917.1,103,105,442,444,3,AGA,TCT
X91917.1,103,105,236,238,3,AGA,TCT
X91917.1,154,156,385,387,3,AGT,TCA
X91917.1,45,47,218,220,3,AGT,TCA
X91917.1,45,47,378,380,3,AGT,TCA
X91917.1,13,15,224,226,3,AGT,TCA
X91917.1,45,47,224,226,3,AGT,TCA
X91917.1,154,156,245,247,3,AGT,TCA
X91917.1,33,35,218,220,3,AGT,TCA
X91917.1,33,35,378,380,3,AGT,TCA
X91917.1,133,135,245,247,3,AGT,TCA
X91917.1,133,135,385,387,3,AGT,TCA
X91917.1,133,135,218,220,3,AGT,TCA
X91917.1,133,135,378,380,3,AGT,TCA
X91917.1,33,35,64,66,3,AGT,TCA
X91917.1,13,15,64,66,3,AGT,TCA
X91917.1,45,47,64,66,3,AGT,TCA
X91917.1,154,156,188,190,3,AGT,TCA
X91917.1,33,35,188,190,3,AGT,TCA
X91917.1,13,15,188,190,3,AGT,TCA
X91917.1,45,47,188,190,3,AGT,TCA
X91917.1,372,374,421,423,3,ATA,TAT
X91917.1,415,417,421,423,3,ATA,TAT
X91917.1,313,315,421,423,3,ATA,TAT
X91917.1,347,349,353,355,3,ATA,TAT
X91917.1,347,349,348,350,3,ATA,TAT
X91917.1,352,354,421,423,3,ATA,TAT
X91917.1,313,315,318,320,3,ATA,TAT
X91917.1,352,354,353,355,3,ATA,TAT
X91917.1,319,321,421,423,3,ATA,TAT
X91917.1,187,191,403,407,5,ATCAA,TAGTT
X91917.1,187,191,416,420,5,ATCAA,TAGTT
X91917.1,9,13,357,361,5,ATGCA,TACGT
X91917.1,119,127,360,368,9,CAAAAAAGA,GTTTTTTCT
X91917.1,173,177,405,409,5,CAAAG,GTTTC
X91917.1,79,83,405,409,5,CAAAG,GTTTC
X91917.1,65,67,339,341,3,CAA,GTT
X91917.1,119,121,134,136,3,CAA,GTT
X91917.1,65,67,360,362,3,CAA,GTT
X91917.1,79,81,134,136,3,CAA,GTT
X91917.1,87,89,360,362,3,CAA,GTT
X91917.1,87,89,134,136,3,CAA,GTT
X91917.1,87,89,405,407,3,CAA,GTT
X91917.1,87,89,418,420,3,CAA,GTT
X91917.1,141,143,339,341,3,CAA,GTT
X91917.1,53,55,339,341,3,CAA,GTT
X91917.1,194,196,339,341,3,CAA,GTT
X91917.1,141,143,360,362,3,CAA,GTT
X91917.1,53,55,360,362,3,CAA,GTT
X91917.1,194,196,360,362,3,CAA,GTT
X91917.1,79,81,222,224,3,CAA,GTT
X91917.1,141,143,405,407,3,CAA,GTT
X91917.1,141,143,418,420,3,CAA,GTT
X91917.1,53,55,134,136,3,CAA,GTT
X91917.1,53,55,405,407,3,CAA,GTT
X91917.1,53,55,418,420,3,CAA,GTT
X91917.1,194,196,405,407,3,CAA,GTT
X91917.1,194,196,418,420,3,CAA,GTT
X91917.1,65,67,222,224,3,CAA,GTT
X91917.1,112,114,339,341,3,CAA,GTT
X91917.1,112,114,134,136,3,CAA,GTT
X91917.1,112,114,405,407,3,CAA,GTT
X91917.1,112,114,418,420,3,CAA,GTT
X91917.1,345,347,360,362,3,CAA,GTT
X91917.1,345,347,405,407,3,CAA,GTT
X91917.1,345,347,418,420,3,CAA,GTT
X91917.1,87,89,401,403,3,CAA,GTT
X91917.1,112,114,401,403,3,CAA,GTT
X91917.1,79,81,401,403,3,CAA,GTT
X91917.1,65,67,401,403,3,CAA,GTT
X91917.1,189,191,339,341,3,CAA,GTT
X91917.1,189,191,222,224,3,CAA,GTT
X91917.1,189,191,360,362,3,CAA,GTT
X91917.1,186,188,356,358,3,CAT,GTA
X91917.1,234,236,356,358,3,CAT,GTA
X91917.1,68,70,458,460,3,CAT,GTA
X91917.1,186,188,458,460,3,CAT,GTA
X91917.1,234,236,458,460,3,CAT,GTA
X91917.1,425,427,438,440,3,CAT,GTA
X91917.1,186,188,438,440,3,CAT,GTA
X91917.1,234,236,438,440,3,CAT,GTA
X91917.1,204,206,438,440,3,CAT,GTA
X91917.1,386,388,438,440,3,CAT,GTA
X91917.1,93,95,438,440,3,CAT,GTA
X91917.1,140,144,221,225,5,CCAAG,GGTTC
X91917.1,52,56,221,225,5,CCAAG,GGTTC
X91917.1,262,264,290,292,3,CCC,GGG
X91917.1,284,286,290,292,3,CCC,GGG
X91917.1,240,242,290,292,3,CCC,GGG
X91917.1,77,79,96,98,3,CGC,GCG
X91917.1,77,79,210,212,3,CGC,GCG
X91917.1,166,168,210,212,3,CGC,GCG
X91917.1,77,79,165,167,3,CGC,GCG
X91917.1,77,79,146,148,3,CGC,GCG
X91917.1,49,53,287,291,5,CGGCC,GCCGG
X91917.1,227,231,287,291,5,CGGCC,GCCGG
X91917.1,49,51,334,336,3,CGG,GCC
X91917.1,227,229,334,336,3,CGG,GCC
X91917.1,272,274,287,289,3,CGG,GCC
X91917.1,272,274,331,333,3,CGG,GCC
X91917.1,16,18,334,336,3,CGG,GCC
X91917.1,211,213,331,333,3,CGG,GCC
X91917.1,97,99,331,333,3,CGG,GCC
X91917.1,49,51,138,140,3,CGG,GCC
X91917.1,289,291,334,336,3,CGG,GCC
X91917.1,97,99,138,140,3,CGG,GCC
X91917.1,289,291,331,333,3,CGG,GCC
X91917.1,16,18,138,140,3,CGG,GCC
X91917.1,49,51,229,231,3,CGG,GCC
X91917.1,227,229,229,231,3,CGG,GCC
X91917.1,49,51,51,53,3,CGG,GCC
X91917.1,49,51,171,173,3,CGG,GCC
X91917.1,242,244,287,289,3,CGG,GCC
X91917.1,242,244,334,336,3,CGG,GCC
X91917.1,211,213,229,231,3,CGG,GCC
X91917.1,97,99,229,231,3,CGG,GCC
X91917.1,97,99,171,173,3,CGG,GCC
X91917.1,242,244,331,333,3,CGG,GCC
X91917.1,16,18,42,44,3,CGG,GCC
X91917.1,16,18,229,231,3,CGG,GCC
X91917.1,16,18,51,53,3,CGG,GCC
X91917.1,16,18,171,173,3,CGG,GCC
X91917.1,49,51,267,269,3,CGG,GCC
X91917.1,227,229,267,269,3,CGG,GCC
X91917.1,71,73,138,140,3,CGG,GCC
X91917.1,211,213,267,269,3,CGG,GCC
X91917.1,97,99,267,269,3,CGG,GCC
X91917.1,71,73,287,289,3,CGG,GCC
X91917.1,71,73,334,336,3,CGG,GCC
X91917.1,317,321,351,355,5,CTATA,GATAT
X91917.1,311,315,351,355,5,CTATA,GATAT
X91917.1,178,180,213,215,3,CTG,GAC
X91917.1,199,201,213,215,3,CTG,GAC
X91917.1,178,180,180,182,3,CTG,GAC
X91917.1,208,210,292,294,3,CTG,GAC
X91917.1,178,180,292,294,3,CTG,GAC
X91917.1,199,201,292,294,3,CTG,GAC
X91917.1,116,118,208,210,3,GAC,CTG
X91917.1,180,182,208,210,3,GAC,CTG
X91917.1,36,38,208,210,3,GAC,CTG
X91917.1,104,106,199,201,3,GAC,CTG
X91917.1,104,106,178,180,3,GAC,CTG
X91917.1,116,118,199,201,3,GAC,CTG
X91917.1,116,118,178,180,3,GAC,CTG
X91917.1,180,182,199,201,3,GAC,CTG
X91917.1,36,38,199,201,3,GAC,CTG
X91917.1,36,38,178,180,3,GAC,CTG
X91917.1,107,111,254,258,5,GATGG,CTACC
X91917.1,107,111,259,263,5,GATGG,CTACC
X91917.1,267,269,289,291,3,GCC,CGG
X91917.1,287,289,289,291,3,GCC,CGG
X91917.1,138,140,227,229,3,GCC,CGG
X91917.1,171,173,227,229,3,GCC,CGG
X91917.1,51,53,227,229,3,GCC,CGG
X91917.1,42,44,227,229,3,GCC,CGG
X91917.1,42,44,49,51,3,GCC,CGG
X91917.1,51,53,97,99,3,GCC,CGG
X91917.1,42,44,97,99,3,GCC,CGG
X91917.1,138,140,211,213,3,GCC,CGG
X91917.1,171,173,211,213,3,GCC,CGG
X91917.1,51,53,211,213,3,GCC,CGG
X91917.1,42,44,211,213,3,GCC,CGG
X91917.1,267,269,272,274,3,GCC,CGG
X91917.1,210,214,333,337,5,GCGGA,CGCCT
X91917.1,96,100,333,337,5,GCGGA,CGCCT
X91917.1,76,78,215,217,3,GCG,CGC
X91917.1,165,167,215,217,3,GCG,CGC
X91917.1,146,148,333,335,3,GCG,CGC
X91917.1,146,148,286,288,3,GCG,CGC
X91917.1,146,148,166,168,3,GCG,CGC
X91917.1,76,78,166,168,3,GCG,CGC
X91917.1,165,167,166,168,3,GCG,CGC
X91917.1,18,20,166,168,3,GCG,CGC
X91917.1,76,78,77,79,3,GCG,CGC
X91917.1,18,20,77,79,3,GCG,CGC
X91917.1,96,98,166,168,3,GCG,CGC
X91917.1,46,48,234,236,3,GTA,CAT
X91917.1,46,48,186,188,3,GTA,CAT
X91917.1,46,48,68,70,3,GTA,CAT
X91917.1,46,48,425,427,3,GTA,CAT
X91917.1,356,358,425,427,3,GTA,CAT
X91917.1,34,36,251,253,3,GTG,CAC
X91917.1,34,36,269,271,3,GTG,CAC
X91917.1,73,75,246,248,3,GTG,CAC
X91917.1,34,36,231,233,3,GTG,CAC
X91917.1,73,75,225,227,3,GTG,CAC
X91917.1,34,36,85,87,3,GTG,CAC
X91917.1,73,75,85,87,3,GTG,CAC
X91917.1,222,224,345,347,3,GTT,CAA
X91917.1,222,224,431,433,3,GTT,CAA
X91917.1,134,136,194,196,3,GTT,CAA
X91917.1,134,136,141,143,3,GTT,CAA
X91917.1,134,136,345,347,3,GTT,CAA
X91917.1,134,136,431,433,3,GTT,CAA
X91917.1,418,420,431,433,3,GTT,CAA
X91917.1,405,407,431,433,3,GTT,CAA
X91917.1,360,362,431,433,3,GTT,CAA
X91917.1,134,136,173,175,3,GTT,CAA
X91917.1,357,361,422,426,5,TACGT,ATGCA
X91917.1,312,314,313,315,3,TAT,ATA
X91917.1,371,373,415,417,3,TAT,ATA
X91917.1,348,350,415,417,3,TAT,ATA
X91917.1,348,350,352,354,3,TAT,ATA
X91917.1,353,355,415,417,3,TAT,ATA
X91917.1,348,350,370,372,3,TAT,ATA
X91917.1,353,355,370,372,3,TAT,ATA
X91917.1,320,322,415,417,3,TAT,ATA
X91917.1,320,322,352,354,3,TAT,ATA
X91917.1,312,314,372,374,3,TAT,ATA
X91917.1,318,320,372,374,3,TAT,ATA
X91917.1,320,322,347,349,3,TAT,ATA
X91917.1,320,322,370,372,3,TAT,ATA
X91917.1,348,350,426,428,3,TAT,ATA
X91917.1,353,355,426,428,3,TAT,ATA
X91917.1,371,373,426,428,3,TAT,ATA
X91917.1,312,314,426,428,3,TAT,ATA
X91917.1,318,320,426,428,3,TAT,ATA
X91917.1,421,423,426,428,3,TAT,ATA
X91917.1,348,350,433,435,3,TAT,ATA
X91917.1,353,355,433,435,3,TAT,ATA
X91917.1,371,373,433,435,3,TAT,ATA
X91917.1,348,350,452,454,3,TAT,ATA
X91917.1,353,355,452,454,3,TAT,ATA
X91917.1,371,373,452,454,3,TAT,ATA
X91917.1,312,314,433,435,3,TAT,ATA
X91917.1,318,320,433,435,3,TAT,ATA
X91917.1,312,314,452,454,3,TAT,ATA
X91917.1,318,320,452,454,3,TAT,ATA
X91917.1,245,247,404,406,3,TCA,AGT
X91917.1,245,247,417,419,3,TCA,AGT
X91917.1,224,226,404,406,3,TCA,AGT
X91917.1,224,226,417,419,3,TCA,AGT
X91917.1,31,33,33,35,3,TCA,AGT
X91917.1,31,33,133,135,3,TCA,AGT
X91917.1,218,220,404,406,3,TCA,AGT
X91917.1,218,220,417,419,3,TCA,AGT
X91917.1,188,190,383,385,3,TCA,AGT
X91917.1,64,66,383,385,3,TCA,AGT
X91917.1,224,226,383,385,3,TCA,AGT
X91917.1,64,66,154,156,3,TCA,AGT
X91917.1,385,387,404,406,3,TCA,AGT
X91917.1,385,387,417,419,3,TCA,AGT
X91917.1,31,33,45,47,3,TCA,AGT
X91917.1,92,94,404,406,3,TCA,AGT
X91917.1,92,94,417,419,3,TCA,AGT
X91917.1,92,94,154,156,3,TCA,AGT
X91917.1,92,94,133,135,3,TCA,AGT
X91917.1,298,302,325,329,5,TCTAA,AGATT
X91917.1,156,160,325,329,5,TCTAA,AGATT
X91917.1,298,301,375,378,4,TCTA,AGAT
X91917.1,156,159,375,378,4,TCTA,AGAT
X91917.1,310,313,375,378,4,TCTA,AGAT
X91917.1,310,313,325,328,4,TCTA,AGAT
X91917.1,408,412,448,452,5,TCTTT,AGAAA
X91917.1,442,445,448,451,4,TCTT,AGAA
X91917.1,236,239,448,451,4,TCTT,AGAA
X91917.1,396,399,448,451,4,TCTT,AGAA
X91917.1,236,238,295,297,3,TCT,AGA
X91917.1,236,238,325,327,3,TCT,AGA
X91917.1,236,238,375,377,3,TCT,AGA
X91917.1,298,300,448,450,3,TCT,AGA
X91917.1,310,312,448,450,3,TCT,AGA
X91917.1,366,368,448,450,3,TCT,AGA
X91917.1,179,181,460,462,3,TGA,ACT
X91917.1,35,37,460,462,3,TGA,ACT
X91917.1,200,202,460,462,3,TGA,ACT
X91917.1,179,181,247,249,3,TGA,ACT
X91917.1,35,37,62,64,3,TGA,ACT
X91917.1,413,415,460,462,3,TGA,ACT
X91917.1,200,202,304,306,3,TGA,ACT
X91917.1,179,181,304,306,3,TGA,ACT
X91917.1,35,37,304,306,3,TGA,ACT
X91917.1,40,44,270,274,5,TGGCC,ACCGG
X91917.1,136,140,270,274,5,TGGCC,ACCGG
X91917.1,365,369,374,378,5,TTCTA,AAGAT
X91917.1,337,341,343,347,5,TTGTT,AACAA
X91917.1,337,341,429,433,5,TTGTT,AACAA

Total for length 3 is 366.
Total for length 4 is 55.
Total for length 5 is 35.
Total for length 6 is 4.
Total for length 9 is 1.

