Input file is sequence2.fasta.
Minimal fragment length is 3.
Working with probability estimation.
P value is : 0.050000.
Printing all instances.
Looking for inverse complementary repeats.
X91917.1 Alphabet size is 4.
Input sequence has 0 letters that are not in expected alphabet.
X91917.1,122,127,408,413,6,AAAAGA,TCTTTT
X91917.1,25,30,408,413,6,AAAAGA,TCTTTT
X91917.1,120,123,361,364,4,AAAA,TTTT
X91917.1,301,304,362,365,4,AAAA,TTTT
X91917.1,301,304,363,366,4,AAAA,TTTT
X91917.1,122,125,363,366,4,AAAA,TTTT
X91917.1,121,124,410,413,4,AAAA,TTTT
X91917.1,301,304,410,413,4,AAAA,TTTT
X91917.1,25,28,361,364,4,AAAA,TTTT
X91917.1,25,28,362,365,4,AAAA,TTTT
X91917.1,122,125,393,396,4,AAAA,TTTT
X91917.1,121,124,393,396,4,AAAA,TTTT
X91917.1,120,123,393,396,4,AAAA,TTTT
X91917.1,301,304,393,396,4,AAAA,TTTT
X91917.1,302,307,403,408,6,AAACTA,TAGTTT
X91917.1,302,307,416,421,6,AAACTA,TAGTTT
X91917.1,120,122,361,363,3,AAA,TTT
X91917.1,302,304,411,413,3,AAA,TTT
X91917.1,25,27,361,363,3,AAA,TTT
X91917.1,302,304,364,366,3,AAA,TTT
X91917.1,302,304,394,396,3,AAA,TTT
X91917.1,301,303,361,363,3,AAA,TTT
X91917.1,121,123,406,408,3,AAA,TTT
X91917.1,122,124,406,408,3,AAA,TTT
X91917.1,60,62,363,365,3,AAA,TTT
X91917.1,60,62,362,364,3,AAA,TTT
X91917.1,120,122,406,408,3,AAA,TTT
X91917.1,60,62,411,413,3,AAA,TTT
X91917.1,301,303,406,408,3,AAA,TTT
X91917.1,121,123,340,342,3,AAA,TTT
X91917.1,122,124,340,342,3,AAA,TTT
X91917.1,121,123,419,421,3,AAA,TTT
X91917.1,122,124,419,421,3,AAA,TTT
X91917.1,120,122,340,342,3,AAA,TTT
X91917.1,120,122,419,421,3,AAA,TTT
X91917.1,25,27,340,342,3,AAA,TTT
X91917.1,25,27,419,421,3,AAA,TTT
X91917.1,120,122,410,412,3,AAA,TTT
X91917.1,123,125,411,413,3,AAA,TTT
X91917.1,26,28,411,413,3,AAA,TTT
X91917.1,60,62,410,412,3,AAA,TTT
X91917.1,25,27,410,412,3,AAA,TTT
X91917.1,123,125,406,408,3,AAA,TTT
X91917.1,123,125,364,366,3,AAA,TTT
X91917.1,123,125,394,396,3,AAA,TTT
X91917.1,26,28,406,408,3,AAA,TTT
X91917.1,26,28,364,366,3,AAA,TTT
X91917.1,26,28,394,396,3,AAA,TTT
X91917.1,301,303,410,412,3,AAA,TTT
X91917.1,123,125,340,342,3,AAA,TTT
X91917.1,123,125,419,421,3,AAA,TTT
X91917.1,26,28,340,342,3,AAA,TTT
X91917.1,26,28,419,421,3,AAA,TTT
X91917.1,174,176,361,363,3,AAA,TTT
X91917.1,174,176,363,365,3,AAA,TTT
X91917.1,174,176,362,364,3,AAA,TTT
X91917.1,80,82,361,363,3,AAA,TTT
X91917.1,80,82,363,365,3,AAA,TTT
X91917.1,80,82,362,364,3,AAA,TTT
X91917.1,174,176,406,408,3,AAA,TTT
X91917.1,174,176,364,366,3,AAA,TTT
X91917.1,174,176,394,396,3,AAA,TTT
X91917.1,80,82,406,408,3,AAA,TTT
X91917.1,80,82,364,366,3,AAA,TTT
X91917.1,80,82,394,396,3,AAA,TTT
X91917.1,174,176,340,342,3,AAA,TTT
X91917.1,174,176,419,421,3,AAA,TTT
X91917.1,80,82,340,342,3,AAA,TTT
X91917.1,80,82,419,421,3,AAA,TTT
X91917.1,2,4,361,363,3,AAA,TTT
X91917.1,2,4,363,365,3,AAA,TTT
X91917.1,2,4,362,364,3,AAA,TTT
X91917.1,2,4,411,413,3,AAA,TTT
X91917.1,2,4,340,342,3,AAA,TTT
X91917.1,2,4,419,421,3,AAA,TTT
X91917.1,174,176,393,395,3,AAA,TTT
X91917.1,80,82,393,395,3,AAA,TTT
X91917.1,120,122,393,395,3,AAA,TTT
X91917.1,2,4,393,395,3,AAA,TTT
X91917.1,60,62,393,395,3,AAA,TTT
X91917.1,25,27,393,395,3,AAA,TTT
X91917.1,301,303,393,395,3,AAA,TTT
X91917.1,390,392,410,412,3,AAA,TTT
X91917.1,390,392,411,413,3,AAA,TTT
X91917.1,390,392,419,421,3,AAA,TTT
X91917.1,27,31,235,239,5,AAGAT,ATCTT
X91917.1,27,31,441,445,5,AAGAT,ATCTT
X91917.1,6,10,441,445,5,AAGAT,ATCTT
X91917.1,374,378,441,445,5,AAGAT,ATCTT
X91917.1,124,127,396,399,4,AAGA,TCTT
X91917.1,142,145,408,411,4,AAGA,TCTT
X91917.1,27,30,396,399,4,AAGA,TCTT
X91917.1,124,127,442,445,4,AAGA,TCTT
X91917.1,3,6,442,445,4,AAGA,TCTT
X91917.1,129,132,442,445,4,AAGA,TCTT
X91917.1,6,9,408,411,4,AAGA,TCTT
X91917.1,124,127,236,239,4,AAGA,TCTT
X91917.1,3,6,236,239,4,AAGA,TCTT
X91917.1,6,9,396,399,4,AAGA,TCTT
X91917.1,142,145,236,239,4,AAGA,TCTT
X91917.1,374,377,408,411,4,AAGA,TCTT
X91917.1,324,327,408,411,4,AAGA,TCTT
X91917.1,374,377,396,399,4,AAGA,TCTT
X91917.1,324,327,396,399,4,AAGA,TCTT
X91917.1,102,105,408,411,4,AAGA,TCTT
X91917.1,102,105,442,445,4,AAGA,TCTT
X91917.1,102,105,396,399,4,AAGA,TCTT
X91917.1,81,83,397,399,3,AAG,CTT
X91917.1,81,83,443,445,3,AAG,CTT
X91917.1,81,83,237,239,3,AAG,CTT
X91917.1,113,115,409,411,3,AAG,CTT
X91917.1,54,56,409,411,3,AAG,CTT
X91917.1,3,5,336,338,3,AAG,CTT
X91917.1,124,126,336,338,3,AAG,CTT
X91917.1,27,29,336,338,3,AAG,CTT
X91917.1,195,197,409,411,3,AAG,CTT
X91917.1,88,90,409,411,3,AAG,CTT
X91917.1,113,115,237,239,3,AAG,CTT
X91917.1,54,56,237,239,3,AAG,CTT
X91917.1,129,131,336,338,3,AAG,CTT
X91917.1,102,104,336,338,3,AAG,CTT
X91917.1,6,8,336,338,3,AAG,CTT
X91917.1,195,197,237,239,3,AAG,CTT
X91917.1,88,90,237,239,3,AAG,CTT
X91917.1,324,326,336,338,3,AAG,CTT
X91917.1,21,23,409,411,3,AAG,CTT
X91917.1,21,23,397,399,3,AAG,CTT
X91917.1,21,23,443,445,3,AAG,CTT
X91917.1,159,161,409,411,3,AAG,CTT
X91917.1,159,161,397,399,3,AAG,CTT
X91917.1,159,161,443,445,3,AAG,CTT
X91917.1,159,161,237,239,3,AAG,CTT
X91917.1,153,155,409,411,3,AAG,CTT
X91917.1,132,134,409,411,3,AAG,CTT
X91917.1,153,155,336,338,3,AAG,CTT
X91917.1,153,155,397,399,3,AAG,CTT
X91917.1,153,155,443,445,3,AAG,CTT
X91917.1,132,134,336,338,3,AAG,CTT
X91917.1,132,134,397,399,3,AAG,CTT
X91917.1,132,134,443,445,3,AAG,CTT
X91917.1,81,83,461,463,3,AAG,CTT
X91917.1,3,5,461,463,3,AAG,CTT
X91917.1,124,126,461,463,3,AAG,CTT
X91917.1,27,29,461,463,3,AAG,CTT
X91917.1,113,115,461,463,3,AAG,CTT
X91917.1,54,56,461,463,3,AAG,CTT
X91917.1,195,197,461,463,3,AAG,CTT
X91917.1,88,90,461,463,3,AAG,CTT
X91917.1,142,144,461,463,3,AAG,CTT
X91917.1,21,23,461,463,3,AAG,CTT
X91917.1,129,131,461,463,3,AAG,CTT
X91917.1,102,104,461,463,3,AAG,CTT
X91917.1,6,8,461,463,3,AAG,CTT
X91917.1,175,177,336,338,3,AAG,CTT
X91917.1,175,177,397,399,3,AAG,CTT
X91917.1,175,177,443,445,3,AAG,CTT
X91917.1,175,177,237,239,3,AAG,CTT
X91917.1,175,177,461,463,3,AAG,CTT
X91917.1,226,228,359,361,3,ACG,CGT
X91917.1,48,50,359,361,3,ACG,CGT
X91917.1,226,228,457,459,3,ACG,CGT
X91917.1,105,107,359,361,3,ACG,CGT
X91917.1,214,216,359,361,3,ACG,CGT
X91917.1,105,107,457,459,3,ACG,CGT
X91917.1,214,216,457,459,3,ACG,CGT
X91917.1,58,62,394,398,5,AGAAA,TTTCT
X91917.1,58,62,364,368,5,AGAAA,TTTCT
X91917.1,103,105,366,368,3,AGA,TCT
X91917.1,4,6,156,158,3,AGA,TCT
X91917.1,130,132,156,158,3,AGA,TCT
X91917.1,58,60,156,158,3,AGA,TCT
X91917.1,127,129,156,158,3,AGA,TCT
X91917.1,100,102,156,158,3,AGA,TCT
X91917.1,151,153,156,158,3,AGA,TCT
X91917.1,125,127,156,158,3,AGA,TCT
X91917.1,125,127,366,368,3,AGA,TCT
X91917.1,143,145,156,158,3,AGA,TCT
X91917.1,143,145,366,368,3,AGA,TCT
X91917.1,149,151,396,398,3,AGA,TCT
X91917.1,149,151,408,410,3,AGA,TCT
X91917.1,149,151,156,158,3,AGA,TCT
X91917.1,149,151,366,368,3,AGA,TCT
X91917.1,103,105,310,312,3,AGA,TCT
X91917.1,4,6,310,312,3,AGA,TCT
X91917.1,130,132,310,312,3,AGA,TCT
X91917.1,58,60,310,312,3,AGA,TCT
X91917.1,127,129,310,312,3,AGA,TCT
X91917.1,100,102,310,312,3,AGA,TCT
X91917.1,151,153,310,312,3,AGA,TCT
X91917.1,149,151,236,238,3,AGA,TCT
X91917.1,58,60,236,238,3,AGA,TCT
X91917.1,127,129,236,238,3,AGA,TCT
X91917.1,100,102,236,238,3,AGA,TCT
X91917.1,151,153,236,238,3,AGA,TCT
X91917.1,149,151,442,444,3,AGA,TCT
X91917.1,58,60,442,444,3,AGA,TCT
X91917.1,127,129,442,444,3,AGA,TCT
X91917.1,100,102,442,444,3,AGA,TCT
X91917.1,151,153,442,444,3,AGA,TCT
X91917.1,28,30,310,312,3,AGA,TCT
X91917.1,28,30,156,158,3,AGA,TCT
X91917.1,28,30,366,368,3,AGA,TCT
X91917.1,7,9,310,312,3,AGA,TCT
X91917.1,7,9,156,158,3,AGA,TCT
X91917.1,7,9,366,368,3,AGA,TCT
X91917.1,325,327,366,368,3,AGA,TCT
X91917.1,295,297,396,398,3,AGA,TCT
X91917.1,295,297,408,410,3,AGA,TCT
X91917.1,295,297,310,312,3,AGA,TCT
X91917.1,295,297,366,368,3,AGA,TCT
X91917.1,125,127,298,300,3,AGA,TCT
X91917.1,143,145,298,300,3,AGA,TCT
X91917.1,103,105,298,300,3,AGA,TCT
X91917.1,4,6,298,300,3,AGA,TCT
X91917.1,130,132,298,300,3,AGA,TCT
X91917.1,149,151,298,300,3,AGA,TCT
X91917.1,58,60,298,300,3,AGA,TCT
X91917.1,127,129,298,300,3,AGA,TCT
X91917.1,100,102,298,300,3,AGA,TCT
X91917.1,151,153,298,300,3,AGA,TCT
X91917.1,235,239,324,328,5,ATCTT,AAGAT
X91917.1,235,239,374,378,5,ATCTT,AAGAT
X91917.1,30,32,107,109,3,ATC,GAT
X91917.1,69,71,414,416,3,ATC,GAT
X91917.1,69,71,351,353,3,ATC,GAT
X91917.1,69,71,326,328,3,ATC,GAT
X91917.1,187,189,326,328,3,ATC,GAT
X91917.1,30,32,326,328,3,ATC,GAT
X91917.1,235,237,414,416,3,ATC,GAT
X91917.1,235,237,351,353,3,ATC,GAT
X91917.1,69,71,296,298,3,ATC,GAT
X91917.1,187,189,296,298,3,ATC,GAT
X91917.1,69,71,376,378,3,ATC,GAT
X91917.1,187,189,376,378,3,ATC,GAT
X91917.1,297,299,414,416,3,ATC,GAT
X91917.1,297,299,351,353,3,ATC,GAT
X91917.1,191,193,296,298,3,ATC,GAT
X91917.1,191,193,376,378,3,ATC,GAT
X91917.1,191,193,414,416,3,ATC,GAT
X91917.1,191,193,351,353,3,ATC,GAT
X91917.1,79,81,135,137,3,CAA,TTG
X91917.1,119,121,337,339,3,CAA,TTG
X91917.1,173,175,337,339,3,CAA,TTG
X91917.1,87,89,135,137,3,CAA,TTG
X91917.1,79,81,337,339,3,CAA,TTG
X91917.1,65,67,337,339,3,CAA,TTG
X91917.1,87,89,412,414,3,CAA,TTG
X91917.1,79,81,398,400,3,CAA,TTG
X91917.1,65,67,398,400,3,CAA,TTG
X91917.1,141,143,412,414,3,CAA,TTG
X91917.1,53,55,412,414,3,CAA,TTG
X91917.1,194,196,412,414,3,CAA,TTG
X91917.1,119,121,444,446,3,CAA,TTG
X91917.1,173,175,444,446,3,CAA,TTG
X91917.1,112,114,135,137,3,CAA,TTG
X91917.1,65,67,444,446,3,CAA,TTG
X91917.1,112,114,412,414,3,CAA,TTG
X91917.1,345,347,398,400,3,CAA,TTG
X91917.1,431,433,444,446,3,CAA,TTG
X91917.1,345,347,444,446,3,CAA,TTG
X91917.1,345,347,412,414,3,CAA,TTG
X91917.1,189,191,337,339,3,CAA,TTG
X91917.1,189,191,398,400,3,CAA,TTG
X91917.1,189,191,444,446,3,CAA,TTG
X91917.1,257,259,290,292,3,CCC,GGG
X91917.1,139,141,290,292,3,CCC,GGG
X91917.1,19,21,70,72,3,CGA,TCG
X91917.1,63,65,162,164,3,CTC,GAG
X91917.1,183,185,201,203,3,CTC,GAG
X91917.1,63,65,274,276,3,CTC,GAG
X91917.1,63,65,99,101,3,CTC,GAG
X91917.1,248,250,265,267,3,CTC,GAG
X91917.1,63,65,265,267,3,CTC,GAG
X91917.1,183,185,265,267,3,CTC,GAG
X91917.1,63,65,148,150,3,CTC,GAG
X91917.1,63,65,144,146,3,CTC,GAG
X91917.1,63,65,150,152,3,CTC,GAG
X91917.1,63,65,126,128,3,CTC,GAG
X91917.1,336,338,374,376,3,CTT,AAG
X91917.1,148,150,309,311,3,GAG,CTC
X91917.1,57,59,309,311,3,GAG,CTC
X91917.1,99,101,309,311,3,GAG,CTC
X91917.1,126,128,217,219,3,GAG,CTC
X91917.1,150,152,217,219,3,GAG,CTC
X91917.1,148,150,217,219,3,GAG,CTC
X91917.1,57,59,217,219,3,GAG,CTC
X91917.1,99,101,217,219,3,GAG,CTC
X91917.1,162,164,309,311,3,GAG,CTC
X91917.1,144,146,183,185,3,GAG,CTC
X91917.1,126,128,183,185,3,GAG,CTC
X91917.1,150,152,183,185,3,GAG,CTC
X91917.1,148,150,183,185,3,GAG,CTC
X91917.1,162,164,217,219,3,GAG,CTC
X91917.1,144,146,248,250,3,GAG,CTC
X91917.1,126,128,248,250,3,GAG,CTC
X91917.1,150,152,248,250,3,GAG,CTC
X91917.1,148,150,248,250,3,GAG,CTC
X91917.1,201,203,248,250,3,GAG,CTC
X91917.1,57,59,63,65,3,GAG,CTC
X91917.1,8,10,377,379,3,GAT,ATC
X91917.1,8,10,30,32,3,GAT,ATC
X91917.1,107,109,297,299,3,GAT,ATC
X91917.1,29,31,69,71,3,GAT,ATC
X91917.1,107,109,377,379,3,GAT,ATC
X91917.1,29,31,187,189,3,GAT,ATC
X91917.1,107,109,441,443,3,GAT,ATC
X91917.1,414,416,441,443,3,GAT,ATC
X91917.1,351,353,441,443,3,GAT,ATC
X91917.1,326,328,377,379,3,GAT,ATC
X91917.1,8,10,191,193,3,GAT,ATC
X91917.1,29,31,191,193,3,GAT,ATC
X91917.1,107,109,191,193,3,GAT,ATC
X91917.1,381,383,445,447,3,GCA,TGC
X91917.1,111,113,209,211,3,GCA,TGC
X91917.1,167,169,445,447,3,GCA,TGC
X91917.1,167,169,206,208,3,GCA,TGC
X91917.1,78,80,206,208,3,GCA,TGC
X91917.1,203,205,209,211,3,GCA,TGC
X91917.1,111,113,206,208,3,GCA,TGC
X91917.1,11,13,206,208,3,GCA,TGC
X91917.1,203,205,445,447,3,GCA,TGC
X91917.1,11,13,95,97,3,GCA,TGC
X91917.1,381,383,423,425,3,GCA,TGC
X91917.1,167,169,423,425,3,GCA,TGC
X91917.1,78,80,423,425,3,GCA,TGC
X91917.1,111,113,423,425,3,GCA,TGC
X91917.1,84,86,206,208,3,GCA,TGC
X91917.1,84,86,95,97,3,GCA,TGC
X91917.1,84,86,209,211,3,GCA,TGC
X91917.1,84,86,423,425,3,GCA,TGC
X91917.1,84,86,445,447,3,GCA,TGC
X91917.1,171,173,197,199,3,GCC,GGC
X91917.1,51,53,197,199,3,GCC,GGC
X91917.1,42,44,197,199,3,GCC,GGC
X91917.1,51,53,164,166,3,GCC,GGC
X91917.1,42,44,164,166,3,GCC,GGC
X91917.1,51,53,83,85,3,GCC,GGC
X91917.1,42,44,83,85,3,GCC,GGC
X91917.1,138,140,197,199,3,GCC,GGC
X91917.1,138,140,164,166,3,GCC,GGC
X91917.1,50,55,135,140,6,GGCCAA,TTGGCC
X91917.1,41,45,136,140,5,GGCCA,TGGCC
X91917.1,83,85,138,140,3,GGC,GCC
X91917.1,110,112,138,140,3,GGC,GCC
X91917.1,83,85,229,231,3,GGC,GCC
X91917.1,83,85,171,173,3,GGC,GCC
X91917.1,50,52,334,336,3,GGC,GCC
X91917.1,228,230,334,336,3,GGC,GCC
X91917.1,164,166,229,231,3,GGC,GCC
X91917.1,164,166,171,173,3,GGC,GCC
X91917.1,41,43,334,336,3,GGC,GCC
X91917.1,137,139,334,336,3,GGC,GCC
X91917.1,110,112,334,336,3,GGC,GCC
X91917.1,170,172,287,289,3,GGC,GCC
X91917.1,83,85,287,289,3,GGC,GCC
X91917.1,17,19,138,140,3,GGC,GCC
X91917.1,17,19,42,44,3,GGC,GCC
X91917.1,17,19,51,53,3,GGC,GCC
X91917.1,17,19,229,231,3,GGC,GCC
X91917.1,17,19,171,173,3,GGC,GCC
X91917.1,41,43,287,289,3,GGC,GCC
X91917.1,137,139,287,289,3,GGC,GCC
X91917.1,110,112,287,289,3,GGC,GCC
X91917.1,75,77,138,140,3,GGC,GCC
X91917.1,197,199,287,289,3,GGC,GCC
X91917.1,197,199,229,231,3,GGC,GCC
X91917.1,164,166,331,333,3,GGC,GCC
X91917.1,170,172,331,333,3,GGC,GCC
X91917.1,83,85,331,333,3,GGC,GCC
X91917.1,75,77,331,333,3,GGC,GCC
X91917.1,41,43,331,333,3,GGC,GCC
X91917.1,137,139,331,333,3,GGC,GCC
X91917.1,110,112,331,333,3,GGC,GCC
X91917.1,164,166,267,269,3,GGC,GCC
X91917.1,170,172,267,269,3,GGC,GCC
X91917.1,83,85,267,269,3,GGC,GCC
X91917.1,17,19,267,269,3,GGC,GCC
X91917.1,50,52,267,269,3,GGC,GCC
X91917.1,228,230,267,269,3,GGC,GCC
X91917.1,34,36,251,253,3,GTG,CAC
X91917.1,34,36,231,233,3,GTG,CAC
X91917.1,73,75,246,248,3,GTG,CAC
X91917.1,34,36,269,271,3,GTG,CAC
X91917.1,73,75,225,227,3,GTG,CAC
X91917.1,34,36,85,87,3,GTG,CAC
X91917.1,73,75,85,87,3,GTG,CAC
X91917.1,418,431,418,431,14,GTTTATGCATAAAC,GTTTATGCATAAAC
X91917.1,70,72,147,149,3,TCG,CGA
X91917.1,15,17,147,149,3,TCG,CGA
X91917.1,15,17,19,21,3,TCG,CGA
X91917.1,15,17,106,108,3,TCG,CGA
X91917.1,156,158,295,297,3,TCT,AGA
X91917.1,298,300,448,450,3,TCT,AGA
X91917.1,310,312,448,450,3,TCT,AGA
X91917.1,156,158,448,450,3,TCT,AGA
X91917.1,310,312,325,327,3,TCT,AGA
X91917.1,310,312,375,377,3,TCT,AGA
X91917.1,156,158,325,327,3,TCT,AGA
X91917.1,156,158,375,377,3,TCT,AGA
X91917.1,366,368,375,377,3,TCT,AGA
X91917.1,236,238,448,450,3,TCT,AGA
X91917.1,442,444,448,450,3,TCT,AGA
X91917.1,10,12,84,86,3,TGC,GCA
X91917.1,10,12,111,113,3,TGC,GCA
X91917.1,95,97,446,448,3,TGC,GCA
X91917.1,95,97,111,113,3,TGC,GCA
X91917.1,10,12,167,169,3,TGC,GCA
X91917.1,209,211,424,426,3,TGC,GCA
X91917.1,10,12,78,80,3,TGC,GCA
X91917.1,206,208,446,448,3,TGC,GCA
X91917.1,95,97,381,383,3,TGC,GCA
X91917.1,10,12,381,383,3,TGC,GCA
X91917.1,40,44,228,232,5,TGGCC,GGCCA
X91917.1,40,44,50,54,5,TGGCC,GGCCA
X91917.1,40,44,170,174,5,TGGCC,GGCCA
X91917.1,136,140,228,232,5,TGGCC,GGCCA
X91917.1,135,140,170,175,6,TTGGCC,GGCCAA
X91917.1,135,137,189,191,3,TTG,CAA
X91917.1,398,400,431,433,3,TTG,CAA
X91917.1,135,137,345,347,3,TTG,CAA
X91917.1,135,137,431,433,3,TTG,CAA
X91917.1,412,414,431,433,3,TTG,CAA
X91917.1,364,368,448,452,5,TTTCT,AGAAA
X91917.1,406,410,448,452,5,TTTCT,AGAAA
X91917.1,394,398,448,452,5,TTTCT,AGAAA

Total for length 3 is 372.
Total for length 4 is 30.
Total for length 5 is 16.
Total for length 6 is 6.
Total for length 14 is 1.

