Input file is sequence3.fasta.
Minimal fragment length is 3.
Working with probability estimation.
P value is : 0.050000.
Printing all instances.
Looking for inverse complementary repeats.
AF083768.1 Alphabet size is 4.
Input sequence has 0 letters that are not in expected alphabet.
AF083768.1,377,384,487,494,8,AAAACAGA,TCTGTTTT
AF083768.1,1,5,489,493,5,AAACA,TGTTA
AF083768.1,141,145,489,493,5,AAACA,TGTTT
AF083768.1,1,5,483,487,5,AAACA,TGTTA
AF083768.1,378,382,483,487,5,AAACA,TGTTT
AF083768.1,294,298,489,493,5,AAACA,TGTTT
AF083768.1,45,51,468,474,7,AAAGATA,TATCTTT
AF083768.1,10,14,470,474,5,AAAGA,TCTTT
AF083768.1,28,32,470,474,5,AAAGA,TCTTT
AF083768.1,41,45,470,474,5,AAAGA,TCTTT
AF083768.1,269,273,470,474,5,AAAGA,TCTTT
AF083768.1,32,36,470,474,5,AAAGA,TCTTT
AF083768.1,446,450,470,474,5,AAAGA,TCTTT
AF083768.1,505,511,541,547,7,AAATTAT,ATAATTT
AF083768.1,1,3,492,494,3,AAA,TTA
AF083768.1,27,29,491,493,3,AAA,TTT
AF083768.1,246,248,491,493,3,AAA,TTT
AF083768.1,38,40,491,493,3,AAA,TTT
AF083768.1,267,269,491,493,3,AAA,TTT
AF083768.1,378,380,492,494,3,AAA,TTT
AF083768.1,377,379,491,493,3,AAA,TTT
AF083768.1,9,11,491,493,3,AAA,TTT
AF083768.1,225,227,491,493,3,AAA,TTT
AF083768.1,39,41,485,487,3,AAA,TTT
AF083768.1,40,42,485,487,3,AAA,TTT
AF083768.1,268,270,485,487,3,AAA,TTT
AF083768.1,27,29,485,487,3,AAA,TTT
AF083768.1,246,248,485,487,3,AAA,TTT
AF083768.1,377,379,485,487,3,AAA,TTT
AF083768.1,9,11,485,487,3,AAA,TTT
AF083768.1,225,227,485,487,3,AAA,TTT
AF083768.1,28,30,485,487,3,AAA,TTT
AF083768.1,28,30,492,494,3,AAA,TTT
AF083768.1,41,43,485,487,3,AAA,TTT
AF083768.1,41,43,492,494,3,AAA,TTT
AF083768.1,269,271,485,487,3,AAA,TTT
AF083768.1,269,271,492,494,3,AAA,TTT
AF083768.1,10,12,485,487,3,AAA,TTT
AF083768.1,10,12,492,494,3,AAA,TTT
AF083768.1,226,228,485,487,3,AAA,TTT
AF083768.1,226,228,492,494,3,AAA,TTT
AF083768.1,247,249,485,487,3,AAA,TTT
AF083768.1,247,249,492,494,3,AAA,TTT
AF083768.1,1,3,472,474,3,AAA,TTA
AF083768.1,174,176,491,493,3,AAA,TTT
AF083768.1,198,200,491,493,3,AAA,TTT
AF083768.1,378,380,472,474,3,AAA,TTT
AF083768.1,39,41,472,474,3,AAA,TTT
AF083768.1,40,42,472,474,3,AAA,TTT
AF083768.1,268,270,472,474,3,AAA,TTT
AF083768.1,174,176,485,487,3,AAA,TTT
AF083768.1,174,176,492,494,3,AAA,TTT
AF083768.1,198,200,485,487,3,AAA,TTT
AF083768.1,198,200,492,494,3,AAA,TTT
AF083768.1,141,143,472,474,3,AAA,TTT
AF083768.1,294,296,472,474,3,AAA,TTT
AF083768.1,38,40,472,474,3,AAA,TTT
AF083768.1,267,269,472,474,3,AAA,TTT
AF083768.1,377,379,472,474,3,AAA,TTT
AF083768.1,9,11,472,474,3,AAA,TTT
AF083768.1,225,227,472,474,3,AAA,TTT
AF083768.1,32,34,491,493,3,AAA,TTT
AF083768.1,45,47,491,493,3,AAA,TTT
AF083768.1,446,448,491,493,3,AAA,TTT
AF083768.1,446,448,485,487,3,AAA,TTT
AF083768.1,446,448,492,494,3,AAA,TTT
AF083768.1,1,3,545,547,3,AAA,TTA
AF083768.1,28,30,545,547,3,AAA,TTT
AF083768.1,41,43,545,547,3,AAA,TTT
AF083768.1,269,271,545,547,3,AAA,TTT
AF083768.1,10,12,545,547,3,AAA,TTT
AF083768.1,226,228,545,547,3,AAA,TTT
AF083768.1,247,249,545,547,3,AAA,TTT
AF083768.1,378,380,545,547,3,AAA,TTT
AF083768.1,39,41,545,547,3,AAA,TTT
AF083768.1,40,42,545,547,3,AAA,TTT
AF083768.1,268,270,545,547,3,AAA,TTT
AF083768.1,535,537,545,547,3,AAA,TTT
AF083768.1,32,34,545,547,3,AAA,TTT
AF083768.1,45,47,545,547,3,AAA,TTT
AF083768.1,141,143,545,547,3,AAA,TTT
AF083768.1,294,296,545,547,3,AAA,TTT
AF083768.1,38,40,545,547,3,AAA,TTT
AF083768.1,267,269,545,547,3,AAA,TTT
AF083768.1,504,506,545,547,3,AAA,TTT
AF083768.1,446,448,545,547,3,AAA,TTT
AF083768.1,377,379,545,547,3,AAA,TTT
AF083768.1,9,11,545,547,3,AAA,TTT
AF083768.1,225,227,545,547,3,AAA,TTT
AF083768.1,1,3,19,21,3,AAA,TTA
AF083768.1,10,12,19,21,3,AAA,TTT
AF083768.1,66,71,476,481,6,AACAAG,CTTGTT
AF083768.1,102,107,476,481,6,AACAAG,CTTGTT
AF083768.1,2,5,185,188,4,AACA,TGTT
AF083768.1,142,145,185,188,4,AACA,TGTT
AF083768.1,2,5,478,481,4,AACA,TGTT
AF083768.1,142,145,478,481,4,AACA,TGTT
AF083768.1,133,136,185,188,4,AACA,TGTT
AF083768.1,133,136,478,481,4,AACA,TGTT
AF083768.1,66,69,489,492,4,AACA,TGTT
AF083768.1,102,105,489,492,4,AACA,TGTT
AF083768.1,133,136,489,492,4,AACA,TGTT
AF083768.1,379,382,478,481,4,AACA,TGTT
AF083768.1,66,69,483,486,4,AACA,TGTT
AF083768.1,102,105,483,486,4,AACA,TGTT
AF083768.1,133,136,483,486,4,AACA,TGTT
AF083768.1,295,298,478,481,4,AACA,TGTT
AF083768.1,379,382,410,413,4,AACA,TGTT
AF083768.1,2,5,410,413,4,AACA,TGTT
AF083768.1,142,145,410,413,4,AACA,TGTT
AF083768.1,133,136,410,413,4,AACA,TGTT
AF083768.1,379,382,420,423,4,AACA,TGTT
AF083768.1,2,5,420,423,4,AACA,TGTT
AF083768.1,142,145,420,423,4,AACA,TGTT
AF083768.1,66,69,420,423,4,AACA,TGTT
AF083768.1,102,105,420,423,4,AACA,TGTT
AF083768.1,264,270,491,497,7,AAGAAAA,TTTTCTT
AF083768.1,291,296,492,497,6,AAGAAA,TTTCTT
AF083768.1,29,34,492,497,6,AAGAAA,TTTCTT
AF083768.1,42,47,492,497,6,AAGAAA,TTTCTT
AF083768.1,270,274,493,497,5,AAGAA,TTCTT
AF083768.1,175,179,493,497,5,AAGAA,TTCTT
AF083768.1,273,277,493,497,5,AAGAA,TTCTT
AF083768.1,270,274,422,426,5,AAGAA,TTCTT
AF083768.1,175,179,422,426,5,AAGAA,TTCTT
AF083768.1,29,33,422,426,5,AAGAA,TTCTT
AF083768.1,42,46,422,426,5,AAGAA,TTCTT
AF083768.1,120,124,422,426,5,AAGAA,TTCTT
AF083768.1,282,286,422,426,5,AAGAA,TTCTT
AF083768.1,138,142,422,426,5,AAGAA,TTCTT
AF083768.1,273,277,422,426,5,AAGAA,TTCTT
AF083768.1,264,268,422,426,5,AAGAA,TTCTT
AF083768.1,291,295,422,426,5,AAGAA,TTCTT
AF083768.1,192,196,469,473,5,AAGAT,ATCTT
AF083768.1,204,208,469,473,5,AAGAT,ATCTT
AF083768.1,69,73,469,473,5,AAGAT,ATCTT
AF083768.1,192,196,520,524,5,AAGAT,ATCTT
AF083768.1,204,208,520,524,5,AAGAT,ATCTT
AF083768.1,69,73,520,524,5,AAGAT,ATCTT
AF083768.1,46,50,430,434,5,AAGAT,ATCTT
AF083768.1,192,196,430,434,5,AAGAT,ATCTT
AF083768.1,204,208,430,434,5,AAGAT,ATCTT
AF083768.1,69,73,430,434,5,AAGAT,ATCTT
AF083768.1,199,202,494,497,4,AAGA,TCTT
AF083768.1,447,450,494,497,4,AAGA,TCTT
AF083768.1,199,202,423,426,4,AAGA,TCTT
AF083768.1,33,36,494,497,4,AAGA,TCTT
AF083768.1,11,14,494,497,4,AAGA,TCTT
AF083768.1,33,36,423,426,4,AAGA,TCTT
AF083768.1,11,14,423,426,4,AAGA,TCTT
AF083768.1,159,162,423,426,4,AAGA,TCTT
AF083768.1,127,130,494,497,4,AAGA,TCTT
AF083768.1,127,130,423,426,4,AAGA,TCTT
AF083768.1,159,162,470,473,4,AAGA,TCTT
AF083768.1,138,141,470,473,4,AAGA,TCTT
AF083768.1,120,123,470,473,4,AAGA,TCTT
AF083768.1,282,285,470,473,4,AAGA,TCTT
AF083768.1,46,49,494,497,4,AAGA,TCTT
AF083768.1,127,130,470,473,4,AAGA,TCTT
AF083768.1,264,267,470,473,4,AAGA,TCTT
AF083768.1,291,294,470,473,4,AAGA,TCTT
AF083768.1,273,276,470,473,4,AAGA,TCTT
AF083768.1,46,49,423,426,4,AAGA,TCTT
AF083768.1,192,195,423,426,4,AAGA,TCTT
AF083768.1,204,207,423,426,4,AAGA,TCTT
AF083768.1,69,72,423,426,4,AAGA,TCTT
AF083768.1,33,36,521,524,4,AAGA,TCTT
AF083768.1,11,14,521,524,4,AAGA,TCTT
AF083768.1,199,202,521,524,4,AAGA,TCTT
AF083768.1,447,450,521,524,4,AAGA,TCTT
AF083768.1,29,32,521,524,4,AAGA,TCTT
AF083768.1,42,45,521,524,4,AAGA,TCTT
AF083768.1,270,273,521,524,4,AAGA,TCTT
AF083768.1,175,178,521,524,4,AAGA,TCTT
AF083768.1,33,36,431,434,4,AAGA,TCTT
AF083768.1,11,14,431,434,4,AAGA,TCTT
AF083768.1,199,202,431,434,4,AAGA,TCTT
AF083768.1,29,32,431,434,4,AAGA,TCTT
AF083768.1,42,45,431,434,4,AAGA,TCTT
AF083768.1,270,273,431,434,4,AAGA,TCTT
AF083768.1,175,178,431,434,4,AAGA,TCTT
AF083768.1,159,162,521,524,4,AAGA,TCTT
AF083768.1,138,141,521,524,4,AAGA,TCTT
AF083768.1,120,123,521,524,4,AAGA,TCTT
AF083768.1,282,285,521,524,4,AAGA,TCTT
AF083768.1,159,162,431,434,4,AAGA,TCTT
AF083768.1,138,141,431,434,4,AAGA,TCTT
AF083768.1,120,123,431,434,4,AAGA,TCTT
AF083768.1,282,285,431,434,4,AAGA,TCTT
AF083768.1,127,130,521,524,4,AAGA,TCTT
AF083768.1,264,267,521,524,4,AAGA,TCTT
AF083768.1,291,294,521,524,4,AAGA,TCTT
AF083768.1,273,276,521,524,4,AAGA,TCTT
AF083768.1,127,130,431,434,4,AAGA,TCTT
AF083768.1,264,267,431,434,4,AAGA,TCTT
AF083768.1,291,294,431,434,4,AAGA,TCTT
AF083768.1,273,276,431,434,4,AAGA,TCTT
AF083768.1,227,229,495,497,3,AAG,CTT
AF083768.1,248,250,495,497,3,AAG,CTT
AF083768.1,227,229,424,426,3,AAG,CTT
AF083768.1,227,229,522,524,3,AAG,CTT
AF083768.1,227,229,432,434,3,AAG,CTT
AF083768.1,248,250,424,426,3,AAG,CTT
AF083768.1,248,250,522,524,3,AAG,CTT
AF083768.1,248,250,432,434,3,AAG,CTT
AF083768.1,29,31,476,478,3,AAG,CTT
AF083768.1,42,44,476,478,3,AAG,CTT
AF083768.1,270,272,476,478,3,AAG,CTT
AF083768.1,175,177,476,478,3,AAG,CTT
AF083768.1,199,201,476,478,3,AAG,CTT
AF083768.1,447,449,476,478,3,AAG,CTT
AF083768.1,33,35,476,478,3,AAG,CTT
AF083768.1,11,13,476,478,3,AAG,CTT
AF083768.1,46,48,476,478,3,AAG,CTT
AF083768.1,29,31,370,372,3,AAG,CTT
AF083768.1,42,44,370,372,3,AAG,CTT
AF083768.1,270,272,370,372,3,AAG,CTT
AF083768.1,175,177,370,372,3,AAG,CTT
AF083768.1,199,201,370,372,3,AAG,CTT
AF083768.1,33,35,370,372,3,AAG,CTT
AF083768.1,11,13,370,372,3,AAG,CTT
AF083768.1,46,48,370,372,3,AAG,CTT
AF083768.1,264,266,476,478,3,AAG,CTT
AF083768.1,291,293,476,478,3,AAG,CTT
AF083768.1,273,275,476,478,3,AAG,CTT
AF083768.1,127,129,476,478,3,AAG,CTT
AF083768.1,264,266,370,372,3,AAG,CTT
AF083768.1,291,293,370,372,3,AAG,CTT
AF083768.1,273,275,370,372,3,AAG,CTT
AF083768.1,127,129,370,372,3,AAG,CTT
AF083768.1,105,107,471,473,3,AAG,CTT
AF083768.1,105,107,424,426,3,AAG,CTT
AF083768.1,105,107,522,524,3,AAG,CTT
AF083768.1,105,107,432,434,3,AAG,CTT
AF083768.1,123,125,471,473,3,AAG,CTT
AF083768.1,276,278,471,473,3,AAG,CTT
AF083768.1,285,287,471,473,3,AAG,CTT
AF083768.1,241,243,471,473,3,AAG,CTT
AF083768.1,220,222,471,473,3,AAG,CTT
AF083768.1,178,180,471,473,3,AAG,CTT
AF083768.1,109,111,471,473,3,AAG,CTT
AF083768.1,123,125,476,478,3,AAG,CTT
AF083768.1,123,125,370,372,3,AAG,CTT
AF083768.1,123,125,495,497,3,AAG,CTT
AF083768.1,276,278,476,478,3,AAG,CTT
AF083768.1,276,278,370,372,3,AAG,CTT
AF083768.1,276,278,495,497,3,AAG,CTT
AF083768.1,285,287,476,478,3,AAG,CTT
AF083768.1,285,287,370,372,3,AAG,CTT
AF083768.1,285,287,495,497,3,AAG,CTT
AF083768.1,241,243,476,478,3,AAG,CTT
AF083768.1,241,243,370,372,3,AAG,CTT
AF083768.1,241,243,495,497,3,AAG,CTT
AF083768.1,220,222,476,478,3,AAG,CTT
AF083768.1,220,222,370,372,3,AAG,CTT
AF083768.1,220,222,495,497,3,AAG,CTT
AF083768.1,178,180,476,478,3,AAG,CTT
AF083768.1,178,180,370,372,3,AAG,CTT
AF083768.1,178,180,495,497,3,AAG,CTT
AF083768.1,109,111,476,478,3,AAG,CTT
AF083768.1,109,111,370,372,3,AAG,CTT
AF083768.1,109,111,495,497,3,AAG,CTT
AF083768.1,123,125,424,426,3,AAG,CTT
AF083768.1,123,125,522,524,3,AAG,CTT
AF083768.1,123,125,432,434,3,AAG,CTT
AF083768.1,276,278,424,426,3,AAG,CTT
AF083768.1,276,278,522,524,3,AAG,CTT
AF083768.1,276,278,432,434,3,AAG,CTT
AF083768.1,285,287,424,426,3,AAG,CTT
AF083768.1,285,287,522,524,3,AAG,CTT
AF083768.1,285,287,432,434,3,AAG,CTT
AF083768.1,241,243,424,426,3,AAG,CTT
AF083768.1,241,243,522,524,3,AAG,CTT
AF083768.1,241,243,432,434,3,AAG,CTT
AF083768.1,220,222,424,426,3,AAG,CTT
AF083768.1,220,222,522,524,3,AAG,CTT
AF083768.1,220,222,432,434,3,AAG,CTT
AF083768.1,178,180,424,426,3,AAG,CTT
AF083768.1,178,180,522,524,3,AAG,CTT
AF083768.1,178,180,432,434,3,AAG,CTT
AF083768.1,109,111,424,426,3,AAG,CTT
AF083768.1,109,111,522,524,3,AAG,CTT
AF083768.1,109,111,432,434,3,AAG,CTT
AF083768.1,346,348,471,473,3,AAG,CTT
AF083768.1,346,348,476,478,3,AAG,CTT
AF083768.1,346,348,370,372,3,AAG,CTT
AF083768.1,346,348,495,497,3,AAG,CTT
AF083768.1,355,357,471,473,3,AAG,CTT
AF083768.1,355,357,476,478,3,AAG,CTT
AF083768.1,355,357,370,372,3,AAG,CTT
AF083768.1,355,357,495,497,3,AAG,CTT
AF083768.1,355,357,424,426,3,AAG,CTT
AF083768.1,355,357,522,524,3,AAG,CTT
AF083768.1,355,357,432,434,3,AAG,CTT
AF083768.1,136,143,492,499,8,ACAAGAAA,TTTCTTGT
AF083768.1,118,124,493,499,7,ACAAGAA,TTCTTGT
AF083768.1,67,72,494,499,6,ACAAGA,TCTTGT
AF083768.1,157,162,494,499,6,ACAAGA,TCTTGT
AF083768.1,136,140,476,480,5,ACAAG,CTTGT
AF083768.1,118,122,476,480,5,ACAAG,CTTGT
AF083768.1,157,161,476,480,5,ACAAG,CTTGT
AF083768.1,280,284,476,480,5,ACAAG,CTTGT
AF083768.1,190,194,476,480,5,ACAAG,CTTGT
AF083768.1,202,206,476,480,5,ACAAG,CTTGT
AF083768.1,103,107,495,499,5,ACAAG,CTTGT
AF083768.1,172,175,477,480,4,ACAA,TTGT
AF083768.1,25,28,477,480,4,ACAA,TTGT
AF083768.1,172,175,496,499,4,ACAA,TTGT
AF083768.1,25,28,496,499,4,ACAA,TTGT
AF083768.1,136,139,184,187,4,ACAA,TTGT
AF083768.1,118,121,184,187,4,ACAA,TTGT
AF083768.1,157,160,184,187,4,ACAA,TTGT
AF083768.1,172,175,184,187,4,ACAA,TTGT
AF083768.1,25,28,184,187,4,ACAA,TTGT
AF083768.1,134,136,497,499,3,ACA,TGT
AF083768.1,3,5,497,499,3,ACA,TGT
AF083768.1,143,145,497,499,3,ACA,TGT
AF083768.1,67,69,329,331,3,ACA,TGT
AF083768.1,103,105,329,331,3,ACA,TGT
AF083768.1,172,174,329,331,3,ACA,TGT
AF083768.1,136,138,329,331,3,ACA,TGT
AF083768.1,118,120,329,331,3,ACA,TGT
AF083768.1,157,159,329,331,3,ACA,TGT
AF083768.1,25,27,329,331,3,ACA,TGT
AF083768.1,172,174,489,491,3,ACA,TGT
AF083768.1,136,138,489,491,3,ACA,TGT
AF083768.1,118,120,489,491,3,ACA,TGT
AF083768.1,157,159,489,491,3,ACA,TGT
AF083768.1,280,282,489,491,3,ACA,TGT
AF083768.1,190,192,489,491,3,ACA,TGT
AF083768.1,202,204,489,491,3,ACA,TGT
AF083768.1,380,382,497,499,3,ACA,TGT
AF083768.1,25,27,489,491,3,ACA,TGT
AF083768.1,316,318,478,480,3,ACA,TGT
AF083768.1,316,318,329,331,3,ACA,TGT
AF083768.1,316,318,497,499,3,ACA,TGT
AF083768.1,337,339,478,480,3,ACA,TGT
AF083768.1,450,452,478,480,3,ACA,TGT
AF083768.1,134,136,416,418,3,ACA,TGT
AF083768.1,3,5,416,418,3,ACA,TGT
AF083768.1,143,145,416,418,3,ACA,TGT
AF083768.1,67,69,416,418,3,ACA,TGT
AF083768.1,103,105,416,418,3,ACA,TGT
AF083768.1,172,174,416,418,3,ACA,TGT
AF083768.1,136,138,416,418,3,ACA,TGT
AF083768.1,118,120,416,418,3,ACA,TGT
AF083768.1,157,159,416,418,3,ACA,TGT
AF083768.1,280,282,416,418,3,ACA,TGT
AF083768.1,190,192,416,418,3,ACA,TGT
AF083768.1,202,204,416,418,3,ACA,TGT
AF083768.1,316,318,483,485,3,ACA,TGT
AF083768.1,172,174,483,485,3,ACA,TGT
AF083768.1,136,138,483,485,3,ACA,TGT
AF083768.1,118,120,483,485,3,ACA,TGT
AF083768.1,157,159,483,485,3,ACA,TGT
AF083768.1,316,318,420,422,3,ACA,TGT
AF083768.1,172,174,420,422,3,ACA,TGT
AF083768.1,136,138,420,422,3,ACA,TGT
AF083768.1,118,120,420,422,3,ACA,TGT
AF083768.1,157,159,420,422,3,ACA,TGT
AF083768.1,316,318,410,412,3,ACA,TGT
AF083768.1,172,174,410,412,3,ACA,TGT
AF083768.1,136,138,410,412,3,ACA,TGT
AF083768.1,118,120,410,412,3,ACA,TGT
AF083768.1,157,159,410,412,3,ACA,TGT
AF083768.1,337,339,483,485,3,ACA,TGT
AF083768.1,450,452,483,485,3,ACA,TGT
AF083768.1,280,282,483,485,3,ACA,TGT
AF083768.1,190,192,483,485,3,ACA,TGT
AF083768.1,202,204,483,485,3,ACA,TGT
AF083768.1,337,339,420,422,3,ACA,TGT
AF083768.1,280,282,420,422,3,ACA,TGT
AF083768.1,190,192,420,422,3,ACA,TGT
AF083768.1,202,204,420,422,3,ACA,TGT
AF083768.1,296,298,329,331,3,ACA,TGT
AF083768.1,296,298,497,499,3,ACA,TGT
AF083768.1,337,339,410,412,3,ACA,TGT
AF083768.1,280,282,410,412,3,ACA,TGT
AF083768.1,190,192,410,412,3,ACA,TGT
AF083768.1,202,204,410,412,3,ACA,TGT
AF083768.1,25,27,483,485,3,ACA,TGT
AF083768.1,25,27,420,422,3,ACA,TGT
AF083768.1,296,298,416,418,3,ACA,TGT
AF083768.1,25,27,410,412,3,ACA,TGT
AF083768.1,5,7,489,491,3,ACA,TGT
AF083768.1,5,7,478,480,3,ACA,TGT
AF083768.1,5,7,185,187,3,ACA,TGT
AF083768.1,88,90,489,491,3,ACA,TGT
AF083768.1,88,90,478,480,3,ACA,TGT
AF083768.1,88,90,185,187,3,ACA,TGT
AF083768.1,5,7,329,331,3,ACA,TGT
AF083768.1,5,7,497,499,3,ACA,TGT
AF083768.1,88,90,329,331,3,ACA,TGT
AF083768.1,88,90,497,499,3,ACA,TGT
AF083768.1,5,7,416,418,3,ACA,TGT
AF083768.1,88,90,416,418,3,ACA,TGT
AF083768.1,380,382,517,519,3,ACA,TGT
AF083768.1,134,136,517,519,3,ACA,TGT
AF083768.1,3,5,517,519,3,ACA,TGT
AF083768.1,143,145,517,519,3,ACA,TGT
AF083768.1,67,69,517,519,3,ACA,TGT
AF083768.1,103,105,517,519,3,ACA,TGT
AF083768.1,316,318,517,519,3,ACA,TGT
AF083768.1,172,174,517,519,3,ACA,TGT
AF083768.1,136,138,517,519,3,ACA,TGT
AF083768.1,118,120,517,519,3,ACA,TGT
AF083768.1,157,159,517,519,3,ACA,TGT
AF083768.1,337,339,517,519,3,ACA,TGT
AF083768.1,450,452,517,519,3,ACA,TGT
AF083768.1,280,282,517,519,3,ACA,TGT
AF083768.1,190,192,517,519,3,ACA,TGT
AF083768.1,202,204,517,519,3,ACA,TGT
AF083768.1,313,315,442,444,3,ACC,GGT
AF083768.1,151,153,460,462,3,ACG,CGT
AF083768.1,79,81,146,148,3,ACG,CGT
AF083768.1,79,81,460,462,3,ACG,CGT
AF083768.1,59,61,327,329,3,ACT,AGT
AF083768.1,59,61,356,358,3,ACT,AGT
AF083768.1,292,299,482,489,8,AGAAACAT,ATGTTTCT
AF083768.1,139,145,483,489,7,AGAAACA,TGTTTCT
AF083768.1,36,39,422,425,4,AGAA,TTCT
AF083768.1,265,268,390,393,4,AGAA,TTCT
AF083768.1,139,142,390,393,4,AGAA,TTCT
AF083768.1,292,295,390,393,4,AGAA,TTCT
AF083768.1,30,33,390,393,4,AGAA,TTCT
AF083768.1,43,46,390,393,4,AGAA,TTCT
AF083768.1,36,39,390,393,4,AGAA,TTCT
AF083768.1,455,458,493,496,4,AGAA,TTCT
AF083768.1,455,458,486,489,4,AGAA,TTCT
AF083768.1,271,274,390,393,4,AGAA,TTCT
AF083768.1,271,274,486,489,4,AGAA,TTCT
AF083768.1,121,124,390,393,4,AGAA,TTCT
AF083768.1,121,124,486,489,4,AGAA,TTCT
AF083768.1,274,277,390,393,4,AGAA,TTCT
AF083768.1,274,277,486,489,4,AGAA,TTCT
AF083768.1,283,286,390,393,4,AGAA,TTCT
AF083768.1,283,286,486,489,4,AGAA,TTCT
AF083768.1,176,179,390,393,4,AGAA,TTCT
AF083768.1,176,179,486,489,4,AGAA,TTCT
AF083768.1,262,265,422,425,4,AGAA,TTCT
AF083768.1,262,265,493,496,4,AGAA,TTCT
AF083768.1,289,292,422,425,4,AGAA,TTCT
AF083768.1,289,292,493,496,4,AGAA,TTCT
AF083768.1,239,242,422,425,4,AGAA,TTCT
AF083768.1,239,242,493,496,4,AGAA,TTCT
AF083768.1,262,265,390,393,4,AGAA,TTCT
AF083768.1,262,265,486,489,4,AGAA,TTCT
AF083768.1,289,292,390,393,4,AGAA,TTCT
AF083768.1,289,292,486,489,4,AGAA,TTCT
AF083768.1,239,242,390,393,4,AGAA,TTCT
AF083768.1,239,242,486,489,4,AGAA,TTCT
AF083768.1,193,196,525,528,4,AGAT,ATCT
AF083768.1,205,208,525,528,4,AGAT,ATCT
AF083768.1,70,73,525,528,4,AGAT,ATCT
AF083768.1,382,385,520,523,4,AGAT,ATCT
AF083768.1,382,385,469,472,4,AGAT,ATCT
AF083768.1,47,50,384,387,4,AGAT,ATCT
AF083768.1,382,385,430,433,4,AGAT,ATCT
AF083768.1,193,196,465,468,4,AGAT,ATCT
AF083768.1,205,208,465,468,4,AGAT,ATCT
AF083768.1,70,73,465,468,4,AGAT,ATCT
AF083768.1,47,50,465,468,4,AGAT,ATCT
AF083768.1,382,385,465,468,4,AGAT,ATCT
AF083768.1,16,19,430,433,4,AGAT,ATCT
AF083768.1,16,19,520,523,4,AGAT,ATCT
AF083768.1,16,19,469,472,4,AGAT,ATCT
AF083768.1,16,19,384,387,4,AGAT,ATCT
AF083768.1,16,19,525,528,4,AGAT,ATCT
AF083768.1,16,19,465,468,4,AGAT,ATCT
AF083768.1,200,202,487,489,3,AGA,TCT
AF083768.1,200,202,391,393,3,AGA,TCT
AF083768.1,448,450,487,489,3,AGA,TCT
AF083768.1,77,79,494,496,3,AGA,TCT
AF083768.1,77,79,423,425,3,AGA,TCT
AF083768.1,77,79,487,489,3,AGA,TCT
AF083768.1,77,79,391,393,3,AGA,TCT
AF083768.1,34,36,487,489,3,AGA,TCT
AF083768.1,34,36,391,393,3,AGA,TCT
AF083768.1,12,14,487,489,3,AGA,TCT
AF083768.1,12,14,391,393,3,AGA,TCT
AF083768.1,128,130,487,489,3,AGA,TCT
AF083768.1,128,130,391,393,3,AGA,TCT
AF083768.1,160,162,487,489,3,AGA,TCT
AF083768.1,160,162,391,393,3,AGA,TCT
AF083768.1,437,439,494,496,3,AGA,TCT
AF083768.1,14,16,494,496,3,AGA,TCT
AF083768.1,14,16,423,425,3,AGA,TCT
AF083768.1,439,441,494,496,3,AGA,TCT
AF083768.1,437,439,487,489,3,AGA,TCT
AF083768.1,14,16,487,489,3,AGA,TCT
AF083768.1,14,16,391,393,3,AGA,TCT
AF083768.1,439,441,487,489,3,AGA,TCT
AF083768.1,435,437,494,496,3,AGA,TCT
AF083768.1,435,437,487,489,3,AGA,TCT
AF083768.1,47,49,487,489,3,AGA,TCT
AF083768.1,47,49,391,393,3,AGA,TCT
AF083768.1,193,195,487,489,3,AGA,TCT
AF083768.1,193,195,391,393,3,AGA,TCT
AF083768.1,205,207,487,489,3,AGA,TCT
AF083768.1,205,207,391,393,3,AGA,TCT
AF083768.1,70,72,487,489,3,AGA,TCT
AF083768.1,70,72,391,393,3,AGA,TCT
AF083768.1,437,439,521,523,3,AGA,TCT
AF083768.1,14,16,521,523,3,AGA,TCT
AF083768.1,439,441,521,523,3,AGA,TCT
AF083768.1,77,79,521,523,3,AGA,TCT
AF083768.1,36,38,521,523,3,AGA,TCT
AF083768.1,455,457,521,523,3,AGA,TCT
AF083768.1,262,264,521,523,3,AGA,TCT
AF083768.1,289,291,521,523,3,AGA,TCT
AF083768.1,239,241,521,523,3,AGA,TCT
AF083768.1,437,439,470,472,3,AGA,TCT
AF083768.1,14,16,470,472,3,AGA,TCT
AF083768.1,439,441,470,472,3,AGA,TCT
AF083768.1,77,79,470,472,3,AGA,TCT
AF083768.1,36,38,470,472,3,AGA,TCT
AF083768.1,455,457,470,472,3,AGA,TCT
AF083768.1,262,264,470,472,3,AGA,TCT
AF083768.1,289,291,470,472,3,AGA,TCT
AF083768.1,239,241,470,472,3,AGA,TCT
AF083768.1,14,16,431,433,3,AGA,TCT
AF083768.1,77,79,431,433,3,AGA,TCT
AF083768.1,36,38,431,433,3,AGA,TCT
AF083768.1,262,264,431,433,3,AGA,TCT
AF083768.1,289,291,431,433,3,AGA,TCT
AF083768.1,239,241,431,433,3,AGA,TCT
AF083768.1,435,437,521,523,3,AGA,TCT
AF083768.1,435,437,470,472,3,AGA,TCT
AF083768.1,34,36,526,528,3,AGA,TCT
AF083768.1,12,14,526,528,3,AGA,TCT
AF083768.1,128,130,526,528,3,AGA,TCT
AF083768.1,160,162,526,528,3,AGA,TCT
AF083768.1,200,202,526,528,3,AGA,TCT
AF083768.1,448,450,526,528,3,AGA,TCT
AF083768.1,265,267,526,528,3,AGA,TCT
AF083768.1,139,141,526,528,3,AGA,TCT
AF083768.1,292,294,526,528,3,AGA,TCT
AF083768.1,30,32,526,528,3,AGA,TCT
AF083768.1,43,45,526,528,3,AGA,TCT
AF083768.1,271,273,526,528,3,AGA,TCT
AF083768.1,121,123,526,528,3,AGA,TCT
AF083768.1,274,276,526,528,3,AGA,TCT
AF083768.1,283,285,526,528,3,AGA,TCT
AF083768.1,176,178,526,528,3,AGA,TCT
AF083768.1,382,384,494,496,3,AGA,TCT
AF083768.1,382,384,423,425,3,AGA,TCT
AF083768.1,34,36,385,387,3,AGA,TCT
AF083768.1,12,14,385,387,3,AGA,TCT
AF083768.1,128,130,385,387,3,AGA,TCT
AF083768.1,160,162,385,387,3,AGA,TCT
AF083768.1,200,202,385,387,3,AGA,TCT
AF083768.1,265,267,385,387,3,AGA,TCT
AF083768.1,139,141,385,387,3,AGA,TCT
AF083768.1,292,294,385,387,3,AGA,TCT
AF083768.1,30,32,385,387,3,AGA,TCT
AF083768.1,43,45,385,387,3,AGA,TCT
AF083768.1,271,273,385,387,3,AGA,TCT
AF083768.1,121,123,385,387,3,AGA,TCT
AF083768.1,274,276,385,387,3,AGA,TCT
AF083768.1,283,285,385,387,3,AGA,TCT
AF083768.1,176,178,385,387,3,AGA,TCT
AF083768.1,437,439,526,528,3,AGA,TCT
AF083768.1,14,16,526,528,3,AGA,TCT
AF083768.1,439,441,526,528,3,AGA,TCT
AF083768.1,77,79,526,528,3,AGA,TCT
AF083768.1,36,38,526,528,3,AGA,TCT
AF083768.1,455,457,526,528,3,AGA,TCT
AF083768.1,262,264,526,528,3,AGA,TCT
AF083768.1,289,291,526,528,3,AGA,TCT
AF083768.1,239,241,526,528,3,AGA,TCT
AF083768.1,14,16,385,387,3,AGA,TCT
AF083768.1,77,79,385,387,3,AGA,TCT
AF083768.1,36,38,385,387,3,AGA,TCT
AF083768.1,262,264,385,387,3,AGA,TCT
AF083768.1,289,291,385,387,3,AGA,TCT
AF083768.1,239,241,385,387,3,AGA,TCT
AF083768.1,435,437,526,528,3,AGA,TCT
AF083768.1,16,18,494,496,3,AGA,TCT
AF083768.1,16,18,423,425,3,AGA,TCT
AF083768.1,16,18,487,489,3,AGA,TCT
AF083768.1,16,18,391,393,3,AGA,TCT
AF083768.1,34,36,466,468,3,AGA,TCT
AF083768.1,12,14,466,468,3,AGA,TCT
AF083768.1,128,130,466,468,3,AGA,TCT
AF083768.1,160,162,466,468,3,AGA,TCT
AF083768.1,200,202,466,468,3,AGA,TCT
AF083768.1,448,450,466,468,3,AGA,TCT
AF083768.1,265,267,466,468,3,AGA,TCT
AF083768.1,139,141,466,468,3,AGA,TCT
AF083768.1,292,294,466,468,3,AGA,TCT
AF083768.1,30,32,466,468,3,AGA,TCT
AF083768.1,43,45,466,468,3,AGA,TCT
AF083768.1,271,273,466,468,3,AGA,TCT
AF083768.1,121,123,466,468,3,AGA,TCT
AF083768.1,274,276,466,468,3,AGA,TCT
AF083768.1,283,285,466,468,3,AGA,TCT
AF083768.1,176,178,466,468,3,AGA,TCT
AF083768.1,437,439,466,468,3,AGA,TCT
AF083768.1,14,16,466,468,3,AGA,TCT
AF083768.1,439,441,466,468,3,AGA,TCT
AF083768.1,77,79,466,468,3,AGA,TCT
AF083768.1,36,38,466,468,3,AGA,TCT
AF083768.1,455,457,466,468,3,AGA,TCT
AF083768.1,262,264,466,468,3,AGA,TCT
AF083768.1,289,291,466,468,3,AGA,TCT
AF083768.1,239,241,466,468,3,AGA,TCT
AF083768.1,169,172,474,477,4,AGCA,TGCT
AF083768.1,115,118,474,477,4,AGCA,TGCT
AF083768.1,154,157,474,477,4,AGCA,TGCT
AF083768.1,169,172,413,416,4,AGCA,TGCT
AF083768.1,115,118,413,416,4,AGCA,TGCT
AF083768.1,154,157,413,416,4,AGCA,TGCT
AF083768.1,318,321,474,477,4,AGCA,TGCT
AF083768.1,321,324,474,477,4,AGCA,TGCT
AF083768.1,324,327,474,477,4,AGCA,TGCT
AF083768.1,318,321,511,514,4,AGCA,TGCT
AF083768.1,321,324,511,514,4,AGCA,TGCT
AF083768.1,324,327,511,514,4,AGCA,TGCT
AF083768.1,531,536,545,550,6,ATCAAA,TTTGAT
AF083768.1,195,200,545,550,6,ATCAAA,TTTGAT
AF083768.1,207,209,548,550,3,ATC,GAT
AF083768.1,207,209,306,308,3,ATC,GAT
AF083768.1,207,209,303,305,3,ATC,GAT
AF083768.1,63,65,365,367,3,ATC,GAT
AF083768.1,298,300,365,367,3,ATC,GAT
AF083768.1,63,65,342,344,3,ATC,GAT
AF083768.1,298,300,342,344,3,ATC,GAT
AF083768.1,207,209,342,344,3,ATC,GAT
AF083768.1,195,197,342,344,3,ATC,GAT
AF083768.1,366,368,548,550,3,ATC,GAT
AF083768.1,72,74,548,550,3,ATC,GAT
AF083768.1,72,74,306,308,3,ATC,GAT
AF083768.1,72,74,303,305,3,ATC,GAT
AF083768.1,384,386,548,550,3,ATC,GAT
AF083768.1,63,65,383,385,3,ATC,GAT
AF083768.1,298,300,383,385,3,ATC,GAT
AF083768.1,63,65,194,196,3,ATC,GAT
AF083768.1,63,65,206,208,3,ATC,GAT
AF083768.1,63,65,71,73,3,ATC,GAT
AF083768.1,525,527,548,550,3,ATC,GAT
AF083768.1,520,522,548,550,3,ATC,GAT
AF083768.1,469,471,548,550,3,ATC,GAT
AF083768.1,401,410,401,410,10,ATTAATTAAT,ATTAATTAAT
AF083768.1,405,410,405,410,6,ATTAAT,ATTAAT
AF083768.1,401,406,401,406,6,ATTAAT,ATTAAT
AF083768.1,398,404,539,545,7,ATTATTA,TAATAAT
AF083768.1,173,178,470,475,6,CAAAGA,TCTTTG
AF083768.1,197,202,470,475,6,CAAAGA,TCTTTG
AF083768.1,26,28,412,414,3,CAA,TTG
AF083768.1,173,175,412,414,3,CAA,TTG
AF083768.1,101,103,546,548,3,CAA,TTG
AF083768.1,197,199,412,414,3,CAA,TTG
AF083768.1,26,28,187,189,3,CAA,TTG
AF083768.1,173,175,187,189,3,CAA,TTG
AF083768.1,26,28,148,150,3,CAA,TTG
AF083768.1,65,67,473,475,3,CAA,TTG
AF083768.1,101,103,496,498,3,CAA,TTG
AF083768.1,245,247,496,498,3,CAA,TTG
AF083768.1,137,139,412,414,3,CAA,TTG
AF083768.1,137,139,473,475,3,CAA,TTG
AF083768.1,119,121,412,414,3,CAA,TTG
AF083768.1,119,121,473,475,3,CAA,TTG
AF083768.1,281,283,412,414,3,CAA,TTG
AF083768.1,281,283,473,475,3,CAA,TTG
AF083768.1,158,160,412,414,3,CAA,TTG
AF083768.1,158,160,473,475,3,CAA,TTG
AF083768.1,191,193,412,414,3,CAA,TTG
AF083768.1,191,193,473,475,3,CAA,TTG
AF083768.1,203,205,412,414,3,CAA,TTG
AF083768.1,203,205,473,475,3,CAA,TTG
AF083768.1,68,70,412,414,3,CAA,TTG
AF083768.1,68,70,473,475,3,CAA,TTG
AF083768.1,101,103,477,479,3,CAA,TTG
AF083768.1,245,247,477,479,3,CAA,TTG
AF083768.1,104,106,412,414,3,CAA,TTG
AF083768.1,104,106,473,475,3,CAA,TTG
AF083768.1,65,67,496,498,3,CAA,TTG
AF083768.1,197,199,496,498,3,CAA,TTG
AF083768.1,137,139,187,189,3,CAA,TTG
AF083768.1,137,139,148,150,3,CAA,TTG
AF083768.1,137,139,546,548,3,CAA,TTG
AF083768.1,119,121,187,189,3,CAA,TTG
AF083768.1,119,121,148,150,3,CAA,TTG
AF083768.1,119,121,546,548,3,CAA,TTG
AF083768.1,281,283,546,548,3,CAA,TTG
AF083768.1,158,160,187,189,3,CAA,TTG
AF083768.1,158,160,546,548,3,CAA,TTG
AF083768.1,191,193,546,548,3,CAA,TTG
AF083768.1,203,205,546,548,3,CAA,TTG
AF083768.1,68,70,187,189,3,CAA,TTG
AF083768.1,68,70,148,150,3,CAA,TTG
AF083768.1,68,70,546,548,3,CAA,TTG
AF083768.1,65,67,477,479,3,CAA,TTG
AF083768.1,197,199,477,479,3,CAA,TTG
AF083768.1,104,106,187,189,3,CAA,TTG
AF083768.1,104,106,148,150,3,CAA,TTG
AF083768.1,104,106,546,548,3,CAA,TTG
AF083768.1,26,28,371,373,3,CAA,TTG
AF083768.1,173,175,371,373,3,CAA,TTG
AF083768.1,101,103,371,373,3,CAA,TTG
AF083768.1,245,247,371,373,3,CAA,TTG
AF083768.1,101,103,184,186,3,CAA,TTG
AF083768.1,65,67,184,186,3,CAA,TTG
AF083768.1,68,70,91,93,3,CAA,TTG
AF083768.1,26,28,91,93,3,CAA,TTG
AF083768.1,65,67,91,93,3,CAA,TTG
AF083768.1,135,137,214,216,3,CAC,GTG
AF083768.1,4,6,214,216,3,CAC,GTG
AF083768.1,171,173,214,216,3,CAC,GTG
AF083768.1,117,119,214,216,3,CAC,GTG
AF083768.1,156,158,214,216,3,CAC,GTG
AF083768.1,135,137,217,219,3,CAC,GTG
AF083768.1,4,6,217,219,3,CAC,GTG
AF083768.1,135,137,166,168,3,CAC,GTG
AF083768.1,4,6,166,168,3,CAC,GTG
AF083768.1,135,137,259,261,3,CAC,GTG
AF083768.1,4,6,259,261,3,CAC,GTG
AF083768.1,135,137,349,351,3,CAC,GTG
AF083768.1,4,6,349,351,3,CAC,GTG
AF083768.1,4,6,112,114,3,CAC,GTG
AF083768.1,87,89,217,219,3,CAC,GTG
AF083768.1,87,89,166,168,3,CAC,GTG
AF083768.1,87,89,259,261,3,CAC,GTG
AF083768.1,315,317,349,351,3,CAC,GTG
AF083768.1,87,89,349,351,3,CAC,GTG
AF083768.1,87,89,112,114,3,CAC,GTG
AF083768.1,171,173,217,219,3,CAC,GTG
AF083768.1,117,119,217,219,3,CAC,GTG
AF083768.1,156,158,217,219,3,CAC,GTG
AF083768.1,117,119,166,168,3,CAC,GTG
AF083768.1,156,158,166,168,3,CAC,GTG
AF083768.1,171,173,259,261,3,CAC,GTG
AF083768.1,117,119,259,261,3,CAC,GTG
AF083768.1,156,158,259,261,3,CAC,GTG
AF083768.1,171,173,349,351,3,CAC,GTG
AF083768.1,117,119,349,351,3,CAC,GTG
AF083768.1,156,158,349,351,3,CAC,GTG
AF083768.1,144,146,214,216,3,CAC,GTG
AF083768.1,144,146,217,219,3,CAC,GTG
AF083768.1,144,146,166,168,3,CAC,GTG
AF083768.1,144,146,259,261,3,CAC,GTG
AF083768.1,144,146,349,351,3,CAC,GTG
AF083768.1,231,233,259,261,3,CAC,GTG
AF083768.1,231,233,349,351,3,CAC,GTG
AF083768.1,252,254,259,261,3,CAC,GTG
AF083768.1,252,254,349,351,3,CAC,GTG
AF083768.1,210,212,217,219,3,CAC,GTG
AF083768.1,210,212,259,261,3,CAC,GTG
AF083768.1,210,212,349,351,3,CAC,GTG
AF083768.1,135,137,461,463,3,CAC,GTG
AF083768.1,4,6,461,463,3,CAC,GTG
AF083768.1,315,317,461,463,3,CAC,GTG
AF083768.1,87,89,461,463,3,CAC,GTG
AF083768.1,312,314,461,463,3,CAC,GTG
AF083768.1,231,233,328,330,3,CAC,GTG
AF083768.1,252,254,328,330,3,CAC,GTG
AF083768.1,210,212,328,330,3,CAC,GTG
AF083768.1,315,317,328,330,3,CAC,GTG
AF083768.1,87,89,328,330,3,CAC,GTG
AF083768.1,171,173,328,330,3,CAC,GTG
AF083768.1,117,119,328,330,3,CAC,GTG
AF083768.1,156,158,328,330,3,CAC,GTG
AF083768.1,312,314,328,330,3,CAC,GTG
AF083768.1,144,146,163,165,3,CAC,GTG
AF083768.1,135,137,163,165,3,CAC,GTG
AF083768.1,4,6,163,165,3,CAC,GTG
AF083768.1,117,119,163,165,3,CAC,GTG
AF083768.1,156,158,163,165,3,CAC,GTG
AF083768.1,82,84,214,216,3,CAC,GTG
AF083768.1,82,84,217,219,3,CAC,GTG
AF083768.1,82,84,166,168,3,CAC,GTG
AF083768.1,82,84,259,261,3,CAC,GTG
AF083768.1,82,84,349,351,3,CAC,GTG
AF083768.1,82,84,112,114,3,CAC,GTG
AF083768.1,144,146,357,359,3,CAC,GTG
AF083768.1,135,137,357,359,3,CAC,GTG
AF083768.1,4,6,357,359,3,CAC,GTG
AF083768.1,231,233,357,359,3,CAC,GTG
AF083768.1,252,254,357,359,3,CAC,GTG
AF083768.1,210,212,357,359,3,CAC,GTG
AF083768.1,315,317,357,359,3,CAC,GTG
AF083768.1,87,89,357,359,3,CAC,GTG
AF083768.1,171,173,357,359,3,CAC,GTG
AF083768.1,117,119,357,359,3,CAC,GTG
AF083768.1,156,158,357,359,3,CAC,GTG
AF083768.1,381,388,381,388,8,CAGATCTG,CAGATCTG
AF083768.1,317,319,392,394,3,CAG,CTG
AF083768.1,317,319,386,388,3,CAG,CTG
AF083768.1,338,340,392,394,3,CAG,CTG
AF083768.1,338,340,386,388,3,CAG,CTG
AF083768.1,317,319,527,529,3,CAG,CTG
AF083768.1,338,340,527,529,3,CAG,CTG
AF083768.1,320,322,488,490,3,CAG,CTG
AF083768.1,323,325,488,490,3,CAG,CTG
AF083768.1,320,322,392,394,3,CAG,CTG
AF083768.1,320,322,386,388,3,CAG,CTG
AF083768.1,323,325,392,394,3,CAG,CTG
AF083768.1,323,325,386,388,3,CAG,CTG
AF083768.1,320,322,527,529,3,CAG,CTG
AF083768.1,323,325,527,529,3,CAG,CTG
AF083768.1,332,334,488,490,3,CAG,CTG
AF083768.1,332,334,392,394,3,CAG,CTG
AF083768.1,332,334,386,388,3,CAG,CTG
AF083768.1,451,453,527,529,3,CAG,CTG
AF083768.1,55,57,415,417,3,CAG,CTG
AF083768.1,55,57,488,490,3,CAG,CTG
AF083768.1,55,57,392,394,3,CAG,CTG
AF083768.1,55,57,386,388,3,CAG,CTG
AF083768.1,55,57,527,529,3,CAG,CTG
AF083768.1,326,328,415,417,3,CAG,CTG
AF083768.1,326,328,488,490,3,CAG,CTG
AF083768.1,326,328,392,394,3,CAG,CTG
AF083768.1,326,328,386,388,3,CAG,CTG
AF083768.1,326,328,527,529,3,CAG,CTG
AF083768.1,297,306,297,306,10,CATCATGATG,CATCATGATG
AF083768.1,233,235,367,369,3,CGA,TCG
AF083768.1,254,256,367,369,3,CGA,TCG
AF083768.1,152,154,367,369,3,CGA,TCG
AF083768.1,80,82,334,336,3,CGC,GCG
AF083768.1,80,82,340,342,3,CGC,GCG
AF083768.1,74,76,459,461,3,CGG,CCG
AF083768.1,146,148,211,213,3,CGT,ACG
AF083768.1,146,148,235,237,3,CGT,ACG
AF083768.1,146,148,256,258,3,CGT,ACG
AF083768.1,146,148,232,234,3,CGT,ACG
AF083768.1,146,148,253,255,3,CGT,ACG
AF083768.1,146,148,151,153,3,CGT,ACG
AF083768.1,396,398,434,436,3,CTA,TAG
AF083768.1,392,394,451,453,3,CTG,CAG
AF083768.1,386,388,451,453,3,CTG,CAG
AF083768.1,370,372,447,449,3,CTT,AAG
AF083768.1,132,134,493,495,3,GAA,TTC
AF083768.1,132,134,486,488,3,GAA,TTC
AF083768.1,126,128,422,424,3,GAA,TTC
AF083768.1,126,128,390,392,3,GAA,TTC
AF083768.1,126,128,493,495,3,GAA,TTC
AF083768.1,126,128,486,488,3,GAA,TTC
AF083768.1,108,110,422,424,3,GAA,TTC
AF083768.1,108,110,390,392,3,GAA,TTC
AF083768.1,108,110,493,495,3,GAA,TTC
AF083768.1,108,110,486,488,3,GAA,TTC
AF083768.1,354,356,422,424,3,GAA,TTC
AF083768.1,354,356,390,392,3,GAA,TTC
AF083768.1,354,356,493,495,3,GAA,TTC
AF083768.1,354,356,486,488,3,GAA,TTC
AF083768.1,219,221,422,424,3,GAA,TTC
AF083768.1,219,221,390,392,3,GAA,TTC
AF083768.1,219,221,493,495,3,GAA,TTC
AF083768.1,219,221,486,488,3,GAA,TTC
AF083768.1,373,375,422,424,3,GAA,TTC
AF083768.1,373,375,390,392,3,GAA,TTC
AF083768.1,373,375,493,495,3,GAA,TTC
AF083768.1,373,375,486,488,3,GAA,TTC
AF083768.1,279,286,493,500,8,GACAAGAA,TTCTTGTC
AF083768.1,201,207,494,500,7,GACAAGA,TCTTGTC
AF083768.1,78,80,498,500,3,GAC,GTC
AF083768.1,78,80,330,332,3,GAC,GTC
AF083768.1,234,236,498,500,3,GAC,GTC
AF083768.1,234,236,330,332,3,GAC,GTC
AF083768.1,255,257,498,500,3,GAC,GTC
AF083768.1,255,257,330,332,3,GAC,GTC
AF083768.1,58,60,310,312,3,GAC,GTC
AF083768.1,58,60,498,500,3,GAC,GTC
AF083768.1,58,60,330,332,3,GAC,GTC
AF083768.1,78,80,310,312,3,GAC,GTC
AF083768.1,201,203,310,312,3,GAC,GTC
AF083768.1,234,236,310,312,3,GAC,GTC
AF083768.1,255,257,310,312,3,GAC,GTC
AF083768.1,279,281,310,312,3,GAC,GTC
AF083768.1,194,196,427,429,3,GAT,ATC
AF083768.1,206,208,427,429,3,GAT,ATC
AF083768.1,71,73,427,429,3,GAT,ATC
AF083768.1,383,385,427,429,3,GAT,ATC
AF083768.1,48,50,366,368,3,GAT,ATC
AF083768.1,48,50,72,74,3,GAT,ATC
AF083768.1,365,367,525,527,3,GAT,ATC
AF083768.1,365,367,520,522,3,GAT,ATC
AF083768.1,365,367,469,471,3,GAT,ATC
AF083768.1,48,50,207,209,3,GAT,ATC
AF083768.1,365,367,427,429,3,GAT,ATC
AF083768.1,48,50,195,197,3,GAT,ATC
AF083768.1,365,367,430,432,3,GAT,ATC
AF083768.1,365,367,465,467,3,GAT,ATC
AF083768.1,48,50,63,65,3,GAT,ATC
AF083768.1,303,305,384,386,3,GAT,ATC
AF083768.1,303,305,525,527,3,GAT,ATC
AF083768.1,303,305,520,522,3,GAT,ATC
AF083768.1,303,305,469,471,3,GAT,ATC
AF083768.1,306,308,384,386,3,GAT,ATC
AF083768.1,306,308,525,527,3,GAT,ATC
AF083768.1,306,308,520,522,3,GAT,ATC
AF083768.1,306,308,469,471,3,GAT,ATC
AF083768.1,194,196,298,300,3,GAT,ATC
AF083768.1,206,208,298,300,3,GAT,ATC
AF083768.1,71,73,298,300,3,GAT,ATC
AF083768.1,48,50,298,300,3,GAT,ATC
AF083768.1,303,305,366,368,3,GAT,ATC
AF083768.1,306,308,366,368,3,GAT,ATC
AF083768.1,17,19,366,368,3,GAT,ATC
AF083768.1,17,19,72,74,3,GAT,ATC
AF083768.1,17,19,207,209,3,GAT,ATC
AF083768.1,17,19,63,65,3,GAT,ATC
AF083768.1,17,19,298,300,3,GAT,ATC
AF083768.1,17,19,195,197,3,GAT,ATC
AF083768.1,17,19,427,429,3,GAT,ATC
AF083768.1,342,344,430,432,3,GAT,ATC
AF083768.1,342,344,465,467,3,GAT,ATC
AF083768.1,342,344,384,386,3,GAT,ATC
AF083768.1,342,344,525,527,3,GAT,ATC
AF083768.1,342,344,520,522,3,GAT,ATC
AF083768.1,342,344,469,471,3,GAT,ATC
AF083768.1,342,344,427,429,3,GAT,ATC
AF083768.1,194,196,531,533,3,GAT,ATC
AF083768.1,206,208,531,533,3,GAT,ATC
AF083768.1,71,73,531,533,3,GAT,ATC
AF083768.1,383,385,531,533,3,GAT,ATC
AF083768.1,48,50,531,533,3,GAT,ATC
AF083768.1,365,367,531,533,3,GAT,ATC
AF083768.1,81,83,474,476,3,GCA,TGC
AF083768.1,81,83,413,415,3,GCA,TGC
AF083768.1,244,246,462,464,3,GCA,TGC
AF083768.1,100,102,462,464,3,GCA,TGC
AF083768.1,319,321,462,464,3,GCA,TGC
AF083768.1,322,324,462,464,3,GCA,TGC
AF083768.1,325,327,462,464,3,GCA,TGC
AF083768.1,54,56,474,476,3,GCA,TGC
AF083768.1,54,56,413,415,3,GCA,TGC
AF083768.1,54,56,462,464,3,GCA,TGC
AF083768.1,81,83,511,513,3,GCA,TGC
AF083768.1,54,56,511,513,3,GCA,TGC
AF083768.1,244,246,511,513,3,GCA,TGC
AF083768.1,100,102,511,513,3,GCA,TGC
AF083768.1,463,465,474,476,3,GCA,TGC
AF083768.1,229,231,243,245,3,GCC,GGC
AF083768.1,99,101,229,231,3,GGC,GCC
AF083768.1,243,245,250,252,3,GGC,GCC
AF083768.1,99,101,250,252,3,GGC,GCC
AF083768.1,222,224,313,315,3,GGT,ACC
AF083768.1,180,182,313,315,3,GGT,ACC
AF083768.1,111,113,458,460,3,GGT,ACC
AF083768.1,348,350,458,460,3,GGT,ACC
AF083768.1,222,224,458,460,3,GGT,ACC
AF083768.1,180,182,458,460,3,GGT,ACC
AF083768.1,216,218,458,460,3,GGT,ACC
AF083768.1,165,167,458,460,3,GGT,ACC
AF083768.1,309,311,458,460,3,GGT,ACC
AF083768.1,310,312,336,338,3,GTC,GAC
AF083768.1,310,312,449,451,3,GTC,GAC
AF083768.1,163,169,311,317,7,GTGGTGA,TCACCAC
AF083768.1,214,220,311,317,7,GTGGTGA,TCACCAC
AF083768.1,166,168,171,173,3,GTG,CAC
AF083768.1,112,114,171,173,3,GTG,CAC
AF083768.1,112,114,117,119,3,GTG,CAC
AF083768.1,112,114,156,158,3,GTG,CAC
AF083768.1,163,165,312,314,3,GTG,CAC
AF083768.1,163,165,171,173,3,GTG,CAC
AF083768.1,166,168,210,212,3,GTG,CAC
AF083768.1,112,114,210,212,3,GTG,CAC
AF083768.1,217,219,231,233,3,GTG,CAC
AF083768.1,166,168,231,233,3,GTG,CAC
AF083768.1,112,114,231,233,3,GTG,CAC
AF083768.1,217,219,252,254,3,GTG,CAC
AF083768.1,166,168,252,254,3,GTG,CAC
AF083768.1,112,114,252,254,3,GTG,CAC
AF083768.1,217,219,315,317,3,GTG,CAC
AF083768.1,259,261,315,317,3,GTG,CAC
AF083768.1,166,168,315,317,3,GTG,CAC
AF083768.1,112,114,315,317,3,GTG,CAC
AF083768.1,112,114,144,146,3,GTG,CAC
AF083768.1,112,114,135,137,3,GTG,CAC
AF083768.1,24,26,223,225,3,TAC,GTA
AF083768.1,397,403,537,543,7,TATTATT,AATAATA
AF083768.1,64,70,184,190,7,TCAACAA,TTGTTGA
AF083768.1,61,67,546,552,7,TCATCAA,TTGATGA
AF083768.1,499,504,499,504,6,TCATGA,TCATGA
AF083768.1,299,304,499,504,6,TCATGA,TCATGA
AF083768.1,64,66,167,169,3,TCA,TGA
AF083768.1,196,198,260,262,3,TCA,TGA
AF083768.1,64,66,260,262,3,TCA,TGA
AF083768.1,196,198,350,352,3,TCA,TGA
AF083768.1,64,66,350,352,3,TCA,TGA
AF083768.1,64,66,113,115,3,TCA,TGA
AF083768.1,196,198,358,360,3,TCA,TGA
AF083768.1,64,66,358,360,3,TCA,TGA
AF083768.1,311,313,547,549,3,TCA,TGA
AF083768.1,311,313,372,374,3,TCA,TGA
AF083768.1,196,198,218,220,3,TCA,TGA
AF083768.1,64,66,218,220,3,TCA,TGA
AF083768.1,331,333,547,549,3,TCA,TGA
AF083768.1,331,333,350,352,3,TCA,TGA
AF083768.1,331,333,358,360,3,TCA,TGA
AF083768.1,331,333,372,374,3,TCA,TGA
AF083768.1,196,198,528,530,3,TCA,TGA
AF083768.1,64,66,528,530,3,TCA,TGA
AF083768.1,311,313,528,530,3,TCA,TGA
AF083768.1,299,301,350,352,3,TCA,TGA
AF083768.1,299,301,358,360,3,TCA,TGA
AF083768.1,428,430,528,530,3,TCA,TGA
AF083768.1,299,301,528,530,3,TCA,TGA
AF083768.1,299,301,372,374,3,TCA,TGA
AF083768.1,61,63,547,549,3,TCA,TGA
AF083768.1,514,516,547,549,3,TCA,TGA
AF083768.1,61,63,188,190,3,TCA,TGA
AF083768.1,61,63,149,151,3,TCA,TGA
AF083768.1,61,63,528,530,3,TCA,TGA
AF083768.1,61,63,218,220,3,TCA,TGA
AF083768.1,61,63,372,374,3,TCA,TGA
AF083768.1,514,516,528,530,3,TCA,TGA
AF083768.1,499,501,547,549,3,TCA,TGA
AF083768.1,499,501,528,530,3,TCA,TGA
AF083768.1,532,534,550,552,3,TCA,TGA
AF083768.1,196,198,550,552,3,TCA,TGA
AF083768.1,64,66,550,552,3,TCA,TGA
AF083768.1,196,198,502,504,3,TCA,TGA
AF083768.1,64,66,502,504,3,TCA,TGA
AF083768.1,331,333,550,552,3,TCA,TGA
AF083768.1,311,313,550,552,3,TCA,TGA
AF083768.1,331,333,502,504,3,TCA,TGA
AF083768.1,311,313,502,504,3,TCA,TGA
AF083768.1,73,75,152,154,3,TCG,CGA
AF083768.1,73,75,233,235,3,TCG,CGA
AF083768.1,73,75,254,256,3,TCG,CGA
AF083768.1,73,75,335,337,3,TCG,CGA
AF083768.1,431,434,447,450,4,TCTT,AAGA
AF083768.1,423,426,447,450,4,TCTT,AAGA
AF083768.1,385,387,437,439,3,TCT,AGA
AF083768.1,385,387,439,441,3,TCT,AGA
AF083768.1,385,387,435,437,3,TCT,AGA
AF083768.1,385,387,455,457,3,TCT,AGA
AF083768.1,391,393,437,439,3,TCT,AGA
AF083768.1,391,393,439,441,3,TCT,AGA
AF083768.1,391,393,435,437,3,TCT,AGA
AF083768.1,431,433,437,439,3,TCT,AGA
AF083768.1,431,433,439,441,3,TCT,AGA
AF083768.1,431,433,435,437,3,TCT,AGA
AF083768.1,431,433,455,457,3,TCT,AGA
AF083768.1,385,387,448,450,3,TCT,AGA
AF083768.1,391,393,448,450,3,TCT,AGA
AF083768.1,423,425,437,439,3,TCT,AGA
AF083768.1,423,425,439,441,3,TCT,AGA
AF083768.1,423,425,435,437,3,TCT,AGA
AF083768.1,188,195,494,501,8,TGACAAGA,TCTTGTCA
AF083768.1,167,172,511,516,6,TGAGCA,TGCTCA
AF083768.1,113,118,511,516,6,TGAGCA,TGCTCA
AF083768.1,218,220,499,501,3,TGA,TCA
AF083768.1,372,374,499,501,3,TGA,TCA
AF083768.1,218,220,331,333,3,TGA,TCA
AF083768.1,218,220,514,516,3,TGA,TCA
AF083768.1,188,190,514,516,3,TGA,TCA
AF083768.1,149,151,514,516,3,TGA,TCA
AF083768.1,372,374,514,516,3,TGA,TCA
AF083768.1,260,262,499,501,3,TGA,TCA
AF083768.1,167,169,499,501,3,TGA,TCA
AF083768.1,113,115,499,501,3,TGA,TCA
AF083768.1,350,352,499,501,3,TGA,TCA
AF083768.1,358,360,499,501,3,TGA,TCA
AF083768.1,260,262,331,333,3,TGA,TCA
AF083768.1,167,169,331,333,3,TGA,TCA
AF083768.1,113,115,331,333,3,TGA,TCA
AF083768.1,302,304,331,333,3,TGA,TCA
AF083768.1,305,307,331,333,3,TGA,TCA
AF083768.1,260,262,428,430,3,TGA,TCA
AF083768.1,167,169,428,430,3,TGA,TCA
AF083768.1,113,115,428,430,3,TGA,TCA
AF083768.1,350,352,428,430,3,TGA,TCA
AF083768.1,358,360,428,430,3,TGA,TCA
AF083768.1,218,220,428,430,3,TGA,TCA
AF083768.1,302,304,311,313,3,TGA,TCA
AF083768.1,305,307,311,313,3,TGA,TCA
AF083768.1,260,262,299,301,3,TGA,TCA
AF083768.1,167,169,299,301,3,TGA,TCA
AF083768.1,113,115,299,301,3,TGA,TCA
AF083768.1,218,220,299,301,3,TGA,TCA
AF083768.1,188,190,428,430,3,TGA,TCA
AF083768.1,149,151,428,430,3,TGA,TCA
AF083768.1,372,374,428,430,3,TGA,TCA
AF083768.1,188,190,299,301,3,TGA,TCA
AF083768.1,149,151,299,301,3,TGA,TCA
AF083768.1,502,504,532,534,3,TGA,TCA
AF083768.1,528,530,532,534,3,TGA,TCA
AF083768.1,167,169,196,198,3,TGA,TCA
AF083768.1,113,115,196,198,3,TGA,TCA
AF083768.1,260,262,532,534,3,TGA,TCA
AF083768.1,167,169,532,534,3,TGA,TCA
AF083768.1,113,115,532,534,3,TGA,TCA
AF083768.1,350,352,532,534,3,TGA,TCA
AF083768.1,358,360,532,534,3,TGA,TCA
AF083768.1,218,220,532,534,3,TGA,TCA
AF083768.1,413,415,463,465,3,TGC,GCA
AF083768.1,185,188,295,298,4,TGTT,AACA
AF083768.1,185,188,379,382,4,TGTT,AACA
AF083768.1,420,422,450,452,3,TGT,ACA
AF083768.1,410,412,450,452,3,TGT,ACA
AF083768.1,329,331,380,382,3,TGT,ACA
AF083768.1,185,187,316,318,3,TGT,ACA
AF083768.1,185,187,337,339,3,TGT,ACA
AF083768.1,185,187,450,452,3,TGT,ACA
AF083768.1,390,392,529,531,3,TTC,GAA
AF083768.1,422,424,529,531,3,TTC,GAA
AF083768.1,390,392,551,553,3,TTC,GAA
AF083768.1,390,392,503,505,3,TTC,GAA
AF083768.1,422,424,551,553,3,TTC,GAA
AF083768.1,422,424,503,505,3,TTC,GAA
AF083768.1,486,488,529,531,3,TTC,GAA
AF083768.1,493,495,529,531,3,TTC,GAA
AF083768.1,184,187,190,193,4,TTGT,ACAA
AF083768.1,184,187,280,283,4,TTGT,ACAA
AF083768.1,184,187,202,205,4,TTGT,ACAA
AF083768.1,412,414,533,535,3,TTG,CAA
AF083768.1,187,189,245,247,3,TTG,CAA
AF083768.1,148,150,245,247,3,TTG,CAA
AF083768.1,184,186,245,247,3,TTG,CAA
AF083768.1,184,186,197,199,3,TTG,CAA
AF083768.1,184,186,533,535,3,TTG,CAA
AF083768.1,187,189,191,193,3,TTG,CAA
AF083768.1,148,150,191,193,3,TTG,CAA
AF083768.1,187,189,281,283,3,TTG,CAA
AF083768.1,148,150,281,283,3,TTG,CAA
AF083768.1,187,189,203,205,3,TTG,CAA
AF083768.1,148,150,203,205,3,TTG,CAA
AF083768.1,148,150,158,160,3,TTG,CAA
AF083768.1,496,498,533,535,3,TTG,CAA
AF083768.1,477,479,533,535,3,TTG,CAA
AF083768.1,148,150,173,175,3,TTG,CAA
AF083768.1,91,93,191,193,3,TTG,CAA
AF083768.1,91,93,281,283,3,TTG,CAA
AF083768.1,91,93,203,205,3,TTG,CAA
AF083768.1,91,93,119,121,3,TTG,CAA
AF083768.1,91,93,158,160,3,TTG,CAA
AF083768.1,91,93,137,139,3,TTG,CAA
AF083768.1,91,93,104,106,3,TTG,CAA
AF083768.1,91,93,101,103,3,TTG,CAA
AF083768.1,91,93,173,175,3,TTG,CAA
AF083768.1,91,93,245,247,3,TTG,CAA
AF083768.1,91,93,197,199,3,TTG,CAA
AF083768.1,91,93,533,535,3,TTG,CAA

Total for length 3 is 904.
Total for length 4 is 154.
Total for length 5 is 41.
Total for length 6 is 17.
Total for length 7 is 12.
Total for length 8 is 6.
Total for length 10 is 2.

