Input file is sequence3.fasta.
Minimal fragment length is 3.
Working with probability estimation.
P value is : 0.050000.
Printing all instances.
Looking for inverse non-complementary repeats.
AF083768.1 Alphabet size is 4.
Input sequence has 0 letters that are not in expected alphabet.
AF083768.1,552,566,552,566,15,AAAAAAAAAAAAAAA,AAAAAAAAAAAAAAA
AF083768.1,553,566,553,566,14,AAAAAAAAAAAAAA,AAAAAAAAAAAAAA
AF083768.1,552,565,552,565,14,AAAAAAAAAAAAAA,AAAAAAAAAAAAAA
AF083768.1,554,566,554,566,13,AAAAAAAAAAAAA,AAAAAAAAAAAAA
AF083768.1,552,564,552,564,13,AAAAAAAAAAAAA,AAAAAAAAAAAAA
AF083768.1,555,566,555,566,12,AAAAAAAAAAAA,AAAAAAAAAAAA
AF083768.1,552,563,552,563,12,AAAAAAAAAAAA,AAAAAAAAAAAA
AF083768.1,556,566,556,566,11,AAAAAAAAAAA,AAAAAAAAAAA
AF083768.1,552,562,552,562,11,AAAAAAAAAAA,AAAAAAAAAAA
AF083768.1,557,566,557,566,10,AAAAAAAAAA,AAAAAAAAAA
AF083768.1,552,561,552,561,10,AAAAAAAAAA,AAAAAAAAAA
AF083768.1,558,566,558,566,9,AAAAAAAAA,AAAAAAAAA
AF083768.1,552,560,552,560,9,AAAAAAAAA,AAAAAAAAA
AF083768.1,559,566,559,566,8,AAAAAAAA,AAAAAAAA
AF083768.1,552,559,552,559,8,AAAAAAAA,AAAAAAAA
AF083768.1,560,566,560,566,7,AAAAAAA,AAAAAAA
AF083768.1,552,558,552,558,7,AAAAAAA,AAAAAAA
AF083768.1,38,44,551,557,7,AAAAAAG,GAAAAAA
AF083768.1,552,557,552,557,6,AAAAAA,AAAAAA
AF083768.1,38,43,561,566,6,AAAAAA,AAAAAA
AF083768.1,38,43,560,565,6,AAAAAA,AAAAAA
AF083768.1,38,43,559,564,6,AAAAAA,AAAAAA
AF083768.1,38,43,558,563,6,AAAAAA,AAAAAA
AF083768.1,38,43,557,562,6,AAAAAA,AAAAAA
AF083768.1,38,43,556,561,6,AAAAAA,AAAAAA
AF083768.1,38,43,555,560,6,AAAAAA,AAAAAA
AF083768.1,38,43,554,559,6,AAAAAA,AAAAAA
AF083768.1,38,43,553,558,6,AAAAAA,AAAAAA
AF083768.1,561,566,561,566,6,AAAAAA,AAAAAA
AF083768.1,39,46,264,271,8,AAAAAGAA,AAGAAAAA
AF083768.1,39,43,562,566,5,AAAAA,AAAAA
AF083768.1,39,43,39,43,5,AAAAA,AAAAA
AF083768.1,38,42,38,42,5,AAAAA,AAAAA
AF083768.1,552,556,552,556,5,AAAAA,AAAAA
AF083768.1,38,42,552,556,5,AAAAA,AAAAA
AF083768.1,267,271,562,566,5,AAAAA,AAAAA
AF083768.1,267,271,561,565,5,AAAAA,AAAAA
AF083768.1,267,271,560,564,5,AAAAA,AAAAA
AF083768.1,267,271,559,563,5,AAAAA,AAAAA
AF083768.1,267,271,558,562,5,AAAAA,AAAAA
AF083768.1,267,271,557,561,5,AAAAA,AAAAA
AF083768.1,267,271,556,560,5,AAAAA,AAAAA
AF083768.1,267,271,555,559,5,AAAAA,AAAAA
AF083768.1,267,271,554,558,5,AAAAA,AAAAA
AF083768.1,267,271,553,557,5,AAAAA,AAAAA
AF083768.1,534,538,534,538,5,AAAAA,AAAAA
AF083768.1,562,566,562,566,5,AAAAA,AAAAA
AF083768.1,534,538,562,566,5,AAAAA,AAAAA
AF083768.1,534,538,552,556,5,AAAAA,AAAAA
AF083768.1,534,538,561,565,5,AAAAA,AAAAA
AF083768.1,534,538,560,564,5,AAAAA,AAAAA
AF083768.1,534,538,559,563,5,AAAAA,AAAAA
AF083768.1,534,538,558,562,5,AAAAA,AAAAA
AF083768.1,534,538,557,561,5,AAAAA,AAAAA
AF083768.1,534,538,556,560,5,AAAAA,AAAAA
AF083768.1,534,538,555,559,5,AAAAA,AAAAA
AF083768.1,534,538,554,558,5,AAAAA,AAAAA
AF083768.1,534,538,553,557,5,AAAAA,AAAAA
AF083768.1,39,43,534,538,5,AAAAA,AAAAA
AF083768.1,267,271,534,538,5,AAAAA,AAAAA
AF083768.1,38,42,534,538,5,AAAAA,AAAAA
AF083768.1,27,33,264,270,7,AAAAGAA,AAGAAAA
AF083768.1,9,16,34,41,8,AAAAGAGA,AGAGAAAA
AF083768.1,27,32,36,41,6,AAAAGA,AGAAAA
AF083768.1,9,14,265,270,6,AAAAGA,AGAAAA
AF083768.1,246,250,266,270,5,AAAAG,GAAAA
AF083768.1,225,229,266,270,5,AAAAG,GAAAA
AF083768.1,246,250,551,555,5,AAAAG,GAAAA
AF083768.1,27,31,551,555,5,AAAAG,GAAAA
AF083768.1,225,229,551,555,5,AAAAG,GAAAA
AF083768.1,9,13,551,555,5,AAAAG,GAAAA
AF083768.1,40,44,503,507,5,AAAAG,GAAAA
AF083768.1,268,272,503,507,5,AAAAG,GAAAA
AF083768.1,246,250,503,507,5,AAAAG,GAAAA
AF083768.1,27,31,503,507,5,AAAAG,GAAAA
AF083768.1,534,537,534,537,4,AAAA,AAAA
AF083768.1,38,41,534,537,4,AAAA,AAAA
AF083768.1,267,270,534,537,4,AAAA,AAAA
AF083768.1,39,42,246,249,4,AAAA,AAAA
AF083768.1,377,380,563,566,4,AAAA,AAAA
AF083768.1,377,380,562,565,4,AAAA,AAAA
AF083768.1,377,380,561,564,4,AAAA,AAAA
AF083768.1,377,380,560,563,4,AAAA,AAAA
AF083768.1,377,380,559,562,4,AAAA,AAAA
AF083768.1,377,380,558,561,4,AAAA,AAAA
AF083768.1,377,380,557,560,4,AAAA,AAAA
AF083768.1,377,380,556,559,4,AAAA,AAAA
AF083768.1,377,380,555,558,4,AAAA,AAAA
AF083768.1,377,380,554,557,4,AAAA,AAAA
AF083768.1,377,380,553,556,4,AAAA,AAAA
AF083768.1,40,43,563,566,4,AAAA,AAAA
AF083768.1,268,271,563,566,4,AAAA,AAAA
AF083768.1,534,537,552,555,4,AAAA,AAAA
AF083768.1,40,43,246,249,4,AAAA,AAAA
AF083768.1,40,43,40,43,4,AAAA,AAAA
AF083768.1,40,43,268,271,4,AAAA,AAAA
AF083768.1,268,271,268,271,4,AAAA,AAAA
AF083768.1,38,41,267,270,4,AAAA,AAAA
AF083768.1,267,270,267,270,4,AAAA,AAAA
AF083768.1,38,41,38,41,4,AAAA,AAAA
AF083768.1,552,555,552,555,4,AAAA,AAAA
AF083768.1,38,41,552,555,4,AAAA,AAAA
AF083768.1,267,270,552,555,4,AAAA,AAAA
AF083768.1,40,43,535,538,4,AAAA,AAAA
AF083768.1,268,271,535,538,4,AAAA,AAAA
AF083768.1,377,380,552,555,4,AAAA,AAAA
AF083768.1,27,30,563,566,4,AAAA,AAAA
AF083768.1,246,249,563,566,4,AAAA,AAAA
AF083768.1,27,30,534,537,4,AAAA,AAAA
AF083768.1,27,30,562,565,4,AAAA,AAAA
AF083768.1,27,30,561,564,4,AAAA,AAAA
AF083768.1,27,30,560,563,4,AAAA,AAAA
AF083768.1,27,30,559,562,4,AAAA,AAAA
AF083768.1,27,30,558,561,4,AAAA,AAAA
AF083768.1,27,30,557,560,4,AAAA,AAAA
AF083768.1,27,30,556,559,4,AAAA,AAAA
AF083768.1,27,30,555,558,4,AAAA,AAAA
AF083768.1,27,30,554,557,4,AAAA,AAAA
AF083768.1,27,30,39,42,4,AAAA,AAAA
AF083768.1,27,30,553,556,4,AAAA,AAAA
AF083768.1,246,249,534,537,4,AAAA,AAAA
AF083768.1,246,249,562,565,4,AAAA,AAAA
AF083768.1,246,249,561,564,4,AAAA,AAAA
AF083768.1,246,249,560,563,4,AAAA,AAAA
AF083768.1,246,249,559,562,4,AAAA,AAAA
AF083768.1,246,249,558,561,4,AAAA,AAAA
AF083768.1,246,249,557,560,4,AAAA,AAAA
AF083768.1,246,249,556,559,4,AAAA,AAAA
AF083768.1,246,249,555,558,4,AAAA,AAAA
AF083768.1,246,249,554,557,4,AAAA,AAAA
AF083768.1,246,249,553,556,4,AAAA,AAAA
AF083768.1,27,30,27,30,4,AAAA,AAAA
AF083768.1,27,30,246,249,4,AAAA,AAAA
AF083768.1,27,30,40,43,4,AAAA,AAAA
AF083768.1,27,30,268,271,4,AAAA,AAAA
AF083768.1,246,249,246,249,4,AAAA,AAAA
AF083768.1,246,249,268,271,4,AAAA,AAAA
AF083768.1,27,30,535,538,4,AAAA,AAAA
AF083768.1,246,249,535,538,4,AAAA,AAAA
AF083768.1,9,12,563,566,4,AAAA,AAAA
AF083768.1,225,228,563,566,4,AAAA,AAAA
AF083768.1,9,12,534,537,4,AAAA,AAAA
AF083768.1,9,12,562,565,4,AAAA,AAAA
AF083768.1,9,12,561,564,4,AAAA,AAAA
AF083768.1,9,12,560,563,4,AAAA,AAAA
AF083768.1,9,12,559,562,4,AAAA,AAAA
AF083768.1,9,12,558,561,4,AAAA,AAAA
AF083768.1,9,12,557,560,4,AAAA,AAAA
AF083768.1,9,12,556,559,4,AAAA,AAAA
AF083768.1,9,12,555,558,4,AAAA,AAAA
AF083768.1,9,12,554,557,4,AAAA,AAAA
AF083768.1,9,12,39,42,4,AAAA,AAAA
AF083768.1,9,12,553,556,4,AAAA,AAAA
AF083768.1,225,228,534,537,4,AAAA,AAAA
AF083768.1,225,228,562,565,4,AAAA,AAAA
AF083768.1,225,228,561,564,4,AAAA,AAAA
AF083768.1,225,228,560,563,4,AAAA,AAAA
AF083768.1,225,228,559,562,4,AAAA,AAAA
AF083768.1,225,228,558,561,4,AAAA,AAAA
AF083768.1,225,228,557,560,4,AAAA,AAAA
AF083768.1,225,228,556,559,4,AAAA,AAAA
AF083768.1,225,228,555,558,4,AAAA,AAAA
AF083768.1,225,228,554,557,4,AAAA,AAAA
AF083768.1,225,228,553,556,4,AAAA,AAAA
AF083768.1,39,42,504,507,4,AAAA,AAAA
AF083768.1,9,12,27,30,4,AAAA,AAAA
AF083768.1,9,12,246,249,4,AAAA,AAAA
AF083768.1,9,12,40,43,4,AAAA,AAAA
AF083768.1,9,12,268,271,4,AAAA,AAAA
AF083768.1,225,228,246,249,4,AAAA,AAAA
AF083768.1,225,228,268,271,4,AAAA,AAAA
AF083768.1,38,41,504,507,4,AAAA,AAAA
AF083768.1,267,270,504,507,4,AAAA,AAAA
AF083768.1,535,538,563,566,4,AAAA,AAAA
AF083768.1,535,538,535,538,4,AAAA,AAAA
AF083768.1,40,43,377,380,4,AAAA,AAAA
AF083768.1,268,271,377,380,4,AAAA,AAAA
AF083768.1,39,42,377,380,4,AAAA,AAAA
AF083768.1,38,41,377,380,4,AAAA,AAAA
AF083768.1,267,270,377,380,4,AAAA,AAAA
AF083768.1,9,12,377,380,4,AAAA,AAAA
AF083768.1,225,228,377,380,4,AAAA,AAAA
AF083768.1,377,380,377,380,4,AAAA,AAAA
AF083768.1,504,507,563,566,4,AAAA,AAAA
AF083768.1,40,43,225,228,4,AAAA,AAAA
AF083768.1,39,42,225,228,4,AAAA,AAAA
AF083768.1,504,507,552,555,4,AAAA,AAAA
AF083768.1,504,507,534,537,4,AAAA,AAAA
AF083768.1,504,507,562,565,4,AAAA,AAAA
AF083768.1,504,507,561,564,4,AAAA,AAAA
AF083768.1,504,507,560,563,4,AAAA,AAAA
AF083768.1,504,507,559,562,4,AAAA,AAAA
AF083768.1,504,507,558,561,4,AAAA,AAAA
AF083768.1,504,507,557,560,4,AAAA,AAAA
AF083768.1,504,507,556,559,4,AAAA,AAAA
AF083768.1,504,507,555,558,4,AAAA,AAAA
AF083768.1,504,507,554,557,4,AAAA,AAAA
AF083768.1,504,507,553,556,4,AAAA,AAAA
AF083768.1,27,30,225,228,4,AAAA,AAAA
AF083768.1,9,12,9,12,4,AAAA,AAAA
AF083768.1,9,12,225,228,4,AAAA,AAAA
AF083768.1,225,228,225,228,4,AAAA,AAAA
AF083768.1,504,507,504,507,4,AAAA,AAAA
AF083768.1,504,507,535,538,4,AAAA,AAAA
AF083768.1,563,566,563,566,4,AAAA,AAAA
AF083768.1,28,34,41,47,7,AAAGAAA,AAAGAAA
AF083768.1,28,34,28,34,7,AAAGAAA,AAAGAAA
AF083768.1,41,47,41,47,7,AAAGAAA,AAAGAAA
AF083768.1,269,276,289,296,8,AAAGAAGA,AGAAGAAA
AF083768.1,174,180,263,269,7,AAAGAAG,GAAGAAA
AF083768.1,28,33,291,296,6,AAAGAA,AAGAAA
AF083768.1,41,46,291,296,6,AAAGAA,AAGAAA
AF083768.1,28,33,138,143,6,AAAGAA,AAGAAA
AF083768.1,41,46,138,143,6,AAAGAA,AAGAAA
AF083768.1,32,40,32,40,9,AAAGAGAAA,AAAGAGAAA
AF083768.1,198,202,265,269,5,AAAGA,AGAAA
AF083768.1,10,14,139,143,5,AAAGA,AGAAA
AF083768.1,10,14,292,296,5,AAAGA,AGAAA
AF083768.1,10,14,43,47,5,AAAGA,AGAAA
AF083768.1,10,14,30,34,5,AAAGA,AGAAA
AF083768.1,32,36,265,269,5,AAAGA,AGAAA
AF083768.1,32,36,139,143,5,AAAGA,AGAAA
AF083768.1,32,36,292,296,5,AAAGA,AGAAA
AF083768.1,45,49,265,269,5,AAAGA,AGAAA
AF083768.1,45,49,139,143,5,AAAGA,AGAAA
AF083768.1,45,49,292,296,5,AAAGA,AGAAA
AF083768.1,226,229,293,296,4,AAAG,GAAA
AF083768.1,247,250,293,296,4,AAAG,GAAA
AF083768.1,174,177,503,506,4,AAAG,GAAA
AF083768.1,198,201,503,506,4,AAAG,GAAA
AF083768.1,174,177,551,554,4,AAAG,GAAA
AF083768.1,198,201,551,554,4,AAAG,GAAA
AF083768.1,32,35,503,506,4,AAAG,GAAA
AF083768.1,45,48,503,506,4,AAAG,GAAA
AF083768.1,32,35,551,554,4,AAAG,GAAA
AF083768.1,45,48,551,554,4,AAAG,GAAA
AF083768.1,446,449,503,506,4,AAAG,GAAA
AF083768.1,446,449,551,554,4,AAAG,GAAA
AF083768.1,1,3,563,565,3,AAA,AAA
AF083768.1,1,3,562,564,3,AAA,AAA
AF083768.1,1,3,561,563,3,AAA,AAA
AF083768.1,1,3,560,562,3,AAA,AAA
AF083768.1,1,3,559,561,3,AAA,AAA
AF083768.1,1,3,558,560,3,AAA,AAA
AF083768.1,1,3,557,559,3,AAA,AAA
AF083768.1,1,3,556,558,3,AAA,AAA
AF083768.1,1,3,555,557,3,AAA,AAA
AF083768.1,1,3,40,42,3,AAA,AAA
AF083768.1,1,3,554,556,3,AAA,AAA
AF083768.1,1,3,535,537,3,AAA,AAA
AF083768.1,1,3,268,270,3,AAA,AAA
AF083768.1,1,3,39,41,3,AAA,AAA
AF083768.1,1,3,553,555,3,AAA,AAA
AF083768.1,1,3,378,380,3,AAA,AAA
AF083768.1,1,3,41,43,3,AAA,AAA
AF083768.1,1,3,269,271,3,AAA,AAA
AF083768.1,1,3,28,30,3,AAA,AAA
AF083768.1,1,3,247,249,3,AAA,AAA
AF083768.1,1,3,10,12,3,AAA,AAA
AF083768.1,1,3,226,228,3,AAA,AAA
AF083768.1,1,3,536,538,3,AAA,AAA
AF083768.1,1,3,505,507,3,AAA,AAA
AF083768.1,378,380,564,566,3,AAA,AAA
AF083768.1,378,380,378,380,3,AAA,AAA
AF083768.1,27,29,27,29,3,AAA,AAA
AF083768.1,27,29,246,248,3,AAA,AAA
AF083768.1,246,248,246,248,3,AAA,AAA
AF083768.1,534,536,534,536,3,AAA,AAA
AF083768.1,27,29,534,536,3,AAA,AAA
AF083768.1,246,248,534,536,3,AAA,AAA
AF083768.1,38,40,246,248,3,AAA,AAA
AF083768.1,38,40,534,536,3,AAA,AAA
AF083768.1,267,269,534,536,3,AAA,AAA
AF083768.1,504,506,534,536,3,AAA,AAA
AF083768.1,378,380,536,538,3,AAA,AAA
AF083768.1,378,380,505,507,3,AAA,AAA
AF083768.1,9,11,27,29,3,AAA,AAA
AF083768.1,9,11,246,248,3,AAA,AAA
AF083768.1,225,227,246,248,3,AAA,AAA
AF083768.1,377,379,534,536,3,AAA,AAA
AF083768.1,9,11,534,536,3,AAA,AAA
AF083768.1,225,227,534,536,3,AAA,AAA
AF083768.1,141,143,564,566,3,AAA,AAA
AF083768.1,294,296,564,566,3,AAA,AAA
AF083768.1,39,41,174,176,3,AAA,AAA
AF083768.1,40,42,174,176,3,AAA,AAA
AF083768.1,141,143,563,565,3,AAA,AAA
AF083768.1,141,143,562,564,3,AAA,AAA
AF083768.1,141,143,561,563,3,AAA,AAA
AF083768.1,141,143,560,562,3,AAA,AAA
AF083768.1,141,143,559,561,3,AAA,AAA
AF083768.1,141,143,558,560,3,AAA,AAA
AF083768.1,141,143,557,559,3,AAA,AAA
AF083768.1,141,143,556,558,3,AAA,AAA
AF083768.1,141,143,555,557,3,AAA,AAA
AF083768.1,141,143,554,556,3,AAA,AAA
AF083768.1,141,143,535,537,3,AAA,AAA
AF083768.1,141,143,268,270,3,AAA,AAA
AF083768.1,141,143,553,555,3,AAA,AAA
AF083768.1,294,296,563,565,3,AAA,AAA
AF083768.1,294,296,562,564,3,AAA,AAA
AF083768.1,294,296,561,563,3,AAA,AAA
AF083768.1,294,296,560,562,3,AAA,AAA
AF083768.1,294,296,559,561,3,AAA,AAA
AF083768.1,294,296,558,560,3,AAA,AAA
AF083768.1,294,296,557,559,3,AAA,AAA
AF083768.1,294,296,556,558,3,AAA,AAA
AF083768.1,294,296,555,557,3,AAA,AAA
AF083768.1,294,296,554,556,3,AAA,AAA
AF083768.1,294,296,535,537,3,AAA,AAA
AF083768.1,294,296,553,555,3,AAA,AAA
AF083768.1,39,41,198,200,3,AAA,AAA
AF083768.1,40,42,198,200,3,AAA,AAA
AF083768.1,27,29,174,176,3,AAA,AAA
AF083768.1,141,143,378,380,3,AAA,AAA
AF083768.1,294,296,378,380,3,AAA,AAA
AF083768.1,27,29,198,200,3,AAA,AAA
AF083768.1,9,11,174,176,3,AAA,AAA
AF083768.1,141,143,536,538,3,AAA,AAA
AF083768.1,141,143,505,507,3,AAA,AAA
AF083768.1,294,296,536,538,3,AAA,AAA
AF083768.1,294,296,505,507,3,AAA,AAA
AF083768.1,9,11,198,200,3,AAA,AAA
AF083768.1,28,30,564,566,3,AAA,AAA
AF083768.1,41,43,564,566,3,AAA,AAA
AF083768.1,269,271,564,566,3,AAA,AAA
AF083768.1,1,3,267,269,3,AAA,AAA
AF083768.1,1,3,38,40,3,AAA,AAA
AF083768.1,10,12,564,566,3,AAA,AAA
AF083768.1,226,228,564,566,3,AAA,AAA
AF083768.1,247,249,564,566,3,AAA,AAA
AF083768.1,1,3,504,506,3,AAA,AAA
AF083768.1,1,3,552,554,3,AAA,AAA
AF083768.1,28,30,378,380,3,AAA,AAA
AF083768.1,41,43,378,380,3,AAA,AAA
AF083768.1,269,271,378,380,3,AAA,AAA
AF083768.1,27,29,267,269,3,AAA,AAA
AF083768.1,246,248,267,269,3,AAA,AAA
AF083768.1,27,29,38,40,3,AAA,AAA
AF083768.1,10,12,378,380,3,AAA,AAA
AF083768.1,226,228,378,380,3,AAA,AAA
AF083768.1,247,249,378,380,3,AAA,AAA
AF083768.1,27,29,504,506,3,AAA,AAA
AF083768.1,246,248,504,506,3,AAA,AAA
AF083768.1,534,536,552,554,3,AAA,AAA
AF083768.1,27,29,552,554,3,AAA,AAA
AF083768.1,246,248,552,554,3,AAA,AAA
AF083768.1,28,30,174,176,3,AAA,AAA
AF083768.1,28,30,198,200,3,AAA,AAA
AF083768.1,28,30,41,43,3,AAA,AAA
AF083768.1,28,30,269,271,3,AAA,AAA
AF083768.1,28,30,28,30,3,AAA,AAA
AF083768.1,28,30,247,249,3,AAA,AAA
AF083768.1,28,30,226,228,3,AAA,AAA
AF083768.1,41,43,174,176,3,AAA,AAA
AF083768.1,41,43,198,200,3,AAA,AAA
AF083768.1,41,43,41,43,3,AAA,AAA
AF083768.1,41,43,269,271,3,AAA,AAA
AF083768.1,41,43,247,249,3,AAA,AAA
AF083768.1,41,43,226,228,3,AAA,AAA
AF083768.1,269,271,269,271,3,AAA,AAA
AF083768.1,141,143,267,269,3,AAA,AAA
AF083768.1,38,40,267,269,3,AAA,AAA
AF083768.1,267,269,267,269,3,AAA,AAA
AF083768.1,38,40,38,40,3,AAA,AAA
AF083768.1,10,12,174,176,3,AAA,AAA
AF083768.1,10,12,198,200,3,AAA,AAA
AF083768.1,10,12,41,43,3,AAA,AAA
AF083768.1,10,12,269,271,3,AAA,AAA
AF083768.1,10,12,28,30,3,AAA,AAA
AF083768.1,10,12,247,249,3,AAA,AAA
AF083768.1,10,12,10,12,3,AAA,AAA
AF083768.1,10,12,226,228,3,AAA,AAA
AF083768.1,226,228,269,271,3,AAA,AAA
AF083768.1,226,228,247,249,3,AAA,AAA
AF083768.1,226,228,226,228,3,AAA,AAA
AF083768.1,247,249,269,271,3,AAA,AAA
AF083768.1,247,249,247,249,3,AAA,AAA
AF083768.1,141,143,504,506,3,AAA,AAA
AF083768.1,294,296,504,506,3,AAA,AAA
AF083768.1,38,40,504,506,3,AAA,AAA
AF083768.1,267,269,504,506,3,AAA,AAA
AF083768.1,504,506,504,506,3,AAA,AAA
AF083768.1,141,143,552,554,3,AAA,AAA
AF083768.1,294,296,552,554,3,AAA,AAA
AF083768.1,552,554,552,554,3,AAA,AAA
AF083768.1,38,40,552,554,3,AAA,AAA
AF083768.1,267,269,552,554,3,AAA,AAA
AF083768.1,504,506,552,554,3,AAA,AAA
AF083768.1,28,30,536,538,3,AAA,AAA
AF083768.1,28,30,505,507,3,AAA,AAA
AF083768.1,41,43,536,538,3,AAA,AAA
AF083768.1,41,43,505,507,3,AAA,AAA
AF083768.1,269,271,536,538,3,AAA,AAA
AF083768.1,269,271,505,507,3,AAA,AAA
AF083768.1,9,11,267,269,3,AAA,AAA
AF083768.1,225,227,267,269,3,AAA,AAA
AF083768.1,9,11,38,40,3,AAA,AAA
AF083768.1,10,12,536,538,3,AAA,AAA
AF083768.1,10,12,505,507,3,AAA,AAA
AF083768.1,226,228,536,538,3,AAA,AAA
AF083768.1,226,228,505,507,3,AAA,AAA
AF083768.1,247,249,536,538,3,AAA,AAA
AF083768.1,247,249,505,507,3,AAA,AAA
AF083768.1,377,379,504,506,3,AAA,AAA
AF083768.1,9,11,504,506,3,AAA,AAA
AF083768.1,225,227,504,506,3,AAA,AAA
AF083768.1,377,379,552,554,3,AAA,AAA
AF083768.1,9,11,552,554,3,AAA,AAA
AF083768.1,225,227,552,554,3,AAA,AAA
AF083768.1,1,3,141,143,3,AAA,AAA
AF083768.1,1,3,294,296,3,AAA,AAA
AF083768.1,174,176,564,566,3,AAA,AAA
AF083768.1,198,200,564,566,3,AAA,AAA
AF083768.1,39,41,141,143,3,AAA,AAA
AF083768.1,40,42,141,143,3,AAA,AAA
AF083768.1,39,41,294,296,3,AAA,AAA
AF083768.1,40,42,294,296,3,AAA,AAA
AF083768.1,268,270,294,296,3,AAA,AAA
AF083768.1,174,176,246,248,3,AAA,AAA
AF083768.1,174,176,534,536,3,AAA,AAA
AF083768.1,174,176,563,565,3,AAA,AAA
AF083768.1,174,176,562,564,3,AAA,AAA
AF083768.1,174,176,561,563,3,AAA,AAA
AF083768.1,174,176,560,562,3,AAA,AAA
AF083768.1,174,176,559,561,3,AAA,AAA
AF083768.1,174,176,558,560,3,AAA,AAA
AF083768.1,174,176,557,559,3,AAA,AAA
AF083768.1,174,176,556,558,3,AAA,AAA
AF083768.1,174,176,555,557,3,AAA,AAA
AF083768.1,174,176,554,556,3,AAA,AAA
AF083768.1,174,176,535,537,3,AAA,AAA
AF083768.1,174,176,268,270,3,AAA,AAA
AF083768.1,174,176,553,555,3,AAA,AAA
AF083768.1,198,200,246,248,3,AAA,AAA
AF083768.1,198,200,534,536,3,AAA,AAA
AF083768.1,198,200,563,565,3,AAA,AAA
AF083768.1,198,200,562,564,3,AAA,AAA
AF083768.1,198,200,561,563,3,AAA,AAA
AF083768.1,198,200,560,562,3,AAA,AAA
AF083768.1,198,200,559,561,3,AAA,AAA
AF083768.1,198,200,558,560,3,AAA,AAA
AF083768.1,198,200,557,559,3,AAA,AAA
AF083768.1,198,200,556,558,3,AAA,AAA
AF083768.1,198,200,555,557,3,AAA,AAA
AF083768.1,198,200,554,556,3,AAA,AAA
AF083768.1,198,200,535,537,3,AAA,AAA
AF083768.1,198,200,268,270,3,AAA,AAA
AF083768.1,198,200,553,555,3,AAA,AAA
AF083768.1,141,143,141,143,3,AAA,AAA
AF083768.1,38,40,141,143,3,AAA,AAA
AF083768.1,141,143,294,296,3,AAA,AAA
AF083768.1,294,296,294,296,3,AAA,AAA
AF083768.1,38,40,294,296,3,AAA,AAA
AF083768.1,267,269,294,296,3,AAA,AAA
AF083768.1,174,176,174,176,3,AAA,AAA
AF083768.1,174,176,198,200,3,AAA,AAA
AF083768.1,174,176,269,271,3,AAA,AAA
AF083768.1,174,176,247,249,3,AAA,AAA
AF083768.1,174,176,226,228,3,AAA,AAA
AF083768.1,198,200,198,200,3,AAA,AAA
AF083768.1,198,200,269,271,3,AAA,AAA
AF083768.1,198,200,247,249,3,AAA,AAA
AF083768.1,198,200,226,228,3,AAA,AAA
AF083768.1,9,11,141,143,3,AAA,AAA
AF083768.1,9,11,294,296,3,AAA,AAA
AF083768.1,225,227,294,296,3,AAA,AAA
AF083768.1,174,176,536,538,3,AAA,AAA
AF083768.1,174,176,505,507,3,AAA,AAA
AF083768.1,198,200,536,538,3,AAA,AAA
AF083768.1,198,200,505,507,3,AAA,AAA
AF083768.1,1,3,45,47,3,AAA,AAA
AF083768.1,1,3,32,34,3,AAA,AAA
AF083768.1,32,34,564,566,3,AAA,AAA
AF083768.1,45,47,564,566,3,AAA,AAA
AF083768.1,39,41,45,47,3,AAA,AAA
AF083768.1,40,42,45,47,3,AAA,AAA
AF083768.1,32,34,246,248,3,AAA,AAA
AF083768.1,32,34,534,536,3,AAA,AAA
AF083768.1,32,34,563,565,3,AAA,AAA
AF083768.1,32,34,562,564,3,AAA,AAA
AF083768.1,32,34,561,563,3,AAA,AAA
AF083768.1,32,34,560,562,3,AAA,AAA
AF083768.1,32,34,559,561,3,AAA,AAA
AF083768.1,32,34,558,560,3,AAA,AAA
AF083768.1,32,34,557,559,3,AAA,AAA
AF083768.1,32,34,556,558,3,AAA,AAA
AF083768.1,32,34,555,557,3,AAA,AAA
AF083768.1,32,34,40,42,3,AAA,AAA
AF083768.1,32,34,554,556,3,AAA,AAA
AF083768.1,32,34,535,537,3,AAA,AAA
AF083768.1,32,34,268,270,3,AAA,AAA
AF083768.1,32,34,39,41,3,AAA,AAA
AF083768.1,32,34,553,555,3,AAA,AAA
AF083768.1,45,47,246,248,3,AAA,AAA
AF083768.1,45,47,534,536,3,AAA,AAA
AF083768.1,45,47,563,565,3,AAA,AAA
AF083768.1,45,47,562,564,3,AAA,AAA
AF083768.1,45,47,561,563,3,AAA,AAA
AF083768.1,45,47,560,562,3,AAA,AAA
AF083768.1,45,47,559,561,3,AAA,AAA
AF083768.1,45,47,558,560,3,AAA,AAA
AF083768.1,45,47,557,559,3,AAA,AAA
AF083768.1,45,47,556,558,3,AAA,AAA
AF083768.1,45,47,555,557,3,AAA,AAA
AF083768.1,45,47,554,556,3,AAA,AAA
AF083768.1,45,47,535,537,3,AAA,AAA
AF083768.1,45,47,268,270,3,AAA,AAA
AF083768.1,45,47,553,555,3,AAA,AAA
AF083768.1,27,29,45,47,3,AAA,AAA
AF083768.1,27,29,32,34,3,AAA,AAA
AF083768.1,32,34,378,380,3,AAA,AAA
AF083768.1,45,47,378,380,3,AAA,AAA
AF083768.1,9,11,45,47,3,AAA,AAA
AF083768.1,9,11,32,34,3,AAA,AAA
AF083768.1,32,34,536,538,3,AAA,AAA
AF083768.1,32,34,505,507,3,AAA,AAA
AF083768.1,45,47,536,538,3,AAA,AAA
AF083768.1,45,47,505,507,3,AAA,AAA
AF083768.1,446,448,564,566,3,AAA,AAA
AF083768.1,446,448,534,536,3,AAA,AAA
AF083768.1,446,448,563,565,3,AAA,AAA
AF083768.1,446,448,562,564,3,AAA,AAA
AF083768.1,446,448,561,563,3,AAA,AAA
AF083768.1,446,448,560,562,3,AAA,AAA
AF083768.1,446,448,559,561,3,AAA,AAA
AF083768.1,446,448,558,560,3,AAA,AAA
AF083768.1,446,448,557,559,3,AAA,AAA
AF083768.1,446,448,556,558,3,AAA,AAA
AF083768.1,446,448,555,557,3,AAA,AAA
AF083768.1,446,448,554,556,3,AAA,AAA
AF083768.1,446,448,535,537,3,AAA,AAA
AF083768.1,446,448,553,555,3,AAA,AAA
AF083768.1,1,3,377,379,3,AAA,AAA
AF083768.1,536,538,564,566,3,AAA,AAA
AF083768.1,1,3,9,11,3,AAA,AAA
AF083768.1,1,3,225,227,3,AAA,AAA
AF083768.1,505,507,564,566,3,AAA,AAA
AF083768.1,174,176,377,379,3,AAA,AAA
AF083768.1,198,200,377,379,3,AAA,AAA
AF083768.1,27,29,377,379,3,AAA,AAA
AF083768.1,246,248,377,379,3,AAA,AAA
AF083768.1,174,176,225,227,3,AAA,AAA
AF083768.1,198,200,225,227,3,AAA,AAA
AF083768.1,27,29,225,227,3,AAA,AAA
AF083768.1,32,34,377,379,3,AAA,AAA
AF083768.1,45,47,377,379,3,AAA,AAA
AF083768.1,141,143,377,379,3,AAA,AAA
AF083768.1,294,296,377,379,3,AAA,AAA
AF083768.1,38,40,377,379,3,AAA,AAA
AF083768.1,267,269,377,379,3,AAA,AAA
AF083768.1,32,34,225,227,3,AAA,AAA
AF083768.1,45,47,225,227,3,AAA,AAA
AF083768.1,141,143,225,227,3,AAA,AAA
AF083768.1,38,40,225,227,3,AAA,AAA
AF083768.1,377,379,377,379,3,AAA,AAA
AF083768.1,9,11,377,379,3,AAA,AAA
AF083768.1,225,227,377,379,3,AAA,AAA
AF083768.1,536,538,536,538,3,AAA,AAA
AF083768.1,9,11,9,11,3,AAA,AAA
AF083768.1,9,11,225,227,3,AAA,AAA
AF083768.1,225,227,225,227,3,AAA,AAA
AF083768.1,505,507,536,538,3,AAA,AAA
AF083768.1,505,507,505,507,3,AAA,AAA
AF083768.1,1,3,446,448,3,AAA,AAA
AF083768.1,28,30,446,448,3,AAA,AAA
AF083768.1,41,43,446,448,3,AAA,AAA
AF083768.1,269,271,446,448,3,AAA,AAA
AF083768.1,10,12,446,448,3,AAA,AAA
AF083768.1,226,228,446,448,3,AAA,AAA
AF083768.1,247,249,446,448,3,AAA,AAA
AF083768.1,378,380,446,448,3,AAA,AAA
AF083768.1,39,41,446,448,3,AAA,AAA
AF083768.1,40,42,446,448,3,AAA,AAA
AF083768.1,268,270,446,448,3,AAA,AAA
AF083768.1,174,176,446,448,3,AAA,AAA
AF083768.1,198,200,446,448,3,AAA,AAA
AF083768.1,27,29,446,448,3,AAA,AAA
AF083768.1,246,248,446,448,3,AAA,AAA
AF083768.1,446,448,446,448,3,AAA,AAA
AF083768.1,377,379,446,448,3,AAA,AAA
AF083768.1,9,11,446,448,3,AAA,AAA
AF083768.1,225,227,446,448,3,AAA,AAA
AF083768.1,564,566,564,566,3,AAA,AAA
AF083768.1,1,3,1,3,3,AAA,AAA
AF083768.1,142,147,155,160,6,AACACG,GCACAA
AF083768.1,133,137,171,175,5,AACAC,CACAA
AF083768.1,2,6,156,160,5,AACAC,CACAA
AF083768.1,2,6,117,121,5,AACAC,CACAA
AF083768.1,66,69,172,175,4,AACA,ACAA
AF083768.1,102,105,172,175,4,AACA,ACAA
AF083768.1,2,5,103,106,4,AACA,ACAA
AF083768.1,2,5,67,70,4,AACA,ACAA
AF083768.1,66,69,136,139,4,AACA,ACAA
AF083768.1,102,105,136,139,4,AACA,ACAA
AF083768.1,66,69,157,160,4,AACA,ACAA
AF083768.1,102,105,157,160,4,AACA,ACAA
AF083768.1,66,69,118,121,4,AACA,ACAA
AF083768.1,102,105,118,121,4,AACA,ACAA
AF083768.1,2,5,202,205,4,AACA,ACAA
AF083768.1,142,145,202,205,4,AACA,ACAA
AF083768.1,2,5,280,283,4,AACA,ACAA
AF083768.1,142,145,280,283,4,AACA,ACAA
AF083768.1,2,5,190,193,4,AACA,ACAA
AF083768.1,142,145,190,193,4,AACA,ACAA
AF083768.1,66,69,202,205,4,AACA,ACAA
AF083768.1,102,105,202,205,4,AACA,ACAA
AF083768.1,66,69,280,283,4,AACA,ACAA
AF083768.1,102,105,280,283,4,AACA,ACAA
AF083768.1,66,69,190,193,4,AACA,ACAA
AF083768.1,102,105,190,193,4,AACA,ACAA
AF083768.1,138,147,170,179,10,AAGAAACACG,GCACAAAGAA
AF083768.1,138,143,269,274,6,AAGAAA,AAAGAA
AF083768.1,29,34,174,179,6,AAGAAA,AAAGAA
AF083768.1,29,34,269,274,6,AAGAAA,AAAGAA
AF083768.1,42,47,174,179,6,AAGAAA,AAAGAA
AF083768.1,42,47,269,274,6,AAGAAA,AAAGAA
AF083768.1,270,277,270,277,8,AAGAAGAA,AAGAAGAA
AF083768.1,175,180,272,277,6,AAGAAG,GAAGAA
AF083768.1,120,125,290,295,6,AAGAAG,GAAGAA
AF083768.1,120,125,263,268,6,AAGAAG,GAAGAA
AF083768.1,282,287,290,295,6,AAGAAG,GAAGAA
AF083768.1,120,125,272,277,6,AAGAAG,GAAGAA
AF083768.1,273,278,290,295,6,AAGAAG,GAAGAA
AF083768.1,138,142,138,142,5,AAGAA,AAGAA
AF083768.1,29,33,120,124,5,AAGAA,AAGAA
AF083768.1,42,46,120,124,5,AAGAA,AAGAA
AF083768.1,29,33,282,286,5,AAGAA,AAGAA
AF083768.1,42,46,282,286,5,AAGAA,AAGAA
AF083768.1,138,142,282,286,5,AAGAA,AAGAA
AF083768.1,138,142,291,295,5,AAGAA,AAGAA
AF083768.1,138,142,264,268,5,AAGAA,AAGAA
AF083768.1,270,274,282,286,5,AAGAA,AAGAA
AF083768.1,270,274,270,274,5,AAGAA,AAGAA
AF083768.1,264,268,291,295,5,AAGAA,AAGAA
AF083768.1,291,295,291,295,5,AAGAA,AAGAA
AF083768.1,264,268,264,268,5,AAGAA,AAGAA
AF083768.1,175,179,282,286,5,AAGAA,AAGAA
AF083768.1,175,179,270,274,5,AAGAA,AAGAA
AF083768.1,175,179,175,179,5,AAGAA,AAGAA
AF083768.1,120,124,138,142,5,AAGAA,AAGAA
AF083768.1,120,124,120,124,5,AAGAA,AAGAA
AF083768.1,120,124,282,286,5,AAGAA,AAGAA
AF083768.1,120,124,270,274,5,AAGAA,AAGAA
AF083768.1,120,124,175,179,5,AAGAA,AAGAA
AF083768.1,282,286,282,286,5,AAGAA,AAGAA
AF083768.1,29,33,273,277,5,AAGAA,AAGAA
AF083768.1,42,46,273,277,5,AAGAA,AAGAA
AF083768.1,138,142,273,277,5,AAGAA,AAGAA
AF083768.1,127,133,452,458,7,AAGAGGA,AGGAGAA
AF083768.1,159,166,258,265,8,AAGAGTGG,GGTGAGAA
AF083768.1,33,37,454,458,5,AAGAG,GAGAA
AF083768.1,11,15,454,458,5,AAGAG,GAGAA
AF083768.1,33,37,288,292,5,AAGAG,GAGAA
AF083768.1,11,15,288,292,5,AAGAG,GAGAA
AF083768.1,33,37,238,242,5,AAGAG,GAGAA
AF083768.1,11,15,238,242,5,AAGAG,GAGAA
AF083768.1,159,163,288,292,5,AAGAG,GAGAA
AF083768.1,159,163,238,242,5,AAGAG,GAGAA
AF083768.1,33,37,261,265,5,AAGAG,GAGAA
AF083768.1,11,15,261,265,5,AAGAG,GAGAA
AF083768.1,199,202,271,274,4,AAGA,AGAA
AF083768.1,199,202,283,286,4,AAGA,AGAA
AF083768.1,199,202,274,277,4,AAGA,AGAA
AF083768.1,33,36,271,274,4,AAGA,AGAA
AF083768.1,33,36,176,179,4,AAGA,AGAA
AF083768.1,33,36,121,124,4,AAGA,AGAA
AF083768.1,33,36,283,286,4,AAGA,AGAA
AF083768.1,33,36,274,277,4,AAGA,AGAA
AF083768.1,11,14,271,274,4,AAGA,AGAA
AF083768.1,11,14,176,179,4,AAGA,AGAA
AF083768.1,11,14,121,124,4,AAGA,AGAA
AF083768.1,11,14,283,286,4,AAGA,AGAA
AF083768.1,11,14,274,277,4,AAGA,AGAA
AF083768.1,199,202,455,458,4,AAGA,AGAA
AF083768.1,447,450,455,458,4,AAGA,AGAA
AF083768.1,29,32,455,458,4,AAGA,AGAA
AF083768.1,42,45,455,458,4,AAGA,AGAA
AF083768.1,270,273,455,458,4,AAGA,AGAA
AF083768.1,175,178,455,458,4,AAGA,AGAA
AF083768.1,159,162,292,295,4,AAGA,AGAA
AF083768.1,159,162,265,268,4,AAGA,AGAA
AF083768.1,264,267,455,458,4,AAGA,AGAA
AF083768.1,291,294,455,458,4,AAGA,AGAA
AF083768.1,273,276,455,458,4,AAGA,AGAA
AF083768.1,159,162,271,274,4,AAGA,AGAA
AF083768.1,159,162,176,179,4,AAGA,AGAA
AF083768.1,159,162,283,286,4,AAGA,AGAA
AF083768.1,159,162,274,277,4,AAGA,AGAA
AF083768.1,127,130,139,142,4,AAGA,AGAA
AF083768.1,127,130,292,295,4,AAGA,AGAA
AF083768.1,127,130,265,268,4,AAGA,AGAA
AF083768.1,199,202,289,292,4,AAGA,AGAA
AF083768.1,29,32,289,292,4,AAGA,AGAA
AF083768.1,42,45,289,292,4,AAGA,AGAA
AF083768.1,270,273,289,292,4,AAGA,AGAA
AF083768.1,175,178,289,292,4,AAGA,AGAA
AF083768.1,199,202,239,242,4,AAGA,AGAA
AF083768.1,29,32,239,242,4,AAGA,AGAA
AF083768.1,42,45,239,242,4,AAGA,AGAA
AF083768.1,175,178,239,242,4,AAGA,AGAA
AF083768.1,199,202,262,265,4,AAGA,AGAA
AF083768.1,29,32,262,265,4,AAGA,AGAA
AF083768.1,42,45,262,265,4,AAGA,AGAA
AF083768.1,175,178,262,265,4,AAGA,AGAA
AF083768.1,138,141,289,292,4,AAGA,AGAA
AF083768.1,120,123,289,292,4,AAGA,AGAA
AF083768.1,282,285,289,292,4,AAGA,AGAA
AF083768.1,138,141,239,242,4,AAGA,AGAA
AF083768.1,120,123,239,242,4,AAGA,AGAA
AF083768.1,138,141,262,265,4,AAGA,AGAA
AF083768.1,120,123,262,265,4,AAGA,AGAA
AF083768.1,46,49,455,458,4,AAGA,AGAA
AF083768.1,46,49,289,292,4,AAGA,AGAA
AF083768.1,46,49,239,242,4,AAGA,AGAA
AF083768.1,46,49,262,265,4,AAGA,AGAA
AF083768.1,46,49,271,274,4,AAGA,AGAA
AF083768.1,46,49,176,179,4,AAGA,AGAA
AF083768.1,46,49,121,124,4,AAGA,AGAA
AF083768.1,46,49,283,286,4,AAGA,AGAA
AF083768.1,46,49,274,277,4,AAGA,AGAA
AF083768.1,192,195,292,295,4,AAGA,AGAA
AF083768.1,192,195,265,268,4,AAGA,AGAA
AF083768.1,204,207,292,295,4,AAGA,AGAA
AF083768.1,204,207,265,268,4,AAGA,AGAA
AF083768.1,69,72,139,142,4,AAGA,AGAA
AF083768.1,69,72,292,295,4,AAGA,AGAA
AF083768.1,69,72,265,268,4,AAGA,AGAA
AF083768.1,192,195,289,292,4,AAGA,AGAA
AF083768.1,192,195,239,242,4,AAGA,AGAA
AF083768.1,192,195,262,265,4,AAGA,AGAA
AF083768.1,192,195,271,274,4,AAGA,AGAA
AF083768.1,192,195,283,286,4,AAGA,AGAA
AF083768.1,192,195,274,277,4,AAGA,AGAA
AF083768.1,204,207,289,292,4,AAGA,AGAA
AF083768.1,204,207,239,242,4,AAGA,AGAA
AF083768.1,204,207,262,265,4,AAGA,AGAA
AF083768.1,204,207,271,274,4,AAGA,AGAA
AF083768.1,204,207,283,286,4,AAGA,AGAA
AF083768.1,204,207,274,277,4,AAGA,AGAA
AF083768.1,69,72,289,292,4,AAGA,AGAA
AF083768.1,69,72,239,242,4,AAGA,AGAA
AF083768.1,69,72,262,265,4,AAGA,AGAA
AF083768.1,69,72,271,274,4,AAGA,AGAA
AF083768.1,69,72,176,179,4,AAGA,AGAA
AF083768.1,69,72,121,124,4,AAGA,AGAA
AF083768.1,69,72,283,286,4,AAGA,AGAA
AF083768.1,69,72,274,277,4,AAGA,AGAA
AF083768.1,105,111,122,128,7,AAGGAAG,GAAGGAA
AF083768.1,227,229,456,458,3,AAG,GAA
AF083768.1,248,250,456,458,3,AAG,GAA
AF083768.1,227,229,272,274,3,AAG,GAA
AF083768.1,227,229,284,286,3,AAG,GAA
AF083768.1,227,229,275,277,3,AAG,GAA
AF083768.1,227,229,290,292,3,AAG,GAA
AF083768.1,227,229,240,242,3,AAG,GAA
AF083768.1,227,229,263,265,3,AAG,GAA
AF083768.1,248,250,272,274,3,AAG,GAA
AF083768.1,248,250,284,286,3,AAG,GAA
AF083768.1,248,250,275,277,3,AAG,GAA
AF083768.1,248,250,290,292,3,AAG,GAA
AF083768.1,248,250,263,265,3,AAG,GAA
AF083768.1,105,107,140,142,3,AAG,GAA
AF083768.1,105,107,293,295,3,AAG,GAA
AF083768.1,105,107,266,268,3,AAG,GAA
AF083768.1,29,31,132,134,3,AAG,GAA
AF083768.1,42,44,132,134,3,AAG,GAA
AF083768.1,33,35,132,134,3,AAG,GAA
AF083768.1,11,13,132,134,3,AAG,GAA
AF083768.1,46,48,132,134,3,AAG,GAA
AF083768.1,105,107,272,274,3,AAG,GAA
AF083768.1,105,107,177,179,3,AAG,GAA
AF083768.1,105,107,122,124,3,AAG,GAA
AF083768.1,105,107,284,286,3,AAG,GAA
AF083768.1,105,107,275,277,3,AAG,GAA
AF083768.1,105,107,290,292,3,AAG,GAA
AF083768.1,105,107,240,242,3,AAG,GAA
AF083768.1,105,107,263,265,3,AAG,GAA
AF083768.1,127,129,132,134,3,AAG,GAA
AF083768.1,29,31,108,110,3,AAG,GAA
AF083768.1,42,44,108,110,3,AAG,GAA
AF083768.1,33,35,108,110,3,AAG,GAA
AF083768.1,11,13,108,110,3,AAG,GAA
AF083768.1,46,48,108,110,3,AAG,GAA
AF083768.1,29,31,126,128,3,AAG,GAA
AF083768.1,42,44,126,128,3,AAG,GAA
AF083768.1,33,35,126,128,3,AAG,GAA
AF083768.1,11,13,126,128,3,AAG,GAA
AF083768.1,46,48,126,128,3,AAG,GAA
AF083768.1,123,125,140,142,3,AAG,GAA
AF083768.1,123,125,293,295,3,AAG,GAA
AF083768.1,123,125,266,268,3,AAG,GAA
AF083768.1,276,278,293,295,3,AAG,GAA
AF083768.1,285,287,293,295,3,AAG,GAA
AF083768.1,227,229,354,356,3,AAG,GAA
AF083768.1,248,250,354,356,3,AAG,GAA
AF083768.1,29,31,354,356,3,AAG,GAA
AF083768.1,42,44,354,356,3,AAG,GAA
AF083768.1,270,272,354,356,3,AAG,GAA
AF083768.1,175,177,354,356,3,AAG,GAA
AF083768.1,199,201,354,356,3,AAG,GAA
AF083768.1,33,35,354,356,3,AAG,GAA
AF083768.1,11,13,354,356,3,AAG,GAA
AF083768.1,46,48,354,356,3,AAG,GAA
AF083768.1,241,243,293,295,3,AAG,GAA
AF083768.1,241,243,266,268,3,AAG,GAA
AF083768.1,220,222,293,295,3,AAG,GAA
AF083768.1,220,222,266,268,3,AAG,GAA
AF083768.1,178,180,293,295,3,AAG,GAA
AF083768.1,178,180,266,268,3,AAG,GAA
AF083768.1,109,111,140,142,3,AAG,GAA
AF083768.1,109,111,293,295,3,AAG,GAA
AF083768.1,109,111,266,268,3,AAG,GAA
AF083768.1,69,71,108,110,3,AAG,GAA
AF083768.1,120,122,126,128,3,AAG,GAA
AF083768.1,69,71,126,128,3,AAG,GAA
AF083768.1,123,125,456,458,3,AAG,GAA
AF083768.1,276,278,456,458,3,AAG,GAA
AF083768.1,285,287,456,458,3,AAG,GAA
AF083768.1,138,140,354,356,3,AAG,GAA
AF083768.1,120,122,354,356,3,AAG,GAA
AF083768.1,282,284,354,356,3,AAG,GAA
AF083768.1,159,161,354,356,3,AAG,GAA
AF083768.1,192,194,354,356,3,AAG,GAA
AF083768.1,204,206,354,356,3,AAG,GAA
AF083768.1,69,71,354,356,3,AAG,GAA
AF083768.1,241,243,456,458,3,AAG,GAA
AF083768.1,220,222,456,458,3,AAG,GAA
AF083768.1,178,180,456,458,3,AAG,GAA
AF083768.1,109,111,456,458,3,AAG,GAA
AF083768.1,346,348,456,458,3,AAG,GAA
AF083768.1,105,107,503,505,3,AAG,GAA
AF083768.1,138,140,503,505,3,AAG,GAA
AF083768.1,120,122,503,505,3,AAG,GAA
AF083768.1,282,284,503,505,3,AAG,GAA
AF083768.1,159,161,503,505,3,AAG,GAA
AF083768.1,192,194,503,505,3,AAG,GAA
AF083768.1,204,206,503,505,3,AAG,GAA
AF083768.1,69,71,503,505,3,AAG,GAA
AF083768.1,105,107,551,553,3,AAG,GAA
AF083768.1,138,140,551,553,3,AAG,GAA
AF083768.1,120,122,551,553,3,AAG,GAA
AF083768.1,282,284,551,553,3,AAG,GAA
AF083768.1,159,161,551,553,3,AAG,GAA
AF083768.1,192,194,551,553,3,AAG,GAA
AF083768.1,204,206,551,553,3,AAG,GAA
AF083768.1,69,71,551,553,3,AAG,GAA
AF083768.1,123,125,503,505,3,AAG,GAA
AF083768.1,276,278,503,505,3,AAG,GAA
AF083768.1,285,287,503,505,3,AAG,GAA
AF083768.1,241,243,503,505,3,AAG,GAA
AF083768.1,220,222,503,505,3,AAG,GAA
AF083768.1,178,180,503,505,3,AAG,GAA
AF083768.1,109,111,503,505,3,AAG,GAA
AF083768.1,264,266,503,505,3,AAG,GAA
AF083768.1,291,293,503,505,3,AAG,GAA
AF083768.1,273,275,503,505,3,AAG,GAA
AF083768.1,127,129,503,505,3,AAG,GAA
AF083768.1,123,125,551,553,3,AAG,GAA
AF083768.1,276,278,551,553,3,AAG,GAA
AF083768.1,285,287,551,553,3,AAG,GAA
AF083768.1,241,243,551,553,3,AAG,GAA
AF083768.1,220,222,551,553,3,AAG,GAA
AF083768.1,178,180,551,553,3,AAG,GAA
AF083768.1,109,111,551,553,3,AAG,GAA
AF083768.1,264,266,551,553,3,AAG,GAA
AF083768.1,291,293,551,553,3,AAG,GAA
AF083768.1,273,275,551,553,3,AAG,GAA
AF083768.1,127,129,551,553,3,AAG,GAA
AF083768.1,346,348,503,505,3,AAG,GAA
AF083768.1,346,348,551,553,3,AAG,GAA
AF083768.1,29,31,219,221,3,AAG,GAA
AF083768.1,42,44,219,221,3,AAG,GAA
AF083768.1,175,177,219,221,3,AAG,GAA
AF083768.1,199,201,219,221,3,AAG,GAA
AF083768.1,33,35,219,221,3,AAG,GAA
AF083768.1,11,13,219,221,3,AAG,GAA
AF083768.1,46,48,219,221,3,AAG,GAA
AF083768.1,355,357,456,458,3,AAG,GAA
AF083768.1,105,107,219,221,3,AAG,GAA
AF083768.1,138,140,219,221,3,AAG,GAA
AF083768.1,120,122,219,221,3,AAG,GAA
AF083768.1,159,161,219,221,3,AAG,GAA
AF083768.1,192,194,219,221,3,AAG,GAA
AF083768.1,204,206,219,221,3,AAG,GAA
AF083768.1,69,71,219,221,3,AAG,GAA
AF083768.1,227,229,529,531,3,AAG,GAA
AF083768.1,248,250,529,531,3,AAG,GAA
AF083768.1,29,31,529,531,3,AAG,GAA
AF083768.1,42,44,529,531,3,AAG,GAA
AF083768.1,270,272,529,531,3,AAG,GAA
AF083768.1,175,177,529,531,3,AAG,GAA
AF083768.1,199,201,529,531,3,AAG,GAA
AF083768.1,447,449,529,531,3,AAG,GAA
AF083768.1,33,35,529,531,3,AAG,GAA
AF083768.1,11,13,529,531,3,AAG,GAA
AF083768.1,46,48,529,531,3,AAG,GAA
AF083768.1,227,229,373,375,3,AAG,GAA
AF083768.1,248,250,373,375,3,AAG,GAA
AF083768.1,29,31,373,375,3,AAG,GAA
AF083768.1,42,44,373,375,3,AAG,GAA
AF083768.1,270,272,373,375,3,AAG,GAA
AF083768.1,175,177,373,375,3,AAG,GAA
AF083768.1,199,201,373,375,3,AAG,GAA
AF083768.1,33,35,373,375,3,AAG,GAA
AF083768.1,11,13,373,375,3,AAG,GAA
AF083768.1,46,48,373,375,3,AAG,GAA
AF083768.1,105,107,529,531,3,AAG,GAA
AF083768.1,138,140,529,531,3,AAG,GAA
AF083768.1,120,122,529,531,3,AAG,GAA
AF083768.1,282,284,529,531,3,AAG,GAA
AF083768.1,159,161,529,531,3,AAG,GAA
AF083768.1,192,194,529,531,3,AAG,GAA
AF083768.1,204,206,529,531,3,AAG,GAA
AF083768.1,69,71,529,531,3,AAG,GAA
AF083768.1,105,107,373,375,3,AAG,GAA
AF083768.1,138,140,373,375,3,AAG,GAA
AF083768.1,120,122,373,375,3,AAG,GAA
AF083768.1,282,284,373,375,3,AAG,GAA
AF083768.1,159,161,373,375,3,AAG,GAA
AF083768.1,192,194,373,375,3,AAG,GAA
AF083768.1,204,206,373,375,3,AAG,GAA
AF083768.1,69,71,373,375,3,AAG,GAA
AF083768.1,123,125,529,531,3,AAG,GAA
AF083768.1,276,278,529,531,3,AAG,GAA
AF083768.1,285,287,529,531,3,AAG,GAA
AF083768.1,241,243,529,531,3,AAG,GAA
AF083768.1,220,222,529,531,3,AAG,GAA
AF083768.1,178,180,529,531,3,AAG,GAA
AF083768.1,109,111,529,531,3,AAG,GAA
AF083768.1,264,266,529,531,3,AAG,GAA
AF083768.1,291,293,529,531,3,AAG,GAA
AF083768.1,273,275,529,531,3,AAG,GAA
AF083768.1,127,129,529,531,3,AAG,GAA
AF083768.1,123,125,373,375,3,AAG,GAA
AF083768.1,276,278,373,375,3,AAG,GAA
AF083768.1,285,287,373,375,3,AAG,GAA
AF083768.1,241,243,373,375,3,AAG,GAA
AF083768.1,220,222,373,375,3,AAG,GAA
AF083768.1,178,180,373,375,3,AAG,GAA
AF083768.1,109,111,373,375,3,AAG,GAA
AF083768.1,264,266,373,375,3,AAG,GAA
AF083768.1,291,293,373,375,3,AAG,GAA
AF083768.1,273,275,373,375,3,AAG,GAA
AF083768.1,127,129,373,375,3,AAG,GAA
AF083768.1,374,380,535,541,7,AATAAAA,AAAATAA
AF083768.1,537,544,537,544,8,AATAATAA,AATAATAA
AF083768.1,172,180,290,298,9,ACAAAGAAG,GAAGAAACA
AF083768.1,103,109,130,136,7,ACAAGGA,AGGAACA
AF083768.1,67,71,132,136,5,ACAAG,GAACA
AF083768.1,25,28,102,105,4,ACAA,AACA
AF083768.1,25,28,66,69,4,ACAA,AACA
AF083768.1,67,70,142,145,4,ACAA,AACA
AF083768.1,103,106,142,145,4,ACAA,AACA
AF083768.1,67,70,379,382,4,ACAA,AACA
AF083768.1,103,106,379,382,4,ACAA,AACA
AF083768.1,67,70,295,298,4,ACAA,AACA
AF083768.1,103,106,295,298,4,ACAA,AACA
AF083768.1,136,139,379,382,4,ACAA,AACA
AF083768.1,118,121,379,382,4,ACAA,AACA
AF083768.1,157,160,379,382,4,ACAA,AACA
AF083768.1,136,139,295,298,4,ACAA,AACA
AF083768.1,118,121,295,298,4,ACAA,AACA
AF083768.1,157,160,295,298,4,ACAA,AACA
AF083768.1,25,28,133,136,4,ACAA,AACA
AF083768.1,280,283,295,298,4,ACAA,AACA
AF083768.1,190,193,295,298,4,ACAA,AACA
AF083768.1,202,205,295,298,4,ACAA,AACA
AF083768.1,134,136,143,145,3,ACA,ACA
AF083768.1,134,136,134,136,3,ACA,ACA
AF083768.1,136,138,136,138,3,ACA,ACA
AF083768.1,118,120,136,138,3,ACA,ACA
AF083768.1,3,5,3,5,3,ACA,ACA
AF083768.1,3,5,143,145,3,ACA,ACA
AF083768.1,3,5,134,136,3,ACA,ACA
AF083768.1,136,138,157,159,3,ACA,ACA
AF083768.1,118,120,157,159,3,ACA,ACA
AF083768.1,157,159,157,159,3,ACA,ACA
AF083768.1,118,120,118,120,3,ACA,ACA
AF083768.1,172,174,172,174,3,ACA,ACA
AF083768.1,136,138,172,174,3,ACA,ACA
AF083768.1,118,120,172,174,3,ACA,ACA
AF083768.1,157,159,172,174,3,ACA,ACA
AF083768.1,143,145,143,145,3,ACA,ACA
AF083768.1,134,136,380,382,3,ACA,ACA
AF083768.1,3,5,380,382,3,ACA,ACA
AF083768.1,143,145,380,382,3,ACA,ACA
AF083768.1,134,136,296,298,3,ACA,ACA
AF083768.1,25,27,136,138,3,ACA,ACA
AF083768.1,3,5,296,298,3,ACA,ACA
AF083768.1,25,27,157,159,3,ACA,ACA
AF083768.1,25,27,118,120,3,ACA,ACA
AF083768.1,25,27,172,174,3,ACA,ACA
AF083768.1,143,145,296,298,3,ACA,ACA
AF083768.1,67,69,316,318,3,ACA,ACA
AF083768.1,103,105,316,318,3,ACA,ACA
AF083768.1,172,174,316,318,3,ACA,ACA
AF083768.1,136,138,316,318,3,ACA,ACA
AF083768.1,118,120,316,318,3,ACA,ACA
AF083768.1,157,159,316,318,3,ACA,ACA
AF083768.1,25,27,316,318,3,ACA,ACA
AF083768.1,67,69,88,90,3,ACA,ACA
AF083768.1,172,174,202,204,3,ACA,ACA
AF083768.1,136,138,202,204,3,ACA,ACA
AF083768.1,118,120,202,204,3,ACA,ACA
AF083768.1,157,159,202,204,3,ACA,ACA
AF083768.1,172,174,280,282,3,ACA,ACA
AF083768.1,136,138,280,282,3,ACA,ACA
AF083768.1,118,120,280,282,3,ACA,ACA
AF083768.1,157,159,280,282,3,ACA,ACA
AF083768.1,172,174,190,192,3,ACA,ACA
AF083768.1,136,138,190,192,3,ACA,ACA
AF083768.1,118,120,190,192,3,ACA,ACA
AF083768.1,157,159,190,192,3,ACA,ACA
AF083768.1,190,192,202,204,3,ACA,ACA
AF083768.1,202,204,202,204,3,ACA,ACA
AF083768.1,380,382,380,382,3,ACA,ACA
AF083768.1,280,282,280,282,3,ACA,ACA
AF083768.1,190,192,280,282,3,ACA,ACA
AF083768.1,202,204,280,282,3,ACA,ACA
AF083768.1,190,192,190,192,3,ACA,ACA
AF083768.1,25,27,202,204,3,ACA,ACA
AF083768.1,25,27,280,282,3,ACA,ACA
AF083768.1,25,27,190,192,3,ACA,ACA
AF083768.1,316,318,316,318,3,ACA,ACA
AF083768.1,316,318,380,382,3,ACA,ACA
AF083768.1,134,136,450,452,3,ACA,ACA
AF083768.1,3,5,450,452,3,ACA,ACA
AF083768.1,143,145,450,452,3,ACA,ACA
AF083768.1,67,69,450,452,3,ACA,ACA
AF083768.1,103,105,450,452,3,ACA,ACA
AF083768.1,134,136,337,339,3,ACA,ACA
AF083768.1,3,5,337,339,3,ACA,ACA
AF083768.1,143,145,337,339,3,ACA,ACA
AF083768.1,67,69,337,339,3,ACA,ACA
AF083768.1,103,105,337,339,3,ACA,ACA
AF083768.1,172,174,450,452,3,ACA,ACA
AF083768.1,136,138,450,452,3,ACA,ACA
AF083768.1,118,120,450,452,3,ACA,ACA
AF083768.1,157,159,450,452,3,ACA,ACA
AF083768.1,172,174,337,339,3,ACA,ACA
AF083768.1,136,138,337,339,3,ACA,ACA
AF083768.1,118,120,337,339,3,ACA,ACA
AF083768.1,157,159,337,339,3,ACA,ACA
AF083768.1,25,27,450,452,3,ACA,ACA
AF083768.1,25,27,337,339,3,ACA,ACA
AF083768.1,296,298,450,452,3,ACA,ACA
AF083768.1,296,298,337,339,3,ACA,ACA
AF083768.1,296,298,316,318,3,ACA,ACA
AF083768.1,296,298,380,382,3,ACA,ACA
AF083768.1,25,27,25,27,3,ACA,ACA
AF083768.1,296,298,296,298,3,ACA,ACA
AF083768.1,5,7,202,204,3,ACA,ACA
AF083768.1,5,7,280,282,3,ACA,ACA
AF083768.1,5,7,190,192,3,ACA,ACA
AF083768.1,5,7,136,138,3,ACA,ACA
AF083768.1,5,7,157,159,3,ACA,ACA
AF083768.1,5,7,118,120,3,ACA,ACA
AF083768.1,5,7,172,174,3,ACA,ACA
AF083768.1,5,7,103,105,3,ACA,ACA
AF083768.1,5,7,67,69,3,ACA,ACA
AF083768.1,88,90,202,204,3,ACA,ACA
AF083768.1,88,90,280,282,3,ACA,ACA
AF083768.1,88,90,190,192,3,ACA,ACA
AF083768.1,88,90,136,138,3,ACA,ACA
AF083768.1,88,90,157,159,3,ACA,ACA
AF083768.1,88,90,118,120,3,ACA,ACA
AF083768.1,88,90,172,174,3,ACA,ACA
AF083768.1,88,90,103,105,3,ACA,ACA
AF083768.1,5,7,450,452,3,ACA,ACA
AF083768.1,5,7,337,339,3,ACA,ACA
AF083768.1,5,7,316,318,3,ACA,ACA
AF083768.1,5,7,380,382,3,ACA,ACA
AF083768.1,88,90,450,452,3,ACA,ACA
AF083768.1,88,90,337,339,3,ACA,ACA
AF083768.1,88,90,316,318,3,ACA,ACA
AF083768.1,88,90,380,382,3,ACA,ACA
AF083768.1,5,7,5,7,3,ACA,ACA
AF083768.1,5,7,88,90,3,ACA,ACA
AF083768.1,5,7,296,298,3,ACA,ACA
AF083768.1,88,90,88,90,3,ACA,ACA
AF083768.1,88,90,296,298,3,ACA,ACA
AF083768.1,232,237,319,324,6,ACGACG,GCAGCA
AF083768.1,232,237,322,327,6,ACGACG,GCAGCA
AF083768.1,253,258,319,324,6,ACGACG,GCAGCA
AF083768.1,253,258,322,327,6,ACGACG,GCAGCA
AF083768.1,151,157,151,157,7,ACGAGCA,ACGAGCA
AF083768.1,79,81,155,157,3,ACG,GCA
AF083768.1,79,81,116,118,3,ACG,GCA
AF083768.1,79,81,170,172,3,ACG,GCA
AF083768.1,232,234,244,246,3,ACG,GCA
AF083768.1,79,81,244,246,3,ACG,GCA
AF083768.1,151,153,244,246,3,ACG,GCA
AF083768.1,79,81,100,102,3,ACG,GCA
AF083768.1,211,213,319,321,3,ACG,GCA
AF083768.1,211,213,322,324,3,ACG,GCA
AF083768.1,211,213,325,327,3,ACG,GCA
AF083768.1,145,147,244,246,3,ACG,GCA
AF083768.1,145,147,319,321,3,ACG,GCA
AF083768.1,145,147,322,324,3,ACG,GCA
AF083768.1,145,147,325,327,3,ACG,GCA
AF083768.1,211,213,463,465,3,ACG,GCA
AF083768.1,232,234,463,465,3,ACG,GCA
AF083768.1,253,255,463,465,3,ACG,GCA
AF083768.1,235,237,463,465,3,ACG,GCA
AF083768.1,256,258,463,465,3,ACG,GCA
AF083768.1,79,81,463,465,3,ACG,GCA
AF083768.1,151,153,463,465,3,ACG,GCA
AF083768.1,36,45,36,45,10,AGAAAAAAGA,AGAAAAAAGA
AF083768.1,36,42,267,273,7,AGAAAAA,AAAAAGA
AF083768.1,139,144,197,202,6,AGAAAC,CAAAGA
AF083768.1,30,36,30,36,7,AGAAAGA,AGAAAGA
AF083768.1,30,36,43,49,7,AGAAAGA,AGAAAGA
AF083768.1,43,49,43,49,7,AGAAAGA,AGAAAGA
AF083768.1,36,40,174,178,5,AGAAA,AAAGA
AF083768.1,36,40,198,202,5,AGAAA,AAAGA
AF083768.1,30,34,198,202,5,AGAAA,AAAGA
AF083768.1,43,47,198,202,5,AGAAA,AAAGA
AF083768.1,36,40,45,49,5,AGAAA,AAAGA
AF083768.1,30,34,446,450,5,AGAAA,AAAGA
AF083768.1,43,47,446,450,5,AGAAA,AAAGA
AF083768.1,139,143,446,450,5,AGAAA,AAAGA
AF083768.1,292,296,446,450,5,AGAAA,AAAGA
AF083768.1,265,269,446,450,5,AGAAA,AAAGA
AF083768.1,36,40,446,450,5,AGAAA,AAAGA
AF083768.1,262,276,262,276,15,AGAAGAAAAAGAAGA,AGAAGAAAAAGAAGA
AF083768.1,262,267,289,294,6,AGAAGA,AGAAGA
AF083768.1,289,294,289,294,6,AGAAGA,AGAAGA
AF083768.1,262,267,262,267,6,AGAAGA,AGAAGA
AF083768.1,121,130,121,130,10,AGAAGGAAGA,AGAAGGAAGA
AF083768.1,239,243,272,276,5,AGAAG,GAAGA
AF083768.1,239,243,290,294,5,AGAAG,GAAGA
AF083768.1,239,243,263,267,5,AGAAG,GAAGA
AF083768.1,36,39,138,141,4,AGAA,AAGA
AF083768.1,36,39,120,123,4,AGAA,AAGA
AF083768.1,36,39,282,285,4,AGAA,AAGA
AF083768.1,139,142,159,162,4,AGAA,AAGA
AF083768.1,30,33,159,162,4,AGAA,AAGA
AF083768.1,43,46,159,162,4,AGAA,AAGA
AF083768.1,30,33,69,72,4,AGAA,AAGA
AF083768.1,43,46,69,72,4,AGAA,AAGA
AF083768.1,139,142,204,207,4,AGAA,AAGA
AF083768.1,30,33,204,207,4,AGAA,AAGA
AF083768.1,43,46,204,207,4,AGAA,AAGA
AF083768.1,139,142,192,195,4,AGAA,AAGA
AF083768.1,30,33,192,195,4,AGAA,AAGA
AF083768.1,43,46,192,195,4,AGAA,AAGA
AF083768.1,36,39,69,72,4,AGAA,AAGA
AF083768.1,36,39,204,207,4,AGAA,AAGA
AF083768.1,36,39,192,195,4,AGAA,AAGA
AF083768.1,271,274,447,450,4,AGAA,AAGA
AF083768.1,121,124,199,202,4,AGAA,AAGA
AF083768.1,121,124,447,450,4,AGAA,AAGA
AF083768.1,274,277,447,450,4,AGAA,AAGA
AF083768.1,283,286,447,450,4,AGAA,AAGA
AF083768.1,176,179,199,202,4,AGAA,AAGA
AF083768.1,176,179,447,450,4,AGAA,AAGA
AF083768.1,36,39,273,276,4,AGAA,AAGA
AF083768.1,36,39,291,294,4,AGAA,AAGA
AF083768.1,36,39,264,267,4,AGAA,AAGA
AF083768.1,121,124,159,162,4,AGAA,AAGA
AF083768.1,121,124,204,207,4,AGAA,AAGA
AF083768.1,121,124,192,195,4,AGAA,AAGA
AF083768.1,176,179,204,207,4,AGAA,AAGA
AF083768.1,176,179,192,195,4,AGAA,AAGA
AF083768.1,262,265,282,285,4,AGAA,AAGA
AF083768.1,262,265,270,273,4,AGAA,AAGA
AF083768.1,30,33,127,130,4,AGAA,AAGA
AF083768.1,43,46,127,130,4,AGAA,AAGA
AF083768.1,239,242,282,285,4,AGAA,AAGA
AF083768.1,239,242,270,273,4,AGAA,AAGA
AF083768.1,262,265,447,450,4,AGAA,AAGA
AF083768.1,289,292,447,450,4,AGAA,AAGA
AF083768.1,239,242,447,450,4,AGAA,AAGA
AF083768.1,12,20,433,441,9,AGAGAGATT,TTAGAGAGA
AF083768.1,12,18,12,18,7,AGAGAGA,AGAGAGA
AF083768.1,435,441,435,441,7,AGAGAGA,AGAGAGA
AF083768.1,12,16,12,16,5,AGAGA,AGAGA
AF083768.1,34,38,437,441,5,AGAGA,AGAGA
AF083768.1,12,16,435,439,5,AGAGA,AGAGA
AF083768.1,34,38,435,439,5,AGAGA,AGAGA
AF083768.1,14,18,34,38,5,AGAGA,AGAGA
AF083768.1,435,439,435,439,5,AGAGA,AGAGA
AF083768.1,14,18,14,18,5,AGAGA,AGAGA
AF083768.1,128,131,438,441,4,AGAG,GAGA
AF083768.1,128,131,436,439,4,AGAG,GAGA
AF083768.1,14,17,288,291,4,AGAG,GAGA
AF083768.1,437,440,454,457,4,AGAG,GAGA
AF083768.1,14,17,454,457,4,AGAG,GAGA
AF083768.1,14,17,238,241,4,AGAG,GAGA
AF083768.1,435,438,454,457,4,AGAG,GAGA
AF083768.1,34,37,76,79,4,AGAG,GAGA
AF083768.1,12,15,76,79,4,AGAG,GAGA
AF083768.1,14,17,76,79,4,AGAG,GAGA
AF083768.1,14,17,261,264,4,AGAG,GAGA
AF083768.1,160,163,438,441,4,AGAG,GAGA
AF083768.1,160,163,436,439,4,AGAG,GAGA
AF083768.1,200,202,200,202,3,AGA,AGA
AF083768.1,200,202,448,450,3,AGA,AGA
AF083768.1,448,450,448,450,3,AGA,AGA
AF083768.1,200,202,205,207,3,AGA,AGA
AF083768.1,77,79,271,273,3,AGA,AGA
AF083768.1,77,79,176,178,3,AGA,AGA
AF083768.1,77,79,139,141,3,AGA,AGA
AF083768.1,77,79,121,123,3,AGA,AGA
AF083768.1,77,79,283,285,3,AGA,AGA
AF083768.1,77,79,274,276,3,AGA,AGA
AF083768.1,77,79,292,294,3,AGA,AGA
AF083768.1,77,79,265,267,3,AGA,AGA
AF083768.1,77,79,200,202,3,AGA,AGA
AF083768.1,77,79,448,450,3,AGA,AGA
AF083768.1,77,79,205,207,3,AGA,AGA
AF083768.1,77,79,193,195,3,AGA,AGA
AF083768.1,265,267,382,384,3,AGA,AGA
AF083768.1,139,141,382,384,3,AGA,AGA
AF083768.1,292,294,382,384,3,AGA,AGA
AF083768.1,30,32,382,384,3,AGA,AGA
AF083768.1,43,45,382,384,3,AGA,AGA
AF083768.1,271,273,382,384,3,AGA,AGA
AF083768.1,121,123,382,384,3,AGA,AGA
AF083768.1,274,276,382,384,3,AGA,AGA
AF083768.1,283,285,382,384,3,AGA,AGA
AF083768.1,176,178,382,384,3,AGA,AGA
AF083768.1,36,38,382,384,3,AGA,AGA
AF083768.1,262,264,382,384,3,AGA,AGA
AF083768.1,289,291,382,384,3,AGA,AGA
AF083768.1,239,241,382,384,3,AGA,AGA
AF083768.1,34,36,200,202,3,AGA,AGA
AF083768.1,34,36,448,450,3,AGA,AGA
AF083768.1,12,14,200,202,3,AGA,AGA
AF083768.1,12,14,448,450,3,AGA,AGA
AF083768.1,128,130,200,202,3,AGA,AGA
AF083768.1,128,130,448,450,3,AGA,AGA
AF083768.1,160,162,200,202,3,AGA,AGA
AF083768.1,160,162,448,450,3,AGA,AGA
AF083768.1,34,36,34,36,3,AGA,AGA
AF083768.1,34,36,160,162,3,AGA,AGA
AF083768.1,34,36,128,130,3,AGA,AGA
AF083768.1,36,38,36,38,3,AGA,AGA
AF083768.1,12,14,12,14,3,AGA,AGA
AF083768.1,12,14,34,36,3,AGA,AGA
AF083768.1,12,14,160,162,3,AGA,AGA
AF083768.1,12,14,128,130,3,AGA,AGA
AF083768.1,128,130,160,162,3,AGA,AGA
AF083768.1,128,130,128,130,3,AGA,AGA
AF083768.1,77,79,289,291,3,AGA,AGA
AF083768.1,36,38,289,291,3,AGA,AGA
AF083768.1,262,264,289,291,3,AGA,AGA
AF083768.1,289,291,289,291,3,AGA,AGA
AF083768.1,239,241,289,291,3,AGA,AGA
AF083768.1,77,79,455,457,3,AGA,AGA
AF083768.1,36,38,455,457,3,AGA,AGA
AF083768.1,455,457,455,457,3,AGA,AGA
AF083768.1,262,264,455,457,3,AGA,AGA
AF083768.1,289,291,455,457,3,AGA,AGA
AF083768.1,239,241,455,457,3,AGA,AGA
AF083768.1,77,79,239,241,3,AGA,AGA
AF083768.1,36,38,239,241,3,AGA,AGA
AF083768.1,239,241,239,241,3,AGA,AGA
AF083768.1,77,79,262,264,3,AGA,AGA
AF083768.1,36,38,262,264,3,AGA,AGA
AF083768.1,262,264,262,264,3,AGA,AGA
AF083768.1,239,241,262,264,3,AGA,AGA
AF083768.1,160,162,160,162,3,AGA,AGA
AF083768.1,34,36,382,384,3,AGA,AGA
AF083768.1,34,36,47,49,3,AGA,AGA
AF083768.1,34,36,70,72,3,AGA,AGA
AF083768.1,34,36,205,207,3,AGA,AGA
AF083768.1,34,36,193,195,3,AGA,AGA
AF083768.1,12,14,382,384,3,AGA,AGA
AF083768.1,12,14,47,49,3,AGA,AGA
AF083768.1,12,14,70,72,3,AGA,AGA
AF083768.1,12,14,205,207,3,AGA,AGA
AF083768.1,12,14,193,195,3,AGA,AGA
AF083768.1,128,130,382,384,3,AGA,AGA
AF083768.1,128,130,205,207,3,AGA,AGA
AF083768.1,128,130,193,195,3,AGA,AGA
AF083768.1,160,162,382,384,3,AGA,AGA
AF083768.1,160,162,205,207,3,AGA,AGA
AF083768.1,160,162,193,195,3,AGA,AGA
AF083768.1,30,32,77,79,3,AGA,AGA
AF083768.1,43,45,77,79,3,AGA,AGA
AF083768.1,77,79,77,79,3,AGA,AGA
AF083768.1,36,38,77,79,3,AGA,AGA
AF083768.1,200,202,439,441,3,AGA,AGA
AF083768.1,265,267,439,441,3,AGA,AGA
AF083768.1,139,141,439,441,3,AGA,AGA
AF083768.1,292,294,439,441,3,AGA,AGA
AF083768.1,30,32,439,441,3,AGA,AGA
AF083768.1,43,45,439,441,3,AGA,AGA
AF083768.1,271,273,439,441,3,AGA,AGA
AF083768.1,121,123,439,441,3,AGA,AGA
AF083768.1,274,276,439,441,3,AGA,AGA
AF083768.1,283,285,439,441,3,AGA,AGA
AF083768.1,176,178,439,441,3,AGA,AGA
AF083768.1,200,202,437,439,3,AGA,AGA
AF083768.1,265,267,437,439,3,AGA,AGA
AF083768.1,139,141,437,439,3,AGA,AGA
AF083768.1,292,294,437,439,3,AGA,AGA
AF083768.1,30,32,437,439,3,AGA,AGA
AF083768.1,43,45,437,439,3,AGA,AGA
AF083768.1,271,273,437,439,3,AGA,AGA
AF083768.1,121,123,437,439,3,AGA,AGA
AF083768.1,274,276,437,439,3,AGA,AGA
AF083768.1,283,285,437,439,3,AGA,AGA
AF083768.1,176,178,437,439,3,AGA,AGA
AF083768.1,14,16,43,45,3,AGA,AGA
AF083768.1,14,16,271,273,3,AGA,AGA
AF083768.1,14,16,30,32,3,AGA,AGA
AF083768.1,14,16,176,178,3,AGA,AGA
AF083768.1,14,16,139,141,3,AGA,AGA
AF083768.1,14,16,121,123,3,AGA,AGA
AF083768.1,14,16,283,285,3,AGA,AGA
AF083768.1,14,16,274,276,3,AGA,AGA
AF083768.1,14,16,292,294,3,AGA,AGA
AF083768.1,14,16,265,267,3,AGA,AGA
AF083768.1,437,439,448,450,3,AGA,AGA
AF083768.1,14,16,200,202,3,AGA,AGA
AF083768.1,14,16,448,450,3,AGA,AGA
AF083768.1,439,441,448,450,3,AGA,AGA
AF083768.1,14,16,382,384,3,AGA,AGA
AF083768.1,14,16,47,49,3,AGA,AGA
AF083768.1,14,16,70,72,3,AGA,AGA
AF083768.1,14,16,205,207,3,AGA,AGA
AF083768.1,14,16,193,195,3,AGA,AGA
AF083768.1,435,437,448,450,3,AGA,AGA
AF083768.1,47,49,77,79,3,AGA,AGA
AF083768.1,47,49,200,202,3,AGA,AGA
AF083768.1,47,49,448,450,3,AGA,AGA
AF083768.1,193,195,200,202,3,AGA,AGA
AF083768.1,193,195,448,450,3,AGA,AGA
AF083768.1,205,207,448,450,3,AGA,AGA
AF083768.1,70,72,77,79,3,AGA,AGA
AF083768.1,70,72,200,202,3,AGA,AGA
AF083768.1,70,72,448,450,3,AGA,AGA
AF083768.1,47,49,439,441,3,AGA,AGA
AF083768.1,47,49,437,439,3,AGA,AGA
AF083768.1,47,49,160,162,3,AGA,AGA
AF083768.1,47,49,128,130,3,AGA,AGA
AF083768.1,193,195,439,441,3,AGA,AGA
AF083768.1,193,195,437,439,3,AGA,AGA
AF083768.1,205,207,439,441,3,AGA,AGA
AF083768.1,205,207,437,439,3,AGA,AGA
AF083768.1,70,72,439,441,3,AGA,AGA
AF083768.1,70,72,437,439,3,AGA,AGA
AF083768.1,70,72,160,162,3,AGA,AGA
AF083768.1,70,72,128,130,3,AGA,AGA
AF083768.1,47,49,382,384,3,AGA,AGA
AF083768.1,47,49,47,49,3,AGA,AGA
AF083768.1,47,49,70,72,3,AGA,AGA
AF083768.1,47,49,205,207,3,AGA,AGA
AF083768.1,47,49,193,195,3,AGA,AGA
AF083768.1,193,195,382,384,3,AGA,AGA
AF083768.1,193,195,205,207,3,AGA,AGA
AF083768.1,193,195,193,195,3,AGA,AGA
AF083768.1,205,207,382,384,3,AGA,AGA
AF083768.1,205,207,205,207,3,AGA,AGA
AF083768.1,70,72,382,384,3,AGA,AGA
AF083768.1,70,72,70,72,3,AGA,AGA
AF083768.1,70,72,205,207,3,AGA,AGA
AF083768.1,70,72,193,195,3,AGA,AGA
AF083768.1,382,384,455,457,3,AGA,AGA
AF083768.1,382,384,439,441,3,AGA,AGA
AF083768.1,382,384,437,439,3,AGA,AGA
AF083768.1,382,384,382,384,3,AGA,AGA
AF083768.1,34,36,435,437,3,AGA,AGA
AF083768.1,12,14,435,437,3,AGA,AGA
AF083768.1,128,130,435,437,3,AGA,AGA
AF083768.1,160,162,435,437,3,AGA,AGA
AF083768.1,200,202,435,437,3,AGA,AGA
AF083768.1,265,267,435,437,3,AGA,AGA
AF083768.1,139,141,435,437,3,AGA,AGA
AF083768.1,292,294,435,437,3,AGA,AGA
AF083768.1,30,32,435,437,3,AGA,AGA
AF083768.1,43,45,435,437,3,AGA,AGA
AF083768.1,271,273,435,437,3,AGA,AGA
AF083768.1,121,123,435,437,3,AGA,AGA
AF083768.1,274,276,435,437,3,AGA,AGA
AF083768.1,283,285,435,437,3,AGA,AGA
AF083768.1,176,178,435,437,3,AGA,AGA
AF083768.1,16,18,36,38,3,AGA,AGA
AF083768.1,16,18,289,291,3,AGA,AGA
AF083768.1,16,18,455,457,3,AGA,AGA
AF083768.1,16,18,239,241,3,AGA,AGA
AF083768.1,16,18,262,264,3,AGA,AGA
AF083768.1,16,18,43,45,3,AGA,AGA
AF083768.1,16,18,271,273,3,AGA,AGA
AF083768.1,16,18,30,32,3,AGA,AGA
AF083768.1,16,18,176,178,3,AGA,AGA
AF083768.1,16,18,139,141,3,AGA,AGA
AF083768.1,16,18,121,123,3,AGA,AGA
AF083768.1,16,18,283,285,3,AGA,AGA
AF083768.1,16,18,274,276,3,AGA,AGA
AF083768.1,16,18,292,294,3,AGA,AGA
AF083768.1,16,18,265,267,3,AGA,AGA
AF083768.1,16,18,77,79,3,AGA,AGA
AF083768.1,16,18,200,202,3,AGA,AGA
AF083768.1,16,18,448,450,3,AGA,AGA
AF083768.1,435,437,435,437,3,AGA,AGA
AF083768.1,16,18,16,18,3,AGA,AGA
AF083768.1,16,18,382,384,3,AGA,AGA
AF083768.1,16,18,47,49,3,AGA,AGA
AF083768.1,16,18,70,72,3,AGA,AGA
AF083768.1,16,18,205,207,3,AGA,AGA
AF083768.1,16,18,193,195,3,AGA,AGA
AF083768.1,169,173,252,256,5,AGCAC,CACGA
AF083768.1,115,119,252,256,5,AGCAC,CACGA
AF083768.1,154,158,252,256,5,AGCAC,CACGA
AF083768.1,169,173,231,235,5,AGCAC,CACGA
AF083768.1,115,119,231,235,5,AGCAC,CACGA
AF083768.1,154,158,231,235,5,AGCAC,CACGA
AF083768.1,228,230,254,256,3,AGC,CGA
AF083768.1,228,230,233,235,3,AGC,CGA
AF083768.1,249,251,254,256,3,AGC,CGA
AF083768.1,228,230,335,337,3,AGC,CGA
AF083768.1,249,251,335,337,3,AGC,CGA
AF083768.1,169,171,335,337,3,AGC,CGA
AF083768.1,115,117,335,337,3,AGC,CGA
AF083768.1,154,156,335,337,3,AGC,CGA
AF083768.1,228,230,341,343,3,AGC,CGA
AF083768.1,249,251,341,343,3,AGC,CGA
AF083768.1,318,320,341,343,3,AGC,CGA
AF083768.1,321,323,341,343,3,AGC,CGA
AF083768.1,324,326,341,343,3,AGC,CGA
AF083768.1,169,171,341,343,3,AGC,CGA
AF083768.1,115,117,341,343,3,AGC,CGA
AF083768.1,154,156,341,343,3,AGC,CGA
AF083768.1,124,130,274,280,7,AGGAAGA,AGAAGGA
AF083768.1,124,130,283,289,7,AGGAAGA,AGAAGGA
AF083768.1,106,111,275,280,6,AGGAAG,GAAGGA
AF083768.1,106,111,284,289,6,AGGAAG,GAAGGA
AF083768.1,360,366,360,366,7,AGGAGGA,AGGAGGA
AF083768.1,95,99,129,133,5,AGGAG,GAGGA
AF083768.1,286,290,362,366,5,AGGAG,GAGGA
AF083768.1,95,99,351,355,5,AGGAG,GAGGA
AF083768.1,286,290,359,363,5,AGGAG,GAGGA
AF083768.1,277,280,277,280,4,AGGA,AGGA
AF083768.1,277,280,286,289,4,AGGA,AGGA
AF083768.1,56,59,106,109,4,AGGA,AGGA
AF083768.1,56,59,124,127,4,AGGA,AGGA
AF083768.1,56,59,286,289,4,AGGA,AGGA
AF083768.1,124,127,452,455,4,AGGA,AGGA
AF083768.1,106,109,452,455,4,AGGA,AGGA
AF083768.1,56,59,130,133,4,AGGA,AGGA
AF083768.1,56,59,352,355,4,AGGA,AGGA
AF083768.1,286,289,452,455,4,AGGA,AGGA
AF083768.1,286,289,286,289,4,AGGA,AGGA
AF083768.1,130,133,130,133,4,AGGA,AGGA
AF083768.1,130,133,352,355,4,AGGA,AGGA
AF083768.1,352,355,352,355,4,AGGA,AGGA
AF083768.1,452,455,452,455,4,AGGA,AGGA
AF083768.1,95,98,106,109,4,AGGA,AGGA
AF083768.1,95,98,124,127,4,AGGA,AGGA
AF083768.1,277,280,360,363,4,AGGA,AGGA
AF083768.1,124,127,360,363,4,AGGA,AGGA
AF083768.1,106,109,360,363,4,AGGA,AGGA
AF083768.1,95,98,277,280,4,AGGA,AGGA
AF083768.1,56,59,95,98,4,AGGA,AGGA
AF083768.1,56,59,360,363,4,AGGA,AGGA
AF083768.1,277,280,363,366,4,AGGA,AGGA
AF083768.1,124,127,363,366,4,AGGA,AGGA
AF083768.1,106,109,363,366,4,AGGA,AGGA
AF083768.1,56,59,363,366,4,AGGA,AGGA
AF083768.1,130,133,363,366,4,AGGA,AGGA
AF083768.1,352,355,363,366,4,AGGA,AGGA
AF083768.1,363,366,363,366,4,AGGA,AGGA
AF083768.1,242,244,278,280,3,AGG,GGA
AF083768.1,242,244,287,289,3,AGG,GGA
AF083768.1,242,244,453,455,3,AGG,GGA
AF083768.1,242,244,361,363,3,AGG,GGA
AF083768.1,242,244,364,366,3,AGG,GGA
AF083768.1,98,100,107,109,3,AGG,GGA
AF083768.1,98,100,125,127,3,AGG,GGA
AF083768.1,98,100,131,133,3,AGG,GGA
AF083768.1,98,100,353,355,3,AGG,GGA
AF083768.1,124,126,237,239,3,AGG,GGA
AF083768.1,106,108,237,239,3,AGG,GGA
AF083768.1,98,100,278,280,3,AGG,GGA
AF083768.1,56,58,237,239,3,AGG,GGA
AF083768.1,56,58,75,77,3,AGG,GGA
AF083768.1,98,100,364,366,3,AGG,GGA
AF083768.1,221,223,278,280,3,AGG,GGA
AF083768.1,179,181,278,280,3,AGG,GGA
AF083768.1,110,112,278,280,3,AGG,GGA
AF083768.1,221,223,237,239,3,AGG,GGA
AF083768.1,221,223,287,289,3,AGG,GGA
AF083768.1,221,223,453,455,3,AGG,GGA
AF083768.1,221,223,361,363,3,AGG,GGA
AF083768.1,179,181,237,239,3,AGG,GGA
AF083768.1,179,181,287,289,3,AGG,GGA
AF083768.1,179,181,453,455,3,AGG,GGA
AF083768.1,179,181,361,363,3,AGG,GGA
AF083768.1,110,112,237,239,3,AGG,GGA
AF083768.1,110,112,287,289,3,AGG,GGA
AF083768.1,110,112,453,455,3,AGG,GGA
AF083768.1,110,112,361,363,3,AGG,GGA
AF083768.1,347,349,453,455,3,AGG,GGA
AF083768.1,347,349,361,363,3,AGG,GGA
AF083768.1,221,223,364,366,3,AGG,GGA
AF083768.1,179,181,364,366,3,AGG,GGA
AF083768.1,110,112,364,366,3,AGG,GGA
AF083768.1,347,349,364,366,3,AGG,GGA
AF083768.1,56,58,93,95,3,AGG,GGA
AF083768.1,162,168,214,220,7,AGTGGTG,GTGGTGA
AF083768.1,327,329,502,504,3,AGT,TGA
AF083768.1,327,329,550,552,3,AGT,TGA
AF083768.1,162,164,502,504,3,AGT,TGA
AF083768.1,162,164,550,552,3,AGT,TGA
AF083768.1,162,164,302,304,3,AGT,TGA
AF083768.1,162,164,305,307,3,AGT,TGA
AF083768.1,327,329,372,374,3,AGT,TGA
AF083768.1,162,164,372,374,3,AGT,TGA
AF083768.1,162,164,188,190,3,AGT,TGA
AF083768.1,356,358,547,549,3,AGT,TGA
AF083768.1,327,329,547,549,3,AGT,TGA
AF083768.1,162,164,547,549,3,AGT,TGA
AF083768.1,327,329,528,530,3,AGT,TGA
AF083768.1,162,164,528,530,3,AGT,TGA
AF083768.1,401,408,401,408,8,ATTAATTA,ATTAATTA
AF083768.1,398,404,398,404,7,ATTATTA,ATTATTA
AF083768.1,90,96,440,446,7,ATTGGAG,GAGGTTA
AF083768.1,197,202,292,297,6,CAAAGA,AGAAAC
AF083768.1,137,141,455,459,5,CAAGA,AGAAC
AF083768.1,119,123,455,459,5,CAAGA,AGAAC
AF083768.1,281,285,455,459,5,CAAGA,AGAAC
AF083768.1,191,195,455,459,5,CAAGA,AGAAC
AF083768.1,203,207,455,459,5,CAAGA,AGAAC
AF083768.1,68,72,455,459,5,CAAGA,AGAAC
AF083768.1,117,122,132,137,6,CACAAG,GAACAC
AF083768.1,135,139,142,146,5,CACAA,AACAC
AF083768.1,332,338,332,338,7,CAGCGAC,CAGCGAC
AF083768.1,314,316,458,460,3,CCA,ACC
AF083768.1,86,88,458,460,3,CCA,ACC
AF083768.1,209,211,458,460,3,CCA,ACC
AF083768.1,233,235,249,251,3,CGA,AGC
AF083768.1,152,154,249,251,3,CGA,AGC
AF083768.1,152,154,228,230,3,CGA,AGC
AF083768.1,152,154,339,341,3,CGA,AGC
AF083768.1,152,154,333,335,3,CGA,AGC
AF083768.1,80,82,368,370,3,CGC,CGC
AF083768.1,236,238,394,396,3,CGG,GGC
AF083768.1,460,462,474,476,3,CGT,TGC
AF083768.1,146,148,511,513,3,CGT,TGC
AF083768.1,460,462,511,513,3,CGT,TGC
AF083768.1,84,86,84,86,3,CTC,CTC
AF083768.1,513,515,513,515,3,CTC,CTC
AF083768.1,370,372,486,488,3,CTT,TTC
AF083768.1,476,478,486,488,3,CTT,TTC
AF083768.1,370,372,493,495,3,CTT,TTC
AF083768.1,476,478,493,495,3,CTT,TTC
AF083768.1,37,41,246,250,5,GAAAA,AAAAG
AF083768.1,37,41,225,229,5,GAAAA,AAAAG
AF083768.1,140,143,247,250,4,GAAA,AAAG
AF083768.1,140,143,226,229,4,GAAA,AAAG
AF083768.1,31,34,247,250,4,GAAA,AAAG
AF083768.1,31,34,226,229,4,GAAA,AAAG
AF083768.1,44,47,247,250,4,GAAA,AAAG
AF083768.1,44,47,226,229,4,GAAA,AAAG
AF083768.1,132,140,132,140,9,GAACACAAG,GAACACAAG
AF083768.1,132,137,156,161,6,GAACAC,CACAAG
AF083768.1,132,136,202,206,5,GAACA,ACAAG
AF083768.1,132,136,280,284,5,GAACA,ACAAG
AF083768.1,132,136,190,194,5,GAACA,ACAAG
AF083768.1,272,278,272,278,7,GAAGAAG,GAAGAAG
AF083768.1,263,268,282,287,6,GAAGAA,AAGAAG
AF083768.1,272,277,282,287,6,GAAGAA,AAGAAG
AF083768.1,263,268,273,278,6,GAAGAA,AAGAAG
AF083768.1,126,134,285,293,9,GAAGAGGAA,AAGGAGAAG
AF083768.1,126,130,271,275,5,GAAGA,AGAAG
AF083768.1,284,290,351,357,7,GAAGGAG,GAGGAAG
AF083768.1,122,127,352,357,6,GAAGGA,AGGAAG
AF083768.1,275,280,352,357,6,GAAGGA,AGGAAG
AF083768.1,177,181,353,357,5,GAAGG,GGAAG
AF083768.1,108,112,125,129,5,GAAGG,GGAAG
AF083768.1,108,112,353,357,5,GAAGG,GGAAG
AF083768.1,240,244,353,357,5,GAAGG,GGAAG
AF083768.1,126,129,126,129,4,GAAG,GAAG
AF083768.1,122,125,177,180,4,GAAG,GAAG
AF083768.1,122,125,122,125,4,GAAG,GAAG
AF083768.1,122,125,284,287,4,GAAG,GAAG
AF083768.1,122,125,275,278,4,GAAG,GAAG
AF083768.1,122,125,240,243,4,GAAG,GAAG
AF083768.1,275,278,284,287,4,GAAG,GAAG
AF083768.1,275,278,275,278,4,GAAG,GAAG
AF083768.1,284,287,284,287,4,GAAG,GAAG
AF083768.1,240,243,284,287,4,GAAG,GAAG
AF083768.1,240,243,275,278,4,GAAG,GAAG
AF083768.1,240,243,240,243,4,GAAG,GAAG
AF083768.1,177,180,177,180,4,GAAG,GAAG
AF083768.1,177,180,284,287,4,GAAG,GAAG
AF083768.1,177,180,275,278,4,GAAG,GAAG
AF083768.1,177,180,240,243,4,GAAG,GAAG
AF083768.1,108,111,272,275,4,GAAG,GAAG
AF083768.1,108,111,290,293,4,GAAG,GAAG
AF083768.1,108,111,263,266,4,GAAG,GAAG
AF083768.1,263,266,354,357,4,GAAG,GAAG
AF083768.1,290,293,354,357,4,GAAG,GAAG
AF083768.1,272,275,354,357,4,GAAG,GAAG
AF083768.1,219,222,272,275,4,GAAG,GAAG
AF083768.1,219,222,290,293,4,GAAG,GAAG
AF083768.1,219,222,263,266,4,GAAG,GAAG
AF083768.1,126,129,354,357,4,GAAG,GAAG
AF083768.1,219,222,284,287,4,GAAG,GAAG
AF083768.1,219,222,275,278,4,GAAG,GAAG
AF083768.1,219,222,240,243,4,GAAG,GAAG
AF083768.1,122,125,219,222,4,GAAG,GAAG
AF083768.1,177,180,219,222,4,GAAG,GAAG
AF083768.1,354,357,354,357,4,GAAG,GAAG
AF083768.1,219,222,219,222,4,GAAG,GAAG
AF083768.1,37,39,105,107,3,GAA,AAG
AF083768.1,31,33,105,107,3,GAA,AAG
AF083768.1,44,46,105,107,3,GAA,AAG
AF083768.1,132,134,270,272,3,GAA,AAG
AF083768.1,132,134,175,177,3,GAA,AAG
AF083768.1,132,134,199,201,3,GAA,AAG
AF083768.1,132,134,447,449,3,GAA,AAG
AF083768.1,132,134,248,250,3,GAA,AAG
AF083768.1,132,134,227,229,3,GAA,AAG
AF083768.1,122,124,248,250,3,GAA,AAG
AF083768.1,122,124,227,229,3,GAA,AAG
AF083768.1,240,242,248,250,3,GAA,AAG
AF083768.1,177,179,248,250,3,GAA,AAG
AF083768.1,177,179,227,229,3,GAA,AAG
AF083768.1,132,134,273,275,3,GAA,AAG
AF083768.1,132,134,291,293,3,GAA,AAG
AF083768.1,132,134,264,266,3,GAA,AAG
AF083768.1,37,39,178,180,3,GAA,AAG
AF083768.1,140,142,178,180,3,GAA,AAG
AF083768.1,31,33,178,180,3,GAA,AAG
AF083768.1,44,46,178,180,3,GAA,AAG
AF083768.1,37,39,123,125,3,GAA,AAG
AF083768.1,31,33,123,125,3,GAA,AAG
AF083768.1,44,46,123,125,3,GAA,AAG
AF083768.1,37,39,285,287,3,GAA,AAG
AF083768.1,266,268,285,287,3,GAA,AAG
AF083768.1,140,142,285,287,3,GAA,AAG
AF083768.1,31,33,285,287,3,GAA,AAG
AF083768.1,44,46,285,287,3,GAA,AAG
AF083768.1,37,39,276,278,3,GAA,AAG
AF083768.1,266,268,276,278,3,GAA,AAG
AF083768.1,140,142,276,278,3,GAA,AAG
AF083768.1,31,33,276,278,3,GAA,AAG
AF083768.1,44,46,276,278,3,GAA,AAG
AF083768.1,126,128,138,140,3,GAA,AAG
AF083768.1,126,128,159,161,3,GAA,AAG
AF083768.1,126,128,204,206,3,GAA,AAG
AF083768.1,126,128,282,284,3,GAA,AAG
AF083768.1,126,128,192,194,3,GAA,AAG
AF083768.1,126,128,270,272,3,GAA,AAG
AF083768.1,126,128,175,177,3,GAA,AAG
AF083768.1,126,128,199,201,3,GAA,AAG
AF083768.1,126,128,447,449,3,GAA,AAG
AF083768.1,37,39,241,243,3,GAA,AAG
AF083768.1,140,142,241,243,3,GAA,AAG
AF083768.1,31,33,241,243,3,GAA,AAG
AF083768.1,44,46,241,243,3,GAA,AAG
AF083768.1,37,39,109,111,3,GAA,AAG
AF083768.1,31,33,109,111,3,GAA,AAG
AF083768.1,44,46,109,111,3,GAA,AAG
AF083768.1,108,110,138,140,3,GAA,AAG
AF083768.1,108,110,159,161,3,GAA,AAG
AF083768.1,108,110,120,122,3,GAA,AAG
AF083768.1,108,110,204,206,3,GAA,AAG
AF083768.1,108,110,282,284,3,GAA,AAG
AF083768.1,108,110,192,194,3,GAA,AAG
AF083768.1,108,110,270,272,3,GAA,AAG
AF083768.1,108,110,175,177,3,GAA,AAG
AF083768.1,108,110,199,201,3,GAA,AAG
AF083768.1,108,110,447,449,3,GAA,AAG
AF083768.1,354,356,447,449,3,GAA,AAG
AF083768.1,37,39,220,222,3,GAA,AAG
AF083768.1,140,142,220,222,3,GAA,AAG
AF083768.1,31,33,220,222,3,GAA,AAG
AF083768.1,44,46,220,222,3,GAA,AAG
AF083768.1,126,128,248,250,3,GAA,AAG
AF083768.1,126,128,227,229,3,GAA,AAG
AF083768.1,108,110,248,250,3,GAA,AAG
AF083768.1,108,110,227,229,3,GAA,AAG
AF083768.1,37,39,355,357,3,GAA,AAG
AF083768.1,266,268,355,357,3,GAA,AAG
AF083768.1,140,142,355,357,3,GAA,AAG
AF083768.1,293,295,355,357,3,GAA,AAG
AF083768.1,31,33,355,357,3,GAA,AAG
AF083768.1,44,46,355,357,3,GAA,AAG
AF083768.1,219,221,282,284,3,GAA,AAG
AF083768.1,219,221,270,272,3,GAA,AAG
AF083768.1,219,221,447,449,3,GAA,AAG
AF083768.1,219,221,248,250,3,GAA,AAG
AF083768.1,219,221,227,229,3,GAA,AAG
AF083768.1,132,134,355,357,3,GAA,AAG
AF083768.1,263,265,346,348,3,GAA,AAG
AF083768.1,290,292,346,348,3,GAA,AAG
AF083768.1,272,274,346,348,3,GAA,AAG
AF083768.1,122,124,346,348,3,GAA,AAG
AF083768.1,275,277,346,348,3,GAA,AAG
AF083768.1,284,286,346,348,3,GAA,AAG
AF083768.1,240,242,346,348,3,GAA,AAG
AF083768.1,177,179,346,348,3,GAA,AAG
AF083768.1,37,39,346,348,3,GAA,AAG
AF083768.1,266,268,346,348,3,GAA,AAG
AF083768.1,140,142,346,348,3,GAA,AAG
AF083768.1,293,295,346,348,3,GAA,AAG
AF083768.1,31,33,346,348,3,GAA,AAG
AF083768.1,44,46,346,348,3,GAA,AAG
AF083768.1,219,221,346,348,3,GAA,AAG
AF083768.1,373,375,447,449,3,GAA,AAG
AF083768.1,35,39,159,163,5,GAGAA,AAGAG
AF083768.1,35,39,127,131,5,GAGAA,AAGAG
AF083768.1,436,442,436,442,7,GAGAGAG,GAGAGAG
AF083768.1,288,291,437,440,4,GAGA,AGAG
AF083768.1,238,241,437,440,4,GAGA,AGAG
AF083768.1,13,16,128,131,4,GAGA,AGAG
AF083768.1,261,264,437,440,4,GAGA,AGAG
AF083768.1,13,16,160,163,4,GAGA,AGAG
AF083768.1,35,38,439,442,4,GAGA,AGAG
AF083768.1,261,264,439,442,4,GAGA,AGAG
AF083768.1,288,291,435,438,4,GAGA,AGAG
AF083768.1,238,241,435,438,4,GAGA,AGAG
AF083768.1,15,18,439,442,4,GAGA,AGAG
AF083768.1,15,18,128,131,4,GAGA,AGAG
AF083768.1,261,264,435,438,4,GAGA,AGAG
AF083768.1,15,18,160,163,4,GAGA,AGAG
AF083768.1,76,79,435,438,4,GAGA,AGAG
AF083768.1,76,79,437,440,4,GAGA,AGAG
AF083768.1,76,79,160,163,4,GAGA,AGAG
AF083768.1,94,98,286,290,5,GAGGA,AGGAG
AF083768.1,129,133,360,364,5,GAGGA,AGGAG
AF083768.1,351,355,360,364,5,GAGGA,AGGAG
AF083768.1,362,366,452,456,5,GAGGA,AGGAG
AF083768.1,94,98,452,456,5,GAGGA,AGGAG
AF083768.1,359,363,452,456,5,GAGGA,AGGAG
AF083768.1,351,355,452,456,5,GAGGA,AGGAG
AF083768.1,94,97,237,240,4,GAGG,GGAG
AF083768.1,97,100,287,290,4,GAGG,GGAG
AF083768.1,97,100,453,456,4,GAGG,GGAG
AF083768.1,161,170,161,170,10,GAGTGGTGAG,GAGTGGTGAG
AF083768.1,161,166,348,353,6,GAGTGG,GGTGAG
AF083768.1,153,155,438,440,3,GAG,GAG
AF083768.1,153,155,436,438,3,GAG,GAG
AF083768.1,35,37,153,155,3,GAG,GAG
AF083768.1,13,15,153,155,3,GAG,GAG
AF083768.1,15,17,153,155,3,GAG,GAG
AF083768.1,153,155,440,442,3,GAG,GAG
AF083768.1,76,78,153,155,3,GAG,GAG
AF083768.1,153,155,161,163,3,GAG,GAG
AF083768.1,168,170,438,440,3,GAG,GAG
AF083768.1,168,170,436,438,3,GAG,GAG
AF083768.1,114,116,438,440,3,GAG,GAG
AF083768.1,114,116,436,438,3,GAG,GAG
AF083768.1,168,170,440,442,3,GAG,GAG
AF083768.1,114,116,129,131,3,GAG,GAG
AF083768.1,114,116,440,442,3,GAG,GAG
AF083768.1,129,131,153,155,3,GAG,GAG
AF083768.1,153,155,288,290,3,GAG,GAG
AF083768.1,153,155,454,456,3,GAG,GAG
AF083768.1,153,155,238,240,3,GAG,GAG
AF083768.1,129,131,129,131,3,GAG,GAG
AF083768.1,129,131,440,442,3,GAG,GAG
AF083768.1,288,290,288,290,3,GAG,GAG
AF083768.1,238,240,288,290,3,GAG,GAG
AF083768.1,76,78,288,290,3,GAG,GAG
AF083768.1,454,456,454,456,3,GAG,GAG
AF083768.1,288,290,454,456,3,GAG,GAG
AF083768.1,238,240,454,456,3,GAG,GAG
AF083768.1,76,78,454,456,3,GAG,GAG
AF083768.1,238,240,238,240,3,GAG,GAG
AF083768.1,76,78,238,240,3,GAG,GAG
AF083768.1,76,78,76,78,3,GAG,GAG
AF083768.1,440,442,440,442,3,GAG,GAG
AF083768.1,129,131,161,163,3,GAG,GAG
AF083768.1,168,170,288,290,3,GAG,GAG
AF083768.1,114,116,288,290,3,GAG,GAG
AF083768.1,261,263,288,290,3,GAG,GAG
AF083768.1,168,170,454,456,3,GAG,GAG
AF083768.1,114,116,454,456,3,GAG,GAG
AF083768.1,261,263,454,456,3,GAG,GAG
AF083768.1,168,170,238,240,3,GAG,GAG
AF083768.1,114,116,238,240,3,GAG,GAG
AF083768.1,94,96,438,440,3,GAG,GAG
AF083768.1,94,96,436,438,3,GAG,GAG
AF083768.1,35,37,97,99,3,GAG,GAG
AF083768.1,13,15,97,99,3,GAG,GAG
AF083768.1,15,17,97,99,3,GAG,GAG
AF083768.1,35,37,362,364,3,GAG,GAG
AF083768.1,13,15,362,364,3,GAG,GAG
AF083768.1,15,17,362,364,3,GAG,GAG
AF083768.1,362,364,438,440,3,GAG,GAG
AF083768.1,362,364,436,438,3,GAG,GAG
AF083768.1,97,99,438,440,3,GAG,GAG
AF083768.1,97,99,436,438,3,GAG,GAG
AF083768.1,35,37,94,96,3,GAG,GAG
AF083768.1,13,15,94,96,3,GAG,GAG
AF083768.1,15,17,94,96,3,GAG,GAG
AF083768.1,94,96,153,155,3,GAG,GAG
AF083768.1,153,155,362,364,3,GAG,GAG
AF083768.1,97,99,153,155,3,GAG,GAG
AF083768.1,94,96,161,163,3,GAG,GAG
AF083768.1,168,170,362,364,3,GAG,GAG
AF083768.1,114,116,362,364,3,GAG,GAG
AF083768.1,261,263,362,364,3,GAG,GAG
AF083768.1,97,99,161,163,3,GAG,GAG
AF083768.1,351,353,438,440,3,GAG,GAG
AF083768.1,351,353,436,438,3,GAG,GAG
AF083768.1,359,361,438,440,3,GAG,GAG
AF083768.1,359,361,436,438,3,GAG,GAG
AF083768.1,351,353,440,442,3,GAG,GAG
AF083768.1,359,361,440,442,3,GAG,GAG
AF083768.1,153,155,261,263,3,GAG,GAG
AF083768.1,94,96,261,263,3,GAG,GAG
AF083768.1,97,99,261,263,3,GAG,GAG
AF083768.1,238,240,261,263,3,GAG,GAG
AF083768.1,76,78,261,263,3,GAG,GAG
AF083768.1,161,163,362,364,3,GAG,GAG
AF083768.1,161,163,440,442,3,GAG,GAG
AF083768.1,168,170,261,263,3,GAG,GAG
AF083768.1,114,116,261,263,3,GAG,GAG
AF083768.1,261,263,261,263,3,GAG,GAG
AF083768.1,161,163,161,163,3,GAG,GAG
AF083768.1,35,37,114,116,3,GAG,GAG
AF083768.1,13,15,114,116,3,GAG,GAG
AF083768.1,15,17,114,116,3,GAG,GAG
AF083768.1,129,131,168,170,3,GAG,GAG
AF083768.1,35,37,168,170,3,GAG,GAG
AF083768.1,13,15,168,170,3,GAG,GAG
AF083768.1,15,17,168,170,3,GAG,GAG
AF083768.1,94,96,114,116,3,GAG,GAG
AF083768.1,97,99,114,116,3,GAG,GAG
AF083768.1,76,78,114,116,3,GAG,GAG
AF083768.1,94,96,168,170,3,GAG,GAG
AF083768.1,97,99,168,170,3,GAG,GAG
AF083768.1,76,78,168,170,3,GAG,GAG
AF083768.1,114,116,114,116,3,GAG,GAG
AF083768.1,168,170,168,170,3,GAG,GAG
AF083768.1,114,116,168,170,3,GAG,GAG
AF083768.1,129,131,359,361,3,GAG,GAG
AF083768.1,35,37,359,361,3,GAG,GAG
AF083768.1,13,15,359,361,3,GAG,GAG
AF083768.1,15,17,359,361,3,GAG,GAG
AF083768.1,129,131,351,353,3,GAG,GAG
AF083768.1,35,37,351,353,3,GAG,GAG
AF083768.1,13,15,351,353,3,GAG,GAG
AF083768.1,15,17,351,353,3,GAG,GAG
AF083768.1,153,155,359,361,3,GAG,GAG
AF083768.1,153,155,351,353,3,GAG,GAG
AF083768.1,351,353,359,361,3,GAG,GAG
AF083768.1,359,361,359,361,3,GAG,GAG
AF083768.1,168,170,359,361,3,GAG,GAG
AF083768.1,114,116,359,361,3,GAG,GAG
AF083768.1,261,263,359,361,3,GAG,GAG
AF083768.1,351,353,351,353,3,GAG,GAG
AF083768.1,168,170,351,353,3,GAG,GAG
AF083768.1,114,116,351,353,3,GAG,GAG
AF083768.1,261,263,351,353,3,GAG,GAG
AF083768.1,365,367,434,436,3,GAT,TAG
AF083768.1,303,305,434,436,3,GAT,TAG
AF083768.1,306,308,434,436,3,GAT,TAG
AF083768.1,116,121,142,147,6,GCACAA,AACACG
AF083768.1,244,246,253,255,3,GCA,ACG
AF083768.1,100,102,253,255,3,GCA,ACG
AF083768.1,100,102,232,234,3,GCA,ACG
AF083768.1,100,102,145,147,3,GCA,ACG
AF083768.1,81,83,151,153,3,GCA,ACG
AF083768.1,100,102,151,153,3,GCA,ACG
AF083768.1,170,172,256,258,3,GCA,ACG
AF083768.1,116,118,256,258,3,GCA,ACG
AF083768.1,155,157,256,258,3,GCA,ACG
AF083768.1,170,172,235,237,3,GCA,ACG
AF083768.1,116,118,235,237,3,GCA,ACG
AF083768.1,155,157,235,237,3,GCA,ACG
AF083768.1,54,56,253,255,3,GCA,ACG
AF083768.1,54,56,232,234,3,GCA,ACG
AF083768.1,81,83,256,258,3,GCA,ACG
AF083768.1,81,83,235,237,3,GCA,ACG
AF083768.1,54,56,145,147,3,GCA,ACG
AF083768.1,125,132,237,244,8,GGAAGAGG,GGAGAAGG
AF083768.1,107,111,240,244,5,GGAAG,GAAGG
AF083768.1,107,111,177,181,5,GGAAG,GAAGG
AF083768.1,107,111,219,223,5,GGAAG,GAAGG
AF083768.1,125,129,219,223,5,GGAAG,GAAGG
AF083768.1,93,100,93,100,8,GGAGGAGG,GGAGGAGG
AF083768.1,93,99,359,365,7,GGAGGAG,GAGGAGG
AF083768.1,237,240,362,365,4,GGAG,GAGG
AF083768.1,75,78,362,365,4,GGAG,GAGG
AF083768.1,75,78,94,97,4,GGAG,GAGG
AF083768.1,361,364,440,443,4,GGAG,GAGG
AF083768.1,96,99,440,443,4,GGAG,GAGG
AF083768.1,93,96,129,132,4,GGAG,GAGG
AF083768.1,237,240,359,362,4,GGAG,GAGG
AF083768.1,75,78,359,362,4,GGAG,GAGG
AF083768.1,237,240,351,354,4,GGAG,GAGG
AF083768.1,75,78,351,354,4,GGAG,GAGG
AF083768.1,93,96,359,362,4,GGAG,GAGG
AF083768.1,93,96,351,354,4,GGAG,GAGG
AF083768.1,57,59,242,244,3,GGA,AGG
AF083768.1,278,280,347,349,3,GGA,AGG
AF083768.1,57,59,179,181,3,GGA,AGG
AF083768.1,57,59,110,112,3,GGA,AGG
AF083768.1,57,59,221,223,3,GGA,AGG
AF083768.1,57,59,347,349,3,GGA,AGG
AF083768.1,96,98,242,244,3,GGA,AGG
AF083768.1,287,289,347,349,3,GGA,AGG
AF083768.1,96,98,179,181,3,GGA,AGG
AF083768.1,96,98,110,112,3,GGA,AGG
AF083768.1,96,98,221,223,3,GGA,AGG
AF083768.1,96,98,347,349,3,GGA,AGG
AF083768.1,237,239,452,454,3,GGA,AGG
AF083768.1,237,239,286,288,3,GGA,AGG
AF083768.1,237,239,277,279,3,GGA,AGG
AF083768.1,75,77,452,454,3,GGA,AGG
AF083768.1,75,77,106,108,3,GGA,AGG
AF083768.1,75,77,124,126,3,GGA,AGG
AF083768.1,75,77,286,288,3,GGA,AGG
AF083768.1,75,77,277,279,3,GGA,AGG
AF083768.1,57,59,98,100,3,GGA,AGG
AF083768.1,237,239,347,349,3,GGA,AGG
AF083768.1,75,77,179,181,3,GGA,AGG
AF083768.1,75,77,110,112,3,GGA,AGG
AF083768.1,75,77,221,223,3,GGA,AGG
AF083768.1,75,77,347,349,3,GGA,AGG
AF083768.1,278,280,441,443,3,GGA,AGG
AF083768.1,57,59,441,443,3,GGA,AGG
AF083768.1,131,133,441,443,3,GGA,AGG
AF083768.1,125,127,441,443,3,GGA,AGG
AF083768.1,107,109,441,443,3,GGA,AGG
AF083768.1,353,355,441,443,3,GGA,AGG
AF083768.1,93,95,452,454,3,GGA,AGG
AF083768.1,93,95,106,108,3,GGA,AGG
AF083768.1,93,95,124,126,3,GGA,AGG
AF083768.1,93,95,286,288,3,GGA,AGG
AF083768.1,93,95,277,279,3,GGA,AGG
AF083768.1,93,95,242,244,3,GGA,AGG
AF083768.1,364,366,441,443,3,GGA,AGG
AF083768.1,53,55,74,76,3,GGC,CGG
AF083768.1,111,116,161,166,6,GGTGAG,GAGTGG
AF083768.1,222,224,393,395,3,GGT,TGG
AF083768.1,180,182,393,395,3,GGT,TGG
AF083768.1,222,224,387,389,3,GGT,TGG
AF083768.1,180,182,387,389,3,GGT,TGG
AF083768.1,111,113,393,395,3,GGT,TGG
AF083768.1,348,350,393,395,3,GGT,TGG
AF083768.1,111,113,387,389,3,GGT,TGG
AF083768.1,111,113,308,310,3,GGT,TGG
AF083768.1,348,350,387,389,3,GGT,TGG
AF083768.1,258,260,387,389,3,GGT,TGG
AF083768.1,258,260,308,310,3,GGT,TGG
AF083768.1,213,215,387,389,3,GGT,TGG
AF083768.1,213,215,308,310,3,GGT,TGG
AF083768.1,180,182,215,217,3,GGT,TGG
AF083768.1,216,218,393,395,3,GGT,TGG
AF083768.1,165,167,393,395,3,GGT,TGG
AF083768.1,388,390,393,395,3,GGT,TGG
AF083768.1,181,188,477,484,8,GTATTGTT,TTGTTATG
AF083768.1,217,223,353,359,7,GTGAAGG,GGAAGTG
AF083768.1,8,13,503,508,6,TAAAAG,GAAAAT
AF083768.1,224,229,503,508,6,TAAAAG,GAAAAT
AF083768.1,539,545,539,545,7,TAATAAT,TAATAAT
AF083768.1,403,410,403,410,8,TAATTAAT,TAATTAAT
AF083768.1,24,26,429,431,3,TAC,CAT
AF083768.1,24,26,62,64,3,TAC,CAT
AF083768.1,24,26,300,302,3,TAC,CAT
AF083768.1,24,26,515,517,3,TAC,CAT
AF083768.1,24,26,500,502,3,TAC,CAT
AF083768.1,24,26,464,466,3,TAC,CAT
AF083768.1,434,436,548,550,3,TAG,GAT
AF083768.1,73,75,369,371,3,TCG,GCT
AF083768.1,73,75,512,514,3,TCG,GCT
AF083768.1,367,369,512,514,3,TCG,GCT
AF083768.1,73,75,414,416,3,TCG,GCT
AF083768.1,367,369,414,416,3,TCG,GCT
AF083768.1,73,75,475,477,3,TCG,GCT
AF083768.1,367,369,475,477,3,TCG,GCT
AF083768.1,466,472,466,472,7,TCTATCT,TCTATCT
AF083768.1,188,190,356,358,3,TGA,AGT
AF083768.1,149,151,356,358,3,TGA,AGT
AF083768.1,149,151,162,164,3,TGA,AGT
AF083768.1,302,304,327,329,3,TGA,AGT
AF083768.1,302,304,356,358,3,TGA,AGT
AF083768.1,305,307,327,329,3,TGA,AGT
AF083768.1,305,307,356,358,3,TGA,AGT
AF083768.1,413,415,460,462,3,TGC,CGT
AF083768.1,52,54,111,113,3,TGG,GGT
AF083768.1,52,54,348,350,3,TGG,GGT
AF083768.1,52,54,442,444,3,TGG,GGT
AF083768.1,393,395,442,444,3,TGG,GGT
AF083768.1,92,94,213,215,3,TGG,GGT
AF083768.1,92,94,258,260,3,TGG,GGT
AF083768.1,308,310,348,350,3,TGG,GGT
AF083768.1,308,310,442,444,3,TGG,GGT
AF083768.1,52,54,309,311,3,TGG,GGT
AF083768.1,92,94,309,311,3,TGG,GGT
AF083768.1,387,389,442,444,3,TGG,GGT
AF083768.1,215,217,222,224,3,TGG,GGT
AF083768.1,52,54,165,167,3,TGG,GGT
AF083768.1,164,166,180,182,3,TGG,GGT
AF083768.1,164,166,222,224,3,TGG,GGT
AF083768.1,52,54,216,218,3,TGG,GGT
AF083768.1,215,217,442,444,3,TGG,GGT
AF083768.1,92,94,165,167,3,TGG,GGT
AF083768.1,164,166,442,444,3,TGG,GGT
AF083768.1,92,94,216,218,3,TGG,GGT
AF083768.1,52,54,388,390,3,TGG,GGT
AF083768.1,416,422,416,422,7,TGTATGT,TGTATGT
AF083768.1,420,426,493,499,7,TGTTCTT,TTCTTGT
AF083768.1,19,25,541,547,7,TTTAATA,ATAATTT

Total for length 3 is 1305.
Total for length 4 is 423.
Total for length 5 is 152.
Total for length 6 is 52.
Total for length 7 is 36.
Total for length 8 is 13.
Total for length 9 is 7.
Total for length 10 is 6.
Total for length 11 is 2.
Total for length 12 is 2.
Total for length 13 is 2.
Total for length 14 is 2.
Total for length 15 is 2.

