Input file is sequence3.fasta.
Minimal fragment length is 3.
Working with probability estimation.
P value is : 0.050000.
Printing all instances.
Looking for direct non-complementary repeats.
AF083768.1 Alphabet size is 4.
Input sequence has 0 letters that are not in expected alphabet.
AF083768.1,552,565,553,566,14,AAAAAAAAAAAAAA,AAAAAAAAAAAAAA
AF083768.1,552,564,554,566,13,AAAAAAAAAAAAA,AAAAAAAAAAAAA
AF083768.1,552,563,555,566,12,AAAAAAAAAAAA,AAAAAAAAAAAA
AF083768.1,552,562,556,566,11,AAAAAAAAAAA,AAAAAAAAAAA
AF083768.1,552,561,557,566,10,AAAAAAAAAA,AAAAAAAAAA
AF083768.1,552,560,558,566,9,AAAAAAAAA,AAAAAAAAA
AF083768.1,552,559,559,566,8,AAAAAAAA,AAAAAAAA
AF083768.1,552,558,560,566,7,AAAAAAA,AAAAAAA
AF083768.1,38,43,561,566,6,AAAAAA,AAAAAA
AF083768.1,552,557,561,566,6,AAAAAA,AAAAAA
AF083768.1,38,43,560,565,6,AAAAAA,AAAAAA
AF083768.1,38,43,559,564,6,AAAAAA,AAAAAA
AF083768.1,38,43,558,563,6,AAAAAA,AAAAAA
AF083768.1,38,43,557,562,6,AAAAAA,AAAAAA
AF083768.1,38,43,556,561,6,AAAAAA,AAAAAA
AF083768.1,38,43,555,560,6,AAAAAA,AAAAAA
AF083768.1,38,43,554,559,6,AAAAAA,AAAAAA
AF083768.1,38,43,553,558,6,AAAAAA,AAAAAA
AF083768.1,39,46,267,274,8,AAAAAGAA,AAAAAGAA
AF083768.1,39,43,552,556,5,AAAAA,AAAAA
AF083768.1,38,42,39,43,5,AAAAA,AAAAA
AF083768.1,267,271,561,565,5,AAAAA,AAAAA
AF083768.1,267,271,560,564,5,AAAAA,AAAAA
AF083768.1,267,271,559,563,5,AAAAA,AAAAA
AF083768.1,267,271,558,562,5,AAAAA,AAAAA
AF083768.1,267,271,557,561,5,AAAAA,AAAAA
AF083768.1,267,271,556,560,5,AAAAA,AAAAA
AF083768.1,267,271,555,559,5,AAAAA,AAAAA
AF083768.1,267,271,554,558,5,AAAAA,AAAAA
AF083768.1,267,271,553,557,5,AAAAA,AAAAA
AF083768.1,534,538,562,566,5,AAAAA,AAAAA
AF083768.1,267,271,562,566,5,AAAAA,AAAAA
AF083768.1,552,556,562,566,5,AAAAA,AAAAA
AF083768.1,38,42,562,566,5,AAAAA,AAAAA
AF083768.1,39,43,534,538,5,AAAAA,AAAAA
AF083768.1,534,538,561,565,5,AAAAA,AAAAA
AF083768.1,534,538,560,564,5,AAAAA,AAAAA
AF083768.1,534,538,559,563,5,AAAAA,AAAAA
AF083768.1,534,538,558,562,5,AAAAA,AAAAA
AF083768.1,534,538,557,561,5,AAAAA,AAAAA
AF083768.1,534,538,556,560,5,AAAAA,AAAAA
AF083768.1,534,538,555,559,5,AAAAA,AAAAA
AF083768.1,534,538,554,558,5,AAAAA,AAAAA
AF083768.1,534,538,553,557,5,AAAAA,AAAAA
AF083768.1,267,271,534,538,5,AAAAA,AAAAA
AF083768.1,534,538,552,556,5,AAAAA,AAAAA
AF083768.1,38,42,534,538,5,AAAAA,AAAAA
AF083768.1,27,36,40,49,10,AAAAGAAAGA,AAAAGAAAGA
AF083768.1,27,33,268,274,7,AAAAGAA,AAAAGAA
AF083768.1,9,14,40,45,6,AAAAGA,AAAAGA
AF083768.1,9,14,268,273,6,AAAAGA,AAAAGA
AF083768.1,9,14,27,32,6,AAAAGA,AAAAGA
AF083768.1,225,238,246,259,14,AAAAGCCACGACGG,AAAAGCCACGACGG
AF083768.1,40,44,246,250,5,AAAAG,AAAAG
AF083768.1,246,250,268,272,5,AAAAG,AAAAG
AF083768.1,9,13,246,250,5,AAAAG,AAAAG
AF083768.1,40,44,225,229,5,AAAAG,AAAAG
AF083768.1,225,229,268,272,5,AAAAG,AAAAG
AF083768.1,27,31,225,229,5,AAAAG,AAAAG
AF083768.1,40,43,534,537,4,AAAA,AAAA
AF083768.1,268,271,534,537,4,AAAA,AAAA
AF083768.1,40,43,552,555,4,AAAA,AAAA
AF083768.1,38,41,40,43,4,AAAA,AAAA
AF083768.1,40,43,267,270,4,AAAA,AAAA
AF083768.1,268,271,552,555,4,AAAA,AAAA
AF083768.1,38,41,268,271,4,AAAA,AAAA
AF083768.1,267,270,268,271,4,AAAA,AAAA
AF083768.1,27,30,562,565,4,AAAA,AAAA
AF083768.1,27,30,561,564,4,AAAA,AAAA
AF083768.1,27,30,560,563,4,AAAA,AAAA
AF083768.1,27,30,559,562,4,AAAA,AAAA
AF083768.1,27,30,558,561,4,AAAA,AAAA
AF083768.1,27,30,557,560,4,AAAA,AAAA
AF083768.1,27,30,556,559,4,AAAA,AAAA
AF083768.1,27,30,555,558,4,AAAA,AAAA
AF083768.1,27,30,554,557,4,AAAA,AAAA
AF083768.1,27,30,553,556,4,AAAA,AAAA
AF083768.1,27,30,39,42,4,AAAA,AAAA
AF083768.1,246,249,562,565,4,AAAA,AAAA
AF083768.1,246,249,561,564,4,AAAA,AAAA
AF083768.1,246,249,560,563,4,AAAA,AAAA
AF083768.1,246,249,559,562,4,AAAA,AAAA
AF083768.1,246,249,558,561,4,AAAA,AAAA
AF083768.1,246,249,557,560,4,AAAA,AAAA
AF083768.1,246,249,556,559,4,AAAA,AAAA
AF083768.1,246,249,555,558,4,AAAA,AAAA
AF083768.1,246,249,554,557,4,AAAA,AAAA
AF083768.1,246,249,553,556,4,AAAA,AAAA
AF083768.1,39,42,246,249,4,AAAA,AAAA
AF083768.1,27,30,552,555,4,AAAA,AAAA
AF083768.1,27,30,38,41,4,AAAA,AAAA
AF083768.1,27,30,267,270,4,AAAA,AAAA
AF083768.1,246,249,552,555,4,AAAA,AAAA
AF083768.1,38,41,246,249,4,AAAA,AAAA
AF083768.1,246,249,267,270,4,AAAA,AAAA
AF083768.1,9,12,562,565,4,AAAA,AAAA
AF083768.1,9,12,561,564,4,AAAA,AAAA
AF083768.1,9,12,560,563,4,AAAA,AAAA
AF083768.1,9,12,559,562,4,AAAA,AAAA
AF083768.1,9,12,558,561,4,AAAA,AAAA
AF083768.1,9,12,557,560,4,AAAA,AAAA
AF083768.1,9,12,556,559,4,AAAA,AAAA
AF083768.1,9,12,555,558,4,AAAA,AAAA
AF083768.1,9,12,554,557,4,AAAA,AAAA
AF083768.1,9,12,553,556,4,AAAA,AAAA
AF083768.1,9,12,39,42,4,AAAA,AAAA
AF083768.1,225,228,562,565,4,AAAA,AAAA
AF083768.1,225,228,561,564,4,AAAA,AAAA
AF083768.1,225,228,560,563,4,AAAA,AAAA
AF083768.1,225,228,559,562,4,AAAA,AAAA
AF083768.1,225,228,558,561,4,AAAA,AAAA
AF083768.1,225,228,557,560,4,AAAA,AAAA
AF083768.1,225,228,556,559,4,AAAA,AAAA
AF083768.1,225,228,555,558,4,AAAA,AAAA
AF083768.1,225,228,554,557,4,AAAA,AAAA
AF083768.1,225,228,553,556,4,AAAA,AAAA
AF083768.1,39,42,225,228,4,AAAA,AAAA
AF083768.1,9,12,534,537,4,AAAA,AAAA
AF083768.1,225,228,534,537,4,AAAA,AAAA
AF083768.1,9,12,552,555,4,AAAA,AAAA
AF083768.1,9,12,38,41,4,AAAA,AAAA
AF083768.1,9,12,267,270,4,AAAA,AAAA
AF083768.1,225,228,552,555,4,AAAA,AAAA
AF083768.1,38,41,225,228,4,AAAA,AAAA
AF083768.1,225,228,267,270,4,AAAA,AAAA
AF083768.1,27,30,535,538,4,AAAA,AAAA
AF083768.1,246,249,535,538,4,AAAA,AAAA
AF083768.1,534,537,535,538,4,AAAA,AAAA
AF083768.1,535,538,552,555,4,AAAA,AAAA
AF083768.1,38,41,535,538,4,AAAA,AAAA
AF083768.1,267,270,535,538,4,AAAA,AAAA
AF083768.1,9,12,535,538,4,AAAA,AAAA
AF083768.1,225,228,535,538,4,AAAA,AAAA
AF083768.1,40,43,504,507,4,AAAA,AAAA
AF083768.1,268,271,504,507,4,AAAA,AAAA
AF083768.1,504,507,562,565,4,AAAA,AAAA
AF083768.1,504,507,561,564,4,AAAA,AAAA
AF083768.1,504,507,560,563,4,AAAA,AAAA
AF083768.1,504,507,559,562,4,AAAA,AAAA
AF083768.1,504,507,558,561,4,AAAA,AAAA
AF083768.1,504,507,557,560,4,AAAA,AAAA
AF083768.1,504,507,556,559,4,AAAA,AAAA
AF083768.1,504,507,555,558,4,AAAA,AAAA
AF083768.1,504,507,554,557,4,AAAA,AAAA
AF083768.1,504,507,553,556,4,AAAA,AAAA
AF083768.1,39,42,504,507,4,AAAA,AAAA
AF083768.1,27,30,504,507,4,AAAA,AAAA
AF083768.1,246,249,504,507,4,AAAA,AAAA
AF083768.1,504,507,534,537,4,AAAA,AAAA
AF083768.1,9,12,504,507,4,AAAA,AAAA
AF083768.1,225,228,504,507,4,AAAA,AAAA
AF083768.1,377,380,563,566,4,AAAA,AAAA
AF083768.1,27,30,563,566,4,AAAA,AAAA
AF083768.1,246,249,563,566,4,AAAA,AAAA
AF083768.1,534,537,563,566,4,AAAA,AAAA
AF083768.1,504,507,563,566,4,AAAA,AAAA
AF083768.1,552,555,563,566,4,AAAA,AAAA
AF083768.1,38,41,563,566,4,AAAA,AAAA
AF083768.1,267,270,563,566,4,AAAA,AAAA
AF083768.1,9,12,563,566,4,AAAA,AAAA
AF083768.1,225,228,563,566,4,AAAA,AAAA
AF083768.1,377,380,535,538,4,AAAA,AAAA
AF083768.1,40,43,377,380,4,AAAA,AAAA
AF083768.1,268,271,377,380,4,AAAA,AAAA
AF083768.1,377,380,562,565,4,AAAA,AAAA
AF083768.1,377,380,561,564,4,AAAA,AAAA
AF083768.1,377,380,560,563,4,AAAA,AAAA
AF083768.1,377,380,559,562,4,AAAA,AAAA
AF083768.1,377,380,558,561,4,AAAA,AAAA
AF083768.1,377,380,557,560,4,AAAA,AAAA
AF083768.1,377,380,556,559,4,AAAA,AAAA
AF083768.1,377,380,555,558,4,AAAA,AAAA
AF083768.1,377,380,554,557,4,AAAA,AAAA
AF083768.1,377,380,553,556,4,AAAA,AAAA
AF083768.1,39,42,377,380,4,AAAA,AAAA
AF083768.1,27,30,377,380,4,AAAA,AAAA
AF083768.1,246,249,377,380,4,AAAA,AAAA
AF083768.1,377,380,534,537,4,AAAA,AAAA
AF083768.1,377,380,504,507,4,AAAA,AAAA
AF083768.1,377,380,552,555,4,AAAA,AAAA
AF083768.1,38,41,377,380,4,AAAA,AAAA
AF083768.1,267,270,377,380,4,AAAA,AAAA
AF083768.1,294,298,378,382,5,AAACA,AAACA
AF083768.1,1,5,378,382,5,AAACA,AAACA
AF083768.1,141,145,378,382,5,AAACA,AAACA
AF083768.1,1,5,294,298,5,AAACA,AAACA
AF083768.1,174,180,269,275,7,AAAGAAG,AAAGAAG
AF083768.1,28,33,174,179,6,AAAGAA,AAAGAA
AF083768.1,41,46,174,179,6,AAAGAA,AAAGAA
AF083768.1,198,204,446,452,7,AAAGACA,AAAGACA
AF083768.1,10,16,32,38,7,AAAGAGA,AAAGAGA
AF083768.1,28,32,198,202,5,AAAGA,AAAGA
AF083768.1,41,45,198,202,5,AAAGA,AAAGA
AF083768.1,198,202,269,273,5,AAAGA,AAAGA
AF083768.1,28,32,446,450,5,AAAGA,AAAGA
AF083768.1,41,45,446,450,5,AAAGA,AAAGA
AF083768.1,269,273,446,450,5,AAAGA,AAAGA
AF083768.1,174,178,446,450,5,AAAGA,AAAGA
AF083768.1,10,14,198,202,5,AAAGA,AAAGA
AF083768.1,10,14,174,178,5,AAAGA,AAAGA
AF083768.1,10,14,446,450,5,AAAGA,AAAGA
AF083768.1,28,32,32,36,5,AAAGA,AAAGA
AF083768.1,32,36,41,45,5,AAAGA,AAAGA
AF083768.1,32,36,269,273,5,AAAGA,AAAGA
AF083768.1,32,36,198,202,5,AAAGA,AAAGA
AF083768.1,32,36,174,178,5,AAAGA,AAAGA
AF083768.1,32,36,446,450,5,AAAGA,AAAGA
AF083768.1,10,14,45,49,5,AAAGA,AAAGA
AF083768.1,28,32,45,49,5,AAAGA,AAAGA
AF083768.1,41,45,45,49,5,AAAGA,AAAGA
AF083768.1,45,49,269,273,5,AAAGA,AAAGA
AF083768.1,45,49,198,202,5,AAAGA,AAAGA
AF083768.1,45,49,174,178,5,AAAGA,AAAGA
AF083768.1,45,49,446,450,5,AAAGA,AAAGA
AF083768.1,1,3,563,565,3,AAA,AAA
AF083768.1,1,3,562,564,3,AAA,AAA
AF083768.1,1,3,561,563,3,AAA,AAA
AF083768.1,1,3,560,562,3,AAA,AAA
AF083768.1,1,3,559,561,3,AAA,AAA
AF083768.1,1,3,558,560,3,AAA,AAA
AF083768.1,1,3,557,559,3,AAA,AAA
AF083768.1,1,3,556,558,3,AAA,AAA
AF083768.1,1,3,555,557,3,AAA,AAA
AF083768.1,1,3,554,556,3,AAA,AAA
AF083768.1,1,3,553,555,3,AAA,AAA
AF083768.1,1,3,39,41,3,AAA,AAA
AF083768.1,1,3,40,42,3,AAA,AAA
AF083768.1,1,3,268,270,3,AAA,AAA
AF083768.1,1,3,535,537,3,AAA,AAA
AF083768.1,1,3,534,536,3,AAA,AAA
AF083768.1,1,3,27,29,3,AAA,AAA
AF083768.1,1,3,246,248,3,AAA,AAA
AF083768.1,1,3,552,554,3,AAA,AAA
AF083768.1,1,3,38,40,3,AAA,AAA
AF083768.1,1,3,267,269,3,AAA,AAA
AF083768.1,1,3,504,506,3,AAA,AAA
AF083768.1,1,3,377,379,3,AAA,AAA
AF083768.1,1,3,9,11,3,AAA,AAA
AF083768.1,1,3,225,227,3,AAA,AAA
AF083768.1,378,380,534,536,3,AAA,AAA
AF083768.1,27,29,378,380,3,AAA,AAA
AF083768.1,246,248,378,380,3,AAA,AAA
AF083768.1,378,380,552,554,3,AAA,AAA
AF083768.1,38,40,378,380,3,AAA,AAA
AF083768.1,267,269,378,380,3,AAA,AAA
AF083768.1,378,380,504,506,3,AAA,AAA
AF083768.1,377,379,378,380,3,AAA,AAA
AF083768.1,9,11,378,380,3,AAA,AAA
AF083768.1,225,227,378,380,3,AAA,AAA
AF083768.1,141,143,563,565,3,AAA,AAA
AF083768.1,141,143,562,564,3,AAA,AAA
AF083768.1,141,143,561,563,3,AAA,AAA
AF083768.1,141,143,560,562,3,AAA,AAA
AF083768.1,141,143,559,561,3,AAA,AAA
AF083768.1,141,143,558,560,3,AAA,AAA
AF083768.1,141,143,557,559,3,AAA,AAA
AF083768.1,141,143,556,558,3,AAA,AAA
AF083768.1,141,143,555,557,3,AAA,AAA
AF083768.1,141,143,554,556,3,AAA,AAA
AF083768.1,141,143,553,555,3,AAA,AAA
AF083768.1,39,41,141,143,3,AAA,AAA
AF083768.1,40,42,141,143,3,AAA,AAA
AF083768.1,141,143,268,270,3,AAA,AAA
AF083768.1,141,143,535,537,3,AAA,AAA
AF083768.1,294,296,563,565,3,AAA,AAA
AF083768.1,294,296,562,564,3,AAA,AAA
AF083768.1,294,296,561,563,3,AAA,AAA
AF083768.1,294,296,560,562,3,AAA,AAA
AF083768.1,294,296,559,561,3,AAA,AAA
AF083768.1,294,296,558,560,3,AAA,AAA
AF083768.1,294,296,557,559,3,AAA,AAA
AF083768.1,294,296,556,558,3,AAA,AAA
AF083768.1,294,296,555,557,3,AAA,AAA
AF083768.1,294,296,554,556,3,AAA,AAA
AF083768.1,294,296,553,555,3,AAA,AAA
AF083768.1,39,41,294,296,3,AAA,AAA
AF083768.1,40,42,294,296,3,AAA,AAA
AF083768.1,268,270,294,296,3,AAA,AAA
AF083768.1,294,296,535,537,3,AAA,AAA
AF083768.1,141,143,534,536,3,AAA,AAA
AF083768.1,27,29,141,143,3,AAA,AAA
AF083768.1,141,143,246,248,3,AAA,AAA
AF083768.1,294,296,534,536,3,AAA,AAA
AF083768.1,27,29,294,296,3,AAA,AAA
AF083768.1,246,248,294,296,3,AAA,AAA
AF083768.1,141,143,377,379,3,AAA,AAA
AF083768.1,9,11,141,143,3,AAA,AAA
AF083768.1,141,143,225,227,3,AAA,AAA
AF083768.1,294,296,377,379,3,AAA,AAA
AF083768.1,9,11,294,296,3,AAA,AAA
AF083768.1,225,227,294,296,3,AAA,AAA
AF083768.1,1,3,28,30,3,AAA,AAA
AF083768.1,1,3,41,43,3,AAA,AAA
AF083768.1,1,3,269,271,3,AAA,AAA
AF083768.1,1,3,10,12,3,AAA,AAA
AF083768.1,1,3,226,228,3,AAA,AAA
AF083768.1,1,3,247,249,3,AAA,AAA
AF083768.1,28,30,534,536,3,AAA,AAA
AF083768.1,27,29,28,30,3,AAA,AAA
AF083768.1,28,30,246,248,3,AAA,AAA
AF083768.1,41,43,534,536,3,AAA,AAA
AF083768.1,27,29,41,43,3,AAA,AAA
AF083768.1,41,43,246,248,3,AAA,AAA
AF083768.1,269,271,534,536,3,AAA,AAA
AF083768.1,27,29,269,271,3,AAA,AAA
AF083768.1,246,248,269,271,3,AAA,AAA
AF083768.1,10,12,534,536,3,AAA,AAA
AF083768.1,10,12,27,29,3,AAA,AAA
AF083768.1,10,12,246,248,3,AAA,AAA
AF083768.1,226,228,534,536,3,AAA,AAA
AF083768.1,27,29,226,228,3,AAA,AAA
AF083768.1,226,228,246,248,3,AAA,AAA
AF083768.1,247,249,534,536,3,AAA,AAA
AF083768.1,27,29,247,249,3,AAA,AAA
AF083768.1,246,248,247,249,3,AAA,AAA
AF083768.1,28,30,141,143,3,AAA,AAA
AF083768.1,28,30,294,296,3,AAA,AAA
AF083768.1,28,30,552,554,3,AAA,AAA
AF083768.1,28,30,38,40,3,AAA,AAA
AF083768.1,28,30,267,269,3,AAA,AAA
AF083768.1,28,30,504,506,3,AAA,AAA
AF083768.1,41,43,141,143,3,AAA,AAA
AF083768.1,41,43,294,296,3,AAA,AAA
AF083768.1,41,43,552,554,3,AAA,AAA
AF083768.1,38,40,41,43,3,AAA,AAA
AF083768.1,41,43,267,269,3,AAA,AAA
AF083768.1,41,43,504,506,3,AAA,AAA
AF083768.1,141,143,269,271,3,AAA,AAA
AF083768.1,269,271,294,296,3,AAA,AAA
AF083768.1,269,271,552,554,3,AAA,AAA
AF083768.1,38,40,269,271,3,AAA,AAA
AF083768.1,267,269,269,271,3,AAA,AAA
AF083768.1,269,271,504,506,3,AAA,AAA
AF083768.1,10,12,141,143,3,AAA,AAA
AF083768.1,10,12,294,296,3,AAA,AAA
AF083768.1,10,12,552,554,3,AAA,AAA
AF083768.1,10,12,38,40,3,AAA,AAA
AF083768.1,10,12,267,269,3,AAA,AAA
AF083768.1,10,12,504,506,3,AAA,AAA
AF083768.1,141,143,226,228,3,AAA,AAA
AF083768.1,226,228,294,296,3,AAA,AAA
AF083768.1,226,228,552,554,3,AAA,AAA
AF083768.1,38,40,226,228,3,AAA,AAA
AF083768.1,226,228,267,269,3,AAA,AAA
AF083768.1,226,228,504,506,3,AAA,AAA
AF083768.1,141,143,247,249,3,AAA,AAA
AF083768.1,247,249,294,296,3,AAA,AAA
AF083768.1,247,249,552,554,3,AAA,AAA
AF083768.1,38,40,247,249,3,AAA,AAA
AF083768.1,247,249,267,269,3,AAA,AAA
AF083768.1,247,249,504,506,3,AAA,AAA
AF083768.1,28,30,377,379,3,AAA,AAA
AF083768.1,9,11,28,30,3,AAA,AAA
AF083768.1,28,30,225,227,3,AAA,AAA
AF083768.1,41,43,377,379,3,AAA,AAA
AF083768.1,9,11,41,43,3,AAA,AAA
AF083768.1,41,43,225,227,3,AAA,AAA
AF083768.1,269,271,377,379,3,AAA,AAA
AF083768.1,9,11,269,271,3,AAA,AAA
AF083768.1,225,227,269,271,3,AAA,AAA
AF083768.1,10,12,377,379,3,AAA,AAA
AF083768.1,9,11,10,12,3,AAA,AAA
AF083768.1,10,12,225,227,3,AAA,AAA
AF083768.1,226,228,377,379,3,AAA,AAA
AF083768.1,9,11,226,228,3,AAA,AAA
AF083768.1,225,227,226,228,3,AAA,AAA
AF083768.1,247,249,377,379,3,AAA,AAA
AF083768.1,9,11,247,249,3,AAA,AAA
AF083768.1,225,227,247,249,3,AAA,AAA
AF083768.1,1,3,174,176,3,AAA,AAA
AF083768.1,1,3,198,200,3,AAA,AAA
AF083768.1,174,176,378,380,3,AAA,AAA
AF083768.1,174,176,563,565,3,AAA,AAA
AF083768.1,174,176,562,564,3,AAA,AAA
AF083768.1,174,176,561,563,3,AAA,AAA
AF083768.1,174,176,560,562,3,AAA,AAA
AF083768.1,174,176,559,561,3,AAA,AAA
AF083768.1,174,176,558,560,3,AAA,AAA
AF083768.1,174,176,557,559,3,AAA,AAA
AF083768.1,174,176,556,558,3,AAA,AAA
AF083768.1,174,176,555,557,3,AAA,AAA
AF083768.1,174,176,554,556,3,AAA,AAA
AF083768.1,174,176,553,555,3,AAA,AAA
AF083768.1,39,41,174,176,3,AAA,AAA
AF083768.1,40,42,174,176,3,AAA,AAA
AF083768.1,174,176,268,270,3,AAA,AAA
AF083768.1,174,176,535,537,3,AAA,AAA
AF083768.1,198,200,378,380,3,AAA,AAA
AF083768.1,198,200,563,565,3,AAA,AAA
AF083768.1,198,200,562,564,3,AAA,AAA
AF083768.1,198,200,561,563,3,AAA,AAA
AF083768.1,198,200,560,562,3,AAA,AAA
AF083768.1,198,200,559,561,3,AAA,AAA
AF083768.1,198,200,558,560,3,AAA,AAA
AF083768.1,198,200,557,559,3,AAA,AAA
AF083768.1,198,200,556,558,3,AAA,AAA
AF083768.1,198,200,555,557,3,AAA,AAA
AF083768.1,198,200,554,556,3,AAA,AAA
AF083768.1,198,200,553,555,3,AAA,AAA
AF083768.1,39,41,198,200,3,AAA,AAA
AF083768.1,40,42,198,200,3,AAA,AAA
AF083768.1,198,200,268,270,3,AAA,AAA
AF083768.1,198,200,535,537,3,AAA,AAA
AF083768.1,141,143,174,176,3,AAA,AAA
AF083768.1,174,176,294,296,3,AAA,AAA
AF083768.1,174,176,552,554,3,AAA,AAA
AF083768.1,38,40,174,176,3,AAA,AAA
AF083768.1,174,176,267,269,3,AAA,AAA
AF083768.1,174,176,504,506,3,AAA,AAA
AF083768.1,141,143,198,200,3,AAA,AAA
AF083768.1,198,200,294,296,3,AAA,AAA
AF083768.1,198,200,552,554,3,AAA,AAA
AF083768.1,38,40,198,200,3,AAA,AAA
AF083768.1,198,200,267,269,3,AAA,AAA
AF083768.1,198,200,504,506,3,AAA,AAA
AF083768.1,174,176,377,379,3,AAA,AAA
AF083768.1,9,11,174,176,3,AAA,AAA
AF083768.1,174,176,225,227,3,AAA,AAA
AF083768.1,198,200,377,379,3,AAA,AAA
AF083768.1,9,11,198,200,3,AAA,AAA
AF083768.1,198,200,225,227,3,AAA,AAA
AF083768.1,1,3,32,34,3,AAA,AAA
AF083768.1,1,3,45,47,3,AAA,AAA
AF083768.1,32,34,378,380,3,AAA,AAA
AF083768.1,32,34,563,565,3,AAA,AAA
AF083768.1,32,34,562,564,3,AAA,AAA
AF083768.1,32,34,561,563,3,AAA,AAA
AF083768.1,32,34,560,562,3,AAA,AAA
AF083768.1,32,34,559,561,3,AAA,AAA
AF083768.1,32,34,558,560,3,AAA,AAA
AF083768.1,32,34,557,559,3,AAA,AAA
AF083768.1,32,34,556,558,3,AAA,AAA
AF083768.1,32,34,555,557,3,AAA,AAA
AF083768.1,32,34,554,556,3,AAA,AAA
AF083768.1,32,34,553,555,3,AAA,AAA
AF083768.1,32,34,39,41,3,AAA,AAA
AF083768.1,32,34,40,42,3,AAA,AAA
AF083768.1,32,34,268,270,3,AAA,AAA
AF083768.1,32,34,535,537,3,AAA,AAA
AF083768.1,45,47,378,380,3,AAA,AAA
AF083768.1,45,47,563,565,3,AAA,AAA
AF083768.1,45,47,562,564,3,AAA,AAA
AF083768.1,45,47,561,563,3,AAA,AAA
AF083768.1,45,47,560,562,3,AAA,AAA
AF083768.1,45,47,559,561,3,AAA,AAA
AF083768.1,45,47,558,560,3,AAA,AAA
AF083768.1,45,47,557,559,3,AAA,AAA
AF083768.1,45,47,556,558,3,AAA,AAA
AF083768.1,45,47,555,557,3,AAA,AAA
AF083768.1,45,47,554,556,3,AAA,AAA
AF083768.1,45,47,553,555,3,AAA,AAA
AF083768.1,39,41,45,47,3,AAA,AAA
AF083768.1,40,42,45,47,3,AAA,AAA
AF083768.1,45,47,268,270,3,AAA,AAA
AF083768.1,45,47,535,537,3,AAA,AAA
AF083768.1,32,34,534,536,3,AAA,AAA
AF083768.1,27,29,32,34,3,AAA,AAA
AF083768.1,32,34,246,248,3,AAA,AAA
AF083768.1,45,47,534,536,3,AAA,AAA
AF083768.1,27,29,45,47,3,AAA,AAA
AF083768.1,45,47,246,248,3,AAA,AAA
AF083768.1,32,34,377,379,3,AAA,AAA
AF083768.1,9,11,32,34,3,AAA,AAA
AF083768.1,32,34,225,227,3,AAA,AAA
AF083768.1,45,47,377,379,3,AAA,AAA
AF083768.1,9,11,45,47,3,AAA,AAA
AF083768.1,45,47,225,227,3,AAA,AAA
AF083768.1,1,3,446,448,3,AAA,AAA
AF083768.1,378,380,446,448,3,AAA,AAA
AF083768.1,446,448,563,565,3,AAA,AAA
AF083768.1,446,448,562,564,3,AAA,AAA
AF083768.1,446,448,561,563,3,AAA,AAA
AF083768.1,446,448,560,562,3,AAA,AAA
AF083768.1,446,448,559,561,3,AAA,AAA
AF083768.1,446,448,558,560,3,AAA,AAA
AF083768.1,446,448,557,559,3,AAA,AAA
AF083768.1,446,448,556,558,3,AAA,AAA
AF083768.1,446,448,555,557,3,AAA,AAA
AF083768.1,446,448,554,556,3,AAA,AAA
AF083768.1,446,448,553,555,3,AAA,AAA
AF083768.1,39,41,446,448,3,AAA,AAA
AF083768.1,40,42,446,448,3,AAA,AAA
AF083768.1,268,270,446,448,3,AAA,AAA
AF083768.1,446,448,535,537,3,AAA,AAA
AF083768.1,446,448,534,536,3,AAA,AAA
AF083768.1,27,29,446,448,3,AAA,AAA
AF083768.1,246,248,446,448,3,AAA,AAA
AF083768.1,141,143,446,448,3,AAA,AAA
AF083768.1,294,296,446,448,3,AAA,AAA
AF083768.1,446,448,552,554,3,AAA,AAA
AF083768.1,38,40,446,448,3,AAA,AAA
AF083768.1,267,269,446,448,3,AAA,AAA
AF083768.1,446,448,504,506,3,AAA,AAA
AF083768.1,1,3,536,538,3,AAA,AAA
AF083768.1,1,3,505,507,3,AAA,AAA
AF083768.1,174,176,536,538,3,AAA,AAA
AF083768.1,198,200,536,538,3,AAA,AAA
AF083768.1,534,536,536,538,3,AAA,AAA
AF083768.1,27,29,536,538,3,AAA,AAA
AF083768.1,246,248,536,538,3,AAA,AAA
AF083768.1,174,176,505,507,3,AAA,AAA
AF083768.1,198,200,505,507,3,AAA,AAA
AF083768.1,505,507,534,536,3,AAA,AAA
AF083768.1,27,29,505,507,3,AAA,AAA
AF083768.1,246,248,505,507,3,AAA,AAA
AF083768.1,32,34,536,538,3,AAA,AAA
AF083768.1,45,47,536,538,3,AAA,AAA
AF083768.1,141,143,536,538,3,AAA,AAA
AF083768.1,294,296,536,538,3,AAA,AAA
AF083768.1,536,538,552,554,3,AAA,AAA
AF083768.1,38,40,536,538,3,AAA,AAA
AF083768.1,267,269,536,538,3,AAA,AAA
AF083768.1,504,506,536,538,3,AAA,AAA
AF083768.1,32,34,505,507,3,AAA,AAA
AF083768.1,45,47,505,507,3,AAA,AAA
AF083768.1,141,143,505,507,3,AAA,AAA
AF083768.1,294,296,505,507,3,AAA,AAA
AF083768.1,505,507,552,554,3,AAA,AAA
AF083768.1,38,40,505,507,3,AAA,AAA
AF083768.1,267,269,505,507,3,AAA,AAA
AF083768.1,504,506,505,507,3,AAA,AAA
AF083768.1,446,448,536,538,3,AAA,AAA
AF083768.1,377,379,536,538,3,AAA,AAA
AF083768.1,9,11,536,538,3,AAA,AAA
AF083768.1,225,227,536,538,3,AAA,AAA
AF083768.1,446,448,505,507,3,AAA,AAA
AF083768.1,377,379,505,507,3,AAA,AAA
AF083768.1,9,11,505,507,3,AAA,AAA
AF083768.1,225,227,505,507,3,AAA,AAA
AF083768.1,1,3,564,566,3,AAA,AAA
AF083768.1,174,176,564,566,3,AAA,AAA
AF083768.1,198,200,564,566,3,AAA,AAA
AF083768.1,534,536,564,566,3,AAA,AAA
AF083768.1,27,29,564,566,3,AAA,AAA
AF083768.1,246,248,564,566,3,AAA,AAA
AF083768.1,32,34,564,566,3,AAA,AAA
AF083768.1,45,47,564,566,3,AAA,AAA
AF083768.1,141,143,564,566,3,AAA,AAA
AF083768.1,294,296,564,566,3,AAA,AAA
AF083768.1,552,554,564,566,3,AAA,AAA
AF083768.1,38,40,564,566,3,AAA,AAA
AF083768.1,267,269,564,566,3,AAA,AAA
AF083768.1,504,506,564,566,3,AAA,AAA
AF083768.1,446,448,564,566,3,AAA,AAA
AF083768.1,377,379,564,566,3,AAA,AAA
AF083768.1,9,11,564,566,3,AAA,AAA
AF083768.1,225,227,564,566,3,AAA,AAA
AF083768.1,2,5,66,69,4,AACA,AACA
AF083768.1,2,5,102,105,4,AACA,AACA
AF083768.1,66,69,142,145,4,AACA,AACA
AF083768.1,102,105,142,145,4,AACA,AACA
AF083768.1,66,69,133,136,4,AACA,AACA
AF083768.1,102,105,133,136,4,AACA,AACA
AF083768.1,66,69,379,382,4,AACA,AACA
AF083768.1,102,105,379,382,4,AACA,AACA
AF083768.1,66,69,295,298,4,AACA,AACA
AF083768.1,102,105,295,298,4,AACA,AACA
AF083768.1,133,136,379,382,4,AACA,AACA
AF083768.1,133,136,295,298,4,AACA,AACA
AF083768.1,138,145,291,298,8,AAGAAACA,AAGAAACA
AF083768.1,29,34,138,143,6,AAGAAA,AAGAAA
AF083768.1,42,47,138,143,6,AAGAAA,AAGAAA
AF083768.1,29,34,291,296,6,AAGAAA,AAGAAA
AF083768.1,42,47,291,296,6,AAGAAA,AAGAAA
AF083768.1,29,34,264,269,6,AAGAAA,AAGAAA
AF083768.1,42,47,264,269,6,AAGAAA,AAGAAA
AF083768.1,138,143,264,269,6,AAGAAA,AAGAAA
AF083768.1,120,127,273,280,8,AAGAAGGA,AAGAAGGA
AF083768.1,273,280,282,289,8,AAGAAGGA,AAGAAGGA
AF083768.1,120,126,175,181,7,AAGAAGG,AAGAAGG
AF083768.1,175,181,282,288,7,AAGAAGG,AAGAAGG
AF083768.1,175,181,273,279,7,AAGAAGG,AAGAAGG
AF083768.1,120,125,270,275,6,AAGAAG,AAGAAG
AF083768.1,270,275,282,287,6,AAGAAG,AAGAAG
AF083768.1,270,275,273,278,6,AAGAAG,AAGAAG
AF083768.1,138,142,270,274,5,AAGAA,AAGAA
AF083768.1,138,142,175,179,5,AAGAA,AAGAA
AF083768.1,264,268,270,274,5,AAGAA,AAGAA
AF083768.1,270,274,291,295,5,AAGAA,AAGAA
AF083768.1,175,179,264,268,5,AAGAA,AAGAA
AF083768.1,175,179,291,295,5,AAGAA,AAGAA
AF083768.1,29,33,120,124,5,AAGAA,AAGAA
AF083768.1,42,46,120,124,5,AAGAA,AAGAA
AF083768.1,29,33,282,286,5,AAGAA,AAGAA
AF083768.1,42,46,282,286,5,AAGAA,AAGAA
AF083768.1,120,124,264,268,5,AAGAA,AAGAA
AF083768.1,120,124,291,295,5,AAGAA,AAGAA
AF083768.1,264,268,282,286,5,AAGAA,AAGAA
AF083768.1,282,286,291,295,5,AAGAA,AAGAA
AF083768.1,29,33,273,277,5,AAGAA,AAGAA
AF083768.1,42,46,273,277,5,AAGAA,AAGAA
AF083768.1,138,142,273,277,5,AAGAA,AAGAA
AF083768.1,127,131,159,163,5,AAGAG,AAGAG
AF083768.1,33,37,159,163,5,AAGAG,AAGAG
AF083768.1,11,15,159,163,5,AAGAG,AAGAG
AF083768.1,33,37,127,131,5,AAGAG,AAGAG
AF083768.1,11,15,127,131,5,AAGAG,AAGAG
AF083768.1,138,141,199,202,4,AAGA,AAGA
AF083768.1,120,123,199,202,4,AAGA,AAGA
AF083768.1,199,202,282,285,4,AAGA,AAGA
AF083768.1,138,141,447,450,4,AAGA,AAGA
AF083768.1,120,123,447,450,4,AAGA,AAGA
AF083768.1,282,285,447,450,4,AAGA,AAGA
AF083768.1,199,202,264,267,4,AAGA,AAGA
AF083768.1,199,202,291,294,4,AAGA,AAGA
AF083768.1,199,202,273,276,4,AAGA,AAGA
AF083768.1,264,267,447,450,4,AAGA,AAGA
AF083768.1,291,294,447,450,4,AAGA,AAGA
AF083768.1,273,276,447,450,4,AAGA,AAGA
AF083768.1,33,36,138,141,4,AAGA,AAGA
AF083768.1,33,36,120,123,4,AAGA,AAGA
AF083768.1,33,36,282,285,4,AAGA,AAGA
AF083768.1,11,14,138,141,4,AAGA,AAGA
AF083768.1,11,14,120,123,4,AAGA,AAGA
AF083768.1,11,14,282,285,4,AAGA,AAGA
AF083768.1,33,36,264,267,4,AAGA,AAGA
AF083768.1,33,36,291,294,4,AAGA,AAGA
AF083768.1,33,36,273,276,4,AAGA,AAGA
AF083768.1,11,14,264,267,4,AAGA,AAGA
AF083768.1,11,14,291,294,4,AAGA,AAGA
AF083768.1,11,14,273,276,4,AAGA,AAGA
AF083768.1,159,162,199,202,4,AAGA,AAGA
AF083768.1,159,162,447,450,4,AAGA,AAGA
AF083768.1,29,32,159,162,4,AAGA,AAGA
AF083768.1,42,45,159,162,4,AAGA,AAGA
AF083768.1,159,162,270,273,4,AAGA,AAGA
AF083768.1,159,162,175,178,4,AAGA,AAGA
AF083768.1,159,162,264,267,4,AAGA,AAGA
AF083768.1,159,162,291,294,4,AAGA,AAGA
AF083768.1,159,162,273,276,4,AAGA,AAGA
AF083768.1,127,130,199,202,4,AAGA,AAGA
AF083768.1,127,130,447,450,4,AAGA,AAGA
AF083768.1,29,32,127,130,4,AAGA,AAGA
AF083768.1,42,45,127,130,4,AAGA,AAGA
AF083768.1,127,130,270,273,4,AAGA,AAGA
AF083768.1,127,130,175,178,4,AAGA,AAGA
AF083768.1,127,130,138,141,4,AAGA,AAGA
AF083768.1,120,123,127,130,4,AAGA,AAGA
AF083768.1,127,130,282,285,4,AAGA,AAGA
AF083768.1,46,49,159,162,4,AAGA,AAGA
AF083768.1,46,49,138,141,4,AAGA,AAGA
AF083768.1,46,49,120,123,4,AAGA,AAGA
AF083768.1,46,49,282,285,4,AAGA,AAGA
AF083768.1,46,49,127,130,4,AAGA,AAGA
AF083768.1,46,49,264,267,4,AAGA,AAGA
AF083768.1,46,49,291,294,4,AAGA,AAGA
AF083768.1,46,49,273,276,4,AAGA,AAGA
AF083768.1,33,36,192,195,4,AAGA,AAGA
AF083768.1,11,14,192,195,4,AAGA,AAGA
AF083768.1,192,195,199,202,4,AAGA,AAGA
AF083768.1,192,195,447,450,4,AAGA,AAGA
AF083768.1,29,32,192,195,4,AAGA,AAGA
AF083768.1,42,45,192,195,4,AAGA,AAGA
AF083768.1,192,195,270,273,4,AAGA,AAGA
AF083768.1,175,178,192,195,4,AAGA,AAGA
AF083768.1,33,36,204,207,4,AAGA,AAGA
AF083768.1,11,14,204,207,4,AAGA,AAGA
AF083768.1,199,202,204,207,4,AAGA,AAGA
AF083768.1,204,207,447,450,4,AAGA,AAGA
AF083768.1,29,32,204,207,4,AAGA,AAGA
AF083768.1,42,45,204,207,4,AAGA,AAGA
AF083768.1,204,207,270,273,4,AAGA,AAGA
AF083768.1,175,178,204,207,4,AAGA,AAGA
AF083768.1,33,36,69,72,4,AAGA,AAGA
AF083768.1,11,14,69,72,4,AAGA,AAGA
AF083768.1,69,72,199,202,4,AAGA,AAGA
AF083768.1,69,72,447,450,4,AAGA,AAGA
AF083768.1,29,32,69,72,4,AAGA,AAGA
AF083768.1,42,45,69,72,4,AAGA,AAGA
AF083768.1,69,72,270,273,4,AAGA,AAGA
AF083768.1,69,72,175,178,4,AAGA,AAGA
AF083768.1,127,130,192,195,4,AAGA,AAGA
AF083768.1,192,195,264,267,4,AAGA,AAGA
AF083768.1,192,195,291,294,4,AAGA,AAGA
AF083768.1,192,195,273,276,4,AAGA,AAGA
AF083768.1,127,130,204,207,4,AAGA,AAGA
AF083768.1,204,207,264,267,4,AAGA,AAGA
AF083768.1,204,207,291,294,4,AAGA,AAGA
AF083768.1,204,207,273,276,4,AAGA,AAGA
AF083768.1,69,72,127,130,4,AAGA,AAGA
AF083768.1,69,72,264,267,4,AAGA,AAGA
AF083768.1,69,72,291,294,4,AAGA,AAGA
AF083768.1,69,72,273,276,4,AAGA,AAGA
AF083768.1,105,111,123,129,7,AAGGAAG,AAGGAAG
AF083768.1,105,109,276,280,5,AAGGA,AAGGA
AF083768.1,105,109,285,289,5,AAGGA,AAGGA
AF083768.1,109,116,346,353,8,AAGGTGAG,AAGGTGAG
AF083768.1,220,224,346,350,5,AAGGT,AAGGT
AF083768.1,178,182,346,350,5,AAGGT,AAGGT
AF083768.1,105,108,220,223,4,AAGG,AAGG
AF083768.1,105,108,178,181,4,AAGG,AAGG
AF083768.1,105,108,109,112,4,AAGG,AAGG
AF083768.1,105,108,346,349,4,AAGG,AAGG
AF083768.1,123,126,346,349,4,AAGG,AAGG
AF083768.1,276,279,346,349,4,AAGG,AAGG
AF083768.1,285,288,346,349,4,AAGG,AAGG
AF083768.1,105,108,241,244,4,AAGG,AAGG
AF083768.1,241,244,346,349,4,AAGG,AAGG
AF083768.1,138,140,227,229,3,AAG,AAG
AF083768.1,120,122,227,229,3,AAG,AAG
AF083768.1,227,229,282,284,3,AAG,AAG
AF083768.1,159,161,227,229,3,AAG,AAG
AF083768.1,192,194,227,229,3,AAG,AAG
AF083768.1,204,206,227,229,3,AAG,AAG
AF083768.1,69,71,227,229,3,AAG,AAG
AF083768.1,138,140,248,250,3,AAG,AAG
AF083768.1,120,122,248,250,3,AAG,AAG
AF083768.1,248,250,282,284,3,AAG,AAG
AF083768.1,159,161,248,250,3,AAG,AAG
AF083768.1,192,194,248,250,3,AAG,AAG
AF083768.1,204,206,248,250,3,AAG,AAG
AF083768.1,69,71,248,250,3,AAG,AAG
AF083768.1,227,229,264,266,3,AAG,AAG
AF083768.1,227,229,291,293,3,AAG,AAG
AF083768.1,227,229,273,275,3,AAG,AAG
AF083768.1,127,129,227,229,3,AAG,AAG
AF083768.1,248,250,264,266,3,AAG,AAG
AF083768.1,248,250,291,293,3,AAG,AAG
AF083768.1,248,250,273,275,3,AAG,AAG
AF083768.1,127,129,248,250,3,AAG,AAG
AF083768.1,105,107,227,229,3,AAG,AAG
AF083768.1,105,107,248,250,3,AAG,AAG
AF083768.1,29,31,105,107,3,AAG,AAG
AF083768.1,42,44,105,107,3,AAG,AAG
AF083768.1,105,107,270,272,3,AAG,AAG
AF083768.1,105,107,175,177,3,AAG,AAG
AF083768.1,105,107,199,201,3,AAG,AAG
AF083768.1,105,107,447,449,3,AAG,AAG
AF083768.1,33,35,105,107,3,AAG,AAG
AF083768.1,11,13,105,107,3,AAG,AAG
AF083768.1,46,48,105,107,3,AAG,AAG
AF083768.1,105,107,264,266,3,AAG,AAG
AF083768.1,105,107,291,293,3,AAG,AAG
AF083768.1,105,107,273,275,3,AAG,AAG
AF083768.1,105,107,127,129,3,AAG,AAG
AF083768.1,123,125,227,229,3,AAG,AAG
AF083768.1,123,125,248,250,3,AAG,AAG
AF083768.1,29,31,123,125,3,AAG,AAG
AF083768.1,42,44,123,125,3,AAG,AAG
AF083768.1,123,125,270,272,3,AAG,AAG
AF083768.1,123,125,175,177,3,AAG,AAG
AF083768.1,123,125,199,201,3,AAG,AAG
AF083768.1,123,125,447,449,3,AAG,AAG
AF083768.1,33,35,123,125,3,AAG,AAG
AF083768.1,11,13,123,125,3,AAG,AAG
AF083768.1,46,48,123,125,3,AAG,AAG
AF083768.1,227,229,276,278,3,AAG,AAG
AF083768.1,248,250,276,278,3,AAG,AAG
AF083768.1,29,31,276,278,3,AAG,AAG
AF083768.1,42,44,276,278,3,AAG,AAG
AF083768.1,270,272,276,278,3,AAG,AAG
AF083768.1,175,177,276,278,3,AAG,AAG
AF083768.1,199,201,276,278,3,AAG,AAG
AF083768.1,276,278,447,449,3,AAG,AAG
AF083768.1,33,35,276,278,3,AAG,AAG
AF083768.1,11,13,276,278,3,AAG,AAG
AF083768.1,46,48,276,278,3,AAG,AAG
AF083768.1,227,229,285,287,3,AAG,AAG
AF083768.1,248,250,285,287,3,AAG,AAG
AF083768.1,29,31,285,287,3,AAG,AAG
AF083768.1,42,44,285,287,3,AAG,AAG
AF083768.1,270,272,285,287,3,AAG,AAG
AF083768.1,175,177,285,287,3,AAG,AAG
AF083768.1,199,201,285,287,3,AAG,AAG
AF083768.1,285,287,447,449,3,AAG,AAG
AF083768.1,33,35,285,287,3,AAG,AAG
AF083768.1,11,13,285,287,3,AAG,AAG
AF083768.1,46,48,285,287,3,AAG,AAG
AF083768.1,227,229,241,243,3,AAG,AAG
AF083768.1,241,243,248,250,3,AAG,AAG
AF083768.1,29,31,241,243,3,AAG,AAG
AF083768.1,42,44,241,243,3,AAG,AAG
AF083768.1,241,243,270,272,3,AAG,AAG
AF083768.1,175,177,241,243,3,AAG,AAG
AF083768.1,199,201,241,243,3,AAG,AAG
AF083768.1,241,243,447,449,3,AAG,AAG
AF083768.1,33,35,241,243,3,AAG,AAG
AF083768.1,11,13,241,243,3,AAG,AAG
AF083768.1,46,48,241,243,3,AAG,AAG
AF083768.1,220,222,227,229,3,AAG,AAG
AF083768.1,220,222,248,250,3,AAG,AAG
AF083768.1,29,31,220,222,3,AAG,AAG
AF083768.1,42,44,220,222,3,AAG,AAG
AF083768.1,220,222,270,272,3,AAG,AAG
AF083768.1,175,177,220,222,3,AAG,AAG
AF083768.1,199,201,220,222,3,AAG,AAG
AF083768.1,220,222,447,449,3,AAG,AAG
AF083768.1,33,35,220,222,3,AAG,AAG
AF083768.1,11,13,220,222,3,AAG,AAG
AF083768.1,46,48,220,222,3,AAG,AAG
AF083768.1,178,180,227,229,3,AAG,AAG
AF083768.1,178,180,248,250,3,AAG,AAG
AF083768.1,29,31,178,180,3,AAG,AAG
AF083768.1,42,44,178,180,3,AAG,AAG
AF083768.1,178,180,270,272,3,AAG,AAG
AF083768.1,175,177,178,180,3,AAG,AAG
AF083768.1,178,180,199,201,3,AAG,AAG
AF083768.1,178,180,447,449,3,AAG,AAG
AF083768.1,33,35,178,180,3,AAG,AAG
AF083768.1,11,13,178,180,3,AAG,AAG
AF083768.1,46,48,178,180,3,AAG,AAG
AF083768.1,109,111,227,229,3,AAG,AAG
AF083768.1,109,111,248,250,3,AAG,AAG
AF083768.1,29,31,109,111,3,AAG,AAG
AF083768.1,42,44,109,111,3,AAG,AAG
AF083768.1,109,111,270,272,3,AAG,AAG
AF083768.1,109,111,175,177,3,AAG,AAG
AF083768.1,109,111,199,201,3,AAG,AAG
AF083768.1,109,111,447,449,3,AAG,AAG
AF083768.1,33,35,109,111,3,AAG,AAG
AF083768.1,11,13,109,111,3,AAG,AAG
AF083768.1,46,48,109,111,3,AAG,AAG
AF083768.1,123,125,138,140,3,AAG,AAG
AF083768.1,120,122,123,125,3,AAG,AAG
AF083768.1,123,125,282,284,3,AAG,AAG
AF083768.1,123,125,159,161,3,AAG,AAG
AF083768.1,123,125,192,194,3,AAG,AAG
AF083768.1,123,125,204,206,3,AAG,AAG
AF083768.1,69,71,123,125,3,AAG,AAG
AF083768.1,138,140,276,278,3,AAG,AAG
AF083768.1,120,122,276,278,3,AAG,AAG
AF083768.1,276,278,282,284,3,AAG,AAG
AF083768.1,159,161,276,278,3,AAG,AAG
AF083768.1,192,194,276,278,3,AAG,AAG
AF083768.1,204,206,276,278,3,AAG,AAG
AF083768.1,69,71,276,278,3,AAG,AAG
AF083768.1,138,140,285,287,3,AAG,AAG
AF083768.1,120,122,285,287,3,AAG,AAG
AF083768.1,282,284,285,287,3,AAG,AAG
AF083768.1,159,161,285,287,3,AAG,AAG
AF083768.1,192,194,285,287,3,AAG,AAG
AF083768.1,204,206,285,287,3,AAG,AAG
AF083768.1,69,71,285,287,3,AAG,AAG
AF083768.1,138,140,241,243,3,AAG,AAG
AF083768.1,120,122,241,243,3,AAG,AAG
AF083768.1,241,243,282,284,3,AAG,AAG
AF083768.1,159,161,241,243,3,AAG,AAG
AF083768.1,192,194,241,243,3,AAG,AAG
AF083768.1,204,206,241,243,3,AAG,AAG
AF083768.1,69,71,241,243,3,AAG,AAG
AF083768.1,138,140,220,222,3,AAG,AAG
AF083768.1,120,122,220,222,3,AAG,AAG
AF083768.1,220,222,282,284,3,AAG,AAG
AF083768.1,159,161,220,222,3,AAG,AAG
AF083768.1,192,194,220,222,3,AAG,AAG
AF083768.1,204,206,220,222,3,AAG,AAG
AF083768.1,69,71,220,222,3,AAG,AAG
AF083768.1,138,140,178,180,3,AAG,AAG
AF083768.1,120,122,178,180,3,AAG,AAG
AF083768.1,178,180,282,284,3,AAG,AAG
AF083768.1,159,161,178,180,3,AAG,AAG
AF083768.1,178,180,192,194,3,AAG,AAG
AF083768.1,178,180,204,206,3,AAG,AAG
AF083768.1,69,71,178,180,3,AAG,AAG
AF083768.1,109,111,138,140,3,AAG,AAG
AF083768.1,109,111,120,122,3,AAG,AAG
AF083768.1,109,111,282,284,3,AAG,AAG
AF083768.1,109,111,159,161,3,AAG,AAG
AF083768.1,109,111,192,194,3,AAG,AAG
AF083768.1,109,111,204,206,3,AAG,AAG
AF083768.1,69,71,109,111,3,AAG,AAG
AF083768.1,227,229,346,348,3,AAG,AAG
AF083768.1,248,250,346,348,3,AAG,AAG
AF083768.1,29,31,346,348,3,AAG,AAG
AF083768.1,42,44,346,348,3,AAG,AAG
AF083768.1,270,272,346,348,3,AAG,AAG
AF083768.1,175,177,346,348,3,AAG,AAG
AF083768.1,199,201,346,348,3,AAG,AAG
AF083768.1,346,348,447,449,3,AAG,AAG
AF083768.1,33,35,346,348,3,AAG,AAG
AF083768.1,11,13,346,348,3,AAG,AAG
AF083768.1,46,48,346,348,3,AAG,AAG
AF083768.1,138,140,346,348,3,AAG,AAG
AF083768.1,120,122,346,348,3,AAG,AAG
AF083768.1,282,284,346,348,3,AAG,AAG
AF083768.1,159,161,346,348,3,AAG,AAG
AF083768.1,192,194,346,348,3,AAG,AAG
AF083768.1,204,206,346,348,3,AAG,AAG
AF083768.1,69,71,346,348,3,AAG,AAG
AF083768.1,264,266,346,348,3,AAG,AAG
AF083768.1,291,293,346,348,3,AAG,AAG
AF083768.1,273,275,346,348,3,AAG,AAG
AF083768.1,127,129,346,348,3,AAG,AAG
AF083768.1,227,229,355,357,3,AAG,AAG
AF083768.1,248,250,355,357,3,AAG,AAG
AF083768.1,29,31,355,357,3,AAG,AAG
AF083768.1,42,44,355,357,3,AAG,AAG
AF083768.1,270,272,355,357,3,AAG,AAG
AF083768.1,175,177,355,357,3,AAG,AAG
AF083768.1,199,201,355,357,3,AAG,AAG
AF083768.1,355,357,447,449,3,AAG,AAG
AF083768.1,33,35,355,357,3,AAG,AAG
AF083768.1,11,13,355,357,3,AAG,AAG
AF083768.1,46,48,355,357,3,AAG,AAG
AF083768.1,105,107,355,357,3,AAG,AAG
AF083768.1,138,140,355,357,3,AAG,AAG
AF083768.1,120,122,355,357,3,AAG,AAG
AF083768.1,282,284,355,357,3,AAG,AAG
AF083768.1,159,161,355,357,3,AAG,AAG
AF083768.1,192,194,355,357,3,AAG,AAG
AF083768.1,204,206,355,357,3,AAG,AAG
AF083768.1,69,71,355,357,3,AAG,AAG
AF083768.1,346,348,355,357,3,AAG,AAG
AF083768.1,374,378,537,541,5,AATAA,AATAA
AF083768.1,374,378,540,544,5,AATAA,AATAA
AF083768.1,118,127,280,289,10,ACAAGAAGGA,ACAAGAAGGA
AF083768.1,136,142,280,286,7,ACAAGAA,ACAAGAA
AF083768.1,67,74,190,197,8,ACAAGATC,ACAAGATC
AF083768.1,67,74,202,209,8,ACAAGATC,ACAAGATC
AF083768.1,67,72,136,141,6,ACAAGA,ACAAGA
AF083768.1,67,72,118,123,6,ACAAGA,ACAAGA
AF083768.1,67,72,280,285,6,ACAAGA,ACAAGA
AF083768.1,136,141,190,195,6,ACAAGA,ACAAGA
AF083768.1,118,123,190,195,6,ACAAGA,ACAAGA
AF083768.1,136,141,202,207,6,ACAAGA,ACAAGA
AF083768.1,118,123,202,207,6,ACAAGA,ACAAGA
AF083768.1,67,72,157,162,6,ACAAGA,ACAAGA
AF083768.1,157,162,190,195,6,ACAAGA,ACAAGA
AF083768.1,157,162,202,207,6,ACAAGA,ACAAGA
AF083768.1,157,162,280,285,6,ACAAGA,ACAAGA
AF083768.1,103,107,136,140,5,ACAAG,ACAAG
AF083768.1,103,107,118,122,5,ACAAG,ACAAG
AF083768.1,103,107,157,161,5,ACAAG,ACAAG
AF083768.1,103,107,280,284,5,ACAAG,ACAAG
AF083768.1,103,107,190,194,5,ACAAG,ACAAG
AF083768.1,103,107,202,206,5,ACAAG,ACAAG
AF083768.1,67,70,172,175,4,ACAA,ACAA
AF083768.1,103,106,172,175,4,ACAA,ACAA
AF083768.1,25,28,67,70,4,ACAA,ACAA
AF083768.1,25,28,103,106,4,ACAA,ACAA
AF083768.1,25,28,136,139,4,ACAA,ACAA
AF083768.1,25,28,118,121,4,ACAA,ACAA
AF083768.1,25,28,157,160,4,ACAA,ACAA
AF083768.1,172,175,280,283,4,ACAA,ACAA
AF083768.1,172,175,190,193,4,ACAA,ACAA
AF083768.1,172,175,202,205,4,ACAA,ACAA
AF083768.1,25,28,280,283,4,ACAA,ACAA
AF083768.1,25,28,190,193,4,ACAA,ACAA
AF083768.1,25,28,202,205,4,ACAA,ACAA
AF083768.1,134,136,172,174,3,ACA,ACA
AF083768.1,134,136,136,138,3,ACA,ACA
AF083768.1,118,120,134,136,3,ACA,ACA
AF083768.1,134,136,157,159,3,ACA,ACA
AF083768.1,3,5,172,174,3,ACA,ACA
AF083768.1,3,5,136,138,3,ACA,ACA
AF083768.1,3,5,118,120,3,ACA,ACA
AF083768.1,3,5,157,159,3,ACA,ACA
AF083768.1,143,145,172,174,3,ACA,ACA
AF083768.1,136,138,143,145,3,ACA,ACA
AF083768.1,118,120,143,145,3,ACA,ACA
AF083768.1,143,145,157,159,3,ACA,ACA
AF083768.1,134,136,280,282,3,ACA,ACA
AF083768.1,134,136,190,192,3,ACA,ACA
AF083768.1,134,136,202,204,3,ACA,ACA
AF083768.1,3,5,280,282,3,ACA,ACA
AF083768.1,3,5,190,192,3,ACA,ACA
AF083768.1,3,5,202,204,3,ACA,ACA
AF083768.1,143,145,280,282,3,ACA,ACA
AF083768.1,143,145,190,192,3,ACA,ACA
AF083768.1,143,145,202,204,3,ACA,ACA
AF083768.1,25,27,134,136,3,ACA,ACA
AF083768.1,3,5,25,27,3,ACA,ACA
AF083768.1,25,27,143,145,3,ACA,ACA
AF083768.1,172,174,380,382,3,ACA,ACA
AF083768.1,136,138,380,382,3,ACA,ACA
AF083768.1,118,120,380,382,3,ACA,ACA
AF083768.1,157,159,380,382,3,ACA,ACA
AF083768.1,280,282,380,382,3,ACA,ACA
AF083768.1,190,192,380,382,3,ACA,ACA
AF083768.1,202,204,380,382,3,ACA,ACA
AF083768.1,25,27,380,382,3,ACA,ACA
AF083768.1,134,136,316,318,3,ACA,ACA
AF083768.1,3,5,316,318,3,ACA,ACA
AF083768.1,143,145,316,318,3,ACA,ACA
AF083768.1,67,69,316,318,3,ACA,ACA
AF083768.1,103,105,316,318,3,ACA,ACA
AF083768.1,280,282,316,318,3,ACA,ACA
AF083768.1,190,192,316,318,3,ACA,ACA
AF083768.1,202,204,316,318,3,ACA,ACA
AF083768.1,25,27,316,318,3,ACA,ACA
AF083768.1,134,136,337,339,3,ACA,ACA
AF083768.1,3,5,337,339,3,ACA,ACA
AF083768.1,143,145,337,339,3,ACA,ACA
AF083768.1,67,69,337,339,3,ACA,ACA
AF083768.1,103,105,337,339,3,ACA,ACA
AF083768.1,134,136,450,452,3,ACA,ACA
AF083768.1,3,5,450,452,3,ACA,ACA
AF083768.1,143,145,450,452,3,ACA,ACA
AF083768.1,67,69,450,452,3,ACA,ACA
AF083768.1,103,105,450,452,3,ACA,ACA
AF083768.1,172,174,337,339,3,ACA,ACA
AF083768.1,136,138,337,339,3,ACA,ACA
AF083768.1,118,120,337,339,3,ACA,ACA
AF083768.1,157,159,337,339,3,ACA,ACA
AF083768.1,172,174,450,452,3,ACA,ACA
AF083768.1,136,138,450,452,3,ACA,ACA
AF083768.1,118,120,450,452,3,ACA,ACA
AF083768.1,157,159,450,452,3,ACA,ACA
AF083768.1,25,27,337,339,3,ACA,ACA
AF083768.1,25,27,450,452,3,ACA,ACA
AF083768.1,296,298,316,318,3,ACA,ACA
AF083768.1,172,174,296,298,3,ACA,ACA
AF083768.1,136,138,296,298,3,ACA,ACA
AF083768.1,118,120,296,298,3,ACA,ACA
AF083768.1,157,159,296,298,3,ACA,ACA
AF083768.1,296,298,337,339,3,ACA,ACA
AF083768.1,296,298,450,452,3,ACA,ACA
AF083768.1,280,282,296,298,3,ACA,ACA
AF083768.1,190,192,296,298,3,ACA,ACA
AF083768.1,202,204,296,298,3,ACA,ACA
AF083768.1,25,27,296,298,3,ACA,ACA
AF083768.1,5,7,380,382,3,ACA,ACA
AF083768.1,5,7,134,136,3,ACA,ACA
AF083768.1,3,5,5,7,3,ACA,ACA
AF083768.1,5,7,143,145,3,ACA,ACA
AF083768.1,5,7,67,69,3,ACA,ACA
AF083768.1,5,7,103,105,3,ACA,ACA
AF083768.1,88,90,380,382,3,ACA,ACA
AF083768.1,88,90,134,136,3,ACA,ACA
AF083768.1,3,5,88,90,3,ACA,ACA
AF083768.1,88,90,143,145,3,ACA,ACA
AF083768.1,67,69,88,90,3,ACA,ACA
AF083768.1,88,90,103,105,3,ACA,ACA
AF083768.1,5,7,337,339,3,ACA,ACA
AF083768.1,5,7,450,452,3,ACA,ACA
AF083768.1,5,7,280,282,3,ACA,ACA
AF083768.1,5,7,190,192,3,ACA,ACA
AF083768.1,5,7,202,204,3,ACA,ACA
AF083768.1,88,90,337,339,3,ACA,ACA
AF083768.1,88,90,450,452,3,ACA,ACA
AF083768.1,88,90,280,282,3,ACA,ACA
AF083768.1,88,90,190,192,3,ACA,ACA
AF083768.1,88,90,202,204,3,ACA,ACA
AF083768.1,5,7,25,27,3,ACA,ACA
AF083768.1,25,27,88,90,3,ACA,ACA
AF083768.1,313,315,458,460,3,ACC,ACC
AF083768.1,36,42,265,271,7,AGAAAAA,AGAAAAA
AF083768.1,36,40,139,143,5,AGAAA,AGAAA
AF083768.1,36,40,292,296,5,AGAAA,AGAAA
AF083768.1,30,34,36,40,5,AGAAA,AGAAA
AF083768.1,36,40,43,47,5,AGAAA,AGAAA
AF083768.1,262,268,271,277,7,AGAAGAA,AGAAGAA
AF083768.1,271,277,289,295,7,AGAAGAA,AGAAGAA
AF083768.1,176,181,239,244,6,AGAAGG,AGAAGG
AF083768.1,121,126,239,244,6,AGAAGG,AGAAGG
AF083768.1,239,244,274,279,6,AGAAGG,AGAAGG
AF083768.1,239,244,283,288,6,AGAAGG,AGAAGG
AF083768.1,121,125,262,266,5,AGAAG,AGAAG
AF083768.1,121,125,289,293,5,AGAAG,AGAAG
AF083768.1,262,266,274,278,5,AGAAG,AGAAG
AF083768.1,274,278,289,293,5,AGAAG,AGAAG
AF083768.1,262,266,283,287,5,AGAAG,AGAAG
AF083768.1,283,287,289,293,5,AGAAG,AGAAG
AF083768.1,176,180,262,266,5,AGAAG,AGAAG
AF083768.1,176,180,289,293,5,AGAAG,AGAAG
AF083768.1,239,243,271,275,5,AGAAG,AGAAG
AF083768.1,36,39,271,274,4,AGAA,AGAA
AF083768.1,36,39,121,124,4,AGAA,AGAA
AF083768.1,36,39,274,277,4,AGAA,AGAA
AF083768.1,36,39,283,286,4,AGAA,AGAA
AF083768.1,36,39,176,179,4,AGAA,AGAA
AF083768.1,262,265,265,268,4,AGAA,AGAA
AF083768.1,139,142,262,265,4,AGAA,AGAA
AF083768.1,262,265,292,295,4,AGAA,AGAA
AF083768.1,30,33,262,265,4,AGAA,AGAA
AF083768.1,43,46,262,265,4,AGAA,AGAA
AF083768.1,265,268,289,292,4,AGAA,AGAA
AF083768.1,139,142,289,292,4,AGAA,AGAA
AF083768.1,289,292,292,295,4,AGAA,AGAA
AF083768.1,30,33,289,292,4,AGAA,AGAA
AF083768.1,43,46,289,292,4,AGAA,AGAA
AF083768.1,239,242,265,268,4,AGAA,AGAA
AF083768.1,139,142,239,242,4,AGAA,AGAA
AF083768.1,239,242,292,295,4,AGAA,AGAA
AF083768.1,30,33,239,242,4,AGAA,AGAA
AF083768.1,43,46,239,242,4,AGAA,AGAA
AF083768.1,271,274,455,458,4,AGAA,AGAA
AF083768.1,121,124,455,458,4,AGAA,AGAA
AF083768.1,274,277,455,458,4,AGAA,AGAA
AF083768.1,283,286,455,458,4,AGAA,AGAA
AF083768.1,176,179,455,458,4,AGAA,AGAA
AF083768.1,265,268,455,458,4,AGAA,AGAA
AF083768.1,139,142,455,458,4,AGAA,AGAA
AF083768.1,292,295,455,458,4,AGAA,AGAA
AF083768.1,30,33,455,458,4,AGAA,AGAA
AF083768.1,43,46,455,458,4,AGAA,AGAA
AF083768.1,12,18,435,441,7,AGAGAGA,AGAGAGA
AF083768.1,12,17,437,442,6,AGAGAG,AGAGAG
AF083768.1,435,440,437,442,6,AGAGAG,AGAGAG
AF083768.1,14,18,34,38,5,AGAGA,AGAGA
AF083768.1,34,38,437,441,5,AGAGA,AGAGA
AF083768.1,34,38,435,439,5,AGAGA,AGAGA
AF083768.1,12,16,14,18,5,AGAGA,AGAGA
AF083768.1,14,18,435,439,5,AGAGA,AGAGA
AF083768.1,36,38,200,202,3,AGA,AGA
AF083768.1,200,202,455,457,3,AGA,AGA
AF083768.1,200,202,262,264,3,AGA,AGA
AF083768.1,200,202,289,291,3,AGA,AGA
AF083768.1,200,202,239,241,3,AGA,AGA
AF083768.1,36,38,448,450,3,AGA,AGA
AF083768.1,448,450,455,457,3,AGA,AGA
AF083768.1,262,264,448,450,3,AGA,AGA
AF083768.1,289,291,448,450,3,AGA,AGA
AF083768.1,239,241,448,450,3,AGA,AGA
AF083768.1,77,79,265,267,3,AGA,AGA
AF083768.1,77,79,139,141,3,AGA,AGA
AF083768.1,77,79,292,294,3,AGA,AGA
AF083768.1,30,32,77,79,3,AGA,AGA
AF083768.1,43,45,77,79,3,AGA,AGA
AF083768.1,77,79,271,273,3,AGA,AGA
AF083768.1,77,79,121,123,3,AGA,AGA
AF083768.1,77,79,274,276,3,AGA,AGA
AF083768.1,77,79,283,285,3,AGA,AGA
AF083768.1,77,79,176,178,3,AGA,AGA
AF083768.1,34,36,77,79,3,AGA,AGA
AF083768.1,34,36,36,38,3,AGA,AGA
AF083768.1,34,36,455,457,3,AGA,AGA
AF083768.1,34,36,262,264,3,AGA,AGA
AF083768.1,34,36,289,291,3,AGA,AGA
AF083768.1,34,36,239,241,3,AGA,AGA
AF083768.1,12,14,77,79,3,AGA,AGA
AF083768.1,12,14,36,38,3,AGA,AGA
AF083768.1,12,14,455,457,3,AGA,AGA
AF083768.1,12,14,262,264,3,AGA,AGA
AF083768.1,12,14,289,291,3,AGA,AGA
AF083768.1,12,14,239,241,3,AGA,AGA
AF083768.1,77,79,128,130,3,AGA,AGA
AF083768.1,36,38,128,130,3,AGA,AGA
AF083768.1,128,130,455,457,3,AGA,AGA
AF083768.1,128,130,262,264,3,AGA,AGA
AF083768.1,128,130,289,291,3,AGA,AGA
AF083768.1,128,130,239,241,3,AGA,AGA
AF083768.1,77,79,160,162,3,AGA,AGA
AF083768.1,36,38,160,162,3,AGA,AGA
AF083768.1,160,162,455,457,3,AGA,AGA
AF083768.1,160,162,262,264,3,AGA,AGA
AF083768.1,160,162,289,291,3,AGA,AGA
AF083768.1,160,162,239,241,3,AGA,AGA
AF083768.1,200,202,437,439,3,AGA,AGA
AF083768.1,437,439,448,450,3,AGA,AGA
AF083768.1,265,267,437,439,3,AGA,AGA
AF083768.1,139,141,437,439,3,AGA,AGA
AF083768.1,292,294,437,439,3,AGA,AGA
AF083768.1,30,32,437,439,3,AGA,AGA
AF083768.1,43,45,437,439,3,AGA,AGA
AF083768.1,271,273,437,439,3,AGA,AGA
AF083768.1,121,123,437,439,3,AGA,AGA
AF083768.1,274,276,437,439,3,AGA,AGA
AF083768.1,283,285,437,439,3,AGA,AGA
AF083768.1,176,178,437,439,3,AGA,AGA
AF083768.1,14,16,200,202,3,AGA,AGA
AF083768.1,14,16,448,450,3,AGA,AGA
AF083768.1,14,16,265,267,3,AGA,AGA
AF083768.1,14,16,139,141,3,AGA,AGA
AF083768.1,14,16,292,294,3,AGA,AGA
AF083768.1,14,16,30,32,3,AGA,AGA
AF083768.1,14,16,43,45,3,AGA,AGA
AF083768.1,14,16,271,273,3,AGA,AGA
AF083768.1,14,16,121,123,3,AGA,AGA
AF083768.1,14,16,274,276,3,AGA,AGA
AF083768.1,14,16,283,285,3,AGA,AGA
AF083768.1,14,16,176,178,3,AGA,AGA
AF083768.1,200,202,439,441,3,AGA,AGA
AF083768.1,439,441,448,450,3,AGA,AGA
AF083768.1,265,267,439,441,3,AGA,AGA
AF083768.1,139,141,439,441,3,AGA,AGA
AF083768.1,292,294,439,441,3,AGA,AGA
AF083768.1,30,32,439,441,3,AGA,AGA
AF083768.1,43,45,439,441,3,AGA,AGA
AF083768.1,271,273,439,441,3,AGA,AGA
AF083768.1,121,123,439,441,3,AGA,AGA
AF083768.1,274,276,439,441,3,AGA,AGA
AF083768.1,283,285,439,441,3,AGA,AGA
AF083768.1,176,178,439,441,3,AGA,AGA
AF083768.1,200,202,435,437,3,AGA,AGA
AF083768.1,435,437,448,450,3,AGA,AGA
AF083768.1,265,267,435,437,3,AGA,AGA
AF083768.1,139,141,435,437,3,AGA,AGA
AF083768.1,292,294,435,437,3,AGA,AGA
AF083768.1,30,32,435,437,3,AGA,AGA
AF083768.1,43,45,435,437,3,AGA,AGA
AF083768.1,271,273,435,437,3,AGA,AGA
AF083768.1,121,123,435,437,3,AGA,AGA
AF083768.1,274,276,435,437,3,AGA,AGA
AF083768.1,283,285,435,437,3,AGA,AGA
AF083768.1,176,178,435,437,3,AGA,AGA
AF083768.1,77,79,435,437,3,AGA,AGA
AF083768.1,36,38,435,437,3,AGA,AGA
AF083768.1,435,437,455,457,3,AGA,AGA
AF083768.1,262,264,435,437,3,AGA,AGA
AF083768.1,289,291,435,437,3,AGA,AGA
AF083768.1,239,241,435,437,3,AGA,AGA
AF083768.1,47,49,437,439,3,AGA,AGA
AF083768.1,14,16,47,49,3,AGA,AGA
AF083768.1,47,49,439,441,3,AGA,AGA
AF083768.1,47,49,77,79,3,AGA,AGA
AF083768.1,36,38,47,49,3,AGA,AGA
AF083768.1,47,49,455,457,3,AGA,AGA
AF083768.1,47,49,262,264,3,AGA,AGA
AF083768.1,47,49,289,291,3,AGA,AGA
AF083768.1,47,49,239,241,3,AGA,AGA
AF083768.1,193,195,437,439,3,AGA,AGA
AF083768.1,14,16,193,195,3,AGA,AGA
AF083768.1,193,195,439,441,3,AGA,AGA
AF083768.1,77,79,193,195,3,AGA,AGA
AF083768.1,36,38,193,195,3,AGA,AGA
AF083768.1,193,195,455,457,3,AGA,AGA
AF083768.1,193,195,262,264,3,AGA,AGA
AF083768.1,193,195,289,291,3,AGA,AGA
AF083768.1,193,195,239,241,3,AGA,AGA
AF083768.1,205,207,437,439,3,AGA,AGA
AF083768.1,14,16,205,207,3,AGA,AGA
AF083768.1,205,207,439,441,3,AGA,AGA
AF083768.1,77,79,205,207,3,AGA,AGA
AF083768.1,36,38,205,207,3,AGA,AGA
AF083768.1,205,207,455,457,3,AGA,AGA
AF083768.1,205,207,262,264,3,AGA,AGA
AF083768.1,205,207,289,291,3,AGA,AGA
AF083768.1,205,207,239,241,3,AGA,AGA
AF083768.1,70,72,437,439,3,AGA,AGA
AF083768.1,14,16,70,72,3,AGA,AGA
AF083768.1,70,72,439,441,3,AGA,AGA
AF083768.1,70,72,77,79,3,AGA,AGA
AF083768.1,36,38,70,72,3,AGA,AGA
AF083768.1,70,72,455,457,3,AGA,AGA
AF083768.1,70,72,262,264,3,AGA,AGA
AF083768.1,70,72,289,291,3,AGA,AGA
AF083768.1,70,72,239,241,3,AGA,AGA
AF083768.1,47,49,435,437,3,AGA,AGA
AF083768.1,193,195,435,437,3,AGA,AGA
AF083768.1,205,207,435,437,3,AGA,AGA
AF083768.1,70,72,435,437,3,AGA,AGA
AF083768.1,34,36,382,384,3,AGA,AGA
AF083768.1,12,14,382,384,3,AGA,AGA
AF083768.1,128,130,382,384,3,AGA,AGA
AF083768.1,160,162,382,384,3,AGA,AGA
AF083768.1,200,202,382,384,3,AGA,AGA
AF083768.1,382,384,448,450,3,AGA,AGA
AF083768.1,265,267,382,384,3,AGA,AGA
AF083768.1,139,141,382,384,3,AGA,AGA
AF083768.1,292,294,382,384,3,AGA,AGA
AF083768.1,30,32,382,384,3,AGA,AGA
AF083768.1,43,45,382,384,3,AGA,AGA
AF083768.1,271,273,382,384,3,AGA,AGA
AF083768.1,121,123,382,384,3,AGA,AGA
AF083768.1,274,276,382,384,3,AGA,AGA
AF083768.1,283,285,382,384,3,AGA,AGA
AF083768.1,176,178,382,384,3,AGA,AGA
AF083768.1,382,384,437,439,3,AGA,AGA
AF083768.1,14,16,382,384,3,AGA,AGA
AF083768.1,382,384,439,441,3,AGA,AGA
AF083768.1,77,79,382,384,3,AGA,AGA
AF083768.1,36,38,382,384,3,AGA,AGA
AF083768.1,382,384,455,457,3,AGA,AGA
AF083768.1,262,264,382,384,3,AGA,AGA
AF083768.1,289,291,382,384,3,AGA,AGA
AF083768.1,239,241,382,384,3,AGA,AGA
AF083768.1,382,384,435,437,3,AGA,AGA
AF083768.1,16,18,34,36,3,AGA,AGA
AF083768.1,12,14,16,18,3,AGA,AGA
AF083768.1,16,18,128,130,3,AGA,AGA
AF083768.1,16,18,160,162,3,AGA,AGA
AF083768.1,16,18,200,202,3,AGA,AGA
AF083768.1,16,18,448,450,3,AGA,AGA
AF083768.1,16,18,265,267,3,AGA,AGA
AF083768.1,16,18,139,141,3,AGA,AGA
AF083768.1,16,18,292,294,3,AGA,AGA
AF083768.1,16,18,30,32,3,AGA,AGA
AF083768.1,16,18,43,45,3,AGA,AGA
AF083768.1,16,18,271,273,3,AGA,AGA
AF083768.1,16,18,121,123,3,AGA,AGA
AF083768.1,16,18,274,276,3,AGA,AGA
AF083768.1,16,18,283,285,3,AGA,AGA
AF083768.1,16,18,176,178,3,AGA,AGA
AF083768.1,16,18,435,437,3,AGA,AGA
AF083768.1,169,172,318,321,4,AGCA,AGCA
AF083768.1,115,118,318,321,4,AGCA,AGCA
AF083768.1,154,157,318,321,4,AGCA,AGCA
AF083768.1,169,172,321,324,4,AGCA,AGCA
AF083768.1,115,118,321,324,4,AGCA,AGCA
AF083768.1,154,157,321,324,4,AGCA,AGCA
AF083768.1,169,172,324,327,4,AGCA,AGCA
AF083768.1,115,118,324,327,4,AGCA,AGCA
AF083768.1,154,157,324,327,4,AGCA,AGCA
AF083768.1,124,129,352,357,6,AGGAAG,AGGAAG
AF083768.1,106,111,352,357,6,AGGAAG,AGGAAG
AF083768.1,124,128,130,134,5,AGGAA,AGGAA
AF083768.1,106,110,130,134,5,AGGAA,AGGAA
AF083768.1,286,292,452,458,7,AGGAGAA,AGGAGAA
AF083768.1,286,290,360,364,5,AGGAG,AGGAG
AF083768.1,95,99,286,290,5,AGGAG,AGGAG
AF083768.1,360,364,452,456,5,AGGAG,AGGAG
AF083768.1,95,99,452,456,5,AGGAG,AGGAG
AF083768.1,130,133,277,280,4,AGGA,AGGA
AF083768.1,277,280,352,355,4,AGGA,AGGA
AF083768.1,56,59,124,127,4,AGGA,AGGA
AF083768.1,56,59,106,109,4,AGGA,AGGA
AF083768.1,56,59,130,133,4,AGGA,AGGA
AF083768.1,56,59,352,355,4,AGGA,AGGA
AF083768.1,56,59,286,289,4,AGGA,AGGA
AF083768.1,130,133,286,289,4,AGGA,AGGA
AF083768.1,286,289,352,355,4,AGGA,AGGA
AF083768.1,277,280,452,455,4,AGGA,AGGA
AF083768.1,124,127,452,455,4,AGGA,AGGA
AF083768.1,106,109,452,455,4,AGGA,AGGA
AF083768.1,130,133,452,455,4,AGGA,AGGA
AF083768.1,352,355,452,455,4,AGGA,AGGA
AF083768.1,277,280,360,363,4,AGGA,AGGA
AF083768.1,124,127,360,363,4,AGGA,AGGA
AF083768.1,106,109,360,363,4,AGGA,AGGA
AF083768.1,95,98,277,280,4,AGGA,AGGA
AF083768.1,95,98,124,127,4,AGGA,AGGA
AF083768.1,95,98,106,109,4,AGGA,AGGA
AF083768.1,56,59,360,363,4,AGGA,AGGA
AF083768.1,56,59,95,98,4,AGGA,AGGA
AF083768.1,286,289,363,366,4,AGGA,AGGA
AF083768.1,277,280,363,366,4,AGGA,AGGA
AF083768.1,124,127,363,366,4,AGGA,AGGA
AF083768.1,106,109,363,366,4,AGGA,AGGA
AF083768.1,363,366,452,455,4,AGGA,AGGA
AF083768.1,56,59,363,366,4,AGGA,AGGA
AF083768.1,56,58,242,244,3,AGG,AGG
AF083768.1,242,244,452,454,3,AGG,AGG
AF083768.1,130,132,242,244,3,AGG,AGG
AF083768.1,242,244,352,354,3,AGG,AGG
AF083768.1,242,244,360,362,3,AGG,AGG
AF083768.1,95,97,242,244,3,AGG,AGG
AF083768.1,242,244,363,365,3,AGG,AGG
AF083768.1,98,100,124,126,3,AGG,AGG
AF083768.1,98,100,106,108,3,AGG,AGG
AF083768.1,98,100,277,279,3,AGG,AGG
AF083768.1,98,100,286,288,3,AGG,AGG
AF083768.1,56,58,98,100,3,AGG,AGG
AF083768.1,98,100,452,454,3,AGG,AGG
AF083768.1,56,58,221,223,3,AGG,AGG
AF083768.1,221,223,452,454,3,AGG,AGG
AF083768.1,56,58,179,181,3,AGG,AGG
AF083768.1,179,181,452,454,3,AGG,AGG
AF083768.1,56,58,110,112,3,AGG,AGG
AF083768.1,110,112,452,454,3,AGG,AGG
AF083768.1,56,58,347,349,3,AGG,AGG
AF083768.1,347,349,452,454,3,AGG,AGG
AF083768.1,98,100,221,223,3,AGG,AGG
AF083768.1,130,132,221,223,3,AGG,AGG
AF083768.1,221,223,352,354,3,AGG,AGG
AF083768.1,221,223,360,362,3,AGG,AGG
AF083768.1,95,97,221,223,3,AGG,AGG
AF083768.1,221,223,363,365,3,AGG,AGG
AF083768.1,98,100,179,181,3,AGG,AGG
AF083768.1,130,132,179,181,3,AGG,AGG
AF083768.1,179,181,352,354,3,AGG,AGG
AF083768.1,179,181,360,362,3,AGG,AGG
AF083768.1,95,97,179,181,3,AGG,AGG
AF083768.1,179,181,363,365,3,AGG,AGG
AF083768.1,98,100,110,112,3,AGG,AGG
AF083768.1,110,112,130,132,3,AGG,AGG
AF083768.1,110,112,352,354,3,AGG,AGG
AF083768.1,110,112,360,362,3,AGG,AGG
AF083768.1,95,97,110,112,3,AGG,AGG
AF083768.1,110,112,363,365,3,AGG,AGG
AF083768.1,98,100,347,349,3,AGG,AGG
AF083768.1,130,132,347,349,3,AGG,AGG
AF083768.1,347,349,352,354,3,AGG,AGG
AF083768.1,347,349,360,362,3,AGG,AGG
AF083768.1,95,97,347,349,3,AGG,AGG
AF083768.1,347,349,363,365,3,AGG,AGG
AF083768.1,242,244,441,443,3,AGG,AGG
AF083768.1,124,126,441,443,3,AGG,AGG
AF083768.1,106,108,441,443,3,AGG,AGG
AF083768.1,277,279,441,443,3,AGG,AGG
AF083768.1,286,288,441,443,3,AGG,AGG
AF083768.1,56,58,441,443,3,AGG,AGG
AF083768.1,441,443,452,454,3,AGG,AGG
AF083768.1,63,67,531,535,5,ATCAA,ATCAA
AF083768.1,63,67,195,199,5,ATCAA,ATCAA
AF083768.1,384,387,430,433,4,ATCT,ATCT
AF083768.1,430,433,525,528,4,ATCT,ATCT
AF083768.1,384,387,520,523,4,ATCT,ATCT
AF083768.1,384,387,469,472,4,ATCT,ATCT
AF083768.1,384,387,465,468,4,ATCT,ATCT
AF083768.1,465,468,520,523,4,ATCT,ATCT
AF083768.1,465,468,469,472,4,ATCT,ATCT
AF083768.1,465,468,525,528,4,ATCT,ATCT
AF083768.1,366,368,531,533,3,ATC,ATC
AF083768.1,72,74,531,533,3,ATC,ATC
AF083768.1,63,65,366,368,3,ATC,ATC
AF083768.1,298,300,366,368,3,ATC,ATC
AF083768.1,63,65,72,74,3,ATC,ATC
AF083768.1,72,74,298,300,3,ATC,ATC
AF083768.1,366,368,427,429,3,ATC,ATC
AF083768.1,72,74,427,429,3,ATC,ATC
AF083768.1,465,467,531,533,3,ATC,ATC
AF083768.1,430,432,531,533,3,ATC,ATC
AF083768.1,366,368,465,467,3,ATC,ATC
AF083768.1,72,74,465,467,3,ATC,ATC
AF083768.1,195,197,465,467,3,ATC,ATC
AF083768.1,366,368,430,432,3,ATC,ATC
AF083768.1,72,74,430,432,3,ATC,ATC
AF083768.1,195,197,430,432,3,ATC,ATC
AF083768.1,427,429,465,467,3,ATC,ATC
AF083768.1,427,429,430,432,3,ATC,ATC
AF083768.1,384,386,531,533,3,ATC,ATC
AF083768.1,63,65,384,386,3,ATC,ATC
AF083768.1,298,300,384,386,3,ATC,ATC
AF083768.1,384,386,427,429,3,ATC,ATC
AF083768.1,525,527,531,533,3,ATC,ATC
AF083768.1,520,522,531,533,3,ATC,ATC
AF083768.1,469,471,531,533,3,ATC,ATC
AF083768.1,63,65,525,527,3,ATC,ATC
AF083768.1,298,300,525,527,3,ATC,ATC
AF083768.1,63,65,520,522,3,ATC,ATC
AF083768.1,298,300,520,522,3,ATC,ATC
AF083768.1,63,65,469,471,3,ATC,ATC
AF083768.1,298,300,469,471,3,ATC,ATC
AF083768.1,366,368,525,527,3,ATC,ATC
AF083768.1,72,74,525,527,3,ATC,ATC
AF083768.1,195,197,525,527,3,ATC,ATC
AF083768.1,366,368,520,522,3,ATC,ATC
AF083768.1,72,74,520,522,3,ATC,ATC
AF083768.1,195,197,520,522,3,ATC,ATC
AF083768.1,366,368,469,471,3,ATC,ATC
AF083768.1,72,74,469,471,3,ATC,ATC
AF083768.1,195,197,469,471,3,ATC,ATC
AF083768.1,207,209,531,533,3,ATC,ATC
AF083768.1,207,209,465,467,3,ATC,ATC
AF083768.1,207,209,430,432,3,ATC,ATC
AF083768.1,63,65,207,209,3,ATC,ATC
AF083768.1,207,209,298,300,3,ATC,ATC
AF083768.1,207,209,525,527,3,ATC,ATC
AF083768.1,207,209,520,522,3,ATC,ATC
AF083768.1,207,209,469,471,3,ATC,ATC
AF083768.1,207,209,427,429,3,ATC,ATC
AF083768.1,501,507,549,555,7,ATGAAAA,ATGAAAA
AF083768.1,409,413,419,423,5,ATGTT,ATGTT
AF083768.1,409,413,482,486,5,ATGTT,ATGTT
AF083768.1,343,347,405,409,5,ATTAA,ATTAA
AF083768.1,343,347,401,405,5,ATTAA,ATTAA
AF083768.1,26,30,533,537,5,CAAAA,CAAAA
AF083768.1,245,249,533,537,5,CAAAA,CAAAA
AF083768.1,65,71,101,107,7,CAACAAG,CAACAAG
AF083768.1,117,124,135,142,8,CACAAGAA,CACAAGAA
AF083768.1,135,141,156,162,7,CACAAGA,CACAAGA
AF083768.1,4,7,171,174,4,CACA,CACA
AF083768.1,4,7,117,120,4,CACA,CACA
AF083768.1,4,7,156,159,4,CACA,CACA
AF083768.1,87,90,135,138,4,CACA,CACA
AF083768.1,87,90,171,174,4,CACA,CACA
AF083768.1,87,90,117,120,4,CACA,CACA
AF083768.1,87,90,156,159,4,CACA,CACA
AF083768.1,4,7,315,318,4,CACA,CACA
AF083768.1,135,138,315,318,4,CACA,CACA
AF083768.1,171,174,315,318,4,CACA,CACA
AF083768.1,117,120,315,318,4,CACA,CACA
AF083768.1,156,159,315,318,4,CACA,CACA
AF083768.1,317,325,320,328,9,CAGCAGCAG,CAGCAGCAG
AF083768.1,209,213,230,234,5,CCACG,CCACG
AF083768.1,209,213,251,255,5,CCACG,CCACG
AF083768.1,80,82,368,370,3,CGC,CGC
AF083768.1,74,76,257,259,3,CGG,CGG
AF083768.1,74,76,212,214,3,CGG,CGG
AF083768.1,146,148,460,462,3,CGT,CGT
AF083768.1,84,86,513,515,3,CTC,CTC
AF083768.1,37,43,551,557,7,GAAAAAA,GAAAAAA
AF083768.1,37,41,503,507,5,GAAAA,GAAAA
AF083768.1,266,270,503,507,5,GAAAA,GAAAA
AF083768.1,140,143,551,554,4,GAAA,GAAA
AF083768.1,140,143,503,506,4,GAAA,GAAA
AF083768.1,293,296,551,554,4,GAAA,GAAA
AF083768.1,293,296,503,506,4,GAAA,GAAA
AF083768.1,31,34,551,554,4,GAAA,GAAA
AF083768.1,31,34,503,506,4,GAAA,GAAA
AF083768.1,44,47,551,554,4,GAAA,GAAA
AF083768.1,44,47,503,506,4,GAAA,GAAA
AF083768.1,177,183,219,225,7,GAAGGTA,GAAGGTA
AF083768.1,108,113,177,182,6,GAAGGT,GAAGGT
AF083768.1,108,113,219,224,6,GAAGGT,GAAGGT
AF083768.1,108,112,122,126,5,GAAGG,GAAGG
AF083768.1,108,112,275,279,5,GAAGG,GAAGG
AF083768.1,108,112,284,288,5,GAAGG,GAAGG
AF083768.1,122,126,219,223,5,GAAGG,GAAGG
AF083768.1,219,223,275,279,5,GAAGG,GAAGG
AF083768.1,219,223,284,288,5,GAAGG,GAAGG
AF083768.1,108,112,240,244,5,GAAGG,GAAGG
AF083768.1,219,223,240,244,5,GAAGG,GAAGG
AF083768.1,122,125,126,129,4,GAAG,GAAG
AF083768.1,126,129,275,278,4,GAAG,GAAG
AF083768.1,126,129,284,287,4,GAAG,GAAG
AF083768.1,126,129,240,243,4,GAAG,GAAG
AF083768.1,126,129,177,180,4,GAAG,GAAG
AF083768.1,108,111,263,266,4,GAAG,GAAG
AF083768.1,108,111,290,293,4,GAAG,GAAG
AF083768.1,108,111,272,275,4,GAAG,GAAG
AF083768.1,219,222,263,266,4,GAAG,GAAG
AF083768.1,219,222,290,293,4,GAAG,GAAG
AF083768.1,219,222,272,275,4,GAAG,GAAG
AF083768.1,126,129,219,222,4,GAAG,GAAG
AF083768.1,122,125,354,357,4,GAAG,GAAG
AF083768.1,275,278,354,357,4,GAAG,GAAG
AF083768.1,284,287,354,357,4,GAAG,GAAG
AF083768.1,240,243,354,357,4,GAAG,GAAG
AF083768.1,177,180,354,357,4,GAAG,GAAG
AF083768.1,263,266,354,357,4,GAAG,GAAG
AF083768.1,290,293,354,357,4,GAAG,GAAG
AF083768.1,272,275,354,357,4,GAAG,GAAG
AF083768.1,219,222,354,357,4,GAAG,GAAG
AF083768.1,456,458,551,553,3,GAA,GAA
AF083768.1,456,458,503,505,3,GAA,GAA
AF083768.1,37,39,132,134,3,GAA,GAA
AF083768.1,132,134,266,268,3,GAA,GAA
AF083768.1,132,134,140,142,3,GAA,GAA
AF083768.1,132,134,293,295,3,GAA,GAA
AF083768.1,31,33,132,134,3,GAA,GAA
AF083768.1,44,46,132,134,3,GAA,GAA
AF083768.1,132,134,551,553,3,GAA,GAA
AF083768.1,132,134,503,505,3,GAA,GAA
AF083768.1,132,134,263,265,3,GAA,GAA
AF083768.1,132,134,290,292,3,GAA,GAA
AF083768.1,132,134,272,274,3,GAA,GAA
AF083768.1,122,124,132,134,3,GAA,GAA
AF083768.1,132,134,275,277,3,GAA,GAA
AF083768.1,132,134,284,286,3,GAA,GAA
AF083768.1,132,134,240,242,3,GAA,GAA
AF083768.1,132,134,177,179,3,GAA,GAA
AF083768.1,263,265,551,553,3,GAA,GAA
AF083768.1,263,265,503,505,3,GAA,GAA
AF083768.1,290,292,551,553,3,GAA,GAA
AF083768.1,290,292,503,505,3,GAA,GAA
AF083768.1,272,274,551,553,3,GAA,GAA
AF083768.1,272,274,503,505,3,GAA,GAA
AF083768.1,122,124,551,553,3,GAA,GAA
AF083768.1,122,124,503,505,3,GAA,GAA
AF083768.1,275,277,551,553,3,GAA,GAA
AF083768.1,275,277,503,505,3,GAA,GAA
AF083768.1,284,286,551,553,3,GAA,GAA
AF083768.1,284,286,503,505,3,GAA,GAA
AF083768.1,240,242,551,553,3,GAA,GAA
AF083768.1,240,242,503,505,3,GAA,GAA
AF083768.1,177,179,551,553,3,GAA,GAA
AF083768.1,177,179,503,505,3,GAA,GAA
AF083768.1,126,128,456,458,3,GAA,GAA
AF083768.1,37,39,126,128,3,GAA,GAA
AF083768.1,126,128,266,268,3,GAA,GAA
AF083768.1,126,128,140,142,3,GAA,GAA
AF083768.1,126,128,293,295,3,GAA,GAA
AF083768.1,31,33,126,128,3,GAA,GAA
AF083768.1,44,46,126,128,3,GAA,GAA
AF083768.1,108,110,456,458,3,GAA,GAA
AF083768.1,37,39,108,110,3,GAA,GAA
AF083768.1,108,110,266,268,3,GAA,GAA
AF083768.1,108,110,140,142,3,GAA,GAA
AF083768.1,108,110,293,295,3,GAA,GAA
AF083768.1,31,33,108,110,3,GAA,GAA
AF083768.1,44,46,108,110,3,GAA,GAA
AF083768.1,354,356,456,458,3,GAA,GAA
AF083768.1,37,39,354,356,3,GAA,GAA
AF083768.1,266,268,354,356,3,GAA,GAA
AF083768.1,140,142,354,356,3,GAA,GAA
AF083768.1,293,295,354,356,3,GAA,GAA
AF083768.1,31,33,354,356,3,GAA,GAA
AF083768.1,44,46,354,356,3,GAA,GAA
AF083768.1,126,128,551,553,3,GAA,GAA
AF083768.1,126,128,503,505,3,GAA,GAA
AF083768.1,108,110,551,553,3,GAA,GAA
AF083768.1,108,110,503,505,3,GAA,GAA
AF083768.1,354,356,551,553,3,GAA,GAA
AF083768.1,354,356,503,505,3,GAA,GAA
AF083768.1,219,221,456,458,3,GAA,GAA
AF083768.1,37,39,219,221,3,GAA,GAA
AF083768.1,219,221,266,268,3,GAA,GAA
AF083768.1,140,142,219,221,3,GAA,GAA
AF083768.1,219,221,293,295,3,GAA,GAA
AF083768.1,31,33,219,221,3,GAA,GAA
AF083768.1,44,46,219,221,3,GAA,GAA
AF083768.1,132,134,219,221,3,GAA,GAA
AF083768.1,263,265,373,375,3,GAA,GAA
AF083768.1,290,292,373,375,3,GAA,GAA
AF083768.1,272,274,373,375,3,GAA,GAA
AF083768.1,122,124,373,375,3,GAA,GAA
AF083768.1,275,277,373,375,3,GAA,GAA
AF083768.1,284,286,373,375,3,GAA,GAA
AF083768.1,240,242,373,375,3,GAA,GAA
AF083768.1,177,179,373,375,3,GAA,GAA
AF083768.1,373,375,456,458,3,GAA,GAA
AF083768.1,37,39,373,375,3,GAA,GAA
AF083768.1,266,268,373,375,3,GAA,GAA
AF083768.1,140,142,373,375,3,GAA,GAA
AF083768.1,293,295,373,375,3,GAA,GAA
AF083768.1,31,33,373,375,3,GAA,GAA
AF083768.1,44,46,373,375,3,GAA,GAA
AF083768.1,263,265,529,531,3,GAA,GAA
AF083768.1,290,292,529,531,3,GAA,GAA
AF083768.1,272,274,529,531,3,GAA,GAA
AF083768.1,122,124,529,531,3,GAA,GAA
AF083768.1,275,277,529,531,3,GAA,GAA
AF083768.1,284,286,529,531,3,GAA,GAA
AF083768.1,240,242,529,531,3,GAA,GAA
AF083768.1,177,179,529,531,3,GAA,GAA
AF083768.1,456,458,529,531,3,GAA,GAA
AF083768.1,37,39,529,531,3,GAA,GAA
AF083768.1,266,268,529,531,3,GAA,GAA
AF083768.1,140,142,529,531,3,GAA,GAA
AF083768.1,293,295,529,531,3,GAA,GAA
AF083768.1,31,33,529,531,3,GAA,GAA
AF083768.1,44,46,529,531,3,GAA,GAA
AF083768.1,126,128,373,375,3,GAA,GAA
AF083768.1,108,110,373,375,3,GAA,GAA
AF083768.1,354,356,373,375,3,GAA,GAA
AF083768.1,132,134,373,375,3,GAA,GAA
AF083768.1,126,128,529,531,3,GAA,GAA
AF083768.1,108,110,529,531,3,GAA,GAA
AF083768.1,354,356,529,531,3,GAA,GAA
AF083768.1,132,134,529,531,3,GAA,GAA
AF083768.1,189,197,201,209,9,GACAAGATC,GACAAGATC
AF083768.1,201,207,279,285,7,GACAAGA,GACAAGA
AF083768.1,189,195,279,285,7,GACAAGA,GACAAGA
AF083768.1,261,269,288,296,9,GAGAAGAAA,GAGAAGAAA
AF083768.1,35,39,454,458,5,GAGAA,GAGAA
AF083768.1,35,39,288,292,5,GAGAA,GAGAA
AF083768.1,35,39,238,242,5,GAGAA,GAGAA
AF083768.1,35,39,261,265,5,GAGAA,GAGAA
AF083768.1,261,265,454,458,5,GAGAA,GAGAA
AF083768.1,436,439,454,457,4,GAGA,GAGA
AF083768.1,288,291,436,439,4,GAGA,GAGA
AF083768.1,238,241,436,439,4,GAGA,GAGA
AF083768.1,13,16,454,457,4,GAGA,GAGA
AF083768.1,13,16,288,291,4,GAGA,GAGA
AF083768.1,13,16,238,241,4,GAGA,GAGA
AF083768.1,438,441,454,457,4,GAGA,GAGA
AF083768.1,288,291,438,441,4,GAGA,GAGA
AF083768.1,238,241,438,441,4,GAGA,GAGA
AF083768.1,261,264,436,439,4,GAGA,GAGA
AF083768.1,13,16,261,264,4,GAGA,GAGA
AF083768.1,261,264,438,441,4,GAGA,GAGA
AF083768.1,15,18,76,79,4,GAGA,GAGA
AF083768.1,15,18,454,457,4,GAGA,GAGA
AF083768.1,15,18,288,291,4,GAGA,GAGA
AF083768.1,15,18,238,241,4,GAGA,GAGA
AF083768.1,15,18,261,264,4,GAGA,GAGA
AF083768.1,76,79,436,439,4,GAGA,GAGA
AF083768.1,13,16,76,79,4,GAGA,GAGA
AF083768.1,76,79,438,441,4,GAGA,GAGA
AF083768.1,35,38,76,79,4,GAGA,GAGA
AF083768.1,76,79,261,264,4,GAGA,GAGA
AF083768.1,114,123,153,162,10,GAGCACAAGA,GAGCACAAGA
AF083768.1,153,160,168,175,8,GAGCACAA,GAGCACAA
AF083768.1,94,100,359,365,7,GAGGAGG,GAGGAGG
AF083768.1,94,98,129,133,5,GAGGA,GAGGA
AF083768.1,94,98,351,355,5,GAGGA,GAGGA
AF083768.1,129,133,359,363,5,GAGGA,GAGGA
AF083768.1,129,133,362,366,5,GAGGA,GAGGA
AF083768.1,359,363,362,366,5,GAGGA,GAGGA
AF083768.1,351,355,362,366,5,GAGGA,GAGGA
AF083768.1,97,100,440,443,4,GAGG,GAGG
AF083768.1,94,97,440,443,4,GAGG,GAGG
AF083768.1,362,365,440,443,4,GAGG,GAGG
AF083768.1,351,354,440,443,4,GAGG,GAGG
AF083768.1,359,362,440,443,4,GAGG,GAGG
AF083768.1,97,100,129,132,4,GAGG,GAGG
AF083768.1,97,100,351,354,4,GAGG,GAGG
AF083768.1,97,100,359,362,4,GAGG,GAGG
AF083768.1,35,37,153,155,3,GAG,GAG
AF083768.1,153,155,436,438,3,GAG,GAG
AF083768.1,13,15,153,155,3,GAG,GAG
AF083768.1,153,155,438,440,3,GAG,GAG
AF083768.1,15,17,153,155,3,GAG,GAG
AF083768.1,153,155,454,456,3,GAG,GAG
AF083768.1,153,155,288,290,3,GAG,GAG
AF083768.1,153,155,238,240,3,GAG,GAG
AF083768.1,76,78,153,155,3,GAG,GAG
AF083768.1,153,155,261,263,3,GAG,GAG
AF083768.1,35,37,168,170,3,GAG,GAG
AF083768.1,168,170,436,438,3,GAG,GAG
AF083768.1,13,15,168,170,3,GAG,GAG
AF083768.1,168,170,438,440,3,GAG,GAG
AF083768.1,15,17,168,170,3,GAG,GAG
AF083768.1,35,37,114,116,3,GAG,GAG
AF083768.1,114,116,436,438,3,GAG,GAG
AF083768.1,13,15,114,116,3,GAG,GAG
AF083768.1,114,116,438,440,3,GAG,GAG
AF083768.1,15,17,114,116,3,GAG,GAG
AF083768.1,168,170,454,456,3,GAG,GAG
AF083768.1,168,170,288,290,3,GAG,GAG
AF083768.1,168,170,238,240,3,GAG,GAG
AF083768.1,76,78,168,170,3,GAG,GAG
AF083768.1,114,116,454,456,3,GAG,GAG
AF083768.1,114,116,288,290,3,GAG,GAG
AF083768.1,114,116,238,240,3,GAG,GAG
AF083768.1,76,78,114,116,3,GAG,GAG
AF083768.1,129,131,153,155,3,GAG,GAG
AF083768.1,153,155,440,442,3,GAG,GAG
AF083768.1,129,131,454,456,3,GAG,GAG
AF083768.1,129,131,288,290,3,GAG,GAG
AF083768.1,129,131,238,240,3,GAG,GAG
AF083768.1,76,78,129,131,3,GAG,GAG
AF083768.1,440,442,454,456,3,GAG,GAG
AF083768.1,288,290,440,442,3,GAG,GAG
AF083768.1,238,240,440,442,3,GAG,GAG
AF083768.1,76,78,440,442,3,GAG,GAG
AF083768.1,129,131,168,170,3,GAG,GAG
AF083768.1,114,116,129,131,3,GAG,GAG
AF083768.1,129,131,261,263,3,GAG,GAG
AF083768.1,168,170,440,442,3,GAG,GAG
AF083768.1,114,116,440,442,3,GAG,GAG
AF083768.1,261,263,440,442,3,GAG,GAG
AF083768.1,35,37,94,96,3,GAG,GAG
AF083768.1,94,96,436,438,3,GAG,GAG
AF083768.1,13,15,94,96,3,GAG,GAG
AF083768.1,94,96,438,440,3,GAG,GAG
AF083768.1,15,17,94,96,3,GAG,GAG
AF083768.1,35,37,362,364,3,GAG,GAG
AF083768.1,362,364,436,438,3,GAG,GAG
AF083768.1,13,15,362,364,3,GAG,GAG
AF083768.1,362,364,438,440,3,GAG,GAG
AF083768.1,15,17,362,364,3,GAG,GAG
AF083768.1,35,37,97,99,3,GAG,GAG
AF083768.1,97,99,436,438,3,GAG,GAG
AF083768.1,13,15,97,99,3,GAG,GAG
AF083768.1,97,99,438,440,3,GAG,GAG
AF083768.1,15,17,97,99,3,GAG,GAG
AF083768.1,94,96,153,155,3,GAG,GAG
AF083768.1,153,155,362,364,3,GAG,GAG
AF083768.1,97,99,153,155,3,GAG,GAG
AF083768.1,94,96,168,170,3,GAG,GAG
AF083768.1,94,96,114,116,3,GAG,GAG
AF083768.1,94,96,261,263,3,GAG,GAG
AF083768.1,168,170,362,364,3,GAG,GAG
AF083768.1,114,116,362,364,3,GAG,GAG
AF083768.1,261,263,362,364,3,GAG,GAG
AF083768.1,97,99,168,170,3,GAG,GAG
AF083768.1,97,99,114,116,3,GAG,GAG
AF083768.1,97,99,261,263,3,GAG,GAG
AF083768.1,35,37,351,353,3,GAG,GAG
AF083768.1,351,353,436,438,3,GAG,GAG
AF083768.1,13,15,351,353,3,GAG,GAG
AF083768.1,351,353,438,440,3,GAG,GAG
AF083768.1,15,17,351,353,3,GAG,GAG
AF083768.1,35,37,359,361,3,GAG,GAG
AF083768.1,359,361,436,438,3,GAG,GAG
AF083768.1,13,15,359,361,3,GAG,GAG
AF083768.1,359,361,438,440,3,GAG,GAG
AF083768.1,15,17,359,361,3,GAG,GAG
AF083768.1,153,155,351,353,3,GAG,GAG
AF083768.1,153,155,359,361,3,GAG,GAG
AF083768.1,351,353,454,456,3,GAG,GAG
AF083768.1,288,290,351,353,3,GAG,GAG
AF083768.1,238,240,351,353,3,GAG,GAG
AF083768.1,76,78,351,353,3,GAG,GAG
AF083768.1,359,361,454,456,3,GAG,GAG
AF083768.1,288,290,359,361,3,GAG,GAG
AF083768.1,238,240,359,361,3,GAG,GAG
AF083768.1,76,78,359,361,3,GAG,GAG
AF083768.1,153,155,161,163,3,GAG,GAG
AF083768.1,94,96,161,163,3,GAG,GAG
AF083768.1,161,163,362,364,3,GAG,GAG
AF083768.1,97,99,161,163,3,GAG,GAG
AF083768.1,161,163,454,456,3,GAG,GAG
AF083768.1,161,163,288,290,3,GAG,GAG
AF083768.1,161,163,238,240,3,GAG,GAG
AF083768.1,76,78,161,163,3,GAG,GAG
AF083768.1,161,163,351,353,3,GAG,GAG
AF083768.1,161,163,359,361,3,GAG,GAG
AF083768.1,161,163,168,170,3,GAG,GAG
AF083768.1,114,116,161,163,3,GAG,GAG
AF083768.1,161,163,261,263,3,GAG,GAG
AF083768.1,237,243,287,293,7,GGAGAAG,GGAGAAG
AF083768.1,75,79,453,457,5,GGAGA,GGAGA
AF083768.1,75,79,287,291,5,GGAGA,GGAGA
AF083768.1,237,240,361,364,4,GGAG,GGAG
AF083768.1,75,78,361,364,4,GGAG,GGAG
AF083768.1,96,99,237,240,4,GGAG,GGAG
AF083768.1,75,78,96,99,4,GGAG,GGAG
AF083768.1,93,96,453,456,4,GGAG,GGAG
AF083768.1,93,96,287,290,4,GGAG,GGAG
AF083768.1,93,96,237,240,4,GGAG,GGAG
AF083768.1,75,78,93,96,4,GGAG,GGAG
AF083768.1,243,245,394,396,3,GGC,GGC
AF083768.1,99,101,394,396,3,GGC,GGC
AF083768.1,111,121,165,175,11,GGTGAGCACAA,GGTGAGCACAA
AF083768.1,258,263,348,353,6,GGTGAG,GGTGAG
AF083768.1,165,170,348,353,6,GGTGAG,GGTGAG
AF083768.1,111,116,258,263,6,GGTGAG,GGTGAG
AF083768.1,165,170,258,263,6,GGTGAG,GGTGAG
AF083768.1,223,225,518,520,3,GTA,GTA
AF083768.1,223,225,417,419,3,GTA,GTA
AF083768.1,349,355,357,363,7,GTGAGGA,GTGAGGA
AF083768.1,163,169,214,220,7,GTGGTGA,GTGGTGA
AF083768.1,468,472,524,528,5,TATCT,TATCT
AF083768.1,519,523,524,528,5,TATCT,TATCT
AF083768.1,299,303,514,518,5,TCATG,TCATG
AF083768.1,499,503,514,518,5,TCATG,TCATG
AF083768.1,423,429,521,527,7,TCTTATC,TCTTATC
AF083768.1,528,531,550,553,4,TGAA,TGAA
AF083768.1,502,505,528,531,4,TGAA,TGAA
AF083768.1,372,375,550,553,4,TGAA,TGAA
AF083768.1,372,375,502,505,4,TGAA,TGAA
AF083768.1,218,221,550,553,4,TGAA,TGAA
AF083768.1,218,221,502,505,4,TGAA,TGAA
AF083768.1,218,221,528,531,4,TGAA,TGAA
AF083768.1,218,221,372,375,4,TGAA,TGAA
AF083768.1,188,190,550,552,3,TGA,TGA
AF083768.1,188,190,502,504,3,TGA,TGA
AF083768.1,149,151,550,552,3,TGA,TGA
AF083768.1,149,151,502,504,3,TGA,TGA
AF083768.1,188,190,528,530,3,TGA,TGA
AF083768.1,149,151,528,530,3,TGA,TGA
AF083768.1,188,190,218,220,3,TGA,TGA
AF083768.1,149,151,218,220,3,TGA,TGA
AF083768.1,260,262,550,552,3,TGA,TGA
AF083768.1,260,262,502,504,3,TGA,TGA
AF083768.1,167,169,550,552,3,TGA,TGA
AF083768.1,167,169,502,504,3,TGA,TGA
AF083768.1,113,115,550,552,3,TGA,TGA
AF083768.1,113,115,502,504,3,TGA,TGA
AF083768.1,350,352,550,552,3,TGA,TGA
AF083768.1,350,352,502,504,3,TGA,TGA
AF083768.1,358,360,550,552,3,TGA,TGA
AF083768.1,358,360,502,504,3,TGA,TGA
AF083768.1,260,262,528,530,3,TGA,TGA
AF083768.1,167,169,528,530,3,TGA,TGA
AF083768.1,113,115,528,530,3,TGA,TGA
AF083768.1,350,352,528,530,3,TGA,TGA
AF083768.1,358,360,528,530,3,TGA,TGA
AF083768.1,188,190,260,262,3,TGA,TGA
AF083768.1,149,151,260,262,3,TGA,TGA
AF083768.1,260,262,372,374,3,TGA,TGA
AF083768.1,167,169,188,190,3,TGA,TGA
AF083768.1,149,151,167,169,3,TGA,TGA
AF083768.1,167,169,372,374,3,TGA,TGA
AF083768.1,113,115,188,190,3,TGA,TGA
AF083768.1,113,115,149,151,3,TGA,TGA
AF083768.1,113,115,372,374,3,TGA,TGA
AF083768.1,188,190,350,352,3,TGA,TGA
AF083768.1,149,151,350,352,3,TGA,TGA
AF083768.1,350,352,372,374,3,TGA,TGA
AF083768.1,188,190,358,360,3,TGA,TGA
AF083768.1,149,151,358,360,3,TGA,TGA
AF083768.1,358,360,372,374,3,TGA,TGA
AF083768.1,302,304,528,530,3,TGA,TGA
AF083768.1,305,307,528,530,3,TGA,TGA
AF083768.1,260,262,302,304,3,TGA,TGA
AF083768.1,167,169,302,304,3,TGA,TGA
AF083768.1,113,115,302,304,3,TGA,TGA
AF083768.1,302,304,350,352,3,TGA,TGA
AF083768.1,302,304,358,360,3,TGA,TGA
AF083768.1,218,220,302,304,3,TGA,TGA
AF083768.1,260,262,305,307,3,TGA,TGA
AF083768.1,167,169,305,307,3,TGA,TGA
AF083768.1,113,115,305,307,3,TGA,TGA
AF083768.1,305,307,350,352,3,TGA,TGA
AF083768.1,305,307,358,360,3,TGA,TGA
AF083768.1,218,220,305,307,3,TGA,TGA
AF083768.1,188,190,302,304,3,TGA,TGA
AF083768.1,149,151,302,304,3,TGA,TGA
AF083768.1,302,304,372,374,3,TGA,TGA
AF083768.1,188,190,305,307,3,TGA,TGA
AF083768.1,149,151,305,307,3,TGA,TGA
AF083768.1,305,307,372,374,3,TGA,TGA
AF083768.1,547,549,550,552,3,TGA,TGA
AF083768.1,502,504,547,549,3,TGA,TGA
AF083768.1,528,530,547,549,3,TGA,TGA
AF083768.1,260,262,547,549,3,TGA,TGA
AF083768.1,167,169,547,549,3,TGA,TGA
AF083768.1,113,115,547,549,3,TGA,TGA
AF083768.1,350,352,547,549,3,TGA,TGA
AF083768.1,358,360,547,549,3,TGA,TGA
AF083768.1,218,220,547,549,3,TGA,TGA
AF083768.1,185,188,483,486,4,TGTT,TGTT
AF083768.1,410,413,489,492,4,TGTT,TGTT
AF083768.1,185,188,489,492,4,TGTT,TGTT
AF083768.1,420,423,478,481,4,TGTT,TGTT
AF083768.1,420,423,489,492,4,TGTT,TGTT
AF083768.1,185,188,420,423,4,TGTT,TGTT
AF083768.1,478,481,483,486,4,TGTT,TGTT
AF083768.1,410,413,478,481,4,TGTT,TGTT
AF083768.1,478,481,489,492,4,TGTT,TGTT
AF083768.1,20,24,406,410,5,TTAAT,TTAAT
AF083768.1,20,24,402,406,5,TTAAT,TTAAT

Total for length 3 is 1204.
Total for length 4 is 414.
Total for length 5 is 158.
Total for length 6 is 50.
Total for length 7 is 27.
Total for length 8 is 10.
Total for length 9 is 4.
Total for length 10 is 4.
Total for length 11 is 2.
Total for length 12 is 1.
Total for length 13 is 1.
Total for length 14 is 2.

