Input file is sequence3.fasta.
Minimal fragment length is 3.
Working with probability estimation.
P value is : 0.050000.
Printing all instances.
Looking for direct complementary repeats.
AF083768.1 Alphabet size is 4.
Input sequence has 0 letters that are not in expected alphabet.
AF083768.1,268,274,491,497,7,AAAAGAA,TTTTCTT
AF083768.1,40,46,491,497,7,AAAAGAA,TTTTCTT
AF083768.1,28,32,485,489,5,AAAGA,TTTCT
AF083768.1,41,45,485,489,5,AAAGA,TTTCT
AF083768.1,269,273,485,489,5,AAAGA,TTTCT
AF083768.1,198,202,492,496,5,AAAGA,TTTCT
AF083768.1,446,450,492,496,5,AAAGA,TTTCT
AF083768.1,10,14,485,489,5,AAAGA,TTTCT
AF083768.1,32,36,492,496,5,AAAGA,TTTCT
AF083768.1,32,36,485,489,5,AAAGA,TTTCT
AF083768.1,45,49,492,496,5,AAAGA,TTTCT
AF083768.1,45,49,485,489,5,AAAGA,TTTCT
AF083768.1,1,3,491,493,3,AAA,TTT
AF083768.1,378,380,491,493,3,AAA,TTT
AF083768.1,39,41,472,474,3,AAA,TTT
AF083768.1,40,42,472,474,3,AAA,TTT
AF083768.1,268,270,472,474,3,AAA,TTT
AF083768.1,141,143,491,493,3,AAA,TTT
AF083768.1,294,296,491,493,3,AAA,TTT
AF083768.1,27,29,472,474,3,AAA,TTT
AF083768.1,246,248,472,474,3,AAA,TTT
AF083768.1,377,379,472,474,3,AAA,TTT
AF083768.1,9,11,472,474,3,AAA,TTT
AF083768.1,225,227,472,474,3,AAA,TTT
AF083768.1,39,41,545,547,3,AAA,TTT
AF083768.1,40,42,545,547,3,AAA,TTT
AF083768.1,268,270,545,547,3,AAA,TTT
AF083768.1,535,537,545,547,3,AAA,TTT
AF083768.1,534,536,545,547,3,AAA,TTT
AF083768.1,27,29,545,547,3,AAA,TTT
AF083768.1,246,248,545,547,3,AAA,TTT
AF083768.1,38,40,545,547,3,AAA,TTT
AF083768.1,267,269,545,547,3,AAA,TTT
AF083768.1,504,506,545,547,3,AAA,TTT
AF083768.1,1,3,492,494,3,AAA,TTT
AF083768.1,28,30,491,493,3,AAA,TTT
AF083768.1,41,43,491,493,3,AAA,TTT
AF083768.1,27,29,492,494,3,AAA,TTT
AF083768.1,246,248,492,494,3,AAA,TTT
AF083768.1,269,271,491,493,3,AAA,TTT
AF083768.1,10,12,491,493,3,AAA,TTT
AF083768.1,226,228,491,493,3,AAA,TTT
AF083768.1,247,249,491,493,3,AAA,TTT
AF083768.1,28,30,472,474,3,AAA,TTT
AF083768.1,41,43,472,474,3,AAA,TTT
AF083768.1,141,143,492,494,3,AAA,TTT
AF083768.1,294,296,492,494,3,AAA,TTT
AF083768.1,38,40,492,494,3,AAA,TTT
AF083768.1,267,269,492,494,3,AAA,TTT
AF083768.1,269,271,472,474,3,AAA,TTT
AF083768.1,10,12,472,474,3,AAA,TTT
AF083768.1,226,228,472,474,3,AAA,TTT
AF083768.1,247,249,472,474,3,AAA,TTT
AF083768.1,28,30,545,547,3,AAA,TTT
AF083768.1,41,43,545,547,3,AAA,TTT
AF083768.1,377,379,492,494,3,AAA,TTT
AF083768.1,9,11,492,494,3,AAA,TTT
AF083768.1,225,227,492,494,3,AAA,TTT
AF083768.1,269,271,545,547,3,AAA,TTT
AF083768.1,10,12,545,547,3,AAA,TTT
AF083768.1,226,228,545,547,3,AAA,TTT
AF083768.1,247,249,545,547,3,AAA,TTT
AF083768.1,1,3,485,487,3,AAA,TTT
AF083768.1,378,380,485,487,3,AAA,TTT
AF083768.1,39,41,485,487,3,AAA,TTT
AF083768.1,40,42,485,487,3,AAA,TTT
AF083768.1,268,270,485,487,3,AAA,TTT
AF083768.1,174,176,472,474,3,AAA,TTT
AF083768.1,141,143,485,487,3,AAA,TTT
AF083768.1,294,296,485,487,3,AAA,TTT
AF083768.1,38,40,485,487,3,AAA,TTT
AF083768.1,267,269,485,487,3,AAA,TTT
AF083768.1,198,200,472,474,3,AAA,TTT
AF083768.1,174,176,545,547,3,AAA,TTT
AF083768.1,377,379,485,487,3,AAA,TTT
AF083768.1,9,11,485,487,3,AAA,TTT
AF083768.1,225,227,485,487,3,AAA,TTT
AF083768.1,198,200,545,547,3,AAA,TTT
AF083768.1,32,34,491,493,3,AAA,TTT
AF083768.1,45,47,491,493,3,AAA,TTT
AF083768.1,32,34,545,547,3,AAA,TTT
AF083768.1,45,47,545,547,3,AAA,TTT
AF083768.1,446,448,491,493,3,AAA,TTT
AF083768.1,446,448,472,474,3,AAA,TTT
AF083768.1,536,538,545,547,3,AAA,TTT
AF083768.1,505,507,545,547,3,AAA,TTT
AF083768.1,1,3,19,21,3,AAA,TTT
AF083768.1,10,12,19,21,3,AAA,TTT
AF083768.1,66,70,477,481,5,AACAA,TTGTT
AF083768.1,102,106,477,481,5,AACAA,TTGTT
AF083768.1,66,70,184,188,5,AACAA,TTGTT
AF083768.1,102,106,184,188,5,AACAA,TTGTT
AF083768.1,2,4,91,93,3,AAC,TTG
AF083768.1,66,68,91,93,3,AAC,TTG
AF083768.1,66,68,473,475,3,AAC,TTG
AF083768.1,102,104,473,475,3,AAC,TTG
AF083768.1,457,459,473,475,3,AAC,TTG
AF083768.1,133,135,473,475,3,AAC,TTG
AF083768.1,2,4,412,414,3,AAC,TTG
AF083768.1,142,144,412,414,3,AAC,TTG
AF083768.1,379,381,412,414,3,AAC,TTG
AF083768.1,295,297,412,414,3,AAC,TTG
AF083768.1,133,135,412,414,3,AAC,TTG
AF083768.1,66,68,546,548,3,AAC,TTG
AF083768.1,102,104,546,548,3,AAC,TTG
AF083768.1,457,459,546,548,3,AAC,TTG
AF083768.1,133,135,546,548,3,AAC,TTG
AF083768.1,2,4,148,150,3,AAC,TTG
AF083768.1,142,144,148,150,3,AAC,TTG
AF083768.1,2,4,187,189,3,AAC,TTG
AF083768.1,142,144,187,189,3,AAC,TTG
AF083768.1,133,135,148,150,3,AAC,TTG
AF083768.1,133,135,187,189,3,AAC,TTG
AF083768.1,2,4,371,373,3,AAC,TTG
AF083768.1,142,144,371,373,3,AAC,TTG
AF083768.1,295,297,371,373,3,AAC,TTG
AF083768.1,66,68,371,373,3,AAC,TTG
AF083768.1,102,104,371,373,3,AAC,TTG
AF083768.1,120,124,493,497,5,AAGAA,TTCTT
AF083768.1,282,286,493,497,5,AAGAA,TTCTT
AF083768.1,138,142,493,497,5,AAGAA,TTCTT
AF083768.1,273,277,493,497,5,AAGAA,TTCTT
AF083768.1,264,268,493,497,5,AAGAA,TTCTT
AF083768.1,291,295,493,497,5,AAGAA,TTCTT
AF083768.1,270,274,422,426,5,AAGAA,TTCTT
AF083768.1,175,179,422,426,5,AAGAA,TTCTT
AF083768.1,29,33,422,426,5,AAGAA,TTCTT
AF083768.1,42,46,422,426,5,AAGAA,TTCTT
AF083768.1,273,277,422,426,5,AAGAA,TTCTT
AF083768.1,264,268,422,426,5,AAGAA,TTCTT
AF083768.1,291,295,422,426,5,AAGAA,TTCTT
AF083768.1,138,141,486,489,4,AAGA,TTCT
AF083768.1,120,123,486,489,4,AAGA,TTCT
AF083768.1,282,285,486,489,4,AAGA,TTCT
AF083768.1,199,202,422,425,4,AAGA,TTCT
AF083768.1,264,267,486,489,4,AAGA,TTCT
AF083768.1,291,294,486,489,4,AAGA,TTCT
AF083768.1,273,276,486,489,4,AAGA,TTCT
AF083768.1,29,32,390,393,4,AAGA,TTCT
AF083768.1,42,45,390,393,4,AAGA,TTCT
AF083768.1,270,273,390,393,4,AAGA,TTCT
AF083768.1,175,178,390,393,4,AAGA,TTCT
AF083768.1,264,267,390,393,4,AAGA,TTCT
AF083768.1,291,294,390,393,4,AAGA,TTCT
AF083768.1,273,276,390,393,4,AAGA,TTCT
AF083768.1,33,36,390,393,4,AAGA,TTCT
AF083768.1,33,36,422,425,4,AAGA,TTCT
AF083768.1,11,14,390,393,4,AAGA,TTCT
AF083768.1,11,14,422,425,4,AAGA,TTCT
AF083768.1,159,162,486,489,4,AAGA,TTCT
AF083768.1,159,162,493,496,4,AAGA,TTCT
AF083768.1,127,130,486,489,4,AAGA,TTCT
AF083768.1,127,130,493,496,4,AAGA,TTCT
AF083768.1,127,130,390,393,4,AAGA,TTCT
AF083768.1,127,130,422,425,4,AAGA,TTCT
AF083768.1,46,49,390,393,4,AAGA,TTCT
AF083768.1,46,49,422,425,4,AAGA,TTCT
AF083768.1,192,195,486,489,4,AAGA,TTCT
AF083768.1,192,195,493,496,4,AAGA,TTCT
AF083768.1,204,207,486,489,4,AAGA,TTCT
AF083768.1,204,207,493,496,4,AAGA,TTCT
AF083768.1,69,72,486,489,4,AAGA,TTCT
AF083768.1,69,72,493,496,4,AAGA,TTCT
AF083768.1,22,29,480,487,8,AATACAAA,TTATGTTT
AF083768.1,25,33,489,497,9,ACAAAAGAA,TGTTTTCTT
AF083768.1,136,142,420,426,7,ACAAGAA,TGTTCTT
AF083768.1,118,124,420,426,7,ACAAGAA,TGTTCTT
AF083768.1,280,286,420,426,7,ACAAGAA,TGTTCTT
AF083768.1,67,72,420,425,6,ACAAGA,TGTTCT
AF083768.1,190,195,420,425,6,ACAAGA,TGTTCT
AF083768.1,202,207,420,425,6,ACAAGA,TGTTCT
AF083768.1,157,162,420,425,6,ACAAGA,TGTTCT
AF083768.1,172,175,185,188,4,ACAA,TGTT
AF083768.1,25,28,185,188,4,ACAA,TGTT
AF083768.1,172,175,410,413,4,ACAA,TGTT
AF083768.1,67,70,489,492,4,ACAA,TGTT
AF083768.1,103,106,489,492,4,ACAA,TGTT
AF083768.1,67,70,410,413,4,ACAA,TGTT
AF083768.1,67,70,483,486,4,ACAA,TGTT
AF083768.1,103,106,410,413,4,ACAA,TGTT
AF083768.1,103,106,483,486,4,ACAA,TGTT
AF083768.1,136,139,185,188,4,ACAA,TGTT
AF083768.1,118,121,185,188,4,ACAA,TGTT
AF083768.1,157,160,185,188,4,ACAA,TGTT
AF083768.1,136,139,489,492,4,ACAA,TGTT
AF083768.1,118,121,489,492,4,ACAA,TGTT
AF083768.1,157,160,489,492,4,ACAA,TGTT
AF083768.1,136,139,410,413,4,ACAA,TGTT
AF083768.1,136,139,483,486,4,ACAA,TGTT
AF083768.1,118,121,410,413,4,ACAA,TGTT
AF083768.1,118,121,483,486,4,ACAA,TGTT
AF083768.1,157,160,410,413,4,ACAA,TGTT
AF083768.1,157,160,483,486,4,ACAA,TGTT
AF083768.1,280,283,410,413,4,ACAA,TGTT
AF083768.1,280,283,483,486,4,ACAA,TGTT
AF083768.1,190,193,410,413,4,ACAA,TGTT
AF083768.1,190,193,483,486,4,ACAA,TGTT
AF083768.1,202,205,410,413,4,ACAA,TGTT
AF083768.1,202,205,483,486,4,ACAA,TGTT
AF083768.1,172,175,420,423,4,ACAA,TGTT
AF083768.1,136,139,478,481,4,ACAA,TGTT
AF083768.1,118,121,478,481,4,ACAA,TGTT
AF083768.1,157,160,478,481,4,ACAA,TGTT
AF083768.1,172,175,478,481,4,ACAA,TGTT
AF083768.1,280,283,478,481,4,ACAA,TGTT
AF083768.1,190,193,478,481,4,ACAA,TGTT
AF083768.1,202,205,478,481,4,ACAA,TGTT
AF083768.1,25,28,478,481,4,ACAA,TGTT
AF083768.1,134,136,489,491,3,ACA,TGT
AF083768.1,3,5,489,491,3,ACA,TGT
AF083768.1,143,145,489,491,3,ACA,TGT
AF083768.1,134,136,483,485,3,ACA,TGT
AF083768.1,134,136,410,412,3,ACA,TGT
AF083768.1,134,136,420,422,3,ACA,TGT
AF083768.1,3,5,483,485,3,ACA,TGT
AF083768.1,3,5,410,412,3,ACA,TGT
AF083768.1,3,5,420,422,3,ACA,TGT
AF083768.1,143,145,483,485,3,ACA,TGT
AF083768.1,143,145,410,412,3,ACA,TGT
AF083768.1,143,145,420,422,3,ACA,TGT
AF083768.1,172,174,497,499,3,ACA,TGT
AF083768.1,136,138,497,499,3,ACA,TGT
AF083768.1,118,120,497,499,3,ACA,TGT
AF083768.1,157,159,497,499,3,ACA,TGT
AF083768.1,380,382,489,491,3,ACA,TGT
AF083768.1,280,282,497,499,3,ACA,TGT
AF083768.1,190,192,497,499,3,ACA,TGT
AF083768.1,202,204,497,499,3,ACA,TGT
AF083768.1,380,382,483,485,3,ACA,TGT
AF083768.1,380,382,410,412,3,ACA,TGT
AF083768.1,380,382,420,422,3,ACA,TGT
AF083768.1,25,27,497,499,3,ACA,TGT
AF083768.1,316,318,478,480,3,ACA,TGT
AF083768.1,134,136,329,331,3,ACA,TGT
AF083768.1,3,5,329,331,3,ACA,TGT
AF083768.1,143,145,329,331,3,ACA,TGT
AF083768.1,67,69,329,331,3,ACA,TGT
AF083768.1,103,105,329,331,3,ACA,TGT
AF083768.1,316,318,489,491,3,ACA,TGT
AF083768.1,280,282,329,331,3,ACA,TGT
AF083768.1,190,192,329,331,3,ACA,TGT
AF083768.1,202,204,329,331,3,ACA,TGT
AF083768.1,316,318,483,485,3,ACA,TGT
AF083768.1,316,318,410,412,3,ACA,TGT
AF083768.1,316,318,420,422,3,ACA,TGT
AF083768.1,25,27,329,331,3,ACA,TGT
AF083768.1,337,339,478,480,3,ACA,TGT
AF083768.1,450,452,478,480,3,ACA,TGT
AF083768.1,337,339,483,485,3,ACA,TGT
AF083768.1,337,339,410,412,3,ACA,TGT
AF083768.1,337,339,420,422,3,ACA,TGT
AF083768.1,450,452,483,485,3,ACA,TGT
AF083768.1,296,298,329,331,3,ACA,TGT
AF083768.1,296,298,489,491,3,ACA,TGT
AF083768.1,296,298,483,485,3,ACA,TGT
AF083768.1,296,298,410,412,3,ACA,TGT
AF083768.1,296,298,420,422,3,ACA,TGT
AF083768.1,5,7,497,499,3,ACA,TGT
AF083768.1,5,7,185,187,3,ACA,TGT
AF083768.1,5,7,478,480,3,ACA,TGT
AF083768.1,88,90,497,499,3,ACA,TGT
AF083768.1,88,90,185,187,3,ACA,TGT
AF083768.1,88,90,478,480,3,ACA,TGT
AF083768.1,5,7,489,491,3,ACA,TGT
AF083768.1,88,90,489,491,3,ACA,TGT
AF083768.1,5,7,483,485,3,ACA,TGT
AF083768.1,5,7,410,412,3,ACA,TGT
AF083768.1,5,7,420,422,3,ACA,TGT
AF083768.1,88,90,483,485,3,ACA,TGT
AF083768.1,88,90,410,412,3,ACA,TGT
AF083768.1,88,90,420,422,3,ACA,TGT
AF083768.1,380,382,416,418,3,ACA,TGT
AF083768.1,134,136,416,418,3,ACA,TGT
AF083768.1,3,5,416,418,3,ACA,TGT
AF083768.1,143,145,416,418,3,ACA,TGT
AF083768.1,67,69,416,418,3,ACA,TGT
AF083768.1,103,105,416,418,3,ACA,TGT
AF083768.1,316,318,416,418,3,ACA,TGT
AF083768.1,172,174,416,418,3,ACA,TGT
AF083768.1,136,138,416,418,3,ACA,TGT
AF083768.1,118,120,416,418,3,ACA,TGT
AF083768.1,157,159,416,418,3,ACA,TGT
AF083768.1,25,27,416,418,3,ACA,TGT
AF083768.1,380,382,517,519,3,ACA,TGT
AF083768.1,134,136,517,519,3,ACA,TGT
AF083768.1,3,5,517,519,3,ACA,TGT
AF083768.1,143,145,517,519,3,ACA,TGT
AF083768.1,67,69,517,519,3,ACA,TGT
AF083768.1,103,105,517,519,3,ACA,TGT
AF083768.1,316,318,517,519,3,ACA,TGT
AF083768.1,172,174,517,519,3,ACA,TGT
AF083768.1,136,138,517,519,3,ACA,TGT
AF083768.1,118,120,517,519,3,ACA,TGT
AF083768.1,157,159,517,519,3,ACA,TGT
AF083768.1,337,339,517,519,3,ACA,TGT
AF083768.1,450,452,517,519,3,ACA,TGT
AF083768.1,280,282,517,519,3,ACA,TGT
AF083768.1,190,192,517,519,3,ACA,TGT
AF083768.1,202,204,517,519,3,ACA,TGT
AF083768.1,313,315,393,395,3,ACC,TGG
AF083768.1,265,269,470,474,5,AGAAA,TCTTT
AF083768.1,36,40,470,474,5,AGAAA,TCTTT
AF083768.1,30,34,470,474,5,AGAAA,TCTTT
AF083768.1,43,47,470,474,5,AGAAA,TCTTT
AF083768.1,36,39,494,497,4,AGAA,TCTT
AF083768.1,455,458,470,473,4,AGAA,TCTT
AF083768.1,271,274,470,473,4,AGAA,TCTT
AF083768.1,121,124,470,473,4,AGAA,TCTT
AF083768.1,274,277,470,473,4,AGAA,TCTT
AF083768.1,283,286,470,473,4,AGAA,TCTT
AF083768.1,176,179,470,473,4,AGAA,TCTT
AF083768.1,262,265,494,497,4,AGAA,TCTT
AF083768.1,289,292,494,497,4,AGAA,TCTT
AF083768.1,239,242,494,497,4,AGAA,TCTT
AF083768.1,262,265,470,473,4,AGAA,TCTT
AF083768.1,289,292,470,473,4,AGAA,TCTT
AF083768.1,239,242,470,473,4,AGAA,TCTT
AF083768.1,262,265,423,426,4,AGAA,TCTT
AF083768.1,289,292,423,426,4,AGAA,TCTT
AF083768.1,239,242,423,426,4,AGAA,TCTT
AF083768.1,36,39,423,426,4,AGAA,TCTT
AF083768.1,271,274,521,524,4,AGAA,TCTT
AF083768.1,121,124,521,524,4,AGAA,TCTT
AF083768.1,274,277,521,524,4,AGAA,TCTT
AF083768.1,283,286,521,524,4,AGAA,TCTT
AF083768.1,176,179,521,524,4,AGAA,TCTT
AF083768.1,265,268,521,524,4,AGAA,TCTT
AF083768.1,139,142,521,524,4,AGAA,TCTT
AF083768.1,292,295,521,524,4,AGAA,TCTT
AF083768.1,30,33,521,524,4,AGAA,TCTT
AF083768.1,43,46,521,524,4,AGAA,TCTT
AF083768.1,271,274,431,434,4,AGAA,TCTT
AF083768.1,121,124,431,434,4,AGAA,TCTT
AF083768.1,274,277,431,434,4,AGAA,TCTT
AF083768.1,283,286,431,434,4,AGAA,TCTT
AF083768.1,176,179,431,434,4,AGAA,TCTT
AF083768.1,265,268,431,434,4,AGAA,TCTT
AF083768.1,139,142,431,434,4,AGAA,TCTT
AF083768.1,292,295,431,434,4,AGAA,TCTT
AF083768.1,30,33,431,434,4,AGAA,TCTT
AF083768.1,43,46,431,434,4,AGAA,TCTT
AF083768.1,262,265,521,524,4,AGAA,TCTT
AF083768.1,289,292,521,524,4,AGAA,TCTT
AF083768.1,239,242,521,524,4,AGAA,TCTT
AF083768.1,455,458,521,524,4,AGAA,TCTT
AF083768.1,36,39,521,524,4,AGAA,TCTT
AF083768.1,262,265,431,434,4,AGAA,TCTT
AF083768.1,289,292,431,434,4,AGAA,TCTT
AF083768.1,239,242,431,434,4,AGAA,TCTT
AF083768.1,36,39,431,434,4,AGAA,TCTT
AF083768.1,36,38,487,489,3,AGA,TCT
AF083768.1,455,457,487,489,3,AGA,TCT
AF083768.1,262,264,487,489,3,AGA,TCT
AF083768.1,289,291,487,489,3,AGA,TCT
AF083768.1,239,241,487,489,3,AGA,TCT
AF083768.1,36,38,391,393,3,AGA,TCT
AF083768.1,262,264,391,393,3,AGA,TCT
AF083768.1,289,291,391,393,3,AGA,TCT
AF083768.1,239,241,391,393,3,AGA,TCT
AF083768.1,200,202,470,472,3,AGA,TCT
AF083768.1,200,202,521,523,3,AGA,TCT
AF083768.1,200,202,431,433,3,AGA,TCT
AF083768.1,448,450,470,472,3,AGA,TCT
AF083768.1,448,450,521,523,3,AGA,TCT
AF083768.1,77,79,494,496,3,AGA,TCT
AF083768.1,77,79,423,425,3,AGA,TCT
AF083768.1,77,79,470,472,3,AGA,TCT
AF083768.1,77,79,521,523,3,AGA,TCT
AF083768.1,77,79,431,433,3,AGA,TCT
AF083768.1,265,267,385,387,3,AGA,TCT
AF083768.1,139,141,385,387,3,AGA,TCT
AF083768.1,292,294,385,387,3,AGA,TCT
AF083768.1,30,32,385,387,3,AGA,TCT
AF083768.1,43,45,385,387,3,AGA,TCT
AF083768.1,271,273,385,387,3,AGA,TCT
AF083768.1,121,123,385,387,3,AGA,TCT
AF083768.1,274,276,385,387,3,AGA,TCT
AF083768.1,283,285,385,387,3,AGA,TCT
AF083768.1,176,178,385,387,3,AGA,TCT
AF083768.1,265,267,526,528,3,AGA,TCT
AF083768.1,139,141,526,528,3,AGA,TCT
AF083768.1,292,294,526,528,3,AGA,TCT
AF083768.1,30,32,526,528,3,AGA,TCT
AF083768.1,43,45,526,528,3,AGA,TCT
AF083768.1,271,273,526,528,3,AGA,TCT
AF083768.1,121,123,526,528,3,AGA,TCT
AF083768.1,274,276,526,528,3,AGA,TCT
AF083768.1,283,285,526,528,3,AGA,TCT
AF083768.1,176,178,526,528,3,AGA,TCT
AF083768.1,36,38,385,387,3,AGA,TCT
AF083768.1,262,264,385,387,3,AGA,TCT
AF083768.1,289,291,385,387,3,AGA,TCT
AF083768.1,239,241,385,387,3,AGA,TCT
AF083768.1,36,38,526,528,3,AGA,TCT
AF083768.1,455,457,526,528,3,AGA,TCT
AF083768.1,262,264,526,528,3,AGA,TCT
AF083768.1,289,291,526,528,3,AGA,TCT
AF083768.1,239,241,526,528,3,AGA,TCT
AF083768.1,34,36,385,387,3,AGA,TCT
AF083768.1,34,36,526,528,3,AGA,TCT
AF083768.1,34,36,470,472,3,AGA,TCT
AF083768.1,34,36,521,523,3,AGA,TCT
AF083768.1,34,36,431,433,3,AGA,TCT
AF083768.1,12,14,385,387,3,AGA,TCT
AF083768.1,12,14,526,528,3,AGA,TCT
AF083768.1,12,14,470,472,3,AGA,TCT
AF083768.1,12,14,521,523,3,AGA,TCT
AF083768.1,12,14,431,433,3,AGA,TCT
AF083768.1,128,130,385,387,3,AGA,TCT
AF083768.1,128,130,526,528,3,AGA,TCT
AF083768.1,128,130,470,472,3,AGA,TCT
AF083768.1,128,130,521,523,3,AGA,TCT
AF083768.1,128,130,431,433,3,AGA,TCT
AF083768.1,160,162,385,387,3,AGA,TCT
AF083768.1,160,162,526,528,3,AGA,TCT
AF083768.1,160,162,470,472,3,AGA,TCT
AF083768.1,160,162,521,523,3,AGA,TCT
AF083768.1,160,162,431,433,3,AGA,TCT
AF083768.1,437,439,487,489,3,AGA,TCT
AF083768.1,437,439,494,496,3,AGA,TCT
AF083768.1,14,16,487,489,3,AGA,TCT
AF083768.1,14,16,391,393,3,AGA,TCT
AF083768.1,14,16,494,496,3,AGA,TCT
AF083768.1,14,16,423,425,3,AGA,TCT
AF083768.1,439,441,487,489,3,AGA,TCT
AF083768.1,439,441,494,496,3,AGA,TCT
AF083768.1,437,439,526,528,3,AGA,TCT
AF083768.1,437,439,470,472,3,AGA,TCT
AF083768.1,437,439,521,523,3,AGA,TCT
AF083768.1,14,16,385,387,3,AGA,TCT
AF083768.1,14,16,526,528,3,AGA,TCT
AF083768.1,14,16,470,472,3,AGA,TCT
AF083768.1,14,16,521,523,3,AGA,TCT
AF083768.1,14,16,431,433,3,AGA,TCT
AF083768.1,439,441,526,528,3,AGA,TCT
AF083768.1,439,441,470,472,3,AGA,TCT
AF083768.1,439,441,521,523,3,AGA,TCT
AF083768.1,435,437,487,489,3,AGA,TCT
AF083768.1,435,437,494,496,3,AGA,TCT
AF083768.1,47,49,385,387,3,AGA,TCT
AF083768.1,47,49,526,528,3,AGA,TCT
AF083768.1,47,49,470,472,3,AGA,TCT
AF083768.1,47,49,521,523,3,AGA,TCT
AF083768.1,47,49,431,433,3,AGA,TCT
AF083768.1,193,195,385,387,3,AGA,TCT
AF083768.1,193,195,526,528,3,AGA,TCT
AF083768.1,193,195,470,472,3,AGA,TCT
AF083768.1,193,195,521,523,3,AGA,TCT
AF083768.1,193,195,431,433,3,AGA,TCT
AF083768.1,205,207,385,387,3,AGA,TCT
AF083768.1,205,207,526,528,3,AGA,TCT
AF083768.1,205,207,470,472,3,AGA,TCT
AF083768.1,205,207,521,523,3,AGA,TCT
AF083768.1,205,207,431,433,3,AGA,TCT
AF083768.1,70,72,385,387,3,AGA,TCT
AF083768.1,70,72,526,528,3,AGA,TCT
AF083768.1,70,72,470,472,3,AGA,TCT
AF083768.1,70,72,521,523,3,AGA,TCT
AF083768.1,70,72,431,433,3,AGA,TCT
AF083768.1,382,384,487,489,3,AGA,TCT
AF083768.1,382,384,391,393,3,AGA,TCT
AF083768.1,382,384,494,496,3,AGA,TCT
AF083768.1,382,384,423,425,3,AGA,TCT
AF083768.1,382,384,385,387,3,AGA,TCT
AF083768.1,382,384,526,528,3,AGA,TCT
AF083768.1,382,384,470,472,3,AGA,TCT
AF083768.1,382,384,521,523,3,AGA,TCT
AF083768.1,382,384,431,433,3,AGA,TCT
AF083768.1,16,18,487,489,3,AGA,TCT
AF083768.1,16,18,391,393,3,AGA,TCT
AF083768.1,16,18,494,496,3,AGA,TCT
AF083768.1,16,18,423,425,3,AGA,TCT
AF083768.1,16,18,385,387,3,AGA,TCT
AF083768.1,16,18,526,528,3,AGA,TCT
AF083768.1,16,18,470,472,3,AGA,TCT
AF083768.1,16,18,521,523,3,AGA,TCT
AF083768.1,16,18,431,433,3,AGA,TCT
AF083768.1,34,36,466,468,3,AGA,TCT
AF083768.1,12,14,466,468,3,AGA,TCT
AF083768.1,128,130,466,468,3,AGA,TCT
AF083768.1,160,162,466,468,3,AGA,TCT
AF083768.1,200,202,466,468,3,AGA,TCT
AF083768.1,448,450,466,468,3,AGA,TCT
AF083768.1,265,267,466,468,3,AGA,TCT
AF083768.1,139,141,466,468,3,AGA,TCT
AF083768.1,292,294,466,468,3,AGA,TCT
AF083768.1,30,32,466,468,3,AGA,TCT
AF083768.1,43,45,466,468,3,AGA,TCT
AF083768.1,271,273,466,468,3,AGA,TCT
AF083768.1,121,123,466,468,3,AGA,TCT
AF083768.1,274,276,466,468,3,AGA,TCT
AF083768.1,283,285,466,468,3,AGA,TCT
AF083768.1,176,178,466,468,3,AGA,TCT
AF083768.1,437,439,466,468,3,AGA,TCT
AF083768.1,14,16,466,468,3,AGA,TCT
AF083768.1,439,441,466,468,3,AGA,TCT
AF083768.1,77,79,466,468,3,AGA,TCT
AF083768.1,36,38,466,468,3,AGA,TCT
AF083768.1,455,457,466,468,3,AGA,TCT
AF083768.1,262,264,466,468,3,AGA,TCT
AF083768.1,289,291,466,468,3,AGA,TCT
AF083768.1,239,241,466,468,3,AGA,TCT
AF083768.1,228,230,367,369,3,AGC,TCG
AF083768.1,249,251,367,369,3,AGC,TCG
AF083768.1,318,320,367,369,3,AGC,TCG
AF083768.1,321,323,367,369,3,AGC,TCG
AF083768.1,324,326,367,369,3,AGC,TCG
AF083768.1,169,171,367,369,3,AGC,TCG
AF083768.1,115,117,367,369,3,AGC,TCG
AF083768.1,154,156,367,369,3,AGC,TCG
AF083768.1,110,114,208,212,5,AGGTG,TCCAC
AF083768.1,63,65,434,436,3,ATC,TAG
AF083768.1,298,300,434,436,3,ATC,TAG
AF083768.1,366,368,434,436,3,ATC,TAG
AF083768.1,72,74,434,436,3,ATC,TAG
AF083768.1,195,197,434,436,3,ATC,TAG
AF083768.1,427,429,434,436,3,ATC,TAG
AF083768.1,207,209,434,436,3,ATC,TAG
AF083768.1,401,408,403,410,8,ATTAATTA,TAATTAAT
AF083768.1,90,92,403,405,3,ATT,TAA
AF083768.1,90,92,407,409,3,ATT,TAA
AF083768.1,90,92,542,544,3,ATT,TAA
AF083768.1,90,92,539,541,3,ATT,TAA
AF083768.1,183,185,403,405,3,ATT,TAA
AF083768.1,183,185,407,409,3,ATT,TAA
AF083768.1,90,92,445,447,3,ATT,TAA
AF083768.1,343,345,445,447,3,ATT,TAA
AF083768.1,183,185,445,447,3,ATT,TAA
AF083768.1,401,403,445,447,3,ATT,TAA
AF083768.1,398,400,445,447,3,ATT,TAA
AF083768.1,183,185,224,226,3,ATT,TAA
AF083768.1,18,20,403,405,3,ATT,TAA
AF083768.1,18,20,407,409,3,ATT,TAA
AF083768.1,18,20,21,23,3,ATT,TAA
AF083768.1,18,20,542,544,3,ATT,TAA
AF083768.1,18,20,539,541,3,ATT,TAA
AF083768.1,90,92,376,378,3,ATT,TAA
AF083768.1,343,345,376,378,3,ATT,TAA
AF083768.1,90,92,345,347,3,ATT,TAA
AF083768.1,18,20,345,347,3,ATT,TAA
AF083768.1,343,345,345,347,3,ATT,TAA
AF083768.1,183,185,345,347,3,ATT,TAA
AF083768.1,197,205,484,492,9,CAAAGACAA,GTTTCTGTT
AF083768.1,158,162,389,393,5,CAAGA,GTTCT
AF083768.1,191,195,389,393,5,CAAGA,GTTCT
AF083768.1,203,207,389,393,5,CAAGA,GTTCT
AF083768.1,68,72,389,393,5,CAAGA,GTTCT
AF083768.1,137,141,389,393,5,CAAGA,GTTCT
AF083768.1,119,123,389,393,5,CAAGA,GTTCT
AF083768.1,281,285,389,393,5,CAAGA,GTTCT
AF083768.1,135,137,214,216,3,CAC,GTG
AF083768.1,4,6,214,216,3,CAC,GTG
AF083768.1,171,173,214,216,3,CAC,GTG
AF083768.1,117,119,214,216,3,CAC,GTG
AF083768.1,156,158,214,216,3,CAC,GTG
AF083768.1,135,137,163,165,3,CAC,GTG
AF083768.1,4,6,163,165,3,CAC,GTG
AF083768.1,87,89,163,165,3,CAC,GTG
AF083768.1,117,119,163,165,3,CAC,GTG
AF083768.1,156,158,163,165,3,CAC,GTG
AF083768.1,144,146,214,216,3,CAC,GTG
AF083768.1,144,146,163,165,3,CAC,GTG
AF083768.1,144,146,328,330,3,CAC,GTG
AF083768.1,231,233,328,330,3,CAC,GTG
AF083768.1,252,254,328,330,3,CAC,GTG
AF083768.1,210,212,328,330,3,CAC,GTG
AF083768.1,135,137,461,463,3,CAC,GTG
AF083768.1,4,6,461,463,3,CAC,GTG
AF083768.1,315,317,461,463,3,CAC,GTG
AF083768.1,87,89,461,463,3,CAC,GTG
AF083768.1,312,314,461,463,3,CAC,GTG
AF083768.1,144,146,349,351,3,CAC,GTG
AF083768.1,135,137,349,351,3,CAC,GTG
AF083768.1,4,6,349,351,3,CAC,GTG
AF083768.1,4,6,112,114,3,CAC,GTG
AF083768.1,144,146,166,168,3,CAC,GTG
AF083768.1,135,137,166,168,3,CAC,GTG
AF083768.1,4,6,166,168,3,CAC,GTG
AF083768.1,144,146,259,261,3,CAC,GTG
AF083768.1,135,137,259,261,3,CAC,GTG
AF083768.1,4,6,259,261,3,CAC,GTG
AF083768.1,144,146,217,219,3,CAC,GTG
AF083768.1,135,137,217,219,3,CAC,GTG
AF083768.1,4,6,217,219,3,CAC,GTG
AF083768.1,171,173,349,351,3,CAC,GTG
AF083768.1,117,119,349,351,3,CAC,GTG
AF083768.1,156,158,349,351,3,CAC,GTG
AF083768.1,117,119,166,168,3,CAC,GTG
AF083768.1,156,158,166,168,3,CAC,GTG
AF083768.1,171,173,259,261,3,CAC,GTG
AF083768.1,117,119,259,261,3,CAC,GTG
AF083768.1,156,158,259,261,3,CAC,GTG
AF083768.1,171,173,217,219,3,CAC,GTG
AF083768.1,117,119,217,219,3,CAC,GTG
AF083768.1,156,158,217,219,3,CAC,GTG
AF083768.1,312,314,349,351,3,CAC,GTG
AF083768.1,82,84,214,216,3,CAC,GTG
AF083768.1,82,84,163,165,3,CAC,GTG
AF083768.1,82,84,328,330,3,CAC,GTG
AF083768.1,144,146,357,359,3,CAC,GTG
AF083768.1,135,137,357,359,3,CAC,GTG
AF083768.1,4,6,357,359,3,CAC,GTG
AF083768.1,231,233,357,359,3,CAC,GTG
AF083768.1,252,254,357,359,3,CAC,GTG
AF083768.1,210,212,357,359,3,CAC,GTG
AF083768.1,315,317,357,359,3,CAC,GTG
AF083768.1,87,89,357,359,3,CAC,GTG
AF083768.1,171,173,357,359,3,CAC,GTG
AF083768.1,117,119,357,359,3,CAC,GTG
AF083768.1,156,158,357,359,3,CAC,GTG
AF083768.1,55,57,498,500,3,CAG,GTC
AF083768.1,320,322,498,500,3,CAG,GTC
AF083768.1,323,325,498,500,3,CAG,GTC
AF083768.1,55,57,330,332,3,CAG,GTC
AF083768.1,320,322,330,332,3,CAG,GTC
AF083768.1,323,325,330,332,3,CAG,GTC
AF083768.1,332,334,498,500,3,CAG,GTC
AF083768.1,55,57,310,312,3,CAG,GTC
AF083768.1,86,89,165,168,4,CCAC,GGTG
AF083768.1,209,212,216,219,4,CCAC,GGTG
AF083768.1,86,89,216,219,4,CCAC,GGTG
AF083768.1,209,212,258,261,4,CCAC,GGTG
AF083768.1,86,89,258,261,4,CCAC,GGTG
AF083768.1,314,317,348,351,4,CCAC,GGTG
AF083768.1,230,233,348,351,4,CCAC,GGTG
AF083768.1,251,254,348,351,4,CCAC,GGTG
AF083768.1,209,212,213,216,4,CCAC,GGTG
AF083768.1,86,89,213,216,4,CCAC,GGTG
AF083768.1,233,235,369,371,3,CGA,GCT
AF083768.1,254,256,369,371,3,CGA,GCT
AF083768.1,335,337,475,477,3,CGA,GCT
AF083768.1,152,154,369,371,3,CGA,GCT
AF083768.1,335,337,512,514,3,CGA,GCT
AF083768.1,152,154,395,397,3,CGA,GCT
AF083768.1,233,235,395,397,3,CGA,GCT
AF083768.1,254,256,395,397,3,CGA,GCT
AF083768.1,335,337,395,397,3,CGA,GCT
AF083768.1,341,343,512,514,3,CGA,GCT
AF083768.1,341,343,414,416,3,CGA,GCT
AF083768.1,341,343,475,477,3,CGA,GCT
AF083768.1,80,82,340,342,3,CGC,GCG
AF083768.1,80,82,334,336,3,CGC,GCG
AF083768.1,212,216,250,254,5,CGGTG,GCCAC
AF083768.1,212,216,229,233,5,CGGTG,GCCAC
AF083768.1,236,238,250,252,3,CGG,GCC
AF083768.1,146,148,155,157,3,CGT,GCA
AF083768.1,146,148,170,172,3,CGT,GCA
AF083768.1,146,148,325,327,3,CGT,GCA
AF083768.1,146,148,322,324,3,CGT,GCA
AF083768.1,146,148,319,321,3,CGT,GCA
AF083768.1,460,462,463,465,3,CGT,GCA
AF083768.1,396,398,548,550,3,CTA,GAT
AF083768.1,467,469,548,550,3,CTA,GAT
AF083768.1,370,372,529,531,3,CTT,GAA
AF083768.1,370,372,373,375,3,CTT,GAA
AF083768.1,476,478,529,531,3,CTT,GAA
AF083768.1,495,497,529,531,3,CTT,GAA
AF083768.1,370,372,503,505,3,CTT,GAA
AF083768.1,476,478,503,505,3,CTT,GAA
AF083768.1,370,372,551,553,3,CTT,GAA
AF083768.1,476,478,551,553,3,CTT,GAA
AF083768.1,495,497,503,505,3,CTT,GAA
AF083768.1,432,434,503,505,3,CTT,GAA
AF083768.1,424,426,503,505,3,CTT,GAA
AF083768.1,495,497,551,553,3,CTT,GAA
AF083768.1,432,434,551,553,3,CTT,GAA
AF083768.1,424,426,551,553,3,CTT,GAA
AF083768.1,522,524,551,553,3,CTT,GAA
AF083768.1,471,473,529,531,3,CTT,GAA
AF083768.1,37,39,476,478,3,GAA,CTT
AF083768.1,266,268,476,478,3,GAA,CTT
AF083768.1,140,142,476,478,3,GAA,CTT
AF083768.1,293,295,476,478,3,GAA,CTT
AF083768.1,31,33,476,478,3,GAA,CTT
AF083768.1,44,46,476,478,3,GAA,CTT
AF083768.1,37,39,370,372,3,GAA,CTT
AF083768.1,266,268,370,372,3,GAA,CTT
AF083768.1,140,142,370,372,3,GAA,CTT
AF083768.1,293,295,370,372,3,GAA,CTT
AF083768.1,31,33,370,372,3,GAA,CTT
AF083768.1,44,46,370,372,3,GAA,CTT
AF083768.1,132,134,471,473,3,GAA,CTT
AF083768.1,263,265,476,478,3,GAA,CTT
AF083768.1,263,265,370,372,3,GAA,CTT
AF083768.1,290,292,476,478,3,GAA,CTT
AF083768.1,290,292,370,372,3,GAA,CTT
AF083768.1,272,274,476,478,3,GAA,CTT
AF083768.1,272,274,370,372,3,GAA,CTT
AF083768.1,122,124,476,478,3,GAA,CTT
AF083768.1,122,124,370,372,3,GAA,CTT
AF083768.1,275,277,476,478,3,GAA,CTT
AF083768.1,275,277,370,372,3,GAA,CTT
AF083768.1,284,286,476,478,3,GAA,CTT
AF083768.1,284,286,370,372,3,GAA,CTT
AF083768.1,240,242,476,478,3,GAA,CTT
AF083768.1,240,242,370,372,3,GAA,CTT
AF083768.1,177,179,476,478,3,GAA,CTT
AF083768.1,177,179,370,372,3,GAA,CTT
AF083768.1,126,128,495,497,3,GAA,CTT
AF083768.1,126,128,471,473,3,GAA,CTT
AF083768.1,108,110,495,497,3,GAA,CTT
AF083768.1,108,110,471,473,3,GAA,CTT
AF083768.1,354,356,495,497,3,GAA,CTT
AF083768.1,354,356,471,473,3,GAA,CTT
AF083768.1,126,128,476,478,3,GAA,CTT
AF083768.1,126,128,370,372,3,GAA,CTT
AF083768.1,108,110,476,478,3,GAA,CTT
AF083768.1,108,110,370,372,3,GAA,CTT
AF083768.1,354,356,476,478,3,GAA,CTT
AF083768.1,354,356,370,372,3,GAA,CTT
AF083768.1,219,221,495,497,3,GAA,CTT
AF083768.1,219,221,471,473,3,GAA,CTT
AF083768.1,219,221,476,478,3,GAA,CTT
AF083768.1,219,221,370,372,3,GAA,CTT
AF083768.1,126,128,522,524,3,GAA,CTT
AF083768.1,108,110,522,524,3,GAA,CTT
AF083768.1,354,356,522,524,3,GAA,CTT
AF083768.1,132,134,522,524,3,GAA,CTT
AF083768.1,126,128,424,426,3,GAA,CTT
AF083768.1,108,110,424,426,3,GAA,CTT
AF083768.1,354,356,424,426,3,GAA,CTT
AF083768.1,132,134,424,426,3,GAA,CTT
AF083768.1,126,128,432,434,3,GAA,CTT
AF083768.1,108,110,432,434,3,GAA,CTT
AF083768.1,354,356,432,434,3,GAA,CTT
AF083768.1,132,134,432,434,3,GAA,CTT
AF083768.1,219,221,522,524,3,GAA,CTT
AF083768.1,503,505,522,524,3,GAA,CTT
AF083768.1,219,221,424,426,3,GAA,CTT
AF083768.1,219,221,432,434,3,GAA,CTT
AF083768.1,373,375,495,497,3,GAA,CTT
AF083768.1,373,375,471,473,3,GAA,CTT
AF083768.1,373,375,476,478,3,GAA,CTT
AF083768.1,194,196,396,398,3,GAT,CTA
AF083768.1,206,208,396,398,3,GAT,CTA
AF083768.1,71,73,396,398,3,GAT,CTA
AF083768.1,383,385,396,398,3,GAT,CTA
AF083768.1,365,367,467,469,3,GAT,CTA
AF083768.1,365,367,396,398,3,GAT,CTA
AF083768.1,303,305,467,469,3,GAT,CTA
AF083768.1,306,308,467,469,3,GAT,CTA
AF083768.1,303,305,396,398,3,GAT,CTA
AF083768.1,306,308,396,398,3,GAT,CTA
AF083768.1,17,19,396,398,3,GAT,CTA
AF083768.1,342,344,467,469,3,GAT,CTA
AF083768.1,116,118,146,148,3,GCA,CGT
AF083768.1,81,83,146,148,3,GCA,CGT
AF083768.1,319,321,460,462,3,GCA,CGT
AF083768.1,322,324,460,462,3,GCA,CGT
AF083768.1,325,327,460,462,3,GCA,CGT
AF083768.1,54,56,146,148,3,GCA,CGT
AF083768.1,229,233,257,261,5,GCCAC,CGGTG
AF083768.1,250,254,257,261,5,GCCAC,CGGTG
AF083768.1,229,231,236,238,3,GCC,CGG
AF083768.1,165,168,209,212,4,GGTG,CCAC
AF083768.1,111,114,251,254,4,GGTG,CCAC
AF083768.1,111,114,230,233,4,GGTG,CCAC
AF083768.1,216,219,251,254,4,GGTG,CCAC
AF083768.1,165,168,251,254,4,GGTG,CCAC
AF083768.1,216,219,230,233,4,GGTG,CCAC
AF083768.1,165,168,230,233,4,GGTG,CCAC
AF083768.1,111,114,314,317,4,GGTG,CCAC
AF083768.1,258,261,314,317,4,GGTG,CCAC
AF083768.1,213,216,314,317,4,GGTG,CCAC
AF083768.1,310,312,451,453,3,GTC,CAG
AF083768.1,310,312,332,334,3,GTC,CAG
AF083768.1,330,332,332,334,3,GTC,CAG
AF083768.1,310,312,323,325,3,GTC,CAG
AF083768.1,310,312,320,322,3,GTC,CAG
AF083768.1,310,312,338,340,3,GTC,CAG
AF083768.1,310,312,317,319,3,GTC,CAG
AF083768.1,310,312,381,383,3,GTC,CAG
AF083768.1,112,114,144,146,3,GTG,CAC
AF083768.1,163,165,210,212,3,GTG,CAC
AF083768.1,163,165,252,254,3,GTG,CAC
AF083768.1,163,165,231,233,3,GTG,CAC
AF083768.1,217,219,312,314,3,GTG,CAC
AF083768.1,259,261,312,314,3,GTG,CAC
AF083768.1,166,168,312,314,3,GTG,CAC
AF083768.1,112,114,312,314,3,GTG,CAC
AF083768.1,163,165,171,173,3,GTG,CAC
AF083768.1,112,114,156,158,3,GTG,CAC
AF083768.1,112,114,117,119,3,GTG,CAC
AF083768.1,166,168,171,173,3,GTG,CAC
AF083768.1,112,114,171,173,3,GTG,CAC
AF083768.1,163,165,315,317,3,GTG,CAC
AF083768.1,112,114,135,137,3,GTG,CAC
AF083768.1,8,10,90,92,3,TAA,ATT
AF083768.1,224,226,398,400,3,TAA,ATT
AF083768.1,224,226,401,403,3,TAA,ATT
AF083768.1,539,541,544,546,3,TAA,ATT
AF083768.1,542,544,544,546,3,TAA,ATT
AF083768.1,8,10,343,345,3,TAA,ATT
AF083768.1,224,226,343,345,3,TAA,ATT
AF083768.1,21,23,183,185,3,TAA,ATT
AF083768.1,376,378,507,509,3,TAA,ATT
AF083768.1,8,10,507,509,3,TAA,ATT
AF083768.1,376,378,405,407,3,TAA,ATT
AF083768.1,8,10,405,407,3,TAA,ATT
AF083768.1,21,23,90,92,3,TAA,ATT
AF083768.1,224,226,507,509,3,TAA,ATT
AF083768.1,224,226,405,407,3,TAA,ATT
AF083768.1,345,347,398,400,3,TAA,ATT
AF083768.1,345,347,401,403,3,TAA,ATT
AF083768.1,24,26,307,309,3,TAC,ATG
AF083768.1,24,26,304,306,3,TAC,ATG
AF083768.1,24,26,549,551,3,TAC,ATG
AF083768.1,24,26,301,303,3,TAC,ATG
AF083768.1,24,26,501,503,3,TAC,ATG
AF083768.1,397,405,538,546,9,TATTATTAA,ATAATAATT
AF083768.1,208,212,347,351,5,TCCAC,AGGTG
AF083768.1,85,89,347,351,5,TCCAC,AGGTG
AF083768.1,85,89,110,114,5,TCCAC,AGGTG
AF083768.1,73,75,339,341,3,TCG,AGC
AF083768.1,73,75,333,335,3,TCG,AGC
AF083768.1,73,75,154,156,3,TCG,AGC
AF083768.1,73,75,115,117,3,TCG,AGC
AF083768.1,73,75,169,171,3,TCG,AGC
AF083768.1,73,75,324,326,3,TCG,AGC
AF083768.1,73,75,321,323,3,TCG,AGC
AF083768.1,73,75,318,320,3,TCG,AGC
AF083768.1,431,434,455,458,4,TCTT,AGAA
AF083768.1,423,426,455,458,4,TCTT,AGAA
AF083768.1,385,387,439,441,3,TCT,AGA
AF083768.1,385,387,437,439,3,TCT,AGA
AF083768.1,391,393,435,437,3,TCT,AGA
AF083768.1,391,393,439,441,3,TCT,AGA
AF083768.1,391,393,437,439,3,TCT,AGA
AF083768.1,431,433,439,441,3,TCT,AGA
AF083768.1,431,433,437,439,3,TCT,AGA
AF083768.1,431,433,448,450,3,TCT,AGA
AF083768.1,385,387,455,457,3,TCT,AGA
AF083768.1,391,393,455,457,3,TCT,AGA
AF083768.1,423,425,435,437,3,TCT,AGA
AF083768.1,423,425,439,441,3,TCT,AGA
AF083768.1,423,425,437,439,3,TCT,AGA
AF083768.1,308,310,458,460,3,TGG,ACC
AF083768.1,387,389,458,460,3,TGG,ACC
AF083768.1,52,54,313,315,3,TGG,ACC
AF083768.1,215,217,458,460,3,TGG,ACC
AF083768.1,164,166,458,460,3,TGG,ACC
AF083768.1,92,94,313,315,3,TGG,ACC
AF083768.1,185,188,202,205,4,TGTT,ACAA
AF083768.1,185,188,190,193,4,TGTT,ACAA
AF083768.1,185,188,280,283,4,TGTT,ACAA
AF083768.1,420,422,450,452,3,TGT,ACA
AF083768.1,410,412,450,452,3,TGT,ACA
AF083768.1,185,187,450,452,3,TGT,ACA
AF083768.1,185,187,337,339,3,TGT,ACA
AF083768.1,185,187,316,318,3,TGT,ACA
AF083768.1,422,425,447,450,4,TTCT,AAGA
AF083768.1,412,414,457,459,3,TTG,AAC
AF083768.1,187,189,457,459,3,TTG,AAC
AF083768.1,148,150,457,459,3,TTG,AAC
AF083768.1,184,186,457,459,3,TTG,AAC
AF083768.1,91,93,133,135,3,TTG,AAC
AF083768.1,91,93,102,104,3,TTG,AAC
AF083768.1,91,93,295,297,3,TTG,AAC
AF083768.1,91,93,379,381,3,TTG,AAC
AF083768.1,91,93,142,144,3,TTG,AAC
AF083768.1,371,373,379,381,3,TTG,AAC
AF083768.1,187,189,295,297,3,TTG,AAC
AF083768.1,148,150,295,297,3,TTG,AAC
AF083768.1,187,189,379,381,3,TTG,AAC
AF083768.1,148,150,379,381,3,TTG,AAC
AF083768.1,19,26,505,512,8,TTTAATAC,AAATTATG

Total for length 3 is 665.
Total for length 4 is 140.
Total for length 5 is 46.
Total for length 6 is 4.
Total for length 7 is 5.
Total for length 8 is 3.
Total for length 9 is 3.

