Input file is sequence4.fasta.
Minimal fragment length is 3.
Working with probability estimation.
P value is : 0.050000.
Printing all instances.
Looking for inverse complementary repeats.
M85249.1 Alphabet size is 4.
Input sequence has 0 letters that are not in expected alphabet.
M85249.1,554,557,687,690,4,AAAA,TTTT
M85249.1,440,443,687,690,4,AAAA,TTTT
M85249.1,439,442,687,690,4,AAAA,TTTT
M85249.1,555,558,687,690,4,AAAA,TTTT
M85249.1,554,557,697,700,4,AAAA,TTTT
M85249.1,440,443,697,700,4,AAAA,TTTT
M85249.1,554,557,648,651,4,AAAA,TTTT
M85249.1,440,443,648,651,4,AAAA,TTTT
M85249.1,553,556,697,700,4,AAAA,TTTT
M85249.1,355,358,687,690,4,AAAA,TTTT
M85249.1,553,556,648,651,4,AAAA,TTTT
M85249.1,441,444,687,690,4,AAAA,TTTT
M85249.1,441,444,697,700,4,AAAA,TTTT
M85249.1,441,444,648,651,4,AAAA,TTTT
M85249.1,355,358,410,413,4,AAAA,TTTT
M85249.1,335,339,428,432,5,AAAGT,ACTTT
M85249.1,335,339,350,354,5,AAAGT,ACTTT
M85249.1,356,359,592,595,4,AAAG,CTTT
M85249.1,556,559,592,595,4,AAAG,CTTT
M85249.1,335,338,647,650,4,AAAG,CTTT
M85249.1,335,338,696,699,4,AAAG,CTTT
M85249.1,507,510,647,650,4,AAAG,CTTT
M85249.1,507,510,696,699,4,AAAG,CTTT
M85249.1,386,389,429,432,4,AAAG,CTTT
M85249.1,386,389,647,650,4,AAAG,CTTT
M85249.1,386,389,696,699,4,AAAG,CTTT
M85249.1,386,389,592,595,4,AAAG,CTTT
M85249.1,442,446,514,518,5,AAATT,AATTT
M85249.1,374,378,514,518,5,AAATT,AATTT
M85249.1,442,446,617,621,5,AAATT,AATTT
M85249.1,374,378,617,621,5,AAATT,AATTT
M85249.1,112,115,328,331,4,AAAT,ATTT
M85249.1,198,201,409,412,4,AAAT,ATTT
M85249.1,198,201,515,518,4,AAAT,ATTT
M85249.1,198,201,618,621,4,AAAT,ATTT
M85249.1,374,377,409,412,4,AAAT,ATTT
M85249.1,553,555,687,689,3,AAA,TTT
M85249.1,439,441,687,689,3,AAA,TTT
M85249.1,355,357,687,689,3,AAA,TTT
M85249.1,355,357,423,425,3,AAA,TTT
M85249.1,391,393,688,690,3,AAA,TTT
M85249.1,391,393,411,413,3,AAA,TTT
M85249.1,391,393,698,700,3,AAA,TTT
M85249.1,391,393,649,651,3,AAA,TTT
M85249.1,391,393,431,433,3,AAA,TTT
M85249.1,553,555,697,699,3,AAA,TTT
M85249.1,356,358,423,425,3,AAA,TTT
M85249.1,356,358,688,690,3,AAA,TTT
M85249.1,356,358,411,413,3,AAA,TTT
M85249.1,556,558,688,690,3,AAA,TTT
M85249.1,553,555,648,650,3,AAA,TTT
M85249.1,391,393,697,699,3,AAA,TTT
M85249.1,391,393,648,650,3,AAA,TTT
M85249.1,391,393,430,432,3,AAA,TTT
M85249.1,439,441,697,699,3,AAA,TTT
M85249.1,355,357,697,699,3,AAA,TTT
M85249.1,356,358,698,700,3,AAA,TTT
M85249.1,356,358,649,651,3,AAA,TTT
M85249.1,356,358,431,433,3,AAA,TTT
M85249.1,556,558,698,700,3,AAA,TTT
M85249.1,556,558,649,651,3,AAA,TTT
M85249.1,439,441,648,650,3,AAA,TTT
M85249.1,355,357,648,650,3,AAA,TTT
M85249.1,355,357,430,432,3,AAA,TTT
M85249.1,554,556,593,595,3,AAA,TTT
M85249.1,440,442,593,595,3,AAA,TTT
M85249.1,555,557,593,595,3,AAA,TTT
M85249.1,441,443,593,595,3,AAA,TTT
M85249.1,335,337,687,689,3,AAA,TTT
M85249.1,507,509,687,689,3,AAA,TTT
M85249.1,391,393,593,595,3,AAA,TTT
M85249.1,439,441,593,595,3,AAA,TTT
M85249.1,355,357,593,595,3,AAA,TTT
M85249.1,335,337,698,700,3,AAA,TTT
M85249.1,335,337,649,651,3,AAA,TTT
M85249.1,335,337,431,433,3,AAA,TTT
M85249.1,507,509,698,700,3,AAA,TTT
M85249.1,507,509,649,651,3,AAA,TTT
M85249.1,386,388,687,689,3,AAA,TTT
M85249.1,386,388,423,425,3,AAA,TTT
M85249.1,386,388,688,690,3,AAA,TTT
M85249.1,386,388,411,413,3,AAA,TTT
M85249.1,386,388,698,700,3,AAA,TTT
M85249.1,386,388,649,651,3,AAA,TTT
M85249.1,386,388,431,433,3,AAA,TTT
M85249.1,335,337,410,412,3,AAA,TTT
M85249.1,442,444,593,595,3,AAA,TTT
M85249.1,442,444,688,690,3,AAA,TTT
M85249.1,386,388,410,412,3,AAA,TTT
M85249.1,391,393,410,412,3,AAA,TTT
M85249.1,355,357,410,412,3,AAA,TTT
M85249.1,442,444,698,700,3,AAA,TTT
M85249.1,442,444,649,651,3,AAA,TTT
M85249.1,679,681,697,699,3,AAA,TTT
M85249.1,679,681,687,689,3,AAA,TTT
M85249.1,112,114,697,699,3,AAA,TTT
M85249.1,112,114,648,650,3,AAA,TTT
M85249.1,112,114,430,432,3,AAA,TTT
M85249.1,112,114,318,320,3,AAA,TTT
M85249.1,112,114,687,689,3,AAA,TTT
M85249.1,356,358,516,518,3,AAA,TTT
M85249.1,440,442,516,518,3,AAA,TTT
M85249.1,441,443,516,518,3,AAA,TTT
M85249.1,356,358,619,621,3,AAA,TTT
M85249.1,556,558,619,621,3,AAA,TTT
M85249.1,554,556,619,621,3,AAA,TTT
M85249.1,440,442,619,621,3,AAA,TTT
M85249.1,555,557,619,621,3,AAA,TTT
M85249.1,441,443,619,621,3,AAA,TTT
M85249.1,616,618,697,699,3,AAA,TTT
M85249.1,616,618,648,650,3,AAA,TTT
M85249.1,616,618,687,689,3,AAA,TTT
M85249.1,679,681,688,690,3,AAA,TTT
M85249.1,112,114,593,595,3,AAA,TTT
M85249.1,112,114,423,425,3,AAA,TTT
M85249.1,112,114,253,255,3,AAA,TTT
M85249.1,112,114,688,690,3,AAA,TTT
M85249.1,112,114,411,413,3,AAA,TTT
M85249.1,335,337,516,518,3,AAA,TTT
M85249.1,507,509,516,518,3,AAA,TTT
M85249.1,335,337,619,621,3,AAA,TTT
M85249.1,507,509,619,621,3,AAA,TTT
M85249.1,553,555,619,621,3,AAA,TTT
M85249.1,616,618,688,690,3,AAA,TTT
M85249.1,679,681,698,700,3,AAA,TTT
M85249.1,112,114,274,276,3,AAA,TTT
M85249.1,112,114,352,354,3,AAA,TTT
M85249.1,112,114,319,321,3,AAA,TTT
M85249.1,112,114,698,700,3,AAA,TTT
M85249.1,112,114,649,651,3,AAA,TTT
M85249.1,112,114,431,433,3,AAA,TTT
M85249.1,439,441,516,518,3,AAA,TTT
M85249.1,355,357,516,518,3,AAA,TTT
M85249.1,439,441,619,621,3,AAA,TTT
M85249.1,355,357,619,621,3,AAA,TTT
M85249.1,616,618,698,700,3,AAA,TTT
M85249.1,616,618,649,651,3,AAA,TTT
M85249.1,198,200,697,699,3,AAA,TTT
M85249.1,198,200,648,650,3,AAA,TTT
M85249.1,198,200,430,432,3,AAA,TTT
M85249.1,198,200,318,320,3,AAA,TTT
M85249.1,198,200,687,689,3,AAA,TTT
M85249.1,374,376,697,699,3,AAA,TTT
M85249.1,374,376,648,650,3,AAA,TTT
M85249.1,374,376,430,432,3,AAA,TTT
M85249.1,374,376,687,689,3,AAA,TTT
M85249.1,198,200,593,595,3,AAA,TTT
M85249.1,198,200,423,425,3,AAA,TTT
M85249.1,198,200,253,255,3,AAA,TTT
M85249.1,198,200,688,690,3,AAA,TTT
M85249.1,198,200,411,413,3,AAA,TTT
M85249.1,374,376,593,595,3,AAA,TTT
M85249.1,374,376,423,425,3,AAA,TTT
M85249.1,374,376,688,690,3,AAA,TTT
M85249.1,374,376,411,413,3,AAA,TTT
M85249.1,235,239,271,275,5,AAGTA,TACTT
M85249.1,135,139,271,275,5,AAGTA,TACTT
M85249.1,181,183,592,594,3,AAG,CTT
M85249.1,141,143,592,594,3,AAG,CTT
M85249.1,181,183,647,649,3,AAG,CTT
M85249.1,141,143,647,649,3,AAG,CTT
M85249.1,657,659,696,698,3,AAG,CTT
M85249.1,297,299,696,698,3,AAG,CTT
M85249.1,60,62,696,698,3,AAG,CTT
M85249.1,60,62,266,268,3,AAG,CTT
M85249.1,60,62,638,640,3,AAG,CTT
M85249.1,60,62,116,118,3,AAG,CTT
M85249.1,387,389,638,640,3,AAG,CTT
M85249.1,128,130,592,594,3,AAG,CTT
M85249.1,128,130,647,649,3,AAG,CTT
M85249.1,128,130,696,698,3,AAG,CTT
M85249.1,192,194,592,594,3,AAG,CTT
M85249.1,192,194,647,649,3,AAG,CTT
M85249.1,192,194,696,698,3,AAG,CTT
M85249.1,128,130,266,268,3,AAG,CTT
M85249.1,192,194,266,268,3,AAG,CTT
M85249.1,128,130,638,640,3,AAG,CTT
M85249.1,192,194,638,640,3,AAG,CTT
M85249.1,181,183,273,275,3,AAG,CTT
M85249.1,141,143,273,275,3,AAG,CTT
M85249.1,297,299,429,431,3,AAG,CTT
M85249.1,181,183,429,431,3,AAG,CTT
M85249.1,141,143,429,431,3,AAG,CTT
M85249.1,297,299,351,353,3,AAG,CTT
M85249.1,181,183,351,353,3,AAG,CTT
M85249.1,141,143,351,353,3,AAG,CTT
M85249.1,336,338,638,640,3,AAG,CTT
M85249.1,508,510,638,640,3,AAG,CTT
M85249.1,128,130,273,275,3,AAG,CTT
M85249.1,192,194,273,275,3,AAG,CTT
M85249.1,60,62,273,275,3,AAG,CTT
M85249.1,60,62,105,107,3,AAG,CTT
M85249.1,128,130,429,431,3,AAG,CTT
M85249.1,192,194,429,431,3,AAG,CTT
M85249.1,60,62,429,431,3,AAG,CTT
M85249.1,128,130,351,353,3,AAG,CTT
M85249.1,192,194,351,353,3,AAG,CTT
M85249.1,60,62,351,353,3,AAG,CTT
M85249.1,235,237,592,594,3,AAG,CTT
M85249.1,235,237,647,649,3,AAG,CTT
M85249.1,235,237,696,698,3,AAG,CTT
M85249.1,235,237,266,268,3,AAG,CTT
M85249.1,135,137,592,594,3,AAG,CTT
M85249.1,135,137,647,649,3,AAG,CTT
M85249.1,135,137,696,698,3,AAG,CTT
M85249.1,527,529,592,594,3,AAG,CTT
M85249.1,527,529,647,649,3,AAG,CTT
M85249.1,527,529,696,698,3,AAG,CTT
M85249.1,135,137,266,268,3,AAG,CTT
M85249.1,135,137,638,640,3,AAG,CTT
M85249.1,141,143,149,151,3,AAG,CTT
M85249.1,527,529,638,640,3,AAG,CTT
M85249.1,652,658,689,695,7,AATACAA,TTGTATT
M85249.1,17,23,689,695,7,AATACAA,TTGTATT
M85249.1,362,366,691,695,5,AATAC,GTATT
M85249.1,17,21,214,218,5,AATAC,GTATT
M85249.1,101,105,214,218,5,AATAC,GTATT
M85249.1,680,683,692,695,4,AATA,TATT
M85249.1,74,77,692,695,4,AATA,TATT
M85249.1,125,128,215,218,4,AATA,TATT
M85249.1,132,135,215,218,4,AATA,TATT
M85249.1,603,606,692,695,4,AATA,TATT
M85249.1,17,20,625,628,4,AATA,TATT
M85249.1,362,365,625,628,4,AATA,TATT
M85249.1,101,104,625,628,4,AATA,TATT
M85249.1,125,128,625,628,4,AATA,TATT
M85249.1,132,135,625,628,4,AATA,TATT
M85249.1,17,20,82,85,4,AATA,TATT
M85249.1,74,77,82,85,4,AATA,TATT
M85249.1,80,83,692,695,4,AATA,TATT
M85249.1,80,83,625,628,4,AATA,TATT
M85249.1,80,83,215,218,4,AATA,TATT
M85249.1,567,570,692,695,4,AATA,TATT
M85249.1,27,31,326,330,5,AATGT,ACATT
M85249.1,27,31,610,614,5,AATGT,ACATT
M85249.1,222,226,513,517,5,AATTA,TAATT
M85249.1,222,226,276,280,5,AATTA,TAATT
M85249.1,277,281,513,517,5,AATTA,TAATT
M85249.1,65,69,616,620,5,AATTT,AAATT
M85249.1,65,69,374,378,5,AATTT,AAATT
M85249.1,222,225,222,225,4,AATT,AATT
M85249.1,10,13,514,517,4,AATT,AATT
M85249.1,10,13,65,68,4,AATT,AATT
M85249.1,10,13,10,13,4,AATT,AATT
M85249.1,10,13,222,225,4,AATT,AATT
M85249.1,10,13,277,280,4,AATT,AATT
M85249.1,10,13,617,620,4,AATT,AATT
M85249.1,222,225,617,620,4,AATT,AATT
M85249.1,277,280,617,620,4,AATT,AATT
M85249.1,375,378,375,378,4,AATT,AATT
M85249.1,375,378,443,446,4,AATT,AATT
M85249.1,443,446,443,446,4,AATT,AATT
M85249.1,10,13,375,378,4,AATT,AATT
M85249.1,222,225,375,378,4,AATT,AATT
M85249.1,10,13,443,446,4,AATT,AATT
M85249.1,222,225,443,446,4,AATT,AATT
M85249.1,277,280,375,378,4,AATT,AATT
M85249.1,277,280,443,446,4,AATT,AATT
M85249.1,514,517,514,517,4,AATT,AATT
M85249.1,65,68,514,517,4,AATT,AATT
M85249.1,65,68,65,68,4,AATT,AATT
M85249.1,17,19,409,411,3,AAT,ATT
M85249.1,362,364,409,411,3,AAT,ATT
M85249.1,80,82,409,411,3,AAT,ATT
M85249.1,125,127,409,411,3,AAT,ATT
M85249.1,132,134,409,411,3,AAT,ATT
M85249.1,101,103,409,411,3,AAT,ATT
M85249.1,292,294,409,411,3,AAT,ATT
M85249.1,248,250,409,411,3,AAT,ATT
M85249.1,113,115,693,695,3,AAT,ATT
M85249.1,74,76,409,411,3,AAT,ATT
M85249.1,113,115,216,218,3,AAT,ATT
M85249.1,113,115,626,628,3,AAT,ATT
M85249.1,125,127,536,538,3,AAT,ATT
M85249.1,132,134,536,538,3,AAT,ATT
M85249.1,101,103,536,538,3,AAT,ATT
M85249.1,292,294,536,538,3,AAT,ATT
M85249.1,248,250,536,538,3,AAT,ATT
M85249.1,369,371,693,695,3,AAT,ATT
M85249.1,74,76,536,538,3,AAT,ATT
M85249.1,369,371,626,628,3,AAT,ATT
M85249.1,199,201,536,538,3,AAT,ATT
M85249.1,17,19,328,330,3,AAT,ATT
M85249.1,80,82,328,330,3,AAT,ATT
M85249.1,199,201,693,695,3,AAT,ATT
M85249.1,125,127,328,330,3,AAT,ATT
M85249.1,132,134,328,330,3,AAT,ATT
M85249.1,101,103,328,330,3,AAT,ATT
M85249.1,292,294,328,330,3,AAT,ATT
M85249.1,248,250,328,330,3,AAT,ATT
M85249.1,199,201,216,218,3,AAT,ATT
M85249.1,199,201,626,628,3,AAT,ATT
M85249.1,74,76,328,330,3,AAT,ATT
M85249.1,113,115,612,614,3,AAT,ATT
M85249.1,125,127,612,614,3,AAT,ATT
M85249.1,132,134,612,614,3,AAT,ATT
M85249.1,101,103,612,614,3,AAT,ATT
M85249.1,292,294,612,614,3,AAT,ATT
M85249.1,248,250,612,614,3,AAT,ATT
M85249.1,74,76,612,614,3,AAT,ATT
M85249.1,567,569,612,614,3,AAT,ATT
M85249.1,27,29,409,411,3,AAT,ATT
M85249.1,27,29,83,85,3,AAT,ATT
M85249.1,17,19,39,41,3,AAT,ATT
M85249.1,27,29,536,538,3,AAT,ATT
M85249.1,27,29,42,44,3,AAT,ATT
M85249.1,27,29,50,52,3,AAT,ATT
M85249.1,27,29,693,695,3,AAT,ATT
M85249.1,683,685,693,695,3,AAT,ATT
M85249.1,369,371,515,517,3,AAT,ATT
M85249.1,17,19,515,517,3,AAT,ATT
M85249.1,362,364,515,517,3,AAT,ATT
M85249.1,80,82,515,517,3,AAT,ATT
M85249.1,17,19,66,68,3,AAT,ATT
M85249.1,375,377,612,614,3,AAT,ATT
M85249.1,375,377,536,538,3,AAT,ATT
M85249.1,443,445,612,614,3,AAT,ATT
M85249.1,443,445,536,538,3,AAT,ATT
M85249.1,369,371,618,620,3,AAT,ATT
M85249.1,17,19,618,620,3,AAT,ATT
M85249.1,362,364,618,620,3,AAT,ATT
M85249.1,603,605,618,620,3,AAT,ATT
M85249.1,80,82,618,620,3,AAT,ATT
M85249.1,125,127,515,517,3,AAT,ATT
M85249.1,132,134,515,517,3,AAT,ATT
M85249.1,101,103,515,517,3,AAT,ATT
M85249.1,292,294,515,517,3,AAT,ATT
M85249.1,248,250,515,517,3,AAT,ATT
M85249.1,375,377,693,695,3,AAT,ATT
M85249.1,443,445,693,695,3,AAT,ATT
M85249.1,125,127,618,620,3,AAT,ATT
M85249.1,132,134,618,620,3,AAT,ATT
M85249.1,101,103,618,620,3,AAT,ATT
M85249.1,292,294,618,620,3,AAT,ATT
M85249.1,248,250,618,620,3,AAT,ATT
M85249.1,617,619,693,695,3,AAT,ATT
M85249.1,27,29,515,517,3,AAT,ATT
M85249.1,74,76,515,517,3,AAT,ATT
M85249.1,27,29,66,68,3,AAT,ATT
M85249.1,375,377,626,628,3,AAT,ATT
M85249.1,443,445,626,628,3,AAT,ATT
M85249.1,27,29,618,620,3,AAT,ATT
M85249.1,74,76,618,620,3,AAT,ATT
M85249.1,567,569,618,620,3,AAT,ATT
M85249.1,617,619,626,628,3,AAT,ATT
M85249.1,199,201,376,378,3,AAT,ATT
M85249.1,113,115,376,378,3,AAT,ATT
M85249.1,199,201,444,446,3,AAT,ATT
M85249.1,113,115,444,446,3,AAT,ATT
M85249.1,125,127,376,378,3,AAT,ATT
M85249.1,132,134,376,378,3,AAT,ATT
M85249.1,101,103,376,378,3,AAT,ATT
M85249.1,292,294,376,378,3,AAT,ATT
M85249.1,248,250,376,378,3,AAT,ATT
M85249.1,125,127,444,446,3,AAT,ATT
M85249.1,132,134,444,446,3,AAT,ATT
M85249.1,101,103,444,446,3,AAT,ATT
M85249.1,292,294,444,446,3,AAT,ATT
M85249.1,248,250,444,446,3,AAT,ATT
M85249.1,27,29,376,378,3,AAT,ATT
M85249.1,74,76,376,378,3,AAT,ATT
M85249.1,27,29,444,446,3,AAT,ATT
M85249.1,74,76,444,446,3,AAT,ATT
M85249.1,222,224,328,330,3,AAT,ATT
M85249.1,222,224,409,411,3,AAT,ATT
M85249.1,10,12,328,330,3,AAT,ATT
M85249.1,10,12,409,411,3,AAT,ATT
M85249.1,10,12,83,85,3,AAT,ATT
M85249.1,222,224,612,614,3,AAT,ATT
M85249.1,222,224,536,538,3,AAT,ATT
M85249.1,10,12,612,614,3,AAT,ATT
M85249.1,10,12,536,538,3,AAT,ATT
M85249.1,10,12,42,44,3,AAT,ATT
M85249.1,10,12,50,52,3,AAT,ATT
M85249.1,222,224,626,628,3,AAT,ATT
M85249.1,10,12,39,41,3,AAT,ATT
M85249.1,10,12,216,218,3,AAT,ATT
M85249.1,10,12,626,628,3,AAT,ATT
M85249.1,199,201,278,280,3,AAT,ATT
M85249.1,113,115,278,280,3,AAT,ATT
M85249.1,277,279,328,330,3,AAT,ATT
M85249.1,277,279,409,411,3,AAT,ATT
M85249.1,199,201,223,225,3,AAT,ATT
M85249.1,113,115,223,225,3,AAT,ATT
M85249.1,65,67,328,330,3,AAT,ATT
M85249.1,65,67,409,411,3,AAT,ATT
M85249.1,65,67,83,85,3,AAT,ATT
M85249.1,17,19,278,280,3,AAT,ATT
M85249.1,80,82,278,280,3,AAT,ATT
M85249.1,277,279,612,614,3,AAT,ATT
M85249.1,277,279,536,538,3,AAT,ATT
M85249.1,17,19,223,225,3,AAT,ATT
M85249.1,80,82,223,225,3,AAT,ATT
M85249.1,514,516,612,614,3,AAT,ATT
M85249.1,514,516,536,538,3,AAT,ATT
M85249.1,65,67,612,614,3,AAT,ATT
M85249.1,65,67,536,538,3,AAT,ATT
M85249.1,125,127,278,280,3,AAT,ATT
M85249.1,132,134,278,280,3,AAT,ATT
M85249.1,101,103,278,280,3,AAT,ATT
M85249.1,248,250,278,280,3,AAT,ATT
M85249.1,277,279,693,695,3,AAT,ATT
M85249.1,125,127,223,225,3,AAT,ATT
M85249.1,132,134,223,225,3,AAT,ATT
M85249.1,101,103,223,225,3,AAT,ATT
M85249.1,514,516,693,695,3,AAT,ATT
M85249.1,65,67,693,695,3,AAT,ATT
M85249.1,78,82,444,448,5,ACAAT,ATTGT
M85249.1,78,82,536,540,5,ACAAT,ATTGT
M85249.1,360,364,536,540,5,ACAAT,ATTGT
M85249.1,20,23,594,597,4,ACAA,TTGT
M85249.1,20,23,107,110,4,ACAA,TTGT
M85249.1,78,81,107,110,4,ACAA,TTGT
M85249.1,20,23,43,46,4,ACAA,TTGT
M85249.1,78,81,689,692,4,ACAA,TTGT
M85249.1,333,336,537,540,4,ACAA,TTGT
M85249.1,20,23,537,540,4,ACAA,TTGT
M85249.1,360,363,594,597,4,ACAA,TTGT
M85249.1,360,363,689,692,4,ACAA,TTGT
M85249.1,20,23,445,448,4,ACAA,TTGT
M85249.1,326,330,683,687,5,ACATT,AATGT
M85249.1,610,614,683,687,5,ACATT,AATGT
M85249.1,20,22,316,318,3,ACA,TGT
M85249.1,168,170,595,597,3,ACA,TGT
M85249.1,399,401,595,597,3,ACA,TGT
M85249.1,78,80,672,674,3,ACA,TGT
M85249.1,168,170,538,540,3,ACA,TGT
M85249.1,399,401,538,540,3,ACA,TGT
M85249.1,168,170,690,692,3,ACA,TGT
M85249.1,399,401,690,692,3,ACA,TGT
M85249.1,20,22,672,674,3,ACA,TGT
M85249.1,655,657,672,674,3,ACA,TGT
M85249.1,78,80,511,513,3,ACA,TGT
M85249.1,333,335,511,513,3,ACA,TGT
M85249.1,360,362,511,513,3,ACA,TGT
M85249.1,187,189,538,540,3,ACA,TGT
M85249.1,168,170,457,459,3,ACA,TGT
M85249.1,399,401,457,459,3,ACA,TGT
M85249.1,333,335,457,459,3,ACA,TGT
M85249.1,360,362,457,459,3,ACA,TGT
M85249.1,187,189,672,674,3,ACA,TGT
M85249.1,187,189,446,448,3,ACA,TGT
M85249.1,668,670,672,674,3,ACA,TGT
M85249.1,20,22,457,459,3,ACA,TGT
M85249.1,187,189,511,513,3,ACA,TGT
M85249.1,187,189,690,692,3,ACA,TGT
M85249.1,668,670,690,692,3,ACA,TGT
M85249.1,170,172,316,318,3,ACA,TGT
M85249.1,170,172,595,597,3,ACA,TGT
M85249.1,78,80,382,384,3,ACA,TGT
M85249.1,170,172,672,674,3,ACA,TGT
M85249.1,170,172,446,448,3,ACA,TGT
M85249.1,168,170,382,384,3,ACA,TGT
M85249.1,333,335,382,384,3,ACA,TGT
M85249.1,360,362,382,384,3,ACA,TGT
M85249.1,170,172,511,513,3,ACA,TGT
M85249.1,170,172,690,692,3,ACA,TGT
M85249.1,20,22,382,384,3,ACA,TGT
M85249.1,465,467,595,597,3,ACA,TGT
M85249.1,465,467,538,540,3,ACA,TGT
M85249.1,465,467,511,513,3,ACA,TGT
M85249.1,465,467,690,692,3,ACA,TGT
M85249.1,23,25,382,384,3,ACA,TGT
M85249.1,23,25,108,110,3,ACA,TGT
M85249.1,23,25,538,540,3,ACA,TGT
M85249.1,170,172,421,423,3,ACA,TGT
M85249.1,170,172,685,687,3,ACA,TGT
M85249.1,23,25,672,674,3,ACA,TGT
M85249.1,23,25,446,448,3,ACA,TGT
M85249.1,168,170,421,423,3,ACA,TGT
M85249.1,399,401,421,423,3,ACA,TGT
M85249.1,333,335,421,423,3,ACA,TGT
M85249.1,360,362,421,423,3,ACA,TGT
M85249.1,465,467,685,687,3,ACA,TGT
M85249.1,168,170,685,687,3,ACA,TGT
M85249.1,399,401,685,687,3,ACA,TGT
M85249.1,333,335,685,687,3,ACA,TGT
M85249.1,360,362,685,687,3,ACA,TGT
M85249.1,23,25,511,513,3,ACA,TGT
M85249.1,23,25,690,692,3,ACA,TGT
M85249.1,23,25,47,49,3,ACA,TGT
M85249.1,20,22,421,423,3,ACA,TGT
M85249.1,20,22,29,31,3,ACA,TGT
M85249.1,20,22,685,687,3,ACA,TGT
M85249.1,655,657,685,687,3,ACA,TGT
M85249.1,401,403,457,459,3,ACA,TGT
M85249.1,401,403,595,597,3,ACA,TGT
M85249.1,401,403,672,674,3,ACA,TGT
M85249.1,401,403,446,448,3,ACA,TGT
M85249.1,401,403,511,513,3,ACA,TGT
M85249.1,401,403,690,692,3,ACA,TGT
M85249.1,326,328,457,459,3,ACA,TGT
M85249.1,326,328,595,597,3,ACA,TGT
M85249.1,326,328,382,384,3,ACA,TGT
M85249.1,326,328,538,540,3,ACA,TGT
M85249.1,326,328,511,513,3,ACA,TGT
M85249.1,326,328,690,692,3,ACA,TGT
M85249.1,187,189,545,547,3,ACA,TGT
M85249.1,78,80,545,547,3,ACA,TGT
M85249.1,170,172,545,547,3,ACA,TGT
M85249.1,465,467,545,547,3,ACA,TGT
M85249.1,168,170,545,547,3,ACA,TGT
M85249.1,399,401,545,547,3,ACA,TGT
M85249.1,333,335,545,547,3,ACA,TGT
M85249.1,360,362,545,547,3,ACA,TGT
M85249.1,610,612,672,674,3,ACA,TGT
M85249.1,208,210,256,258,3,ACC,GGT
M85249.1,208,210,340,342,3,ACC,GGT
M85249.1,121,123,492,494,3,ACC,GGT
M85249.1,471,473,492,494,3,ACC,GGT
M85249.1,365,367,520,522,3,ACC,GGT
M85249.1,208,210,520,522,3,ACC,GGT
M85249.1,121,123,213,215,3,ACC,GGT
M85249.1,121,123,155,157,3,ACC,GGT
M85249.1,121,123,451,453,3,ACC,GGT
M85249.1,393,395,520,522,3,ACC,GGT
M85249.1,393,395,492,494,3,ACC,GGT
M85249.1,365,367,451,453,3,ACC,GGT
M85249.1,208,210,451,453,3,ACC,GGT
M85249.1,92,94,436,438,3,ACG,CGT
M85249.1,92,94,230,232,3,ACG,CGT
M85249.1,219,221,314,316,3,ACG,CGT
M85249.1,219,221,300,302,3,ACG,CGT
M85249.1,104,110,333,339,7,ACTTTGT,ACAAAGT
M85249.1,350,354,507,511,5,ACTTT,AAAGT
M85249.1,272,276,507,511,5,ACTTT,AAAGT
M85249.1,272,276,335,339,5,ACTTT,AAAGT
M85249.1,428,432,507,511,5,ACTTT,AAAGT
M85249.1,99,105,691,697,7,AGAATAC,GTATTCT
M85249.1,139,142,620,623,4,AGAA,TTCT
M85249.1,295,298,620,623,4,AGAA,TTCT
M85249.1,233,236,620,623,4,AGAA,TTCT
M85249.1,139,142,694,697,4,AGAA,TTCT
M85249.1,295,298,694,697,4,AGAA,TTCT
M85249.1,233,236,694,697,4,AGAA,TTCT
M85249.1,290,293,639,642,4,AGAA,TTCT
M85249.1,99,102,620,623,4,AGAA,TTCT
M85249.1,486,489,694,697,4,AGAA,TTCT
M85249.1,486,489,620,623,4,AGAA,TTCT
M85249.1,486,489,639,642,4,AGAA,TTCT
M85249.1,358,360,621,623,3,AGA,TCT
M85249.1,358,360,640,642,3,AGA,TCT
M85249.1,290,292,494,496,3,AGA,TCT
M85249.1,139,141,494,496,3,AGA,TCT
M85249.1,295,297,494,496,3,AGA,TCT
M85249.1,233,235,494,496,3,AGA,TCT
M85249.1,99,101,494,496,3,AGA,TCT
M85249.1,324,326,695,697,3,AGA,TCT
M85249.1,348,350,695,697,3,AGA,TCT
M85249.1,324,326,640,642,3,AGA,TCT
M85249.1,348,350,640,642,3,AGA,TCT
M85249.1,486,488,637,639,3,AGA,TCT
M85249.1,324,326,637,639,3,AGA,TCT
M85249.1,348,350,637,639,3,AGA,TCT
M85249.1,290,292,637,639,3,AGA,TCT
M85249.1,558,560,621,623,3,AGA,TCT
M85249.1,139,141,637,639,3,AGA,TCT
M85249.1,295,297,637,639,3,AGA,TCT
M85249.1,233,235,637,639,3,AGA,TCT
M85249.1,99,101,637,639,3,AGA,TCT
M85249.1,139,141,265,267,3,AGA,TCT
M85249.1,233,235,265,267,3,AGA,TCT
M85249.1,99,101,265,267,3,AGA,TCT
M85249.1,558,560,640,642,3,AGA,TCT
M85249.1,358,360,635,637,3,AGA,TCT
M85249.1,486,488,635,637,3,AGA,TCT
M85249.1,139,141,635,637,3,AGA,TCT
M85249.1,295,297,635,637,3,AGA,TCT
M85249.1,233,235,635,637,3,AGA,TCT
M85249.1,99,101,635,637,3,AGA,TCT
M85249.1,358,360,623,625,3,AGA,TCT
M85249.1,322,324,695,697,3,AGA,TCT
M85249.1,358,360,661,663,3,AGA,TCT
M85249.1,152,154,695,697,3,AGA,TCT
M85249.1,486,488,623,625,3,AGA,TCT
M85249.1,322,324,494,496,3,AGA,TCT
M85249.1,486,488,661,663,3,AGA,TCT
M85249.1,152,154,494,496,3,AGA,TCT
M85249.1,324,326,623,625,3,AGA,TCT
M85249.1,348,350,623,625,3,AGA,TCT
M85249.1,290,292,623,625,3,AGA,TCT
M85249.1,322,324,621,623,3,AGA,TCT
M85249.1,324,326,661,663,3,AGA,TCT
M85249.1,348,350,661,663,3,AGA,TCT
M85249.1,290,292,661,663,3,AGA,TCT
M85249.1,152,154,621,623,3,AGA,TCT
M85249.1,182,184,494,496,3,AGA,TCT
M85249.1,142,144,494,496,3,AGA,TCT
M85249.1,182,184,635,637,3,AGA,TCT
M85249.1,182,184,621,623,3,AGA,TCT
M85249.1,142,144,635,637,3,AGA,TCT
M85249.1,142,144,621,623,3,AGA,TCT
M85249.1,182,184,623,625,3,AGA,TCT
M85249.1,182,184,661,663,3,AGA,TCT
M85249.1,182,184,640,642,3,AGA,TCT
M85249.1,142,144,623,625,3,AGA,TCT
M85249.1,142,144,661,663,3,AGA,TCT
M85249.1,142,144,640,642,3,AGA,TCT
M85249.1,99,101,115,117,3,AGA,TCT
M85249.1,558,560,630,632,3,AGA,TCT
M85249.1,358,360,630,632,3,AGA,TCT
M85249.1,499,501,637,639,3,AGA,TCT
M85249.1,499,501,695,697,3,AGA,TCT
M85249.1,486,488,630,632,3,AGA,TCT
M85249.1,322,324,630,632,3,AGA,TCT
M85249.1,152,154,630,632,3,AGA,TCT
M85249.1,139,141,630,632,3,AGA,TCT
M85249.1,295,297,630,632,3,AGA,TCT
M85249.1,233,235,630,632,3,AGA,TCT
M85249.1,99,101,630,632,3,AGA,TCT
M85249.1,499,501,623,625,3,AGA,TCT
M85249.1,499,501,661,663,3,AGA,TCT
M85249.1,499,501,640,642,3,AGA,TCT
M85249.1,558,560,571,573,3,AGA,TCT
M85249.1,358,360,571,573,3,AGA,TCT
M85249.1,358,360,371,373,3,AGA,TCT
M85249.1,486,488,571,573,3,AGA,TCT
M85249.1,324,326,571,573,3,AGA,TCT
M85249.1,348,350,571,573,3,AGA,TCT
M85249.1,290,292,571,573,3,AGA,TCT
M85249.1,324,326,371,373,3,AGA,TCT
M85249.1,348,350,371,373,3,AGA,TCT
M85249.1,290,292,371,373,3,AGA,TCT
M85249.1,467,469,591,593,3,AGC,GCT
M85249.1,467,469,576,578,3,AGC,GCT
M85249.1,503,505,591,593,3,AGC,GCT
M85249.1,467,469,646,648,3,AGC,GCT
M85249.1,298,300,344,346,3,AGC,GCT
M85249.1,503,505,646,648,3,AGC,GCT
M85249.1,298,300,576,578,3,AGC,GCT
M85249.1,560,562,591,593,3,AGC,GCT
M85249.1,560,562,576,578,3,AGC,GCT
M85249.1,61,63,344,346,3,AGC,GCT
M85249.1,61,63,263,265,3,AGC,GCT
M85249.1,61,63,174,176,3,AGC,GCT
M85249.1,61,63,576,578,3,AGC,GCT
M85249.1,298,300,659,661,3,AGC,GCT
M85249.1,467,469,659,661,3,AGC,GCT
M85249.1,503,505,659,661,3,AGC,GCT
M85249.1,298,300,308,310,3,AGC,GCT
M85249.1,307,309,646,648,3,AGC,GCT
M85249.1,307,309,591,593,3,AGC,GCT
M85249.1,33,35,646,648,3,AGC,GCT
M85249.1,33,35,591,593,3,AGC,GCT
M85249.1,307,309,344,346,3,AGC,GCT
M85249.1,33,35,344,346,3,AGC,GCT
M85249.1,33,35,263,265,3,AGC,GCT
M85249.1,172,174,633,635,3,AGG,CCT
M85249.1,388,390,480,482,3,AGG,CCT
M85249.1,129,131,480,482,3,AGG,CCT
M85249.1,193,195,480,482,3,AGG,CCT
M85249.1,159,161,480,482,3,AGG,CCT
M85249.1,244,246,480,482,3,AGG,CCT
M85249.1,244,246,633,635,3,AGG,CCT
M85249.1,388,390,394,396,3,AGG,CCT
M85249.1,129,131,394,396,3,AGG,CCT
M85249.1,193,195,394,396,3,AGG,CCT
M85249.1,450,452,480,482,3,AGG,CCT
M85249.1,450,452,633,635,3,AGG,CCT
M85249.1,162,164,394,396,3,AGG,CCT
M85249.1,244,246,394,396,3,AGG,CCT
M85249.1,159,161,394,396,3,AGG,CCT
M85249.1,25,29,626,630,5,ATAAT,ATTAT
M85249.1,25,29,223,227,5,ATAAT,ATTAT
M85249.1,75,78,432,435,4,ATAA,TTAT
M85249.1,75,78,699,702,4,ATAA,TTAT
M85249.1,184,187,699,702,4,ATAA,TTAT
M85249.1,126,129,432,435,4,ATAA,TTAT
M85249.1,133,136,432,435,4,ATAA,TTAT
M85249.1,126,129,699,702,4,ATAA,TTAT
M85249.1,133,136,699,702,4,ATAA,TTAT
M85249.1,525,528,699,702,4,ATAA,TTAT
M85249.1,681,684,699,702,4,ATAA,TTAT
M85249.1,25,28,432,435,4,ATAA,TTAT
M85249.1,25,28,699,702,4,ATAA,TTAT
M85249.1,126,129,627,630,4,ATAA,TTAT
M85249.1,133,136,627,630,4,ATAA,TTAT
M85249.1,75,78,627,630,4,ATAA,TTAT
M85249.1,126,129,224,227,4,ATAA,TTAT
M85249.1,133,136,224,227,4,ATAA,TTAT
M85249.1,75,78,224,227,4,ATAA,TTAT
M85249.1,184,187,224,227,4,ATAA,TTAT
M85249.1,196,199,224,227,4,ATAA,TTAT
M85249.1,293,296,309,312,4,ATAG,CTAT
M85249.1,501,504,624,627,4,ATAG,CTAT
M85249.1,501,504,572,575,4,ATAG,CTAT
M85249.1,293,296,577,580,4,ATAG,CTAT
M85249.1,249,252,309,312,4,ATAG,CTAT
M85249.1,249,252,572,575,4,ATAG,CTAT
M85249.1,249,252,577,580,4,ATAG,CTAT
M85249.1,242,245,624,627,4,ATAG,CTAT
M85249.1,242,245,309,312,4,ATAG,CTAT
M85249.1,242,245,572,575,4,ATAG,CTAT
M85249.1,25,27,692,694,3,ATA,TAT
M85249.1,25,27,49,51,3,ATA,TAT
M85249.1,25,27,215,217,3,ATA,TAT
M85249.1,196,198,692,694,3,ATA,TAT
M85249.1,184,186,692,694,3,ATA,TAT
M85249.1,525,527,692,694,3,ATA,TAT
M85249.1,18,20,433,435,3,ATA,TAT
M85249.1,18,20,628,630,3,ATA,TAT
M85249.1,363,365,433,435,3,ATA,TAT
M85249.1,363,365,628,630,3,ATA,TAT
M85249.1,196,198,215,217,3,ATA,TAT
M85249.1,184,186,215,217,3,ATA,TAT
M85249.1,102,104,433,435,3,ATA,TAT
M85249.1,102,104,628,630,3,ATA,TAT
M85249.1,18,20,700,702,3,ATA,TAT
M85249.1,18,20,225,227,3,ATA,TAT
M85249.1,653,655,700,702,3,ATA,TAT
M85249.1,363,365,700,702,3,ATA,TAT
M85249.1,102,104,700,702,3,ATA,TAT
M85249.1,102,104,225,227,3,ATA,TAT
M85249.1,270,272,700,702,3,ATA,TAT
M85249.1,25,27,625,627,3,ATA,TAT
M85249.1,293,295,433,435,3,ATA,TAT
M85249.1,293,295,628,630,3,ATA,TAT
M85249.1,270,272,625,627,3,ATA,TAT
M85249.1,196,198,625,627,3,ATA,TAT
M85249.1,184,186,625,627,3,ATA,TAT
M85249.1,525,527,625,627,3,ATA,TAT
M85249.1,604,606,628,630,3,ATA,TAT
M85249.1,249,251,433,435,3,ATA,TAT
M85249.1,249,251,628,630,3,ATA,TAT
M85249.1,293,295,700,702,3,ATA,TAT
M85249.1,604,606,700,702,3,ATA,TAT
M85249.1,249,251,700,702,3,ATA,TAT
M85249.1,18,20,573,575,3,ATA,TAT
M85249.1,363,365,573,575,3,ATA,TAT
M85249.1,102,104,573,575,3,ATA,TAT
M85249.1,75,77,573,575,3,ATA,TAT
M85249.1,126,128,573,575,3,ATA,TAT
M85249.1,133,135,573,575,3,ATA,TAT
M85249.1,18,20,310,312,3,ATA,TAT
M85249.1,102,104,310,312,3,ATA,TAT
M85249.1,75,77,310,312,3,ATA,TAT
M85249.1,126,128,310,312,3,ATA,TAT
M85249.1,133,135,310,312,3,ATA,TAT
M85249.1,270,272,573,575,3,ATA,TAT
M85249.1,196,198,573,575,3,ATA,TAT
M85249.1,184,186,573,575,3,ATA,TAT
M85249.1,525,527,573,575,3,ATA,TAT
M85249.1,270,272,310,312,3,ATA,TAT
M85249.1,196,198,310,312,3,ATA,TAT
M85249.1,184,186,310,312,3,ATA,TAT
M85249.1,501,503,692,694,3,ATA,TAT
M85249.1,18,20,176,178,3,ATA,TAT
M85249.1,102,104,176,178,3,ATA,TAT
M85249.1,75,77,176,178,3,ATA,TAT
M85249.1,126,128,176,178,3,ATA,TAT
M85249.1,133,135,176,178,3,ATA,TAT
M85249.1,25,27,176,178,3,ATA,TAT
M85249.1,501,503,700,702,3,ATA,TAT
M85249.1,18,20,578,580,3,ATA,TAT
M85249.1,363,365,578,580,3,ATA,TAT
M85249.1,102,104,578,580,3,ATA,TAT
M85249.1,75,77,578,580,3,ATA,TAT
M85249.1,126,128,578,580,3,ATA,TAT
M85249.1,133,135,578,580,3,ATA,TAT
M85249.1,242,244,692,694,3,ATA,TAT
M85249.1,18,20,241,243,3,ATA,TAT
M85249.1,102,104,241,243,3,ATA,TAT
M85249.1,75,77,241,243,3,ATA,TAT
M85249.1,126,128,241,243,3,ATA,TAT
M85249.1,133,135,241,243,3,ATA,TAT
M85249.1,25,27,578,580,3,ATA,TAT
M85249.1,25,27,241,243,3,ATA,TAT
M85249.1,270,272,578,580,3,ATA,TAT
M85249.1,196,198,578,580,3,ATA,TAT
M85249.1,184,186,578,580,3,ATA,TAT
M85249.1,525,527,578,580,3,ATA,TAT
M85249.1,242,244,433,435,3,ATA,TAT
M85249.1,242,244,628,630,3,ATA,TAT
M85249.1,196,198,241,243,3,ATA,TAT
M85249.1,184,186,241,243,3,ATA,TAT
M85249.1,568,570,573,575,3,ATA,TAT
M85249.1,25,27,82,84,3,ATA,TAT
M85249.1,81,83,573,575,3,ATA,TAT
M85249.1,81,83,310,312,3,ATA,TAT
M85249.1,568,570,628,630,3,ATA,TAT
M85249.1,81,83,176,178,3,ATA,TAT
M85249.1,81,83,433,435,3,ATA,TAT
M85249.1,81,83,628,630,3,ATA,TAT
M85249.1,568,570,578,580,3,ATA,TAT
M85249.1,568,570,700,702,3,ATA,TAT
M85249.1,81,83,578,580,3,ATA,TAT
M85249.1,81,83,241,243,3,ATA,TAT
M85249.1,81,83,700,702,3,ATA,TAT
M85249.1,81,83,225,227,3,ATA,TAT
M85249.1,293,295,580,582,3,ATA,TAT
M85249.1,249,251,580,582,3,ATA,TAT
M85249.1,18,20,580,582,3,ATA,TAT
M85249.1,363,365,580,582,3,ATA,TAT
M85249.1,102,104,580,582,3,ATA,TAT
M85249.1,75,77,580,582,3,ATA,TAT
M85249.1,126,128,580,582,3,ATA,TAT
M85249.1,133,135,580,582,3,ATA,TAT
M85249.1,403,405,625,627,3,ATA,TAT
M85249.1,403,405,692,694,3,ATA,TAT
M85249.1,293,295,404,406,3,ATA,TAT
M85249.1,249,251,404,406,3,ATA,TAT
M85249.1,18,20,404,406,3,ATA,TAT
M85249.1,363,365,404,406,3,ATA,TAT
M85249.1,102,104,404,406,3,ATA,TAT
M85249.1,75,77,404,406,3,ATA,TAT
M85249.1,126,128,404,406,3,ATA,TAT
M85249.1,133,135,404,406,3,ATA,TAT
M85249.1,501,503,580,582,3,ATA,TAT
M85249.1,270,272,580,582,3,ATA,TAT
M85249.1,196,198,580,582,3,ATA,TAT
M85249.1,184,186,580,582,3,ATA,TAT
M85249.1,525,527,580,582,3,ATA,TAT
M85249.1,403,405,433,435,3,ATA,TAT
M85249.1,403,405,628,630,3,ATA,TAT
M85249.1,270,272,404,406,3,ATA,TAT
M85249.1,196,198,404,406,3,ATA,TAT
M85249.1,184,186,404,406,3,ATA,TAT
M85249.1,242,244,580,582,3,ATA,TAT
M85249.1,403,405,578,580,3,ATA,TAT
M85249.1,403,405,700,702,3,ATA,TAT
M85249.1,242,244,404,406,3,ATA,TAT
M85249.1,18,20,227,229,3,ATA,TAT
M85249.1,102,104,227,229,3,ATA,TAT
M85249.1,75,77,227,229,3,ATA,TAT
M85249.1,126,128,227,229,3,ATA,TAT
M85249.1,133,135,227,229,3,ATA,TAT
M85249.1,293,295,569,571,3,ATA,TAT
M85249.1,249,251,569,571,3,ATA,TAT
M85249.1,18,20,569,571,3,ATA,TAT
M85249.1,363,365,569,571,3,ATA,TAT
M85249.1,102,104,569,571,3,ATA,TAT
M85249.1,75,77,569,571,3,ATA,TAT
M85249.1,126,128,569,571,3,ATA,TAT
M85249.1,133,135,569,571,3,ATA,TAT
M85249.1,25,27,227,229,3,ATA,TAT
M85249.1,25,27,569,571,3,ATA,TAT
M85249.1,242,244,569,571,3,ATA,TAT
M85249.1,226,228,625,627,3,ATA,TAT
M85249.1,226,228,692,694,3,ATA,TAT
M85249.1,579,581,625,627,3,ATA,TAT
M85249.1,579,581,692,694,3,ATA,TAT
M85249.1,226,228,573,575,3,ATA,TAT
M85249.1,226,228,310,312,3,ATA,TAT
M85249.1,226,228,433,435,3,ATA,TAT
M85249.1,226,228,628,630,3,ATA,TAT
M85249.1,579,581,628,630,3,ATA,TAT
M85249.1,417,419,543,545,3,ATG,CAT
M85249.1,144,146,675,677,3,ATG,CAT
M85249.1,261,263,675,677,3,ATG,CAT
M85249.1,589,591,675,677,3,ATG,CAT
M85249.1,581,583,675,677,3,ATG,CAT
M85249.1,311,313,675,677,3,ATG,CAT
M85249.1,574,576,675,677,3,ATG,CAT
M85249.1,200,202,543,545,3,ATG,CAT
M85249.1,200,202,675,677,3,ATG,CAT
M85249.1,285,287,543,545,3,ATG,CAT
M85249.1,285,287,675,677,3,ATG,CAT
M85249.1,405,407,543,545,3,ATG,CAT
M85249.1,405,407,675,677,3,ATG,CAT
M85249.1,2,4,611,613,3,ATG,CAT
M85249.1,2,4,327,329,3,ATG,CAT
M85249.1,28,30,543,545,3,ATG,CAT
M85249.1,28,30,675,677,3,ATG,CAT
M85249.1,285,287,611,613,3,ATG,CAT
M85249.1,144,146,611,613,3,ATG,CAT
M85249.1,261,263,611,613,3,ATG,CAT
M85249.1,589,591,611,613,3,ATG,CAT
M85249.1,417,419,611,613,3,ATG,CAT
M85249.1,285,287,327,329,3,ATG,CAT
M85249.1,144,146,327,329,3,ATG,CAT
M85249.1,261,263,327,329,3,ATG,CAT
M85249.1,405,407,611,613,3,ATG,CAT
M85249.1,581,583,611,613,3,ATG,CAT
M85249.1,311,313,611,613,3,ATG,CAT
M85249.1,574,576,611,613,3,ATG,CAT
M85249.1,311,313,327,329,3,ATG,CAT
M85249.1,420,422,543,545,3,ATG,CAT
M85249.1,420,422,675,677,3,ATG,CAT
M85249.1,200,202,402,404,3,ATG,CAT
M85249.1,2,4,402,404,3,ATG,CAT
M85249.1,2,4,24,26,3,ATG,CAT
M85249.1,285,287,402,404,3,ATG,CAT
M85249.1,144,146,402,404,3,ATG,CAT
M85249.1,261,263,402,404,3,ATG,CAT
M85249.1,223,227,681,685,5,ATTAT,ATAAT
M85249.1,626,630,681,685,5,ATTAT,ATAAT
M85249.1,216,219,276,279,4,ATTA,TAAT
M85249.1,278,281,566,569,4,ATTA,TAAT
M85249.1,278,281,651,654,4,ATTA,TAAT
M85249.1,223,226,566,569,4,ATTA,TAAT
M85249.1,223,226,651,654,4,ATTA,TAAT
M85249.1,39,42,64,67,4,ATTA,TAAT
M85249.1,39,42,513,516,4,ATTA,TAAT
M85249.1,39,42,276,279,4,ATTA,TAAT
M85249.1,278,281,682,685,4,ATTA,TAAT
M85249.1,39,42,73,76,4,ATTA,TAAT
M85249.1,39,42,566,569,4,ATTA,TAAT
M85249.1,39,42,651,654,4,ATTA,TAAT
M85249.1,216,219,682,685,4,ATTA,TAAT
M85249.1,11,15,78,82,5,ATTGT,ACAAT
M85249.1,376,379,602,605,4,ATTG,CAAT
M85249.1,11,14,368,371,4,ATTG,CAAT
M85249.1,11,14,602,605,4,ATTG,CAAT
M85249.1,11,14,16,19,4,ATTG,CAAT
M85249.1,444,447,602,605,4,ATTG,CAAT
M85249.1,536,539,602,605,4,ATTG,CAAT
M85249.1,42,45,368,371,4,ATTG,CAAT
M85249.1,50,53,368,371,4,ATTG,CAAT
M85249.1,515,519,678,682,5,ATTTC,GAAAT
M85249.1,618,622,678,682,5,ATTTC,GAAAT
M85249.1,66,69,198,201,4,ATTT,AAAT
M85249.1,66,69,112,115,4,ATTT,AAAT
M85249.1,66,69,679,682,4,ATTT,AAAT
M85249.1,409,412,616,619,4,ATTT,AAAT
M85249.1,409,412,679,682,4,ATTT,AAAT
M85249.1,83,86,616,619,4,ATTT,AAAT
M85249.1,83,86,374,377,4,ATTT,AAAT
M85249.1,83,86,198,201,4,ATTT,AAAT
M85249.1,83,86,112,115,4,ATTT,AAAT
M85249.1,328,331,442,445,4,ATTT,AAAT
M85249.1,328,331,616,619,4,ATTT,AAAT
M85249.1,328,331,374,377,4,ATTT,AAAT
M85249.1,328,331,679,682,4,ATTT,AAAT
M85249.1,39,41,222,224,3,ATT,AAT
M85249.1,216,218,222,224,3,ATT,AAT
M85249.1,223,225,248,250,3,ATT,AAT
M85249.1,278,280,292,294,3,ATT,AAT
M85249.1,223,225,292,294,3,ATT,AAT
M85249.1,39,41,248,250,3,ATT,AAT
M85249.1,39,41,132,134,3,ATT,AAT
M85249.1,39,41,125,127,3,ATT,AAT
M85249.1,39,41,101,103,3,ATT,AAT
M85249.1,39,41,292,294,3,ATT,AAT
M85249.1,376,378,683,685,3,ATT,AAT
M85249.1,11,13,27,29,3,ATT,AAT
M85249.1,11,13,683,685,3,ATT,AAT
M85249.1,444,446,683,685,3,ATT,AAT
M85249.1,376,378,652,654,3,ATT,AAT
M85249.1,376,378,567,569,3,ATT,AAT
M85249.1,11,13,248,250,3,ATT,AAT
M85249.1,11,13,132,134,3,ATT,AAT
M85249.1,11,13,125,127,3,ATT,AAT
M85249.1,11,13,101,103,3,ATT,AAT
M85249.1,11,13,292,294,3,ATT,AAT
M85249.1,11,13,652,654,3,ATT,AAT
M85249.1,11,13,567,569,3,ATT,AAT
M85249.1,11,13,74,76,3,ATT,AAT
M85249.1,444,446,652,654,3,ATT,AAT
M85249.1,444,446,567,569,3,ATT,AAT
M85249.1,612,614,652,654,3,ATT,AAT
M85249.1,278,280,369,371,3,ATT,AAT
M85249.1,223,225,369,371,3,ATT,AAT
M85249.1,39,41,369,371,3,ATT,AAT
M85249.1,536,538,683,685,3,ATT,AAT
M85249.1,216,218,369,371,3,ATT,AAT
M85249.1,536,538,652,654,3,ATT,AAT
M85249.1,536,538,567,569,3,ATT,AAT
M85249.1,50,52,222,224,3,ATT,AAT
M85249.1,50,52,277,279,3,ATT,AAT
M85249.1,50,52,514,516,3,ATT,AAT
M85249.1,50,52,65,67,3,ATT,AAT
M85249.1,278,280,603,605,3,ATT,AAT
M85249.1,223,225,603,605,3,ATT,AAT
M85249.1,278,280,362,364,3,ATT,AAT
M85249.1,223,225,362,364,3,ATT,AAT
M85249.1,42,44,222,224,3,ATT,AAT
M85249.1,42,44,277,279,3,ATT,AAT
M85249.1,42,44,514,516,3,ATT,AAT
M85249.1,42,44,65,67,3,ATT,AAT
M85249.1,50,52,683,685,3,ATT,AAT
M85249.1,39,41,603,605,3,ATT,AAT
M85249.1,39,41,362,364,3,ATT,AAT
M85249.1,39,41,80,82,3,ATT,AAT
M85249.1,42,44,683,685,3,ATT,AAT
M85249.1,39,41,375,377,3,ATT,AAT
M85249.1,612,614,617,619,3,ATT,AAT
M85249.1,39,41,617,619,3,ATT,AAT
M85249.1,515,517,683,685,3,ATT,AAT
M85249.1,618,620,683,685,3,ATT,AAT
M85249.1,66,68,683,685,3,ATT,AAT
M85249.1,39,41,443,445,3,ATT,AAT
M85249.1,536,538,617,619,3,ATT,AAT
M85249.1,66,68,369,371,3,ATT,AAT
M85249.1,50,52,375,377,3,ATT,AAT
M85249.1,42,44,375,377,3,ATT,AAT
M85249.1,216,218,375,377,3,ATT,AAT
M85249.1,50,52,617,619,3,ATT,AAT
M85249.1,42,44,617,619,3,ATT,AAT
M85249.1,216,218,617,619,3,ATT,AAT
M85249.1,515,517,603,605,3,ATT,AAT
M85249.1,515,517,652,654,3,ATT,AAT
M85249.1,515,517,567,569,3,ATT,AAT
M85249.1,618,620,652,654,3,ATT,AAT
M85249.1,66,68,603,605,3,ATT,AAT
M85249.1,66,68,362,364,3,ATT,AAT
M85249.1,66,68,80,82,3,ATT,AAT
M85249.1,66,68,248,250,3,ATT,AAT
M85249.1,66,68,132,134,3,ATT,AAT
M85249.1,66,68,125,127,3,ATT,AAT
M85249.1,66,68,101,103,3,ATT,AAT
M85249.1,66,68,292,294,3,ATT,AAT
M85249.1,66,68,652,654,3,ATT,AAT
M85249.1,66,68,567,569,3,ATT,AAT
M85249.1,66,68,74,76,3,ATT,AAT
M85249.1,50,52,443,445,3,ATT,AAT
M85249.1,42,44,443,445,3,ATT,AAT
M85249.1,216,218,443,445,3,ATT,AAT
M85249.1,11,13,199,201,3,ATT,AAT
M85249.1,328,330,514,516,3,ATT,AAT
M85249.1,328,330,369,371,3,ATT,AAT
M85249.1,50,52,199,201,3,ATT,AAT
M85249.1,42,44,199,201,3,ATT,AAT
M85249.1,328,330,603,605,3,ATT,AAT
M85249.1,328,330,362,364,3,ATT,AAT
M85249.1,328,330,652,654,3,ATT,AAT
M85249.1,328,330,567,569,3,ATT,AAT
M85249.1,11,13,113,115,3,ATT,AAT
M85249.1,409,411,514,516,3,ATT,AAT
M85249.1,39,41,113,115,3,ATT,AAT
M85249.1,409,411,683,685,3,ATT,AAT
M85249.1,50,52,113,115,3,ATT,AAT
M85249.1,42,44,113,115,3,ATT,AAT
M85249.1,409,411,603,605,3,ATT,AAT
M85249.1,409,411,652,654,3,ATT,AAT
M85249.1,409,411,567,569,3,ATT,AAT
M85249.1,376,378,680,682,3,ATT,AAT
M85249.1,11,13,680,682,3,ATT,AAT
M85249.1,444,446,680,682,3,ATT,AAT
M85249.1,278,280,680,682,3,ATT,AAT
M85249.1,223,225,680,682,3,ATT,AAT
M85249.1,83,85,222,224,3,ATT,AAT
M85249.1,83,85,277,279,3,ATT,AAT
M85249.1,83,85,514,516,3,ATT,AAT
M85249.1,612,614,680,682,3,ATT,AAT
M85249.1,39,41,680,682,3,ATT,AAT
M85249.1,83,85,683,685,3,ATT,AAT
M85249.1,536,538,680,682,3,ATT,AAT
M85249.1,83,85,369,371,3,ATT,AAT
M85249.1,16,25,44,53,10,CAATACAACA,TGTTGTATTG
M85249.1,16,20,41,45,5,CAATA,TATTG
M85249.1,16,19,536,539,4,CAAT,ATTG
M85249.1,368,371,444,447,4,CAAT,ATTG
M85249.1,16,19,444,447,4,CAAT,ATTG
M85249.1,361,364,376,379,4,CAAT,ATTG
M85249.1,79,82,376,379,4,CAAT,ATTG
M85249.1,368,371,376,379,4,CAAT,ATTG
M85249.1,361,364,612,615,4,CAAT,ATTG
M85249.1,79,82,612,615,4,CAAT,ATTG
M85249.1,368,371,612,615,4,CAAT,ATTG
M85249.1,602,605,612,615,4,CAAT,ATTG
M85249.1,21,23,424,426,3,CAA,TTG
M85249.1,21,23,254,256,3,CAA,TTG
M85249.1,21,23,412,414,3,CAA,TTG
M85249.1,21,23,330,332,3,CAA,TTG
M85249.1,334,336,597,599,3,CAA,TTG
M85249.1,334,336,459,461,3,CAA,TTG
M85249.1,334,336,530,532,3,CAA,TTG
M85249.1,506,508,597,599,3,CAA,TTG
M85249.1,506,508,530,532,3,CAA,TTG
M85249.1,21,23,267,269,3,CAA,TTG
M85249.1,361,363,424,426,3,CAA,TTG
M85249.1,79,81,424,426,3,CAA,TTG
M85249.1,79,81,254,256,3,CAA,TTG
M85249.1,506,508,537,539,3,CAA,TTG
M85249.1,361,363,412,414,3,CAA,TTG
M85249.1,79,81,412,414,3,CAA,TTG
M85249.1,361,363,597,599,3,CAA,TTG
M85249.1,361,363,459,461,3,CAA,TTG
M85249.1,361,363,530,532,3,CAA,TTG
M85249.1,79,81,267,269,3,CAA,TTG
M85249.1,79,81,597,599,3,CAA,TTG
M85249.1,79,81,459,461,3,CAA,TTG
M85249.1,79,81,530,532,3,CAA,TTG
M85249.1,79,81,330,332,3,CAA,TTG
M85249.1,602,604,689,691,3,CAA,TTG
M85249.1,368,370,689,691,3,CAA,TTG
M85249.1,368,370,594,596,3,CAA,TTG
M85249.1,368,370,412,414,3,CAA,TTG
M85249.1,368,370,597,599,3,CAA,TTG
M85249.1,368,370,459,461,3,CAA,TTG
M85249.1,368,370,530,532,3,CAA,TTG
M85249.1,21,23,51,53,3,CAA,TTG
M85249.1,16,18,46,48,3,CAA,TTG
M85249.1,16,18,689,691,3,CAA,TTG
M85249.1,16,18,594,596,3,CAA,TTG
M85249.1,16,18,107,109,3,CAA,TTG
M85249.1,21,23,613,615,3,CAA,TTG
M85249.1,334,336,613,615,3,CAA,TTG
M85249.1,21,23,377,379,3,CAA,TTG
M85249.1,334,336,377,379,3,CAA,TTG
M85249.1,16,18,424,426,3,CAA,TTG
M85249.1,16,18,254,256,3,CAA,TTG
M85249.1,506,508,613,615,3,CAA,TTG
M85249.1,16,18,412,414,3,CAA,TTG
M85249.1,169,171,257,259,3,CAC,GTG
M85249.1,169,171,341,343,3,CAC,GTG
M85249.1,169,171,521,523,3,CAC,GTG
M85249.1,400,402,521,523,3,CAC,GTG
M85249.1,120,122,383,385,3,CAC,GTG
M85249.1,120,122,671,673,3,CAC,GTG
M85249.1,470,472,671,673,3,CAC,GTG
M85249.1,120,122,510,512,3,CAC,GTG
M85249.1,470,472,510,512,3,CAC,GTG
M85249.1,169,171,338,340,3,CAC,GTG
M85249.1,147,149,257,259,3,CAC,GTG
M85249.1,147,149,341,343,3,CAC,GTG
M85249.1,147,149,521,523,3,CAC,GTG
M85249.1,147,149,539,541,3,CAC,GTG
M85249.1,147,149,383,385,3,CAC,GTG
M85249.1,169,171,282,284,3,CAC,GTG
M85249.1,120,122,282,284,3,CAC,GTG
M85249.1,120,122,315,317,3,CAC,GTG
M85249.1,147,149,315,317,3,CAC,GTG
M85249.1,466,468,495,497,3,CAG,CTG
M85249.1,171,173,495,497,3,CAG,CTG
M85249.1,171,173,345,347,3,CAG,CTG
M85249.1,449,451,495,497,3,CAG,CTG
M85249.1,188,190,395,397,3,CAG,CTG
M85249.1,188,190,495,497,3,CAG,CTG
M85249.1,449,451,456,458,3,CAG,CTG
M85249.1,188,190,345,347,3,CAG,CTG
M85249.1,204,206,395,397,3,CAG,CTG
M85249.1,204,206,495,497,3,CAG,CTG
M85249.1,204,206,345,347,3,CAG,CTG
M85249.1,38,44,680,686,7,CATTATT,AATAATG
M85249.1,24,26,285,287,3,CAT,ATG
M85249.1,24,26,261,263,3,CAT,ATG
M85249.1,24,26,589,591,3,CAT,ATG
M85249.1,402,404,589,591,3,CAT,ATG
M85249.1,24,26,144,146,3,CAT,ATG
M85249.1,24,26,417,419,3,CAT,ATG
M85249.1,402,404,417,419,3,CAT,ATG
M85249.1,1,3,420,422,3,CAT,ATG
M85249.1,1,3,285,287,3,CAT,ATG
M85249.1,1,3,405,407,3,CAT,ATG
M85249.1,1,3,261,263,3,CAT,ATG
M85249.1,1,3,589,591,3,CAT,ATG
M85249.1,1,3,144,146,3,CAT,ATG
M85249.1,1,3,574,576,3,CAT,ATG
M85249.1,1,3,311,313,3,CAT,ATG
M85249.1,1,3,581,583,3,CAT,ATG
M85249.1,1,3,2,4,3,CAT,ATG
M85249.1,1,3,417,419,3,CAT,ATG
M85249.1,24,26,676,678,3,CAT,ATG
M85249.1,402,404,676,678,3,CAT,ATG
M85249.1,1,3,28,30,3,CAT,ATG
M85249.1,1,3,684,686,3,CAT,ATG
M85249.1,327,329,405,407,3,CAT,ATG
M85249.1,543,545,684,686,3,CAT,ATG
M85249.1,327,329,589,591,3,CAT,ATG
M85249.1,327,329,574,576,3,CAT,ATG
M85249.1,327,329,581,583,3,CAT,ATG
M85249.1,675,677,684,686,3,CAT,ATG
M85249.1,611,613,676,678,3,CAT,ATG
M85249.1,327,329,676,678,3,CAT,ATG
M85249.1,327,329,417,419,3,CAT,ATG
M85249.1,1,3,200,202,3,CAT,ATG
M85249.1,24,26,200,202,3,CAT,ATG
M85249.1,38,40,544,546,3,CAT,ATG
M85249.1,38,40,420,422,3,CAT,ATG
M85249.1,38,40,285,287,3,CAT,ATG
M85249.1,38,40,405,407,3,CAT,ATG
M85249.1,38,40,261,263,3,CAT,ATG
M85249.1,38,40,589,591,3,CAT,ATG
M85249.1,38,40,144,146,3,CAT,ATG
M85249.1,38,40,574,576,3,CAT,ATG
M85249.1,38,40,311,313,3,CAT,ATG
M85249.1,38,40,581,583,3,CAT,ATG
M85249.1,367,369,540,542,3,CCA,TGG
M85249.1,119,121,255,257,3,CCA,TGG
M85249.1,367,369,522,524,3,CCA,TGG
M85249.1,505,507,522,524,3,CCA,TGG
M85249.1,484,486,540,542,3,CCA,TGG
M85249.1,484,486,522,524,3,CCA,TGG
M85249.1,367,369,496,498,3,CCA,TGG
M85249.1,367,369,396,398,3,CCA,TGG
M85249.1,469,471,496,498,3,CCA,TGG
M85249.1,119,121,286,288,3,CCA,TGG
M85249.1,119,121,201,203,3,CCA,TGG
M85249.1,367,369,406,408,3,CCA,TGG
M85249.1,209,211,287,289,3,CCC,GGG
M85249.1,483,485,491,493,3,CCC,GGG
M85249.1,209,211,245,247,3,CCC,GGG
M85249.1,54,60,207,213,7,CCGGGTA,TACCCGG
M85249.1,122,124,211,213,3,CCG,CGG
M85249.1,210,212,519,521,3,CCG,CGG
M85249.1,54,56,519,521,3,CCG,CGG
M85249.1,472,474,586,588,3,CCG,CGG
M85249.1,122,124,586,588,3,CCG,CGG
M85249.1,472,474,490,492,3,CCG,CGG
M85249.1,122,124,490,492,3,CCG,CGG
M85249.1,54,56,490,492,3,CCG,CGG
M85249.1,480,482,664,666,3,CCT,AGG
M85249.1,394,396,462,464,3,CCT,AGG
M85249.1,394,396,533,535,3,CCT,AGG
M85249.1,394,396,664,666,3,CCT,AGG
M85249.1,95,97,450,452,3,CCT,AGG
M85249.1,95,97,154,156,3,CCT,AGG
M85249.1,95,97,162,164,3,CCT,AGG
M85249.1,95,97,244,246,3,CCT,AGG
M85249.1,95,97,462,464,3,CCT,AGG
M85249.1,95,97,533,535,3,CCT,AGG
M85249.1,95,97,159,161,3,CCT,AGG
M85249.1,95,97,664,666,3,CCT,AGG
M85249.1,123,125,302,304,3,CGA,TCG
M85249.1,179,181,302,304,3,CGA,TCG
M85249.1,475,477,518,520,3,CGA,TCG
M85249.1,123,125,435,437,3,CGA,TCG
M85249.1,123,125,229,231,3,CGA,TCG
M85249.1,179,181,435,437,3,CGA,TCG
M85249.1,179,181,229,231,3,CGA,TCG
M85249.1,415,417,518,520,3,CGA,TCG
M85249.1,123,125,178,180,3,CGA,TCG
M85249.1,93,95,414,416,3,CGC,GCG
M85249.1,93,95,474,476,3,CGC,GCG
M85249.1,478,480,561,563,3,CGC,GCG
M85249.1,93,95,561,563,3,CGC,GCG
M85249.1,473,475,561,563,3,CGC,GCG
M85249.1,490,492,644,646,3,CGG,CCG
M85249.1,55,57,644,646,3,CGG,CCG
M85249.1,211,213,644,646,3,CGG,CCG
M85249.1,55,57,472,474,3,CGG,CCG
M85249.1,211,213,472,474,3,CGG,CCG
M85249.1,55,57,122,124,3,CGG,CCG
M85249.1,519,521,585,587,3,CGG,CCG
M85249.1,586,588,644,646,3,CGG,CCG
M85249.1,436,438,477,479,3,CGT,ACG
M85249.1,230,232,477,479,3,CGT,ACG
M85249.1,300,302,489,491,3,CGT,ACG
M85249.1,436,438,489,491,3,CGT,ACG
M85249.1,230,232,489,491,3,CGT,ACG
M85249.1,303,305,477,479,3,CGT,ACG
M85249.1,314,316,489,491,3,CGT,ACG
M85249.1,240,243,501,504,4,CTAT,ATAG
M85249.1,175,178,242,245,4,CTAT,ATAG
M85249.1,175,178,249,252,4,CTAT,ATAG
M85249.1,309,312,604,607,4,CTAT,ATAG
M85249.1,175,178,604,607,4,CTAT,ATAG
M85249.1,577,580,604,607,4,CTAT,ATAG
M85249.1,572,575,604,607,4,CTAT,ATAG
M85249.1,240,243,293,296,4,CTAT,ATAG
M85249.1,175,178,293,296,4,CTAT,ATAG
M85249.1,72,74,232,234,3,CTA,TAG
M85249.1,72,74,138,140,3,CTA,TAG
M85249.1,63,65,232,234,3,CTA,TAG
M85249.1,63,65,138,140,3,CTA,TAG
M85249.1,72,74,663,665,3,CTA,TAG
M85249.1,63,65,663,665,3,CTA,TAG
M85249.1,641,643,663,665,3,CTA,TAG
M85249.1,372,374,663,665,3,CTA,TAG
M85249.1,240,242,663,665,3,CTA,TAG
M85249.1,240,242,306,308,3,CTA,TAG
M85249.1,63,65,250,252,3,CTA,TAG
M85249.1,63,65,605,607,3,CTA,TAG
M85249.1,240,242,321,323,3,CTA,TAG
M85249.1,372,374,605,607,3,CTA,TAG
M85249.1,72,74,243,245,3,CTA,TAG
M85249.1,63,65,243,245,3,CTA,TAG
M85249.1,175,177,280,282,3,CTA,TAG
M85249.1,72,74,502,504,3,CTA,TAG
M85249.1,577,579,663,665,3,CTA,TAG
M85249.1,175,177,663,665,3,CTA,TAG
M85249.1,309,311,663,665,3,CTA,TAG
M85249.1,175,177,232,234,3,CTA,TAG
M85249.1,175,177,321,323,3,CTA,TAG
M85249.1,372,374,502,504,3,CTA,TAG
M85249.1,309,311,321,323,3,CTA,TAG
M85249.1,72,74,294,296,3,CTA,TAG
M85249.1,572,574,663,665,3,CTA,TAG
M85249.1,624,626,663,665,3,CTA,TAG
M85249.1,63,65,294,296,3,CTA,TAG
M85249.1,7,9,485,487,3,CTG,CAG
M85249.1,345,347,485,487,3,CTG,CAG
M85249.1,381,383,449,451,3,CTG,CAG
M85249.1,395,397,669,671,3,CTG,CAG
M85249.1,345,347,669,671,3,CTG,CAG
M85249.1,381,383,485,487,3,CTG,CAG
M85249.1,495,497,669,671,3,CTG,CAG
M85249.1,456,458,485,487,3,CTG,CAG
M85249.1,7,9,171,173,3,CTG,CAG
M85249.1,7,9,466,468,3,CTG,CAG
M85249.1,395,397,466,468,3,CTG,CAG
M85249.1,105,108,356,359,4,CTTT,AAAG
M85249.1,351,354,356,359,4,CTTT,AAAG
M85249.1,273,276,356,359,4,CTTT,AAAG
M85249.1,105,108,556,559,4,CTTT,AAAG
M85249.1,351,354,556,559,4,CTTT,AAAG
M85249.1,273,276,556,559,4,CTTT,AAAG
M85249.1,105,108,386,389,4,CTTT,AAAG
M85249.1,351,354,386,389,4,CTTT,AAAG
M85249.1,273,276,386,389,4,CTTT,AAAG
M85249.1,96,98,235,237,3,CTT,AAG
M85249.1,88,90,235,237,3,CTT,AAG
M85249.1,35,37,527,529,3,CTT,AAG
M85249.1,35,37,135,137,3,CTT,AAG
M85249.1,149,151,297,299,3,CTT,AAG
M85249.1,35,37,192,194,3,CTT,AAG
M85249.1,35,37,128,130,3,CTT,AAG
M85249.1,96,98,297,299,3,CTT,AAG
M85249.1,88,90,297,299,3,CTT,AAG
M85249.1,116,118,527,529,3,CTT,AAG
M85249.1,116,118,135,137,3,CTT,AAG
M85249.1,149,151,181,183,3,CTT,AAG
M85249.1,116,118,192,194,3,CTT,AAG
M85249.1,116,118,128,130,3,CTT,AAG
M85249.1,96,98,181,183,3,CTT,AAG
M85249.1,96,98,141,143,3,CTT,AAG
M85249.1,149,151,657,659,3,CTT,AAG
M85249.1,96,98,657,659,3,CTT,AAG
M85249.1,116,118,657,659,3,CTT,AAG
M85249.1,638,640,657,659,3,CTT,AAG
M85249.1,88,90,657,659,3,CTT,AAG
M85249.1,266,268,527,529,3,CTT,AAG
M85249.1,266,268,297,299,3,CTT,AAG
M85249.1,96,98,508,510,3,CTT,AAG
M85249.1,96,98,336,338,3,CTT,AAG
M85249.1,105,107,192,194,3,CTT,AAG
M85249.1,105,107,128,130,3,CTT,AAG
M85249.1,351,353,657,659,3,CTT,AAG
M85249.1,273,275,657,659,3,CTT,AAG
M85249.1,273,275,297,299,3,CTT,AAG
M85249.1,35,37,508,510,3,CTT,AAG
M85249.1,35,37,336,338,3,CTT,AAG
M85249.1,105,107,657,659,3,CTT,AAG
M85249.1,105,107,297,299,3,CTT,AAG
M85249.1,429,431,657,659,3,CTT,AAG
M85249.1,266,268,508,510,3,CTT,AAG
M85249.1,116,118,508,510,3,CTT,AAG
M85249.1,88,90,508,510,3,CTT,AAG
M85249.1,266,268,336,338,3,CTT,AAG
M85249.1,116,118,336,338,3,CTT,AAG
M85249.1,88,90,336,338,3,CTT,AAG
M85249.1,105,107,181,183,3,CTT,AAG
M85249.1,105,107,141,143,3,CTT,AAG
M85249.1,149,151,387,389,3,CTT,AAG
M85249.1,35,37,387,389,3,CTT,AAG
M85249.1,266,268,387,389,3,CTT,AAG
M85249.1,116,118,387,389,3,CTT,AAG
M85249.1,88,90,387,389,3,CTT,AAG
M85249.1,149,151,357,359,3,CTT,AAG
M85249.1,149,151,557,559,3,CTT,AAG
M85249.1,96,98,357,359,3,CTT,AAG
M85249.1,96,98,557,559,3,CTT,AAG
M85249.1,35,37,357,359,3,CTT,AAG
M85249.1,35,37,557,559,3,CTT,AAG
M85249.1,111,115,618,622,5,GAAAT,ATTTC
M85249.1,111,115,515,519,5,GAAAT,ATTTC
M85249.1,167,169,493,495,3,GAC,GTC
M85249.1,398,400,493,495,3,GAC,GTC
M85249.1,464,466,493,495,3,GAC,GTC
M85249.1,332,334,493,495,3,GAC,GTC
M85249.1,476,478,493,495,3,GAC,GTC
M85249.1,167,169,301,303,3,GAC,GTC
M85249.1,476,478,673,675,3,GAC,GTC
M85249.1,349,351,447,449,3,GAC,GTC
M85249.1,349,351,673,675,3,GAC,GTC
M85249.1,427,429,493,495,3,GAC,GTC
M85249.1,427,429,447,449,3,GAC,GTC
M85249.1,427,429,673,675,3,GAC,GTC
M85249.1,379,381,493,495,3,GAC,GTC
M85249.1,524,528,627,631,5,GATAA,TTATC
M85249.1,183,187,432,436,5,GATAA,TTATC
M85249.1,195,199,627,631,5,GATAA,TTATC
M85249.1,195,198,569,572,4,GATA,TATC
M85249.1,524,527,569,572,4,GATA,TATC
M85249.1,183,186,227,230,4,GATA,TATC
M85249.1,195,198,227,230,4,GATA,TATC
M85249.1,269,272,569,572,4,GATA,TATC
M85249.1,269,272,628,631,4,GATA,TATC
M85249.1,269,272,433,436,4,GATA,TATC
M85249.1,203,205,575,577,3,GCA,TGC
M85249.1,203,205,262,264,3,GCA,TGC
M85249.1,203,205,590,592,3,GCA,TGC
M85249.1,203,205,312,314,3,GCA,TGC
M85249.1,203,205,413,415,3,GCA,TGC
M85249.1,146,148,575,577,3,GCA,TGC
M85249.1,146,148,262,264,3,GCA,TGC
M85249.1,146,148,590,592,3,GCA,TGC
M85249.1,146,148,312,314,3,GCA,TGC
M85249.1,146,148,413,415,3,GCA,TGC
M85249.1,146,148,582,584,3,GCA,TGC
M85249.1,94,96,343,345,3,GCC,GGC
M85249.1,479,481,541,543,3,GCC,GGC
M85249.1,94,96,541,543,3,GCC,GGC
M85249.1,94,96,202,204,3,GCC,GGC
M85249.1,53,55,173,175,3,GCC,GGC
M85249.1,53,55,343,345,3,GCC,GGC
M85249.1,474,476,645,647,3,GCG,CGC
M85249.1,414,416,645,647,3,GCG,CGC
M85249.1,414,416,473,475,3,GCG,CGC
M85249.1,299,301,473,475,3,GCG,CGC
M85249.1,474,476,478,480,3,GCG,CGC
M85249.1,414,416,478,480,3,GCG,CGC
M85249.1,313,315,645,647,3,GCG,CGC
M85249.1,313,315,473,475,3,GCG,CGC
M85249.1,62,64,560,562,3,GCT,AGC
M85249.1,308,310,560,562,3,GCT,AGC
M85249.1,174,176,560,562,3,GCT,AGC
M85249.1,263,265,307,309,3,GCT,AGC
M85249.1,263,265,503,505,3,GCT,AGC
M85249.1,62,64,467,469,3,GCT,AGC
M85249.1,308,310,467,469,3,GCT,AGC
M85249.1,344,346,560,562,3,GCT,AGC
M85249.1,263,265,467,469,3,GCT,AGC
M85249.1,34,36,560,562,3,GCT,AGC
M85249.1,34,36,467,469,3,GCT,AGC
M85249.1,34,36,503,505,3,GCT,AGC
M85249.1,344,346,658,660,3,GCT,AGC
M85249.1,174,176,658,660,3,GCT,AGC
M85249.1,263,265,658,660,3,GCT,AGC
M85249.1,576,578,658,660,3,GCT,AGC
M85249.1,62,64,298,300,3,GCT,AGC
M85249.1,174,176,298,300,3,GCT,AGC
M85249.1,263,265,298,300,3,GCT,AGC
M85249.1,497,503,628,634,7,GGAGATA,TATCTCC
M85249.1,166,168,632,634,3,GGA,TCC
M85249.1,246,248,632,634,3,GGA,TCC
M85249.1,397,399,632,634,3,GGA,TCC
M85249.1,426,428,632,634,3,GGA,TCC
M85249.1,463,465,482,484,3,GGA,TCC
M85249.1,389,391,482,484,3,GGA,TCC
M85249.1,130,132,482,484,3,GGA,TCC
M85249.1,397,399,482,484,3,GGA,TCC
M85249.1,426,428,482,484,3,GGA,TCC
M85249.1,194,196,482,484,3,GGA,TCC
M85249.1,587,589,632,634,3,GGA,TCC
M85249.1,523,525,632,634,3,GGA,TCC
M85249.1,259,261,632,634,3,GGA,TCC
M85249.1,407,409,632,634,3,GGA,TCC
M85249.1,259,261,482,484,3,GGA,TCC
M85249.1,407,409,482,484,3,GGA,TCC
M85249.1,173,179,500,506,7,GGCTATC,GATAGCC
M85249.1,202,204,479,481,3,GGC,GCC
M85249.1,173,175,583,585,3,GGC,GCC
M85249.1,343,345,479,481,3,GGC,GCC
M85249.1,343,345,583,585,3,GGC,GCC
M85249.1,212,218,362,368,7,GGGTATT,AATACCC
M85249.1,163,165,483,485,3,GGG,CCC
M85249.1,164,166,483,485,3,GGG,CCC
M85249.1,163,165,209,211,3,GGG,CCC
M85249.1,164,166,209,211,3,GGG,CCC
M85249.1,165,167,209,211,3,GGG,CCC
M85249.1,56,58,483,485,3,GGG,CCC
M85249.1,212,214,483,485,3,GGG,CCC
M85249.1,163,165,366,368,3,GGG,CCC
M85249.1,245,247,366,368,3,GGG,CCC
M85249.1,164,166,366,368,3,GGG,CCC
M85249.1,165,167,366,368,3,GGG,CCC
M85249.1,163,165,584,586,3,GGG,CCC
M85249.1,245,247,584,586,3,GGG,CCC
M85249.1,164,166,584,586,3,GGG,CCC
M85249.1,165,167,584,586,3,GGG,CCC
M85249.1,287,289,584,586,3,GGG,CCC
M85249.1,492,494,643,645,3,GGT,ACC
M85249.1,57,59,600,602,3,GGT,ACC
M85249.1,213,215,600,602,3,GGT,ACC
M85249.1,57,59,121,123,3,GGT,ACC
M85249.1,57,59,471,473,3,GGT,ACC
M85249.1,213,215,471,473,3,GGT,ACC
M85249.1,520,522,600,602,3,GGT,ACC
M85249.1,256,258,643,645,3,GGT,ACC
M85249.1,340,342,643,645,3,GGT,ACC
M85249.1,256,258,365,367,3,GGT,ACC
M85249.1,340,342,365,367,3,GGT,ACC
M85249.1,451,453,471,473,3,GGT,ACC
M85249.1,451,453,643,645,3,GGT,ACC
M85249.1,155,157,471,473,3,GGT,ACC
M85249.1,155,157,643,645,3,GGT,ACC
M85249.1,155,157,208,210,3,GGT,ACC
M85249.1,155,157,365,367,3,GGT,ACC
M85249.1,57,59,393,395,3,GGT,ACC
M85249.1,213,215,393,395,3,GGT,ACC
M85249.1,451,453,600,602,3,GGT,ACC
M85249.1,155,157,600,602,3,GGT,ACC
M85249.1,256,258,393,395,3,GGT,ACC
M85249.1,340,342,393,395,3,GGT,ACC
M85249.1,231,237,638,644,7,GTAGAAG,CTTCTAC
M85249.1,48,52,101,105,5,GTATT,AATAC
M85249.1,206,208,218,220,3,GTA,TAC
M85249.1,58,60,238,240,3,GTA,TAC
M85249.1,206,208,609,611,3,GTA,TAC
M85249.1,237,239,609,611,3,GTA,TAC
M85249.1,190,192,207,209,3,GTA,TAC
M85249.1,137,139,218,220,3,GTA,TAC
M85249.1,137,139,207,209,3,GTA,TAC
M85249.1,137,139,609,611,3,GTA,TAC
M85249.1,231,233,238,240,3,GTA,TAC
M85249.1,231,233,454,456,3,GTA,TAC
M85249.1,231,233,609,611,3,GTA,TAC
M85249.1,206,208,642,644,3,GTA,TAC
M85249.1,237,239,642,644,3,GTA,TAC
M85249.1,190,192,642,644,3,GTA,TAC
M85249.1,565,567,642,644,3,GTA,TAC
M85249.1,437,439,642,644,3,GTA,TAC
M85249.1,546,548,642,644,3,GTA,TAC
M85249.1,512,514,642,644,3,GTA,TAC
M85249.1,231,233,271,273,3,GTA,TAC
M85249.1,58,60,271,273,3,GTA,TAC
M85249.1,58,60,103,105,3,GTA,TAC
M85249.1,214,216,238,240,3,GTA,TAC
M85249.1,214,216,454,456,3,GTA,TAC
M85249.1,137,139,364,366,3,GTA,TAC
M85249.1,206,208,364,366,3,GTA,TAC
M85249.1,237,239,364,366,3,GTA,TAC
M85249.1,190,192,364,366,3,GTA,TAC
M85249.1,214,216,218,220,3,GTA,TAC
M85249.1,231,233,364,366,3,GTA,TAC
M85249.1,214,216,609,611,3,GTA,TAC
M85249.1,137,139,654,656,3,GTA,TAC
M85249.1,206,208,654,656,3,GTA,TAC
M85249.1,237,239,654,656,3,GTA,TAC
M85249.1,190,192,654,656,3,GTA,TAC
M85249.1,565,567,654,656,3,GTA,TAC
M85249.1,48,50,238,240,3,GTA,TAC
M85249.1,48,50,70,72,3,GTA,TAC
M85249.1,48,50,454,456,3,GTA,TAC
M85249.1,231,233,654,656,3,GTA,TAC
M85249.1,437,439,654,656,3,GTA,TAC
M85249.1,48,50,218,220,3,GTA,TAC
M85249.1,58,60,654,656,3,GTA,TAC
M85249.1,48,50,642,644,3,GTA,TAC
M85249.1,48,50,207,209,3,GTA,TAC
M85249.1,14,16,427,429,3,GTC,GAC
M85249.1,301,303,427,429,3,GTC,GAC
M85249.1,301,303,379,381,3,GTC,GAC
M85249.1,301,303,599,601,3,GTC,GAC
M85249.1,14,16,476,478,3,GTC,GAC
M85249.1,447,449,476,478,3,GTC,GAC
M85249.1,301,303,398,400,3,GTC,GAC
M85249.1,301,303,464,466,3,GTC,GAC
M85249.1,301,303,332,334,3,GTC,GAC
M85249.1,301,303,349,351,3,GTC,GAC
M85249.1,14,16,349,351,3,GTC,GAC
M85249.1,301,303,325,327,3,GTC,GAC
M85249.1,301,303,359,361,3,GTC,GAC
M85249.1,282,284,470,472,3,GTG,CAC
M85249.1,109,111,120,122,3,GTG,CAC
M85249.1,383,385,470,472,3,GTG,CAC
M85249.1,109,111,470,472,3,GTG,CAC
M85249.1,315,317,470,472,3,GTG,CAC
M85249.1,338,340,400,402,3,GTG,CAC
M85249.1,282,284,400,402,3,GTG,CAC
M85249.1,257,259,400,402,3,GTG,CAC
M85249.1,341,343,400,402,3,GTG,CAC
M85249.1,109,111,147,149,3,GTG,CAC
M85249.1,304,307,547,550,4,GTTA,TAAC
M85249.1,156,159,547,550,4,GTTA,TAAC
M85249.1,30,33,547,550,4,GTTA,TAAC
M85249.1,156,159,185,188,4,GTTA,TAAC
M85249.1,30,33,90,93,4,GTTA,TAAC
M85249.1,354,360,695,701,7,TAAAAGA,TCTTTTA
M85249.1,438,442,697,701,5,TAAAA,TTTTA
M85249.1,438,442,648,652,5,TAAAA,TTTTA
M85249.1,76,79,156,159,4,TAAC,GTTA
M85249.1,76,79,452,455,4,TAAC,GTTA
M85249.1,185,188,452,455,4,TAAC,GTTA
M85249.1,76,79,304,307,4,TAAC,GTTA
M85249.1,185,188,304,307,4,TAAC,GTTA
M85249.1,90,93,156,159,4,TAAC,GTTA
M85249.1,90,93,452,455,4,TAAC,GTTA
M85249.1,76,79,607,610,4,TAAC,GTTA
M85249.1,185,188,607,610,4,TAAC,GTTA
M85249.1,90,93,607,610,4,TAAC,GTTA
M85249.1,73,77,625,629,5,TAATA,TATTA
M85249.1,566,570,625,629,5,TAATA,TATTA
M85249.1,73,77,215,219,5,TAATA,TATTA
M85249.1,64,68,222,226,5,TAATT,AATTA
M85249.1,26,29,216,219,4,TAAT,ATTA
M85249.1,73,76,223,226,4,TAAT,ATTA
M85249.1,26,29,278,281,4,TAAT,ATTA
M85249.1,64,67,626,629,4,TAAT,ATTA
M85249.1,64,67,216,219,4,TAAT,ATTA
M85249.1,513,516,626,629,4,TAAT,ATTA
M85249.1,276,279,626,629,4,TAAT,ATTA
M85249.1,76,78,320,322,3,TAA,TTA
M85249.1,185,187,320,322,3,TAA,TTA
M85249.1,76,78,650,652,3,TAA,TTA
M85249.1,76,78,275,277,3,TAA,TTA
M85249.1,76,78,353,355,3,TAA,TTA
M85249.1,185,187,650,652,3,TAA,TTA
M85249.1,185,187,275,277,3,TAA,TTA
M85249.1,185,187,353,355,3,TAA,TTA
M85249.1,197,199,305,307,3,TAA,TTA
M85249.1,197,199,453,455,3,TAA,TTA
M85249.1,197,199,608,610,3,TAA,TTA
M85249.1,547,549,699,701,3,TAA,TTA
M85249.1,373,375,453,455,3,TAA,TTA
M85249.1,373,375,608,610,3,TAA,TTA
M85249.1,354,356,453,455,3,TAA,TTA
M85249.1,354,356,608,610,3,TAA,TTA
M85249.1,547,549,650,652,3,TAA,TTA
M85249.1,90,92,699,701,3,TAA,TTA
M85249.1,90,92,432,434,3,TAA,TTA
M85249.1,90,92,320,322,3,TAA,TTA
M85249.1,127,129,157,159,3,TAA,TTA
M85249.1,127,129,305,307,3,TAA,TTA
M85249.1,127,129,320,322,3,TAA,TTA
M85249.1,134,136,157,159,3,TAA,TTA
M85249.1,134,136,305,307,3,TAA,TTA
M85249.1,134,136,320,322,3,TAA,TTA
M85249.1,127,129,453,455,3,TAA,TTA
M85249.1,127,129,608,610,3,TAA,TTA
M85249.1,134,136,453,455,3,TAA,TTA
M85249.1,134,136,608,610,3,TAA,TTA
M85249.1,526,528,608,610,3,TAA,TTA
M85249.1,127,129,650,652,3,TAA,TTA
M85249.1,127,129,275,277,3,TAA,TTA
M85249.1,127,129,353,355,3,TAA,TTA
M85249.1,134,136,650,652,3,TAA,TTA
M85249.1,134,136,275,277,3,TAA,TTA
M85249.1,134,136,353,355,3,TAA,TTA
M85249.1,526,528,650,652,3,TAA,TTA
M85249.1,76,78,97,99,3,TAA,TTA
M85249.1,76,78,150,152,3,TAA,TTA
M85249.1,90,92,97,99,3,TAA,TTA
M85249.1,90,92,150,152,3,TAA,TTA
M85249.1,59,61,699,701,3,TAA,TTA
M85249.1,59,61,432,434,3,TAA,TTA
M85249.1,191,193,699,701,3,TAA,TTA
M85249.1,191,193,432,434,3,TAA,TTA
M85249.1,59,61,157,159,3,TAA,TTA
M85249.1,59,61,305,307,3,TAA,TTA
M85249.1,59,61,320,322,3,TAA,TTA
M85249.1,191,193,305,307,3,TAA,TTA
M85249.1,191,193,320,322,3,TAA,TTA
M85249.1,59,61,650,652,3,TAA,TTA
M85249.1,59,61,275,277,3,TAA,TTA
M85249.1,59,61,353,355,3,TAA,TTA
M85249.1,191,193,650,652,3,TAA,TTA
M85249.1,191,193,275,277,3,TAA,TTA
M85249.1,191,193,353,355,3,TAA,TTA
M85249.1,76,78,89,91,3,TAA,TTA
M85249.1,373,375,627,629,3,TAA,TTA
M85249.1,26,28,97,99,3,TAA,TTA
M85249.1,26,28,150,152,3,TAA,TTA
M85249.1,26,28,31,33,3,TAA,TTA
M85249.1,26,28,157,159,3,TAA,TTA
M85249.1,26,28,305,307,3,TAA,TTA
M85249.1,26,28,320,322,3,TAA,TTA
M85249.1,59,61,627,629,3,TAA,TTA
M85249.1,191,193,627,629,3,TAA,TTA
M85249.1,547,549,627,629,3,TAA,TTA
M85249.1,438,440,627,629,3,TAA,TTA
M85249.1,26,28,453,455,3,TAA,TTA
M85249.1,26,28,608,610,3,TAA,TTA
M85249.1,26,28,69,71,3,TAA,TTA
M85249.1,59,61,224,226,3,TAA,TTA
M85249.1,191,193,224,226,3,TAA,TTA
M85249.1,90,92,627,629,3,TAA,TTA
M85249.1,354,356,627,629,3,TAA,TTA
M85249.1,26,28,89,91,3,TAA,TTA
M85249.1,26,28,650,652,3,TAA,TTA
M85249.1,26,28,275,277,3,TAA,TTA
M85249.1,26,28,353,355,3,TAA,TTA
M85249.1,90,92,224,226,3,TAA,TTA
M85249.1,73,75,699,701,3,TAA,TTA
M85249.1,73,75,432,434,3,TAA,TTA
M85249.1,127,129,279,281,3,TAA,TTA
M85249.1,134,136,279,281,3,TAA,TTA
M85249.1,76,78,279,281,3,TAA,TTA
M85249.1,185,187,279,281,3,TAA,TTA
M85249.1,197,199,279,281,3,TAA,TTA
M85249.1,64,66,699,701,3,TAA,TTA
M85249.1,64,66,432,434,3,TAA,TTA
M85249.1,73,75,453,455,3,TAA,TTA
M85249.1,73,75,608,610,3,TAA,TTA
M85249.1,59,61,279,281,3,TAA,TTA
M85249.1,191,193,279,281,3,TAA,TTA
M85249.1,64,66,453,455,3,TAA,TTA
M85249.1,64,66,608,610,3,TAA,TTA
M85249.1,64,66,69,71,3,TAA,TTA
M85249.1,73,75,89,91,3,TAA,TTA
M85249.1,73,75,650,652,3,TAA,TTA
M85249.1,73,75,275,277,3,TAA,TTA
M85249.1,73,75,353,355,3,TAA,TTA
M85249.1,90,92,279,281,3,TAA,TTA
M85249.1,64,66,89,91,3,TAA,TTA
M85249.1,64,66,650,652,3,TAA,TTA
M85249.1,64,66,275,277,3,TAA,TTA
M85249.1,64,66,353,355,3,TAA,TTA
M85249.1,127,129,217,219,3,TAA,TTA
M85249.1,134,136,217,219,3,TAA,TTA
M85249.1,76,78,217,219,3,TAA,TTA
M85249.1,185,187,217,219,3,TAA,TTA
M85249.1,197,199,217,219,3,TAA,TTA
M85249.1,566,568,699,701,3,TAA,TTA
M85249.1,513,515,699,701,3,TAA,TTA
M85249.1,90,92,217,219,3,TAA,TTA
M85249.1,566,568,650,652,3,TAA,TTA
M85249.1,513,515,650,652,3,TAA,TTA
M85249.1,651,653,699,701,3,TAA,TTA
M85249.1,276,278,699,701,3,TAA,TTA
M85249.1,276,278,432,434,3,TAA,TTA
M85249.1,276,278,305,307,3,TAA,TTA
M85249.1,276,278,320,322,3,TAA,TTA
M85249.1,276,278,453,455,3,TAA,TTA
M85249.1,276,278,608,610,3,TAA,TTA
M85249.1,207,216,207,216,10,TACCCGGGTA,TACCCGGGTA
M85249.1,103,107,135,139,5,TACTT,AAGTA
M85249.1,103,107,235,239,5,TACTT,AAGTA
M85249.1,364,366,512,514,3,TAC,GTA
M85249.1,364,366,546,548,3,TAC,GTA
M85249.1,642,644,691,693,3,TAC,GTA
M85249.1,207,209,691,693,3,TAC,GTA
M85249.1,207,209,512,514,3,TAC,GTA
M85249.1,207,209,546,548,3,TAC,GTA
M85249.1,19,21,58,60,3,TAC,GTA
M85249.1,19,21,231,233,3,TAC,GTA
M85249.1,207,209,231,233,3,TAC,GTA
M85249.1,218,220,691,693,3,TAC,GTA
M85249.1,364,366,437,439,3,TAC,GTA
M85249.1,19,21,437,439,3,TAC,GTA
M85249.1,207,209,437,439,3,TAC,GTA
M85249.1,103,105,231,233,3,TAC,GTA
M85249.1,271,273,437,439,3,TAC,GTA
M85249.1,271,273,512,514,3,TAC,GTA
M85249.1,271,273,546,548,3,TAC,GTA
M85249.1,103,105,437,439,3,TAC,GTA
M85249.1,103,105,512,514,3,TAC,GTA
M85249.1,103,105,546,548,3,TAC,GTA
M85249.1,19,21,137,139,3,TAC,GTA
M85249.1,238,240,691,693,3,TAC,GTA
M85249.1,19,21,206,208,3,TAC,GTA
M85249.1,19,21,237,239,3,TAC,GTA
M85249.1,238,240,437,439,3,TAC,GTA
M85249.1,238,240,512,514,3,TAC,GTA
M85249.1,238,240,546,548,3,TAC,GTA
M85249.1,218,220,237,239,3,TAC,GTA
M85249.1,70,72,214,216,3,TAC,GTA
M85249.1,70,72,691,693,3,TAC,GTA
M85249.1,364,366,565,567,3,TAC,GTA
M85249.1,19,21,565,567,3,TAC,GTA
M85249.1,19,21,190,192,3,TAC,GTA
M85249.1,454,456,691,693,3,TAC,GTA
M85249.1,70,72,231,233,3,TAC,GTA
M85249.1,207,209,565,567,3,TAC,GTA
M85249.1,138,141,623,626,4,TAGA,TCTA
M85249.1,232,235,623,626,4,TAGA,TCTA
M85249.1,98,101,623,626,4,TAGA,TCTA
M85249.1,294,297,661,664,4,TAGA,TCTA
M85249.1,138,141,661,664,4,TAGA,TCTA
M85249.1,232,235,661,664,4,TAGA,TCTA
M85249.1,98,101,661,664,4,TAGA,TCTA
M85249.1,321,324,640,643,4,TAGA,TCTA
M85249.1,151,154,640,643,4,TAGA,TCTA
M85249.1,138,141,571,574,4,TAGA,TCTA
M85249.1,232,235,571,574,4,TAGA,TCTA
M85249.1,321,324,571,574,4,TAGA,TCTA
M85249.1,151,154,571,574,4,TAGA,TCTA
M85249.1,98,101,571,574,4,TAGA,TCTA
M85249.1,294,297,371,374,4,TAGA,TCTA
M85249.1,138,141,371,374,4,TAGA,TCTA
M85249.1,232,235,371,374,4,TAGA,TCTA
M85249.1,502,504,662,664,3,TAG,CTA
M85249.1,138,140,577,579,3,TAG,CTA
M85249.1,232,234,577,579,3,TAG,CTA
M85249.1,502,504,641,643,3,TAG,CTA
M85249.1,138,140,175,177,3,TAG,CTA
M85249.1,138,140,309,311,3,TAG,CTA
M85249.1,232,234,309,311,3,TAG,CTA
M85249.1,98,100,577,579,3,TAG,CTA
M85249.1,321,323,577,579,3,TAG,CTA
M85249.1,151,153,577,579,3,TAG,CTA
M85249.1,98,100,175,177,3,TAG,CTA
M85249.1,151,153,175,177,3,TAG,CTA
M85249.1,98,100,309,311,3,TAG,CTA
M85249.1,151,153,309,311,3,TAG,CTA
M85249.1,306,308,624,626,3,TAG,CTA
M85249.1,306,308,572,574,3,TAG,CTA
M85249.1,32,34,624,626,3,TAG,CTA
M85249.1,32,34,572,574,3,TAG,CTA
M85249.1,306,308,662,664,3,TAG,CTA
M85249.1,32,34,662,664,3,TAG,CTA
M85249.1,306,308,641,643,3,TAG,CTA
M85249.1,32,34,641,643,3,TAG,CTA
M85249.1,243,245,662,664,3,TAG,CTA
M85249.1,243,245,641,643,3,TAG,CTA
M85249.1,243,245,372,374,3,TAG,CTA
M85249.1,158,160,577,579,3,TAG,CTA
M85249.1,158,160,175,177,3,TAG,CTA
M85249.1,158,160,309,311,3,TAG,CTA
M85249.1,158,160,624,626,3,TAG,CTA
M85249.1,158,160,572,574,3,TAG,CTA
M85249.1,158,160,662,664,3,TAG,CTA
M85249.1,158,160,641,643,3,TAG,CTA
M85249.1,605,607,662,664,3,TAG,CTA
M85249.1,250,252,662,664,3,TAG,CTA
M85249.1,138,140,240,242,3,TAG,CTA
M85249.1,232,234,240,242,3,TAG,CTA
M85249.1,605,607,641,643,3,TAG,CTA
M85249.1,250,252,641,643,3,TAG,CTA
M85249.1,158,160,240,242,3,TAG,CTA
M85249.1,32,34,240,242,3,TAG,CTA
M85249.1,98,100,240,242,3,TAG,CTA
M85249.1,151,153,240,242,3,TAG,CTA
M85249.1,250,252,372,374,3,TAG,CTA
M85249.1,280,282,577,579,3,TAG,CTA
M85249.1,280,282,309,311,3,TAG,CTA
M85249.1,280,282,624,626,3,TAG,CTA
M85249.1,280,282,572,574,3,TAG,CTA
M85249.1,280,282,662,664,3,TAG,CTA
M85249.1,280,282,641,643,3,TAG,CTA
M85249.1,227,230,524,527,4,TATC,GATA
M85249.1,176,179,524,527,4,TATC,GATA
M85249.1,176,179,195,198,4,TATC,GATA
M85249.1,227,230,500,503,4,TATC,GATA
M85249.1,433,436,500,503,4,TATC,GATA
M85249.1,176,179,183,186,4,TATC,GATA
M85249.1,227,230,269,272,4,TATC,GATA
M85249.1,176,179,269,272,4,TATC,GATA
M85249.1,625,629,651,655,5,TATTA,TAATA
M85249.1,41,47,77,83,7,TATTGTT,AACAATA
M85249.1,49,53,602,606,5,TATTG,CAATA
M85249.1,41,45,602,606,5,TATTG,CAATA
M85249.1,49,53,79,83,5,TATTG,CAATA
M85249.1,215,218,248,251,4,TATT,AATA
M85249.1,215,218,292,295,4,TATT,AATA
M85249.1,215,218,603,606,4,TATT,AATA
M85249.1,49,52,567,570,4,TATT,AATA
M85249.1,49,52,248,251,4,TATT,AATA
M85249.1,49,52,292,295,4,TATT,AATA
M85249.1,49,52,132,135,4,TATT,AATA
M85249.1,49,52,125,128,4,TATT,AATA
M85249.1,49,52,74,77,4,TATT,AATA
M85249.1,41,44,567,570,4,TATT,AATA
M85249.1,41,44,248,251,4,TATT,AATA
M85249.1,41,44,292,295,4,TATT,AATA
M85249.1,41,44,101,104,4,TATT,AATA
M85249.1,41,44,652,655,4,TATT,AATA
M85249.1,82,85,603,606,4,TATT,AATA
M85249.1,82,85,248,251,4,TATT,AATA
M85249.1,82,85,292,295,4,TATT,AATA
M85249.1,82,85,362,365,4,TATT,AATA
M85249.1,82,85,101,104,4,TATT,AATA
M85249.1,82,85,652,655,4,TATT,AATA
M85249.1,82,85,132,135,4,TATT,AATA
M85249.1,82,85,125,128,4,TATT,AATA
M85249.1,625,628,680,683,4,TATT,AATA
M85249.1,49,52,680,683,4,TATT,AATA
M85249.1,215,218,680,683,4,TATT,AATA
M85249.1,227,229,701,703,3,TAT,ATA
M85249.1,569,571,701,703,3,TAT,ATA
M85249.1,227,229,242,244,3,TAT,ATA
M85249.1,176,178,701,703,3,TAT,ATA
M85249.1,176,178,226,228,3,TAT,ATA
M85249.1,176,178,579,581,3,TAT,ATA
M85249.1,225,227,501,503,3,TAT,ATA
M85249.1,241,243,270,272,3,TAT,ATA
M85249.1,225,227,270,272,3,TAT,ATA
M85249.1,433,435,701,703,3,TAT,ATA
M85249.1,628,630,701,703,3,TAT,ATA
M85249.1,433,435,579,581,3,TAT,ATA
M85249.1,241,243,525,527,3,TAT,ATA
M85249.1,580,582,701,703,3,TAT,ATA
M85249.1,404,406,701,703,3,TAT,ATA
M85249.1,404,406,501,503,3,TAT,ATA
M85249.1,176,178,403,405,3,TAT,ATA
M85249.1,241,243,403,405,3,TAT,ATA
M85249.1,404,406,525,527,3,TAT,ATA
M85249.1,225,227,403,405,3,TAT,ATA
M85249.1,310,312,701,703,3,TAT,ATA
M85249.1,573,575,701,703,3,TAT,ATA
M85249.1,310,312,579,581,3,TAT,ATA
M85249.1,573,575,579,581,3,TAT,ATA
M85249.1,310,312,525,527,3,TAT,ATA
M85249.1,82,84,701,703,3,TAT,ATA
M85249.1,310,312,568,570,3,TAT,ATA
M85249.1,176,178,568,570,3,TAT,ATA
M85249.1,241,243,568,570,3,TAT,ATA
M85249.1,82,84,501,503,3,TAT,ATA
M85249.1,82,84,242,244,3,TAT,ATA
M85249.1,82,84,270,272,3,TAT,ATA
M85249.1,433,435,568,570,3,TAT,ATA
M85249.1,225,227,568,570,3,TAT,ATA
M85249.1,82,84,525,527,3,TAT,ATA
M85249.1,82,84,196,198,3,TAT,ATA
M85249.1,82,84,184,186,3,TAT,ATA
M85249.1,625,627,701,703,3,TAT,ATA
M85249.1,227,229,249,251,3,TAT,ATA
M85249.1,227,229,293,295,3,TAT,ATA
M85249.1,580,582,604,606,3,TAT,ATA
M85249.1,404,406,604,606,3,TAT,ATA
M85249.1,227,229,604,606,3,TAT,ATA
M85249.1,569,571,604,606,3,TAT,ATA
M85249.1,225,227,249,251,3,TAT,ATA
M85249.1,225,227,293,295,3,TAT,ATA
M85249.1,433,435,604,606,3,TAT,ATA
M85249.1,225,227,604,606,3,TAT,ATA
M85249.1,215,217,701,703,3,TAT,ATA
M85249.1,692,694,701,703,3,TAT,ATA
M85249.1,49,51,701,703,3,TAT,ATA
M85249.1,580,582,653,655,3,TAT,ATA
M85249.1,404,406,653,655,3,TAT,ATA
M85249.1,227,229,653,655,3,TAT,ATA
M85249.1,569,571,653,655,3,TAT,ATA
M85249.1,215,217,403,405,3,TAT,ATA
M85249.1,215,217,226,228,3,TAT,ATA
M85249.1,215,217,579,581,3,TAT,ATA
M85249.1,49,51,403,405,3,TAT,ATA
M85249.1,49,51,226,228,3,TAT,ATA
M85249.1,49,51,579,581,3,TAT,ATA
M85249.1,227,229,363,365,3,TAT,ATA
M85249.1,310,312,653,655,3,TAT,ATA
M85249.1,573,575,653,655,3,TAT,ATA
M85249.1,176,178,653,655,3,TAT,ATA
M85249.1,241,243,653,655,3,TAT,ATA
M85249.1,578,580,653,655,3,TAT,ATA
M85249.1,215,217,501,503,3,TAT,ATA
M85249.1,215,217,242,244,3,TAT,ATA
M85249.1,49,51,501,503,3,TAT,ATA
M85249.1,49,51,242,244,3,TAT,ATA
M85249.1,310,312,363,365,3,TAT,ATA
M85249.1,176,178,363,365,3,TAT,ATA
M85249.1,241,243,363,365,3,TAT,ATA
M85249.1,433,435,653,655,3,TAT,ATA
M85249.1,628,630,653,655,3,TAT,ATA
M85249.1,225,227,653,655,3,TAT,ATA
M85249.1,215,217,525,527,3,TAT,ATA
M85249.1,49,51,525,527,3,TAT,ATA
M85249.1,49,51,196,198,3,TAT,ATA
M85249.1,49,51,184,186,3,TAT,ATA
M85249.1,225,227,363,365,3,TAT,ATA
M85249.1,41,43,701,703,3,TAT,ATA
M85249.1,41,43,403,405,3,TAT,ATA
M85249.1,41,43,226,228,3,TAT,ATA
M85249.1,41,43,579,581,3,TAT,ATA
M85249.1,580,582,681,683,3,TAT,ATA
M85249.1,404,406,681,683,3,TAT,ATA
M85249.1,227,229,681,683,3,TAT,ATA
M85249.1,569,571,681,683,3,TAT,ATA
M85249.1,41,43,501,503,3,TAT,ATA
M85249.1,41,43,242,244,3,TAT,ATA
M85249.1,310,312,681,683,3,TAT,ATA
M85249.1,573,575,681,683,3,TAT,ATA
M85249.1,176,178,681,683,3,TAT,ATA
M85249.1,241,243,681,683,3,TAT,ATA
M85249.1,578,580,681,683,3,TAT,ATA
M85249.1,41,43,270,272,3,TAT,ATA
M85249.1,482,484,523,525,3,TCC,GGA
M85249.1,118,120,288,290,3,TCC,GGA
M85249.1,118,120,166,168,3,TCC,GGA
M85249.1,482,484,534,536,3,TCC,GGA
M85249.1,118,120,534,536,3,TCC,GGA
M85249.1,118,120,194,196,3,TCC,GGA
M85249.1,118,120,160,162,3,TCC,GGA
M85249.1,118,120,463,465,3,TCC,GGA
M85249.1,482,484,665,667,3,TCC,GGA
M85249.1,482,484,587,589,3,TCC,GGA
M85249.1,118,120,587,589,3,TCC,GGA
M85249.1,178,180,562,564,3,TCG,CGA
M85249.1,178,180,475,477,3,TCG,CGA
M85249.1,518,520,562,564,3,TCG,CGA
M85249.1,435,437,562,564,3,TCG,CGA
M85249.1,229,231,562,564,3,TCG,CGA
M85249.1,435,437,475,477,3,TCG,CGA
M85249.1,229,231,475,477,3,TCG,CGA
M85249.1,302,304,415,417,3,TCG,CGA
M85249.1,302,304,562,564,3,TCG,CGA
M85249.1,178,180,220,222,3,TCG,CGA
M85249.1,494,496,499,501,3,TCT,AGA
M85249.1,371,373,486,488,3,TCT,AGA
M85249.1,115,117,322,324,3,TCT,AGA
M85249.1,115,117,152,154,3,TCT,AGA
M85249.1,115,117,348,350,3,TCT,AGA
M85249.1,115,117,324,326,3,TCT,AGA
M85249.1,115,117,486,488,3,TCT,AGA
M85249.1,115,117,290,292,3,TCT,AGA
M85249.1,115,117,233,235,3,TCT,AGA
M85249.1,115,117,139,141,3,TCT,AGA
M85249.1,115,117,295,297,3,TCT,AGA
M85249.1,265,267,499,501,3,TCT,AGA
M85249.1,371,373,558,560,3,TCT,AGA
M85249.1,265,267,348,350,3,TCT,AGA
M85249.1,265,267,324,326,3,TCT,AGA
M85249.1,494,496,558,560,3,TCT,AGA
M85249.1,265,267,486,488,3,TCT,AGA
M85249.1,265,267,290,292,3,TCT,AGA
M85249.1,265,267,295,297,3,TCT,AGA
M85249.1,87,89,499,501,3,TCT,AGA
M85249.1,87,89,322,324,3,TCT,AGA
M85249.1,87,89,152,154,3,TCT,AGA
M85249.1,87,89,348,350,3,TCT,AGA
M85249.1,87,89,324,326,3,TCT,AGA
M85249.1,145,147,203,205,3,TGC,GCA
M85249.1,52,54,146,148,3,TGC,GCA
M85249.1,413,415,542,544,3,TGC,GCA
M85249.1,406,408,469,471,3,TGG,CCA
M85249.1,396,398,469,471,3,TGG,CCA
M85249.1,425,427,469,471,3,TGG,CCA
M85249.1,406,408,505,507,3,TGG,CCA
M85249.1,396,398,505,507,3,TGG,CCA
M85249.1,496,498,505,507,3,TGG,CCA
M85249.1,258,260,505,507,3,TGG,CCA
M85249.1,286,288,469,471,3,TGG,CCA
M85249.1,286,288,505,507,3,TGG,CCA
M85249.1,201,203,484,486,3,TGG,CCA
M85249.1,406,408,484,486,3,TGG,CCA
M85249.1,342,344,484,486,3,TGG,CCA
M85249.1,258,260,484,486,3,TGG,CCA
M85249.1,425,427,484,486,3,TGG,CCA
M85249.1,201,203,367,369,3,TGG,CCA
M85249.1,342,344,367,369,3,TGG,CCA
M85249.1,258,260,367,369,3,TGG,CCA
M85249.1,339,341,484,486,3,TGG,CCA
M85249.1,339,341,367,369,3,TGG,CCA
M85249.1,339,341,505,507,3,TGG,CCA
M85249.1,286,288,601,603,3,TGG,CCA
M85249.1,201,203,601,603,3,TGG,CCA
M85249.1,406,408,601,603,3,TGG,CCA
M85249.1,396,398,601,603,3,TGG,CCA
M85249.1,496,498,601,603,3,TGG,CCA
M85249.1,255,257,484,486,3,TGG,CCA
M85249.1,540,542,601,603,3,TGG,CCA
M85249.1,342,344,601,603,3,TGG,CCA
M85249.1,522,524,601,603,3,TGG,CCA
M85249.1,258,260,601,603,3,TGG,CCA
M85249.1,255,257,469,471,3,TGG,CCA
M85249.1,47,49,326,328,3,TGT,ACA
M85249.1,47,49,465,467,3,TGT,ACA
M85249.1,47,49,399,401,3,TGT,ACA
M85249.1,47,49,168,170,3,TGT,ACA
M85249.1,13,15,610,612,3,TGT,ACA
M85249.1,446,448,610,612,3,TGT,ACA
M85249.1,13,15,401,403,3,TGT,ACA
M85249.1,47,49,401,403,3,TGT,ACA
M85249.1,382,384,610,612,3,TGT,ACA
M85249.1,382,384,399,401,3,TGT,ACA
M85249.1,382,384,655,657,3,TGT,ACA
M85249.1,13,15,170,172,3,TGT,ACA
M85249.1,47,49,170,172,3,TGT,ACA
M85249.1,108,110,326,328,3,TGT,ACA
M85249.1,108,110,610,612,3,TGT,ACA
M85249.1,538,540,610,612,3,TGT,ACA
M85249.1,108,110,465,467,3,TGT,ACA
M85249.1,108,110,399,401,3,TGT,ACA
M85249.1,108,110,168,170,3,TGT,ACA
M85249.1,29,31,170,172,3,TGT,ACA
M85249.1,29,31,465,467,3,TGT,ACA
M85249.1,421,423,465,467,3,TGT,ACA
M85249.1,29,31,399,401,3,TGT,ACA
M85249.1,29,31,168,170,3,TGT,ACA
M85249.1,29,31,333,335,3,TGT,ACA
M85249.1,29,31,360,362,3,TGT,ACA
M85249.1,29,31,655,657,3,TGT,ACA
M85249.1,13,15,23,25,3,TGT,ACA
M85249.1,421,423,655,657,3,TGT,ACA
M85249.1,545,547,668,670,3,TGT,ACA
M85249.1,457,459,610,612,3,TGT,ACA
M85249.1,511,513,668,670,3,TGT,ACA
M85249.1,108,110,187,189,3,TGT,ACA
M85249.1,13,15,187,189,3,TGT,ACA
M85249.1,47,49,187,189,3,TGT,ACA
M85249.1,108,110,668,670,3,TGT,ACA
M85249.1,538,540,668,670,3,TGT,ACA
M85249.1,13,15,668,670,3,TGT,ACA
M85249.1,446,448,668,670,3,TGT,ACA
M85249.1,47,49,668,670,3,TGT,ACA
M85249.1,457,459,655,657,3,TGT,ACA
M85249.1,316,318,401,403,3,TGT,ACA
M85249.1,316,318,326,328,3,TGT,ACA
M85249.1,316,318,610,612,3,TGT,ACA
M85249.1,316,318,465,467,3,TGT,ACA
M85249.1,316,318,333,335,3,TGT,ACA
M85249.1,316,318,360,362,3,TGT,ACA
M85249.1,316,318,655,657,3,TGT,ACA
M85249.1,595,597,610,612,3,TGT,ACA
M85249.1,44,46,401,403,3,TGT,ACA
M85249.1,44,46,326,328,3,TGT,ACA
M85249.1,44,46,610,612,3,TGT,ACA
M85249.1,44,46,170,172,3,TGT,ACA
M85249.1,44,46,465,467,3,TGT,ACA
M85249.1,44,46,399,401,3,TGT,ACA
M85249.1,44,46,168,170,3,TGT,ACA
M85249.1,353,359,647,653,7,TTAAAAG,CTTTTAA
M85249.1,31,37,60,66,7,TTAGCTT,AAGCTAA
M85249.1,432,436,524,528,5,TTATC,GATAA
M85249.1,224,227,525,528,4,TTAT,ATAA
M85249.1,40,43,525,528,4,TTAT,ATAA
M85249.1,40,43,184,187,4,TTAT,ATAA
M85249.1,40,43,196,199,4,TTAT,ATAA
M85249.1,432,435,681,684,4,TTAT,ATAA
M85249.1,89,91,513,515,3,TTA,TAA
M85249.1,89,91,566,568,3,TTA,TAA
M85249.1,353,355,513,515,3,TTA,TAA
M85249.1,275,277,513,515,3,TTA,TAA
M85249.1,217,219,354,356,3,TTA,TAA
M85249.1,353,355,566,568,3,TTA,TAA
M85249.1,275,277,566,568,3,TTA,TAA
M85249.1,608,610,651,653,3,TTA,TAA
M85249.1,453,455,651,653,3,TTA,TAA
M85249.1,89,91,547,549,3,TTA,TAA
M85249.1,353,355,547,549,3,TTA,TAA
M85249.1,275,277,547,549,3,TTA,TAA
M85249.1,69,71,651,653,3,TTA,TAA
M85249.1,69,71,276,278,3,TTA,TAA
M85249.1,89,91,438,440,3,TTA,TAA
M85249.1,69,71,90,92,3,TTA,TAA
M85249.1,279,281,547,549,3,TTA,TAA
M85249.1,69,71,73,75,3,TTA,TAA
M85249.1,279,281,438,440,3,TTA,TAA
M85249.1,279,281,354,356,3,TTA,TAA
M85249.1,97,99,513,515,3,TTA,TAA
M85249.1,97,99,566,568,3,TTA,TAA
M85249.1,97,99,651,653,3,TTA,TAA
M85249.1,97,99,276,278,3,TTA,TAA
M85249.1,150,152,513,515,3,TTA,TAA
M85249.1,150,152,566,568,3,TTA,TAA
M85249.1,150,152,651,653,3,TTA,TAA
M85249.1,150,152,276,278,3,TTA,TAA
M85249.1,97,99,547,549,3,TTA,TAA
M85249.1,150,152,547,549,3,TTA,TAA
M85249.1,97,99,438,440,3,TTA,TAA
M85249.1,97,99,354,356,3,TTA,TAA
M85249.1,150,152,438,440,3,TTA,TAA
M85249.1,150,152,354,356,3,TTA,TAA
M85249.1,305,307,513,515,3,TTA,TAA
M85249.1,305,307,566,568,3,TTA,TAA
M85249.1,305,307,651,653,3,TTA,TAA
M85249.1,31,33,513,515,3,TTA,TAA
M85249.1,31,33,566,568,3,TTA,TAA
M85249.1,31,33,651,653,3,TTA,TAA
M85249.1,31,33,276,278,3,TTA,TAA
M85249.1,157,159,513,515,3,TTA,TAA
M85249.1,157,159,566,568,3,TTA,TAA
M85249.1,157,159,651,653,3,TTA,TAA
M85249.1,157,159,276,278,3,TTA,TAA
M85249.1,31,33,59,61,3,TTA,TAA
M85249.1,31,33,191,193,3,TTA,TAA
M85249.1,157,159,191,193,3,TTA,TAA
M85249.1,305,307,438,440,3,TTA,TAA
M85249.1,305,307,354,356,3,TTA,TAA
M85249.1,31,33,438,440,3,TTA,TAA
M85249.1,31,33,354,356,3,TTA,TAA
M85249.1,157,159,438,440,3,TTA,TAA
M85249.1,157,159,354,356,3,TTA,TAA
M85249.1,320,322,513,515,3,TTA,TAA
M85249.1,320,322,566,568,3,TTA,TAA
M85249.1,320,322,651,653,3,TTA,TAA
M85249.1,217,219,373,375,3,TTA,TAA
M85249.1,89,91,373,375,3,TTA,TAA
M85249.1,320,322,547,549,3,TTA,TAA
M85249.1,40,42,59,61,3,TTA,TAA
M85249.1,40,42,191,193,3,TTA,TAA
M85249.1,97,99,682,684,3,TTA,TAA
M85249.1,150,152,682,684,3,TTA,TAA
M85249.1,89,91,682,684,3,TTA,TAA
M85249.1,224,226,547,549,3,TTA,TAA
M85249.1,40,42,547,549,3,TTA,TAA
M85249.1,40,42,90,92,3,TTA,TAA
M85249.1,305,307,682,684,3,TTA,TAA
M85249.1,31,33,682,684,3,TTA,TAA
M85249.1,157,159,682,684,3,TTA,TAA
M85249.1,608,610,682,684,3,TTA,TAA
M85249.1,453,455,682,684,3,TTA,TAA
M85249.1,224,226,373,375,3,TTA,TAA
M85249.1,224,226,438,440,3,TTA,TAA
M85249.1,224,226,354,356,3,TTA,TAA
M85249.1,40,42,373,375,3,TTA,TAA
M85249.1,40,42,438,440,3,TTA,TAA
M85249.1,40,42,354,356,3,TTA,TAA
M85249.1,320,322,682,684,3,TTA,TAA
M85249.1,69,71,682,684,3,TTA,TAA
M85249.1,353,355,682,684,3,TTA,TAA
M85249.1,650,652,682,684,3,TTA,TAA
M85249.1,275,277,682,684,3,TTA,TAA
M85249.1,279,281,526,528,3,TTA,TAA
M85249.1,217,219,526,528,3,TTA,TAA
M85249.1,305,307,526,528,3,TTA,TAA
M85249.1,31,33,526,528,3,TTA,TAA
M85249.1,157,159,526,528,3,TTA,TAA
M85249.1,453,455,526,528,3,TTA,TAA
M85249.1,31,33,134,136,3,TTA,TAA
M85249.1,31,33,127,129,3,TTA,TAA
M85249.1,320,322,526,528,3,TTA,TAA
M85249.1,69,71,526,528,3,TTA,TAA
M85249.1,353,355,526,528,3,TTA,TAA
M85249.1,275,277,526,528,3,TTA,TAA
M85249.1,69,71,134,136,3,TTA,TAA
M85249.1,69,71,127,129,3,TTA,TAA
M85249.1,97,99,185,187,3,TTA,TAA
M85249.1,150,152,185,187,3,TTA,TAA
M85249.1,89,91,185,187,3,TTA,TAA
M85249.1,69,71,185,187,3,TTA,TAA
M85249.1,69,71,76,78,3,TTA,TAA
M85249.1,432,434,513,515,3,TTA,TAA
M85249.1,432,434,566,568,3,TTA,TAA
M85249.1,432,434,651,653,3,TTA,TAA
M85249.1,97,99,197,199,3,TTA,TAA
M85249.1,150,152,197,199,3,TTA,TAA
M85249.1,89,91,197,199,3,TTA,TAA
M85249.1,31,33,197,199,3,TTA,TAA
M85249.1,157,159,197,199,3,TTA,TAA
M85249.1,432,434,547,549,3,TTA,TAA
M85249.1,86,89,290,293,4,TTCT,AGAA
M85249.1,86,89,99,102,4,TTCT,AGAA
M85249.1,86,89,233,236,4,TTCT,AGAA
M85249.1,86,89,139,142,4,TTCT,AGAA
M85249.1,86,89,295,298,4,TTCT,AGAA
M85249.1,86,89,486,489,4,TTCT,AGAA
M85249.1,46,52,652,658,7,TTGTATT,AATACAA
M85249.1,12,18,330,336,7,TTGTCAA,TTGACAA
M85249.1,12,15,655,658,4,TTGT,ACAA
M85249.1,445,448,655,658,4,TTGT,ACAA
M85249.1,12,15,20,23,4,TTGT,ACAA
M85249.1,46,49,360,363,4,TTGT,ACAA
M85249.1,46,49,333,336,4,TTGT,ACAA
M85249.1,537,540,655,658,4,TTGT,ACAA
M85249.1,107,110,360,363,4,TTGT,ACAA
M85249.1,107,110,655,658,4,TTGT,ACAA
M85249.1,43,46,655,658,4,TTGT,ACAA
M85249.1,46,49,78,81,4,TTGT,ACAA
M85249.1,43,46,333,336,4,TTGT,ACAA
M85249.1,594,597,655,658,4,TTGT,ACAA
M85249.1,51,53,552,554,3,TTG,CAA
M85249.1,267,269,368,370,3,TTG,CAA
M85249.1,267,269,602,604,3,TTG,CAA
M85249.1,597,599,602,604,3,TTG,CAA
M85249.1,459,461,602,604,3,TTG,CAA
M85249.1,530,532,602,604,3,TTG,CAA
M85249.1,330,332,368,370,3,TTG,CAA
M85249.1,412,414,602,604,3,TTG,CAA
M85249.1,330,332,602,604,3,TTG,CAA
M85249.1,51,53,506,508,3,TTG,CAA
M85249.1,377,379,506,508,3,TTG,CAA
M85249.1,267,269,506,508,3,TTG,CAA
M85249.1,459,461,506,508,3,TTG,CAA
M85249.1,267,269,361,363,3,TTG,CAA
M85249.1,12,14,506,508,3,TTG,CAA
M85249.1,12,14,552,554,3,TTG,CAA
M85249.1,445,447,506,508,3,TTG,CAA
M85249.1,445,447,552,554,3,TTG,CAA
M85249.1,254,256,361,363,3,TTG,CAA
M85249.1,330,332,361,363,3,TTG,CAA
M85249.1,537,539,552,554,3,TTG,CAA
M85249.1,43,45,506,508,3,TTG,CAA
M85249.1,43,45,552,554,3,TTG,CAA
M85249.1,51,53,656,658,3,TTG,CAA
M85249.1,613,615,656,658,3,TTG,CAA
M85249.1,377,379,656,658,3,TTG,CAA
M85249.1,597,599,656,658,3,TTG,CAA
M85249.1,459,461,656,658,3,TTG,CAA
M85249.1,530,532,656,658,3,TTG,CAA
M85249.1,424,426,656,658,3,TTG,CAA
M85249.1,254,256,656,658,3,TTG,CAA
M85249.1,412,414,656,658,3,TTG,CAA
M85249.1,330,332,656,658,3,TTG,CAA
M85249.1,46,48,368,370,3,TTG,CAA
M85249.1,46,48,602,604,3,TTG,CAA
M85249.1,46,48,506,508,3,TTG,CAA
M85249.1,46,48,552,554,3,TTG,CAA
M85249.1,51,53,334,336,3,TTG,CAA
M85249.1,107,109,368,370,3,TTG,CAA
M85249.1,107,109,602,604,3,TTG,CAA
M85249.1,594,596,602,604,3,TTG,CAA
M85249.1,267,269,334,336,3,TTG,CAA
M85249.1,67,71,354,358,5,TTTTA,TAAAA
M85249.1,430,434,438,442,5,TTTTA,TAAAA
M85249.1,318,322,354,358,5,TTTTA,TAAAA
M85249.1,318,322,438,442,5,TTTTA,TAAAA

Total for length 3 is 1902.
Total for length 4 is 281.
Total for length 5 is 58.
Total for length 7 is 16.
Total for length 10 is 2.

