Input file is sequence4.fasta.
Minimal fragment length is 3.
Working with probability estimation.
P value is : 0.050000.
Printing all instances.
Looking for direct non-complementary repeats.
M85249.1 Alphabet size is 4.
Input sequence has 0 letters that are not in expected alphabet.
M85249.1,553,556,555,558,4,AAAA,AAAA
M85249.1,439,442,555,558,4,AAAA,AAAA
M85249.1,355,358,554,557,4,AAAA,AAAA
M85249.1,355,358,440,443,4,AAAA,AAAA
M85249.1,355,358,553,556,4,AAAA,AAAA
M85249.1,441,444,553,556,4,AAAA,AAAA
M85249.1,355,358,441,444,4,AAAA,AAAA
M85249.1,439,442,441,444,4,AAAA,AAAA
M85249.1,335,338,356,359,4,AAAG,AAAG
M85249.1,335,338,556,559,4,AAAG,AAAG
M85249.1,356,359,507,510,4,AAAG,AAAG
M85249.1,507,510,556,559,4,AAAG,AAAG
M85249.1,356,359,386,389,4,AAAG,AAAG
M85249.1,386,389,556,559,4,AAAG,AAAG
M85249.1,335,338,386,389,4,AAAG,AAAG
M85249.1,386,389,507,510,4,AAAG,AAAG
M85249.1,198,201,679,682,4,AAAT,AAAT
M85249.1,112,115,198,201,4,AAAT,AAAT
M85249.1,442,445,679,682,4,AAAT,AAAT
M85249.1,112,115,442,445,4,AAAT,AAAT
M85249.1,374,377,679,682,4,AAAT,AAAT
M85249.1,112,115,374,377,4,AAAT,AAAT
M85249.1,198,201,442,445,4,AAAT,AAAT
M85249.1,198,201,616,619,4,AAAT,AAAT
M85249.1,356,358,553,555,3,AAA,AAA
M85249.1,553,555,556,558,3,AAA,AAA
M85249.1,356,358,439,441,3,AAA,AAA
M85249.1,355,357,356,358,3,AAA,AAA
M85249.1,439,441,556,558,3,AAA,AAA
M85249.1,355,357,556,558,3,AAA,AAA
M85249.1,335,337,554,556,3,AAA,AAA
M85249.1,335,337,440,442,3,AAA,AAA
M85249.1,335,337,555,557,3,AAA,AAA
M85249.1,335,337,441,443,3,AAA,AAA
M85249.1,507,509,554,556,3,AAA,AAA
M85249.1,440,442,507,509,3,AAA,AAA
M85249.1,507,509,555,557,3,AAA,AAA
M85249.1,441,443,507,509,3,AAA,AAA
M85249.1,335,337,439,441,3,AAA,AAA
M85249.1,335,337,355,357,3,AAA,AAA
M85249.1,439,441,507,509,3,AAA,AAA
M85249.1,355,357,507,509,3,AAA,AAA
M85249.1,386,388,554,556,3,AAA,AAA
M85249.1,386,388,440,442,3,AAA,AAA
M85249.1,386,388,555,557,3,AAA,AAA
M85249.1,386,388,441,443,3,AAA,AAA
M85249.1,386,388,553,555,3,AAA,AAA
M85249.1,386,388,439,441,3,AAA,AAA
M85249.1,355,357,386,388,3,AAA,AAA
M85249.1,335,337,442,444,3,AAA,AAA
M85249.1,442,444,507,509,3,AAA,AAA
M85249.1,442,444,553,555,3,AAA,AAA
M85249.1,386,388,442,444,3,AAA,AAA
M85249.1,439,441,442,444,3,AAA,AAA
M85249.1,355,357,442,444,3,AAA,AAA
M85249.1,356,358,679,681,3,AAA,AAA
M85249.1,556,558,679,681,3,AAA,AAA
M85249.1,554,556,679,681,3,AAA,AAA
M85249.1,440,442,679,681,3,AAA,AAA
M85249.1,555,557,679,681,3,AAA,AAA
M85249.1,441,443,679,681,3,AAA,AAA
M85249.1,112,114,356,358,3,AAA,AAA
M85249.1,112,114,556,558,3,AAA,AAA
M85249.1,112,114,554,556,3,AAA,AAA
M85249.1,112,114,440,442,3,AAA,AAA
M85249.1,112,114,555,557,3,AAA,AAA
M85249.1,112,114,441,443,3,AAA,AAA
M85249.1,356,358,616,618,3,AAA,AAA
M85249.1,556,558,616,618,3,AAA,AAA
M85249.1,554,556,616,618,3,AAA,AAA
M85249.1,440,442,616,618,3,AAA,AAA
M85249.1,555,557,616,618,3,AAA,AAA
M85249.1,441,443,616,618,3,AAA,AAA
M85249.1,335,337,679,681,3,AAA,AAA
M85249.1,507,509,679,681,3,AAA,AAA
M85249.1,553,555,679,681,3,AAA,AAA
M85249.1,112,114,335,337,3,AAA,AAA
M85249.1,112,114,507,509,3,AAA,AAA
M85249.1,112,114,553,555,3,AAA,AAA
M85249.1,335,337,616,618,3,AAA,AAA
M85249.1,507,509,616,618,3,AAA,AAA
M85249.1,553,555,616,618,3,AAA,AAA
M85249.1,439,441,679,681,3,AAA,AAA
M85249.1,355,357,679,681,3,AAA,AAA
M85249.1,112,114,439,441,3,AAA,AAA
M85249.1,112,114,355,357,3,AAA,AAA
M85249.1,439,441,616,618,3,AAA,AAA
M85249.1,355,357,616,618,3,AAA,AAA
M85249.1,198,200,356,358,3,AAA,AAA
M85249.1,198,200,556,558,3,AAA,AAA
M85249.1,198,200,554,556,3,AAA,AAA
M85249.1,198,200,440,442,3,AAA,AAA
M85249.1,198,200,555,557,3,AAA,AAA
M85249.1,198,200,441,443,3,AAA,AAA
M85249.1,356,358,374,376,3,AAA,AAA
M85249.1,374,376,556,558,3,AAA,AAA
M85249.1,374,376,554,556,3,AAA,AAA
M85249.1,374,376,440,442,3,AAA,AAA
M85249.1,374,376,555,557,3,AAA,AAA
M85249.1,374,376,441,443,3,AAA,AAA
M85249.1,198,200,335,337,3,AAA,AAA
M85249.1,198,200,507,509,3,AAA,AAA
M85249.1,198,200,553,555,3,AAA,AAA
M85249.1,335,337,374,376,3,AAA,AAA
M85249.1,374,376,507,509,3,AAA,AAA
M85249.1,374,376,553,555,3,AAA,AAA
M85249.1,198,200,386,388,3,AAA,AAA
M85249.1,374,376,386,388,3,AAA,AAA
M85249.1,391,393,442,444,3,AAA,AAA
M85249.1,356,358,391,393,3,AAA,AAA
M85249.1,391,393,556,558,3,AAA,AAA
M85249.1,391,393,554,556,3,AAA,AAA
M85249.1,391,393,440,442,3,AAA,AAA
M85249.1,391,393,555,557,3,AAA,AAA
M85249.1,391,393,441,443,3,AAA,AAA
M85249.1,335,337,391,393,3,AAA,AAA
M85249.1,391,393,507,509,3,AAA,AAA
M85249.1,391,393,553,555,3,AAA,AAA
M85249.1,198,200,391,393,3,AAA,AAA
M85249.1,374,376,391,393,3,AAA,AAA
M85249.1,391,393,439,441,3,AAA,AAA
M85249.1,355,357,391,393,3,AAA,AAA
M85249.1,17,23,652,658,7,AATACAA,AATACAA
M85249.1,248,254,603,609,7,AATAGTT,AATAGTT
M85249.1,17,20,680,683,4,AATA,AATA
M85249.1,362,365,680,683,4,AATA,AATA
M85249.1,17,20,125,128,4,AATA,AATA
M85249.1,17,20,132,135,4,AATA,AATA
M85249.1,125,128,362,365,4,AATA,AATA
M85249.1,132,135,362,365,4,AATA,AATA
M85249.1,17,20,74,77,4,AATA,AATA
M85249.1,74,77,362,365,4,AATA,AATA
M85249.1,101,104,680,683,4,AATA,AATA
M85249.1,74,77,101,104,4,AATA,AATA
M85249.1,652,655,680,683,4,AATA,AATA
M85249.1,125,128,652,655,4,AATA,AATA
M85249.1,132,135,652,655,4,AATA,AATA
M85249.1,603,606,680,683,4,AATA,AATA
M85249.1,101,104,603,606,4,AATA,AATA
M85249.1,125,128,603,606,4,AATA,AATA
M85249.1,132,135,603,606,4,AATA,AATA
M85249.1,603,606,652,655,4,AATA,AATA
M85249.1,74,77,603,606,4,AATA,AATA
M85249.1,292,295,680,683,4,AATA,AATA
M85249.1,248,251,680,683,4,AATA,AATA
M85249.1,17,20,292,295,4,AATA,AATA
M85249.1,292,295,362,365,4,AATA,AATA
M85249.1,17,20,248,251,4,AATA,AATA
M85249.1,248,251,362,365,4,AATA,AATA
M85249.1,292,295,652,655,4,AATA,AATA
M85249.1,74,77,292,295,4,AATA,AATA
M85249.1,248,251,652,655,4,AATA,AATA
M85249.1,74,77,248,251,4,AATA,AATA
M85249.1,80,83,680,683,4,AATA,AATA
M85249.1,80,83,292,295,4,AATA,AATA
M85249.1,80,83,248,251,4,AATA,AATA
M85249.1,80,83,101,104,4,AATA,AATA
M85249.1,80,83,125,128,4,AATA,AATA
M85249.1,80,83,132,135,4,AATA,AATA
M85249.1,80,83,652,655,4,AATA,AATA
M85249.1,74,77,80,83,4,AATA,AATA
M85249.1,567,570,680,683,4,AATA,AATA
M85249.1,567,570,603,606,4,AATA,AATA
M85249.1,17,20,567,570,4,AATA,AATA
M85249.1,362,365,567,570,4,AATA,AATA
M85249.1,292,295,567,570,4,AATA,AATA
M85249.1,248,251,567,570,4,AATA,AATA
M85249.1,101,104,567,570,4,AATA,AATA
M85249.1,125,128,567,570,4,AATA,AATA
M85249.1,132,135,567,570,4,AATA,AATA
M85249.1,222,225,375,378,4,AATT,AATT
M85249.1,222,225,443,446,4,AATT,AATT
M85249.1,277,280,375,378,4,AATT,AATT
M85249.1,277,280,443,446,4,AATT,AATT
M85249.1,10,13,277,280,4,AATT,AATT
M85249.1,10,13,617,620,4,AATT,AATT
M85249.1,222,225,617,620,4,AATT,AATT
M85249.1,277,280,617,620,4,AATT,AATT
M85249.1,375,378,514,517,4,AATT,AATT
M85249.1,443,446,514,517,4,AATT,AATT
M85249.1,65,68,375,378,4,AATT,AATT
M85249.1,65,68,443,446,4,AATT,AATT
M85249.1,10,13,514,517,4,AATT,AATT
M85249.1,222,225,514,517,4,AATT,AATT
M85249.1,10,13,65,68,4,AATT,AATT
M85249.1,65,68,222,225,4,AATT,AATT
M85249.1,17,19,113,115,3,AAT,AAT
M85249.1,113,115,362,364,3,AAT,AAT
M85249.1,113,115,603,605,3,AAT,AAT
M85249.1,80,82,113,115,3,AAT,AAT
M85249.1,113,115,125,127,3,AAT,AAT
M85249.1,113,115,132,134,3,AAT,AAT
M85249.1,101,103,113,115,3,AAT,AAT
M85249.1,113,115,292,294,3,AAT,AAT
M85249.1,113,115,248,250,3,AAT,AAT
M85249.1,74,76,113,115,3,AAT,AAT
M85249.1,113,115,652,654,3,AAT,AAT
M85249.1,113,115,567,569,3,AAT,AAT
M85249.1,369,371,680,682,3,AAT,AAT
M85249.1,125,127,369,371,3,AAT,AAT
M85249.1,132,134,369,371,3,AAT,AAT
M85249.1,101,103,369,371,3,AAT,AAT
M85249.1,292,294,369,371,3,AAT,AAT
M85249.1,248,250,369,371,3,AAT,AAT
M85249.1,74,76,369,371,3,AAT,AAT
M85249.1,369,371,652,654,3,AAT,AAT
M85249.1,369,371,567,569,3,AAT,AAT
M85249.1,199,201,369,371,3,AAT,AAT
M85249.1,17,19,199,201,3,AAT,AAT
M85249.1,199,201,362,364,3,AAT,AAT
M85249.1,199,201,603,605,3,AAT,AAT
M85249.1,80,82,199,201,3,AAT,AAT
M85249.1,125,127,199,201,3,AAT,AAT
M85249.1,132,134,199,201,3,AAT,AAT
M85249.1,101,103,199,201,3,AAT,AAT
M85249.1,199,201,292,294,3,AAT,AAT
M85249.1,199,201,248,250,3,AAT,AAT
M85249.1,74,76,199,201,3,AAT,AAT
M85249.1,199,201,652,654,3,AAT,AAT
M85249.1,199,201,567,569,3,AAT,AAT
M85249.1,27,29,113,115,3,AAT,AAT
M85249.1,27,29,680,682,3,AAT,AAT
M85249.1,113,115,683,685,3,AAT,AAT
M85249.1,680,682,683,685,3,AAT,AAT
M85249.1,27,29,369,371,3,AAT,AAT
M85249.1,17,19,27,29,3,AAT,AAT
M85249.1,27,29,362,364,3,AAT,AAT
M85249.1,27,29,603,605,3,AAT,AAT
M85249.1,27,29,80,82,3,AAT,AAT
M85249.1,369,371,683,685,3,AAT,AAT
M85249.1,17,19,683,685,3,AAT,AAT
M85249.1,362,364,683,685,3,AAT,AAT
M85249.1,603,605,683,685,3,AAT,AAT
M85249.1,80,82,683,685,3,AAT,AAT
M85249.1,27,29,125,127,3,AAT,AAT
M85249.1,27,29,132,134,3,AAT,AAT
M85249.1,27,29,101,103,3,AAT,AAT
M85249.1,27,29,292,294,3,AAT,AAT
M85249.1,27,29,248,250,3,AAT,AAT
M85249.1,125,127,683,685,3,AAT,AAT
M85249.1,132,134,683,685,3,AAT,AAT
M85249.1,101,103,683,685,3,AAT,AAT
M85249.1,292,294,683,685,3,AAT,AAT
M85249.1,248,250,683,685,3,AAT,AAT
M85249.1,369,371,375,377,3,AAT,AAT
M85249.1,17,19,375,377,3,AAT,AAT
M85249.1,362,364,375,377,3,AAT,AAT
M85249.1,375,377,603,605,3,AAT,AAT
M85249.1,80,82,375,377,3,AAT,AAT
M85249.1,369,371,443,445,3,AAT,AAT
M85249.1,17,19,443,445,3,AAT,AAT
M85249.1,362,364,443,445,3,AAT,AAT
M85249.1,443,445,603,605,3,AAT,AAT
M85249.1,80,82,443,445,3,AAT,AAT
M85249.1,369,371,617,619,3,AAT,AAT
M85249.1,17,19,617,619,3,AAT,AAT
M85249.1,362,364,617,619,3,AAT,AAT
M85249.1,603,605,617,619,3,AAT,AAT
M85249.1,80,82,617,619,3,AAT,AAT
M85249.1,125,127,375,377,3,AAT,AAT
M85249.1,132,134,375,377,3,AAT,AAT
M85249.1,101,103,375,377,3,AAT,AAT
M85249.1,292,294,375,377,3,AAT,AAT
M85249.1,248,250,375,377,3,AAT,AAT
M85249.1,125,127,443,445,3,AAT,AAT
M85249.1,132,134,443,445,3,AAT,AAT
M85249.1,101,103,443,445,3,AAT,AAT
M85249.1,292,294,443,445,3,AAT,AAT
M85249.1,248,250,443,445,3,AAT,AAT
M85249.1,125,127,617,619,3,AAT,AAT
M85249.1,132,134,617,619,3,AAT,AAT
M85249.1,101,103,617,619,3,AAT,AAT
M85249.1,292,294,617,619,3,AAT,AAT
M85249.1,248,250,617,619,3,AAT,AAT
M85249.1,27,29,375,377,3,AAT,AAT
M85249.1,375,377,683,685,3,AAT,AAT
M85249.1,74,76,375,377,3,AAT,AAT
M85249.1,375,377,652,654,3,AAT,AAT
M85249.1,375,377,567,569,3,AAT,AAT
M85249.1,27,29,443,445,3,AAT,AAT
M85249.1,443,445,683,685,3,AAT,AAT
M85249.1,74,76,443,445,3,AAT,AAT
M85249.1,443,445,652,654,3,AAT,AAT
M85249.1,443,445,567,569,3,AAT,AAT
M85249.1,27,29,617,619,3,AAT,AAT
M85249.1,617,619,683,685,3,AAT,AAT
M85249.1,74,76,617,619,3,AAT,AAT
M85249.1,617,619,652,654,3,AAT,AAT
M85249.1,567,569,617,619,3,AAT,AAT
M85249.1,199,201,222,224,3,AAT,AAT
M85249.1,113,115,222,224,3,AAT,AAT
M85249.1,222,224,680,682,3,AAT,AAT
M85249.1,10,12,199,201,3,AAT,AAT
M85249.1,10,12,113,115,3,AAT,AAT
M85249.1,10,12,680,682,3,AAT,AAT
M85249.1,222,224,369,371,3,AAT,AAT
M85249.1,17,19,222,224,3,AAT,AAT
M85249.1,222,224,362,364,3,AAT,AAT
M85249.1,222,224,603,605,3,AAT,AAT
M85249.1,80,82,222,224,3,AAT,AAT
M85249.1,10,12,369,371,3,AAT,AAT
M85249.1,10,12,17,19,3,AAT,AAT
M85249.1,10,12,362,364,3,AAT,AAT
M85249.1,10,12,603,605,3,AAT,AAT
M85249.1,10,12,80,82,3,AAT,AAT
M85249.1,27,29,222,224,3,AAT,AAT
M85249.1,222,224,683,685,3,AAT,AAT
M85249.1,74,76,222,224,3,AAT,AAT
M85249.1,222,224,652,654,3,AAT,AAT
M85249.1,222,224,567,569,3,AAT,AAT
M85249.1,10,12,27,29,3,AAT,AAT
M85249.1,10,12,683,685,3,AAT,AAT
M85249.1,10,12,74,76,3,AAT,AAT
M85249.1,10,12,652,654,3,AAT,AAT
M85249.1,10,12,567,569,3,AAT,AAT
M85249.1,199,201,277,279,3,AAT,AAT
M85249.1,113,115,277,279,3,AAT,AAT
M85249.1,277,279,680,682,3,AAT,AAT
M85249.1,199,201,514,516,3,AAT,AAT
M85249.1,113,115,514,516,3,AAT,AAT
M85249.1,514,516,680,682,3,AAT,AAT
M85249.1,65,67,199,201,3,AAT,AAT
M85249.1,65,67,113,115,3,AAT,AAT
M85249.1,65,67,680,682,3,AAT,AAT
M85249.1,277,279,369,371,3,AAT,AAT
M85249.1,17,19,277,279,3,AAT,AAT
M85249.1,277,279,362,364,3,AAT,AAT
M85249.1,277,279,603,605,3,AAT,AAT
M85249.1,80,82,277,279,3,AAT,AAT
M85249.1,369,371,514,516,3,AAT,AAT
M85249.1,17,19,514,516,3,AAT,AAT
M85249.1,362,364,514,516,3,AAT,AAT
M85249.1,514,516,603,605,3,AAT,AAT
M85249.1,80,82,514,516,3,AAT,AAT
M85249.1,65,67,369,371,3,AAT,AAT
M85249.1,17,19,65,67,3,AAT,AAT
M85249.1,65,67,362,364,3,AAT,AAT
M85249.1,65,67,603,605,3,AAT,AAT
M85249.1,65,67,80,82,3,AAT,AAT
M85249.1,125,127,277,279,3,AAT,AAT
M85249.1,132,134,277,279,3,AAT,AAT
M85249.1,101,103,277,279,3,AAT,AAT
M85249.1,277,279,292,294,3,AAT,AAT
M85249.1,248,250,277,279,3,AAT,AAT
M85249.1,125,127,514,516,3,AAT,AAT
M85249.1,132,134,514,516,3,AAT,AAT
M85249.1,101,103,514,516,3,AAT,AAT
M85249.1,292,294,514,516,3,AAT,AAT
M85249.1,248,250,514,516,3,AAT,AAT
M85249.1,65,67,125,127,3,AAT,AAT
M85249.1,65,67,132,134,3,AAT,AAT
M85249.1,65,67,101,103,3,AAT,AAT
M85249.1,65,67,292,294,3,AAT,AAT
M85249.1,65,67,248,250,3,AAT,AAT
M85249.1,219,221,489,491,3,ACG,ACG
M85249.1,477,479,489,491,3,ACG,ACG
M85249.1,92,94,219,221,3,ACG,ACG
M85249.1,219,221,477,479,3,ACG,ACG
M85249.1,272,278,350,356,7,ACTTTAA,ACTTTAA
M85249.1,139,142,290,293,4,AGAA,AGAA
M85249.1,290,293,295,298,4,AGAA,AGAA
M85249.1,233,236,290,293,4,AGAA,AGAA
M85249.1,290,293,486,489,4,AGAA,AGAA
M85249.1,99,102,486,489,4,AGAA,AGAA
M85249.1,139,142,486,489,4,AGAA,AGAA
M85249.1,295,298,486,489,4,AGAA,AGAA
M85249.1,233,236,486,489,4,AGAA,AGAA
M85249.1,193,196,664,667,4,AGGA,AGGA
M85249.1,388,391,533,536,4,AGGA,AGGA
M85249.1,129,132,533,536,4,AGGA,AGGA
M85249.1,533,536,664,667,4,AGGA,AGGA
M85249.1,159,162,462,465,4,AGGA,AGGA
M85249.1,193,196,462,465,4,AGGA,AGGA
M85249.1,388,391,462,465,4,AGGA,AGGA
M85249.1,129,132,462,465,4,AGGA,AGGA
M85249.1,462,465,664,667,4,AGGA,AGGA
M85249.1,159,162,193,196,4,AGGA,AGGA
M85249.1,159,162,388,391,4,AGGA,AGGA
M85249.1,129,132,159,162,4,AGGA,AGGA
M85249.1,159,162,533,536,4,AGGA,AGGA
M85249.1,162,164,388,390,3,AGG,AGG
M85249.1,129,131,162,164,3,AGG,AGG
M85249.1,162,164,193,195,3,AGG,AGG
M85249.1,162,164,664,666,3,AGG,AGG
M85249.1,159,161,162,164,3,AGG,AGG
M85249.1,244,246,388,390,3,AGG,AGG
M85249.1,129,131,244,246,3,AGG,AGG
M85249.1,193,195,244,246,3,AGG,AGG
M85249.1,244,246,462,464,3,AGG,AGG
M85249.1,244,246,533,535,3,AGG,AGG
M85249.1,388,390,450,452,3,AGG,AGG
M85249.1,129,131,450,452,3,AGG,AGG
M85249.1,193,195,450,452,3,AGG,AGG
M85249.1,162,164,450,452,3,AGG,AGG
M85249.1,450,452,462,464,3,AGG,AGG
M85249.1,450,452,533,535,3,AGG,AGG
M85249.1,244,246,450,452,3,AGG,AGG
M85249.1,450,452,664,666,3,AGG,AGG
M85249.1,159,161,450,452,3,AGG,AGG
M85249.1,154,156,388,390,3,AGG,AGG
M85249.1,129,131,154,156,3,AGG,AGG
M85249.1,154,156,193,195,3,AGG,AGG
M85249.1,154,156,244,246,3,AGG,AGG
M85249.1,154,156,664,666,3,AGG,AGG
M85249.1,154,156,159,161,3,AGG,AGG
M85249.1,172,174,388,390,3,AGG,AGG
M85249.1,129,131,172,174,3,AGG,AGG
M85249.1,172,174,193,195,3,AGG,AGG
M85249.1,154,156,172,174,3,AGG,AGG
M85249.1,162,164,172,174,3,AGG,AGG
M85249.1,172,174,462,464,3,AGG,AGG
M85249.1,172,174,533,535,3,AGG,AGG
M85249.1,172,174,244,246,3,AGG,AGG
M85249.1,172,174,664,666,3,AGG,AGG
M85249.1,159,161,172,174,3,AGG,AGG
M85249.1,189,191,337,339,3,AGT,AGT
M85249.1,205,207,337,339,3,AGT,AGT
M85249.1,189,191,509,511,3,AGT,AGT
M85249.1,205,207,509,511,3,AGT,AGT
M85249.1,337,339,564,566,3,AGT,AGT
M85249.1,509,511,564,566,3,AGT,AGT
M85249.1,236,238,670,672,3,AGT,AGT
M85249.1,136,138,670,672,3,AGT,AGT
M85249.1,564,566,670,672,3,AGT,AGT
M85249.1,236,238,281,283,3,AGT,AGT
M85249.1,136,138,281,283,3,AGT,AGT
M85249.1,189,191,281,283,3,AGT,AGT
M85249.1,205,207,281,283,3,AGT,AGT
M85249.1,281,283,564,566,3,AGT,AGT
M85249.1,528,530,670,672,3,AGT,AGT
M85249.1,189,191,528,530,3,AGT,AGT
M85249.1,205,207,528,530,3,AGT,AGT
M85249.1,528,530,564,566,3,AGT,AGT
M85249.1,281,283,528,530,3,AGT,AGT
M85249.1,337,339,606,608,3,AGT,AGT
M85249.1,509,511,606,608,3,AGT,AGT
M85249.1,236,238,606,608,3,AGT,AGT
M85249.1,136,138,606,608,3,AGT,AGT
M85249.1,251,253,337,339,3,AGT,AGT
M85249.1,251,253,509,511,3,AGT,AGT
M85249.1,236,238,251,253,3,AGT,AGT
M85249.1,136,138,251,253,3,AGT,AGT
M85249.1,606,608,670,672,3,AGT,AGT
M85249.1,189,191,606,608,3,AGT,AGT
M85249.1,205,207,606,608,3,AGT,AGT
M85249.1,251,253,670,672,3,AGT,AGT
M85249.1,189,191,251,253,3,AGT,AGT
M85249.1,205,207,251,253,3,AGT,AGT
M85249.1,564,566,606,608,3,AGT,AGT
M85249.1,251,253,564,566,3,AGT,AGT
M85249.1,126,129,184,187,4,ATAA,ATAA
M85249.1,133,136,184,187,4,ATAA,ATAA
M85249.1,75,78,525,528,4,ATAA,ATAA
M85249.1,525,528,681,684,4,ATAA,ATAA
M85249.1,184,187,681,684,4,ATAA,ATAA
M85249.1,25,28,126,129,4,ATAA,ATAA
M85249.1,25,28,133,136,4,ATAA,ATAA
M85249.1,25,28,75,78,4,ATAA,ATAA
M85249.1,25,28,525,528,4,ATAA,ATAA
M85249.1,25,28,184,187,4,ATAA,ATAA
M85249.1,196,199,681,684,4,ATAA,ATAA
M85249.1,126,129,196,199,4,ATAA,ATAA
M85249.1,133,136,196,199,4,ATAA,ATAA
M85249.1,75,78,196,199,4,ATAA,ATAA
M85249.1,25,28,196,199,4,ATAA,ATAA
M85249.1,102,108,270,276,7,ATACTTT,ATACTTT
M85249.1,18,20,25,27,3,ATA,ATA
M85249.1,25,27,653,655,3,ATA,ATA
M85249.1,25,27,363,365,3,ATA,ATA
M85249.1,25,27,102,104,3,ATA,ATA
M85249.1,18,20,196,198,3,ATA,ATA
M85249.1,18,20,184,186,3,ATA,ATA
M85249.1,18,20,525,527,3,ATA,ATA
M85249.1,196,198,653,655,3,ATA,ATA
M85249.1,184,186,653,655,3,ATA,ATA
M85249.1,525,527,653,655,3,ATA,ATA
M85249.1,196,198,363,365,3,ATA,ATA
M85249.1,184,186,363,365,3,ATA,ATA
M85249.1,363,365,525,527,3,ATA,ATA
M85249.1,102,104,196,198,3,ATA,ATA
M85249.1,102,104,184,186,3,ATA,ATA
M85249.1,102,104,525,527,3,ATA,ATA
M85249.1,75,77,270,272,3,ATA,ATA
M85249.1,126,128,270,272,3,ATA,ATA
M85249.1,133,135,270,272,3,ATA,ATA
M85249.1,270,272,681,683,3,ATA,ATA
M85249.1,25,27,270,272,3,ATA,ATA
M85249.1,25,27,293,295,3,ATA,ATA
M85249.1,25,27,604,606,3,ATA,ATA
M85249.1,25,27,249,251,3,ATA,ATA
M85249.1,270,272,293,295,3,ATA,ATA
M85249.1,196,198,293,295,3,ATA,ATA
M85249.1,184,186,293,295,3,ATA,ATA
M85249.1,293,295,525,527,3,ATA,ATA
M85249.1,270,272,604,606,3,ATA,ATA
M85249.1,196,198,604,606,3,ATA,ATA
M85249.1,184,186,604,606,3,ATA,ATA
M85249.1,525,527,604,606,3,ATA,ATA
M85249.1,249,251,270,272,3,ATA,ATA
M85249.1,196,198,249,251,3,ATA,ATA
M85249.1,184,186,249,251,3,ATA,ATA
M85249.1,249,251,525,527,3,ATA,ATA
M85249.1,18,20,501,503,3,ATA,ATA
M85249.1,501,503,653,655,3,ATA,ATA
M85249.1,363,365,501,503,3,ATA,ATA
M85249.1,102,104,501,503,3,ATA,ATA
M85249.1,75,77,501,503,3,ATA,ATA
M85249.1,126,128,501,503,3,ATA,ATA
M85249.1,133,135,501,503,3,ATA,ATA
M85249.1,501,503,681,683,3,ATA,ATA
M85249.1,25,27,501,503,3,ATA,ATA
M85249.1,18,20,242,244,3,ATA,ATA
M85249.1,242,244,653,655,3,ATA,ATA
M85249.1,242,244,363,365,3,ATA,ATA
M85249.1,102,104,242,244,3,ATA,ATA
M85249.1,75,77,242,244,3,ATA,ATA
M85249.1,126,128,242,244,3,ATA,ATA
M85249.1,133,135,242,244,3,ATA,ATA
M85249.1,242,244,681,683,3,ATA,ATA
M85249.1,25,27,242,244,3,ATA,ATA
M85249.1,242,244,270,272,3,ATA,ATA
M85249.1,196,198,242,244,3,ATA,ATA
M85249.1,184,186,242,244,3,ATA,ATA
M85249.1,242,244,525,527,3,ATA,ATA
M85249.1,25,27,568,570,3,ATA,ATA
M85249.1,25,27,81,83,3,ATA,ATA
M85249.1,501,503,568,570,3,ATA,ATA
M85249.1,270,272,568,570,3,ATA,ATA
M85249.1,196,198,568,570,3,ATA,ATA
M85249.1,184,186,568,570,3,ATA,ATA
M85249.1,525,527,568,570,3,ATA,ATA
M85249.1,81,83,501,503,3,ATA,ATA
M85249.1,81,83,270,272,3,ATA,ATA
M85249.1,81,83,196,198,3,ATA,ATA
M85249.1,81,83,184,186,3,ATA,ATA
M85249.1,81,83,525,527,3,ATA,ATA
M85249.1,242,244,568,570,3,ATA,ATA
M85249.1,81,83,242,244,3,ATA,ATA
M85249.1,293,295,403,405,3,ATA,ATA
M85249.1,403,405,604,606,3,ATA,ATA
M85249.1,249,251,403,405,3,ATA,ATA
M85249.1,18,20,403,405,3,ATA,ATA
M85249.1,403,405,653,655,3,ATA,ATA
M85249.1,363,365,403,405,3,ATA,ATA
M85249.1,102,104,403,405,3,ATA,ATA
M85249.1,75,77,403,405,3,ATA,ATA
M85249.1,126,128,403,405,3,ATA,ATA
M85249.1,133,135,403,405,3,ATA,ATA
M85249.1,403,405,681,683,3,ATA,ATA
M85249.1,403,405,501,503,3,ATA,ATA
M85249.1,270,272,403,405,3,ATA,ATA
M85249.1,196,198,403,405,3,ATA,ATA
M85249.1,184,186,403,405,3,ATA,ATA
M85249.1,403,405,525,527,3,ATA,ATA
M85249.1,242,244,403,405,3,ATA,ATA
M85249.1,226,228,293,295,3,ATA,ATA
M85249.1,226,228,604,606,3,ATA,ATA
M85249.1,226,228,249,251,3,ATA,ATA
M85249.1,18,20,226,228,3,ATA,ATA
M85249.1,226,228,653,655,3,ATA,ATA
M85249.1,226,228,363,365,3,ATA,ATA
M85249.1,102,104,226,228,3,ATA,ATA
M85249.1,75,77,226,228,3,ATA,ATA
M85249.1,126,128,226,228,3,ATA,ATA
M85249.1,133,135,226,228,3,ATA,ATA
M85249.1,226,228,681,683,3,ATA,ATA
M85249.1,293,295,579,581,3,ATA,ATA
M85249.1,579,581,604,606,3,ATA,ATA
M85249.1,249,251,579,581,3,ATA,ATA
M85249.1,18,20,579,581,3,ATA,ATA
M85249.1,579,581,653,655,3,ATA,ATA
M85249.1,363,365,579,581,3,ATA,ATA
M85249.1,102,104,579,581,3,ATA,ATA
M85249.1,75,77,579,581,3,ATA,ATA
M85249.1,126,128,579,581,3,ATA,ATA
M85249.1,133,135,579,581,3,ATA,ATA
M85249.1,579,581,681,683,3,ATA,ATA
M85249.1,25,27,226,228,3,ATA,ATA
M85249.1,25,27,579,581,3,ATA,ATA
M85249.1,226,228,501,503,3,ATA,ATA
M85249.1,226,228,270,272,3,ATA,ATA
M85249.1,196,198,226,228,3,ATA,ATA
M85249.1,184,186,226,228,3,ATA,ATA
M85249.1,226,228,525,527,3,ATA,ATA
M85249.1,501,503,579,581,3,ATA,ATA
M85249.1,270,272,579,581,3,ATA,ATA
M85249.1,196,198,579,581,3,ATA,ATA
M85249.1,184,186,579,581,3,ATA,ATA
M85249.1,525,527,579,581,3,ATA,ATA
M85249.1,568,570,701,703,3,ATA,ATA
M85249.1,81,83,701,703,3,ATA,ATA
M85249.1,293,295,701,703,3,ATA,ATA
M85249.1,604,606,701,703,3,ATA,ATA
M85249.1,249,251,701,703,3,ATA,ATA
M85249.1,18,20,701,703,3,ATA,ATA
M85249.1,653,655,701,703,3,ATA,ATA
M85249.1,363,365,701,703,3,ATA,ATA
M85249.1,102,104,701,703,3,ATA,ATA
M85249.1,75,77,701,703,3,ATA,ATA
M85249.1,126,128,701,703,3,ATA,ATA
M85249.1,133,135,701,703,3,ATA,ATA
M85249.1,681,683,701,703,3,ATA,ATA
M85249.1,403,405,701,703,3,ATA,ATA
M85249.1,25,27,701,703,3,ATA,ATA
M85249.1,501,503,701,703,3,ATA,ATA
M85249.1,270,272,701,703,3,ATA,ATA
M85249.1,196,198,701,703,3,ATA,ATA
M85249.1,184,186,701,703,3,ATA,ATA
M85249.1,525,527,701,703,3,ATA,ATA
M85249.1,177,179,370,372,3,ATC,ATC
M85249.1,370,372,434,436,3,ATC,ATC
M85249.1,228,230,370,372,3,ATC,ATC
M85249.1,114,116,177,179,3,ATC,ATC
M85249.1,114,116,434,436,3,ATC,ATC
M85249.1,114,116,228,230,3,ATC,ATC
M85249.1,144,146,676,678,3,ATG,ATG
M85249.1,2,4,144,146,3,ATG,ATG
M85249.1,261,263,676,678,3,ATG,ATG
M85249.1,2,4,261,263,3,ATG,ATG
M85249.1,589,591,676,678,3,ATG,ATG
M85249.1,2,4,589,591,3,ATG,ATG
M85249.1,581,583,676,678,3,ATG,ATG
M85249.1,2,4,581,583,3,ATG,ATG
M85249.1,311,313,676,678,3,ATG,ATG
M85249.1,2,4,311,313,3,ATG,ATG
M85249.1,574,576,676,678,3,ATG,ATG
M85249.1,2,4,574,576,3,ATG,ATG
M85249.1,417,419,581,583,3,ATG,ATG
M85249.1,311,313,417,419,3,ATG,ATG
M85249.1,417,419,574,576,3,ATG,ATG
M85249.1,200,202,676,678,3,ATG,ATG
M85249.1,2,4,200,202,3,ATG,ATG
M85249.1,144,146,200,202,3,ATG,ATG
M85249.1,200,202,261,263,3,ATG,ATG
M85249.1,200,202,589,591,3,ATG,ATG
M85249.1,200,202,417,419,3,ATG,ATG
M85249.1,200,202,581,583,3,ATG,ATG
M85249.1,200,202,311,313,3,ATG,ATG
M85249.1,200,202,574,576,3,ATG,ATG
M85249.1,285,287,676,678,3,ATG,ATG
M85249.1,2,4,285,287,3,ATG,ATG
M85249.1,285,287,581,583,3,ATG,ATG
M85249.1,285,287,311,313,3,ATG,ATG
M85249.1,285,287,574,576,3,ATG,ATG
M85249.1,405,407,676,678,3,ATG,ATG
M85249.1,2,4,405,407,3,ATG,ATG
M85249.1,144,146,405,407,3,ATG,ATG
M85249.1,261,263,405,407,3,ATG,ATG
M85249.1,405,407,589,591,3,ATG,ATG
M85249.1,405,407,417,419,3,ATG,ATG
M85249.1,28,30,676,678,3,ATG,ATG
M85249.1,2,4,28,30,3,ATG,ATG
M85249.1,676,678,684,686,3,ATG,ATG
M85249.1,2,4,684,686,3,ATG,ATG
M85249.1,28,30,285,287,3,ATG,ATG
M85249.1,28,30,144,146,3,ATG,ATG
M85249.1,28,30,261,263,3,ATG,ATG
M85249.1,28,30,589,591,3,ATG,ATG
M85249.1,28,30,417,419,3,ATG,ATG
M85249.1,285,287,684,686,3,ATG,ATG
M85249.1,144,146,684,686,3,ATG,ATG
M85249.1,261,263,684,686,3,ATG,ATG
M85249.1,589,591,684,686,3,ATG,ATG
M85249.1,417,419,684,686,3,ATG,ATG
M85249.1,28,30,405,407,3,ATG,ATG
M85249.1,28,30,581,583,3,ATG,ATG
M85249.1,28,30,311,313,3,ATG,ATG
M85249.1,28,30,574,576,3,ATG,ATG
M85249.1,405,407,684,686,3,ATG,ATG
M85249.1,581,583,684,686,3,ATG,ATG
M85249.1,311,313,684,686,3,ATG,ATG
M85249.1,574,576,684,686,3,ATG,ATG
M85249.1,200,202,544,546,3,ATG,ATG
M85249.1,285,287,544,546,3,ATG,ATG
M85249.1,144,146,544,546,3,ATG,ATG
M85249.1,261,263,544,546,3,ATG,ATG
M85249.1,544,546,589,591,3,ATG,ATG
M85249.1,417,419,544,546,3,ATG,ATG
M85249.1,405,407,544,546,3,ATG,ATG
M85249.1,544,546,581,583,3,ATG,ATG
M85249.1,311,313,544,546,3,ATG,ATG
M85249.1,544,546,574,576,3,ATG,ATG
M85249.1,200,202,420,422,3,ATG,ATG
M85249.1,420,422,676,678,3,ATG,ATG
M85249.1,2,4,420,422,3,ATG,ATG
M85249.1,405,407,420,422,3,ATG,ATG
M85249.1,420,422,581,583,3,ATG,ATG
M85249.1,311,313,420,422,3,ATG,ATG
M85249.1,420,422,574,576,3,ATG,ATG
M85249.1,39,41,376,378,3,ATT,ATT
M85249.1,11,13,39,41,3,ATT,ATT
M85249.1,39,41,444,446,3,ATT,ATT
M85249.1,216,218,376,378,3,ATT,ATT
M85249.1,376,378,626,628,3,ATT,ATT
M85249.1,11,13,216,218,3,ATT,ATT
M85249.1,11,13,626,628,3,ATT,ATT
M85249.1,216,218,444,446,3,ATT,ATT
M85249.1,444,446,626,628,3,ATT,ATT
M85249.1,278,280,612,614,3,ATT,ATT
M85249.1,223,225,612,614,3,ATT,ATT
M85249.1,216,218,612,614,3,ATT,ATT
M85249.1,612,614,626,628,3,ATT,ATT
M85249.1,278,280,536,538,3,ATT,ATT
M85249.1,223,225,536,538,3,ATT,ATT
M85249.1,39,41,536,538,3,ATT,ATT
M85249.1,216,218,536,538,3,ATT,ATT
M85249.1,536,538,626,628,3,ATT,ATT
M85249.1,50,52,278,280,3,ATT,ATT
M85249.1,50,52,223,225,3,ATT,ATT
M85249.1,42,44,278,280,3,ATT,ATT
M85249.1,42,44,223,225,3,ATT,ATT
M85249.1,39,41,50,52,3,ATT,ATT
M85249.1,39,41,42,44,3,ATT,ATT
M85249.1,515,517,612,614,3,ATT,ATT
M85249.1,39,41,515,517,3,ATT,ATT
M85249.1,612,614,618,620,3,ATT,ATT
M85249.1,39,41,618,620,3,ATT,ATT
M85249.1,66,68,612,614,3,ATT,ATT
M85249.1,39,41,66,68,3,ATT,ATT
M85249.1,515,517,536,538,3,ATT,ATT
M85249.1,536,538,618,620,3,ATT,ATT
M85249.1,66,68,536,538,3,ATT,ATT
M85249.1,50,52,515,517,3,ATT,ATT
M85249.1,42,44,515,517,3,ATT,ATT
M85249.1,216,218,515,517,3,ATT,ATT
M85249.1,515,517,626,628,3,ATT,ATT
M85249.1,50,52,618,620,3,ATT,ATT
M85249.1,42,44,618,620,3,ATT,ATT
M85249.1,216,218,618,620,3,ATT,ATT
M85249.1,618,620,626,628,3,ATT,ATT
M85249.1,50,52,66,68,3,ATT,ATT
M85249.1,42,44,66,68,3,ATT,ATT
M85249.1,66,68,216,218,3,ATT,ATT
M85249.1,66,68,626,628,3,ATT,ATT
M85249.1,328,330,376,378,3,ATT,ATT
M85249.1,11,13,328,330,3,ATT,ATT
M85249.1,328,330,444,446,3,ATT,ATT
M85249.1,278,280,328,330,3,ATT,ATT
M85249.1,223,225,328,330,3,ATT,ATT
M85249.1,328,330,536,538,3,ATT,ATT
M85249.1,50,52,328,330,3,ATT,ATT
M85249.1,42,44,328,330,3,ATT,ATT
M85249.1,216,218,328,330,3,ATT,ATT
M85249.1,328,330,626,628,3,ATT,ATT
M85249.1,376,378,409,411,3,ATT,ATT
M85249.1,11,13,409,411,3,ATT,ATT
M85249.1,409,411,444,446,3,ATT,ATT
M85249.1,278,280,409,411,3,ATT,ATT
M85249.1,223,225,409,411,3,ATT,ATT
M85249.1,409,411,612,614,3,ATT,ATT
M85249.1,39,41,409,411,3,ATT,ATT
M85249.1,50,52,409,411,3,ATT,ATT
M85249.1,42,44,409,411,3,ATT,ATT
M85249.1,216,218,409,411,3,ATT,ATT
M85249.1,409,411,626,628,3,ATT,ATT
M85249.1,83,85,376,378,3,ATT,ATT
M85249.1,11,13,83,85,3,ATT,ATT
M85249.1,83,85,444,446,3,ATT,ATT
M85249.1,83,85,278,280,3,ATT,ATT
M85249.1,83,85,223,225,3,ATT,ATT
M85249.1,83,85,612,614,3,ATT,ATT
M85249.1,39,41,83,85,3,ATT,ATT
M85249.1,83,85,536,538,3,ATT,ATT
M85249.1,515,517,693,695,3,ATT,ATT
M85249.1,618,620,693,695,3,ATT,ATT
M85249.1,66,68,693,695,3,ATT,ATT
M85249.1,376,378,693,695,3,ATT,ATT
M85249.1,11,13,693,695,3,ATT,ATT
M85249.1,444,446,693,695,3,ATT,ATT
M85249.1,278,280,693,695,3,ATT,ATT
M85249.1,223,225,693,695,3,ATT,ATT
M85249.1,328,330,693,695,3,ATT,ATT
M85249.1,612,614,693,695,3,ATT,ATT
M85249.1,39,41,693,695,3,ATT,ATT
M85249.1,409,411,693,695,3,ATT,ATT
M85249.1,536,538,693,695,3,ATT,ATT
M85249.1,334,340,506,512,7,CAAAGTG,CAAAGTG
M85249.1,469,471,601,603,3,CCA,CCA
M85249.1,367,369,469,471,3,CCA,CCA
M85249.1,119,121,601,603,3,CCA,CCA
M85249.1,119,121,367,369,3,CCA,CCA
M85249.1,119,121,505,507,3,CCA,CCA
M85249.1,484,486,601,603,3,CCA,CCA
M85249.1,469,471,484,486,3,CCA,CCA
M85249.1,484,486,505,507,3,CCA,CCA
M85249.1,119,121,484,486,3,CCA,CCA
M85249.1,209,211,483,485,3,CCC,CCC
M85249.1,366,368,584,586,3,CCC,CCC
M85249.1,483,485,584,586,3,CCC,CCC
M85249.1,54,60,210,216,7,CCGGGTA,CCGGGTA
M85249.1,472,474,585,587,3,CCG,CCG
M85249.1,585,587,644,646,3,CCG,CCG
M85249.1,210,212,472,474,3,CCG,CCG
M85249.1,210,212,644,646,3,CCG,CCG
M85249.1,54,56,472,474,3,CCG,CCG
M85249.1,54,56,644,646,3,CCG,CCG
M85249.1,122,124,585,587,3,CCG,CCG
M85249.1,122,124,210,212,3,CCG,CCG
M85249.1,54,56,122,124,3,CCG,CCG
M85249.1,95,97,394,396,3,CCT,CCT
M85249.1,394,396,480,482,3,CCT,CCT
M85249.1,394,396,633,635,3,CCT,CCT
M85249.1,95,97,633,635,3,CCT,CCT
M85249.1,220,222,475,477,3,CGA,CGA
M85249.1,220,222,562,564,3,CGA,CGA
M85249.1,220,222,415,417,3,CGA,CGA
M85249.1,123,125,475,477,3,CGA,CGA
M85249.1,123,125,562,564,3,CGA,CGA
M85249.1,123,125,415,417,3,CGA,CGA
M85249.1,179,181,475,477,3,CGA,CGA
M85249.1,179,181,562,564,3,CGA,CGA
M85249.1,179,181,415,417,3,CGA,CGA
M85249.1,473,475,478,480,3,CGC,CGC
M85249.1,93,95,473,475,3,CGC,CGC
M85249.1,478,480,645,647,3,CGC,CGC
M85249.1,93,95,645,647,3,CGC,CGC
M85249.1,519,521,586,588,3,CGG,CGG
M85249.1,490,492,586,588,3,CGG,CGG
M85249.1,490,492,519,521,3,CGG,CGG
M85249.1,55,57,519,521,3,CGG,CGG
M85249.1,211,213,519,521,3,CGG,CGG
M85249.1,300,302,303,305,3,CGT,CGT
M85249.1,303,305,314,316,3,CGT,CGT
M85249.1,300,302,436,438,3,CGT,CGT
M85249.1,230,232,300,302,3,CGT,CGT
M85249.1,314,316,436,438,3,CGT,CGT
M85249.1,230,232,314,316,3,CGT,CGT
M85249.1,7,9,395,397,3,CTG,CTG
M85249.1,345,347,395,397,3,CTG,CTG
M85249.1,7,9,495,497,3,CTG,CTG
M85249.1,345,347,495,497,3,CTG,CTG
M85249.1,381,383,395,397,3,CTG,CTG
M85249.1,395,397,456,458,3,CTG,CTG
M85249.1,345,347,381,383,3,CTG,CTG
M85249.1,345,347,456,458,3,CTG,CTG
M85249.1,381,383,495,497,3,CTG,CTG
M85249.1,456,458,495,497,3,CTG,CTG
M85249.1,429,435,696,702,7,CTTTTAT,CTTTTAT
M85249.1,124,130,131,137,7,GAATAAG,GAATAAG
M85249.1,124,128,291,295,5,GAATA,GAATA
M85249.1,131,135,291,295,5,GAATA,GAATA
M85249.1,124,128,247,251,5,GAATA,GAATA
M85249.1,100,104,124,128,5,GAATA,GAATA
M85249.1,100,104,247,251,5,GAATA,GAATA
M85249.1,100,104,131,135,5,GAATA,GAATA
M85249.1,390,392,487,489,3,GAA,GAA
M85249.1,385,387,487,489,3,GAA,GAA
M85249.1,487,489,678,680,3,GAA,GAA
M85249.1,111,113,487,489,3,GAA,GAA
M85249.1,487,489,615,617,3,GAA,GAA
M85249.1,385,387,666,668,3,GAA,GAA
M85249.1,666,668,678,680,3,GAA,GAA
M85249.1,111,113,666,668,3,GAA,GAA
M85249.1,615,617,666,668,3,GAA,GAA
M85249.1,4,6,390,392,3,GAA,GAA
M85249.1,140,142,666,668,3,GAA,GAA
M85249.1,140,142,390,392,3,GAA,GAA
M85249.1,296,298,666,668,3,GAA,GAA
M85249.1,296,298,390,392,3,GAA,GAA
M85249.1,234,236,666,668,3,GAA,GAA
M85249.1,234,236,390,392,3,GAA,GAA
M85249.1,4,6,140,142,3,GAA,GAA
M85249.1,140,142,385,387,3,GAA,GAA
M85249.1,140,142,678,680,3,GAA,GAA
M85249.1,111,113,140,142,3,GAA,GAA
M85249.1,140,142,615,617,3,GAA,GAA
M85249.1,4,6,296,298,3,GAA,GAA
M85249.1,296,298,385,387,3,GAA,GAA
M85249.1,296,298,678,680,3,GAA,GAA
M85249.1,111,113,296,298,3,GAA,GAA
M85249.1,296,298,615,617,3,GAA,GAA
M85249.1,4,6,234,236,3,GAA,GAA
M85249.1,234,236,385,387,3,GAA,GAA
M85249.1,234,236,678,680,3,GAA,GAA
M85249.1,111,113,234,236,3,GAA,GAA
M85249.1,234,236,615,617,3,GAA,GAA
M85249.1,180,182,487,489,3,GAA,GAA
M85249.1,180,182,666,668,3,GAA,GAA
M85249.1,180,182,390,392,3,GAA,GAA
M85249.1,4,6,180,182,3,GAA,GAA
M85249.1,180,182,385,387,3,GAA,GAA
M85249.1,180,182,678,680,3,GAA,GAA
M85249.1,111,113,180,182,3,GAA,GAA
M85249.1,180,182,615,617,3,GAA,GAA
M85249.1,100,102,180,182,3,GAA,GAA
M85249.1,180,182,291,293,3,GAA,GAA
M85249.1,100,102,666,668,3,GAA,GAA
M85249.1,100,102,390,392,3,GAA,GAA
M85249.1,291,293,666,668,3,GAA,GAA
M85249.1,291,293,390,392,3,GAA,GAA
M85249.1,4,6,100,102,3,GAA,GAA
M85249.1,100,102,385,387,3,GAA,GAA
M85249.1,100,102,678,680,3,GAA,GAA
M85249.1,100,102,111,113,3,GAA,GAA
M85249.1,100,102,615,617,3,GAA,GAA
M85249.1,4,6,291,293,3,GAA,GAA
M85249.1,291,293,385,387,3,GAA,GAA
M85249.1,291,293,678,680,3,GAA,GAA
M85249.1,111,113,291,293,3,GAA,GAA
M85249.1,291,293,615,617,3,GAA,GAA
M85249.1,124,126,140,142,3,GAA,GAA
M85249.1,124,126,296,298,3,GAA,GAA
M85249.1,124,126,234,236,3,GAA,GAA
M85249.1,124,126,487,489,3,GAA,GAA
M85249.1,140,142,221,223,3,GAA,GAA
M85249.1,221,223,296,298,3,GAA,GAA
M85249.1,221,223,234,236,3,GAA,GAA
M85249.1,221,223,487,489,3,GAA,GAA
M85249.1,124,126,666,668,3,GAA,GAA
M85249.1,124,126,390,392,3,GAA,GAA
M85249.1,221,223,666,668,3,GAA,GAA
M85249.1,221,223,390,392,3,GAA,GAA
M85249.1,4,6,124,126,3,GAA,GAA
M85249.1,124,126,385,387,3,GAA,GAA
M85249.1,124,126,678,680,3,GAA,GAA
M85249.1,111,113,124,126,3,GAA,GAA
M85249.1,124,126,615,617,3,GAA,GAA
M85249.1,4,6,221,223,3,GAA,GAA
M85249.1,221,223,385,387,3,GAA,GAA
M85249.1,221,223,678,680,3,GAA,GAA
M85249.1,111,113,221,223,3,GAA,GAA
M85249.1,221,223,615,617,3,GAA,GAA
M85249.1,131,133,140,142,3,GAA,GAA
M85249.1,131,133,296,298,3,GAA,GAA
M85249.1,131,133,234,236,3,GAA,GAA
M85249.1,131,133,487,489,3,GAA,GAA
M85249.1,140,142,247,249,3,GAA,GAA
M85249.1,247,249,296,298,3,GAA,GAA
M85249.1,234,236,247,249,3,GAA,GAA
M85249.1,247,249,487,489,3,GAA,GAA
M85249.1,131,133,180,182,3,GAA,GAA
M85249.1,180,182,247,249,3,GAA,GAA
M85249.1,4,6,131,133,3,GAA,GAA
M85249.1,131,133,385,387,3,GAA,GAA
M85249.1,131,133,678,680,3,GAA,GAA
M85249.1,111,113,131,133,3,GAA,GAA
M85249.1,131,133,615,617,3,GAA,GAA
M85249.1,4,6,247,249,3,GAA,GAA
M85249.1,247,249,385,387,3,GAA,GAA
M85249.1,247,249,678,680,3,GAA,GAA
M85249.1,111,113,247,249,3,GAA,GAA
M85249.1,247,249,615,617,3,GAA,GAA
M85249.1,9,11,140,142,3,GAA,GAA
M85249.1,9,11,296,298,3,GAA,GAA
M85249.1,9,11,234,236,3,GAA,GAA
M85249.1,9,11,487,489,3,GAA,GAA
M85249.1,9,11,180,182,3,GAA,GAA
M85249.1,9,11,666,668,3,GAA,GAA
M85249.1,9,11,390,392,3,GAA,GAA
M85249.1,146,148,203,205,3,GCA,GCA
M85249.1,146,148,542,544,3,GCA,GCA
M85249.1,299,301,474,476,3,GCG,GCG
M85249.1,299,301,414,416,3,GCG,GCG
M85249.1,313,315,561,563,3,GCG,GCG
M85249.1,313,315,474,476,3,GCG,GCG
M85249.1,166,172,397,403,7,GGACACA,GGACACA
M85249.1,259,265,587,593,7,GGATGCT,GGATGCT
M85249.1,194,197,587,590,4,GGAT,GGAT
M85249.1,523,526,587,590,4,GGAT,GGAT
M85249.1,194,197,259,262,4,GGAT,GGAT
M85249.1,534,537,587,590,4,GGAT,GGAT
M85249.1,259,262,534,537,4,GGAT,GGAT
M85249.1,523,526,534,537,4,GGAT,GGAT
M85249.1,194,197,407,410,4,GGAT,GGAT
M85249.1,407,410,587,590,4,GGAT,GGAT
M85249.1,246,248,463,465,3,GGA,GGA
M85249.1,166,168,389,391,3,GGA,GGA
M85249.1,166,168,665,667,3,GGA,GGA
M85249.1,130,132,166,168,3,GGA,GGA
M85249.1,389,391,397,399,3,GGA,GGA
M85249.1,397,399,665,667,3,GGA,GGA
M85249.1,130,132,397,399,3,GGA,GGA
M85249.1,389,391,426,428,3,GGA,GGA
M85249.1,426,428,665,667,3,GGA,GGA
M85249.1,130,132,426,428,3,GGA,GGA
M85249.1,246,248,397,399,3,GGA,GGA
M85249.1,246,248,426,428,3,GGA,GGA
M85249.1,160,162,166,168,3,GGA,GGA
M85249.1,160,162,246,248,3,GGA,GGA
M85249.1,160,162,397,399,3,GGA,GGA
M85249.1,160,162,426,428,3,GGA,GGA
M85249.1,288,290,463,465,3,GGA,GGA
M85249.1,288,290,389,391,3,GGA,GGA
M85249.1,288,290,665,667,3,GGA,GGA
M85249.1,130,132,288,290,3,GGA,GGA
M85249.1,288,290,397,399,3,GGA,GGA
M85249.1,288,290,426,428,3,GGA,GGA
M85249.1,463,465,497,499,3,GGA,GGA
M85249.1,389,391,497,499,3,GGA,GGA
M85249.1,497,499,665,667,3,GGA,GGA
M85249.1,130,132,497,499,3,GGA,GGA
M85249.1,166,168,497,499,3,GGA,GGA
M85249.1,246,248,497,499,3,GGA,GGA
M85249.1,194,196,288,290,3,GGA,GGA
M85249.1,166,168,194,196,3,GGA,GGA
M85249.1,194,196,246,248,3,GGA,GGA
M85249.1,288,290,534,536,3,GGA,GGA
M85249.1,166,168,534,536,3,GGA,GGA
M85249.1,246,248,534,536,3,GGA,GGA
M85249.1,194,196,497,499,3,GGA,GGA
M85249.1,194,196,397,399,3,GGA,GGA
M85249.1,194,196,426,428,3,GGA,GGA
M85249.1,497,499,534,536,3,GGA,GGA
M85249.1,397,399,534,536,3,GGA,GGA
M85249.1,426,428,534,536,3,GGA,GGA
M85249.1,160,162,587,589,3,GGA,GGA
M85249.1,463,465,587,589,3,GGA,GGA
M85249.1,389,391,587,589,3,GGA,GGA
M85249.1,587,589,665,667,3,GGA,GGA
M85249.1,130,132,587,589,3,GGA,GGA
M85249.1,288,290,587,589,3,GGA,GGA
M85249.1,166,168,587,589,3,GGA,GGA
M85249.1,246,248,587,589,3,GGA,GGA
M85249.1,497,499,587,589,3,GGA,GGA
M85249.1,397,399,587,589,3,GGA,GGA
M85249.1,426,428,587,589,3,GGA,GGA
M85249.1,160,162,523,525,3,GGA,GGA
M85249.1,463,465,523,525,3,GGA,GGA
M85249.1,389,391,523,525,3,GGA,GGA
M85249.1,523,525,665,667,3,GGA,GGA
M85249.1,130,132,523,525,3,GGA,GGA
M85249.1,160,162,259,261,3,GGA,GGA
M85249.1,259,261,463,465,3,GGA,GGA
M85249.1,259,261,389,391,3,GGA,GGA
M85249.1,259,261,665,667,3,GGA,GGA
M85249.1,130,132,259,261,3,GGA,GGA
M85249.1,160,162,407,409,3,GGA,GGA
M85249.1,407,409,463,465,3,GGA,GGA
M85249.1,389,391,407,409,3,GGA,GGA
M85249.1,407,409,665,667,3,GGA,GGA
M85249.1,130,132,407,409,3,GGA,GGA
M85249.1,288,290,523,525,3,GGA,GGA
M85249.1,166,168,523,525,3,GGA,GGA
M85249.1,246,248,523,525,3,GGA,GGA
M85249.1,259,261,288,290,3,GGA,GGA
M85249.1,166,168,259,261,3,GGA,GGA
M85249.1,246,248,259,261,3,GGA,GGA
M85249.1,288,290,407,409,3,GGA,GGA
M85249.1,166,168,407,409,3,GGA,GGA
M85249.1,246,248,407,409,3,GGA,GGA
M85249.1,173,175,202,204,3,GGC,GGC
M85249.1,173,175,541,543,3,GGC,GGC
M85249.1,256,262,520,526,7,GGTGGAT,GGTGGAT
M85249.1,137,143,231,237,7,GTAGAAG,GTAGAAG
M85249.1,30,36,304,310,7,GTTAGCT,GTTAGCT
M85249.1,26,29,73,76,4,TAAT,TAAT
M85249.1,73,76,682,685,4,TAAT,TAAT
M85249.1,26,29,566,569,4,TAAT,TAAT
M85249.1,566,569,682,685,4,TAAT,TAAT
M85249.1,26,29,651,654,4,TAAT,TAAT
M85249.1,651,654,682,685,4,TAAT,TAAT
M85249.1,26,29,64,67,4,TAAT,TAAT
M85249.1,64,67,682,685,4,TAAT,TAAT
M85249.1,64,67,566,569,4,TAAT,TAAT
M85249.1,64,67,651,654,4,TAAT,TAAT
M85249.1,26,29,513,516,4,TAAT,TAAT
M85249.1,513,516,682,685,4,TAAT,TAAT
M85249.1,73,76,513,516,4,TAAT,TAAT
M85249.1,513,516,651,654,4,TAAT,TAAT
M85249.1,26,29,276,279,4,TAAT,TAAT
M85249.1,276,279,682,685,4,TAAT,TAAT
M85249.1,73,76,276,279,4,TAAT,TAAT
M85249.1,276,279,566,569,4,TAAT,TAAT
M85249.1,76,78,373,375,3,TAA,TAA
M85249.1,185,187,373,375,3,TAA,TAA
M85249.1,76,78,438,440,3,TAA,TAA
M85249.1,185,187,438,440,3,TAA,TAA
M85249.1,76,78,354,356,3,TAA,TAA
M85249.1,185,187,354,356,3,TAA,TAA
M85249.1,197,199,547,549,3,TAA,TAA
M85249.1,373,375,547,549,3,TAA,TAA
M85249.1,354,356,547,549,3,TAA,TAA
M85249.1,90,92,197,199,3,TAA,TAA
M85249.1,90,92,373,375,3,TAA,TAA
M85249.1,90,92,438,440,3,TAA,TAA
M85249.1,127,129,373,375,3,TAA,TAA
M85249.1,134,136,373,375,3,TAA,TAA
M85249.1,373,375,526,528,3,TAA,TAA
M85249.1,127,129,547,549,3,TAA,TAA
M85249.1,127,129,438,440,3,TAA,TAA
M85249.1,134,136,547,549,3,TAA,TAA
M85249.1,134,136,438,440,3,TAA,TAA
M85249.1,526,528,547,549,3,TAA,TAA
M85249.1,438,440,526,528,3,TAA,TAA
M85249.1,90,92,127,129,3,TAA,TAA
M85249.1,127,129,354,356,3,TAA,TAA
M85249.1,90,92,134,136,3,TAA,TAA
M85249.1,134,136,354,356,3,TAA,TAA
M85249.1,90,92,526,528,3,TAA,TAA
M85249.1,354,356,526,528,3,TAA,TAA
M85249.1,59,61,76,78,3,TAA,TAA
M85249.1,59,61,185,187,3,TAA,TAA
M85249.1,59,61,197,199,3,TAA,TAA
M85249.1,76,78,191,193,3,TAA,TAA
M85249.1,185,187,191,193,3,TAA,TAA
M85249.1,191,193,197,199,3,TAA,TAA
M85249.1,59,61,373,375,3,TAA,TAA
M85249.1,191,193,373,375,3,TAA,TAA
M85249.1,59,61,90,92,3,TAA,TAA
M85249.1,59,61,354,356,3,TAA,TAA
M85249.1,90,92,191,193,3,TAA,TAA
M85249.1,191,193,354,356,3,TAA,TAA
M85249.1,26,28,373,375,3,TAA,TAA
M85249.1,373,375,682,684,3,TAA,TAA
M85249.1,26,28,59,61,3,TAA,TAA
M85249.1,26,28,191,193,3,TAA,TAA
M85249.1,26,28,547,549,3,TAA,TAA
M85249.1,26,28,438,440,3,TAA,TAA
M85249.1,59,61,682,684,3,TAA,TAA
M85249.1,191,193,682,684,3,TAA,TAA
M85249.1,547,549,682,684,3,TAA,TAA
M85249.1,438,440,682,684,3,TAA,TAA
M85249.1,26,28,90,92,3,TAA,TAA
M85249.1,26,28,354,356,3,TAA,TAA
M85249.1,90,92,682,684,3,TAA,TAA
M85249.1,354,356,682,684,3,TAA,TAA
M85249.1,73,75,127,129,3,TAA,TAA
M85249.1,73,75,134,136,3,TAA,TAA
M85249.1,73,75,526,528,3,TAA,TAA
M85249.1,73,75,76,78,3,TAA,TAA
M85249.1,73,75,185,187,3,TAA,TAA
M85249.1,73,75,197,199,3,TAA,TAA
M85249.1,64,66,127,129,3,TAA,TAA
M85249.1,64,66,134,136,3,TAA,TAA
M85249.1,64,66,526,528,3,TAA,TAA
M85249.1,64,66,76,78,3,TAA,TAA
M85249.1,64,66,185,187,3,TAA,TAA
M85249.1,64,66,197,199,3,TAA,TAA
M85249.1,59,61,73,75,3,TAA,TAA
M85249.1,73,75,191,193,3,TAA,TAA
M85249.1,73,75,547,549,3,TAA,TAA
M85249.1,73,75,438,440,3,TAA,TAA
M85249.1,59,61,64,66,3,TAA,TAA
M85249.1,64,66,191,193,3,TAA,TAA
M85249.1,64,66,547,549,3,TAA,TAA
M85249.1,64,66,438,440,3,TAA,TAA
M85249.1,73,75,90,92,3,TAA,TAA
M85249.1,73,75,354,356,3,TAA,TAA
M85249.1,64,66,90,92,3,TAA,TAA
M85249.1,64,66,354,356,3,TAA,TAA
M85249.1,127,129,566,568,3,TAA,TAA
M85249.1,134,136,566,568,3,TAA,TAA
M85249.1,526,528,566,568,3,TAA,TAA
M85249.1,76,78,566,568,3,TAA,TAA
M85249.1,185,187,566,568,3,TAA,TAA
M85249.1,197,199,566,568,3,TAA,TAA
M85249.1,127,129,513,515,3,TAA,TAA
M85249.1,134,136,513,515,3,TAA,TAA
M85249.1,513,515,526,528,3,TAA,TAA
M85249.1,76,78,513,515,3,TAA,TAA
M85249.1,185,187,513,515,3,TAA,TAA
M85249.1,197,199,513,515,3,TAA,TAA
M85249.1,373,375,566,568,3,TAA,TAA
M85249.1,373,375,513,515,3,TAA,TAA
M85249.1,90,92,566,568,3,TAA,TAA
M85249.1,354,356,566,568,3,TAA,TAA
M85249.1,90,92,513,515,3,TAA,TAA
M85249.1,354,356,513,515,3,TAA,TAA
M85249.1,127,129,651,653,3,TAA,TAA
M85249.1,134,136,651,653,3,TAA,TAA
M85249.1,526,528,651,653,3,TAA,TAA
M85249.1,76,78,651,653,3,TAA,TAA
M85249.1,185,187,651,653,3,TAA,TAA
M85249.1,197,199,651,653,3,TAA,TAA
M85249.1,127,129,276,278,3,TAA,TAA
M85249.1,134,136,276,278,3,TAA,TAA
M85249.1,276,278,526,528,3,TAA,TAA
M85249.1,76,78,276,278,3,TAA,TAA
M85249.1,185,187,276,278,3,TAA,TAA
M85249.1,197,199,276,278,3,TAA,TAA
M85249.1,373,375,651,653,3,TAA,TAA
M85249.1,276,278,373,375,3,TAA,TAA
M85249.1,59,61,651,653,3,TAA,TAA
M85249.1,191,193,651,653,3,TAA,TAA
M85249.1,547,549,651,653,3,TAA,TAA
M85249.1,438,440,651,653,3,TAA,TAA
M85249.1,59,61,276,278,3,TAA,TAA
M85249.1,191,193,276,278,3,TAA,TAA
M85249.1,276,278,547,549,3,TAA,TAA
M85249.1,276,278,438,440,3,TAA,TAA
M85249.1,227,233,433,439,7,TATCGTA,TATCGTA
M85249.1,227,229,241,243,3,TAT,TAT
M85249.1,227,229,578,580,3,TAT,TAT
M85249.1,241,243,569,571,3,TAT,TAT
M85249.1,569,571,578,580,3,TAT,TAT
M85249.1,227,229,700,702,3,TAT,TAT
M85249.1,225,227,227,229,3,TAT,TAT
M85249.1,569,571,700,702,3,TAT,TAT
M85249.1,225,227,569,571,3,TAT,TAT
M85249.1,176,178,700,702,3,TAT,TAT
M85249.1,176,178,225,227,3,TAT,TAT
M85249.1,241,243,433,435,3,TAT,TAT
M85249.1,433,435,578,580,3,TAT,TAT
M85249.1,241,243,628,630,3,TAT,TAT
M85249.1,578,580,628,630,3,TAT,TAT
M85249.1,176,178,580,582,3,TAT,TAT
M85249.1,241,243,580,582,3,TAT,TAT
M85249.1,578,580,580,582,3,TAT,TAT
M85249.1,176,178,404,406,3,TAT,TAT
M85249.1,241,243,404,406,3,TAT,TAT
M85249.1,404,406,578,580,3,TAT,TAT
M85249.1,433,435,580,582,3,TAT,TAT
M85249.1,580,582,628,630,3,TAT,TAT
M85249.1,580,582,700,702,3,TAT,TAT
M85249.1,225,227,580,582,3,TAT,TAT
M85249.1,404,406,433,435,3,TAT,TAT
M85249.1,404,406,628,630,3,TAT,TAT
M85249.1,404,406,700,702,3,TAT,TAT
M85249.1,225,227,404,406,3,TAT,TAT
M85249.1,227,229,310,312,3,TAT,TAT
M85249.1,310,312,569,571,3,TAT,TAT
M85249.1,227,229,573,575,3,TAT,TAT
M85249.1,569,571,573,575,3,TAT,TAT
M85249.1,310,312,433,435,3,TAT,TAT
M85249.1,310,312,628,630,3,TAT,TAT
M85249.1,310,312,700,702,3,TAT,TAT
M85249.1,225,227,310,312,3,TAT,TAT
M85249.1,433,435,573,575,3,TAT,TAT
M85249.1,573,575,628,630,3,TAT,TAT
M85249.1,573,575,700,702,3,TAT,TAT
M85249.1,225,227,573,575,3,TAT,TAT
M85249.1,82,84,310,312,3,TAT,TAT
M85249.1,82,84,573,575,3,TAT,TAT
M85249.1,82,84,176,178,3,TAT,TAT
M85249.1,82,84,241,243,3,TAT,TAT
M85249.1,82,84,578,580,3,TAT,TAT
M85249.1,82,84,433,435,3,TAT,TAT
M85249.1,82,84,628,630,3,TAT,TAT
M85249.1,82,84,700,702,3,TAT,TAT
M85249.1,82,84,225,227,3,TAT,TAT
M85249.1,580,582,625,627,3,TAT,TAT
M85249.1,404,406,625,627,3,TAT,TAT
M85249.1,227,229,625,627,3,TAT,TAT
M85249.1,569,571,625,627,3,TAT,TAT
M85249.1,433,435,625,627,3,TAT,TAT
M85249.1,625,627,628,630,3,TAT,TAT
M85249.1,625,627,700,702,3,TAT,TAT
M85249.1,225,227,625,627,3,TAT,TAT
M85249.1,215,217,580,582,3,TAT,TAT
M85249.1,215,217,404,406,3,TAT,TAT
M85249.1,215,217,227,229,3,TAT,TAT
M85249.1,215,217,569,571,3,TAT,TAT
M85249.1,580,582,692,694,3,TAT,TAT
M85249.1,404,406,692,694,3,TAT,TAT
M85249.1,227,229,692,694,3,TAT,TAT
M85249.1,569,571,692,694,3,TAT,TAT
M85249.1,49,51,580,582,3,TAT,TAT
M85249.1,49,51,404,406,3,TAT,TAT
M85249.1,49,51,227,229,3,TAT,TAT
M85249.1,49,51,569,571,3,TAT,TAT
M85249.1,215,217,310,312,3,TAT,TAT
M85249.1,215,217,573,575,3,TAT,TAT
M85249.1,176,178,215,217,3,TAT,TAT
M85249.1,215,217,241,243,3,TAT,TAT
M85249.1,215,217,578,580,3,TAT,TAT
M85249.1,310,312,692,694,3,TAT,TAT
M85249.1,573,575,692,694,3,TAT,TAT
M85249.1,176,178,692,694,3,TAT,TAT
M85249.1,241,243,692,694,3,TAT,TAT
M85249.1,578,580,692,694,3,TAT,TAT
M85249.1,49,51,310,312,3,TAT,TAT
M85249.1,49,51,573,575,3,TAT,TAT
M85249.1,49,51,176,178,3,TAT,TAT
M85249.1,49,51,241,243,3,TAT,TAT
M85249.1,49,51,578,580,3,TAT,TAT
M85249.1,215,217,433,435,3,TAT,TAT
M85249.1,215,217,628,630,3,TAT,TAT
M85249.1,215,217,700,702,3,TAT,TAT
M85249.1,215,217,225,227,3,TAT,TAT
M85249.1,433,435,692,694,3,TAT,TAT
M85249.1,628,630,692,694,3,TAT,TAT
M85249.1,692,694,700,702,3,TAT,TAT
M85249.1,225,227,692,694,3,TAT,TAT
M85249.1,49,51,433,435,3,TAT,TAT
M85249.1,49,51,628,630,3,TAT,TAT
M85249.1,49,51,700,702,3,TAT,TAT
M85249.1,49,51,225,227,3,TAT,TAT
M85249.1,41,43,580,582,3,TAT,TAT
M85249.1,41,43,404,406,3,TAT,TAT
M85249.1,41,43,227,229,3,TAT,TAT
M85249.1,41,43,569,571,3,TAT,TAT
M85249.1,41,43,310,312,3,TAT,TAT
M85249.1,41,43,573,575,3,TAT,TAT
M85249.1,41,43,176,178,3,TAT,TAT
M85249.1,41,43,241,243,3,TAT,TAT
M85249.1,41,43,578,580,3,TAT,TAT
M85249.1,551,553,674,676,3,TCA,TCA
M85249.1,37,39,551,553,3,TCA,TCA
M85249.1,15,17,37,39,3,TCA,TCA
M85249.1,448,450,551,553,3,TCA,TCA
M85249.1,37,39,448,450,3,TCA,TCA
M85249.1,118,120,482,484,3,TCC,TCC
M85249.1,118,120,632,634,3,TCC,TCC
M85249.1,178,180,518,520,3,TCG,TCG
M85249.1,178,180,302,304,3,TCG,TCG
M85249.1,435,437,518,520,3,TCG,TCG
M85249.1,229,231,518,520,3,TCG,TCG
M85249.1,302,304,518,520,3,TCG,TCG
M85249.1,3,6,8,11,4,TGAA,TGAA
M85249.1,3,6,384,387,4,TGAA,TGAA
M85249.1,3,6,110,113,4,TGAA,TGAA
M85249.1,3,6,614,617,4,TGAA,TGAA
M85249.1,8,11,677,680,4,TGAA,TGAA
M85249.1,8,11,384,387,4,TGAA,TGAA
M85249.1,8,11,110,113,4,TGAA,TGAA
M85249.1,8,11,614,617,4,TGAA,TGAA
M85249.1,52,54,312,314,3,TGC,TGC
M85249.1,413,415,582,584,3,TGC,TGC
M85249.1,413,415,575,577,3,TGC,TGC
M85249.1,52,54,575,577,3,TGC,TGC
M85249.1,262,264,413,415,3,TGC,TGC
M85249.1,52,54,262,264,3,TGC,TGC
M85249.1,413,415,590,592,3,TGC,TGC
M85249.1,52,54,590,592,3,TGC,TGC
M85249.1,145,147,413,415,3,TGC,TGC
M85249.1,52,54,145,147,3,TGC,TGC
M85249.1,201,203,396,398,3,TGG,TGG
M85249.1,201,203,496,498,3,TGG,TGG
M85249.1,201,203,522,524,3,TGG,TGG
M85249.1,201,203,258,260,3,TGG,TGG
M85249.1,201,203,425,427,3,TGG,TGG
M85249.1,406,408,540,542,3,TGG,TGG
M85249.1,342,344,406,408,3,TGG,TGG
M85249.1,396,398,540,542,3,TGG,TGG
M85249.1,496,498,540,542,3,TGG,TGG
M85249.1,342,344,396,398,3,TGG,TGG
M85249.1,342,344,496,498,3,TGG,TGG
M85249.1,425,427,540,542,3,TGG,TGG
M85249.1,342,344,425,427,3,TGG,TGG
M85249.1,201,203,339,341,3,TGG,TGG
M85249.1,339,341,406,408,3,TGG,TGG
M85249.1,339,341,396,398,3,TGG,TGG
M85249.1,339,341,496,498,3,TGG,TGG
M85249.1,339,341,425,427,3,TGG,TGG
M85249.1,201,203,255,257,3,TGG,TGG
M85249.1,255,257,406,408,3,TGG,TGG
M85249.1,255,257,396,398,3,TGG,TGG
M85249.1,255,257,496,498,3,TGG,TGG
M85249.1,255,257,540,542,3,TGG,TGG
M85249.1,255,257,342,344,3,TGG,TGG
M85249.1,255,257,522,524,3,TGG,TGG
M85249.1,255,257,258,260,3,TGG,TGG
M85249.1,286,288,396,398,3,TGG,TGG
M85249.1,286,288,496,498,3,TGG,TGG
M85249.1,286,288,339,341,3,TGG,TGG
M85249.1,286,288,540,542,3,TGG,TGG
M85249.1,286,288,342,344,3,TGG,TGG
M85249.1,286,288,522,524,3,TGG,TGG
M85249.1,258,260,286,288,3,TGG,TGG
M85249.1,255,257,286,288,3,TGG,TGG
M85249.1,286,288,425,427,3,TGG,TGG
M85249.1,108,114,382,388,7,TGTGAAA,TGTGAAA
M85249.1,421,424,457,460,4,TGTT,TGTT
M85249.1,457,460,685,688,4,TGTT,TGTT
M85249.1,421,424,595,598,4,TGTT,TGTT
M85249.1,44,47,421,424,4,TGTT,TGTT
M85249.1,595,598,685,688,4,TGTT,TGTT
M85249.1,44,47,685,688,4,TGTT,TGTT
M85249.1,316,319,457,460,4,TGTT,TGTT
M85249.1,316,319,595,598,4,TGTT,TGTT
M85249.1,44,47,316,319,4,TGTT,TGTT
M85249.1,29,32,457,460,4,TGTT,TGTT
M85249.1,29,32,316,319,4,TGTT,TGTT
M85249.1,29,32,595,598,4,TGTT,TGTT
M85249.1,29,32,44,47,4,TGTT,TGTT
M85249.1,545,547,672,674,3,TGT,TGT
M85249.1,672,674,690,692,3,TGT,TGT
M85249.1,47,49,672,674,3,TGT,TGT
M85249.1,13,15,545,547,3,TGT,TGT
M85249.1,446,448,545,547,3,TGT,TGT
M85249.1,13,15,511,513,3,TGT,TGT
M85249.1,446,448,511,513,3,TGT,TGT
M85249.1,382,384,545,547,3,TGT,TGT
M85249.1,382,384,672,674,3,TGT,TGT
M85249.1,382,384,511,513,3,TGT,TGT
M85249.1,13,15,382,384,3,TGT,TGT
M85249.1,382,384,446,448,3,TGT,TGT
M85249.1,382,384,690,692,3,TGT,TGT
M85249.1,47,49,382,384,3,TGT,TGT
M85249.1,108,110,545,547,3,TGT,TGT
M85249.1,538,540,545,547,3,TGT,TGT
M85249.1,108,110,672,674,3,TGT,TGT
M85249.1,108,110,511,513,3,TGT,TGT
M85249.1,538,540,672,674,3,TGT,TGT
M85249.1,511,513,538,540,3,TGT,TGT
M85249.1,29,31,382,384,3,TGT,TGT
M85249.1,382,384,421,423,3,TGT,TGT
M85249.1,382,384,685,687,3,TGT,TGT
M85249.1,29,31,672,674,3,TGT,TGT
M85249.1,29,31,511,513,3,TGT,TGT
M85249.1,421,423,672,674,3,TGT,TGT
M85249.1,421,423,511,513,3,TGT,TGT
M85249.1,672,674,685,687,3,TGT,TGT
M85249.1,511,513,685,687,3,TGT,TGT
M85249.1,29,31,108,110,3,TGT,TGT
M85249.1,29,31,538,540,3,TGT,TGT
M85249.1,13,15,29,31,3,TGT,TGT
M85249.1,29,31,446,448,3,TGT,TGT
M85249.1,29,31,690,692,3,TGT,TGT
M85249.1,29,31,47,49,3,TGT,TGT
M85249.1,108,110,421,423,3,TGT,TGT
M85249.1,421,423,538,540,3,TGT,TGT
M85249.1,13,15,421,423,3,TGT,TGT
M85249.1,421,423,446,448,3,TGT,TGT
M85249.1,421,423,690,692,3,TGT,TGT
M85249.1,47,49,421,423,3,TGT,TGT
M85249.1,108,110,685,687,3,TGT,TGT
M85249.1,538,540,685,687,3,TGT,TGT
M85249.1,13,15,685,687,3,TGT,TGT
M85249.1,446,448,685,687,3,TGT,TGT
M85249.1,685,687,690,692,3,TGT,TGT
M85249.1,47,49,685,687,3,TGT,TGT
M85249.1,457,459,545,547,3,TGT,TGT
M85249.1,457,459,672,674,3,TGT,TGT
M85249.1,457,459,511,513,3,TGT,TGT
M85249.1,108,110,457,459,3,TGT,TGT
M85249.1,457,459,538,540,3,TGT,TGT
M85249.1,13,15,457,459,3,TGT,TGT
M85249.1,446,448,457,459,3,TGT,TGT
M85249.1,457,459,690,692,3,TGT,TGT
M85249.1,47,49,457,459,3,TGT,TGT
M85249.1,316,318,545,547,3,TGT,TGT
M85249.1,316,318,382,384,3,TGT,TGT
M85249.1,108,110,316,318,3,TGT,TGT
M85249.1,316,318,538,540,3,TGT,TGT
M85249.1,13,15,316,318,3,TGT,TGT
M85249.1,316,318,446,448,3,TGT,TGT
M85249.1,316,318,690,692,3,TGT,TGT
M85249.1,47,49,316,318,3,TGT,TGT
M85249.1,545,547,595,597,3,TGT,TGT
M85249.1,44,46,545,547,3,TGT,TGT
M85249.1,382,384,595,597,3,TGT,TGT
M85249.1,44,46,382,384,3,TGT,TGT
M85249.1,595,597,672,674,3,TGT,TGT
M85249.1,511,513,595,597,3,TGT,TGT
M85249.1,44,46,672,674,3,TGT,TGT
M85249.1,44,46,511,513,3,TGT,TGT
M85249.1,97,100,305,308,4,TTAG,TTAG
M85249.1,150,153,305,308,4,TTAG,TTAG
M85249.1,31,34,97,100,4,TTAG,TTAG
M85249.1,31,34,150,153,4,TTAG,TTAG
M85249.1,305,308,320,323,4,TTAG,TTAG
M85249.1,31,34,320,323,4,TTAG,TTAG
M85249.1,157,160,279,282,4,TTAG,TTAG
M85249.1,97,100,279,282,4,TTAG,TTAG
M85249.1,150,153,279,282,4,TTAG,TTAG
M85249.1,279,282,305,308,4,TTAG,TTAG
M85249.1,31,34,279,282,4,TTAG,TTAG
M85249.1,279,282,320,323,4,TTAG,TTAG
M85249.1,97,100,157,160,4,TTAG,TTAG
M85249.1,150,153,157,160,4,TTAG,TTAG
M85249.1,157,160,320,323,4,TTAG,TTAG
M85249.1,89,91,217,219,3,TTA,TTA
M85249.1,217,219,353,355,3,TTA,TTA
M85249.1,217,219,650,652,3,TTA,TTA
M85249.1,217,219,275,277,3,TTA,TTA
M85249.1,89,91,608,610,3,TTA,TTA
M85249.1,89,91,453,455,3,TTA,TTA
M85249.1,353,355,608,610,3,TTA,TTA
M85249.1,608,610,650,652,3,TTA,TTA
M85249.1,275,277,608,610,3,TTA,TTA
M85249.1,353,355,453,455,3,TTA,TTA
M85249.1,453,455,650,652,3,TTA,TTA
M85249.1,275,277,453,455,3,TTA,TTA
M85249.1,69,71,89,91,3,TTA,TTA
M85249.1,89,91,279,281,3,TTA,TTA
M85249.1,279,281,608,610,3,TTA,TTA
M85249.1,279,281,453,455,3,TTA,TTA
M85249.1,69,71,279,281,3,TTA,TTA
M85249.1,279,281,353,355,3,TTA,TTA
M85249.1,279,281,650,652,3,TTA,TTA
M85249.1,275,277,279,281,3,TTA,TTA
M85249.1,97,99,217,219,3,TTA,TTA
M85249.1,150,152,217,219,3,TTA,TTA
M85249.1,97,99,608,610,3,TTA,TTA
M85249.1,97,99,453,455,3,TTA,TTA
M85249.1,150,152,608,610,3,TTA,TTA
M85249.1,150,152,453,455,3,TTA,TTA
M85249.1,69,71,97,99,3,TTA,TTA
M85249.1,97,99,353,355,3,TTA,TTA
M85249.1,97,99,650,652,3,TTA,TTA
M85249.1,97,99,275,277,3,TTA,TTA
M85249.1,69,71,150,152,3,TTA,TTA
M85249.1,150,152,353,355,3,TTA,TTA
M85249.1,150,152,650,652,3,TTA,TTA
M85249.1,150,152,275,277,3,TTA,TTA
M85249.1,217,219,305,307,3,TTA,TTA
M85249.1,31,33,217,219,3,TTA,TTA
M85249.1,157,159,217,219,3,TTA,TTA
M85249.1,89,91,305,307,3,TTA,TTA
M85249.1,31,33,89,91,3,TTA,TTA
M85249.1,89,91,157,159,3,TTA,TTA
M85249.1,69,71,305,307,3,TTA,TTA
M85249.1,305,307,353,355,3,TTA,TTA
M85249.1,305,307,650,652,3,TTA,TTA
M85249.1,275,277,305,307,3,TTA,TTA
M85249.1,31,33,69,71,3,TTA,TTA
M85249.1,31,33,353,355,3,TTA,TTA
M85249.1,31,33,650,652,3,TTA,TTA
M85249.1,31,33,275,277,3,TTA,TTA
M85249.1,69,71,157,159,3,TTA,TTA
M85249.1,157,159,353,355,3,TTA,TTA
M85249.1,157,159,650,652,3,TTA,TTA
M85249.1,157,159,275,277,3,TTA,TTA
M85249.1,217,219,320,322,3,TTA,TTA
M85249.1,89,91,320,322,3,TTA,TTA
M85249.1,320,322,608,610,3,TTA,TTA
M85249.1,320,322,453,455,3,TTA,TTA
M85249.1,97,99,224,226,3,TTA,TTA
M85249.1,150,152,224,226,3,TTA,TTA
M85249.1,89,91,224,226,3,TTA,TTA
M85249.1,97,99,627,629,3,TTA,TTA
M85249.1,150,152,627,629,3,TTA,TTA
M85249.1,89,91,627,629,3,TTA,TTA
M85249.1,40,42,97,99,3,TTA,TTA
M85249.1,40,42,150,152,3,TTA,TTA
M85249.1,40,42,89,91,3,TTA,TTA
M85249.1,224,226,305,307,3,TTA,TTA
M85249.1,31,33,224,226,3,TTA,TTA
M85249.1,157,159,224,226,3,TTA,TTA
M85249.1,224,226,608,610,3,TTA,TTA
M85249.1,224,226,453,455,3,TTA,TTA
M85249.1,305,307,627,629,3,TTA,TTA
M85249.1,31,33,627,629,3,TTA,TTA
M85249.1,157,159,627,629,3,TTA,TTA
M85249.1,608,610,627,629,3,TTA,TTA
M85249.1,453,455,627,629,3,TTA,TTA
M85249.1,40,42,305,307,3,TTA,TTA
M85249.1,31,33,40,42,3,TTA,TTA
M85249.1,40,42,157,159,3,TTA,TTA
M85249.1,40,42,608,610,3,TTA,TTA
M85249.1,40,42,453,455,3,TTA,TTA
M85249.1,224,226,320,322,3,TTA,TTA
M85249.1,69,71,224,226,3,TTA,TTA
M85249.1,224,226,353,355,3,TTA,TTA
M85249.1,224,226,650,652,3,TTA,TTA
M85249.1,224,226,275,277,3,TTA,TTA
M85249.1,320,322,627,629,3,TTA,TTA
M85249.1,69,71,627,629,3,TTA,TTA
M85249.1,353,355,627,629,3,TTA,TTA
M85249.1,627,629,650,652,3,TTA,TTA
M85249.1,275,277,627,629,3,TTA,TTA
M85249.1,40,42,320,322,3,TTA,TTA
M85249.1,40,42,69,71,3,TTA,TTA
M85249.1,40,42,353,355,3,TTA,TTA
M85249.1,40,42,650,652,3,TTA,TTA
M85249.1,40,42,275,277,3,TTA,TTA
M85249.1,279,281,699,701,3,TTA,TTA
M85249.1,217,219,699,701,3,TTA,TTA
M85249.1,279,281,432,434,3,TTA,TTA
M85249.1,217,219,432,434,3,TTA,TTA
M85249.1,97,99,699,701,3,TTA,TTA
M85249.1,150,152,699,701,3,TTA,TTA
M85249.1,89,91,699,701,3,TTA,TTA
M85249.1,97,99,432,434,3,TTA,TTA
M85249.1,150,152,432,434,3,TTA,TTA
M85249.1,89,91,432,434,3,TTA,TTA
M85249.1,305,307,699,701,3,TTA,TTA
M85249.1,31,33,699,701,3,TTA,TTA
M85249.1,157,159,699,701,3,TTA,TTA
M85249.1,608,610,699,701,3,TTA,TTA
M85249.1,453,455,699,701,3,TTA,TTA
M85249.1,305,307,432,434,3,TTA,TTA
M85249.1,31,33,432,434,3,TTA,TTA
M85249.1,157,159,432,434,3,TTA,TTA
M85249.1,432,434,608,610,3,TTA,TTA
M85249.1,432,434,453,455,3,TTA,TTA
M85249.1,36,38,517,519,3,TTC,TTC
M85249.1,117,119,517,519,3,TTC,TTC
M85249.1,36,38,694,696,3,TTC,TTC
M85249.1,117,119,694,696,3,TTC,TTC
M85249.1,36,38,620,622,3,TTC,TTC
M85249.1,36,38,86,88,3,TTC,TTC
M85249.1,117,119,620,622,3,TTC,TTC
M85249.1,86,88,117,119,3,TTC,TTC
M85249.1,517,519,694,696,3,TTC,TTC
M85249.1,517,519,639,641,3,TTC,TTC
M85249.1,46,52,689,695,7,TTGTATT,TTGTATT
M85249.1,12,15,46,49,4,TTGT,TTGT
M85249.1,46,49,445,448,4,TTGT,TTGT
M85249.1,12,15,689,692,4,TTGT,TTGT
M85249.1,445,448,689,692,4,TTGT,TTGT
M85249.1,46,49,537,540,4,TTGT,TTGT
M85249.1,537,540,689,692,4,TTGT,TTGT
M85249.1,12,15,107,110,4,TTGT,TTGT
M85249.1,107,110,445,448,4,TTGT,TTGT
M85249.1,46,49,107,110,4,TTGT,TTGT
M85249.1,43,46,46,49,4,TTGT,TTGT
M85249.1,43,46,107,110,4,TTGT,TTGT
M85249.1,43,46,689,692,4,TTGT,TTGT
M85249.1,537,540,594,597,4,TTGT,TTGT
M85249.1,12,15,594,597,4,TTGT,TTGT
M85249.1,445,448,594,597,4,TTGT,TTGT
M85249.1,46,49,594,597,4,TTGT,TTGT
M85249.1,51,53,267,269,3,TTG,TTG
M85249.1,51,53,597,599,3,TTG,TTG
M85249.1,51,53,459,461,3,TTG,TTG
M85249.1,51,53,530,532,3,TTG,TTG
M85249.1,51,53,330,332,3,TTG,TTG
M85249.1,412,414,613,615,3,TTG,TTG
M85249.1,377,379,412,414,3,TTG,TTG
M85249.1,267,269,412,414,3,TTG,TTG
M85249.1,412,414,597,599,3,TTG,TTG
M85249.1,412,414,459,461,3,TTG,TTG
M85249.1,412,414,530,532,3,TTG,TTG
M85249.1,51,53,424,426,3,TTG,TTG
M85249.1,424,426,613,615,3,TTG,TTG
M85249.1,377,379,424,426,3,TTG,TTG
M85249.1,51,53,254,256,3,TTG,TTG
M85249.1,254,256,613,615,3,TTG,TTG
M85249.1,254,256,377,379,3,TTG,TTG
M85249.1,267,269,424,426,3,TTG,TTG
M85249.1,254,256,267,269,3,TTG,TTG
M85249.1,424,426,597,599,3,TTG,TTG
M85249.1,424,426,459,461,3,TTG,TTG
M85249.1,424,426,530,532,3,TTG,TTG
M85249.1,254,256,597,599,3,TTG,TTG
M85249.1,254,256,459,461,3,TTG,TTG
M85249.1,254,256,530,532,3,TTG,TTG
M85249.1,12,14,267,269,3,TTG,TTG
M85249.1,267,269,445,447,3,TTG,TTG
M85249.1,267,269,537,539,3,TTG,TTG
M85249.1,43,45,267,269,3,TTG,TTG
M85249.1,12,14,597,599,3,TTG,TTG
M85249.1,12,14,459,461,3,TTG,TTG
M85249.1,12,14,530,532,3,TTG,TTG
M85249.1,445,447,597,599,3,TTG,TTG
M85249.1,445,447,459,461,3,TTG,TTG
M85249.1,445,447,530,532,3,TTG,TTG
M85249.1,537,539,597,599,3,TTG,TTG
M85249.1,459,461,537,539,3,TTG,TTG
M85249.1,530,532,537,539,3,TTG,TTG
M85249.1,43,45,597,599,3,TTG,TTG
M85249.1,43,45,459,461,3,TTG,TTG
M85249.1,43,45,530,532,3,TTG,TTG
M85249.1,12,14,424,426,3,TTG,TTG
M85249.1,12,14,254,256,3,TTG,TTG
M85249.1,12,14,412,414,3,TTG,TTG
M85249.1,12,14,330,332,3,TTG,TTG
M85249.1,424,426,445,447,3,TTG,TTG
M85249.1,254,256,445,447,3,TTG,TTG
M85249.1,412,414,445,447,3,TTG,TTG
M85249.1,330,332,445,447,3,TTG,TTG
M85249.1,424,426,537,539,3,TTG,TTG
M85249.1,254,256,537,539,3,TTG,TTG
M85249.1,412,414,537,539,3,TTG,TTG
M85249.1,330,332,537,539,3,TTG,TTG
M85249.1,43,45,424,426,3,TTG,TTG
M85249.1,43,45,254,256,3,TTG,TTG
M85249.1,43,45,412,414,3,TTG,TTG
M85249.1,43,45,330,332,3,TTG,TTG
M85249.1,46,48,51,53,3,TTG,TTG
M85249.1,46,48,613,615,3,TTG,TTG
M85249.1,46,48,377,379,3,TTG,TTG
M85249.1,46,48,267,269,3,TTG,TTG
M85249.1,46,48,424,426,3,TTG,TTG
M85249.1,46,48,254,256,3,TTG,TTG
M85249.1,46,48,412,414,3,TTG,TTG
M85249.1,46,48,330,332,3,TTG,TTG
M85249.1,51,53,689,691,3,TTG,TTG
M85249.1,613,615,689,691,3,TTG,TTG
M85249.1,377,379,689,691,3,TTG,TTG
M85249.1,51,53,107,109,3,TTG,TTG
M85249.1,107,109,613,615,3,TTG,TTG
M85249.1,107,109,377,379,3,TTG,TTG
M85249.1,51,53,594,596,3,TTG,TTG
M85249.1,594,596,613,615,3,TTG,TTG
M85249.1,377,379,594,596,3,TTG,TTG
M85249.1,267,269,689,691,3,TTG,TTG
M85249.1,107,109,267,269,3,TTG,TTG
M85249.1,267,269,594,596,3,TTG,TTG
M85249.1,597,599,689,691,3,TTG,TTG
M85249.1,459,461,689,691,3,TTG,TTG
M85249.1,530,532,689,691,3,TTG,TTG
M85249.1,107,109,597,599,3,TTG,TTG
M85249.1,107,109,459,461,3,TTG,TTG
M85249.1,107,109,530,532,3,TTG,TTG
M85249.1,594,596,597,599,3,TTG,TTG
M85249.1,459,461,594,596,3,TTG,TTG
M85249.1,530,532,594,596,3,TTG,TTG
M85249.1,352,355,698,701,4,TTTA,TTTA
M85249.1,274,277,698,701,4,TTTA,TTTA
M85249.1,352,355,431,434,4,TTTA,TTTA
M85249.1,274,277,431,434,4,TTTA,TTTA
M85249.1,68,71,352,355,4,TTTA,TTTA
M85249.1,68,71,274,277,4,TTTA,TTTA
M85249.1,319,322,352,355,4,TTTA,TTTA
M85249.1,274,277,319,322,4,TTTA,TTTA
M85249.1,106,109,423,426,4,TTTG,TTTG
M85249.1,106,109,253,256,4,TTTG,TTTG
M85249.1,423,426,593,596,4,TTTG,TTTG
M85249.1,253,256,593,596,4,TTTG,TTTG
M85249.1,423,426,688,691,4,TTTG,TTTG
M85249.1,253,256,688,691,4,TTTG,TTTG
M85249.1,329,332,411,414,4,TTTG,TTTG
M85249.1,106,109,329,332,4,TTTG,TTTG
M85249.1,329,332,593,596,4,TTTG,TTTG
M85249.1,329,332,423,426,4,TTTG,TTTG
M85249.1,253,256,329,332,4,TTTG,TTTG
M85249.1,329,332,688,691,4,TTTG,TTTG
M85249.1,106,109,411,414,4,TTTG,TTTG
M85249.1,411,414,593,596,4,TTTG,TTTG
M85249.1,411,414,423,426,4,TTTG,TTTG
M85249.1,253,256,411,414,4,TTTG,TTTG
M85249.1,67,71,648,652,5,TTTTA,TTTTA
M85249.1,67,71,318,322,5,TTTTA,TTTTA
M85249.1,318,322,648,652,5,TTTTA,TTTTA
M85249.1,67,71,697,701,5,TTTTA,TTTTA
M85249.1,67,71,430,434,5,TTTTA,TTTTA
M85249.1,318,322,697,701,5,TTTTA,TTTTA
M85249.1,318,322,430,434,5,TTTTA,TTTTA

Total for length 3 is 1458.
Total for length 4 is 224.
Total for length 5 is 13.
Total for length 7 is 16.

