Input file is sequence4.fasta.
Minimal fragment length is 3.
Working with probability estimation.
P value is : 0.050000.
Printing all instances.
Looking for inverse non-complementary repeats.
M85249.1 Alphabet size is 4.
Input sequence has 0 letters that are not in expected alphabet.
M85249.1,553,558,553,558,6,AAAAAA,AAAAAA
M85249.1,439,444,553,558,6,AAAAAA,AAAAAA
M85249.1,440,444,554,558,5,AAAAA,AAAAA
M85249.1,439,443,439,443,5,AAAAA,AAAAA
M85249.1,440,444,440,444,5,AAAAA,AAAAA
M85249.1,553,557,553,557,5,AAAAA,AAAAA
M85249.1,554,558,554,558,5,AAAAA,AAAAA
M85249.1,439,443,553,557,5,AAAAA,AAAAA
M85249.1,335,340,383,388,6,AAAGTG,GTGAAA
M85249.1,553,555,553,555,3,AAA,AAA
M85249.1,439,441,553,555,3,AAA,AAA
M85249.1,355,357,553,555,3,AAA,AAA
M85249.1,440,442,507,509,3,AAA,AAA
M85249.1,441,443,507,509,3,AAA,AAA
M85249.1,391,393,555,557,3,AAA,AAA
M85249.1,391,393,441,443,3,AAA,AAA
M85249.1,391,393,554,556,3,AAA,AAA
M85249.1,391,393,440,442,3,AAA,AAA
M85249.1,439,441,507,509,3,AAA,AAA
M85249.1,355,357,507,509,3,AAA,AAA
M85249.1,391,393,442,444,3,AAA,AAA
M85249.1,356,358,507,509,3,AAA,AAA
M85249.1,356,358,556,558,3,AAA,AAA
M85249.1,356,358,356,358,3,AAA,AAA
M85249.1,556,558,556,558,3,AAA,AAA
M85249.1,356,358,442,444,3,AAA,AAA
M85249.1,335,337,553,555,3,AAA,AAA
M85249.1,335,337,555,557,3,AAA,AAA
M85249.1,335,337,441,443,3,AAA,AAA
M85249.1,335,337,554,556,3,AAA,AAA
M85249.1,335,337,440,442,3,AAA,AAA
M85249.1,507,509,553,555,3,AAA,AAA
M85249.1,507,509,555,557,3,AAA,AAA
M85249.1,507,509,554,556,3,AAA,AAA
M85249.1,391,393,391,393,3,AAA,AAA
M85249.1,335,337,335,337,3,AAA,AAA
M85249.1,335,337,507,509,3,AAA,AAA
M85249.1,335,337,556,558,3,AAA,AAA
M85249.1,335,337,356,358,3,AAA,AAA
M85249.1,507,509,507,509,3,AAA,AAA
M85249.1,507,509,556,558,3,AAA,AAA
M85249.1,355,357,391,393,3,AAA,AAA
M85249.1,335,337,442,444,3,AAA,AAA
M85249.1,386,388,553,555,3,AAA,AAA
M85249.1,386,388,555,557,3,AAA,AAA
M85249.1,386,388,441,443,3,AAA,AAA
M85249.1,386,388,554,556,3,AAA,AAA
M85249.1,386,388,440,442,3,AAA,AAA
M85249.1,386,388,442,444,3,AAA,AAA
M85249.1,355,357,386,388,3,AAA,AAA
M85249.1,554,556,679,681,3,AAA,AAA
M85249.1,440,442,679,681,3,AAA,AAA
M85249.1,555,557,679,681,3,AAA,AAA
M85249.1,441,443,679,681,3,AAA,AAA
M85249.1,554,556,616,618,3,AAA,AAA
M85249.1,440,442,616,618,3,AAA,AAA
M85249.1,555,557,616,618,3,AAA,AAA
M85249.1,441,443,616,618,3,AAA,AAA
M85249.1,553,555,679,681,3,AAA,AAA
M85249.1,553,555,616,618,3,AAA,AAA
M85249.1,391,393,679,681,3,AAA,AAA
M85249.1,391,393,616,618,3,AAA,AAA
M85249.1,335,337,439,441,3,AAA,AAA
M85249.1,335,337,355,357,3,AAA,AAA
M85249.1,386,388,439,441,3,AAA,AAA
M85249.1,391,393,439,441,3,AAA,AAA
M85249.1,442,444,507,509,3,AAA,AAA
M85249.1,442,444,556,558,3,AAA,AAA
M85249.1,439,441,439,441,3,AAA,AAA
M85249.1,355,357,439,441,3,AAA,AAA
M85249.1,442,444,679,681,3,AAA,AAA
M85249.1,442,444,616,618,3,AAA,AAA
M85249.1,442,444,442,444,3,AAA,AAA
M85249.1,355,357,355,357,3,AAA,AAA
M85249.1,112,114,553,555,3,AAA,AAA
M85249.1,112,114,555,557,3,AAA,AAA
M85249.1,112,114,441,443,3,AAA,AAA
M85249.1,112,114,554,556,3,AAA,AAA
M85249.1,112,114,440,442,3,AAA,AAA
M85249.1,112,114,391,393,3,AAA,AAA
M85249.1,679,681,679,681,3,AAA,AAA
M85249.1,112,114,679,681,3,AAA,AAA
M85249.1,112,114,112,114,3,AAA,AAA
M85249.1,112,114,616,618,3,AAA,AAA
M85249.1,112,114,442,444,3,AAA,AAA
M85249.1,616,618,679,681,3,AAA,AAA
M85249.1,616,618,616,618,3,AAA,AAA
M85249.1,356,358,374,376,3,AAA,AAA
M85249.1,198,200,553,555,3,AAA,AAA
M85249.1,198,200,555,557,3,AAA,AAA
M85249.1,198,200,441,443,3,AAA,AAA
M85249.1,198,200,554,556,3,AAA,AAA
M85249.1,198,200,440,442,3,AAA,AAA
M85249.1,374,376,553,555,3,AAA,AAA
M85249.1,374,376,555,557,3,AAA,AAA
M85249.1,374,376,441,443,3,AAA,AAA
M85249.1,374,376,554,556,3,AAA,AAA
M85249.1,374,376,440,442,3,AAA,AAA
M85249.1,335,337,374,376,3,AAA,AAA
M85249.1,198,200,391,393,3,AAA,AAA
M85249.1,374,376,391,393,3,AAA,AAA
M85249.1,198,200,386,388,3,AAA,AAA
M85249.1,198,200,335,337,3,AAA,AAA
M85249.1,198,200,507,509,3,AAA,AAA
M85249.1,198,200,556,558,3,AAA,AAA
M85249.1,198,200,356,358,3,AAA,AAA
M85249.1,374,376,386,388,3,AAA,AAA
M85249.1,374,376,507,509,3,AAA,AAA
M85249.1,374,376,556,558,3,AAA,AAA
M85249.1,186,191,331,336,6,AACAGT,TGACAA
M85249.1,548,554,548,554,7,AACTCAA,AACTCAA
M85249.1,235,241,674,680,7,AAGTACT,TCATGAA
M85249.1,297,299,487,489,3,AAG,GAA
M85249.1,60,62,487,489,3,AAG,GAA
M85249.1,181,183,221,223,3,AAG,GAA
M85249.1,141,143,221,223,3,AAG,GAA
M85249.1,60,62,296,298,3,AAG,GAA
M85249.1,60,62,140,142,3,AAG,GAA
M85249.1,60,62,234,236,3,AAG,GAA
M85249.1,387,389,487,489,3,AAG,GAA
M85249.1,297,299,390,392,3,AAG,GAA
M85249.1,181,183,390,392,3,AAG,GAA
M85249.1,141,143,390,392,3,AAG,GAA
M85249.1,60,62,390,392,3,AAG,GAA
M85249.1,357,359,666,668,3,AAG,GAA
M85249.1,557,559,666,668,3,AAG,GAA
M85249.1,297,299,666,668,3,AAG,GAA
M85249.1,181,183,666,668,3,AAG,GAA
M85249.1,141,143,666,668,3,AAG,GAA
M85249.1,60,62,666,668,3,AAG,GAA
M85249.1,128,130,487,489,3,AAG,GAA
M85249.1,192,194,487,489,3,AAG,GAA
M85249.1,128,130,180,182,3,AAG,GAA
M85249.1,128,130,296,298,3,AAG,GAA
M85249.1,128,130,140,142,3,AAG,GAA
M85249.1,128,130,234,236,3,AAG,GAA
M85249.1,192,194,296,298,3,AAG,GAA
M85249.1,192,194,234,236,3,AAG,GAA
M85249.1,181,183,247,249,3,AAG,GAA
M85249.1,141,143,247,249,3,AAG,GAA
M85249.1,657,659,678,680,3,AAG,GAA
M85249.1,336,338,666,668,3,AAG,GAA
M85249.1,336,338,487,489,3,AAG,GAA
M85249.1,508,510,666,668,3,AAG,GAA
M85249.1,297,299,678,680,3,AAG,GAA
M85249.1,181,183,678,680,3,AAG,GAA
M85249.1,141,143,678,680,3,AAG,GAA
M85249.1,297,299,385,387,3,AAG,GAA
M85249.1,181,183,385,387,3,AAG,GAA
M85249.1,141,143,385,387,3,AAG,GAA
M85249.1,297,299,615,617,3,AAG,GAA
M85249.1,181,183,615,617,3,AAG,GAA
M85249.1,141,143,615,617,3,AAG,GAA
M85249.1,128,130,678,680,3,AAG,GAA
M85249.1,192,194,678,680,3,AAG,GAA
M85249.1,60,62,678,680,3,AAG,GAA
M85249.1,128,130,385,387,3,AAG,GAA
M85249.1,192,194,385,387,3,AAG,GAA
M85249.1,60,62,385,387,3,AAG,GAA
M85249.1,60,62,111,113,3,AAG,GAA
M85249.1,128,130,615,617,3,AAG,GAA
M85249.1,192,194,615,617,3,AAG,GAA
M85249.1,60,62,615,617,3,AAG,GAA
M85249.1,235,237,390,392,3,AAG,GAA
M85249.1,235,237,666,668,3,AAG,GAA
M85249.1,235,237,487,489,3,AAG,GAA
M85249.1,235,237,247,249,3,AAG,GAA
M85249.1,235,237,291,293,3,AAG,GAA
M85249.1,135,137,390,392,3,AAG,GAA
M85249.1,135,137,666,668,3,AAG,GAA
M85249.1,135,137,487,489,3,AAG,GAA
M85249.1,527,529,666,668,3,AAG,GAA
M85249.1,135,137,180,182,3,AAG,GAA
M85249.1,135,137,296,298,3,AAG,GAA
M85249.1,135,137,140,142,3,AAG,GAA
M85249.1,135,137,234,236,3,AAG,GAA
M85249.1,680,684,680,684,5,AATAA,AATAA
M85249.1,74,78,74,78,5,AATAA,AATAA
M85249.1,125,129,680,684,5,AATAA,AATAA
M85249.1,132,136,680,684,5,AATAA,AATAA
M85249.1,74,78,125,129,5,AATAA,AATAA
M85249.1,74,78,132,136,5,AATAA,AATAA
M85249.1,17,28,17,28,12,AATACAACATAA,AATACAACATAA
M85249.1,17,20,126,129,4,AATA,ATAA
M85249.1,17,20,133,136,4,AATA,ATAA
M85249.1,17,20,681,684,4,AATA,ATAA
M85249.1,362,365,681,684,4,AATA,ATAA
M85249.1,101,104,681,684,4,AATA,ATAA
M85249.1,17,20,196,199,4,AATA,ATAA
M85249.1,101,104,196,199,4,AATA,ATAA
M85249.1,125,128,196,199,4,AATA,ATAA
M85249.1,132,135,196,199,4,AATA,ATAA
M85249.1,74,77,196,199,4,AATA,ATAA
M85249.1,101,104,184,187,4,AATA,ATAA
M85249.1,125,128,184,187,4,AATA,ATAA
M85249.1,132,135,184,187,4,AATA,ATAA
M85249.1,74,77,184,187,4,AATA,ATAA
M85249.1,603,606,681,684,4,AATA,ATAA
M85249.1,17,20,525,528,4,AATA,ATAA
M85249.1,362,365,525,528,4,AATA,ATAA
M85249.1,292,295,681,684,4,AATA,ATAA
M85249.1,74,77,525,528,4,AATA,ATAA
M85249.1,248,251,681,684,4,AATA,ATAA
M85249.1,80,83,196,199,4,AATA,ATAA
M85249.1,80,83,525,528,4,AATA,ATAA
M85249.1,80,83,126,129,4,AATA,ATAA
M85249.1,80,83,133,136,4,AATA,ATAA
M85249.1,80,83,681,684,4,AATA,ATAA
M85249.1,369,375,369,375,7,AATCTAA,AATCTAA
M85249.1,10,13,353,356,4,AATT,TTAA
M85249.1,222,225,353,356,4,AATT,TTAA
M85249.1,277,280,353,356,4,AATT,TTAA
M85249.1,375,378,650,653,4,AATT,TTAA
M85249.1,443,446,650,653,4,AATT,TTAA
M85249.1,10,13,275,278,4,AATT,TTAA
M85249.1,222,225,275,278,4,AATT,TTAA
M85249.1,10,13,650,653,4,AATT,TTAA
M85249.1,222,225,650,653,4,AATT,TTAA
M85249.1,10,13,89,92,4,AATT,TTAA
M85249.1,65,68,89,92,4,AATT,TTAA
M85249.1,17,19,373,375,3,AAT,TAA
M85249.1,362,364,373,375,3,AAT,TAA
M85249.1,80,82,373,375,3,AAT,TAA
M85249.1,113,115,185,187,3,AAT,TAA
M85249.1,125,127,373,375,3,AAT,TAA
M85249.1,132,134,373,375,3,AAT,TAA
M85249.1,101,103,373,375,3,AAT,TAA
M85249.1,292,294,373,375,3,AAT,TAA
M85249.1,248,250,373,375,3,AAT,TAA
M85249.1,113,115,127,129,3,AAT,TAA
M85249.1,113,115,134,136,3,AAT,TAA
M85249.1,113,115,526,528,3,AAT,TAA
M85249.1,74,76,373,375,3,AAT,TAA
M85249.1,113,115,682,684,3,AAT,TAA
M85249.1,369,371,526,528,3,AAT,TAA
M85249.1,369,371,682,684,3,AAT,TAA
M85249.1,17,19,73,75,3,AAT,TAA
M85249.1,17,19,64,66,3,AAT,TAA
M85249.1,369,371,438,440,3,AAT,TAA
M85249.1,17,19,438,440,3,AAT,TAA
M85249.1,362,364,438,440,3,AAT,TAA
M85249.1,80,82,438,440,3,AAT,TAA
M85249.1,125,127,438,440,3,AAT,TAA
M85249.1,132,134,438,440,3,AAT,TAA
M85249.1,101,103,438,440,3,AAT,TAA
M85249.1,292,294,438,440,3,AAT,TAA
M85249.1,248,250,438,440,3,AAT,TAA
M85249.1,199,201,526,528,3,AAT,TAA
M85249.1,74,76,438,440,3,AAT,TAA
M85249.1,199,201,682,684,3,AAT,TAA
M85249.1,113,115,547,549,3,AAT,TAA
M85249.1,125,127,547,549,3,AAT,TAA
M85249.1,132,134,547,549,3,AAT,TAA
M85249.1,101,103,547,549,3,AAT,TAA
M85249.1,292,294,547,549,3,AAT,TAA
M85249.1,248,250,547,549,3,AAT,TAA
M85249.1,74,76,547,549,3,AAT,TAA
M85249.1,113,115,191,193,3,AAT,TAA
M85249.1,17,19,191,193,3,AAT,TAA
M85249.1,80,82,191,193,3,AAT,TAA
M85249.1,17,19,59,61,3,AAT,TAA
M85249.1,74,76,191,193,3,AAT,TAA
M85249.1,113,115,566,568,3,AAT,TAA
M85249.1,113,115,513,515,3,AAT,TAA
M85249.1,27,29,373,375,3,AAT,TAA
M85249.1,27,29,197,199,3,AAT,TAA
M85249.1,369,371,566,568,3,AAT,TAA
M85249.1,17,19,566,568,3,AAT,TAA
M85249.1,362,364,566,568,3,AAT,TAA
M85249.1,80,82,566,568,3,AAT,TAA
M85249.1,369,371,513,515,3,AAT,TAA
M85249.1,17,19,513,515,3,AAT,TAA
M85249.1,362,364,513,515,3,AAT,TAA
M85249.1,80,82,513,515,3,AAT,TAA
M85249.1,27,29,76,78,3,AAT,TAA
M85249.1,27,29,185,187,3,AAT,TAA
M85249.1,125,127,566,568,3,AAT,TAA
M85249.1,132,134,566,568,3,AAT,TAA
M85249.1,101,103,566,568,3,AAT,TAA
M85249.1,292,294,566,568,3,AAT,TAA
M85249.1,248,250,566,568,3,AAT,TAA
M85249.1,125,127,513,515,3,AAT,TAA
M85249.1,132,134,513,515,3,AAT,TAA
M85249.1,101,103,513,515,3,AAT,TAA
M85249.1,292,294,513,515,3,AAT,TAA
M85249.1,248,250,513,515,3,AAT,TAA
M85249.1,27,29,127,129,3,AAT,TAA
M85249.1,27,29,134,136,3,AAT,TAA
M85249.1,27,29,526,528,3,AAT,TAA
M85249.1,375,377,547,549,3,AAT,TAA
M85249.1,443,445,547,549,3,AAT,TAA
M85249.1,17,19,354,356,3,AAT,TAA
M85249.1,80,82,354,356,3,AAT,TAA
M85249.1,375,377,526,528,3,AAT,TAA
M85249.1,443,445,526,528,3,AAT,TAA
M85249.1,125,127,354,356,3,AAT,TAA
M85249.1,132,134,354,356,3,AAT,TAA
M85249.1,101,103,354,356,3,AAT,TAA
M85249.1,292,294,354,356,3,AAT,TAA
M85249.1,248,250,354,356,3,AAT,TAA
M85249.1,375,377,566,568,3,AAT,TAA
M85249.1,375,377,513,515,3,AAT,TAA
M85249.1,375,377,682,684,3,AAT,TAA
M85249.1,443,445,566,568,3,AAT,TAA
M85249.1,443,445,513,515,3,AAT,TAA
M85249.1,443,445,682,684,3,AAT,TAA
M85249.1,27,29,354,356,3,AAT,TAA
M85249.1,74,76,354,356,3,AAT,TAA
M85249.1,617,619,682,684,3,AAT,TAA
M85249.1,27,29,90,92,3,AAT,TAA
M85249.1,74,76,90,92,3,AAT,TAA
M85249.1,222,224,438,440,3,AAT,TAA
M85249.1,222,224,373,375,3,AAT,TAA
M85249.1,10,12,438,440,3,AAT,TAA
M85249.1,10,12,373,375,3,AAT,TAA
M85249.1,10,12,197,199,3,AAT,TAA
M85249.1,222,224,547,549,3,AAT,TAA
M85249.1,10,12,547,549,3,AAT,TAA
M85249.1,10,12,76,78,3,AAT,TAA
M85249.1,10,12,185,187,3,AAT,TAA
M85249.1,222,224,566,568,3,AAT,TAA
M85249.1,222,224,513,515,3,AAT,TAA
M85249.1,222,224,682,684,3,AAT,TAA
M85249.1,10,12,566,568,3,AAT,TAA
M85249.1,10,12,513,515,3,AAT,TAA
M85249.1,10,12,73,75,3,AAT,TAA
M85249.1,10,12,64,66,3,AAT,TAA
M85249.1,10,12,682,684,3,AAT,TAA
M85249.1,10,12,26,28,3,AAT,TAA
M85249.1,277,279,438,440,3,AAT,TAA
M85249.1,277,279,373,375,3,AAT,TAA
M85249.1,199,201,276,278,3,AAT,TAA
M85249.1,113,115,276,278,3,AAT,TAA
M85249.1,65,67,438,440,3,AAT,TAA
M85249.1,65,67,373,375,3,AAT,TAA
M85249.1,65,67,197,199,3,AAT,TAA
M85249.1,199,201,651,653,3,AAT,TAA
M85249.1,113,115,651,653,3,AAT,TAA
M85249.1,277,279,547,549,3,AAT,TAA
M85249.1,17,19,276,278,3,AAT,TAA
M85249.1,80,82,276,278,3,AAT,TAA
M85249.1,514,516,547,549,3,AAT,TAA
M85249.1,65,67,547,549,3,AAT,TAA
M85249.1,65,67,76,78,3,AAT,TAA
M85249.1,65,67,185,187,3,AAT,TAA
M85249.1,369,371,651,653,3,AAT,TAA
M85249.1,17,19,651,653,3,AAT,TAA
M85249.1,362,364,651,653,3,AAT,TAA
M85249.1,603,605,651,653,3,AAT,TAA
M85249.1,80,82,651,653,3,AAT,TAA
M85249.1,277,279,526,528,3,AAT,TAA
M85249.1,125,127,276,278,3,AAT,TAA
M85249.1,132,134,276,278,3,AAT,TAA
M85249.1,101,103,276,278,3,AAT,TAA
M85249.1,248,250,276,278,3,AAT,TAA
M85249.1,514,516,526,528,3,AAT,TAA
M85249.1,65,67,191,193,3,AAT,TAA
M85249.1,65,67,127,129,3,AAT,TAA
M85249.1,65,67,134,136,3,AAT,TAA
M85249.1,65,67,526,528,3,AAT,TAA
M85249.1,125,127,651,653,3,AAT,TAA
M85249.1,132,134,651,653,3,AAT,TAA
M85249.1,101,103,651,653,3,AAT,TAA
M85249.1,292,294,651,653,3,AAT,TAA
M85249.1,248,250,651,653,3,AAT,TAA
M85249.1,78,83,184,189,6,ACAATA,ATAACA
M85249.1,168,174,397,403,7,ACACAGG,GGACACA
M85249.1,170,173,359,362,4,ACAG,GACA
M85249.1,170,173,325,328,4,ACAG,GACA
M85249.1,187,190,398,401,4,ACAG,GACA
M85249.1,170,173,332,335,4,ACAG,GACA
M85249.1,187,190,464,467,4,ACAG,GACA
M85249.1,187,190,325,328,4,ACAG,GACA
M85249.1,365,367,601,603,3,ACC,CCA
M85249.1,208,210,601,603,3,ACC,CCA
M85249.1,365,367,505,507,3,ACC,CCA
M85249.1,208,210,505,507,3,ACC,CCA
M85249.1,121,123,367,369,3,ACC,CCA
M85249.1,121,123,601,603,3,ACC,CCA
M85249.1,471,473,601,603,3,ACC,CCA
M85249.1,121,123,484,486,3,ACC,CCA
M85249.1,471,473,484,486,3,ACC,CCA
M85249.1,365,367,469,471,3,ACC,CCA
M85249.1,208,210,469,471,3,ACC,CCA
M85249.1,393,395,469,471,3,ACC,CCA
M85249.1,393,395,484,486,3,ACC,CCA
M85249.1,92,94,203,205,3,ACG,GCA
M85249.1,92,94,542,544,3,ACG,GCA
M85249.1,477,479,542,544,3,ACG,GCA
M85249.1,92,94,146,148,3,ACG,GCA
M85249.1,380,386,670,676,7,ACTGTGA,AGTGTCA
M85249.1,71,73,551,553,3,ACT,TCA
M85249.1,239,241,551,553,3,ACT,TCA
M85249.1,380,382,551,553,3,ACT,TCA
M85249.1,71,73,448,450,3,ACT,TCA
M85249.1,239,241,448,450,3,ACT,TCA
M85249.1,549,551,674,676,3,ACT,TCA
M85249.1,455,457,551,553,3,ACT,TCA
M85249.1,148,150,551,553,3,ACT,TCA
M85249.1,148,150,448,450,3,ACT,TCA
M85249.1,148,150,674,676,3,ACT,TCA
M85249.1,350,352,551,553,3,ACT,TCA
M85249.1,428,430,551,553,3,ACT,TCA
M85249.1,350,352,674,676,3,ACT,TCA
M85249.1,428,430,674,676,3,ACT,TCA
M85249.1,6,8,37,39,3,ACT,TCA
M85249.1,272,274,551,553,3,ACT,TCA
M85249.1,104,106,551,553,3,ACT,TCA
M85249.1,272,274,448,450,3,ACT,TCA
M85249.1,104,106,448,450,3,ACT,TCA
M85249.1,388,391,462,465,4,AGGA,AGGA
M85249.1,129,132,462,465,4,AGGA,AGGA
M85249.1,159,162,388,391,4,AGGA,AGGA
M85249.1,388,391,533,536,4,AGGA,AGGA
M85249.1,129,132,533,536,4,AGGA,AGGA
M85249.1,193,196,462,465,4,AGGA,AGGA
M85249.1,193,196,533,536,4,AGGA,AGGA
M85249.1,193,196,193,196,4,AGGA,AGGA
M85249.1,159,162,664,667,4,AGGA,AGGA
M85249.1,664,667,664,667,4,AGGA,AGGA
M85249.1,129,132,159,162,4,AGGA,AGGA
M85249.1,159,162,159,162,4,AGGA,AGGA
M85249.1,533,536,533,536,4,AGGA,AGGA
M85249.1,462,465,664,667,4,AGGA,AGGA
M85249.1,462,465,462,465,4,AGGA,AGGA
M85249.1,462,465,533,536,4,AGGA,AGGA
M85249.1,162,168,162,168,7,AGGGGGA,AGGGGGA
M85249.1,172,174,389,391,3,AGG,GGA
M85249.1,172,174,665,667,3,AGG,GGA
M85249.1,172,174,194,196,3,AGG,GGA
M85249.1,172,174,534,536,3,AGG,GGA
M85249.1,388,390,587,589,3,AGG,GGA
M85249.1,129,131,587,589,3,AGG,GGA
M85249.1,193,195,587,589,3,AGG,GGA
M85249.1,462,464,587,589,3,AGG,GGA
M85249.1,533,535,587,589,3,AGG,GGA
M85249.1,172,174,246,248,3,AGG,GGA
M85249.1,159,161,246,248,3,AGG,GGA
M85249.1,129,131,166,168,3,AGG,GGA
M85249.1,159,161,166,168,3,AGG,GGA
M85249.1,162,164,389,391,3,AGG,GGA
M85249.1,162,164,665,667,3,AGG,GGA
M85249.1,129,131,288,290,3,AGG,GGA
M85249.1,193,195,288,290,3,AGG,GGA
M85249.1,162,164,463,465,3,AGG,GGA
M85249.1,172,174,288,290,3,AGG,GGA
M85249.1,162,164,587,589,3,AGG,GGA
M85249.1,162,164,194,196,3,AGG,GGA
M85249.1,162,164,534,536,3,AGG,GGA
M85249.1,159,161,288,290,3,AGG,GGA
M85249.1,244,246,389,391,3,AGG,GGA
M85249.1,244,246,665,667,3,AGG,GGA
M85249.1,244,246,463,465,3,AGG,GGA
M85249.1,388,390,397,399,3,AGG,GGA
M85249.1,129,131,397,399,3,AGG,GGA
M85249.1,193,195,397,399,3,AGG,GGA
M85249.1,450,452,665,667,3,AGG,GGA
M85249.1,388,390,426,428,3,AGG,GGA
M85249.1,129,131,426,428,3,AGG,GGA
M85249.1,193,195,426,428,3,AGG,GGA
M85249.1,162,164,397,399,3,AGG,GGA
M85249.1,162,164,426,428,3,AGG,GGA
M85249.1,244,246,397,399,3,AGG,GGA
M85249.1,159,161,397,399,3,AGG,GGA
M85249.1,450,452,587,589,3,AGG,GGA
M85249.1,450,452,534,536,3,AGG,GGA
M85249.1,244,246,426,428,3,AGG,GGA
M85249.1,159,161,426,428,3,AGG,GGA
M85249.1,388,390,497,499,3,AGG,GGA
M85249.1,129,131,497,499,3,AGG,GGA
M85249.1,193,195,497,499,3,AGG,GGA
M85249.1,154,156,246,248,3,AGG,GGA
M85249.1,154,156,389,391,3,AGG,GGA
M85249.1,154,156,665,667,3,AGG,GGA
M85249.1,172,174,497,499,3,AGG,GGA
M85249.1,154,156,166,168,3,AGG,GGA
M85249.1,154,156,463,465,3,AGG,GGA
M85249.1,244,246,497,499,3,AGG,GGA
M85249.1,159,161,497,499,3,AGG,GGA
M85249.1,154,156,587,589,3,AGG,GGA
M85249.1,154,156,194,196,3,AGG,GGA
M85249.1,154,156,534,536,3,AGG,GGA
M85249.1,388,390,407,409,3,AGG,GGA
M85249.1,129,131,407,409,3,AGG,GGA
M85249.1,193,195,407,409,3,AGG,GGA
M85249.1,388,390,523,525,3,AGG,GGA
M85249.1,129,131,523,525,3,AGG,GGA
M85249.1,193,195,523,525,3,AGG,GGA
M85249.1,129,131,259,261,3,AGG,GGA
M85249.1,193,195,259,261,3,AGG,GGA
M85249.1,172,174,407,409,3,AGG,GGA
M85249.1,172,174,523,525,3,AGG,GGA
M85249.1,172,174,259,261,3,AGG,GGA
M85249.1,162,164,407,409,3,AGG,GGA
M85249.1,162,164,523,525,3,AGG,GGA
M85249.1,462,464,523,525,3,AGG,GGA
M85249.1,162,164,259,261,3,AGG,GGA
M85249.1,606,616,606,616,11,AGTTACATTGA,AGTTACATTGA
M85249.1,236,238,346,348,3,AGT,TGA
M85249.1,136,138,346,348,3,AGT,TGA
M85249.1,189,191,346,348,3,AGT,TGA
M85249.1,205,207,346,348,3,AGT,TGA
M85249.1,189,191,384,386,3,AGT,TGA
M85249.1,205,207,384,386,3,AGT,TGA
M85249.1,337,339,346,348,3,AGT,TGA
M85249.1,337,339,418,420,3,AGT,TGA
M85249.1,670,672,677,679,3,AGT,TGA
M85249.1,281,283,677,679,3,AGT,TGA
M85249.1,236,238,283,285,3,AGT,TGA
M85249.1,136,138,283,285,3,AGT,TGA
M85249.1,189,191,283,285,3,AGT,TGA
M85249.1,205,207,283,285,3,AGT,TGA
M85249.1,281,283,346,348,3,AGT,TGA
M85249.1,189,191,614,616,3,AGT,TGA
M85249.1,205,207,614,616,3,AGT,TGA
M85249.1,564,566,614,616,3,AGT,TGA
M85249.1,281,283,614,616,3,AGT,TGA
M85249.1,337,339,378,380,3,AGT,TGA
M85249.1,236,238,378,380,3,AGT,TGA
M85249.1,136,138,378,380,3,AGT,TGA
M85249.1,337,339,598,600,3,AGT,TGA
M85249.1,509,511,598,600,3,AGT,TGA
M85249.1,236,238,598,600,3,AGT,TGA
M85249.1,136,138,598,600,3,AGT,TGA
M85249.1,236,238,331,333,3,AGT,TGA
M85249.1,136,138,331,333,3,AGT,TGA
M85249.1,564,566,598,600,3,AGT,TGA
M85249.1,281,283,378,380,3,AGT,TGA
M85249.1,281,283,598,600,3,AGT,TGA
M85249.1,281,283,331,333,3,AGT,TGA
M85249.1,337,339,531,533,3,AGT,TGA
M85249.1,509,511,531,533,3,AGT,TGA
M85249.1,236,238,531,533,3,AGT,TGA
M85249.1,136,138,531,533,3,AGT,TGA
M85249.1,337,339,460,462,3,AGT,TGA
M85249.1,236,238,460,462,3,AGT,TGA
M85249.1,136,138,460,462,3,AGT,TGA
M85249.1,189,191,531,533,3,AGT,TGA
M85249.1,205,207,531,533,3,AGT,TGA
M85249.1,189,191,460,462,3,AGT,TGA
M85249.1,205,207,460,462,3,AGT,TGA
M85249.1,281,283,531,533,3,AGT,TGA
M85249.1,281,283,460,462,3,AGT,TGA
M85249.1,606,608,677,679,3,AGT,TGA
M85249.1,236,238,268,270,3,AGT,TGA
M85249.1,136,138,268,270,3,AGT,TGA
M85249.1,251,253,384,386,3,AGT,TGA
M85249.1,251,253,677,679,3,AGT,TGA
M85249.1,189,191,268,270,3,AGT,TGA
M85249.1,205,207,268,270,3,AGT,TGA
M85249.1,251,253,346,348,3,AGT,TGA
M85249.1,184,190,359,365,7,ATAACAG,GACAATA
M85249.1,75,80,360,365,6,ATAACA,ACAATA
M85249.1,126,130,291,295,5,ATAAG,GAATA
M85249.1,133,137,247,251,5,ATAAG,GAATA
M85249.1,133,137,291,295,5,ATAAG,GAATA
M85249.1,25,30,565,570,6,ATAATG,GTAATA
M85249.1,196,199,362,365,4,ATAA,AATA
M85249.1,184,187,680,683,4,ATAA,AATA
M85249.1,126,129,362,365,4,ATAA,AATA
M85249.1,133,136,362,365,4,ATAA,AATA
M85249.1,126,129,603,606,4,ATAA,AATA
M85249.1,133,136,603,606,4,ATAA,AATA
M85249.1,75,78,101,104,4,ATAA,AATA
M85249.1,75,78,292,295,4,ATAA,AATA
M85249.1,75,78,248,251,4,ATAA,AATA
M85249.1,525,528,680,683,4,ATAA,AATA
M85249.1,25,28,125,128,4,ATAA,AATA
M85249.1,25,28,132,135,4,ATAA,AATA
M85249.1,25,28,680,683,4,ATAA,AATA
M85249.1,126,129,652,655,4,ATAA,AATA
M85249.1,133,136,652,655,4,ATAA,AATA
M85249.1,75,78,652,655,4,ATAA,AATA
M85249.1,25,28,292,295,4,ATAA,AATA
M85249.1,25,28,248,251,4,ATAA,AATA
M85249.1,25,28,603,606,4,ATAA,AATA
M85249.1,525,528,652,655,4,ATAA,AATA
M85249.1,184,187,652,655,4,ATAA,AATA
M85249.1,196,199,652,655,4,ATAA,AATA
M85249.1,25,28,80,83,4,ATAA,AATA
M85249.1,126,129,567,570,4,ATAA,AATA
M85249.1,133,136,567,570,4,ATAA,AATA
M85249.1,75,78,567,570,4,ATAA,AATA
M85249.1,525,528,567,570,4,ATAA,AATA
M85249.1,184,187,567,570,4,ATAA,AATA
M85249.1,196,199,567,570,4,ATAA,AATA
M85249.1,249,254,267,272,6,ATAGTT,TTGATA
M85249.1,81,91,693,703,11,ATATTTTCTTA,ATTCTTTTATA
M85249.1,403,406,578,581,4,ATAT,TATA
M85249.1,568,571,700,703,4,ATAT,TATA
M85249.1,403,406,700,703,4,ATAT,TATA
M85249.1,579,582,700,703,4,ATAT,TATA
M85249.1,226,229,700,703,4,ATAT,TATA
M85249.1,81,84,241,244,4,ATAT,TATA
M85249.1,81,84,578,581,4,ATAT,TATA
M85249.1,25,27,25,27,3,ATA,ATA
M85249.1,18,20,363,365,3,ATA,ATA
M85249.1,18,20,18,20,3,ATA,ATA
M85249.1,18,20,102,104,3,ATA,ATA
M85249.1,18,20,653,655,3,ATA,ATA
M85249.1,653,655,653,655,3,ATA,ATA
M85249.1,363,365,363,365,3,ATA,ATA
M85249.1,363,365,653,655,3,ATA,ATA
M85249.1,102,104,363,365,3,ATA,ATA
M85249.1,102,104,102,104,3,ATA,ATA
M85249.1,102,104,653,655,3,ATA,ATA
M85249.1,18,20,604,606,3,ATA,ATA
M85249.1,18,20,293,295,3,ATA,ATA
M85249.1,18,20,249,251,3,ATA,ATA
M85249.1,363,365,604,606,3,ATA,ATA
M85249.1,102,104,604,606,3,ATA,ATA
M85249.1,102,104,293,295,3,ATA,ATA
M85249.1,102,104,249,251,3,ATA,ATA
M85249.1,18,20,81,83,3,ATA,ATA
M85249.1,18,20,568,570,3,ATA,ATA
M85249.1,363,365,568,570,3,ATA,ATA
M85249.1,102,104,568,570,3,ATA,ATA
M85249.1,270,272,681,683,3,ATA,ATA
M85249.1,270,272,363,365,3,ATA,ATA
M85249.1,270,272,653,655,3,ATA,ATA
M85249.1,270,272,568,570,3,ATA,ATA
M85249.1,75,77,403,405,3,ATA,ATA
M85249.1,126,128,403,405,3,ATA,ATA
M85249.1,133,135,403,405,3,ATA,ATA
M85249.1,25,27,403,405,3,ATA,ATA
M85249.1,196,198,403,405,3,ATA,ATA
M85249.1,184,186,403,405,3,ATA,ATA
M85249.1,293,295,363,365,3,ATA,ATA
M85249.1,293,295,653,655,3,ATA,ATA
M85249.1,25,27,184,186,3,ATA,ATA
M85249.1,25,27,196,198,3,ATA,ATA
M85249.1,25,27,525,527,3,ATA,ATA
M85249.1,604,606,653,655,3,ATA,ATA
M85249.1,249,251,363,365,3,ATA,ATA
M85249.1,249,251,653,655,3,ATA,ATA
M85249.1,293,295,604,606,3,ATA,ATA
M85249.1,293,295,293,295,3,ATA,ATA
M85249.1,184,186,184,186,3,ATA,ATA
M85249.1,196,198,196,198,3,ATA,ATA
M85249.1,184,186,196,198,3,ATA,ATA
M85249.1,270,272,525,527,3,ATA,ATA
M85249.1,196,198,525,527,3,ATA,ATA
M85249.1,184,186,525,527,3,ATA,ATA
M85249.1,525,527,525,527,3,ATA,ATA
M85249.1,604,606,604,606,3,ATA,ATA
M85249.1,249,251,604,606,3,ATA,ATA
M85249.1,249,251,293,295,3,ATA,ATA
M85249.1,249,251,249,251,3,ATA,ATA
M85249.1,293,295,403,405,3,ATA,ATA
M85249.1,293,295,568,570,3,ATA,ATA
M85249.1,249,251,403,405,3,ATA,ATA
M85249.1,249,251,568,570,3,ATA,ATA
M85249.1,18,20,270,272,3,ATA,ATA
M85249.1,102,104,270,272,3,ATA,ATA
M85249.1,75,77,270,272,3,ATA,ATA
M85249.1,126,128,270,272,3,ATA,ATA
M85249.1,133,135,270,272,3,ATA,ATA
M85249.1,270,272,270,272,3,ATA,ATA
M85249.1,196,198,270,272,3,ATA,ATA
M85249.1,184,186,270,272,3,ATA,ATA
M85249.1,18,20,501,503,3,ATA,ATA
M85249.1,363,365,501,503,3,ATA,ATA
M85249.1,102,104,501,503,3,ATA,ATA
M85249.1,75,77,501,503,3,ATA,ATA
M85249.1,126,128,501,503,3,ATA,ATA
M85249.1,133,135,501,503,3,ATA,ATA
M85249.1,501,503,681,683,3,ATA,ATA
M85249.1,25,27,501,503,3,ATA,ATA
M85249.1,501,503,653,655,3,ATA,ATA
M85249.1,501,503,568,570,3,ATA,ATA
M85249.1,242,244,681,683,3,ATA,ATA
M85249.1,242,244,363,365,3,ATA,ATA
M85249.1,242,244,653,655,3,ATA,ATA
M85249.1,242,244,604,606,3,ATA,ATA
M85249.1,242,244,293,295,3,ATA,ATA
M85249.1,242,244,249,251,3,ATA,ATA
M85249.1,293,295,701,703,3,ATA,ATA
M85249.1,604,606,701,703,3,ATA,ATA
M85249.1,249,251,701,703,3,ATA,ATA
M85249.1,18,20,701,703,3,ATA,ATA
M85249.1,653,655,701,703,3,ATA,ATA
M85249.1,363,365,701,703,3,ATA,ATA
M85249.1,102,104,701,703,3,ATA,ATA
M85249.1,75,77,701,703,3,ATA,ATA
M85249.1,126,128,701,703,3,ATA,ATA
M85249.1,133,135,701,703,3,ATA,ATA
M85249.1,681,683,701,703,3,ATA,ATA
M85249.1,25,27,701,703,3,ATA,ATA
M85249.1,501,503,701,703,3,ATA,ATA
M85249.1,270,272,701,703,3,ATA,ATA
M85249.1,196,198,701,703,3,ATA,ATA
M85249.1,184,186,701,703,3,ATA,ATA
M85249.1,525,527,701,703,3,ATA,ATA
M85249.1,242,244,701,703,3,ATA,ATA
M85249.1,568,570,653,655,3,ATA,ATA
M85249.1,81,83,270,272,3,ATA,ATA
M85249.1,81,83,363,365,3,ATA,ATA
M85249.1,81,83,102,104,3,ATA,ATA
M85249.1,81,83,653,655,3,ATA,ATA
M85249.1,568,570,604,606,3,ATA,ATA
M85249.1,81,83,501,503,3,ATA,ATA
M85249.1,81,83,604,606,3,ATA,ATA
M85249.1,81,83,293,295,3,ATA,ATA
M85249.1,81,83,249,251,3,ATA,ATA
M85249.1,568,570,568,570,3,ATA,ATA
M85249.1,81,83,403,405,3,ATA,ATA
M85249.1,81,83,81,83,3,ATA,ATA
M85249.1,81,83,568,570,3,ATA,ATA
M85249.1,403,405,525,527,3,ATA,ATA
M85249.1,403,405,681,683,3,ATA,ATA
M85249.1,403,405,501,503,3,ATA,ATA
M85249.1,403,405,604,606,3,ATA,ATA
M85249.1,403,405,403,405,3,ATA,ATA
M85249.1,403,405,568,570,3,ATA,ATA
M85249.1,18,20,242,244,3,ATA,ATA
M85249.1,102,104,242,244,3,ATA,ATA
M85249.1,75,77,242,244,3,ATA,ATA
M85249.1,126,128,242,244,3,ATA,ATA
M85249.1,133,135,242,244,3,ATA,ATA
M85249.1,25,27,242,244,3,ATA,ATA
M85249.1,242,244,242,244,3,ATA,ATA
M85249.1,226,228,525,527,3,ATA,ATA
M85249.1,226,228,681,683,3,ATA,ATA
M85249.1,293,295,579,581,3,ATA,ATA
M85249.1,249,251,579,581,3,ATA,ATA
M85249.1,18,20,579,581,3,ATA,ATA
M85249.1,363,365,579,581,3,ATA,ATA
M85249.1,102,104,579,581,3,ATA,ATA
M85249.1,75,77,579,581,3,ATA,ATA
M85249.1,126,128,579,581,3,ATA,ATA
M85249.1,133,135,579,581,3,ATA,ATA
M85249.1,579,581,681,683,3,ATA,ATA
M85249.1,18,20,226,228,3,ATA,ATA
M85249.1,102,104,226,228,3,ATA,ATA
M85249.1,75,77,226,228,3,ATA,ATA
M85249.1,126,128,226,228,3,ATA,ATA
M85249.1,133,135,226,228,3,ATA,ATA
M85249.1,226,228,270,272,3,ATA,ATA
M85249.1,226,228,363,365,3,ATA,ATA
M85249.1,226,228,653,655,3,ATA,ATA
M85249.1,25,27,579,581,3,ATA,ATA
M85249.1,579,581,653,655,3,ATA,ATA
M85249.1,25,27,226,228,3,ATA,ATA
M85249.1,226,228,501,503,3,ATA,ATA
M85249.1,226,228,604,606,3,ATA,ATA
M85249.1,226,228,293,295,3,ATA,ATA
M85249.1,226,228,249,251,3,ATA,ATA
M85249.1,501,503,579,581,3,ATA,ATA
M85249.1,270,272,579,581,3,ATA,ATA
M85249.1,196,198,579,581,3,ATA,ATA
M85249.1,184,186,579,581,3,ATA,ATA
M85249.1,525,527,579,581,3,ATA,ATA
M85249.1,579,581,604,606,3,ATA,ATA
M85249.1,196,198,226,228,3,ATA,ATA
M85249.1,184,186,226,228,3,ATA,ATA
M85249.1,701,703,701,703,3,ATA,ATA
M85249.1,370,372,577,579,3,ATC,CTA
M85249.1,177,179,372,374,3,ATC,CTA
M85249.1,228,230,372,374,3,ATC,CTA
M85249.1,114,116,309,311,3,ATC,CTA
M85249.1,114,116,175,177,3,ATC,CTA
M85249.1,114,116,577,579,3,ATC,CTA
M85249.1,114,116,240,242,3,ATC,CTA
M85249.1,177,179,641,643,3,ATC,CTA
M85249.1,434,436,641,643,3,ATC,CTA
M85249.1,228,230,641,643,3,ATC,CTA
M85249.1,177,179,662,664,3,ATC,CTA
M85249.1,434,436,662,664,3,ATC,CTA
M85249.1,228,230,662,664,3,ATC,CTA
M85249.1,684,693,684,693,10,ATGTTTTGTA,ATGTTTTGTA
M85249.1,2,4,437,439,3,ATG,GTA
M85249.1,417,419,437,439,3,ATG,GTA
M85249.1,144,146,190,192,3,ATG,GTA
M85249.1,144,146,565,567,3,ATG,GTA
M85249.1,261,263,565,567,3,ATG,GTA
M85249.1,144,146,237,239,3,ATG,GTA
M85249.1,144,146,206,208,3,ATG,GTA
M85249.1,2,4,231,233,3,ATG,GTA
M85249.1,311,313,565,567,3,ATG,GTA
M85249.1,200,202,237,239,3,ATG,GTA
M85249.1,200,202,206,208,3,ATG,GTA
M85249.1,2,4,58,60,3,ATG,GTA
M85249.1,200,202,231,233,3,ATG,GTA
M85249.1,285,287,437,439,3,ATG,GTA
M85249.1,285,287,565,567,3,ATG,GTA
M85249.1,405,407,437,439,3,ATG,GTA
M85249.1,405,407,565,567,3,ATG,GTA
M85249.1,2,4,214,216,3,ATG,GTA
M85249.1,144,146,214,216,3,ATG,GTA
M85249.1,2,4,546,548,3,ATG,GTA
M85249.1,2,4,512,514,3,ATG,GTA
M85249.1,28,30,237,239,3,ATG,GTA
M85249.1,28,30,206,208,3,ATG,GTA
M85249.1,285,287,546,548,3,ATG,GTA
M85249.1,144,146,546,548,3,ATG,GTA
M85249.1,261,263,546,548,3,ATG,GTA
M85249.1,417,419,546,548,3,ATG,GTA
M85249.1,285,287,512,514,3,ATG,GTA
M85249.1,144,146,512,514,3,ATG,GTA
M85249.1,261,263,512,514,3,ATG,GTA
M85249.1,417,419,512,514,3,ATG,GTA
M85249.1,28,30,231,233,3,ATG,GTA
M85249.1,28,30,137,139,3,ATG,GTA
M85249.1,405,407,546,548,3,ATG,GTA
M85249.1,311,313,546,548,3,ATG,GTA
M85249.1,405,407,512,514,3,ATG,GTA
M85249.1,311,313,512,514,3,ATG,GTA
M85249.1,28,30,214,216,3,ATG,GTA
M85249.1,544,546,565,567,3,ATG,GTA
M85249.1,420,422,437,439,3,ATG,GTA
M85249.1,420,422,565,567,3,ATG,GTA
M85249.1,200,202,691,693,3,ATG,GTA
M85249.1,2,4,48,50,3,ATG,GTA
M85249.1,676,678,691,693,3,ATG,GTA
M85249.1,2,4,691,693,3,ATG,GTA
M85249.1,285,287,691,693,3,ATG,GTA
M85249.1,144,146,691,693,3,ATG,GTA
M85249.1,261,263,691,693,3,ATG,GTA
M85249.1,589,591,691,693,3,ATG,GTA
M85249.1,417,419,691,693,3,ATG,GTA
M85249.1,50,53,607,610,4,ATTG,GTTA
M85249.1,376,379,452,455,4,ATTG,GTTA
M85249.1,50,53,452,455,4,ATTG,GTTA
M85249.1,50,53,156,159,4,ATTG,GTTA
M85249.1,11,14,452,455,4,ATTG,GTTA
M85249.1,11,14,607,610,4,ATTG,GTTA
M85249.1,444,447,452,455,4,ATTG,GTTA
M85249.1,444,447,607,610,4,ATTG,GTTA
M85249.1,11,14,156,159,4,ATTG,GTTA
M85249.1,11,14,304,307,4,ATTG,GTTA
M85249.1,536,539,607,610,4,ATTG,GTTA
M85249.1,42,45,452,455,4,ATTG,GTTA
M85249.1,42,45,607,610,4,ATTG,GTTA
M85249.1,42,45,156,159,4,ATTG,GTTA
M85249.1,42,45,304,307,4,ATTG,GTTA
M85249.1,66,70,430,434,5,ATTTT,TTTTA
M85249.1,66,70,697,701,5,ATTTT,TTTTA
M85249.1,409,413,648,652,5,ATTTT,TTTTA
M85249.1,66,70,318,322,5,ATTTT,TTTTA
M85249.1,409,413,430,434,5,ATTTT,TTTTA
M85249.1,409,413,697,701,5,ATTTT,TTTTA
M85249.1,83,87,318,322,5,ATTTT,TTTTA
M85249.1,39,41,89,91,3,ATT,TTA
M85249.1,39,41,150,152,3,ATT,TTA
M85249.1,39,41,97,99,3,ATT,TTA
M85249.1,11,13,217,219,3,ATT,TTA
M85249.1,11,13,150,152,3,ATT,TTA
M85249.1,11,13,97,99,3,ATT,TTA
M85249.1,11,13,279,281,3,ATT,TTA
M85249.1,376,378,627,629,3,ATT,TTA
M85249.1,11,13,224,226,3,ATT,TTA
M85249.1,11,13,40,42,3,ATT,TTA
M85249.1,11,13,627,629,3,ATT,TTA
M85249.1,444,446,627,629,3,ATT,TTA
M85249.1,278,280,608,610,3,ATT,TTA
M85249.1,223,225,608,610,3,ATT,TTA
M85249.1,278,280,453,455,3,ATT,TTA
M85249.1,223,225,453,455,3,ATT,TTA
M85249.1,612,614,627,629,3,ATT,TTA
M85249.1,216,218,608,610,3,ATT,TTA
M85249.1,216,218,453,455,3,ATT,TTA
M85249.1,278,280,305,307,3,ATT,TTA
M85249.1,223,225,305,307,3,ATT,TTA
M85249.1,39,41,305,307,3,ATT,TTA
M85249.1,39,41,157,159,3,ATT,TTA
M85249.1,216,218,305,307,3,ATT,TTA
M85249.1,536,538,627,629,3,ATT,TTA
M85249.1,50,52,89,91,3,ATT,TTA
M85249.1,42,44,89,91,3,ATT,TTA
M85249.1,50,52,217,219,3,ATT,TTA
M85249.1,42,44,217,219,3,ATT,TTA
M85249.1,50,52,150,152,3,ATT,TTA
M85249.1,50,52,97,99,3,ATT,TTA
M85249.1,50,52,279,281,3,ATT,TTA
M85249.1,42,44,150,152,3,ATT,TTA
M85249.1,42,44,97,99,3,ATT,TTA
M85249.1,42,44,279,281,3,ATT,TTA
M85249.1,39,41,353,355,3,ATT,TTA
M85249.1,39,41,275,277,3,ATT,TTA
M85249.1,515,517,608,610,3,ATT,TTA
M85249.1,66,68,608,610,3,ATT,TTA
M85249.1,66,68,453,455,3,ATT,TTA
M85249.1,66,68,217,219,3,ATT,TTA
M85249.1,612,614,650,652,3,ATT,TTA
M85249.1,39,41,650,652,3,ATT,TTA
M85249.1,66,68,305,307,3,ATT,TTA
M85249.1,66,68,157,159,3,ATT,TTA
M85249.1,66,68,150,152,3,ATT,TTA
M85249.1,66,68,97,99,3,ATT,TTA
M85249.1,66,68,279,281,3,ATT,TTA
M85249.1,536,538,650,652,3,ATT,TTA
M85249.1,50,52,353,355,3,ATT,TTA
M85249.1,42,44,353,355,3,ATT,TTA
M85249.1,216,218,353,355,3,ATT,TTA
M85249.1,50,52,275,277,3,ATT,TTA
M85249.1,42,44,275,277,3,ATT,TTA
M85249.1,216,218,275,277,3,ATT,TTA
M85249.1,515,517,627,629,3,ATT,TTA
M85249.1,618,620,627,629,3,ATT,TTA
M85249.1,66,68,224,226,3,ATT,TTA
M85249.1,66,68,627,629,3,ATT,TTA
M85249.1,50,52,650,652,3,ATT,TTA
M85249.1,42,44,650,652,3,ATT,TTA
M85249.1,216,218,650,652,3,ATT,TTA
M85249.1,626,628,650,652,3,ATT,TTA
M85249.1,11,13,69,71,3,ATT,TTA
M85249.1,328,330,627,629,3,ATT,TTA
M85249.1,50,52,69,71,3,ATT,TTA
M85249.1,42,44,69,71,3,ATT,TTA
M85249.1,11,13,320,322,3,ATT,TTA
M85249.1,278,280,320,322,3,ATT,TTA
M85249.1,223,225,320,322,3,ATT,TTA
M85249.1,409,411,608,610,3,ATT,TTA
M85249.1,409,411,453,455,3,ATT,TTA
M85249.1,39,41,320,322,3,ATT,TTA
M85249.1,409,411,627,629,3,ATT,TTA
M85249.1,50,52,320,322,3,ATT,TTA
M85249.1,42,44,320,322,3,ATT,TTA
M85249.1,216,218,320,322,3,ATT,TTA
M85249.1,376,378,432,434,3,ATT,TTA
M85249.1,11,13,432,434,3,ATT,TTA
M85249.1,278,280,432,434,3,ATT,TTA
M85249.1,223,225,432,434,3,ATT,TTA
M85249.1,83,85,89,91,3,ATT,TTA
M85249.1,376,378,699,701,3,ATT,TTA
M85249.1,11,13,699,701,3,ATT,TTA
M85249.1,444,446,699,701,3,ATT,TTA
M85249.1,278,280,699,701,3,ATT,TTA
M85249.1,223,225,699,701,3,ATT,TTA
M85249.1,39,41,432,434,3,ATT,TTA
M85249.1,83,85,608,610,3,ATT,TTA
M85249.1,83,85,453,455,3,ATT,TTA
M85249.1,83,85,217,219,3,ATT,TTA
M85249.1,612,614,699,701,3,ATT,TTA
M85249.1,39,41,699,701,3,ATT,TTA
M85249.1,83,85,305,307,3,ATT,TTA
M85249.1,83,85,157,159,3,ATT,TTA
M85249.1,83,85,150,152,3,ATT,TTA
M85249.1,83,85,97,99,3,ATT,TTA
M85249.1,83,85,279,281,3,ATT,TTA
M85249.1,536,538,699,701,3,ATT,TTA
M85249.1,368,371,547,550,4,CAAT,TAAC
M85249.1,79,82,90,93,4,CAAT,TAAC
M85249.1,16,19,90,93,4,CAAT,TAAC
M85249.1,361,364,547,550,4,CAAT,TAAC
M85249.1,79,82,547,550,4,CAAT,TAAC
M85249.1,120,122,169,171,3,CAC,CAC
M85249.1,120,122,400,402,3,CAC,CAC
M85249.1,169,171,470,472,3,CAC,CAC
M85249.1,400,402,470,472,3,CAC,CAC
M85249.1,147,149,147,149,3,CAC,CAC
M85249.1,147,149,169,171,3,CAC,CAC
M85249.1,147,149,400,402,3,CAC,CAC
M85249.1,147,149,470,472,3,CAC,CAC
M85249.1,120,122,147,149,3,CAC,CAC
M85249.1,119,125,467,473,7,CCACCGA,AGCCACC
M85249.1,367,369,471,473,3,CCA,ACC
M85249.1,367,369,600,602,3,CCA,ACC
M85249.1,469,471,600,602,3,CCA,ACC
M85249.1,505,507,600,602,3,CCA,ACC
M85249.1,119,121,600,602,3,CCA,ACC
M85249.1,119,121,365,367,3,CCA,ACC
M85249.1,119,121,208,210,3,CCA,ACC
M85249.1,601,603,643,645,3,CCA,ACC
M85249.1,484,486,643,645,3,CCA,ACC
M85249.1,367,369,643,645,3,CCA,ACC
M85249.1,119,121,643,645,3,CCA,ACC
M85249.1,209,211,209,211,3,CCC,CCC
M85249.1,366,368,584,586,3,CCC,CCC
M85249.1,483,485,584,586,3,CCC,CCC
M85249.1,483,485,483,485,3,CCC,CCC
M85249.1,122,124,479,481,3,CCG,GCC
M85249.1,210,212,468,470,3,CCG,GCC
M85249.1,210,212,504,506,3,CCG,GCC
M85249.1,210,212,479,481,3,CCG,GCC
M85249.1,54,56,468,470,3,CCG,GCC
M85249.1,54,56,504,506,3,CCG,GCC
M85249.1,54,56,94,96,3,CCG,GCC
M85249.1,54,56,479,481,3,CCG,GCC
M85249.1,472,474,583,585,3,CCG,GCC
M85249.1,122,124,583,585,3,CCG,GCC
M85249.1,54,56,583,585,3,CCG,GCC
M85249.1,95,97,482,484,3,CCT,TCC
M85249.1,95,97,632,634,3,CCT,TCC
M85249.1,394,396,482,484,3,CCT,TCC
M85249.1,394,396,632,634,3,CCT,TCC
M85249.1,478,480,478,480,3,CGC,CGC
M85249.1,93,95,93,95,3,CGC,CGC
M85249.1,93,95,478,480,3,CGC,CGC
M85249.1,473,475,473,475,3,CGC,CGC
M85249.1,473,475,645,647,3,CGC,CGC
M85249.1,645,647,645,647,3,CGC,CGC
M85249.1,55,57,173,175,3,CGG,GGC
M85249.1,55,57,202,204,3,CGG,GGC
M85249.1,55,57,541,543,3,CGG,GGC
M85249.1,211,213,541,543,3,CGG,GGC
M85249.1,55,57,343,345,3,CGG,GGC
M85249.1,211,213,343,345,3,CGG,GGC
M85249.1,230,232,413,415,3,CGT,TGC
M85249.1,303,305,582,584,3,CGT,TGC
M85249.1,303,305,312,314,3,CGT,TGC
M85249.1,300,302,582,584,3,CGT,TGC
M85249.1,314,316,582,584,3,CGT,TGC
M85249.1,300,302,590,592,3,CGT,TGC
M85249.1,300,302,575,577,3,CGT,TGC
M85249.1,314,316,590,592,3,CGT,TGC
M85249.1,314,316,575,577,3,CGT,TGC
M85249.1,240,242,370,372,3,CTA,ATC
M85249.1,72,74,228,230,3,CTA,ATC
M85249.1,72,74,177,179,3,CTA,ATC
M85249.1,72,74,434,436,3,CTA,ATC
M85249.1,175,177,370,372,3,CTA,ATC
M85249.1,309,311,370,372,3,CTA,ATC
M85249.1,372,374,434,436,3,CTA,ATC
M85249.1,72,74,570,572,3,CTA,ATC
M85249.1,72,74,629,631,3,CTA,ATC
M85249.1,63,65,570,572,3,CTA,ATC
M85249.1,63,65,629,631,3,CTA,ATC
M85249.1,622,633,622,633,12,CTCTATTATCTC,CTCTATTATCTC
M85249.1,481,483,550,552,3,CTC,CTC
M85249.1,550,552,634,636,3,CTC,CTC
M85249.1,550,552,660,662,3,CTC,CTC
M85249.1,481,483,660,662,3,CTC,CTC
M85249.1,550,552,631,633,3,CTC,CTC
M85249.1,631,633,631,633,3,CTC,CTC
M85249.1,634,636,660,662,3,CTC,CTC
M85249.1,634,636,634,636,3,CTC,CTC
M85249.1,264,266,550,552,3,CTC,CTC
M85249.1,264,266,481,483,3,CTC,CTC
M85249.1,660,662,660,662,3,CTC,CTC
M85249.1,264,266,660,662,3,CTC,CTC
M85249.1,264,266,264,266,3,CTC,CTC
M85249.1,264,266,634,636,3,CTC,CTC
M85249.1,550,552,636,638,3,CTC,CTC
M85249.1,550,552,622,624,3,CTC,CTC
M85249.1,481,483,636,638,3,CTC,CTC
M85249.1,481,483,622,624,3,CTC,CTC
M85249.1,7,9,493,495,3,CTG,GTC
M85249.1,345,347,493,495,3,CTG,GTC
M85249.1,395,397,673,675,3,CTG,GTC
M85249.1,395,397,447,449,3,CTG,GTC
M85249.1,345,347,673,675,3,CTG,GTC
M85249.1,345,347,447,449,3,CTG,GTC
M85249.1,381,383,493,495,3,CTG,GTC
M85249.1,495,497,673,675,3,CTG,GTC
M85249.1,456,458,493,495,3,CTG,GTC
M85249.1,7,9,301,303,3,CTG,GTC
M85249.1,351,357,616,622,7,CTTTAAA,AAATTTC
M85249.1,273,279,513,519,7,CTTTAAT,TAATTTC
M85249.1,273,278,617,622,6,CTTTAA,AATTTC
M85249.1,351,356,514,519,6,CTTTAA,AATTTC
M85249.1,105,108,516,519,4,CTTT,TTTC
M85249.1,105,108,619,622,4,CTTT,TTTC
M85249.1,592,595,619,622,4,CTTT,TTTC
M85249.1,429,432,516,519,4,CTTT,TTTC
M85249.1,429,432,619,622,4,CTTT,TTTC
M85249.1,124,137,124,137,14,GAATAAGGAATAAG,GAATAAGGAATAAG
M85249.1,124,130,124,130,7,GAATAAG,GAATAAG
M85249.1,131,137,131,137,7,GAATAAG,GAATAAG
M85249.1,291,296,524,529,6,GAATAG,GATAAG
M85249.1,247,252,524,529,6,GAATAG,GATAAG
M85249.1,124,128,525,529,5,GAATA,ATAAG
M85249.1,131,135,525,529,5,GAATA,ATAAG
M85249.1,100,104,126,130,5,GAATA,ATAAG
M85249.1,100,104,525,529,5,GAATA,ATAAG
M85249.1,100,104,133,137,5,GAATA,ATAAG
M85249.1,487,489,508,510,3,GAA,AAG
M85249.1,390,392,657,659,3,GAA,AAG
M85249.1,385,387,657,659,3,GAA,AAG
M85249.1,111,113,657,659,3,GAA,AAG
M85249.1,615,617,657,659,3,GAA,AAG
M85249.1,4,6,557,559,3,GAA,AAG
M85249.1,4,6,357,359,3,GAA,AAG
M85249.1,4,6,387,389,3,GAA,AAG
M85249.1,140,142,657,659,3,GAA,AAG
M85249.1,296,298,657,659,3,GAA,AAG
M85249.1,234,236,657,659,3,GAA,AAG
M85249.1,140,142,387,389,3,GAA,AAG
M85249.1,296,298,387,389,3,GAA,AAG
M85249.1,234,236,387,389,3,GAA,AAG
M85249.1,4,6,141,143,3,GAA,AAG
M85249.1,111,113,141,143,3,GAA,AAG
M85249.1,140,142,336,338,3,GAA,AAG
M85249.1,140,142,508,510,3,GAA,AAG
M85249.1,296,298,336,338,3,GAA,AAG
M85249.1,296,298,508,510,3,GAA,AAG
M85249.1,4,6,181,183,3,GAA,AAG
M85249.1,111,113,181,183,3,GAA,AAG
M85249.1,234,236,336,338,3,GAA,AAG
M85249.1,234,236,508,510,3,GAA,AAG
M85249.1,180,182,557,559,3,GAA,AAG
M85249.1,180,182,357,359,3,GAA,AAG
M85249.1,180,182,387,389,3,GAA,AAG
M85249.1,180,182,336,338,3,GAA,AAG
M85249.1,180,182,508,510,3,GAA,AAG
M85249.1,4,6,297,299,3,GAA,AAG
M85249.1,111,113,297,299,3,GAA,AAG
M85249.1,100,102,297,299,3,GAA,AAG
M85249.1,100,102,657,659,3,GAA,AAG
M85249.1,291,293,297,299,3,GAA,AAG
M85249.1,291,293,657,659,3,GAA,AAG
M85249.1,100,102,387,389,3,GAA,AAG
M85249.1,291,293,387,389,3,GAA,AAG
M85249.1,100,102,235,237,3,GAA,AAG
M85249.1,100,102,336,338,3,GAA,AAG
M85249.1,100,102,508,510,3,GAA,AAG
M85249.1,291,293,336,338,3,GAA,AAG
M85249.1,291,293,508,510,3,GAA,AAG
M85249.1,124,126,141,143,3,GAA,AAG
M85249.1,124,126,181,183,3,GAA,AAG
M85249.1,124,126,557,559,3,GAA,AAG
M85249.1,124,126,357,359,3,GAA,AAG
M85249.1,221,223,557,559,3,GAA,AAG
M85249.1,221,223,357,359,3,GAA,AAG
M85249.1,124,126,387,389,3,GAA,AAG
M85249.1,221,223,387,389,3,GAA,AAG
M85249.1,124,126,235,237,3,GAA,AAG
M85249.1,124,126,336,338,3,GAA,AAG
M85249.1,124,126,508,510,3,GAA,AAG
M85249.1,4,6,60,62,3,GAA,AAG
M85249.1,221,223,235,237,3,GAA,AAG
M85249.1,221,223,336,338,3,GAA,AAG
M85249.1,221,223,508,510,3,GAA,AAG
M85249.1,131,133,141,143,3,GAA,AAG
M85249.1,131,133,181,183,3,GAA,AAG
M85249.1,131,133,557,559,3,GAA,AAG
M85249.1,131,133,357,359,3,GAA,AAG
M85249.1,247,249,557,559,3,GAA,AAG
M85249.1,247,249,357,359,3,GAA,AAG
M85249.1,140,142,192,194,3,GAA,AAG
M85249.1,131,133,297,299,3,GAA,AAG
M85249.1,131,133,657,659,3,GAA,AAG
M85249.1,247,249,297,299,3,GAA,AAG
M85249.1,247,249,657,659,3,GAA,AAG
M85249.1,180,182,192,194,3,GAA,AAG
M85249.1,4,6,128,130,3,GAA,AAG
M85249.1,111,113,128,130,3,GAA,AAG
M85249.1,131,133,235,237,3,GAA,AAG
M85249.1,131,133,336,338,3,GAA,AAG
M85249.1,131,133,508,510,3,GAA,AAG
M85249.1,247,249,336,338,3,GAA,AAG
M85249.1,247,249,508,510,3,GAA,AAG
M85249.1,4,6,192,194,3,GAA,AAG
M85249.1,111,113,192,194,3,GAA,AAG
M85249.1,140,142,527,529,3,GAA,AAG
M85249.1,296,298,527,529,3,GAA,AAG
M85249.1,234,236,527,529,3,GAA,AAG
M85249.1,487,489,527,529,3,GAA,AAG
M85249.1,9,11,141,143,3,GAA,AAG
M85249.1,9,11,181,183,3,GAA,AAG
M85249.1,9,11,557,559,3,GAA,AAG
M85249.1,9,11,357,359,3,GAA,AAG
M85249.1,180,182,527,529,3,GAA,AAG
M85249.1,9,11,297,299,3,GAA,AAG
M85249.1,9,11,657,659,3,GAA,AAG
M85249.1,390,392,527,529,3,GAA,AAG
M85249.1,9,11,387,389,3,GAA,AAG
M85249.1,167,170,668,671,4,GACA,ACAG
M85249.1,167,170,187,190,4,GACA,ACAG
M85249.1,398,401,668,671,4,GACA,ACAG
M85249.1,359,362,465,468,4,GACA,ACAG
M85249.1,167,170,465,468,4,GACA,ACAG
M85249.1,398,401,465,468,4,GACA,ACAG
M85249.1,332,335,465,468,4,GACA,ACAG
M85249.1,464,467,668,671,4,GACA,ACAG
M85249.1,325,328,465,468,4,GACA,ACAG
M85249.1,325,328,668,671,4,GACA,ACAG
M85249.1,559,565,559,565,7,GAGCGAG,GAGCGAG
M85249.1,559,561,559,561,3,GAG,GAG
M85249.1,323,325,563,565,3,GAG,GAG
M85249.1,289,291,563,565,3,GAG,GAG
M85249.1,498,500,563,565,3,GAG,GAG
M85249.1,153,155,559,561,3,GAG,GAG
M85249.1,289,291,289,291,3,GAG,GAG
M85249.1,289,291,498,500,3,GAG,GAG
M85249.1,498,500,498,500,3,GAG,GAG
M85249.1,153,155,153,155,3,GAG,GAG
M85249.1,347,349,498,500,3,GAG,GAG
M85249.1,153,155,563,565,3,GAG,GAG
M85249.1,161,163,323,325,3,GAG,GAG
M85249.1,161,163,559,561,3,GAG,GAG
M85249.1,161,163,563,565,3,GAG,GAG
M85249.1,461,463,559,561,3,GAG,GAG
M85249.1,532,534,559,561,3,GAG,GAG
M85249.1,161,163,347,349,3,GAG,GAG
M85249.1,289,291,347,349,3,GAG,GAG
M85249.1,347,349,347,349,3,GAG,GAG
M85249.1,563,565,563,565,3,GAG,GAG
M85249.1,153,155,532,534,3,GAG,GAG
M85249.1,323,325,532,534,3,GAG,GAG
M85249.1,153,155,461,463,3,GAG,GAG
M85249.1,323,325,461,463,3,GAG,GAG
M85249.1,461,463,532,534,3,GAG,GAG
M85249.1,532,534,532,534,3,GAG,GAG
M85249.1,347,349,532,534,3,GAG,GAG
M85249.1,461,463,461,463,3,GAG,GAG
M85249.1,347,349,461,463,3,GAG,GAG
M85249.1,524,528,603,607,5,GATAA,AATAG
M85249.1,183,187,248,252,5,GATAA,AATAG
M85249.1,195,199,292,296,5,GATAA,AATAG
M85249.1,195,199,248,252,5,GATAA,AATAG
M85249.1,195,199,603,607,5,GATAA,AATAG
M85249.1,143,145,502,504,3,GAT,TAG
M85249.1,143,145,243,245,3,GAT,TAG
M85249.1,195,197,232,234,3,GAT,TAG
M85249.1,143,145,605,607,3,GAT,TAG
M85249.1,143,145,250,252,3,GAT,TAG
M85249.1,416,418,605,607,3,GAT,TAG
M85249.1,260,262,294,296,3,GAT,TAG
M85249.1,260,262,502,504,3,GAT,TAG
M85249.1,260,262,605,607,3,GAT,TAG
M85249.1,588,590,605,607,3,GAT,TAG
M85249.1,284,286,294,296,3,GAT,TAG
M85249.1,284,286,502,504,3,GAT,TAG
M85249.1,419,421,502,504,3,GAT,TAG
M85249.1,260,262,321,323,3,GAT,TAG
M85249.1,195,197,321,323,3,GAT,TAG
M85249.1,284,286,321,323,3,GAT,TAG
M85249.1,269,271,321,323,3,GAT,TAG
M85249.1,143,145,306,308,3,GAT,TAG
M85249.1,183,185,306,308,3,GAT,TAG
M85249.1,260,262,306,308,3,GAT,TAG
M85249.1,195,197,306,308,3,GAT,TAG
M85249.1,284,286,306,308,3,GAT,TAG
M85249.1,269,271,306,308,3,GAT,TAG
M85249.1,143,145,158,160,3,GAT,TAG
M85249.1,408,410,502,504,3,GAT,TAG
M85249.1,535,537,605,607,3,GAT,TAG
M85249.1,408,410,605,607,3,GAT,TAG
M85249.1,143,145,280,282,3,GAT,TAG
M85249.1,183,185,280,282,3,GAT,TAG
M85249.1,260,262,280,282,3,GAT,TAG
M85249.1,195,197,280,282,3,GAT,TAG
M85249.1,143,145,663,665,3,GAT,TAG
M85249.1,183,185,663,665,3,GAT,TAG
M85249.1,500,502,663,665,3,GAT,TAG
M85249.1,416,418,663,665,3,GAT,TAG
M85249.1,284,286,663,665,3,GAT,TAG
M85249.1,419,421,663,665,3,GAT,TAG
M85249.1,269,271,663,665,3,GAT,TAG
M85249.1,203,205,219,221,3,GCA,ACG
M85249.1,146,148,219,221,3,GCA,ACG
M85249.1,146,148,477,479,3,GCA,ACG
M85249.1,146,148,489,491,3,GCA,ACG
M85249.1,468,474,468,474,7,GCCACCG,GCCACCG
M85249.1,504,506,585,587,3,GCC,CCG
M85249.1,468,470,585,587,3,GCC,CCG
M85249.1,583,585,644,646,3,GCC,CCG
M85249.1,53,55,122,124,3,GCC,CCG
M85249.1,53,55,472,474,3,GCC,CCG
M85249.1,53,55,644,646,3,GCC,CCG
M85249.1,53,55,210,212,3,GCC,CCG
M85249.1,53,55,585,587,3,GCC,CCG
M85249.1,94,96,122,124,3,GCC,CCG
M85249.1,479,481,585,587,3,GCC,CCG
M85249.1,94,96,210,212,3,GCC,CCG
M85249.1,94,96,585,587,3,GCC,CCG
M85249.1,299,301,299,301,3,GCG,GCG
M85249.1,414,416,414,416,3,GCG,GCG
M85249.1,313,315,561,563,3,GCG,GCG
M85249.1,474,476,474,476,3,GCG,GCG
M85249.1,313,315,474,476,3,GCG,GCG
M85249.1,414,416,474,476,3,GCG,GCG
M85249.1,174,180,174,180,7,GCTATCG,GCTATCG
M85249.1,174,178,227,231,5,GCTAT,TATCG
M85249.1,308,312,433,437,5,GCTAT,TATCG
M85249.1,174,178,433,437,5,GCTAT,TATCG
M85249.1,344,346,435,437,3,GCT,TCG
M85249.1,62,64,302,304,3,GCT,TCG
M85249.1,174,176,302,304,3,GCT,TCG
M85249.1,34,36,302,304,3,GCT,TCG
M85249.1,34,36,229,231,3,GCT,TCG
M85249.1,34,36,435,437,3,GCT,TCG
M85249.1,62,64,518,520,3,GCT,TCG
M85249.1,308,310,518,520,3,GCT,TCG
M85249.1,263,265,518,520,3,GCT,TCG
M85249.1,587,590,663,666,4,GGAT,TAGG
M85249.1,407,410,663,666,4,GGAT,TAGG
M85249.1,259,262,663,666,4,GGAT,TAGG
M85249.1,523,526,663,666,4,GGAT,TAGG
M85249.1,130,132,172,174,3,GGA,AGG
M85249.1,166,168,388,390,3,GGA,AGG
M85249.1,166,168,193,195,3,GGA,AGG
M85249.1,389,391,450,452,3,GGA,AGG
M85249.1,130,132,450,452,3,GGA,AGG
M85249.1,246,248,450,452,3,GGA,AGG
M85249.1,160,162,172,174,3,GGA,AGG
M85249.1,166,168,533,535,3,GGA,AGG
M85249.1,246,248,533,535,3,GGA,AGG
M85249.1,166,168,462,464,3,GGA,AGG
M85249.1,246,248,462,464,3,GGA,AGG
M85249.1,160,162,450,452,3,GGA,AGG
M85249.1,397,399,533,535,3,GGA,AGG
M85249.1,426,428,533,535,3,GGA,AGG
M85249.1,397,399,462,464,3,GGA,AGG
M85249.1,426,428,462,464,3,GGA,AGG
M85249.1,288,290,388,390,3,GGA,AGG
M85249.1,130,132,162,164,3,GGA,AGG
M85249.1,288,290,450,452,3,GGA,AGG
M85249.1,130,132,154,156,3,GGA,AGG
M85249.1,288,290,664,666,3,GGA,AGG
M85249.1,166,168,664,666,3,GGA,AGG
M85249.1,246,248,664,666,3,GGA,AGG
M85249.1,194,196,450,452,3,GGA,AGG
M85249.1,497,499,664,666,3,GGA,AGG
M85249.1,397,399,664,666,3,GGA,AGG
M85249.1,426,428,664,666,3,GGA,AGG
M85249.1,160,162,244,246,3,GGA,AGG
M85249.1,130,132,244,246,3,GGA,AGG
M85249.1,523,525,533,535,3,GGA,AGG
M85249.1,259,261,533,535,3,GGA,AGG
M85249.1,259,261,462,464,3,GGA,AGG
M85249.1,259,261,388,390,3,GGA,AGG
M85249.1,407,409,533,535,3,GGA,AGG
M85249.1,407,409,462,464,3,GGA,AGG
M85249.1,202,204,586,588,3,GGC,CGG
M85249.1,541,543,586,588,3,GGC,CGG
M85249.1,202,204,211,213,3,GGC,CGG
M85249.1,173,175,211,213,3,GGC,CGG
M85249.1,173,175,490,492,3,GGC,CGG
M85249.1,343,345,586,588,3,GGC,CGG
M85249.1,343,345,490,492,3,GGC,CGG
M85249.1,245,247,491,493,3,GGG,GGG
M85249.1,165,167,491,493,3,GGG,GGG
M85249.1,165,167,212,214,3,GGG,GGG
M85249.1,163,165,163,165,3,GGG,GGG
M85249.1,165,167,165,167,3,GGG,GGG
M85249.1,163,165,491,493,3,GGG,GGG
M85249.1,163,165,212,214,3,GGG,GGG
M85249.1,164,166,245,247,3,GGG,GGG
M85249.1,164,166,491,493,3,GGG,GGG
M85249.1,164,166,212,214,3,GGG,GGG
M85249.1,164,166,287,289,3,GGG,GGG
M85249.1,165,167,287,289,3,GGG,GGG
M85249.1,287,289,287,289,3,GGG,GGG
M85249.1,56,58,165,167,3,GGG,GGG
M85249.1,56,58,245,247,3,GGG,GGG
M85249.1,212,214,245,247,3,GGG,GGG
M85249.1,56,58,164,166,3,GGG,GGG
M85249.1,56,58,163,165,3,GGG,GGG
M85249.1,56,58,491,493,3,GGG,GGG
M85249.1,56,58,212,214,3,GGG,GGG
M85249.1,56,58,56,58,3,GGG,GGG
M85249.1,212,214,491,493,3,GGG,GGG
M85249.1,212,214,212,214,3,GGG,GGG
M85249.1,491,493,491,493,3,GGG,GGG
M85249.1,492,498,492,498,7,GGTCTGG,GGTCTGG
M85249.1,340,346,518,524,7,GGTGGCT,TCGGTGG
M85249.1,520,524,520,524,5,GGTGG,GGTGG
M85249.1,256,260,520,524,5,GGTGG,GGTGG
M85249.1,256,260,256,260,5,GGTGG,GGTGG
M85249.1,340,344,340,344,5,GGTGG,GGTGG
M85249.1,256,260,340,344,5,GGTGG,GGTGG
M85249.1,565,570,681,686,6,GTAATA,ATAATG
M85249.1,137,146,137,146,10,GTAGAAGATG,GTAGAAGATG
M85249.1,214,217,310,313,4,GTAT,TATG
M85249.1,214,217,573,576,4,GTAT,TATG
M85249.1,214,217,580,583,4,GTAT,TATG
M85249.1,48,51,310,313,4,GTAT,TATG
M85249.1,48,51,573,576,4,GTAT,TATG
M85249.1,48,51,580,583,4,GTAT,TATG
M85249.1,48,51,404,407,4,GTAT,TATG
M85249.1,437,439,676,678,3,GTA,ATG
M85249.1,58,60,676,678,3,GTA,ATG
M85249.1,206,208,684,686,3,GTA,ATG
M85249.1,237,239,684,686,3,GTA,ATG
M85249.1,546,548,676,678,3,GTA,ATG
M85249.1,512,514,676,678,3,GTA,ATG
M85249.1,190,192,544,546,3,GTA,ATG
M85249.1,437,439,544,546,3,GTA,ATG
M85249.1,58,60,544,546,3,GTA,ATG
M85249.1,137,139,200,202,3,GTA,ATG
M85249.1,58,60,417,419,3,GTA,ATG
M85249.1,137,139,544,546,3,GTA,ATG
M85249.1,137,139,684,686,3,GTA,ATG
M85249.1,231,233,676,678,3,GTA,ATG
M85249.1,206,208,589,591,3,GTA,ATG
M85249.1,237,239,589,591,3,GTA,ATG
M85249.1,190,192,589,591,3,GTA,ATG
M85249.1,565,567,589,591,3,GTA,ATG
M85249.1,206,208,261,263,3,GTA,ATG
M85249.1,237,239,261,263,3,GTA,ATG
M85249.1,190,192,261,263,3,GTA,ATG
M85249.1,58,60,144,146,3,GTA,ATG
M85249.1,58,60,589,591,3,GTA,ATG
M85249.1,58,60,261,263,3,GTA,ATG
M85249.1,231,233,544,546,3,GTA,ATG
M85249.1,231,233,684,686,3,GTA,ATG
M85249.1,546,548,589,591,3,GTA,ATG
M85249.1,512,514,589,591,3,GTA,ATG
M85249.1,206,208,285,287,3,GTA,ATG
M85249.1,237,239,285,287,3,GTA,ATG
M85249.1,190,192,285,287,3,GTA,ATG
M85249.1,206,208,420,422,3,GTA,ATG
M85249.1,237,239,420,422,3,GTA,ATG
M85249.1,190,192,420,422,3,GTA,ATG
M85249.1,58,60,420,422,3,GTA,ATG
M85249.1,137,139,581,583,3,GTA,ATG
M85249.1,206,208,581,583,3,GTA,ATG
M85249.1,237,239,581,583,3,GTA,ATG
M85249.1,190,192,581,583,3,GTA,ATG
M85249.1,565,567,581,583,3,GTA,ATG
M85249.1,137,139,311,313,3,GTA,ATG
M85249.1,206,208,311,313,3,GTA,ATG
M85249.1,237,239,311,313,3,GTA,ATG
M85249.1,190,192,311,313,3,GTA,ATG
M85249.1,137,139,574,576,3,GTA,ATG
M85249.1,206,208,574,576,3,GTA,ATG
M85249.1,237,239,574,576,3,GTA,ATG
M85249.1,190,192,574,576,3,GTA,ATG
M85249.1,565,567,574,576,3,GTA,ATG
M85249.1,58,60,581,583,3,GTA,ATG
M85249.1,58,60,311,313,3,GTA,ATG
M85249.1,58,60,574,576,3,GTA,ATG
M85249.1,546,548,581,583,3,GTA,ATG
M85249.1,512,514,581,583,3,GTA,ATG
M85249.1,546,548,574,576,3,GTA,ATG
M85249.1,512,514,574,576,3,GTA,ATG
M85249.1,137,139,405,407,3,GTA,ATG
M85249.1,206,208,405,407,3,GTA,ATG
M85249.1,237,239,405,407,3,GTA,ATG
M85249.1,190,192,405,407,3,GTA,ATG
M85249.1,214,216,417,419,3,GTA,ATG
M85249.1,214,216,676,678,3,GTA,ATG
M85249.1,231,233,405,407,3,GTA,ATG
M85249.1,214,216,589,591,3,GTA,ATG
M85249.1,214,216,261,263,3,GTA,ATG
M85249.1,214,216,420,422,3,GTA,ATG
M85249.1,214,216,544,546,3,GTA,ATG
M85249.1,214,216,684,686,3,GTA,ATG
M85249.1,48,50,417,419,3,GTA,ATG
M85249.1,48,50,676,678,3,GTA,ATG
M85249.1,48,50,144,146,3,GTA,ATG
M85249.1,48,50,589,591,3,GTA,ATG
M85249.1,48,50,261,263,3,GTA,ATG
M85249.1,48,50,285,287,3,GTA,ATG
M85249.1,48,50,200,202,3,GTA,ATG
M85249.1,14,16,345,347,3,GTC,CTG
M85249.1,301,303,381,383,3,GTC,CTG
M85249.1,301,303,456,458,3,GTC,CTG
M85249.1,301,303,495,497,3,GTC,CTG
M85249.1,14,16,495,497,3,GTC,CTG
M85249.1,447,449,495,497,3,GTC,CTG
M85249.1,301,303,395,397,3,GTC,CTG
M85249.1,14,16,395,397,3,GTC,CTG
M85249.1,109,114,335,340,6,GTGAAA,AAAGTG
M85249.1,304,307,612,615,4,GTTA,ATTG
M85249.1,304,307,376,379,4,GTTA,ATTG
M85249.1,304,307,444,447,4,GTTA,ATTG
M85249.1,156,159,612,615,4,GTTA,ATTG
M85249.1,156,159,376,379,4,GTTA,ATTG
M85249.1,156,159,444,447,4,GTTA,ATTG
M85249.1,30,33,612,615,4,GTTA,ATTG
M85249.1,30,33,376,379,4,GTTA,ATTG
M85249.1,452,455,536,539,4,GTTA,ATTG
M85249.1,30,33,50,53,4,GTTA,ATTG
M85249.1,317,323,408,414,7,GTTTTAG,GATTTTG
M85249.1,304,306,530,532,3,GTT,TTG
M85249.1,304,306,459,461,3,GTT,TTG
M85249.1,304,306,597,599,3,GTT,TTG
M85249.1,452,454,530,532,3,GTT,TTG
M85249.1,156,158,530,532,3,GTT,TTG
M85249.1,452,454,459,461,3,GTT,TTG
M85249.1,156,158,459,461,3,GTT,TTG
M85249.1,452,454,597,599,3,GTT,TTG
M85249.1,156,158,597,599,3,GTT,TTG
M85249.1,30,32,530,532,3,GTT,TTG
M85249.1,529,531,537,539,3,GTT,TTG
M85249.1,30,32,459,461,3,GTT,TTG
M85249.1,30,32,597,599,3,GTT,TTG
M85249.1,596,598,613,615,3,GTT,TTG
M85249.1,458,460,613,615,3,GTT,TTG
M85249.1,45,47,377,379,3,GTT,TTG
M85249.1,45,47,613,615,3,GTT,TTG
M85249.1,45,47,51,53,3,GTT,TTG
M85249.1,304,306,330,332,3,GTT,TTG
M85249.1,156,158,330,332,3,GTT,TTG
M85249.1,45,47,330,332,3,GTT,TTG
M85249.1,30,32,330,332,3,GTT,TTG
M85249.1,252,254,445,447,3,GTT,TTG
M85249.1,252,254,537,539,3,GTT,TTG
M85249.1,156,158,412,414,3,GTT,TTG
M85249.1,45,47,412,414,3,GTT,TTG
M85249.1,30,32,412,414,3,GTT,TTG
M85249.1,304,306,424,426,3,GTT,TTG
M85249.1,45,47,254,256,3,GTT,TTG
M85249.1,30,32,254,256,3,GTT,TTG
M85249.1,45,47,424,426,3,GTT,TTG
M85249.1,30,32,424,426,3,GTT,TTG
M85249.1,529,531,594,596,3,GTT,TTG
M85249.1,422,424,530,532,3,GTT,TTG
M85249.1,422,424,459,461,3,GTT,TTG
M85249.1,422,424,597,599,3,GTT,TTG
M85249.1,422,424,613,615,3,GTT,TTG
M85249.1,317,319,530,532,3,GTT,TTG
M85249.1,317,319,459,461,3,GTT,TTG
M85249.1,317,319,597,599,3,GTT,TTG
M85249.1,317,319,377,379,3,GTT,TTG
M85249.1,317,319,613,615,3,GTT,TTG
M85249.1,529,531,689,691,3,GTT,TTG
M85249.1,607,609,689,691,3,GTT,TTG
M85249.1,304,306,594,596,3,GTT,TTG
M85249.1,304,306,689,691,3,GTT,TTG
M85249.1,452,454,594,596,3,GTT,TTG
M85249.1,156,158,594,596,3,GTT,TTG
M85249.1,452,454,689,691,3,GTT,TTG
M85249.1,156,158,689,691,3,GTT,TTG
M85249.1,156,158,267,269,3,GTT,TTG
M85249.1,45,47,267,269,3,GTT,TTG
M85249.1,30,32,267,269,3,GTT,TTG
M85249.1,76,79,368,371,4,TAAC,CAAT
M85249.1,185,188,368,371,4,TAAC,CAAT
M85249.1,547,550,602,605,4,TAAC,CAAT
M85249.1,90,93,602,605,4,TAAC,CAAT
M85249.1,90,93,361,364,4,TAAC,CAAT
M85249.1,90,93,368,371,4,TAAC,CAAT
M85249.1,26,31,511,516,6,TAATGT,TGTAAT
M85249.1,64,70,648,654,7,TAATTTT,TTTTAAT
M85249.1,513,518,649,654,6,TAATTT,TTTAAT
M85249.1,64,69,274,279,6,TAATTT,TTTAAT
M85249.1,73,76,73,76,4,TAAT,TAAT
M85249.1,73,76,566,569,4,TAAT,TAAT
M85249.1,566,569,566,569,4,TAAT,TAAT
M85249.1,26,29,682,685,4,TAAT,TAAT
M85249.1,26,29,26,29,4,TAAT,TAAT
M85249.1,682,685,682,685,4,TAAT,TAAT
M85249.1,26,29,64,67,4,TAAT,TAAT
M85249.1,73,76,513,516,4,TAAT,TAAT
M85249.1,73,76,651,654,4,TAAT,TAAT
M85249.1,566,569,651,654,4,TAAT,TAAT
M85249.1,651,654,651,654,4,TAAT,TAAT
M85249.1,64,67,566,569,4,TAAT,TAAT
M85249.1,64,67,73,76,4,TAAT,TAAT
M85249.1,64,67,682,685,4,TAAT,TAAT
M85249.1,64,67,513,516,4,TAAT,TAAT
M85249.1,64,67,64,67,4,TAAT,TAAT
M85249.1,513,516,566,569,4,TAAT,TAAT
M85249.1,513,516,513,516,4,TAAT,TAAT
M85249.1,276,279,566,569,4,TAAT,TAAT
M85249.1,26,29,276,279,4,TAAT,TAAT
M85249.1,73,76,276,279,4,TAAT,TAAT
M85249.1,276,279,682,685,4,TAAT,TAAT
M85249.1,76,78,113,115,3,TAA,AAT
M85249.1,373,375,603,605,3,TAA,AAT
M85249.1,76,78,199,201,3,TAA,AAT
M85249.1,185,187,199,201,3,TAA,AAT
M85249.1,438,440,603,605,3,TAA,AAT
M85249.1,76,78,443,445,3,TAA,AAT
M85249.1,76,78,617,619,3,TAA,AAT
M85249.1,76,78,375,377,3,TAA,AAT
M85249.1,354,356,362,364,3,TAA,AAT
M85249.1,185,187,443,445,3,TAA,AAT
M85249.1,185,187,617,619,3,TAA,AAT
M85249.1,185,187,375,377,3,TAA,AAT
M85249.1,354,356,603,605,3,TAA,AAT
M85249.1,197,199,369,371,3,TAA,AAT
M85249.1,354,356,369,371,3,TAA,AAT
M85249.1,547,549,680,682,3,TAA,AAT
M85249.1,547,549,617,619,3,TAA,AAT
M85249.1,90,92,680,682,3,TAA,AAT
M85249.1,90,92,113,115,3,TAA,AAT
M85249.1,90,92,199,201,3,TAA,AAT
M85249.1,127,129,369,371,3,TAA,AAT
M85249.1,134,136,369,371,3,TAA,AAT
M85249.1,127,129,199,201,3,TAA,AAT
M85249.1,134,136,199,201,3,TAA,AAT
M85249.1,90,92,292,294,3,TAA,AAT
M85249.1,90,92,101,103,3,TAA,AAT
M85249.1,90,92,125,127,3,TAA,AAT
M85249.1,90,92,132,134,3,TAA,AAT
M85249.1,127,129,443,445,3,TAA,AAT
M85249.1,127,129,617,619,3,TAA,AAT
M85249.1,127,129,375,377,3,TAA,AAT
M85249.1,90,92,248,250,3,TAA,AAT
M85249.1,134,136,443,445,3,TAA,AAT
M85249.1,134,136,617,619,3,TAA,AAT
M85249.1,134,136,375,377,3,TAA,AAT
M85249.1,526,528,617,619,3,TAA,AAT
M85249.1,59,61,80,82,3,TAA,AAT
M85249.1,59,61,362,364,3,TAA,AAT
M85249.1,59,61,603,605,3,TAA,AAT
M85249.1,59,61,680,682,3,TAA,AAT
M85249.1,191,193,362,364,3,TAA,AAT
M85249.1,191,193,603,605,3,TAA,AAT
M85249.1,191,193,680,682,3,TAA,AAT
M85249.1,59,61,369,371,3,TAA,AAT
M85249.1,59,61,113,115,3,TAA,AAT
M85249.1,191,193,369,371,3,TAA,AAT
M85249.1,59,61,443,445,3,TAA,AAT
M85249.1,59,61,617,619,3,TAA,AAT
M85249.1,59,61,375,377,3,TAA,AAT
M85249.1,191,193,443,445,3,TAA,AAT
M85249.1,191,193,617,619,3,TAA,AAT
M85249.1,191,193,375,377,3,TAA,AAT
M85249.1,76,78,222,224,3,TAA,AAT
M85249.1,185,187,222,224,3,TAA,AAT
M85249.1,197,199,222,224,3,TAA,AAT
M85249.1,373,375,567,569,3,TAA,AAT
M85249.1,26,28,369,371,3,TAA,AAT
M85249.1,26,28,113,115,3,TAA,AAT
M85249.1,373,375,652,654,3,TAA,AAT
M85249.1,59,61,74,76,3,TAA,AAT
M85249.1,59,61,567,569,3,TAA,AAT
M85249.1,191,193,567,569,3,TAA,AAT
M85249.1,547,549,567,569,3,TAA,AAT
M85249.1,438,440,567,569,3,TAA,AAT
M85249.1,26,28,199,201,3,TAA,AAT
M85249.1,59,61,652,654,3,TAA,AAT
M85249.1,191,193,652,654,3,TAA,AAT
M85249.1,547,549,652,654,3,TAA,AAT
M85249.1,438,440,652,654,3,TAA,AAT
M85249.1,90,92,567,569,3,TAA,AAT
M85249.1,354,356,567,569,3,TAA,AAT
M85249.1,26,28,222,224,3,TAA,AAT
M85249.1,26,28,443,445,3,TAA,AAT
M85249.1,26,28,617,619,3,TAA,AAT
M85249.1,26,28,375,377,3,TAA,AAT
M85249.1,90,92,652,654,3,TAA,AAT
M85249.1,354,356,652,654,3,TAA,AAT
M85249.1,73,75,292,294,3,TAA,AAT
M85249.1,73,75,101,103,3,TAA,AAT
M85249.1,73,75,125,127,3,TAA,AAT
M85249.1,73,75,132,134,3,TAA,AAT
M85249.1,73,75,248,250,3,TAA,AAT
M85249.1,73,75,80,82,3,TAA,AAT
M85249.1,73,75,362,364,3,TAA,AAT
M85249.1,73,75,603,605,3,TAA,AAT
M85249.1,73,75,680,682,3,TAA,AAT
M85249.1,64,66,292,294,3,TAA,AAT
M85249.1,64,66,101,103,3,TAA,AAT
M85249.1,64,66,125,127,3,TAA,AAT
M85249.1,64,66,132,134,3,TAA,AAT
M85249.1,64,66,248,250,3,TAA,AAT
M85249.1,64,66,80,82,3,TAA,AAT
M85249.1,64,66,362,364,3,TAA,AAT
M85249.1,64,66,603,605,3,TAA,AAT
M85249.1,64,66,680,682,3,TAA,AAT
M85249.1,73,75,199,201,3,TAA,AAT
M85249.1,64,66,199,201,3,TAA,AAT
M85249.1,73,75,222,224,3,TAA,AAT
M85249.1,73,75,443,445,3,TAA,AAT
M85249.1,73,75,617,619,3,TAA,AAT
M85249.1,73,75,375,377,3,TAA,AAT
M85249.1,64,66,222,224,3,TAA,AAT
M85249.1,64,66,443,445,3,TAA,AAT
M85249.1,64,66,617,619,3,TAA,AAT
M85249.1,64,66,375,377,3,TAA,AAT
M85249.1,127,129,683,685,3,TAA,AAT
M85249.1,134,136,683,685,3,TAA,AAT
M85249.1,526,528,683,685,3,TAA,AAT
M85249.1,76,78,683,685,3,TAA,AAT
M85249.1,185,187,683,685,3,TAA,AAT
M85249.1,197,199,683,685,3,TAA,AAT
M85249.1,566,568,603,605,3,TAA,AAT
M85249.1,566,568,680,682,3,TAA,AAT
M85249.1,513,515,603,605,3,TAA,AAT
M85249.1,513,515,680,682,3,TAA,AAT
M85249.1,373,375,683,685,3,TAA,AAT
M85249.1,90,92,683,685,3,TAA,AAT
M85249.1,354,356,683,685,3,TAA,AAT
M85249.1,566,568,617,619,3,TAA,AAT
M85249.1,513,515,617,619,3,TAA,AAT
M85249.1,651,653,680,682,3,TAA,AAT
M85249.1,127,129,514,516,3,TAA,AAT
M85249.1,134,136,514,516,3,TAA,AAT
M85249.1,76,78,514,516,3,TAA,AAT
M85249.1,185,187,514,516,3,TAA,AAT
M85249.1,197,199,514,516,3,TAA,AAT
M85249.1,276,278,292,294,3,TAA,AAT
M85249.1,276,278,362,364,3,TAA,AAT
M85249.1,276,278,603,605,3,TAA,AAT
M85249.1,276,278,680,682,3,TAA,AAT
M85249.1,127,129,277,279,3,TAA,AAT
M85249.1,134,136,277,279,3,TAA,AAT
M85249.1,76,78,277,279,3,TAA,AAT
M85249.1,185,187,277,279,3,TAA,AAT
M85249.1,197,199,277,279,3,TAA,AAT
M85249.1,373,375,514,516,3,TAA,AAT
M85249.1,276,278,369,371,3,TAA,AAT
M85249.1,59,61,65,67,3,TAA,AAT
M85249.1,59,61,514,516,3,TAA,AAT
M85249.1,191,193,514,516,3,TAA,AAT
M85249.1,438,440,514,516,3,TAA,AAT
M85249.1,59,61,277,279,3,TAA,AAT
M85249.1,191,193,277,279,3,TAA,AAT
M85249.1,151,157,496,502,7,TAGAGGT,TGGAGAT
M85249.1,158,161,523,526,4,TAGG,GGAT
M85249.1,158,161,259,262,4,TAGG,GGAT
M85249.1,243,246,587,590,4,TAGG,GGAT
M85249.1,243,246,259,262,4,TAGG,GGAT
M85249.1,243,246,407,410,4,TAGG,GGAT
M85249.1,243,246,534,537,4,TAGG,GGAT
M85249.1,158,161,587,590,4,TAGG,GGAT
M85249.1,280,286,280,286,7,TAGTGAT,TAGTGAT
M85249.1,294,296,416,418,3,TAG,GAT
M85249.1,98,100,416,418,3,TAG,GAT
M85249.1,321,323,416,418,3,TAG,GAT
M85249.1,151,153,416,418,3,TAG,GAT
M85249.1,306,308,500,502,3,TAG,GAT
M85249.1,32,34,183,185,3,TAG,GAT
M85249.1,32,34,500,502,3,TAG,GAT
M85249.1,32,34,143,145,3,TAG,GAT
M85249.1,138,140,195,197,3,TAG,GAT
M85249.1,243,245,416,418,3,TAG,GAT
M85249.1,138,140,524,526,3,TAG,GAT
M85249.1,232,234,524,526,3,TAG,GAT
M85249.1,32,34,195,197,3,TAG,GAT
M85249.1,98,100,195,197,3,TAG,GAT
M85249.1,151,153,195,197,3,TAG,GAT
M85249.1,306,308,524,526,3,TAG,GAT
M85249.1,32,34,524,526,3,TAG,GAT
M85249.1,98,100,524,526,3,TAG,GAT
M85249.1,321,323,524,526,3,TAG,GAT
M85249.1,151,153,524,526,3,TAG,GAT
M85249.1,502,504,588,590,3,TAG,GAT
M85249.1,294,296,588,590,3,TAG,GAT
M85249.1,306,308,588,590,3,TAG,GAT
M85249.1,32,34,588,590,3,TAG,GAT
M85249.1,98,100,588,590,3,TAG,GAT
M85249.1,321,323,588,590,3,TAG,GAT
M85249.1,151,153,588,590,3,TAG,GAT
M85249.1,32,34,260,262,3,TAG,GAT
M85249.1,98,100,260,262,3,TAG,GAT
M85249.1,151,153,260,262,3,TAG,GAT
M85249.1,158,160,183,185,3,TAG,GAT
M85249.1,158,160,500,502,3,TAG,GAT
M85249.1,502,504,535,537,3,TAG,GAT
M85249.1,294,296,535,537,3,TAG,GAT
M85249.1,294,296,408,410,3,TAG,GAT
M85249.1,158,160,416,418,3,TAG,GAT
M85249.1,138,140,535,537,3,TAG,GAT
M85249.1,232,234,535,537,3,TAG,GAT
M85249.1,138,140,408,410,3,TAG,GAT
M85249.1,232,234,408,410,3,TAG,GAT
M85249.1,138,140,269,271,3,TAG,GAT
M85249.1,232,234,269,271,3,TAG,GAT
M85249.1,250,252,588,590,3,TAG,GAT
M85249.1,250,252,260,262,3,TAG,GAT
M85249.1,250,252,416,418,3,TAG,GAT
M85249.1,158,160,269,271,3,TAG,GAT
M85249.1,32,34,269,271,3,TAG,GAT
M85249.1,98,100,269,271,3,TAG,GAT
M85249.1,151,153,269,271,3,TAG,GAT
M85249.1,250,252,535,537,3,TAG,GAT
M85249.1,250,252,408,410,3,TAG,GAT
M85249.1,243,245,419,421,3,TAG,GAT
M85249.1,294,296,419,421,3,TAG,GAT
M85249.1,243,245,284,286,3,TAG,GAT
M85249.1,158,160,419,421,3,TAG,GAT
M85249.1,306,308,419,421,3,TAG,GAT
M85249.1,32,34,419,421,3,TAG,GAT
M85249.1,98,100,419,421,3,TAG,GAT
M85249.1,321,323,419,421,3,TAG,GAT
M85249.1,151,153,419,421,3,TAG,GAT
M85249.1,158,160,284,286,3,TAG,GAT
M85249.1,32,34,284,286,3,TAG,GAT
M85249.1,98,100,284,286,3,TAG,GAT
M85249.1,151,153,284,286,3,TAG,GAT
M85249.1,280,282,524,526,3,TAG,GAT
M85249.1,280,282,500,502,3,TAG,GAT
M85249.1,280,282,588,590,3,TAG,GAT
M85249.1,280,282,416,418,3,TAG,GAT
M85249.1,225,228,568,571,4,TATA,ATAT
M85249.1,241,244,403,406,4,TATA,ATAT
M85249.1,241,244,579,582,4,TATA,ATAT
M85249.1,225,228,403,406,4,TATA,ATAT
M85249.1,433,439,574,580,7,TATCGTA,ATGCTAT
M85249.1,176,180,576,580,5,TATCG,GCTAT
M85249.1,227,231,308,312,5,TATCG,GCTAT
M85249.1,569,575,569,575,7,TATCTAT,TATCTAT
M85249.1,404,407,691,694,4,TATG,GTAT
M85249.1,580,583,691,694,4,TATG,GTAT
M85249.1,310,313,691,694,4,TATG,GTAT
M85249.1,573,576,691,694,4,TATG,GTAT
M85249.1,82,88,429,435,7,TATTTTC,CTTTTAT
M85249.1,49,52,224,227,4,TATT,TTAT
M85249.1,49,52,627,630,4,TATT,TTAT
M85249.1,41,44,224,227,4,TATT,TTAT
M85249.1,41,44,627,630,4,TATT,TTAT
M85249.1,82,85,627,630,4,TATT,TTAT
M85249.1,625,628,699,702,4,TATT,TTAT
M85249.1,49,52,699,702,4,TATT,TTAT
M85249.1,215,218,699,702,4,TATT,TTAT
M85249.1,41,44,699,702,4,TATT,TTAT
M85249.1,49,52,432,435,4,TATT,TTAT
M85249.1,215,218,432,435,4,TATT,TTAT
M85249.1,41,44,432,435,4,TATT,TTAT
M85249.1,692,695,699,702,4,TATT,TTAT
M85249.1,241,243,241,243,3,TAT,TAT
M85249.1,227,229,569,571,3,TAT,TAT
M85249.1,227,229,227,229,3,TAT,TAT
M85249.1,241,243,578,580,3,TAT,TAT
M85249.1,578,580,578,580,3,TAT,TAT
M85249.1,569,571,569,571,3,TAT,TAT
M85249.1,227,229,404,406,3,TAT,TAT
M85249.1,227,229,580,582,3,TAT,TAT
M85249.1,569,571,580,582,3,TAT,TAT
M85249.1,225,227,241,243,3,TAT,TAT
M85249.1,225,227,578,580,3,TAT,TAT
M85249.1,176,178,404,406,3,TAT,TAT
M85249.1,176,178,580,582,3,TAT,TAT
M85249.1,241,243,310,312,3,TAT,TAT
M85249.1,241,243,573,575,3,TAT,TAT
M85249.1,225,227,310,312,3,TAT,TAT
M85249.1,225,227,573,575,3,TAT,TAT
M85249.1,433,435,569,571,3,TAT,TAT
M85249.1,241,243,625,627,3,TAT,TAT
M85249.1,578,580,625,627,3,TAT,TAT
M85249.1,433,435,580,582,3,TAT,TAT
M85249.1,404,406,569,571,3,TAT,TAT
M85249.1,580,582,580,582,3,TAT,TAT
M85249.1,404,406,573,575,3,TAT,TAT
M85249.1,404,406,404,406,3,TAT,TAT
M85249.1,404,406,580,582,3,TAT,TAT
M85249.1,580,582,625,627,3,TAT,TAT
M85249.1,404,406,625,627,3,TAT,TAT
M85249.1,310,312,578,580,3,TAT,TAT
M85249.1,573,575,578,580,3,TAT,TAT
M85249.1,310,312,310,312,3,TAT,TAT
M85249.1,310,312,573,575,3,TAT,TAT
M85249.1,310,312,404,406,3,TAT,TAT
M85249.1,310,312,580,582,3,TAT,TAT
M85249.1,573,575,573,575,3,TAT,TAT
M85249.1,573,575,580,582,3,TAT,TAT
M85249.1,310,312,625,627,3,TAT,TAT
M85249.1,573,575,625,627,3,TAT,TAT
M85249.1,227,229,692,694,3,TAT,TAT
M85249.1,569,571,692,694,3,TAT,TAT
M85249.1,176,178,215,217,3,TAT,TAT
M85249.1,176,178,692,694,3,TAT,TAT
M85249.1,241,243,692,694,3,TAT,TAT
M85249.1,578,580,692,694,3,TAT,TAT
M85249.1,176,178,225,227,3,TAT,TAT
M85249.1,82,84,176,178,3,TAT,TAT
M85249.1,82,84,569,571,3,TAT,TAT
M85249.1,82,84,227,229,3,TAT,TAT
M85249.1,310,312,700,702,3,TAT,TAT
M85249.1,573,575,700,702,3,TAT,TAT
M85249.1,176,178,700,702,3,TAT,TAT
M85249.1,241,243,700,702,3,TAT,TAT
M85249.1,578,580,700,702,3,TAT,TAT
M85249.1,82,84,310,312,3,TAT,TAT
M85249.1,82,84,573,575,3,TAT,TAT
M85249.1,82,84,404,406,3,TAT,TAT
M85249.1,82,84,580,582,3,TAT,TAT
M85249.1,225,227,225,227,3,TAT,TAT
M85249.1,82,84,215,217,3,TAT,TAT
M85249.1,82,84,692,694,3,TAT,TAT
M85249.1,82,84,625,627,3,TAT,TAT
M85249.1,82,84,82,84,3,TAT,TAT
M85249.1,433,435,700,702,3,TAT,TAT
M85249.1,628,630,700,702,3,TAT,TAT
M85249.1,700,702,700,702,3,TAT,TAT
M85249.1,225,227,700,702,3,TAT,TAT
M85249.1,580,582,628,630,3,TAT,TAT
M85249.1,404,406,628,630,3,TAT,TAT
M85249.1,227,229,628,630,3,TAT,TAT
M85249.1,569,571,628,630,3,TAT,TAT
M85249.1,404,406,433,435,3,TAT,TAT
M85249.1,227,229,433,435,3,TAT,TAT
M85249.1,625,627,692,694,3,TAT,TAT
M85249.1,625,627,625,627,3,TAT,TAT
M85249.1,433,435,628,630,3,TAT,TAT
M85249.1,628,630,628,630,3,TAT,TAT
M85249.1,225,227,628,630,3,TAT,TAT
M85249.1,433,435,433,435,3,TAT,TAT
M85249.1,225,227,433,435,3,TAT,TAT
M85249.1,215,217,241,243,3,TAT,TAT
M85249.1,215,217,578,580,3,TAT,TAT
M85249.1,49,51,241,243,3,TAT,TAT
M85249.1,49,51,578,580,3,TAT,TAT
M85249.1,215,217,569,571,3,TAT,TAT
M85249.1,215,217,227,229,3,TAT,TAT
M85249.1,49,51,176,178,3,TAT,TAT
M85249.1,49,51,569,571,3,TAT,TAT
M85249.1,49,51,227,229,3,TAT,TAT
M85249.1,215,217,215,217,3,TAT,TAT
M85249.1,215,217,692,694,3,TAT,TAT
M85249.1,215,217,625,627,3,TAT,TAT
M85249.1,692,694,692,694,3,TAT,TAT
M85249.1,49,51,215,217,3,TAT,TAT
M85249.1,49,51,49,51,3,TAT,TAT
M85249.1,49,51,692,694,3,TAT,TAT
M85249.1,49,51,625,627,3,TAT,TAT
M85249.1,49,51,82,84,3,TAT,TAT
M85249.1,41,43,241,243,3,TAT,TAT
M85249.1,41,43,578,580,3,TAT,TAT
M85249.1,41,43,176,178,3,TAT,TAT
M85249.1,41,43,569,571,3,TAT,TAT
M85249.1,41,43,227,229,3,TAT,TAT
M85249.1,41,43,310,312,3,TAT,TAT
M85249.1,41,43,573,575,3,TAT,TAT
M85249.1,41,43,404,406,3,TAT,TAT
M85249.1,41,43,580,582,3,TAT,TAT
M85249.1,448,450,549,551,3,TCA,ACT
M85249.1,15,17,350,352,3,TCA,ACT
M85249.1,15,17,428,430,3,TCA,ACT
M85249.1,15,17,239,241,3,TCA,ACT
M85249.1,15,17,71,73,3,TCA,ACT
M85249.1,37,39,549,551,3,TCA,ACT
M85249.1,15,17,104,106,3,TCA,ACT
M85249.1,15,17,272,274,3,TCA,ACT
M85249.1,37,39,380,382,3,TCA,ACT
M85249.1,15,17,148,150,3,TCA,ACT
M85249.1,118,120,480,482,3,TCC,CCT
M85249.1,118,120,633,635,3,TCC,CCT
M85249.1,229,234,260,265,6,TCGTAG,GATGCT
M85249.1,229,234,588,593,6,TCGTAG,GATGCT
M85249.1,178,180,344,346,3,TCG,GCT
M85249.1,518,520,659,661,3,TCG,GCT
M85249.1,435,437,659,661,3,TCG,GCT
M85249.1,229,231,659,661,3,TCG,GCT
M85249.1,229,231,344,346,3,TCG,GCT
M85249.1,518,520,576,578,3,TCG,GCT
M85249.1,178,180,263,265,3,TCG,GCT
M85249.1,302,304,308,310,3,TCG,GCT
M85249.1,302,304,659,661,3,TCG,GCT
M85249.1,178,180,591,593,3,TCG,GCT
M85249.1,435,437,646,648,3,TCG,GCT
M85249.1,229,231,646,648,3,TCG,GCT
M85249.1,178,180,646,648,3,TCG,GCT
M85249.1,302,304,646,648,3,TCG,GCT
M85249.1,115,118,694,697,4,TCTT,TTCT
M85249.1,87,90,639,642,4,TCTT,TTCT
M85249.1,637,640,694,697,4,TCTT,TTCT
M85249.1,115,118,620,623,4,TCTT,TTCT
M85249.1,87,90,620,623,4,TCTT,TTCT
M85249.1,265,268,639,642,4,TCTT,TTCT
M85249.1,265,268,694,697,4,TCTT,TTCT
M85249.1,331,336,667,672,6,TGACAA,AACAGT
M85249.1,8,10,189,191,3,TGA,AGT
M85249.1,8,10,205,207,3,TGA,AGT
M85249.1,110,112,189,191,3,TGA,AGT
M85249.1,110,112,205,207,3,TGA,AGT
M85249.1,3,5,670,672,3,TGA,AGT
M85249.1,8,10,670,672,3,TGA,AGT
M85249.1,614,616,670,672,3,TGA,AGT
M85249.1,331,333,337,339,3,TGA,AGT
M85249.1,331,333,509,511,3,TGA,AGT
M85249.1,378,380,509,511,3,TGA,AGT
M85249.1,8,10,564,566,3,TGA,AGT
M85249.1,384,386,564,566,3,TGA,AGT
M85249.1,110,112,564,566,3,TGA,AGT
M85249.1,331,333,564,566,3,TGA,AGT
M85249.1,378,380,564,566,3,TGA,AGT
M85249.1,346,348,670,672,3,TGA,AGT
M85249.1,346,348,509,511,3,TGA,AGT
M85249.1,346,348,528,530,3,TGA,AGT
M85249.1,460,462,670,672,3,TGA,AGT
M85249.1,460,462,509,511,3,TGA,AGT
M85249.1,531,533,670,672,3,TGA,AGT
M85249.1,418,420,670,672,3,TGA,AGT
M85249.1,418,420,509,511,3,TGA,AGT
M85249.1,418,420,528,530,3,TGA,AGT
M85249.1,283,285,564,566,3,TGA,AGT
M85249.1,3,5,281,283,3,TGA,AGT
M85249.1,8,10,281,283,3,TGA,AGT
M85249.1,283,285,528,530,3,TGA,AGT
M85249.1,3,5,606,608,3,TGA,AGT
M85249.1,3,5,251,253,3,TGA,AGT
M85249.1,268,270,564,566,3,TGA,AGT
M85249.1,346,348,606,608,3,TGA,AGT
M85249.1,8,10,606,608,3,TGA,AGT
M85249.1,8,10,251,253,3,TGA,AGT
M85249.1,384,386,606,608,3,TGA,AGT
M85249.1,110,112,606,608,3,TGA,AGT
M85249.1,110,112,251,253,3,TGA,AGT
M85249.1,268,270,670,672,3,TGA,AGT
M85249.1,268,270,337,339,3,TGA,AGT
M85249.1,268,270,509,511,3,TGA,AGT
M85249.1,52,54,300,302,3,TGC,CGT
M85249.1,52,54,314,316,3,TGC,CGT
M85249.1,262,264,300,302,3,TGC,CGT
M85249.1,262,264,314,316,3,TGC,CGT
M85249.1,52,54,230,232,3,TGC,CGT
M85249.1,413,415,436,438,3,TGC,CGT
M85249.1,52,54,436,438,3,TGC,CGT
M85249.1,145,147,300,302,3,TGC,CGT
M85249.1,145,147,314,316,3,TGC,CGT
M85249.1,145,147,303,305,3,TGC,CGT
M85249.1,511,516,682,687,6,TGTAAT,TAATGT
M85249.1,382,388,507,513,7,TGTGAAA,AAAGTGT
M85249.1,108,114,507,513,7,TGTGAAA,AAAGTGT
M85249.1,316,320,593,597,5,TGTTT,TTTGT
M85249.1,421,425,593,597,5,TGTTT,TTTGT
M85249.1,457,460,537,540,4,TGTT,TTGT
M85249.1,44,47,445,448,4,TGTT,TTGT
M85249.1,44,47,537,540,4,TGTT,TTGT
M85249.1,421,424,445,448,4,TGTT,TTGT
M85249.1,457,460,689,692,4,TGTT,TTGT
M85249.1,421,424,537,540,4,TGTT,TTGT
M85249.1,595,598,689,692,4,TGTT,TTGT
M85249.1,44,47,689,692,4,TGTT,TTGT
M85249.1,29,32,107,110,4,TGTT,TTGT
M85249.1,316,319,445,448,4,TGTT,TTGT
M85249.1,44,47,107,110,4,TGTT,TTGT
M85249.1,29,32,594,597,4,TGTT,TTGT
M85249.1,457,460,594,597,4,TGTT,TTGT
M85249.1,47,49,382,384,3,TGT,TGT
M85249.1,672,674,685,687,3,TGT,TGT
M85249.1,13,15,545,547,3,TGT,TGT
M85249.1,446,448,545,547,3,TGT,TGT
M85249.1,511,513,511,513,3,TGT,TGT
M85249.1,13,15,511,513,3,TGT,TGT
M85249.1,446,448,511,513,3,TGT,TGT
M85249.1,47,49,511,513,3,TGT,TGT
M85249.1,382,384,545,547,3,TGT,TGT
M85249.1,545,547,672,674,3,TGT,TGT
M85249.1,382,384,382,384,3,TGT,TGT
M85249.1,672,674,672,674,3,TGT,TGT
M85249.1,511,513,672,674,3,TGT,TGT
M85249.1,382,384,457,459,3,TGT,TGT
M85249.1,382,384,685,687,3,TGT,TGT
M85249.1,382,384,421,423,3,TGT,TGT
M85249.1,13,15,672,674,3,TGT,TGT
M85249.1,446,448,672,674,3,TGT,TGT
M85249.1,47,49,672,674,3,TGT,TGT
M85249.1,108,110,545,547,3,TGT,TGT
M85249.1,538,540,545,547,3,TGT,TGT
M85249.1,108,110,382,384,3,TGT,TGT
M85249.1,29,31,672,674,3,TGT,TGT
M85249.1,421,423,672,674,3,TGT,TGT
M85249.1,382,384,690,692,3,TGT,TGT
M85249.1,29,31,382,384,3,TGT,TGT
M85249.1,672,674,690,692,3,TGT,TGT
M85249.1,511,513,690,692,3,TGT,TGT
M85249.1,29,31,316,318,3,TGT,TGT
M85249.1,29,31,457,459,3,TGT,TGT
M85249.1,29,31,685,687,3,TGT,TGT
M85249.1,29,31,29,31,3,TGT,TGT
M85249.1,29,31,421,423,3,TGT,TGT
M85249.1,13,15,47,49,3,TGT,TGT
M85249.1,47,49,47,49,3,TGT,TGT
M85249.1,421,423,457,459,3,TGT,TGT
M85249.1,421,423,685,687,3,TGT,TGT
M85249.1,421,423,421,423,3,TGT,TGT
M85249.1,108,110,690,692,3,TGT,TGT
M85249.1,538,540,690,692,3,TGT,TGT
M85249.1,13,15,690,692,3,TGT,TGT
M85249.1,446,448,690,692,3,TGT,TGT
M85249.1,690,692,690,692,3,TGT,TGT
M85249.1,47,49,690,692,3,TGT,TGT
M85249.1,685,687,685,687,3,TGT,TGT
M85249.1,457,459,511,513,3,TGT,TGT
M85249.1,457,459,545,547,3,TGT,TGT
M85249.1,108,110,446,448,3,TGT,TGT
M85249.1,13,15,446,448,3,TGT,TGT
M85249.1,446,448,446,448,3,TGT,TGT
M85249.1,47,49,446,448,3,TGT,TGT
M85249.1,13,15,13,15,3,TGT,TGT
M85249.1,457,459,457,459,3,TGT,TGT
M85249.1,457,459,685,687,3,TGT,TGT
M85249.1,316,318,511,513,3,TGT,TGT
M85249.1,316,318,545,547,3,TGT,TGT
M85249.1,382,384,538,540,3,TGT,TGT
M85249.1,316,318,672,674,3,TGT,TGT
M85249.1,108,110,538,540,3,TGT,TGT
M85249.1,538,540,538,540,3,TGT,TGT
M85249.1,13,15,538,540,3,TGT,TGT
M85249.1,446,448,538,540,3,TGT,TGT
M85249.1,47,49,538,540,3,TGT,TGT
M85249.1,108,110,108,110,3,TGT,TGT
M85249.1,13,15,108,110,3,TGT,TGT
M85249.1,47,49,108,110,3,TGT,TGT
M85249.1,316,318,316,318,3,TGT,TGT
M85249.1,316,318,457,459,3,TGT,TGT
M85249.1,316,318,685,687,3,TGT,TGT
M85249.1,316,318,421,423,3,TGT,TGT
M85249.1,44,46,511,513,3,TGT,TGT
M85249.1,44,46,545,547,3,TGT,TGT
M85249.1,545,547,595,597,3,TGT,TGT
M85249.1,595,597,672,674,3,TGT,TGT
M85249.1,44,46,672,674,3,TGT,TGT
M85249.1,382,384,595,597,3,TGT,TGT
M85249.1,44,46,382,384,3,TGT,TGT
M85249.1,511,513,595,597,3,TGT,TGT
M85249.1,275,278,443,446,4,TTAA,AATT
M85249.1,275,278,375,378,4,TTAA,AATT
M85249.1,89,92,277,280,4,TTAA,AATT
M85249.1,89,92,222,225,4,TTAA,AATT
M85249.1,89,92,443,446,4,TTAA,AATT
M85249.1,89,92,375,378,4,TTAA,AATT
M85249.1,89,92,514,517,4,TTAA,AATT
M85249.1,89,92,617,620,4,TTAA,AATT
M85249.1,627,630,692,695,4,TTAT,TATT
M85249.1,224,227,692,695,4,TTAT,TATT
M85249.1,432,435,692,695,4,TTAT,TATT
M85249.1,40,43,692,695,4,TTAT,TATT
M85249.1,40,43,49,52,4,TTAT,TATT
M85249.1,40,43,82,85,4,TTAT,TATT
M85249.1,217,219,444,446,3,TTA,ATT
M85249.1,217,219,376,378,3,TTA,ATT
M85249.1,217,219,618,620,3,TTA,ATT
M85249.1,217,219,515,517,3,TTA,ATT
M85249.1,89,91,612,614,3,TTA,ATT
M85249.1,608,610,618,620,3,TTA,ATT
M85249.1,353,355,612,614,3,TTA,ATT
M85249.1,275,277,612,614,3,TTA,ATT
M85249.1,453,455,618,620,3,TTA,ATT
M85249.1,453,455,515,517,3,TTA,ATT
M85249.1,69,71,223,225,3,TTA,ATT
M85249.1,69,71,278,280,3,TTA,ATT
M85249.1,89,91,328,330,3,TTA,ATT
M85249.1,69,71,444,446,3,TTA,ATT
M85249.1,69,71,376,378,3,TTA,ATT
M85249.1,279,281,612,614,3,TTA,ATT
M85249.1,279,281,444,446,3,TTA,ATT
M85249.1,279,281,376,378,3,TTA,ATT
M85249.1,279,281,328,330,3,TTA,ATT
M85249.1,279,281,618,620,3,TTA,ATT
M85249.1,279,281,515,517,3,TTA,ATT
M85249.1,97,99,223,225,3,TTA,ATT
M85249.1,97,99,278,280,3,TTA,ATT
M85249.1,150,152,223,225,3,TTA,ATT
M85249.1,150,152,278,280,3,TTA,ATT
M85249.1,97,99,612,614,3,TTA,ATT
M85249.1,97,99,444,446,3,TTA,ATT
M85249.1,97,99,376,378,3,TTA,ATT
M85249.1,150,152,612,614,3,TTA,ATT
M85249.1,150,152,444,446,3,TTA,ATT
M85249.1,150,152,376,378,3,TTA,ATT
M85249.1,97,99,328,330,3,TTA,ATT
M85249.1,97,99,618,620,3,TTA,ATT
M85249.1,97,99,515,517,3,TTA,ATT
M85249.1,150,152,328,330,3,TTA,ATT
M85249.1,150,152,618,620,3,TTA,ATT
M85249.1,150,152,515,517,3,TTA,ATT
M85249.1,31,33,39,41,3,TTA,ATT
M85249.1,31,33,223,225,3,TTA,ATT
M85249.1,31,33,278,280,3,TTA,ATT
M85249.1,157,159,223,225,3,TTA,ATT
M85249.1,157,159,278,280,3,TTA,ATT
M85249.1,217,219,536,538,3,TTA,ATT
M85249.1,89,91,536,538,3,TTA,ATT
M85249.1,305,307,328,330,3,TTA,ATT
M85249.1,305,307,618,620,3,TTA,ATT
M85249.1,305,307,515,517,3,TTA,ATT
M85249.1,31,33,328,330,3,TTA,ATT
M85249.1,31,33,618,620,3,TTA,ATT
M85249.1,31,33,66,68,3,TTA,ATT
M85249.1,31,33,515,517,3,TTA,ATT
M85249.1,157,159,328,330,3,TTA,ATT
M85249.1,157,159,618,620,3,TTA,ATT
M85249.1,157,159,515,517,3,TTA,ATT
M85249.1,69,71,536,538,3,TTA,ATT
M85249.1,353,355,536,538,3,TTA,ATT
M85249.1,275,277,536,538,3,TTA,ATT
M85249.1,217,219,409,411,3,TTA,ATT
M85249.1,89,91,409,411,3,TTA,ATT
M85249.1,320,322,612,614,3,TTA,ATT
M85249.1,320,322,444,446,3,TTA,ATT
M85249.1,320,322,376,378,3,TTA,ATT
M85249.1,97,99,626,628,3,TTA,ATT
M85249.1,150,152,626,628,3,TTA,ATT
M85249.1,89,91,626,628,3,TTA,ATT
M85249.1,97,99,216,218,3,TTA,ATT
M85249.1,150,152,216,218,3,TTA,ATT
M85249.1,89,91,216,218,3,TTA,ATT
M85249.1,224,226,536,538,3,TTA,ATT
M85249.1,224,226,612,614,3,TTA,ATT
M85249.1,224,226,444,446,3,TTA,ATT
M85249.1,224,226,376,378,3,TTA,ATT
M85249.1,305,307,626,628,3,TTA,ATT
M85249.1,31,33,626,628,3,TTA,ATT
M85249.1,157,159,626,628,3,TTA,ATT
M85249.1,608,610,626,628,3,TTA,ATT
M85249.1,453,455,626,628,3,TTA,ATT
M85249.1,31,33,216,218,3,TTA,ATT
M85249.1,157,159,216,218,3,TTA,ATT
M85249.1,40,42,536,538,3,TTA,ATT
M85249.1,40,42,612,614,3,TTA,ATT
M85249.1,40,42,444,446,3,TTA,ATT
M85249.1,40,42,376,378,3,TTA,ATT
M85249.1,224,226,409,411,3,TTA,ATT
M85249.1,224,226,328,330,3,TTA,ATT
M85249.1,224,226,618,620,3,TTA,ATT
M85249.1,224,226,515,517,3,TTA,ATT
M85249.1,320,322,626,628,3,TTA,ATT
M85249.1,69,71,626,628,3,TTA,ATT
M85249.1,353,355,626,628,3,TTA,ATT
M85249.1,275,277,626,628,3,TTA,ATT
M85249.1,69,71,216,218,3,TTA,ATT
M85249.1,40,42,409,411,3,TTA,ATT
M85249.1,40,42,328,330,3,TTA,ATT
M85249.1,40,42,618,620,3,TTA,ATT
M85249.1,40,42,66,68,3,TTA,ATT
M85249.1,40,42,515,517,3,TTA,ATT
M85249.1,279,281,693,695,3,TTA,ATT
M85249.1,217,219,693,695,3,TTA,ATT
M85249.1,305,307,693,695,3,TTA,ATT
M85249.1,31,33,693,695,3,TTA,ATT
M85249.1,157,159,693,695,3,TTA,ATT
M85249.1,608,610,693,695,3,TTA,ATT
M85249.1,453,455,693,695,3,TTA,ATT
M85249.1,320,322,693,695,3,TTA,ATT
M85249.1,69,71,693,695,3,TTA,ATT
M85249.1,353,355,693,695,3,TTA,ATT
M85249.1,650,652,693,695,3,TTA,ATT
M85249.1,275,277,693,695,3,TTA,ATT
M85249.1,31,33,83,85,3,TTA,ATT
M85249.1,432,434,536,538,3,TTA,ATT
M85249.1,432,434,612,614,3,TTA,ATT
M85249.1,432,434,444,446,3,TTA,ATT
M85249.1,86,89,637,640,4,TTCT,TCTT
M85249.1,86,89,115,118,4,TTCT,TCTT
M85249.1,639,642,695,698,4,TTCT,TCTT
M85249.1,86,89,265,268,4,TTCT,TCTT
M85249.1,267,272,604,609,6,TTGATA,ATAGTT
M85249.1,424,430,448,454,7,TTGGACT,TCAGGTT
M85249.1,12,17,455,460,6,TTGTCA,ACTGTT
M85249.1,445,450,455,460,6,TTGTCA,ACTGTT
M85249.1,12,15,685,688,4,TTGT,TGTT
M85249.1,12,15,421,424,4,TTGT,TGTT
M85249.1,445,448,685,688,4,TTGT,TGTT
M85249.1,537,540,685,688,4,TTGT,TGTT
M85249.1,12,15,316,319,4,TTGT,TGTT
M85249.1,107,110,457,460,4,TTGT,TGTT
M85249.1,46,49,316,319,4,TTGT,TGTT
M85249.1,43,46,457,460,4,TTGT,TGTT
M85249.1,43,46,316,319,4,TTGT,TGTT
M85249.1,43,46,685,688,4,TTGT,TGTT
M85249.1,43,46,421,424,4,TTGT,TGTT
M85249.1,12,15,44,47,4,TTGT,TGTT
M85249.1,537,540,595,598,4,TTGT,TGTT
M85249.1,12,15,595,598,4,TTGT,TGTT
M85249.1,445,448,595,598,4,TTGT,TGTT
M85249.1,107,110,595,598,4,TTGT,TGTT
M85249.1,267,269,304,306,3,TTG,GTT
M85249.1,51,53,529,531,3,TTG,GTT
M85249.1,51,53,252,254,3,TTG,GTT
M85249.1,412,414,607,609,3,TTG,GTT
M85249.1,412,414,529,531,3,TTG,GTT
M85249.1,267,269,452,454,3,TTG,GTT
M85249.1,412,414,452,454,3,TTG,GTT
M85249.1,330,332,452,454,3,TTG,GTT
M85249.1,424,426,607,609,3,TTG,GTT
M85249.1,254,256,304,306,3,TTG,GTT
M85249.1,254,256,607,609,3,TTG,GTT
M85249.1,424,426,529,531,3,TTG,GTT
M85249.1,254,256,529,531,3,TTG,GTT
M85249.1,12,14,529,531,3,TTG,GTT
M85249.1,445,447,529,531,3,TTG,GTT
M85249.1,43,45,529,531,3,TTG,GTT
M85249.1,12,14,252,254,3,TTG,GTT
M85249.1,43,45,252,254,3,TTG,GTT
M85249.1,46,48,452,454,3,TTG,GTT
M85249.1,46,48,156,158,3,TTG,GTT
M85249.1,46,48,304,306,3,TTG,GTT
M85249.1,46,48,607,609,3,TTG,GTT
M85249.1,51,53,458,460,3,TTG,GTT
M85249.1,377,379,458,460,3,TTG,GTT
M85249.1,51,53,596,598,3,TTG,GTT
M85249.1,377,379,596,598,3,TTG,GTT
M85249.1,267,269,458,460,3,TTG,GTT
M85249.1,267,269,596,598,3,TTG,GTT
M85249.1,46,48,252,254,3,TTG,GTT
M85249.1,424,426,458,460,3,TTG,GTT
M85249.1,254,256,458,460,3,TTG,GTT
M85249.1,412,414,458,460,3,TTG,GTT
M85249.1,330,332,458,460,3,TTG,GTT
M85249.1,424,426,596,598,3,TTG,GTT
M85249.1,254,256,596,598,3,TTG,GTT
M85249.1,412,414,596,598,3,TTG,GTT
M85249.1,330,332,596,598,3,TTG,GTT
M85249.1,51,53,686,688,3,TTG,GTT
M85249.1,613,615,686,688,3,TTG,GTT
M85249.1,377,379,686,688,3,TTG,GTT
M85249.1,51,53,422,424,3,TTG,GTT
M85249.1,377,379,422,424,3,TTG,GTT
M85249.1,107,109,452,454,3,TTG,GTT
M85249.1,107,109,156,158,3,TTG,GTT
M85249.1,107,109,304,306,3,TTG,GTT
M85249.1,107,109,607,609,3,TTG,GTT
M85249.1,51,53,317,319,3,TTG,GTT
M85249.1,594,596,607,609,3,TTG,GTT
M85249.1,267,269,686,688,3,TTG,GTT
M85249.1,267,269,422,424,3,TTG,GTT
M85249.1,267,269,317,319,3,TTG,GTT
M85249.1,597,599,686,688,3,TTG,GTT
M85249.1,459,461,686,688,3,TTG,GTT
M85249.1,530,532,686,688,3,TTG,GTT
M85249.1,107,109,529,531,3,TTG,GTT
M85249.1,619,622,647,650,4,TTTC,CTTT
M85249.1,85,88,351,354,4,TTTC,CTTT
M85249.1,85,88,273,276,4,TTTC,CTTT
M85249.1,516,519,696,699,4,TTTC,CTTT
M85249.1,85,88,592,595,4,TTTC,CTTT
M85249.1,85,88,105,108,4,TTTC,CTTT
M85249.1,106,110,421,425,5,TTTGT,TGTTT
M85249.1,106,110,685,689,5,TTTGT,TGTTT
M85249.1,593,597,685,689,5,TTTGT,TGTTT
M85249.1,67,71,83,87,5,TTTTA,ATTTT
M85249.1,67,71,409,413,5,TTTTA,ATTTT

Total for length 3 is 1920.
Total for length 4 is 266.
Total for length 5 is 49.
Total for length 6 is 24.
Total for length 7 is 27.
Total for length 10 is 2.
Total for length 11 is 2.
Total for length 12 is 2.
Total for length 14 is 1.

