Input file is sequence4.fasta.
Minimal fragment length is 3.
Working with probability estimation.
P value is : 0.050000.
Printing all instances.
Looking for direct complementary repeats.
M85249.1 Alphabet size is 4.
Input sequence has 0 letters that are not in expected alphabet.
M85249.1,554,557,687,690,4,AAAA,TTTT
M85249.1,440,443,687,690,4,AAAA,TTTT
M85249.1,439,442,687,690,4,AAAA,TTTT
M85249.1,555,558,687,690,4,AAAA,TTTT
M85249.1,355,358,687,690,4,AAAA,TTTT
M85249.1,441,444,687,690,4,AAAA,TTTT
M85249.1,555,558,697,700,4,AAAA,TTTT
M85249.1,554,557,697,700,4,AAAA,TTTT
M85249.1,440,443,697,700,4,AAAA,TTTT
M85249.1,555,558,648,651,4,AAAA,TTTT
M85249.1,554,557,648,651,4,AAAA,TTTT
M85249.1,440,443,648,651,4,AAAA,TTTT
M85249.1,553,556,697,700,4,AAAA,TTTT
M85249.1,553,556,648,651,4,AAAA,TTTT
M85249.1,355,358,430,433,4,AAAA,TTTT
M85249.1,355,358,697,700,4,AAAA,TTTT
M85249.1,439,442,697,700,4,AAAA,TTTT
M85249.1,355,358,648,651,4,AAAA,TTTT
M85249.1,439,442,648,651,4,AAAA,TTTT
M85249.1,679,683,698,702,5,AAATA,TTTAT
M85249.1,374,378,649,653,5,AAATT,TTTAA
M85249.1,616,620,649,653,5,AAATT,TTTAA
M85249.1,112,115,431,434,4,AAAT,TTTA
M85249.1,112,115,698,701,4,AAAT,TTTA
M85249.1,198,201,319,322,4,AAAT,TTTA
M85249.1,198,201,431,434,4,AAAT,TTTA
M85249.1,198,201,698,701,4,AAAT,TTTA
M85249.1,112,115,649,652,4,AAAT,TTTA
M85249.1,198,201,649,652,4,AAAT,TTTA
M85249.1,616,619,698,701,4,AAAT,TTTA
M85249.1,198,201,274,277,4,AAAT,TTTA
M85249.1,198,201,352,355,4,AAAT,TTTA
M85249.1,374,377,431,434,4,AAAT,TTTA
M85249.1,374,377,698,701,4,AAAT,TTTA
M85249.1,553,555,688,690,3,AAA,TTT
M85249.1,439,441,688,690,3,AAA,TTT
M85249.1,355,357,688,690,3,AAA,TTT
M85249.1,355,357,411,413,3,AAA,TTT
M85249.1,355,357,423,425,3,AAA,TTT
M85249.1,554,556,593,595,3,AAA,TTT
M85249.1,440,442,593,595,3,AAA,TTT
M85249.1,555,557,593,595,3,AAA,TTT
M85249.1,441,443,593,595,3,AAA,TTT
M85249.1,553,555,593,595,3,AAA,TTT
M85249.1,391,393,687,689,3,AAA,TTT
M85249.1,439,441,593,595,3,AAA,TTT
M85249.1,355,357,593,595,3,AAA,TTT
M85249.1,391,393,410,412,3,AAA,TTT
M85249.1,356,358,423,425,3,AAA,TTT
M85249.1,356,358,687,689,3,AAA,TTT
M85249.1,556,558,687,689,3,AAA,TTT
M85249.1,356,358,593,595,3,AAA,TTT
M85249.1,356,358,430,432,3,AAA,TTT
M85249.1,356,358,697,699,3,AAA,TTT
M85249.1,356,358,648,650,3,AAA,TTT
M85249.1,556,558,593,595,3,AAA,TTT
M85249.1,556,558,697,699,3,AAA,TTT
M85249.1,556,558,648,650,3,AAA,TTT
M85249.1,356,358,410,412,3,AAA,TTT
M85249.1,335,337,688,690,3,AAA,TTT
M85249.1,335,337,411,413,3,AAA,TTT
M85249.1,507,509,688,690,3,AAA,TTT
M85249.1,335,337,593,595,3,AAA,TTT
M85249.1,335,337,430,432,3,AAA,TTT
M85249.1,335,337,697,699,3,AAA,TTT
M85249.1,335,337,648,650,3,AAA,TTT
M85249.1,507,509,593,595,3,AAA,TTT
M85249.1,507,509,697,699,3,AAA,TTT
M85249.1,507,509,648,650,3,AAA,TTT
M85249.1,335,337,410,412,3,AAA,TTT
M85249.1,386,388,688,690,3,AAA,TTT
M85249.1,386,388,411,413,3,AAA,TTT
M85249.1,386,388,423,425,3,AAA,TTT
M85249.1,386,388,687,689,3,AAA,TTT
M85249.1,386,388,410,412,3,AAA,TTT
M85249.1,554,556,619,621,3,AAA,TTT
M85249.1,440,442,619,621,3,AAA,TTT
M85249.1,555,557,619,621,3,AAA,TTT
M85249.1,441,443,619,621,3,AAA,TTT
M85249.1,440,442,516,518,3,AAA,TTT
M85249.1,441,443,516,518,3,AAA,TTT
M85249.1,553,555,619,621,3,AAA,TTT
M85249.1,391,393,619,621,3,AAA,TTT
M85249.1,391,393,516,518,3,AAA,TTT
M85249.1,335,337,431,433,3,AAA,TTT
M85249.1,335,337,698,700,3,AAA,TTT
M85249.1,507,509,698,700,3,AAA,TTT
M85249.1,553,555,698,700,3,AAA,TTT
M85249.1,335,337,649,651,3,AAA,TTT
M85249.1,507,509,649,651,3,AAA,TTT
M85249.1,553,555,649,651,3,AAA,TTT
M85249.1,442,444,687,689,3,AAA,TTT
M85249.1,386,388,431,433,3,AAA,TTT
M85249.1,391,393,431,433,3,AAA,TTT
M85249.1,386,388,698,700,3,AAA,TTT
M85249.1,391,393,698,700,3,AAA,TTT
M85249.1,386,388,649,651,3,AAA,TTT
M85249.1,391,393,649,651,3,AAA,TTT
M85249.1,442,444,593,595,3,AAA,TTT
M85249.1,442,444,697,699,3,AAA,TTT
M85249.1,442,444,648,650,3,AAA,TTT
M85249.1,355,357,431,433,3,AAA,TTT
M85249.1,439,441,698,700,3,AAA,TTT
M85249.1,355,357,698,700,3,AAA,TTT
M85249.1,439,441,649,651,3,AAA,TTT
M85249.1,355,357,649,651,3,AAA,TTT
M85249.1,442,444,619,621,3,AAA,TTT
M85249.1,442,444,516,518,3,AAA,TTT
M85249.1,679,681,688,690,3,AAA,TTT
M85249.1,112,114,688,690,3,AAA,TTT
M85249.1,112,114,411,413,3,AAA,TTT
M85249.1,616,618,688,690,3,AAA,TTT
M85249.1,679,681,687,689,3,AAA,TTT
M85249.1,112,114,253,255,3,AAA,TTT
M85249.1,112,114,423,425,3,AAA,TTT
M85249.1,112,114,687,689,3,AAA,TTT
M85249.1,112,114,318,320,3,AAA,TTT
M85249.1,616,618,687,689,3,AAA,TTT
M85249.1,335,337,352,354,3,AAA,TTT
M85249.1,112,114,619,621,3,AAA,TTT
M85249.1,112,114,516,518,3,AAA,TTT
M85249.1,112,114,329,331,3,AAA,TTT
M85249.1,112,114,410,412,3,AAA,TTT
M85249.1,616,618,619,621,3,AAA,TTT
M85249.1,198,200,688,690,3,AAA,TTT
M85249.1,198,200,411,413,3,AAA,TTT
M85249.1,374,376,688,690,3,AAA,TTT
M85249.1,374,376,411,413,3,AAA,TTT
M85249.1,198,200,253,255,3,AAA,TTT
M85249.1,198,200,423,425,3,AAA,TTT
M85249.1,198,200,687,689,3,AAA,TTT
M85249.1,198,200,318,320,3,AAA,TTT
M85249.1,374,376,423,425,3,AAA,TTT
M85249.1,374,376,687,689,3,AAA,TTT
M85249.1,198,200,593,595,3,AAA,TTT
M85249.1,198,200,430,432,3,AAA,TTT
M85249.1,198,200,697,699,3,AAA,TTT
M85249.1,198,200,648,650,3,AAA,TTT
M85249.1,374,376,593,595,3,AAA,TTT
M85249.1,374,376,430,432,3,AAA,TTT
M85249.1,374,376,697,699,3,AAA,TTT
M85249.1,374,376,648,650,3,AAA,TTT
M85249.1,77,80,107,110,4,AACA,TTGT
M85249.1,186,189,594,597,4,AACA,TTGT
M85249.1,667,670,689,692,4,AACA,TTGT
M85249.1,186,189,689,692,4,AACA,TTGT
M85249.1,77,80,689,692,4,AACA,TTGT
M85249.1,22,25,107,110,4,AACA,TTGT
M85249.1,22,25,594,597,4,AACA,TTGT
M85249.1,22,25,445,448,4,AACA,TTGT
M85249.1,22,25,537,540,4,AACA,TTGT
M85249.1,22,25,43,46,4,AACA,TTGT
M85249.1,5,9,330,334,5,AACTG,TTGAC
M85249.1,5,9,597,601,5,AACTG,TTGAC
M85249.1,22,24,254,256,3,AAC,TTG
M85249.1,22,24,424,426,3,AAC,TTG
M85249.1,77,79,254,256,3,AAC,TTG
M85249.1,186,188,254,256,3,AAC,TTG
M85249.1,77,79,424,426,3,AAC,TTG
M85249.1,186,188,424,426,3,AAC,TTG
M85249.1,392,394,537,539,3,AAC,TTG
M85249.1,392,394,445,447,3,AAC,TTG
M85249.1,22,24,412,414,3,AAC,TTG
M85249.1,77,79,412,414,3,AAC,TTG
M85249.1,186,188,412,414,3,AAC,TTG
M85249.1,488,490,594,596,3,AAC,TTG
M85249.1,488,490,689,691,3,AAC,TTG
M85249.1,488,490,537,539,3,AAC,TTG
M85249.1,91,93,254,256,3,AAC,TTG
M85249.1,91,93,424,426,3,AAC,TTG
M85249.1,91,93,594,596,3,AAC,TTG
M85249.1,91,93,107,109,3,AAC,TTG
M85249.1,91,93,689,691,3,AAC,TTG
M85249.1,22,24,51,53,3,AAC,TTG
M85249.1,22,24,330,332,3,AAC,TTG
M85249.1,91,93,330,332,3,AAC,TTG
M85249.1,77,79,330,332,3,AAC,TTG
M85249.1,186,188,330,332,3,AAC,TTG
M85249.1,392,394,530,532,3,AAC,TTG
M85249.1,392,394,459,461,3,AAC,TTG
M85249.1,392,394,597,599,3,AAC,TTG
M85249.1,488,490,530,532,3,AAC,TTG
M85249.1,488,490,597,599,3,AAC,TTG
M85249.1,91,93,530,532,3,AAC,TTG
M85249.1,77,79,530,532,3,AAC,TTG
M85249.1,186,188,530,532,3,AAC,TTG
M85249.1,91,93,459,461,3,AAC,TTG
M85249.1,77,79,459,461,3,AAC,TTG
M85249.1,186,188,459,461,3,AAC,TTG
M85249.1,91,93,597,599,3,AAC,TTG
M85249.1,77,79,597,599,3,AAC,TTG
M85249.1,186,188,597,599,3,AAC,TTG
M85249.1,5,7,412,414,3,AAC,TTG
M85249.1,5,7,254,256,3,AAC,TTG
M85249.1,5,7,424,426,3,AAC,TTG
M85249.1,5,7,594,596,3,AAC,TTG
M85249.1,5,7,107,109,3,AAC,TTG
M85249.1,5,7,689,691,3,AAC,TTG
M85249.1,22,24,267,269,3,AAC,TTG
M85249.1,5,7,46,48,3,AAC,TTG
M85249.1,91,93,267,269,3,AAC,TTG
M85249.1,77,79,267,269,3,AAC,TTG
M85249.1,186,188,267,269,3,AAC,TTG
M85249.1,5,7,51,53,3,AAC,TTG
M85249.1,5,7,43,45,3,AAC,TTG
M85249.1,5,7,537,539,3,AAC,TTG
M85249.1,5,7,445,447,3,AAC,TTG
M85249.1,5,7,12,14,3,AAC,TTG
M85249.1,548,550,594,596,3,AAC,TTG
M85249.1,548,550,689,691,3,AAC,TTG
M85249.1,392,394,613,615,3,AAC,TTG
M85249.1,22,24,377,379,3,AAC,TTG
M85249.1,22,24,613,615,3,AAC,TTG
M85249.1,488,490,613,615,3,AAC,TTG
M85249.1,603,607,627,631,5,AATAG,TTATC
M85249.1,248,252,627,631,5,AATAG,TTATC
M85249.1,248,252,432,436,5,AATAG,TTATC
M85249.1,292,296,432,436,5,AATAG,TTATC
M85249.1,17,20,40,43,4,AATA,TTAT
M85249.1,17,20,432,435,4,AATA,TTAT
M85249.1,362,365,432,435,4,AATA,TTAT
M85249.1,101,104,432,435,4,AATA,TTAT
M85249.1,125,128,432,435,4,AATA,TTAT
M85249.1,132,135,432,435,4,AATA,TTAT
M85249.1,74,77,432,435,4,AATA,TTAT
M85249.1,17,20,627,630,4,AATA,TTAT
M85249.1,362,365,627,630,4,AATA,TTAT
M85249.1,101,104,627,630,4,AATA,TTAT
M85249.1,125,128,627,630,4,AATA,TTAT
M85249.1,132,135,627,630,4,AATA,TTAT
M85249.1,603,606,699,702,4,AATA,TTAT
M85249.1,17,20,699,702,4,AATA,TTAT
M85249.1,362,365,699,702,4,AATA,TTAT
M85249.1,292,295,699,702,4,AATA,TTAT
M85249.1,248,251,699,702,4,AATA,TTAT
M85249.1,101,104,699,702,4,AATA,TTAT
M85249.1,125,128,699,702,4,AATA,TTAT
M85249.1,132,135,699,702,4,AATA,TTAT
M85249.1,652,655,699,702,4,AATA,TTAT
M85249.1,74,77,699,702,4,AATA,TTAT
M85249.1,80,83,432,435,4,AATA,TTAT
M85249.1,80,83,627,630,4,AATA,TTAT
M85249.1,17,20,224,227,4,AATA,TTAT
M85249.1,101,104,224,227,4,AATA,TTAT
M85249.1,125,128,224,227,4,AATA,TTAT
M85249.1,132,135,224,227,4,AATA,TTAT
M85249.1,27,31,608,612,5,AATGT,TTACA
M85249.1,17,19,320,322,3,AAT,TTA
M85249.1,80,82,320,322,3,AAT,TTA
M85249.1,125,127,320,322,3,AAT,TTA
M85249.1,132,134,320,322,3,AAT,TTA
M85249.1,101,103,320,322,3,AAT,TTA
M85249.1,292,294,320,322,3,AAT,TTA
M85249.1,248,250,320,322,3,AAT,TTA
M85249.1,74,76,320,322,3,AAT,TTA
M85249.1,113,115,627,629,3,AAT,TTA
M85249.1,113,115,224,226,3,AAT,TTA
M85249.1,369,371,432,434,3,AAT,TTA
M85249.1,369,371,699,701,3,AAT,TTA
M85249.1,125,127,157,159,3,AAT,TTA
M85249.1,132,134,157,159,3,AAT,TTA
M85249.1,101,103,157,159,3,AAT,TTA
M85249.1,125,127,305,307,3,AAT,TTA
M85249.1,132,134,305,307,3,AAT,TTA
M85249.1,101,103,305,307,3,AAT,TTA
M85249.1,292,294,305,307,3,AAT,TTA
M85249.1,248,250,305,307,3,AAT,TTA
M85249.1,74,76,157,159,3,AAT,TTA
M85249.1,74,76,305,307,3,AAT,TTA
M85249.1,369,371,627,629,3,AAT,TTA
M85249.1,17,19,150,152,3,AAT,TTA
M85249.1,80,82,150,152,3,AAT,TTA
M85249.1,17,19,97,99,3,AAT,TTA
M85249.1,80,82,97,99,3,AAT,TTA
M85249.1,74,76,150,152,3,AAT,TTA
M85249.1,74,76,97,99,3,AAT,TTA
M85249.1,17,19,279,281,3,AAT,TTA
M85249.1,80,82,279,281,3,AAT,TTA
M85249.1,125,127,279,281,3,AAT,TTA
M85249.1,132,134,279,281,3,AAT,TTA
M85249.1,101,103,279,281,3,AAT,TTA
M85249.1,248,250,279,281,3,AAT,TTA
M85249.1,17,19,69,71,3,AAT,TTA
M85249.1,199,201,305,307,3,AAT,TTA
M85249.1,199,201,279,281,3,AAT,TTA
M85249.1,199,201,627,629,3,AAT,TTA
M85249.1,199,201,224,226,3,AAT,TTA
M85249.1,113,115,453,455,3,AAT,TTA
M85249.1,113,115,608,610,3,AAT,TTA
M85249.1,125,127,453,455,3,AAT,TTA
M85249.1,132,134,453,455,3,AAT,TTA
M85249.1,101,103,453,455,3,AAT,TTA
M85249.1,292,294,453,455,3,AAT,TTA
M85249.1,248,250,453,455,3,AAT,TTA
M85249.1,125,127,608,610,3,AAT,TTA
M85249.1,132,134,608,610,3,AAT,TTA
M85249.1,101,103,608,610,3,AAT,TTA
M85249.1,292,294,608,610,3,AAT,TTA
M85249.1,248,250,608,610,3,AAT,TTA
M85249.1,74,76,453,455,3,AAT,TTA
M85249.1,74,76,608,610,3,AAT,TTA
M85249.1,567,569,608,610,3,AAT,TTA
M85249.1,113,115,217,219,3,AAT,TTA
M85249.1,27,29,320,322,3,AAT,TTA
M85249.1,27,29,432,434,3,AAT,TTA
M85249.1,27,29,699,701,3,AAT,TTA
M85249.1,683,685,699,701,3,AAT,TTA
M85249.1,17,19,217,219,3,AAT,TTA
M85249.1,80,82,217,219,3,AAT,TTA
M85249.1,27,29,157,159,3,AAT,TTA
M85249.1,27,29,31,33,3,AAT,TTA
M85249.1,27,29,305,307,3,AAT,TTA
M85249.1,125,127,217,219,3,AAT,TTA
M85249.1,132,134,217,219,3,AAT,TTA
M85249.1,101,103,217,219,3,AAT,TTA
M85249.1,27,29,150,152,3,AAT,TTA
M85249.1,27,29,97,99,3,AAT,TTA
M85249.1,17,19,275,277,3,AAT,TTA
M85249.1,80,82,275,277,3,AAT,TTA
M85249.1,369,371,650,652,3,AAT,TTA
M85249.1,17,19,650,652,3,AAT,TTA
M85249.1,362,364,650,652,3,AAT,TTA
M85249.1,603,605,650,652,3,AAT,TTA
M85249.1,80,82,650,652,3,AAT,TTA
M85249.1,375,377,453,455,3,AAT,TTA
M85249.1,375,377,608,610,3,AAT,TTA
M85249.1,443,445,453,455,3,AAT,TTA
M85249.1,443,445,608,610,3,AAT,TTA
M85249.1,17,19,353,355,3,AAT,TTA
M85249.1,80,82,353,355,3,AAT,TTA
M85249.1,125,127,275,277,3,AAT,TTA
M85249.1,132,134,275,277,3,AAT,TTA
M85249.1,101,103,275,277,3,AAT,TTA
M85249.1,248,250,275,277,3,AAT,TTA
M85249.1,125,127,650,652,3,AAT,TTA
M85249.1,132,134,650,652,3,AAT,TTA
M85249.1,101,103,650,652,3,AAT,TTA
M85249.1,292,294,650,652,3,AAT,TTA
M85249.1,248,250,650,652,3,AAT,TTA
M85249.1,125,127,353,355,3,AAT,TTA
M85249.1,132,134,353,355,3,AAT,TTA
M85249.1,101,103,353,355,3,AAT,TTA
M85249.1,292,294,353,355,3,AAT,TTA
M85249.1,248,250,353,355,3,AAT,TTA
M85249.1,27,29,275,277,3,AAT,TTA
M85249.1,74,76,275,277,3,AAT,TTA
M85249.1,27,29,650,652,3,AAT,TTA
M85249.1,74,76,650,652,3,AAT,TTA
M85249.1,567,569,650,652,3,AAT,TTA
M85249.1,375,377,627,629,3,AAT,TTA
M85249.1,443,445,627,629,3,AAT,TTA
M85249.1,617,619,627,629,3,AAT,TTA
M85249.1,27,29,353,355,3,AAT,TTA
M85249.1,74,76,353,355,3,AAT,TTA
M85249.1,222,224,320,322,3,AAT,TTA
M85249.1,222,224,432,434,3,AAT,TTA
M85249.1,222,224,699,701,3,AAT,TTA
M85249.1,10,12,69,71,3,AAT,TTA
M85249.1,10,12,320,322,3,AAT,TTA
M85249.1,10,12,432,434,3,AAT,TTA
M85249.1,10,12,699,701,3,AAT,TTA
M85249.1,222,224,453,455,3,AAT,TTA
M85249.1,222,224,608,610,3,AAT,TTA
M85249.1,222,224,305,307,3,AAT,TTA
M85249.1,17,19,89,91,3,AAT,TTA
M85249.1,80,82,89,91,3,AAT,TTA
M85249.1,10,12,453,455,3,AAT,TTA
M85249.1,10,12,608,610,3,AAT,TTA
M85249.1,10,12,157,159,3,AAT,TTA
M85249.1,10,12,31,33,3,AAT,TTA
M85249.1,10,12,305,307,3,AAT,TTA
M85249.1,222,224,279,281,3,AAT,TTA
M85249.1,222,224,627,629,3,AAT,TTA
M85249.1,222,224,224,226,3,AAT,TTA
M85249.1,27,29,89,91,3,AAT,TTA
M85249.1,74,76,89,91,3,AAT,TTA
M85249.1,10,12,217,219,3,AAT,TTA
M85249.1,10,12,279,281,3,AAT,TTA
M85249.1,10,12,40,42,3,AAT,TTA
M85249.1,10,12,627,629,3,AAT,TTA
M85249.1,10,12,224,226,3,AAT,TTA
M85249.1,277,279,320,322,3,AAT,TTA
M85249.1,277,279,432,434,3,AAT,TTA
M85249.1,277,279,699,701,3,AAT,TTA
M85249.1,514,516,699,701,3,AAT,TTA
M85249.1,65,67,69,71,3,AAT,TTA
M85249.1,65,67,320,322,3,AAT,TTA
M85249.1,65,67,432,434,3,AAT,TTA
M85249.1,65,67,699,701,3,AAT,TTA
M85249.1,277,279,453,455,3,AAT,TTA
M85249.1,277,279,608,610,3,AAT,TTA
M85249.1,277,279,305,307,3,AAT,TTA
M85249.1,514,516,608,610,3,AAT,TTA
M85249.1,65,67,453,455,3,AAT,TTA
M85249.1,65,67,608,610,3,AAT,TTA
M85249.1,65,67,157,159,3,AAT,TTA
M85249.1,65,67,305,307,3,AAT,TTA
M85249.1,65,67,150,152,3,AAT,TTA
M85249.1,65,67,97,99,3,AAT,TTA
M85249.1,20,28,44,52,9,ACAACATAA,TGTTGTATT
M85249.1,20,24,595,599,5,ACAAC,TGTTG
M85249.1,20,24,457,461,5,ACAAC,TGTTG
M85249.1,333,336,595,598,4,ACAA,TGTT
M85249.1,20,23,316,319,4,ACAA,TGTT
M85249.1,78,81,316,319,4,ACAA,TGTT
M85249.1,78,81,457,460,4,ACAA,TGTT
M85249.1,78,81,685,688,4,ACAA,TGTT
M85249.1,78,81,421,424,4,ACAA,TGTT
M85249.1,360,363,595,598,4,ACAA,TGTT
M85249.1,360,363,685,688,4,ACAA,TGTT
M85249.1,360,363,421,424,4,ACAA,TGTT
M85249.1,401,405,690,694,5,ACATA,TGTAT
M85249.1,333,335,538,540,3,ACA,TGT
M85249.1,360,362,538,540,3,ACA,TGT
M85249.1,20,22,538,540,3,ACA,TGT
M85249.1,20,22,108,110,3,ACA,TGT
M85249.1,168,170,595,597,3,ACA,TGT
M85249.1,399,401,595,597,3,ACA,TGT
M85249.1,78,80,382,384,3,ACA,TGT
M85249.1,168,170,316,318,3,ACA,TGT
M85249.1,168,170,685,687,3,ACA,TGT
M85249.1,168,170,421,423,3,ACA,TGT
M85249.1,399,401,685,687,3,ACA,TGT
M85249.1,399,401,421,423,3,ACA,TGT
M85249.1,20,22,382,384,3,ACA,TGT
M85249.1,187,189,316,318,3,ACA,TGT
M85249.1,187,189,382,384,3,ACA,TGT
M85249.1,187,189,457,459,3,ACA,TGT
M85249.1,168,170,446,448,3,ACA,TGT
M85249.1,399,401,446,448,3,ACA,TGT
M85249.1,333,335,446,448,3,ACA,TGT
M85249.1,360,362,446,448,3,ACA,TGT
M85249.1,187,189,685,687,3,ACA,TGT
M85249.1,187,189,421,423,3,ACA,TGT
M85249.1,20,22,446,448,3,ACA,TGT
M85249.1,668,670,685,687,3,ACA,TGT
M85249.1,170,172,538,540,3,ACA,TGT
M85249.1,170,172,595,597,3,ACA,TGT
M85249.1,78,80,672,674,3,ACA,TGT
M85249.1,170,172,382,384,3,ACA,TGT
M85249.1,170,172,457,459,3,ACA,TGT
M85249.1,168,170,672,674,3,ACA,TGT
M85249.1,399,401,672,674,3,ACA,TGT
M85249.1,333,335,672,674,3,ACA,TGT
M85249.1,360,362,672,674,3,ACA,TGT
M85249.1,170,172,685,687,3,ACA,TGT
M85249.1,170,172,421,423,3,ACA,TGT
M85249.1,20,22,672,674,3,ACA,TGT
M85249.1,655,657,672,674,3,ACA,TGT
M85249.1,465,467,538,540,3,ACA,TGT
M85249.1,465,467,595,597,3,ACA,TGT
M85249.1,465,467,685,687,3,ACA,TGT
M85249.1,170,172,690,692,3,ACA,TGT
M85249.1,23,25,672,674,3,ACA,TGT
M85249.1,23,25,316,318,3,ACA,TGT
M85249.1,465,467,690,692,3,ACA,TGT
M85249.1,168,170,690,692,3,ACA,TGT
M85249.1,399,401,690,692,3,ACA,TGT
M85249.1,333,335,690,692,3,ACA,TGT
M85249.1,360,362,690,692,3,ACA,TGT
M85249.1,23,25,382,384,3,ACA,TGT
M85249.1,23,25,457,459,3,ACA,TGT
M85249.1,20,22,47,49,3,ACA,TGT
M85249.1,20,22,690,692,3,ACA,TGT
M85249.1,655,657,690,692,3,ACA,TGT
M85249.1,23,25,685,687,3,ACA,TGT
M85249.1,23,25,421,423,3,ACA,TGT
M85249.1,23,25,29,31,3,ACA,TGT
M85249.1,401,403,446,448,3,ACA,TGT
M85249.1,401,403,538,540,3,ACA,TGT
M85249.1,401,403,595,597,3,ACA,TGT
M85249.1,187,189,511,513,3,ACA,TGT
M85249.1,78,80,511,513,3,ACA,TGT
M85249.1,401,403,457,459,3,ACA,TGT
M85249.1,465,467,511,513,3,ACA,TGT
M85249.1,168,170,511,513,3,ACA,TGT
M85249.1,399,401,511,513,3,ACA,TGT
M85249.1,333,335,511,513,3,ACA,TGT
M85249.1,360,362,511,513,3,ACA,TGT
M85249.1,401,403,685,687,3,ACA,TGT
M85249.1,401,403,421,423,3,ACA,TGT
M85249.1,20,22,511,513,3,ACA,TGT
M85249.1,326,328,446,448,3,ACA,TGT
M85249.1,326,328,538,540,3,ACA,TGT
M85249.1,326,328,595,597,3,ACA,TGT
M85249.1,326,328,672,674,3,ACA,TGT
M85249.1,326,328,685,687,3,ACA,TGT
M85249.1,326,328,421,423,3,ACA,TGT
M85249.1,187,189,545,547,3,ACA,TGT
M85249.1,78,80,545,547,3,ACA,TGT
M85249.1,610,612,672,674,3,ACA,TGT
M85249.1,170,172,545,547,3,ACA,TGT
M85249.1,465,467,545,547,3,ACA,TGT
M85249.1,168,170,545,547,3,ACA,TGT
M85249.1,399,401,545,547,3,ACA,TGT
M85249.1,333,335,545,547,3,ACA,TGT
M85249.1,360,362,545,547,3,ACA,TGT
M85249.1,92,94,590,592,3,ACG,TGC
M85249.1,92,94,262,264,3,ACG,TGC
M85249.1,92,94,575,577,3,ACG,TGC
M85249.1,219,221,413,415,3,ACG,TGC
M85249.1,477,479,590,592,3,ACG,TGC
M85249.1,477,479,575,577,3,ACG,TGC
M85249.1,489,491,590,592,3,ACG,TGC
M85249.1,489,491,575,577,3,ACG,TGC
M85249.1,92,94,582,584,3,ACG,TGC
M85249.1,477,479,582,584,3,ACG,TGC
M85249.1,92,94,145,147,3,ACG,TGC
M85249.1,350,355,677,682,6,ACTTTA,TGAAAT
M85249.1,104,108,384,388,5,ACTTT,TGAAA
M85249.1,350,354,384,388,5,ACTTT,TGAAA
M85249.1,272,276,384,388,5,ACTTT,TGAAA
M85249.1,428,432,614,618,5,ACTTT,TGAAA
M85249.1,428,432,677,681,5,ACTTT,TGAAA
M85249.1,104,108,614,618,5,ACTTT,TGAAA
M85249.1,104,108,110,114,5,ACTTT,TGAAA
M85249.1,71,73,531,533,3,ACT,TGA
M85249.1,239,241,531,533,3,ACT,TGA
M85249.1,71,73,460,462,3,ACT,TGA
M85249.1,239,241,460,462,3,ACT,TGA
M85249.1,71,73,346,348,3,ACT,TGA
M85249.1,239,241,346,348,3,ACT,TGA
M85249.1,6,8,283,285,3,ACT,TGA
M85249.1,6,8,346,348,3,ACT,TGA
M85249.1,6,8,418,420,3,ACT,TGA
M85249.1,71,73,378,380,3,ACT,TGA
M85249.1,239,241,378,380,3,ACT,TGA
M85249.1,71,73,598,600,3,ACT,TGA
M85249.1,239,241,598,600,3,ACT,TGA
M85249.1,71,73,331,333,3,ACT,TGA
M85249.1,239,241,331,333,3,ACT,TGA
M85249.1,380,382,531,533,3,ACT,TGA
M85249.1,380,382,460,462,3,ACT,TGA
M85249.1,380,382,418,420,3,ACT,TGA
M85249.1,455,457,531,533,3,ACT,TGA
M85249.1,455,457,460,462,3,ACT,TGA
M85249.1,380,382,614,616,3,ACT,TGA
M85249.1,455,457,614,616,3,ACT,TGA
M85249.1,71,73,614,616,3,ACT,TGA
M85249.1,239,241,614,616,3,ACT,TGA
M85249.1,148,150,378,380,3,ACT,TGA
M85249.1,148,150,598,600,3,ACT,TGA
M85249.1,148,150,331,333,3,ACT,TGA
M85249.1,148,150,531,533,3,ACT,TGA
M85249.1,148,150,460,462,3,ACT,TGA
M85249.1,148,150,268,270,3,ACT,TGA
M85249.1,6,8,110,112,3,ACT,TGA
M85249.1,6,8,384,386,3,ACT,TGA
M85249.1,148,150,346,348,3,ACT,TGA
M85249.1,380,382,384,386,3,ACT,TGA
M85249.1,148,150,418,420,3,ACT,TGA
M85249.1,71,73,110,112,3,ACT,TGA
M85249.1,71,73,384,386,3,ACT,TGA
M85249.1,239,241,384,386,3,ACT,TGA
M85249.1,6,8,8,10,3,ACT,TGA
M85249.1,350,352,378,380,3,ACT,TGA
M85249.1,350,352,598,600,3,ACT,TGA
M85249.1,350,352,531,533,3,ACT,TGA
M85249.1,350,352,460,462,3,ACT,TGA
M85249.1,428,430,598,600,3,ACT,TGA
M85249.1,428,430,531,533,3,ACT,TGA
M85249.1,428,430,460,462,3,ACT,TGA
M85249.1,350,352,418,420,3,ACT,TGA
M85249.1,272,274,378,380,3,ACT,TGA
M85249.1,272,274,598,600,3,ACT,TGA
M85249.1,272,274,331,333,3,ACT,TGA
M85249.1,272,274,531,533,3,ACT,TGA
M85249.1,272,274,460,462,3,ACT,TGA
M85249.1,6,8,677,679,3,ACT,TGA
M85249.1,549,551,677,679,3,ACT,TGA
M85249.1,104,106,378,380,3,ACT,TGA
M85249.1,104,106,598,600,3,ACT,TGA
M85249.1,104,106,331,333,3,ACT,TGA
M85249.1,104,106,531,533,3,ACT,TGA
M85249.1,104,106,460,462,3,ACT,TGA
M85249.1,104,106,268,270,3,ACT,TGA
M85249.1,272,274,283,285,3,ACT,TGA
M85249.1,104,106,283,285,3,ACT,TGA
M85249.1,272,274,346,348,3,ACT,TGA
M85249.1,380,382,677,679,3,ACT,TGA
M85249.1,104,106,346,348,3,ACT,TGA
M85249.1,295,299,637,641,5,AGAAG,TCTTC
M85249.1,233,237,637,641,5,AGAAG,TCTTC
M85249.1,322,326,621,625,5,AGAGA,TCTCT
M85249.1,322,326,635,639,5,AGAGA,TCTCT
M85249.1,499,503,571,575,5,AGATA,TCTAT
M85249.1,182,186,571,575,5,AGATA,TCTAT
M85249.1,358,360,637,639,3,AGA,TCT
M85249.1,290,292,494,496,3,AGA,TCT
M85249.1,139,141,494,496,3,AGA,TCT
M85249.1,295,297,494,496,3,AGA,TCT
M85249.1,233,235,494,496,3,AGA,TCT
M85249.1,99,101,494,496,3,AGA,TCT
M85249.1,324,326,695,697,3,AGA,TCT
M85249.1,348,350,695,697,3,AGA,TCT
M85249.1,486,488,621,623,3,AGA,TCT
M85249.1,324,326,621,623,3,AGA,TCT
M85249.1,348,350,621,623,3,AGA,TCT
M85249.1,290,292,621,623,3,AGA,TCT
M85249.1,558,560,637,639,3,AGA,TCT
M85249.1,139,141,621,623,3,AGA,TCT
M85249.1,295,297,621,623,3,AGA,TCT
M85249.1,233,235,621,623,3,AGA,TCT
M85249.1,99,101,621,623,3,AGA,TCT
M85249.1,358,360,635,637,3,AGA,TCT
M85249.1,486,488,635,637,3,AGA,TCT
M85249.1,139,141,635,637,3,AGA,TCT
M85249.1,295,297,635,637,3,AGA,TCT
M85249.1,233,235,635,637,3,AGA,TCT
M85249.1,99,101,635,637,3,AGA,TCT
M85249.1,322,324,695,697,3,AGA,TCT
M85249.1,358,360,630,632,3,AGA,TCT
M85249.1,152,154,695,697,3,AGA,TCT
M85249.1,322,324,494,496,3,AGA,TCT
M85249.1,486,488,630,632,3,AGA,TCT
M85249.1,152,154,494,496,3,AGA,TCT
M85249.1,322,324,637,639,3,AGA,TCT
M85249.1,324,326,630,632,3,AGA,TCT
M85249.1,348,350,630,632,3,AGA,TCT
M85249.1,290,292,630,632,3,AGA,TCT
M85249.1,152,154,265,267,3,AGA,TCT
M85249.1,152,154,637,639,3,AGA,TCT
M85249.1,182,184,494,496,3,AGA,TCT
M85249.1,142,144,494,496,3,AGA,TCT
M85249.1,486,488,640,642,3,AGA,TCT
M85249.1,182,184,635,637,3,AGA,TCT
M85249.1,182,184,265,267,3,AGA,TCT
M85249.1,182,184,637,639,3,AGA,TCT
M85249.1,142,144,635,637,3,AGA,TCT
M85249.1,142,144,265,267,3,AGA,TCT
M85249.1,142,144,637,639,3,AGA,TCT
M85249.1,324,326,640,642,3,AGA,TCT
M85249.1,348,350,640,642,3,AGA,TCT
M85249.1,290,292,640,642,3,AGA,TCT
M85249.1,182,184,630,632,3,AGA,TCT
M85249.1,142,144,630,632,3,AGA,TCT
M85249.1,322,324,640,642,3,AGA,TCT
M85249.1,152,154,640,642,3,AGA,TCT
M85249.1,139,141,640,642,3,AGA,TCT
M85249.1,295,297,640,642,3,AGA,TCT
M85249.1,233,235,640,642,3,AGA,TCT
M85249.1,99,101,640,642,3,AGA,TCT
M85249.1,558,560,623,625,3,AGA,TCT
M85249.1,358,360,623,625,3,AGA,TCT
M85249.1,499,501,621,623,3,AGA,TCT
M85249.1,499,501,695,697,3,AGA,TCT
M85249.1,558,560,661,663,3,AGA,TCT
M85249.1,358,360,661,663,3,AGA,TCT
M85249.1,486,488,623,625,3,AGA,TCT
M85249.1,486,488,661,663,3,AGA,TCT
M85249.1,322,324,623,625,3,AGA,TCT
M85249.1,152,154,623,625,3,AGA,TCT
M85249.1,139,141,623,625,3,AGA,TCT
M85249.1,295,297,623,625,3,AGA,TCT
M85249.1,233,235,623,625,3,AGA,TCT
M85249.1,99,101,623,625,3,AGA,TCT
M85249.1,499,501,630,632,3,AGA,TCT
M85249.1,322,324,661,663,3,AGA,TCT
M85249.1,152,154,661,663,3,AGA,TCT
M85249.1,139,141,661,663,3,AGA,TCT
M85249.1,295,297,661,663,3,AGA,TCT
M85249.1,233,235,661,663,3,AGA,TCT
M85249.1,99,101,661,663,3,AGA,TCT
M85249.1,558,560,571,573,3,AGA,TCT
M85249.1,358,360,571,573,3,AGA,TCT
M85249.1,358,360,371,373,3,AGA,TCT
M85249.1,486,488,571,573,3,AGA,TCT
M85249.1,324,326,571,573,3,AGA,TCT
M85249.1,348,350,571,573,3,AGA,TCT
M85249.1,290,292,571,573,3,AGA,TCT
M85249.1,324,326,371,373,3,AGA,TCT
M85249.1,348,350,371,373,3,AGA,TCT
M85249.1,290,292,371,373,3,AGA,TCT
M85249.1,298,300,302,304,3,AGC,TCG
M85249.1,298,300,435,437,3,AGC,TCG
M85249.1,61,63,302,304,3,AGC,TCG
M85249.1,61,63,229,231,3,AGC,TCG
M85249.1,61,63,435,437,3,AGC,TCG
M85249.1,307,309,518,520,3,AGC,TCG
M85249.1,33,35,518,520,3,AGC,TCG
M85249.1,33,35,302,304,3,AGC,TCG
M85249.1,388,390,482,484,3,AGG,TCC
M85249.1,129,131,482,484,3,AGG,TCC
M85249.1,193,195,482,484,3,AGG,TCC
M85249.1,159,161,482,484,3,AGG,TCC
M85249.1,244,246,632,634,3,AGG,TCC
M85249.1,450,452,482,484,3,AGG,TCC
M85249.1,450,452,632,634,3,AGG,TCC
M85249.1,172,174,482,484,3,AGG,TCC
M85249.1,172,174,632,634,3,AGG,TCC
M85249.1,337,339,674,676,3,AGT,TCA
M85249.1,509,511,674,676,3,AGT,TCA
M85249.1,281,283,674,676,3,AGT,TCA
M85249.1,528,530,674,676,3,AGT,TCA
M85249.1,337,339,551,553,3,AGT,TCA
M85249.1,509,511,551,553,3,AGT,TCA
M85249.1,236,238,551,553,3,AGT,TCA
M85249.1,136,138,551,553,3,AGT,TCA
M85249.1,189,191,551,553,3,AGT,TCA
M85249.1,205,207,551,553,3,AGT,TCA
M85249.1,281,283,551,553,3,AGT,TCA
M85249.1,606,608,674,676,3,AGT,TCA
M85249.1,251,253,674,676,3,AGT,TCA
M85249.1,337,339,448,450,3,AGT,TCA
M85249.1,236,238,448,450,3,AGT,TCA
M85249.1,136,138,448,450,3,AGT,TCA
M85249.1,251,253,448,450,3,AGT,TCA
M85249.1,281,283,448,450,3,AGT,TCA
M85249.1,25,29,625,629,5,ATAAT,TATTA
M85249.1,75,78,82,85,4,ATAA,TATT
M85249.1,75,78,692,695,4,ATAA,TATT
M85249.1,184,187,692,695,4,ATAA,TATT
M85249.1,196,199,692,695,4,ATAA,TATT
M85249.1,681,684,692,695,4,ATAA,TATT
M85249.1,126,129,215,218,4,ATAA,TATT
M85249.1,133,136,215,218,4,ATAA,TATT
M85249.1,75,78,215,218,4,ATAA,TATT
M85249.1,25,28,41,44,4,ATAA,TATT
M85249.1,184,187,215,218,4,ATAA,TATT
M85249.1,196,199,215,218,4,ATAA,TATT
M85249.1,25,28,82,85,4,ATAA,TATT
M85249.1,126,129,625,628,4,ATAA,TATT
M85249.1,133,136,625,628,4,ATAA,TATT
M85249.1,75,78,625,628,4,ATAA,TATT
M85249.1,18,21,404,407,4,ATAC,TATG
M85249.1,363,366,573,576,4,ATAC,TATG
M85249.1,18,21,573,576,4,ATAC,TATG
M85249.1,18,21,310,313,4,ATAC,TATG
M85249.1,363,366,580,583,4,ATAC,TATG
M85249.1,18,21,580,583,4,ATAC,TATG
M85249.1,102,105,573,576,4,ATAC,TATG
M85249.1,102,105,310,313,4,ATAC,TATG
M85249.1,102,105,580,583,4,ATAC,TATG
M85249.1,102,105,404,407,4,ATAC,TATG
M85249.1,270,273,580,583,4,ATAC,TATG
M85249.1,270,273,404,407,4,ATAC,TATG
M85249.1,226,230,241,245,5,ATATC,TATAG
M85249.1,18,20,49,51,3,ATA,TAT
M85249.1,18,20,692,694,3,ATA,TAT
M85249.1,18,20,215,217,3,ATA,TAT
M85249.1,653,655,692,694,3,ATA,TAT
M85249.1,363,365,692,694,3,ATA,TAT
M85249.1,102,104,692,694,3,ATA,TAT
M85249.1,102,104,215,217,3,ATA,TAT
M85249.1,18,20,625,627,3,ATA,TAT
M85249.1,363,365,625,627,3,ATA,TAT
M85249.1,102,104,625,627,3,ATA,TAT
M85249.1,18,20,82,84,3,ATA,TAT
M85249.1,75,77,573,575,3,ATA,TAT
M85249.1,126,128,573,575,3,ATA,TAT
M85249.1,133,135,573,575,3,ATA,TAT
M85249.1,75,77,310,312,3,ATA,TAT
M85249.1,126,128,310,312,3,ATA,TAT
M85249.1,133,135,310,312,3,ATA,TAT
M85249.1,25,27,573,575,3,ATA,TAT
M85249.1,25,27,310,312,3,ATA,TAT
M85249.1,270,272,692,694,3,ATA,TAT
M85249.1,75,77,404,406,3,ATA,TAT
M85249.1,126,128,404,406,3,ATA,TAT
M85249.1,133,135,404,406,3,ATA,TAT
M85249.1,75,77,580,582,3,ATA,TAT
M85249.1,126,128,580,582,3,ATA,TAT
M85249.1,133,135,580,582,3,ATA,TAT
M85249.1,25,27,404,406,3,ATA,TAT
M85249.1,25,27,580,582,3,ATA,TAT
M85249.1,196,198,404,406,3,ATA,TAT
M85249.1,184,186,404,406,3,ATA,TAT
M85249.1,196,198,580,582,3,ATA,TAT
M85249.1,184,186,580,582,3,ATA,TAT
M85249.1,525,527,580,582,3,ATA,TAT
M85249.1,293,295,692,694,3,ATA,TAT
M85249.1,25,27,628,630,3,ATA,TAT
M85249.1,25,27,433,435,3,ATA,TAT
M85249.1,604,606,692,694,3,ATA,TAT
M85249.1,249,251,692,694,3,ATA,TAT
M85249.1,293,295,573,575,3,ATA,TAT
M85249.1,293,295,310,312,3,ATA,TAT
M85249.1,293,295,625,627,3,ATA,TAT
M85249.1,270,272,628,630,3,ATA,TAT
M85249.1,196,198,628,630,3,ATA,TAT
M85249.1,184,186,628,630,3,ATA,TAT
M85249.1,525,527,628,630,3,ATA,TAT
M85249.1,270,272,433,435,3,ATA,TAT
M85249.1,196,198,433,435,3,ATA,TAT
M85249.1,184,186,433,435,3,ATA,TAT
M85249.1,604,606,625,627,3,ATA,TAT
M85249.1,249,251,573,575,3,ATA,TAT
M85249.1,249,251,310,312,3,ATA,TAT
M85249.1,249,251,625,627,3,ATA,TAT
M85249.1,293,295,404,406,3,ATA,TAT
M85249.1,293,295,580,582,3,ATA,TAT
M85249.1,249,251,404,406,3,ATA,TAT
M85249.1,249,251,580,582,3,ATA,TAT
M85249.1,18,20,176,178,3,ATA,TAT
M85249.1,102,104,176,178,3,ATA,TAT
M85249.1,75,77,176,178,3,ATA,TAT
M85249.1,126,128,176,178,3,ATA,TAT
M85249.1,133,135,176,178,3,ATA,TAT
M85249.1,501,503,692,694,3,ATA,TAT
M85249.1,25,27,176,178,3,ATA,TAT
M85249.1,501,503,580,582,3,ATA,TAT
M85249.1,18,20,569,571,3,ATA,TAT
M85249.1,363,365,569,571,3,ATA,TAT
M85249.1,102,104,569,571,3,ATA,TAT
M85249.1,75,77,569,571,3,ATA,TAT
M85249.1,126,128,569,571,3,ATA,TAT
M85249.1,133,135,569,571,3,ATA,TAT
M85249.1,18,20,227,229,3,ATA,TAT
M85249.1,102,104,227,229,3,ATA,TAT
M85249.1,75,77,227,229,3,ATA,TAT
M85249.1,126,128,227,229,3,ATA,TAT
M85249.1,133,135,227,229,3,ATA,TAT
M85249.1,25,27,569,571,3,ATA,TAT
M85249.1,25,27,227,229,3,ATA,TAT
M85249.1,242,244,692,694,3,ATA,TAT
M85249.1,270,272,569,571,3,ATA,TAT
M85249.1,196,198,569,571,3,ATA,TAT
M85249.1,184,186,569,571,3,ATA,TAT
M85249.1,525,527,569,571,3,ATA,TAT
M85249.1,196,198,227,229,3,ATA,TAT
M85249.1,184,186,227,229,3,ATA,TAT
M85249.1,242,244,573,575,3,ATA,TAT
M85249.1,242,244,310,312,3,ATA,TAT
M85249.1,242,244,625,627,3,ATA,TAT
M85249.1,25,27,700,702,3,ATA,TAT
M85249.1,25,27,225,227,3,ATA,TAT
M85249.1,568,570,692,694,3,ATA,TAT
M85249.1,81,83,692,694,3,ATA,TAT
M85249.1,81,83,215,217,3,ATA,TAT
M85249.1,501,503,700,702,3,ATA,TAT
M85249.1,270,272,700,702,3,ATA,TAT
M85249.1,196,198,700,702,3,ATA,TAT
M85249.1,184,186,700,702,3,ATA,TAT
M85249.1,525,527,700,702,3,ATA,TAT
M85249.1,196,198,225,227,3,ATA,TAT
M85249.1,184,186,225,227,3,ATA,TAT
M85249.1,568,570,573,575,3,ATA,TAT
M85249.1,568,570,625,627,3,ATA,TAT
M85249.1,81,83,176,178,3,ATA,TAT
M85249.1,81,83,573,575,3,ATA,TAT
M85249.1,81,83,310,312,3,ATA,TAT
M85249.1,81,83,625,627,3,ATA,TAT
M85249.1,242,244,700,702,3,ATA,TAT
M85249.1,568,570,569,571,3,ATA,TAT
M85249.1,568,570,580,582,3,ATA,TAT
M85249.1,81,83,569,571,3,ATA,TAT
M85249.1,81,83,227,229,3,ATA,TAT
M85249.1,81,83,404,406,3,ATA,TAT
M85249.1,81,83,580,582,3,ATA,TAT
M85249.1,81,83,82,84,3,ATA,TAT
M85249.1,403,405,628,630,3,ATA,TAT
M85249.1,403,405,433,435,3,ATA,TAT
M85249.1,403,405,573,575,3,ATA,TAT
M85249.1,403,405,625,627,3,ATA,TAT
M85249.1,403,405,569,571,3,ATA,TAT
M85249.1,403,405,404,406,3,ATA,TAT
M85249.1,403,405,580,582,3,ATA,TAT
M85249.1,293,295,578,580,3,ATA,TAT
M85249.1,249,251,578,580,3,ATA,TAT
M85249.1,18,20,578,580,3,ATA,TAT
M85249.1,363,365,578,580,3,ATA,TAT
M85249.1,102,104,578,580,3,ATA,TAT
M85249.1,75,77,578,580,3,ATA,TAT
M85249.1,126,128,578,580,3,ATA,TAT
M85249.1,133,135,578,580,3,ATA,TAT
M85249.1,18,20,241,243,3,ATA,TAT
M85249.1,102,104,241,243,3,ATA,TAT
M85249.1,75,77,241,243,3,ATA,TAT
M85249.1,126,128,241,243,3,ATA,TAT
M85249.1,133,135,241,243,3,ATA,TAT
M85249.1,25,27,578,580,3,ATA,TAT
M85249.1,25,27,241,243,3,ATA,TAT
M85249.1,242,244,578,580,3,ATA,TAT
M85249.1,226,228,628,630,3,ATA,TAT
M85249.1,226,228,433,435,3,ATA,TAT
M85249.1,579,581,628,630,3,ATA,TAT
M85249.1,226,228,692,694,3,ATA,TAT
M85249.1,579,581,692,694,3,ATA,TAT
M85249.1,226,228,573,575,3,ATA,TAT
M85249.1,226,228,310,312,3,ATA,TAT
M85249.1,226,228,625,627,3,ATA,TAT
M85249.1,579,581,625,627,3,ATA,TAT
M85249.1,114,119,232,237,6,ATCTTC,TAGAAG
M85249.1,114,119,138,143,6,ATCTTC,TAGAAG
M85249.1,114,119,294,299,6,ATCTTC,TAGAAG
M85249.1,2,6,103,107,5,ATGAA,TACTT
M85249.1,2,6,271,275,5,ATGAA,TACTT
M85249.1,285,289,364,368,5,ATGGG,TACCC
M85249.1,28,32,654,658,5,ATGTT,TACAA
M85249.1,420,424,654,658,5,ATGTT,TACAA
M85249.1,2,4,218,220,3,ATG,TAC
M85249.1,144,146,454,456,3,ATG,TAC
M85249.1,261,263,454,456,3,ATG,TAC
M85249.1,144,146,238,240,3,ATG,TAC
M85249.1,144,146,271,273,3,ATG,TAC
M85249.1,261,263,271,273,3,ATG,TAC
M85249.1,311,313,454,456,3,ATG,TAC
M85249.1,200,202,238,240,3,ATG,TAC
M85249.1,200,202,271,273,3,ATG,TAC
M85249.1,144,146,207,209,3,ATG,TAC
M85249.1,285,287,454,456,3,ATG,TAC
M85249.1,2,4,642,644,3,ATG,TAC
M85249.1,581,583,642,644,3,ATG,TAC
M85249.1,311,313,642,644,3,ATG,TAC
M85249.1,574,576,642,644,3,ATG,TAC
M85249.1,405,407,454,456,3,ATG,TAC
M85249.1,2,4,364,366,3,ATG,TAC
M85249.1,144,146,364,366,3,ATG,TAC
M85249.1,261,263,364,366,3,ATG,TAC
M85249.1,2,4,609,611,3,ATG,TAC
M85249.1,28,30,207,209,3,ATG,TAC
M85249.1,28,30,238,240,3,ATG,TAC
M85249.1,285,287,609,611,3,ATG,TAC
M85249.1,144,146,609,611,3,ATG,TAC
M85249.1,261,263,609,611,3,ATG,TAC
M85249.1,589,591,609,611,3,ATG,TAC
M85249.1,417,419,609,611,3,ATG,TAC
M85249.1,28,30,642,644,3,ATG,TAC
M85249.1,405,407,609,611,3,ATG,TAC
M85249.1,581,583,609,611,3,ATG,TAC
M85249.1,311,313,609,611,3,ATG,TAC
M85249.1,574,576,609,611,3,ATG,TAC
M85249.1,28,30,364,366,3,ATG,TAC
M85249.1,28,30,103,105,3,ATG,TAC
M85249.1,28,30,271,273,3,ATG,TAC
M85249.1,544,546,642,644,3,ATG,TAC
M85249.1,420,422,454,456,3,ATG,TAC
M85249.1,200,202,654,656,3,ATG,TAC
M85249.1,2,4,654,656,3,ATG,TAC
M85249.1,2,4,19,21,3,ATG,TAC
M85249.1,285,287,654,656,3,ATG,TAC
M85249.1,144,146,654,656,3,ATG,TAC
M85249.1,261,263,654,656,3,ATG,TAC
M85249.1,589,591,654,656,3,ATG,TAC
M85249.1,417,419,654,656,3,ATG,TAC
M85249.1,39,47,73,81,9,ATTATTGTT,TAATAACAA
M85249.1,626,630,651,655,5,ATTAT,TAATA
M85249.1,39,43,651,655,5,ATTAT,TAATA
M85249.1,216,219,276,279,4,ATTA,TAAT
M85249.1,216,219,513,516,4,ATTA,TAAT
M85249.1,223,226,513,516,4,ATTA,TAAT
M85249.1,223,226,682,685,4,ATTA,TAAT
M85249.1,216,219,651,654,4,ATTA,TAAT
M85249.1,39,42,276,279,4,ATTA,TAAT
M85249.1,39,42,64,67,4,ATTA,TAAT
M85249.1,216,219,566,569,4,ATTA,TAAT
M85249.1,39,42,682,685,4,ATTA,TAAT
M85249.1,278,281,566,569,4,ATTA,TAAT
M85249.1,278,281,513,516,4,ATTA,TAAT
M85249.1,278,281,682,685,4,ATTA,TAAT
M85249.1,11,17,185,191,7,ATTGTCA,TAACAGT
M85249.1,278,280,526,528,3,ATT,TAA
M85249.1,223,225,526,528,3,ATT,TAA
M85249.1,39,41,526,528,3,ATT,TAA
M85249.1,39,41,134,136,3,ATT,TAA
M85249.1,39,41,127,129,3,ATT,TAA
M85249.1,376,378,513,515,3,ATT,TAA
M85249.1,376,378,566,568,3,ATT,TAA
M85249.1,39,41,90,92,3,ATT,TAA
M85249.1,11,13,191,193,3,ATT,TAA
M85249.1,11,13,59,61,3,ATT,TAA
M85249.1,11,13,513,515,3,ATT,TAA
M85249.1,11,13,566,568,3,ATT,TAA
M85249.1,444,446,513,515,3,ATT,TAA
M85249.1,444,446,566,568,3,ATT,TAA
M85249.1,11,13,64,66,3,ATT,TAA
M85249.1,11,13,73,75,3,ATT,TAA
M85249.1,376,378,526,528,3,ATT,TAA
M85249.1,376,378,682,684,3,ATT,TAA
M85249.1,11,13,526,528,3,ATT,TAA
M85249.1,11,13,134,136,3,ATT,TAA
M85249.1,11,13,127,129,3,ATT,TAA
M85249.1,11,13,682,684,3,ATT,TAA
M85249.1,11,13,26,28,3,ATT,TAA
M85249.1,444,446,526,528,3,ATT,TAA
M85249.1,444,446,682,684,3,ATT,TAA
M85249.1,612,614,651,653,3,ATT,TAA
M85249.1,278,280,547,549,3,ATT,TAA
M85249.1,223,225,547,549,3,ATT,TAA
M85249.1,612,614,682,684,3,ATT,TAA
M85249.1,216,218,547,549,3,ATT,TAA
M85249.1,536,538,651,653,3,ATT,TAA
M85249.1,536,538,566,568,3,ATT,TAA
M85249.1,536,538,682,684,3,ATT,TAA
M85249.1,50,52,276,278,3,ATT,TAA
M85249.1,50,52,651,653,3,ATT,TAA
M85249.1,42,44,276,278,3,ATT,TAA
M85249.1,42,44,651,653,3,ATT,TAA
M85249.1,50,52,191,193,3,ATT,TAA
M85249.1,50,52,59,61,3,ATT,TAA
M85249.1,50,52,513,515,3,ATT,TAA
M85249.1,50,52,566,568,3,ATT,TAA
M85249.1,39,41,185,187,3,ATT,TAA
M85249.1,39,41,76,78,3,ATT,TAA
M85249.1,42,44,191,193,3,ATT,TAA
M85249.1,42,44,59,61,3,ATT,TAA
M85249.1,42,44,513,515,3,ATT,TAA
M85249.1,42,44,566,568,3,ATT,TAA
M85249.1,50,52,64,66,3,ATT,TAA
M85249.1,50,52,73,75,3,ATT,TAA
M85249.1,42,44,64,66,3,ATT,TAA
M85249.1,42,44,73,75,3,ATT,TAA
M85249.1,515,517,547,549,3,ATT,TAA
M85249.1,515,517,566,568,3,ATT,TAA
M85249.1,66,68,547,549,3,ATT,TAA
M85249.1,66,68,191,193,3,ATT,TAA
M85249.1,66,68,513,515,3,ATT,TAA
M85249.1,66,68,566,568,3,ATT,TAA
M85249.1,39,41,354,356,3,ATT,TAA
M85249.1,66,68,73,75,3,ATT,TAA
M85249.1,515,517,526,528,3,ATT,TAA
M85249.1,515,517,682,684,3,ATT,TAA
M85249.1,618,620,682,684,3,ATT,TAA
M85249.1,66,68,185,187,3,ATT,TAA
M85249.1,66,68,76,78,3,ATT,TAA
M85249.1,66,68,526,528,3,ATT,TAA
M85249.1,66,68,134,136,3,ATT,TAA
M85249.1,66,68,127,129,3,ATT,TAA
M85249.1,66,68,682,684,3,ATT,TAA
M85249.1,50,52,354,356,3,ATT,TAA
M85249.1,42,44,354,356,3,ATT,TAA
M85249.1,216,218,354,356,3,ATT,TAA
M85249.1,328,330,651,653,3,ATT,TAA
M85249.1,376,378,438,440,3,ATT,TAA
M85249.1,11,13,438,440,3,ATT,TAA
M85249.1,278,280,438,440,3,ATT,TAA
M85249.1,223,225,438,440,3,ATT,TAA
M85249.1,328,330,526,528,3,ATT,TAA
M85249.1,328,330,682,684,3,ATT,TAA
M85249.1,50,52,438,440,3,ATT,TAA
M85249.1,42,44,438,440,3,ATT,TAA
M85249.1,216,218,438,440,3,ATT,TAA
M85249.1,11,13,373,375,3,ATT,TAA
M85249.1,278,280,373,375,3,ATT,TAA
M85249.1,223,225,373,375,3,ATT,TAA
M85249.1,409,411,651,653,3,ATT,TAA
M85249.1,39,41,373,375,3,ATT,TAA
M85249.1,409,411,547,549,3,ATT,TAA
M85249.1,409,411,513,515,3,ATT,TAA
M85249.1,409,411,566,568,3,ATT,TAA
M85249.1,50,52,373,375,3,ATT,TAA
M85249.1,42,44,373,375,3,ATT,TAA
M85249.1,216,218,373,375,3,ATT,TAA
M85249.1,409,411,526,528,3,ATT,TAA
M85249.1,409,411,682,684,3,ATT,TAA
M85249.1,11,13,197,199,3,ATT,TAA
M85249.1,83,85,90,92,3,ATT,TAA
M85249.1,83,85,276,278,3,ATT,TAA
M85249.1,83,85,651,653,3,ATT,TAA
M85249.1,39,41,197,199,3,ATT,TAA
M85249.1,83,85,547,549,3,ATT,TAA
M85249.1,83,85,191,193,3,ATT,TAA
M85249.1,83,85,513,515,3,ATT,TAA
M85249.1,83,85,566,568,3,ATT,TAA
M85249.1,552,556,686,690,5,CAAAA,GTTTT
M85249.1,470,474,539,543,5,CACCG,GTGGC
M85249.1,120,124,539,543,5,CACCG,GTGGC
M85249.1,147,151,383,387,5,CACTT,GTGAA
M85249.1,169,171,341,343,3,CAC,GTG
M85249.1,169,171,257,259,3,CAC,GTG
M85249.1,169,171,521,523,3,CAC,GTG
M85249.1,400,402,521,523,3,CAC,GTG
M85249.1,120,122,315,317,3,CAC,GTG
M85249.1,120,122,671,673,3,CAC,GTG
M85249.1,120,122,510,512,3,CAC,GTG
M85249.1,470,472,671,673,3,CAC,GTG
M85249.1,470,472,510,512,3,CAC,GTG
M85249.1,169,171,338,340,3,CAC,GTG
M85249.1,120,122,383,385,3,CAC,GTG
M85249.1,147,149,539,541,3,CAC,GTG
M85249.1,147,149,341,343,3,CAC,GTG
M85249.1,147,149,257,259,3,CAC,GTG
M85249.1,147,149,521,523,3,CAC,GTG
M85249.1,147,149,338,340,3,CAC,GTG
M85249.1,147,149,671,673,3,CAC,GTG
M85249.1,147,149,510,512,3,CAC,GTG
M85249.1,169,171,282,284,3,CAC,GTG
M85249.1,120,122,282,284,3,CAC,GTG
M85249.1,466,468,493,495,3,CAG,GTC
M85249.1,171,173,493,495,3,CAG,GTC
M85249.1,171,173,301,303,3,CAG,GTC
M85249.1,449,451,493,495,3,CAG,GTC
M85249.1,188,190,493,495,3,CAG,GTC
M85249.1,485,487,673,675,3,CAG,GTC
M85249.1,188,190,301,303,3,CAG,GTC
M85249.1,449,451,673,675,3,CAG,GTC
M85249.1,204,206,493,495,3,CAG,GTC
M85249.1,367,369,520,522,3,CCA,GGT
M85249.1,484,486,520,522,3,CCA,GGT
M85249.1,469,471,492,494,3,CCA,GGT
M85249.1,119,121,492,494,3,CCA,GGT
M85249.1,119,121,213,215,3,CCA,GGT
M85249.1,209,211,491,493,3,CCC,GGG
M85249.1,209,211,212,214,3,CCC,GGG
M85249.1,209,211,245,247,3,CCC,GGG
M85249.1,210,212,343,345,3,CCG,GGC
M85249.1,54,56,343,345,3,CCG,GGC
M85249.1,54,56,173,175,3,CCG,GGC
M85249.1,210,212,541,543,3,CCG,GGC
M85249.1,54,56,541,543,3,CCG,GGC
M85249.1,54,56,202,204,3,CCG,GGC
M85249.1,95,99,246,250,5,CCTTA,GGAAT
M85249.1,95,99,130,134,5,CCTTA,GGAAT
M85249.1,220,222,344,346,3,CGA,GCT
M85249.1,179,181,344,346,3,CGA,GCT
M85249.1,475,477,591,593,3,CGA,GCT
M85249.1,123,125,263,265,3,CGA,GCT
M85249.1,179,181,263,265,3,CGA,GCT
M85249.1,562,564,591,593,3,CGA,GCT
M85249.1,220,222,659,661,3,CGA,GCT
M85249.1,123,125,659,661,3,CGA,GCT
M85249.1,475,477,659,661,3,CGA,GCT
M85249.1,123,125,576,578,3,CGA,GCT
M85249.1,562,564,576,578,3,CGA,GCT
M85249.1,475,477,576,578,3,CGA,GCT
M85249.1,179,181,576,578,3,CGA,GCT
M85249.1,415,417,591,593,3,CGA,GCT
M85249.1,415,417,659,661,3,CGA,GCT
M85249.1,220,222,308,310,3,CGA,GCT
M85249.1,123,125,308,310,3,CGA,GCT
M85249.1,93,95,299,301,3,CGC,GCG
M85249.1,93,95,474,476,3,CGC,GCG
M85249.1,478,480,561,563,3,CGC,GCG
M85249.1,93,95,561,563,3,CGC,GCG
M85249.1,473,475,474,476,3,CGC,GCG
M85249.1,473,475,561,563,3,CGC,GCG
M85249.1,55,57,94,96,3,CGG,GCC
M85249.1,55,57,479,481,3,CGG,GCC
M85249.1,211,213,479,481,3,CGG,GCC
M85249.1,519,521,583,585,3,CGG,GCC
M85249.1,490,492,504,506,3,CGG,GCC
M85249.1,55,57,468,470,3,CGG,GCC
M85249.1,211,213,468,470,3,CGG,GCC
M85249.1,55,57,504,506,3,CGG,GCC
M85249.1,211,213,504,506,3,CGG,GCC
M85249.1,300,302,542,544,3,CGT,GCA
M85249.1,314,316,542,544,3,CGT,GCA
M85249.1,303,305,542,544,3,CGT,GCA
M85249.1,240,243,500,503,4,CTAT,GATA
M85249.1,175,178,269,272,4,CTAT,GATA
M85249.1,309,312,500,503,4,CTAT,GATA
M85249.1,240,243,524,527,4,CTAT,GATA
M85249.1,309,312,524,527,4,CTAT,GATA
M85249.1,175,178,524,527,4,CTAT,GATA
M85249.1,175,178,195,198,4,CTAT,GATA
M85249.1,175,178,183,186,4,CTAT,GATA
M85249.1,63,65,419,421,3,CTA,GAT
M85249.1,63,65,284,286,3,CTA,GAT
M85249.1,372,374,419,421,3,CTA,GAT
M85249.1,72,74,588,590,3,CTA,GAT
M85249.1,72,74,260,262,3,CTA,GAT
M85249.1,63,65,588,590,3,CTA,GAT
M85249.1,63,65,260,262,3,CTA,GAT
M85249.1,372,374,588,590,3,CTA,GAT
M85249.1,72,74,416,418,3,CTA,GAT
M85249.1,372,374,416,418,3,CTA,GAT
M85249.1,72,74,143,145,3,CTA,GAT
M85249.1,63,65,143,145,3,CTA,GAT
M85249.1,240,242,588,590,3,CTA,GAT
M85249.1,240,242,260,262,3,CTA,GAT
M85249.1,240,242,408,410,3,CTA,GAT
M85249.1,240,242,535,537,3,CTA,GAT
M85249.1,240,242,416,418,3,CTA,GAT
M85249.1,63,65,269,271,3,CTA,GAT
M85249.1,72,74,524,526,3,CTA,GAT
M85249.1,72,74,195,197,3,CTA,GAT
M85249.1,63,65,524,526,3,CTA,GAT
M85249.1,63,65,195,197,3,CTA,GAT
M85249.1,372,374,524,526,3,CTA,GAT
M85249.1,175,177,419,421,3,CTA,GAT
M85249.1,175,177,284,286,3,CTA,GAT
M85249.1,309,311,419,421,3,CTA,GAT
M85249.1,577,579,588,590,3,CTA,GAT
M85249.1,175,177,588,590,3,CTA,GAT
M85249.1,175,177,260,262,3,CTA,GAT
M85249.1,175,177,408,410,3,CTA,GAT
M85249.1,175,177,535,537,3,CTA,GAT
M85249.1,309,311,588,590,3,CTA,GAT
M85249.1,309,311,408,410,3,CTA,GAT
M85249.1,309,311,535,537,3,CTA,GAT
M85249.1,72,74,500,502,3,CTA,GAT
M85249.1,72,74,183,185,3,CTA,GAT
M85249.1,572,574,588,590,3,CTA,GAT
M85249.1,63,65,500,502,3,CTA,GAT
M85249.1,63,65,183,185,3,CTA,GAT
M85249.1,264,268,289,293,5,CTCTT,GAGAA
M85249.1,481,483,563,565,3,CTC,GAG
M85249.1,264,266,532,534,3,CTC,GAG
M85249.1,264,266,461,463,3,CTC,GAG
M85249.1,550,552,559,561,3,CTC,GAG
M85249.1,481,483,559,561,3,CTC,GAG
M85249.1,264,266,559,561,3,CTC,GAG
M85249.1,7,11,427,431,5,CTGAA,GACTT
M85249.1,7,11,349,353,5,CTGAA,GACTT
M85249.1,381,385,398,402,5,CTGTG,GACAC
M85249.1,345,347,599,601,3,CTG,GAC
M85249.1,381,383,427,429,3,CTG,GAC
M85249.1,7,9,464,466,3,CTG,GAC
M85249.1,7,9,398,400,3,CTG,GAC
M85249.1,7,9,167,169,3,CTG,GAC
M85249.1,345,347,464,466,3,CTG,GAC
M85249.1,345,347,398,400,3,CTG,GAC
M85249.1,7,9,325,327,3,CTG,GAC
M85249.1,7,9,359,361,3,CTG,GAC
M85249.1,345,347,359,361,3,CTG,GAC
M85249.1,381,383,476,478,3,CTG,GAC
M85249.1,456,458,476,478,3,CTG,GAC
M85249.1,7,9,476,478,3,CTG,GAC
M85249.1,395,397,476,478,3,CTG,GAC
M85249.1,105,109,390,394,5,CTTTG,GAAAC
M85249.1,351,354,390,393,4,CTTT,GAAA
M85249.1,273,276,390,393,4,CTTT,GAAA
M85249.1,592,595,615,618,4,CTTT,GAAA
M85249.1,592,595,678,681,4,CTTT,GAAA
M85249.1,647,650,678,681,4,CTTT,GAAA
M85249.1,149,151,180,182,3,CTT,GAA
M85249.1,35,37,247,249,3,CTT,GAA
M85249.1,35,37,131,133,3,CTT,GAA
M85249.1,96,98,180,182,3,CTT,GAA
M85249.1,35,37,291,293,3,CTT,GAA
M85249.1,35,37,100,102,3,CTT,GAA
M85249.1,88,90,180,182,3,CTT,GAA
M85249.1,149,151,234,236,3,CTT,GAA
M85249.1,149,151,296,298,3,CTT,GAA
M85249.1,96,98,234,236,3,CTT,GAA
M85249.1,116,118,247,249,3,CTT,GAA
M85249.1,116,118,131,133,3,CTT,GAA
M85249.1,96,98,296,298,3,CTT,GAA
M85249.1,96,98,140,142,3,CTT,GAA
M85249.1,116,118,221,223,3,CTT,GAA
M85249.1,116,118,124,126,3,CTT,GAA
M85249.1,149,151,666,668,3,CTT,GAA
M85249.1,35,37,666,668,3,CTT,GAA
M85249.1,116,118,666,668,3,CTT,GAA
M85249.1,638,640,666,668,3,CTT,GAA
M85249.1,88,90,666,668,3,CTT,GAA
M85249.1,149,151,487,489,3,CTT,GAA
M85249.1,96,98,487,489,3,CTT,GAA
M85249.1,35,37,487,489,3,CTT,GAA
M85249.1,351,353,666,668,3,CTT,GAA
M85249.1,96,98,615,617,3,CTT,GAA
M85249.1,273,275,666,668,3,CTT,GAA
M85249.1,96,98,111,113,3,CTT,GAA
M85249.1,96,98,678,680,3,CTT,GAA
M85249.1,96,98,385,387,3,CTT,GAA
M85249.1,105,107,666,668,3,CTT,GAA
M85249.1,105,107,247,249,3,CTT,GAA
M85249.1,105,107,131,133,3,CTT,GAA
M85249.1,429,431,666,668,3,CTT,GAA
M85249.1,35,37,615,617,3,CTT,GAA
M85249.1,35,37,111,113,3,CTT,GAA
M85249.1,35,37,678,680,3,CTT,GAA
M85249.1,35,37,385,387,3,CTT,GAA
M85249.1,105,107,180,182,3,CTT,GAA
M85249.1,105,107,221,223,3,CTT,GAA
M85249.1,105,107,124,126,3,CTT,GAA
M85249.1,351,353,487,489,3,CTT,GAA
M85249.1,266,268,615,617,3,CTT,GAA
M85249.1,116,118,615,617,3,CTT,GAA
M85249.1,88,90,615,617,3,CTT,GAA
M85249.1,273,275,487,489,3,CTT,GAA
M85249.1,273,275,296,298,3,CTT,GAA
M85249.1,273,275,291,293,3,CTT,GAA
M85249.1,88,90,111,113,3,CTT,GAA
M85249.1,266,268,678,680,3,CTT,GAA
M85249.1,116,118,678,680,3,CTT,GAA
M85249.1,638,640,678,680,3,CTT,GAA
M85249.1,88,90,678,680,3,CTT,GAA
M85249.1,266,268,385,387,3,CTT,GAA
M85249.1,116,118,385,387,3,CTT,GAA
M85249.1,88,90,385,387,3,CTT,GAA
M85249.1,105,107,487,489,3,CTT,GAA
M85249.1,105,107,234,236,3,CTT,GAA
M85249.1,105,107,296,298,3,CTT,GAA
M85249.1,105,107,140,142,3,CTT,GAA
M85249.1,105,107,291,293,3,CTT,GAA
M85249.1,429,431,487,489,3,CTT,GAA
M85249.1,149,151,390,392,3,CTT,GAA
M85249.1,35,37,390,392,3,CTT,GAA
M85249.1,266,268,390,392,3,CTT,GAA
M85249.1,116,118,390,392,3,CTT,GAA
M85249.1,88,90,390,392,3,CTT,GAA
M85249.1,592,594,666,668,3,CTT,GAA
M85249.1,647,649,666,668,3,CTT,GAA
M85249.1,390,394,592,596,5,GAAAC,CTTTG
M85249.1,390,393,696,699,4,GAAA,CTTT
M85249.1,390,393,647,650,4,GAAA,CTTT
M85249.1,390,393,429,432,4,GAAA,CTTT
M85249.1,678,681,696,699,4,GAAA,CTTT
M85249.1,111,114,696,699,4,GAAA,CTTT
M85249.1,615,618,696,699,4,GAAA,CTTT
M85249.1,111,114,592,595,4,GAAA,CTTT
M85249.1,111,114,647,650,4,GAAA,CTTT
M85249.1,615,618,647,650,4,GAAA,CTTT
M85249.1,385,388,696,699,4,GAAA,CTTT
M85249.1,385,388,592,595,4,GAAA,CTTT
M85249.1,385,388,647,650,4,GAAA,CTTT
M85249.1,487,489,647,649,3,GAA,CTT
M85249.1,487,489,592,594,3,GAA,CTT
M85249.1,111,113,266,268,3,GAA,CTT
M85249.1,666,668,696,698,3,GAA,CTT
M85249.1,4,6,696,698,3,GAA,CTT
M85249.1,4,6,647,649,3,GAA,CTT
M85249.1,4,6,592,594,3,GAA,CTT
M85249.1,140,142,647,649,3,GAA,CTT
M85249.1,140,142,592,594,3,GAA,CTT
M85249.1,296,298,647,649,3,GAA,CTT
M85249.1,296,298,592,594,3,GAA,CTT
M85249.1,234,236,647,649,3,GAA,CTT
M85249.1,234,236,592,594,3,GAA,CTT
M85249.1,390,392,638,640,3,GAA,CTT
M85249.1,140,142,429,431,3,GAA,CTT
M85249.1,140,142,273,275,3,GAA,CTT
M85249.1,140,142,351,353,3,GAA,CTT
M85249.1,4,6,638,640,3,GAA,CTT
M85249.1,385,387,638,640,3,GAA,CTT
M85249.1,111,113,638,640,3,GAA,CTT
M85249.1,615,617,638,640,3,GAA,CTT
M85249.1,296,298,429,431,3,GAA,CTT
M85249.1,296,298,351,353,3,GAA,CTT
M85249.1,4,6,116,118,3,GAA,CTT
M85249.1,111,113,116,118,3,GAA,CTT
M85249.1,234,236,429,431,3,GAA,CTT
M85249.1,234,236,273,275,3,GAA,CTT
M85249.1,234,236,351,353,3,GAA,CTT
M85249.1,180,182,266,268,3,GAA,CTT
M85249.1,180,182,696,698,3,GAA,CTT
M85249.1,180,182,429,431,3,GAA,CTT
M85249.1,180,182,273,275,3,GAA,CTT
M85249.1,180,182,351,353,3,GAA,CTT
M85249.1,4,6,35,37,3,GAA,CTT
M85249.1,100,102,647,649,3,GAA,CTT
M85249.1,100,102,592,594,3,GAA,CTT
M85249.1,291,293,647,649,3,GAA,CTT
M85249.1,291,293,592,594,3,GAA,CTT
M85249.1,100,102,429,431,3,GAA,CTT
M85249.1,100,102,105,107,3,GAA,CTT
M85249.1,100,102,273,275,3,GAA,CTT
M85249.1,100,102,351,353,3,GAA,CTT
M85249.1,291,293,429,431,3,GAA,CTT
M85249.1,291,293,351,353,3,GAA,CTT
M85249.1,4,6,88,90,3,GAA,CTT
M85249.1,124,126,638,640,3,GAA,CTT
M85249.1,124,126,266,268,3,GAA,CTT
M85249.1,124,126,696,698,3,GAA,CTT
M85249.1,221,223,638,640,3,GAA,CTT
M85249.1,221,223,266,268,3,GAA,CTT
M85249.1,221,223,696,698,3,GAA,CTT
M85249.1,124,126,429,431,3,GAA,CTT
M85249.1,124,126,273,275,3,GAA,CTT
M85249.1,124,126,351,353,3,GAA,CTT
M85249.1,221,223,429,431,3,GAA,CTT
M85249.1,221,223,273,275,3,GAA,CTT
M85249.1,221,223,351,353,3,GAA,CTT
M85249.1,131,133,638,640,3,GAA,CTT
M85249.1,131,133,266,268,3,GAA,CTT
M85249.1,131,133,696,698,3,GAA,CTT
M85249.1,247,249,638,640,3,GAA,CTT
M85249.1,247,249,266,268,3,GAA,CTT
M85249.1,247,249,696,698,3,GAA,CTT
M85249.1,131,133,647,649,3,GAA,CTT
M85249.1,131,133,592,594,3,GAA,CTT
M85249.1,247,249,647,649,3,GAA,CTT
M85249.1,247,249,592,594,3,GAA,CTT
M85249.1,131,133,429,431,3,GAA,CTT
M85249.1,131,133,273,275,3,GAA,CTT
M85249.1,131,133,351,353,3,GAA,CTT
M85249.1,247,249,429,431,3,GAA,CTT
M85249.1,247,249,273,275,3,GAA,CTT
M85249.1,247,249,351,353,3,GAA,CTT
M85249.1,4,6,96,98,3,GAA,CTT
M85249.1,140,142,149,151,3,GAA,CTT
M85249.1,9,11,638,640,3,GAA,CTT
M85249.1,9,11,116,118,3,GAA,CTT
M85249.1,9,11,266,268,3,GAA,CTT
M85249.1,9,11,696,698,3,GAA,CTT
M85249.1,9,11,35,37,3,GAA,CTT
M85249.1,9,11,647,649,3,GAA,CTT
M85249.1,9,11,592,594,3,GAA,CTT
M85249.1,167,171,381,385,5,GACAC,CTGTG
M85249.1,167,169,495,497,3,GAC,CTG
M85249.1,398,400,495,497,3,GAC,CTG
M85249.1,464,466,495,497,3,GAC,CTG
M85249.1,332,334,495,497,3,GAC,CTG
M85249.1,359,361,395,397,3,GAC,CTG
M85249.1,325,327,395,397,3,GAC,CTG
M85249.1,332,334,395,397,3,GAC,CTG
M85249.1,349,351,395,397,3,GAC,CTG
M85249.1,349,351,456,458,3,GAC,CTG
M85249.1,349,351,381,383,3,GAC,CTG
M85249.1,325,327,345,347,3,GAC,CTG
M85249.1,167,169,345,347,3,GAC,CTG
M85249.1,332,334,345,347,3,GAC,CTG
M85249.1,427,429,495,497,3,GAC,CTG
M85249.1,427,429,456,458,3,GAC,CTG
M85249.1,379,381,495,497,3,GAC,CTG
M85249.1,379,381,395,397,3,GAC,CTG
M85249.1,476,478,495,497,3,GAC,CTG
M85249.1,289,293,636,640,5,GAGAA,CTCTT
M85249.1,461,465,631,635,5,GAGGA,CTCCT
M85249.1,532,536,631,635,5,GAGGA,CTCCT
M85249.1,153,155,264,266,3,GAG,CTC
M85249.1,153,155,660,662,3,GAG,CTC
M85249.1,289,291,631,633,3,GAG,CTC
M85249.1,498,500,631,633,3,GAG,CTC
M85249.1,153,155,634,636,3,GAG,CTC
M85249.1,347,349,631,633,3,GAG,CTC
M85249.1,161,163,636,638,3,GAG,CTC
M85249.1,161,163,622,624,3,GAG,CTC
M85249.1,323,325,481,483,3,GAG,CTC
M85249.1,161,163,264,266,3,GAG,CTC
M85249.1,161,163,660,662,3,GAG,CTC
M85249.1,347,349,481,483,3,GAG,CTC
M85249.1,461,463,636,638,3,GAG,CTC
M85249.1,461,463,622,624,3,GAG,CTC
M85249.1,532,534,636,638,3,GAG,CTC
M85249.1,532,534,622,624,3,GAG,CTC
M85249.1,461,463,660,662,3,GAG,CTC
M85249.1,532,534,660,662,3,GAG,CTC
M85249.1,461,463,634,636,3,GAG,CTC
M85249.1,532,534,634,636,3,GAG,CTC
M85249.1,563,565,631,633,3,GAG,CTC
M85249.1,563,565,636,638,3,GAG,CTC
M85249.1,563,565,622,624,3,GAG,CTC
M85249.1,563,565,634,636,3,GAG,CTC
M85249.1,153,155,550,552,3,GAG,CTC
M85249.1,323,325,550,552,3,GAG,CTC
M85249.1,161,163,550,552,3,GAG,CTC
M85249.1,289,291,550,552,3,GAG,CTC
M85249.1,498,500,550,552,3,GAG,CTC
M85249.1,559,561,660,662,3,GAG,CTC
M85249.1,559,561,634,636,3,GAG,CTC
M85249.1,195,199,624,628,5,GATAA,CTATT
M85249.1,524,528,624,628,5,GATAA,CTATT
M85249.1,269,273,572,576,5,GATAC,CTATG
M85249.1,269,273,309,313,5,GATAC,CTATG
M85249.1,195,198,572,575,4,GATA,CTAT
M85249.1,524,527,572,575,4,GATA,CTAT
M85249.1,183,186,309,312,4,GATA,CTAT
M85249.1,195,198,309,312,4,GATA,CTAT
M85249.1,269,272,624,627,4,GATA,CTAT
M85249.1,500,503,577,580,4,GATA,CTAT
M85249.1,183,186,577,580,4,GATA,CTAT
M85249.1,195,198,577,580,4,GATA,CTAT
M85249.1,524,527,577,580,4,GATA,CTAT
M85249.1,269,272,577,580,4,GATA,CTAT
M85249.1,183,186,240,243,4,GATA,CTAT
M85249.1,195,198,240,243,4,GATA,CTAT
M85249.1,143,145,309,311,3,GAT,CTA
M85249.1,143,145,175,177,3,GAT,CTA
M85249.1,143,145,577,579,3,GAT,CTA
M85249.1,195,197,641,643,3,GAT,CTA
M85249.1,524,526,641,643,3,GAT,CTA
M85249.1,143,145,240,242,3,GAT,CTA
M85249.1,269,271,641,643,3,GAT,CTA
M85249.1,416,418,624,626,3,GAT,CTA
M85249.1,416,418,572,574,3,GAT,CTA
M85249.1,260,262,624,626,3,GAT,CTA
M85249.1,260,262,572,574,3,GAT,CTA
M85249.1,588,590,624,626,3,GAT,CTA
M85249.1,260,262,309,311,3,GAT,CTA
M85249.1,260,262,577,579,3,GAT,CTA
M85249.1,284,286,624,626,3,GAT,CTA
M85249.1,284,286,572,574,3,GAT,CTA
M85249.1,419,421,624,626,3,GAT,CTA
M85249.1,419,421,572,574,3,GAT,CTA
M85249.1,284,286,309,311,3,GAT,CTA
M85249.1,284,286,577,579,3,GAT,CTA
M85249.1,419,421,577,579,3,GAT,CTA
M85249.1,260,262,372,374,3,GAT,CTA
M85249.1,195,197,372,374,3,GAT,CTA
M85249.1,284,286,372,374,3,GAT,CTA
M85249.1,269,271,372,374,3,GAT,CTA
M85249.1,535,537,641,643,3,GAT,CTA
M85249.1,535,537,624,626,3,GAT,CTA
M85249.1,535,537,572,574,3,GAT,CTA
M85249.1,408,410,641,643,3,GAT,CTA
M85249.1,408,410,624,626,3,GAT,CTA
M85249.1,408,410,572,574,3,GAT,CTA
M85249.1,535,537,577,579,3,GAT,CTA
M85249.1,408,410,577,579,3,GAT,CTA
M85249.1,416,418,662,664,3,GAT,CTA
M85249.1,535,537,662,664,3,GAT,CTA
M85249.1,408,410,662,664,3,GAT,CTA
M85249.1,260,262,662,664,3,GAT,CTA
M85249.1,588,590,662,664,3,GAT,CTA
M85249.1,195,197,662,664,3,GAT,CTA
M85249.1,524,526,662,664,3,GAT,CTA
M85249.1,284,286,662,664,3,GAT,CTA
M85249.1,419,421,662,664,3,GAT,CTA
M85249.1,269,271,662,664,3,GAT,CTA
M85249.1,146,148,300,302,3,GCA,CGT
M85249.1,203,205,314,316,3,GCA,CGT
M85249.1,203,205,230,232,3,GCA,CGT
M85249.1,203,205,436,438,3,GCA,CGT
M85249.1,146,148,230,232,3,GCA,CGT
M85249.1,146,148,436,438,3,GCA,CGT
M85249.1,203,205,303,305,3,GCA,CGT
M85249.1,146,148,303,305,3,GCA,CGT
M85249.1,468,470,490,492,3,GCC,CGG
M85249.1,479,481,519,521,3,GCC,CGG
M85249.1,94,96,519,521,3,GCC,CGG
M85249.1,94,96,211,213,3,GCC,CGG
M85249.1,479,481,490,492,3,GCC,CGG
M85249.1,94,96,490,492,3,GCC,CGG
M85249.1,504,506,586,588,3,GCC,CGG
M85249.1,468,470,586,588,3,GCC,CGG
M85249.1,583,585,586,588,3,GCC,CGG
M85249.1,53,55,519,521,3,GCC,CGG
M85249.1,53,55,586,588,3,GCC,CGG
M85249.1,53,55,211,213,3,GCC,CGG
M85249.1,53,55,55,57,3,GCC,CGG
M85249.1,474,476,478,480,3,GCG,CGC
M85249.1,299,301,645,647,3,GCG,CGC
M85249.1,299,301,478,480,3,GCG,CGC
M85249.1,313,315,645,647,3,GCG,CGC
M85249.1,299,301,473,475,3,GCG,CGC
M85249.1,313,315,473,475,3,GCG,CGC
M85249.1,414,416,473,475,3,GCG,CGC
M85249.1,62,64,562,564,3,GCT,CGA
M85249.1,308,310,562,564,3,GCT,CGA
M85249.1,174,176,562,564,3,GCT,CGA
M85249.1,263,265,415,417,3,GCT,CGA
M85249.1,62,64,475,477,3,GCT,CGA
M85249.1,308,310,475,477,3,GCT,CGA
M85249.1,174,176,475,477,3,GCT,CGA
M85249.1,263,265,475,477,3,GCT,CGA
M85249.1,344,346,562,564,3,GCT,CGA
M85249.1,344,346,415,417,3,GCT,CGA
M85249.1,34,36,475,477,3,GCT,CGA
M85249.1,34,36,562,564,3,GCT,CGA
M85249.1,34,36,415,417,3,GCT,CGA
M85249.1,174,176,179,181,3,GCT,CGA
M85249.1,62,64,123,125,3,GCT,CGA
M85249.1,62,64,220,222,3,GCT,CGA
M85249.1,174,176,220,222,3,GCT,CGA
M85249.1,288,292,633,637,5,GGAGA,CCTCT
M85249.1,497,501,633,637,5,GGAGA,CCTCT
M85249.1,202,204,210,212,3,GGC,CCG
M85249.1,202,204,585,587,3,GGC,CCG
M85249.1,541,543,585,587,3,GGC,CCG
M85249.1,173,175,210,212,3,GGC,CCG
M85249.1,173,175,585,587,3,GGC,CCG
M85249.1,173,175,644,646,3,GGC,CCG
M85249.1,173,175,472,474,3,GGC,CCG
M85249.1,343,345,585,587,3,GGC,CCG
M85249.1,245,247,584,586,3,GGG,CCC
M85249.1,165,167,584,586,3,GGG,CCC
M85249.1,287,289,584,586,3,GGG,CCC
M85249.1,165,167,209,211,3,GGG,CCC
M85249.1,163,165,584,586,3,GGG,CCC
M85249.1,163,165,209,211,3,GGG,CCC
M85249.1,164,166,584,586,3,GGG,CCC
M85249.1,164,166,209,211,3,GGG,CCC
M85249.1,164,166,483,485,3,GGG,CCC
M85249.1,165,167,483,485,3,GGG,CCC
M85249.1,287,289,483,485,3,GGG,CCC
M85249.1,56,58,209,211,3,GGG,CCC
M85249.1,163,165,366,368,3,GGG,CCC
M85249.1,245,247,366,368,3,GGG,CCC
M85249.1,164,166,366,368,3,GGG,CCC
M85249.1,165,167,366,368,3,GGG,CCC
M85249.1,57,59,119,121,3,GGT,CCA
M85249.1,57,59,469,471,3,GGT,CCA
M85249.1,213,215,469,471,3,GGT,CCA
M85249.1,256,258,484,486,3,GGT,CCA
M85249.1,340,342,484,486,3,GGT,CCA
M85249.1,451,453,469,471,3,GGT,CCA
M85249.1,155,157,469,471,3,GGT,CCA
M85249.1,451,453,484,486,3,GGT,CCA
M85249.1,155,157,484,486,3,GGT,CCA
M85249.1,492,494,505,507,3,GGT,CCA
M85249.1,57,59,505,507,3,GGT,CCA
M85249.1,213,215,505,507,3,GGT,CCA
M85249.1,256,258,505,507,3,GGT,CCA
M85249.1,340,342,505,507,3,GGT,CCA
M85249.1,256,258,367,369,3,GGT,CCA
M85249.1,340,342,367,369,3,GGT,CCA
M85249.1,520,522,601,603,3,GGT,CCA
M85249.1,492,494,601,603,3,GGT,CCA
M85249.1,57,59,601,603,3,GGT,CCA
M85249.1,213,215,601,603,3,GGT,CCA
M85249.1,14,16,449,451,3,GTC,CAG
M85249.1,447,449,449,451,3,GTC,CAG
M85249.1,301,303,449,451,3,GTC,CAG
M85249.1,301,303,669,671,3,GTC,CAG
M85249.1,301,303,485,487,3,GTC,CAG
M85249.1,493,495,669,671,3,GTC,CAG
M85249.1,14,16,485,487,3,GTC,CAG
M85249.1,447,449,485,487,3,GTC,CAG
M85249.1,109,113,147,151,5,GTGAA,CACTT
M85249.1,282,284,470,472,3,GTG,CAC
M85249.1,383,385,470,472,3,GTG,CAC
M85249.1,109,111,470,472,3,GTG,CAC
M85249.1,109,111,120,122,3,GTG,CAC
M85249.1,315,317,470,472,3,GTG,CAC
M85249.1,338,340,400,402,3,GTG,CAC
M85249.1,282,284,400,402,3,GTG,CAC
M85249.1,257,259,400,402,3,GTG,CAC
M85249.1,341,343,400,402,3,GTG,CAC
M85249.1,304,308,368,372,5,GTTAG,CAATC
M85249.1,30,34,368,372,5,GTTAG,CAATC
M85249.1,317,321,552,556,5,GTTTT,CAAAA
M85249.1,185,191,444,450,7,TAACAGT,ATTGTCA
M85249.1,73,77,223,227,5,TAATA,ATTAT
M85249.1,73,77,626,630,5,TAATA,ATTAT
M85249.1,566,570,626,630,5,TAATA,ATTAT
M85249.1,73,76,216,219,4,TAAT,ATTA
M85249.1,26,29,39,42,4,TAAT,ATTA
M85249.1,26,29,223,226,4,TAAT,ATTA
M85249.1,64,67,216,219,4,TAAT,ATTA
M85249.1,64,67,626,629,4,TAAT,ATTA
M85249.1,64,67,223,226,4,TAAT,ATTA
M85249.1,513,516,626,629,4,TAAT,ATTA
M85249.1,276,279,626,629,4,TAAT,ATTA
M85249.1,26,29,278,281,4,TAAT,ATTA
M85249.1,64,67,278,281,4,TAAT,ATTA
M85249.1,73,76,278,281,4,TAAT,ATTA
M85249.1,76,78,409,411,3,TAA,ATT
M85249.1,185,187,409,411,3,TAA,ATT
M85249.1,76,78,328,330,3,TAA,ATT
M85249.1,185,187,328,330,3,TAA,ATT
M85249.1,76,78,618,620,3,TAA,ATT
M85249.1,76,78,515,517,3,TAA,ATT
M85249.1,185,187,618,620,3,TAA,ATT
M85249.1,185,187,515,517,3,TAA,ATT
M85249.1,197,199,536,538,3,TAA,ATT
M85249.1,438,440,536,538,3,TAA,ATT
M85249.1,354,356,536,538,3,TAA,ATT
M85249.1,197,199,612,614,3,TAA,ATT
M85249.1,373,375,612,614,3,TAA,ATT
M85249.1,547,549,618,620,3,TAA,ATT
M85249.1,354,356,612,614,3,TAA,ATT
M85249.1,197,199,444,446,3,TAA,ATT
M85249.1,197,199,376,378,3,TAA,ATT
M85249.1,373,375,444,446,3,TAA,ATT
M85249.1,90,92,409,411,3,TAA,ATT
M85249.1,373,375,376,378,3,TAA,ATT
M85249.1,438,440,444,446,3,TAA,ATT
M85249.1,90,92,328,330,3,TAA,ATT
M85249.1,373,375,693,695,3,TAA,ATT
M85249.1,127,129,536,538,3,TAA,ATT
M85249.1,127,129,409,411,3,TAA,ATT
M85249.1,134,136,536,538,3,TAA,ATT
M85249.1,134,136,409,411,3,TAA,ATT
M85249.1,526,528,536,538,3,TAA,ATT
M85249.1,547,549,693,695,3,TAA,ATT
M85249.1,438,440,693,695,3,TAA,ATT
M85249.1,127,129,612,614,3,TAA,ATT
M85249.1,127,129,328,330,3,TAA,ATT
M85249.1,134,136,612,614,3,TAA,ATT
M85249.1,134,136,328,330,3,TAA,ATT
M85249.1,526,528,612,614,3,TAA,ATT
M85249.1,90,92,693,695,3,TAA,ATT
M85249.1,354,356,693,695,3,TAA,ATT
M85249.1,127,129,444,446,3,TAA,ATT
M85249.1,127,129,376,378,3,TAA,ATT
M85249.1,127,129,618,620,3,TAA,ATT
M85249.1,127,129,515,517,3,TAA,ATT
M85249.1,134,136,444,446,3,TAA,ATT
M85249.1,134,136,376,378,3,TAA,ATT
M85249.1,134,136,618,620,3,TAA,ATT
M85249.1,134,136,515,517,3,TAA,ATT
M85249.1,526,528,618,620,3,TAA,ATT
M85249.1,59,61,83,85,3,TAA,ATT
M85249.1,59,61,536,538,3,TAA,ATT
M85249.1,59,61,409,411,3,TAA,ATT
M85249.1,191,193,536,538,3,TAA,ATT
M85249.1,191,193,409,411,3,TAA,ATT
M85249.1,59,61,444,446,3,TAA,ATT
M85249.1,59,61,376,378,3,TAA,ATT
M85249.1,59,61,66,68,3,TAA,ATT
M85249.1,59,61,618,620,3,TAA,ATT
M85249.1,59,61,515,517,3,TAA,ATT
M85249.1,191,193,444,446,3,TAA,ATT
M85249.1,191,193,376,378,3,TAA,ATT
M85249.1,191,193,618,620,3,TAA,ATT
M85249.1,191,193,515,517,3,TAA,ATT
M85249.1,373,375,626,628,3,TAA,ATT
M85249.1,26,28,536,538,3,TAA,ATT
M85249.1,26,28,409,411,3,TAA,ATT
M85249.1,59,61,626,628,3,TAA,ATT
M85249.1,191,193,626,628,3,TAA,ATT
M85249.1,547,549,626,628,3,TAA,ATT
M85249.1,438,440,626,628,3,TAA,ATT
M85249.1,59,61,216,218,3,TAA,ATT
M85249.1,191,193,216,218,3,TAA,ATT
M85249.1,26,28,612,614,3,TAA,ATT
M85249.1,26,28,328,330,3,TAA,ATT
M85249.1,90,92,626,628,3,TAA,ATT
M85249.1,354,356,626,628,3,TAA,ATT
M85249.1,90,92,216,218,3,TAA,ATT
M85249.1,26,28,444,446,3,TAA,ATT
M85249.1,26,28,376,378,3,TAA,ATT
M85249.1,26,28,66,68,3,TAA,ATT
M85249.1,26,28,618,620,3,TAA,ATT
M85249.1,26,28,515,517,3,TAA,ATT
M85249.1,73,75,693,695,3,TAA,ATT
M85249.1,73,75,83,85,3,TAA,ATT
M85249.1,64,66,693,695,3,TAA,ATT
M85249.1,64,66,83,85,3,TAA,ATT
M85249.1,73,75,612,614,3,TAA,ATT
M85249.1,73,75,328,330,3,TAA,ATT
M85249.1,64,66,612,614,3,TAA,ATT
M85249.1,64,66,328,330,3,TAA,ATT
M85249.1,73,75,444,446,3,TAA,ATT
M85249.1,73,75,376,378,3,TAA,ATT
M85249.1,73,75,618,620,3,TAA,ATT
M85249.1,73,75,515,517,3,TAA,ATT
M85249.1,64,66,444,446,3,TAA,ATT
M85249.1,64,66,376,378,3,TAA,ATT
M85249.1,64,66,66,68,3,TAA,ATT
M85249.1,64,66,618,620,3,TAA,ATT
M85249.1,64,66,515,517,3,TAA,ATT
M85249.1,566,568,693,695,3,TAA,ATT
M85249.1,513,515,693,695,3,TAA,ATT
M85249.1,513,515,536,538,3,TAA,ATT
M85249.1,566,568,618,620,3,TAA,ATT
M85249.1,513,515,618,620,3,TAA,ATT
M85249.1,513,515,515,517,3,TAA,ATT
M85249.1,651,653,693,695,3,TAA,ATT
M85249.1,127,129,223,225,3,TAA,ATT
M85249.1,134,136,223,225,3,TAA,ATT
M85249.1,76,78,223,225,3,TAA,ATT
M85249.1,185,187,223,225,3,TAA,ATT
M85249.1,197,199,223,225,3,TAA,ATT
M85249.1,127,129,278,280,3,TAA,ATT
M85249.1,134,136,278,280,3,TAA,ATT
M85249.1,76,78,278,280,3,TAA,ATT
M85249.1,185,187,278,280,3,TAA,ATT
M85249.1,197,199,278,280,3,TAA,ATT
M85249.1,276,278,693,695,3,TAA,ATT
M85249.1,276,278,536,538,3,TAA,ATT
M85249.1,276,278,409,411,3,TAA,ATT
M85249.1,59,61,223,225,3,TAA,ATT
M85249.1,191,193,223,225,3,TAA,ATT
M85249.1,59,61,278,280,3,TAA,ATT
M85249.1,191,193,278,280,3,TAA,ATT
M85249.1,276,278,612,614,3,TAA,ATT
M85249.1,276,278,328,330,3,TAA,ATT
M85249.1,19,23,28,32,5,TACAA,ATGTT
M85249.1,19,23,420,424,5,TACAA,ATGTT
M85249.1,19,23,684,688,5,TACAA,ATGTT
M85249.1,654,658,684,688,5,TACAA,ATGTT
M85249.1,207,211,285,289,5,TACCC,ATGGG
M85249.1,218,222,574,578,5,TACGA,ATGCT
M85249.1,218,222,261,265,5,TACGA,ATGCT
M85249.1,238,242,417,421,5,TACTA,ATGAT
M85249.1,70,74,417,421,5,TACTA,ATGAT
M85249.1,364,366,420,422,3,TAC,ATG
M85249.1,364,366,544,546,3,TAC,ATG
M85249.1,364,366,684,686,3,TAC,ATG
M85249.1,19,21,285,287,3,TAC,ATG
M85249.1,642,644,684,686,3,TAC,ATG
M85249.1,207,209,420,422,3,TAC,ATG
M85249.1,207,209,684,686,3,TAC,ATG
M85249.1,19,21,200,202,3,TAC,ATG
M85249.1,207,209,574,576,3,TAC,ATG
M85249.1,207,209,311,313,3,TAC,ATG
M85249.1,207,209,581,583,3,TAC,ATG
M85249.1,364,366,589,591,3,TAC,ATG
M85249.1,19,21,589,591,3,TAC,ATG
M85249.1,19,21,261,263,3,TAC,ATG
M85249.1,19,21,144,146,3,TAC,ATG
M85249.1,207,209,589,591,3,TAC,ATG
M85249.1,207,209,261,263,3,TAC,ATG
M85249.1,218,220,405,407,3,TAC,ATG
M85249.1,218,220,285,287,3,TAC,ATG
M85249.1,218,220,420,422,3,TAC,ATG
M85249.1,218,220,544,546,3,TAC,ATG
M85249.1,271,273,589,591,3,TAC,ATG
M85249.1,271,273,285,287,3,TAC,ATG
M85249.1,271,273,420,422,3,TAC,ATG
M85249.1,103,105,589,591,3,TAC,ATG
M85249.1,103,105,261,263,3,TAC,ATG
M85249.1,103,105,144,146,3,TAC,ATG
M85249.1,103,105,285,287,3,TAC,ATG
M85249.1,103,105,420,422,3,TAC,ATG
M85249.1,271,273,544,546,3,TAC,ATG
M85249.1,103,105,544,546,3,TAC,ATG
M85249.1,271,273,684,686,3,TAC,ATG
M85249.1,103,105,200,202,3,TAC,ATG
M85249.1,103,105,684,686,3,TAC,ATG
M85249.1,364,366,417,419,3,TAC,ATG
M85249.1,19,21,417,419,3,TAC,ATG
M85249.1,207,209,417,419,3,TAC,ATG
M85249.1,218,220,417,419,3,TAC,ATG
M85249.1,238,240,574,576,3,TAC,ATG
M85249.1,238,240,311,313,3,TAC,ATG
M85249.1,238,240,581,583,3,TAC,ATG
M85249.1,238,240,405,407,3,TAC,ATG
M85249.1,364,366,676,678,3,TAC,ATG
M85249.1,19,21,676,678,3,TAC,ATG
M85249.1,654,656,676,678,3,TAC,ATG
M85249.1,238,240,589,591,3,TAC,ATG
M85249.1,238,240,261,263,3,TAC,ATG
M85249.1,238,240,285,287,3,TAC,ATG
M85249.1,238,240,420,422,3,TAC,ATG
M85249.1,642,644,676,678,3,TAC,ATG
M85249.1,238,240,684,686,3,TAC,ATG
M85249.1,218,220,676,678,3,TAC,ATG
M85249.1,609,611,676,678,3,TAC,ATG
M85249.1,70,72,574,576,3,TAC,ATG
M85249.1,70,72,311,313,3,TAC,ATG
M85249.1,70,72,581,583,3,TAC,ATG
M85249.1,70,72,405,407,3,TAC,ATG
M85249.1,454,456,574,576,3,TAC,ATG
M85249.1,454,456,581,583,3,TAC,ATG
M85249.1,70,72,589,591,3,TAC,ATG
M85249.1,70,72,261,263,3,TAC,ATG
M85249.1,70,72,144,146,3,TAC,ATG
M85249.1,70,72,285,287,3,TAC,ATG
M85249.1,70,72,420,422,3,TAC,ATG
M85249.1,454,456,589,591,3,TAC,ATG
M85249.1,70,72,544,546,3,TAC,ATG
M85249.1,454,456,544,546,3,TAC,ATG
M85249.1,241,245,568,572,5,TATAG,ATATC
M85249.1,227,231,501,505,5,TATCG,ATAGC
M85249.1,433,437,501,505,5,TATCG,ATAGC
M85249.1,310,313,363,366,4,TATG,ATAC
M85249.1,404,407,653,656,4,TATG,ATAC
M85249.1,580,583,653,656,4,TATG,ATAC
M85249.1,310,313,653,656,4,TATG,ATAC
M85249.1,573,576,653,656,4,TATG,ATAC
M85249.1,625,629,681,685,5,TATTA,ATAAT
M85249.1,49,53,184,188,5,TATTG,ATAAC
M85249.1,49,53,75,79,5,TATTG,ATAAC
M85249.1,215,218,525,528,4,TATT,ATAA
M85249.1,49,52,525,528,4,TATT,ATAA
M85249.1,49,52,133,136,4,TATT,ATAA
M85249.1,49,52,126,129,4,TATT,ATAA
M85249.1,49,52,681,684,4,TATT,ATAA
M85249.1,41,44,525,528,4,TATT,ATAA
M85249.1,82,85,184,187,4,TATT,ATAA
M85249.1,82,85,525,528,4,TATT,ATAA
M85249.1,82,85,133,136,4,TATT,ATAA
M85249.1,82,85,126,129,4,TATT,ATAA
M85249.1,82,85,681,684,4,TATT,ATAA
M85249.1,49,52,196,199,4,TATT,ATAA
M85249.1,41,44,196,199,4,TATT,ATAA
M85249.1,241,243,242,244,3,TAT,ATA
M85249.1,227,229,403,405,3,TAT,ATA
M85249.1,225,227,242,244,3,TAT,ATA
M85249.1,227,229,568,570,3,TAT,ATA
M85249.1,176,178,579,581,3,TAT,ATA
M85249.1,176,178,226,228,3,TAT,ATA
M85249.1,176,178,403,405,3,TAT,ATA
M85249.1,176,178,568,570,3,TAT,ATA
M85249.1,225,227,501,503,3,TAT,ATA
M85249.1,433,435,579,581,3,TAT,ATA
M85249.1,241,243,249,251,3,TAT,ATA
M85249.1,241,243,604,606,3,TAT,ATA
M85249.1,578,580,604,606,3,TAT,ATA
M85249.1,241,243,293,295,3,TAT,ATA
M85249.1,404,406,501,503,3,TAT,ATA
M85249.1,580,582,604,606,3,TAT,ATA
M85249.1,404,406,604,606,3,TAT,ATA
M85249.1,404,406,568,570,3,TAT,ATA
M85249.1,227,229,270,272,3,TAT,ATA
M85249.1,310,312,579,581,3,TAT,ATA
M85249.1,573,575,579,581,3,TAT,ATA
M85249.1,310,312,403,405,3,TAT,ATA
M85249.1,225,227,270,272,3,TAT,ATA
M85249.1,310,312,604,606,3,TAT,ATA
M85249.1,310,312,568,570,3,TAT,ATA
M85249.1,573,575,604,606,3,TAT,ATA
M85249.1,227,229,363,365,3,TAT,ATA
M85249.1,227,229,653,655,3,TAT,ATA
M85249.1,569,571,653,655,3,TAT,ATA
M85249.1,176,178,363,365,3,TAT,ATA
M85249.1,241,243,363,365,3,TAT,ATA
M85249.1,176,178,653,655,3,TAT,ATA
M85249.1,241,243,653,655,3,TAT,ATA
M85249.1,578,580,653,655,3,TAT,ATA
M85249.1,82,84,270,272,3,TAT,ATA
M85249.1,82,84,501,503,3,TAT,ATA
M85249.1,82,84,403,405,3,TAT,ATA
M85249.1,82,84,102,104,3,TAT,ATA
M85249.1,82,84,363,365,3,TAT,ATA
M85249.1,82,84,653,655,3,TAT,ATA
M85249.1,82,84,249,251,3,TAT,ATA
M85249.1,82,84,604,606,3,TAT,ATA
M85249.1,82,84,293,295,3,TAT,ATA
M85249.1,82,84,568,570,3,TAT,ATA
M85249.1,404,406,525,527,3,TAT,ATA
M85249.1,227,229,525,527,3,TAT,ATA
M85249.1,625,627,653,655,3,TAT,ATA
M85249.1,433,435,525,527,3,TAT,ATA
M85249.1,225,227,525,527,3,TAT,ATA
M85249.1,215,217,242,244,3,TAT,ATA
M85249.1,215,217,579,581,3,TAT,ATA
M85249.1,215,217,226,228,3,TAT,ATA
M85249.1,49,51,242,244,3,TAT,ATA
M85249.1,49,51,579,581,3,TAT,ATA
M85249.1,49,51,226,228,3,TAT,ATA
M85249.1,215,217,270,272,3,TAT,ATA
M85249.1,215,217,501,503,3,TAT,ATA
M85249.1,49,51,270,272,3,TAT,ATA
M85249.1,49,51,501,503,3,TAT,ATA
M85249.1,215,217,363,365,3,TAT,ATA
M85249.1,215,217,653,655,3,TAT,ATA
M85249.1,215,217,249,251,3,TAT,ATA
M85249.1,215,217,604,606,3,TAT,ATA
M85249.1,215,217,293,295,3,TAT,ATA
M85249.1,215,217,568,570,3,TAT,ATA
M85249.1,49,51,102,104,3,TAT,ATA
M85249.1,49,51,363,365,3,TAT,ATA
M85249.1,49,51,653,655,3,TAT,ATA
M85249.1,49,51,249,251,3,TAT,ATA
M85249.1,49,51,604,606,3,TAT,ATA
M85249.1,49,51,293,295,3,TAT,ATA
M85249.1,49,51,81,83,3,TAT,ATA
M85249.1,49,51,568,570,3,TAT,ATA
M85249.1,580,582,681,683,3,TAT,ATA
M85249.1,404,406,681,683,3,TAT,ATA
M85249.1,227,229,681,683,3,TAT,ATA
M85249.1,569,571,681,683,3,TAT,ATA
M85249.1,41,43,242,244,3,TAT,ATA
M85249.1,41,43,579,581,3,TAT,ATA
M85249.1,41,43,226,228,3,TAT,ATA
M85249.1,310,312,681,683,3,TAT,ATA
M85249.1,573,575,681,683,3,TAT,ATA
M85249.1,176,178,681,683,3,TAT,ATA
M85249.1,241,243,681,683,3,TAT,ATA
M85249.1,578,580,681,683,3,TAT,ATA
M85249.1,41,43,270,272,3,TAT,ATA
M85249.1,41,43,501,503,3,TAT,ATA
M85249.1,41,43,403,405,3,TAT,ATA
M85249.1,625,627,701,703,3,TAT,ATA
M85249.1,310,312,701,703,3,TAT,ATA
M85249.1,573,575,701,703,3,TAT,ATA
M85249.1,176,178,701,703,3,TAT,ATA
M85249.1,241,243,701,703,3,TAT,ATA
M85249.1,578,580,701,703,3,TAT,ATA
M85249.1,215,217,701,703,3,TAT,ATA
M85249.1,692,694,701,703,3,TAT,ATA
M85249.1,49,51,701,703,3,TAT,ATA
M85249.1,41,43,701,703,3,TAT,ATA
M85249.1,433,435,701,703,3,TAT,ATA
M85249.1,628,630,701,703,3,TAT,ATA
M85249.1,700,702,701,703,3,TAT,ATA
M85249.1,225,227,701,703,3,TAT,ATA
M85249.1,15,17,281,283,3,TCA,AGT
M85249.1,551,553,670,672,3,TCA,AGT
M85249.1,15,17,509,511,3,TCA,AGT
M85249.1,15,17,337,339,3,TCA,AGT
M85249.1,15,17,564,566,3,TCA,AGT
M85249.1,37,39,281,283,3,TCA,AGT
M85249.1,37,39,251,253,3,TCA,AGT
M85249.1,37,39,606,608,3,TCA,AGT
M85249.1,15,17,136,138,3,TCA,AGT
M85249.1,15,17,236,238,3,TCA,AGT
M85249.1,37,39,670,672,3,TCA,AGT
M85249.1,448,450,606,608,3,TCA,AGT
M85249.1,448,450,564,566,3,TCA,AGT
M85249.1,448,450,509,511,3,TCA,AGT
M85249.1,448,450,528,530,3,TCA,AGT
M85249.1,118,120,244,246,3,TCC,AGG
M85249.1,118,120,162,164,3,TCC,AGG
M85249.1,482,484,664,666,3,TCC,AGG
M85249.1,118,120,159,161,3,TCC,AGG
M85249.1,118,120,664,666,3,TCC,AGG
M85249.1,118,120,533,535,3,TCC,AGG
M85249.1,118,120,462,464,3,TCC,AGG
M85249.1,118,120,172,174,3,TCC,AGG
M85249.1,178,180,560,562,3,TCG,AGC
M85249.1,178,180,298,300,3,TCG,AGC
M85249.1,178,180,467,469,3,TCG,AGC
M85249.1,518,520,560,562,3,TCG,AGC
M85249.1,435,437,560,562,3,TCG,AGC
M85249.1,229,231,560,562,3,TCG,AGC
M85249.1,435,437,467,469,3,TCG,AGC
M85249.1,229,231,467,469,3,TCG,AGC
M85249.1,435,437,658,660,3,TCG,AGC
M85249.1,229,231,298,300,3,TCG,AGC
M85249.1,229,231,658,660,3,TCG,AGC
M85249.1,302,304,503,505,3,TCG,AGC
M85249.1,302,304,307,309,3,TCG,AGC
M85249.1,302,304,560,562,3,TCG,AGC
M85249.1,302,304,658,660,3,TCG,AGC
M85249.1,87,91,99,103,5,TCTTA,AGAAT
M85249.1,87,91,290,294,5,TCTTA,AGAAT
M85249.1,371,373,558,560,3,TCT,AGA
M85249.1,494,496,499,501,3,TCT,AGA
M85249.1,494,496,558,560,3,TCT,AGA
M85249.1,115,117,348,350,3,TCT,AGA
M85249.1,115,117,324,326,3,TCT,AGA
M85249.1,115,117,499,501,3,TCT,AGA
M85249.1,115,117,358,360,3,TCT,AGA
M85249.1,115,117,558,560,3,TCT,AGA
M85249.1,115,117,142,144,3,TCT,AGA
M85249.1,115,117,182,184,3,TCT,AGA
M85249.1,265,267,322,324,3,TCT,AGA
M85249.1,265,267,358,360,3,TCT,AGA
M85249.1,265,267,558,560,3,TCT,AGA
M85249.1,371,373,486,488,3,TCT,AGA
M85249.1,87,89,152,154,3,TCT,AGA
M85249.1,87,89,322,324,3,TCT,AGA
M85249.1,87,89,348,350,3,TCT,AGA
M85249.1,87,89,324,326,3,TCT,AGA
M85249.1,87,89,499,501,3,TCT,AGA
M85249.1,110,115,272,277,6,TGAAAT,ACTTTA
M85249.1,110,115,350,355,6,TGAAAT,ACTTTA
M85249.1,384,388,428,432,5,TGAAA,ACTTT
M85249.1,110,114,428,432,5,TGAAA,ACTTT
M85249.1,8,10,455,457,3,TGA,ACT
M85249.1,384,386,455,457,3,TGA,ACT
M85249.1,110,112,455,457,3,TGA,ACT
M85249.1,3,5,380,382,3,TGA,ACT
M85249.1,110,112,380,382,3,TGA,ACT
M85249.1,3,5,6,8,3,TGA,ACT
M85249.1,331,333,428,430,3,TGA,ACT
M85249.1,331,333,350,352,3,TGA,ACT
M85249.1,378,380,428,430,3,TGA,ACT
M85249.1,346,348,455,457,3,TGA,ACT
M85249.1,3,5,549,551,3,TGA,ACT
M85249.1,8,10,549,551,3,TGA,ACT
M85249.1,384,386,549,551,3,TGA,ACT
M85249.1,110,112,549,551,3,TGA,ACT
M85249.1,8,10,239,241,3,TGA,ACT
M85249.1,418,420,428,430,3,TGA,ACT
M85249.1,8,10,71,73,3,TGA,ACT
M85249.1,110,112,239,241,3,TGA,ACT
M85249.1,418,420,549,551,3,TGA,ACT
M85249.1,283,285,455,457,3,TGA,ACT
M85249.1,283,285,380,382,3,TGA,ACT
M85249.1,283,285,428,430,3,TGA,ACT
M85249.1,283,285,350,352,3,TGA,ACT
M85249.1,283,285,549,551,3,TGA,ACT
M85249.1,268,270,455,457,3,TGA,ACT
M85249.1,268,270,272,274,3,TGA,ACT
M85249.1,268,270,380,382,3,TGA,ACT
M85249.1,268,270,428,430,3,TGA,ACT
M85249.1,268,270,350,352,3,TGA,ACT
M85249.1,312,314,489,491,3,TGC,ACG
M85249.1,52,54,477,479,3,TGC,ACG
M85249.1,262,264,477,479,3,TGC,ACG
M85249.1,262,264,489,491,3,TGC,ACG
M85249.1,52,54,219,221,3,TGC,ACG
M85249.1,145,147,477,479,3,TGC,ACG
M85249.1,145,147,489,491,3,TGC,ACG
M85249.1,47,51,401,405,5,TGTAT,ACATA
M85249.1,29,33,360,364,5,TGTTA,ACAAT
M85249.1,29,33,78,82,5,TGTTA,ACAAT
M85249.1,44,47,360,363,4,TGTT,ACAA
M85249.1,29,32,333,336,4,TGTT,ACAA
M85249.1,44,47,333,336,4,TGTT,ACAA
M85249.1,316,319,360,363,4,TGTT,ACAA
M85249.1,457,460,655,658,4,TGTT,ACAA
M85249.1,316,319,655,658,4,TGTT,ACAA
M85249.1,595,598,655,658,4,TGTT,ACAA
M85249.1,44,47,655,658,4,TGTT,ACAA
M85249.1,47,49,465,467,3,TGT,ACA
M85249.1,47,49,170,172,3,TGT,ACA
M85249.1,13,15,610,612,3,TGT,ACA
M85249.1,545,547,668,670,3,TGT,ACA
M85249.1,446,448,610,612,3,TGT,ACA
M85249.1,13,15,326,328,3,TGT,ACA
M85249.1,13,15,401,403,3,TGT,ACA
M85249.1,511,513,668,670,3,TGT,ACA
M85249.1,382,384,610,612,3,TGT,ACA
M85249.1,382,384,401,403,3,TGT,ACA
M85249.1,382,384,668,670,3,TGT,ACA
M85249.1,13,15,399,401,3,TGT,ACA
M85249.1,47,49,399,401,3,TGT,ACA
M85249.1,13,15,168,170,3,TGT,ACA
M85249.1,47,49,168,170,3,TGT,ACA
M85249.1,108,110,610,612,3,TGT,ACA
M85249.1,538,540,610,612,3,TGT,ACA
M85249.1,108,110,465,467,3,TGT,ACA
M85249.1,108,110,326,328,3,TGT,ACA
M85249.1,108,110,170,172,3,TGT,ACA
M85249.1,108,110,401,403,3,TGT,ACA
M85249.1,29,31,399,401,3,TGT,ACA
M85249.1,29,31,168,170,3,TGT,ACA
M85249.1,29,31,465,467,3,TGT,ACA
M85249.1,29,31,326,328,3,TGT,ACA
M85249.1,382,384,655,657,3,TGT,ACA
M85249.1,421,423,465,467,3,TGT,ACA
M85249.1,29,31,170,172,3,TGT,ACA
M85249.1,29,31,401,403,3,TGT,ACA
M85249.1,511,513,655,657,3,TGT,ACA
M85249.1,29,31,668,670,3,TGT,ACA
M85249.1,29,31,187,189,3,TGT,ACA
M85249.1,108,110,655,657,3,TGT,ACA
M85249.1,538,540,655,657,3,TGT,ACA
M85249.1,13,15,655,657,3,TGT,ACA
M85249.1,446,448,655,657,3,TGT,ACA
M85249.1,47,49,655,657,3,TGT,ACA
M85249.1,13,15,20,22,3,TGT,ACA
M85249.1,421,423,668,670,3,TGT,ACA
M85249.1,457,459,610,612,3,TGT,ACA
M85249.1,108,110,360,362,3,TGT,ACA
M85249.1,13,15,360,362,3,TGT,ACA
M85249.1,47,49,360,362,3,TGT,ACA
M85249.1,457,459,668,670,3,TGT,ACA
M85249.1,108,110,333,335,3,TGT,ACA
M85249.1,13,15,333,335,3,TGT,ACA
M85249.1,47,49,333,335,3,TGT,ACA
M85249.1,316,318,610,612,3,TGT,ACA
M85249.1,316,318,399,401,3,TGT,ACA
M85249.1,316,318,465,467,3,TGT,ACA
M85249.1,316,318,326,328,3,TGT,ACA
M85249.1,316,318,668,670,3,TGT,ACA
M85249.1,595,597,610,612,3,TGT,ACA
M85249.1,44,46,610,612,3,TGT,ACA
M85249.1,44,46,399,401,3,TGT,ACA
M85249.1,44,46,168,170,3,TGT,ACA
M85249.1,44,46,465,467,3,TGT,ACA
M85249.1,44,46,326,328,3,TGT,ACA
M85249.1,44,46,170,172,3,TGT,ACA
M85249.1,44,46,401,403,3,TGT,ACA
M85249.1,89,93,375,379,5,TTAAC,AATTG
M85249.1,89,93,443,447,5,TTAAC,AATTG
M85249.1,608,612,683,687,5,TTACA,AATGT
M85249.1,432,436,603,607,5,TTATC,AATAG
M85249.1,224,227,248,251,4,TTAT,AATA
M85249.1,224,227,292,295,4,TTAT,AATA
M85249.1,224,227,603,606,4,TTAT,AATA
M85249.1,432,435,567,570,4,TTAT,AATA
M85249.1,432,435,652,655,4,TTAT,AATA
M85249.1,224,227,362,365,4,TTAT,AATA
M85249.1,40,43,101,104,4,TTAT,AATA
M85249.1,40,43,248,251,4,TTAT,AATA
M85249.1,40,43,292,295,4,TTAT,AATA
M85249.1,40,43,362,365,4,TTAT,AATA
M85249.1,40,43,603,606,4,TTAT,AATA
M85249.1,40,43,80,83,4,TTAT,AATA
M85249.1,627,630,680,683,4,TTAT,AATA
M85249.1,224,227,680,683,4,TTAT,AATA
M85249.1,89,91,683,685,3,TTA,AAT
M85249.1,217,219,222,224,3,TTA,AAT
M85249.1,353,355,683,685,3,TTA,AAT
M85249.1,650,652,683,685,3,TTA,AAT
M85249.1,275,277,683,685,3,TTA,AAT
M85249.1,217,219,617,619,3,TTA,AAT
M85249.1,217,219,443,445,3,TTA,AAT
M85249.1,217,219,375,377,3,TTA,AAT
M85249.1,453,455,514,516,3,TTA,AAT
M85249.1,608,610,617,619,3,TTA,AAT
M85249.1,453,455,617,619,3,TTA,AAT
M85249.1,69,71,514,516,3,TTA,AAT
M85249.1,69,71,277,279,3,TTA,AAT
M85249.1,89,91,199,201,3,TTA,AAT
M85249.1,69,71,222,224,3,TTA,AAT
M85249.1,279,281,617,619,3,TTA,AAT
M85249.1,279,281,443,445,3,TTA,AAT
M85249.1,279,281,375,377,3,TTA,AAT
M85249.1,97,99,683,685,3,TTA,AAT
M85249.1,97,99,514,516,3,TTA,AAT
M85249.1,97,99,277,279,3,TTA,AAT
M85249.1,150,152,683,685,3,TTA,AAT
M85249.1,150,152,514,516,3,TTA,AAT
M85249.1,150,152,277,279,3,TTA,AAT
M85249.1,97,99,199,201,3,TTA,AAT
M85249.1,97,99,617,619,3,TTA,AAT
M85249.1,97,99,443,445,3,TTA,AAT
M85249.1,97,99,375,377,3,TTA,AAT
M85249.1,150,152,199,201,3,TTA,AAT
M85249.1,150,152,617,619,3,TTA,AAT
M85249.1,150,152,443,445,3,TTA,AAT
M85249.1,150,152,375,377,3,TTA,AAT
M85249.1,217,219,369,371,3,TTA,AAT
M85249.1,305,307,683,685,3,TTA,AAT
M85249.1,305,307,514,516,3,TTA,AAT
M85249.1,31,33,683,685,3,TTA,AAT
M85249.1,31,33,65,67,3,TTA,AAT
M85249.1,31,33,514,516,3,TTA,AAT
M85249.1,31,33,277,279,3,TTA,AAT
M85249.1,157,159,683,685,3,TTA,AAT
M85249.1,157,159,514,516,3,TTA,AAT
M85249.1,157,159,277,279,3,TTA,AAT
M85249.1,89,91,369,371,3,TTA,AAT
M85249.1,31,33,222,224,3,TTA,AAT
M85249.1,157,159,222,224,3,TTA,AAT
M85249.1,69,71,369,371,3,TTA,AAT
M85249.1,353,355,369,371,3,TTA,AAT
M85249.1,275,277,369,371,3,TTA,AAT
M85249.1,305,307,617,619,3,TTA,AAT
M85249.1,305,307,443,445,3,TTA,AAT
M85249.1,305,307,375,377,3,TTA,AAT
M85249.1,31,33,199,201,3,TTA,AAT
M85249.1,31,33,617,619,3,TTA,AAT
M85249.1,31,33,443,445,3,TTA,AAT
M85249.1,31,33,375,377,3,TTA,AAT
M85249.1,157,159,199,201,3,TTA,AAT
M85249.1,157,159,617,619,3,TTA,AAT
M85249.1,157,159,443,445,3,TTA,AAT
M85249.1,157,159,375,377,3,TTA,AAT
M85249.1,320,322,683,685,3,TTA,AAT
M85249.1,320,322,514,516,3,TTA,AAT
M85249.1,89,91,113,115,3,TTA,AAT
M85249.1,97,99,567,569,3,TTA,AAT
M85249.1,150,152,567,569,3,TTA,AAT
M85249.1,89,91,567,569,3,TTA,AAT
M85249.1,97,99,652,654,3,TTA,AAT
M85249.1,150,152,652,654,3,TTA,AAT
M85249.1,89,91,652,654,3,TTA,AAT
M85249.1,40,42,222,224,3,TTA,AAT
M85249.1,305,307,567,569,3,TTA,AAT
M85249.1,31,33,567,569,3,TTA,AAT
M85249.1,157,159,567,569,3,TTA,AAT
M85249.1,453,455,567,569,3,TTA,AAT
M85249.1,224,226,369,371,3,TTA,AAT
M85249.1,305,307,652,654,3,TTA,AAT
M85249.1,31,33,652,654,3,TTA,AAT
M85249.1,157,159,652,654,3,TTA,AAT
M85249.1,608,610,652,654,3,TTA,AAT
M85249.1,453,455,652,654,3,TTA,AAT
M85249.1,31,33,74,76,3,TTA,AAT
M85249.1,40,42,369,371,3,TTA,AAT
M85249.1,320,322,567,569,3,TTA,AAT
M85249.1,69,71,567,569,3,TTA,AAT
M85249.1,353,355,567,569,3,TTA,AAT
M85249.1,275,277,567,569,3,TTA,AAT
M85249.1,224,226,617,619,3,TTA,AAT
M85249.1,224,226,443,445,3,TTA,AAT
M85249.1,224,226,375,377,3,TTA,AAT
M85249.1,320,322,652,654,3,TTA,AAT
M85249.1,69,71,652,654,3,TTA,AAT
M85249.1,353,355,652,654,3,TTA,AAT
M85249.1,650,652,652,654,3,TTA,AAT
M85249.1,275,277,652,654,3,TTA,AAT
M85249.1,69,71,74,76,3,TTA,AAT
M85249.1,40,42,113,115,3,TTA,AAT
M85249.1,40,42,199,201,3,TTA,AAT
M85249.1,40,42,617,619,3,TTA,AAT
M85249.1,40,42,443,445,3,TTA,AAT
M85249.1,40,42,375,377,3,TTA,AAT
M85249.1,217,219,248,250,3,TTA,AAT
M85249.1,279,281,292,294,3,TTA,AAT
M85249.1,217,219,292,294,3,TTA,AAT
M85249.1,31,33,248,250,3,TTA,AAT
M85249.1,157,159,248,250,3,TTA,AAT
M85249.1,31,33,292,294,3,TTA,AAT
M85249.1,157,159,292,294,3,TTA,AAT
M85249.1,31,33,101,103,3,TTA,AAT
M85249.1,31,33,132,134,3,TTA,AAT
M85249.1,31,33,125,127,3,TTA,AAT
M85249.1,69,71,248,250,3,TTA,AAT
M85249.1,69,71,292,294,3,TTA,AAT
M85249.1,275,277,292,294,3,TTA,AAT
M85249.1,69,71,101,103,3,TTA,AAT
M85249.1,69,71,132,134,3,TTA,AAT
M85249.1,69,71,125,127,3,TTA,AAT
M85249.1,279,281,603,605,3,TTA,AAT
M85249.1,217,219,603,605,3,TTA,AAT
M85249.1,279,281,362,364,3,TTA,AAT
M85249.1,217,219,362,364,3,TTA,AAT
M85249.1,97,99,603,605,3,TTA,AAT
M85249.1,150,152,603,605,3,TTA,AAT
M85249.1,89,91,603,605,3,TTA,AAT
M85249.1,97,99,362,364,3,TTA,AAT
M85249.1,150,152,362,364,3,TTA,AAT
M85249.1,89,91,362,364,3,TTA,AAT
M85249.1,69,71,80,82,3,TTA,AAT
M85249.1,320,322,603,605,3,TTA,AAT
M85249.1,69,71,603,605,3,TTA,AAT
M85249.1,353,355,603,605,3,TTA,AAT
M85249.1,275,277,603,605,3,TTA,AAT
M85249.1,320,322,362,364,3,TTA,AAT
M85249.1,69,71,362,364,3,TTA,AAT
M85249.1,353,355,362,364,3,TTA,AAT
M85249.1,275,277,362,364,3,TTA,AAT
M85249.1,432,434,683,685,3,TTA,AAT
M85249.1,432,434,514,516,3,TTA,AAT
M85249.1,279,281,680,682,3,TTA,AAT
M85249.1,217,219,680,682,3,TTA,AAT
M85249.1,97,99,680,682,3,TTA,AAT
M85249.1,150,152,680,682,3,TTA,AAT
M85249.1,89,91,680,682,3,TTA,AAT
M85249.1,305,307,680,682,3,TTA,AAT
M85249.1,31,33,680,682,3,TTA,AAT
M85249.1,157,159,680,682,3,TTA,AAT
M85249.1,608,610,680,682,3,TTA,AAT
M85249.1,453,455,680,682,3,TTA,AAT
M85249.1,459,463,548,552,5,TTGAG,AACTC
M85249.1,530,534,548,552,5,TTGAG,AACTC
M85249.1,12,15,22,25,4,TTGT,AACA
M85249.1,46,49,186,189,4,TTGT,AACA
M85249.1,46,49,667,670,4,TTGT,AACA
M85249.1,537,540,667,670,4,TTGT,AACA
M85249.1,107,110,186,189,4,TTGT,AACA
M85249.1,107,110,667,670,4,TTGT,AACA
M85249.1,43,46,667,670,4,TTGT,AACA
M85249.1,46,49,77,80,4,TTGT,AACA
M85249.1,594,597,667,670,4,TTGT,AACA
M85249.1,377,379,488,490,3,TTG,AAC
M85249.1,459,461,488,490,3,TTG,AAC
M85249.1,330,332,488,490,3,TTG,AAC
M85249.1,412,414,548,550,3,TTG,AAC
M85249.1,51,53,392,394,3,TTG,AAC
M85249.1,377,379,392,394,3,TTG,AAC
M85249.1,424,426,548,550,3,TTG,AAC
M85249.1,254,256,548,550,3,TTG,AAC
M85249.1,267,269,392,394,3,TTG,AAC
M85249.1,424,426,488,490,3,TTG,AAC
M85249.1,254,256,488,490,3,TTG,AAC
M85249.1,12,14,488,490,3,TTG,AAC
M85249.1,445,447,488,490,3,TTG,AAC
M85249.1,43,45,488,490,3,TTG,AAC
M85249.1,12,14,392,394,3,TTG,AAC
M85249.1,43,45,392,394,3,TTG,AAC
M85249.1,51,53,667,669,3,TTG,AAC
M85249.1,613,615,667,669,3,TTG,AAC
M85249.1,377,379,667,669,3,TTG,AAC
M85249.1,597,599,667,669,3,TTG,AAC
M85249.1,459,461,667,669,3,TTG,AAC
M85249.1,530,532,667,669,3,TTG,AAC
M85249.1,424,426,667,669,3,TTG,AAC
M85249.1,254,256,667,669,3,TTG,AAC
M85249.1,412,414,667,669,3,TTG,AAC
M85249.1,330,332,667,669,3,TTG,AAC
M85249.1,46,48,91,93,3,TTG,AAC
M85249.1,46,48,548,550,3,TTG,AAC
M85249.1,46,48,488,490,3,TTG,AAC
M85249.1,46,48,392,394,3,TTG,AAC
M85249.1,107,109,548,550,3,TTG,AAC
M85249.1,107,109,488,490,3,TTG,AAC
M85249.1,352,356,374,378,5,TTTAA,AAATT
M85249.1,352,356,442,446,5,TTTAA,AAATT
M85249.1,274,278,374,378,5,TTTAA,AAATT
M85249.1,274,278,442,446,5,TTTAA,AAATT
M85249.1,431,435,679,683,5,TTTAT,AAATA
M85249.1,68,71,374,377,4,TTTA,AAAT
M85249.1,68,71,616,619,4,TTTA,AAAT
M85249.1,68,71,112,115,4,TTTA,AAAT
M85249.1,319,322,374,377,4,TTTA,AAAT
M85249.1,319,322,616,619,4,TTTA,AAAT
M85249.1,319,322,679,682,4,TTTA,AAAT
M85249.1,68,71,679,682,4,TTTA,AAAT
M85249.1,649,652,679,682,4,TTTA,AAAT
M85249.1,431,434,616,619,4,TTTA,AAAT

Total for length 3 is 2003.
Total for length 4 is 223.
Total for length 5 is 97.
Total for length 6 is 6.
Total for length 7 is 2.
Total for length 9 is 2.

