Input file is sequence5.fasta.
Minimal fragment length is 3.
Working with probability estimation.
P value is : 0.050000.
Printing all instances.
Looking for direct complementary repeats.
X60050.1 Alphabet size is 4.
Input sequence has 0 letters that are not in expected alphabet.
X60050.1,82,85,145,148,4,AAAG,TTTC
X60050.1,25,28,145,148,4,AAAG,TTTC
X60050.1,33,35,198,200,3,AAA,TTT
X60050.1,258,260,342,344,3,AAA,TTT
X60050.1,24,26,342,344,3,AAA,TTT
X60050.1,129,131,342,344,3,AAA,TTT
X60050.1,162,164,342,344,3,AAA,TTT
X60050.1,258,260,395,397,3,AAA,TTT
X60050.1,24,26,395,397,3,AAA,TTT
X60050.1,129,131,395,397,3,AAA,TTT
X60050.1,162,164,395,397,3,AAA,TTT
X60050.1,128,130,342,344,3,AAA,TTT
X60050.1,128,130,395,397,3,AAA,TTT
X60050.1,257,259,342,344,3,AAA,TTT
X60050.1,161,163,342,344,3,AAA,TTT
X60050.1,205,207,342,344,3,AAA,TTT
X60050.1,257,259,395,397,3,AAA,TTT
X60050.1,161,163,395,397,3,AAA,TTT
X60050.1,205,207,395,397,3,AAA,TTT
X60050.1,82,84,198,200,3,AAA,TTT
X60050.1,25,27,198,200,3,AAA,TTT
X60050.1,130,132,198,200,3,AAA,TTT
X60050.1,82,84,342,344,3,AAA,TTT
X60050.1,82,84,395,397,3,AAA,TTT
X60050.1,25,27,342,344,3,AAA,TTT
X60050.1,25,27,395,397,3,AAA,TTT
X60050.1,130,132,342,344,3,AAA,TTT
X60050.1,130,132,395,397,3,AAA,TTT
X60050.1,156,158,198,200,3,AAA,TTT
X60050.1,180,182,198,200,3,AAA,TTT
X60050.1,156,158,342,344,3,AAA,TTT
X60050.1,156,158,395,397,3,AAA,TTT
X60050.1,292,294,342,344,3,AAA,TTT
X60050.1,292,294,395,397,3,AAA,TTT
X60050.1,180,182,342,344,3,AAA,TTT
X60050.1,180,182,395,397,3,AAA,TTT
X60050.1,383,385,395,397,3,AAA,TTT
X60050.1,251,253,342,344,3,AAA,TTT
X60050.1,251,253,395,397,3,AAA,TTT
X60050.1,33,35,89,91,3,AAA,TTT
X60050.1,24,26,89,91,3,AAA,TTT
X60050.1,33,35,145,147,3,AAA,TTT
X60050.1,24,26,145,147,3,AAA,TTT
X60050.1,129,131,145,147,3,AAA,TTT
X60050.1,128,130,145,147,3,AAA,TTT
X60050.1,156,158,199,201,3,AAA,TTT
X60050.1,180,182,199,201,3,AAA,TTT
X60050.1,128,130,199,201,3,AAA,TTT
X60050.1,161,163,199,201,3,AAA,TTT
X60050.1,163,165,198,200,3,AAA,TTT
X60050.1,206,208,342,344,3,AAA,TTT
X60050.1,206,208,395,397,3,AAA,TTT
X60050.1,23,25,199,201,3,AAA,TTT
X60050.1,32,34,199,201,3,AAA,TTT
X60050.1,81,83,199,201,3,AAA,TTT
X60050.1,163,165,342,344,3,AAA,TTT
X60050.1,163,165,395,397,3,AAA,TTT
X60050.1,25,27,67,69,3,AAA,TTT
X60050.1,33,35,67,69,3,AAA,TTT
X60050.1,24,26,67,69,3,AAA,TTT
X60050.1,140,142,145,147,3,AAA,TTT
X60050.1,140,142,342,344,3,AAA,TTT
X60050.1,140,142,395,397,3,AAA,TTT
X60050.1,23,25,67,69,3,AAA,TTT
X60050.1,32,34,67,69,3,AAA,TTT
X60050.1,86,88,89,91,3,AAA,TTT
X60050.1,86,88,145,147,3,AAA,TTT
X60050.1,86,88,342,344,3,AAA,TTT
X60050.1,86,88,395,397,3,AAA,TTT
X60050.1,25,27,56,58,3,AAA,TTT
X60050.1,33,35,56,58,3,AAA,TTT
X60050.1,24,26,56,58,3,AAA,TTT
X60050.1,26,29,47,50,4,AAGA,TTCT
X60050.1,26,29,41,44,4,AAGA,TTCT
X60050.1,78,83,339,344,6,AATAAA,TTATTT
X60050.1,29,34,339,344,6,AATAAA,TTATTT
X60050.1,278,281,339,342,4,AATA,TTAT
X60050.1,115,118,339,342,4,AATA,TTAT
X60050.1,141,144,339,342,4,AATA,TTAT
X60050.1,263,265,344,346,3,ACA,TGT
X60050.1,261,263,322,324,3,ACA,TGT
X60050.1,261,263,358,360,3,ACA,TGT
X60050.1,221,223,344,346,3,ACA,TGT
X60050.1,281,283,344,346,3,ACA,TGT
X60050.1,94,96,344,346,3,ACA,TGT
X60050.1,263,265,325,327,3,ACA,TGT
X60050.1,221,223,325,327,3,ACA,TGT
X60050.1,281,283,325,327,3,ACA,TGT
X60050.1,94,96,325,327,3,ACA,TGT
X60050.1,118,120,344,346,3,ACA,TGT
X60050.1,118,120,322,324,3,ACA,TGT
X60050.1,118,120,358,360,3,ACA,TGT
X60050.1,261,263,378,380,3,ACA,TGT
X60050.1,126,128,378,380,3,ACA,TGT
X60050.1,284,286,378,380,3,ACA,TGT
X60050.1,221,223,378,380,3,ACA,TGT
X60050.1,118,120,378,380,3,ACA,TGT
X60050.1,281,283,378,380,3,ACA,TGT
X60050.1,94,96,378,380,3,ACA,TGT
X60050.1,103,105,325,327,3,ACA,TGT
X60050.1,103,105,344,346,3,ACA,TGT
X60050.1,97,99,209,211,3,ACC,TGG
X60050.1,75,77,209,211,3,ACC,TGG
X60050.1,122,124,209,211,3,ACC,TGG
X60050.1,97,99,372,374,3,ACC,TGG
X60050.1,75,77,372,374,3,ACC,TGG
X60050.1,122,124,372,374,3,ACC,TGG
X60050.1,238,240,372,374,3,ACC,TGG
X60050.1,219,224,320,325,6,AGACAA,TCTGTT
X60050.1,219,224,356,361,6,AGACAA,TCTGTT
X60050.1,203,205,320,322,3,AGA,TCT
X60050.1,84,86,320,322,3,AGA,TCT
X60050.1,308,310,320,322,3,AGA,TCT
X60050.1,27,29,320,322,3,AGA,TCT
X60050.1,203,205,356,358,3,AGA,TCT
X60050.1,84,86,356,358,3,AGA,TCT
X60050.1,308,310,356,358,3,AGA,TCT
X60050.1,27,29,356,358,3,AGA,TCT
X60050.1,109,111,320,322,3,AGA,TCT
X60050.1,109,111,356,358,3,AGA,TCT
X60050.1,3,5,320,322,3,AGA,TCT
X60050.1,3,5,356,358,3,AGA,TCT
X60050.1,273,275,320,322,3,AGA,TCT
X60050.1,273,275,356,358,3,AGA,TCT
X60050.1,3,5,48,50,3,AGA,TCT
X60050.1,149,151,320,322,3,AGA,TCT
X60050.1,149,151,356,358,3,AGA,TCT
X60050.1,3,5,42,44,3,AGA,TCT
X60050.1,3,5,91,93,3,AGA,TCT
X60050.1,27,29,37,39,3,AGA,TCT
X60050.1,3,5,37,39,3,AGA,TCT
X60050.1,294,296,327,329,3,AGG,TCC
X60050.1,182,184,327,329,3,AGG,TCC
X60050.1,132,134,216,218,3,AGT,TCA
X60050.1,190,192,216,218,3,AGT,TCA
X60050.1,186,188,216,218,3,AGT,TCA
X60050.1,214,216,216,218,3,AGT,TCA
X60050.1,253,255,290,292,3,AGT,TCA
X60050.1,132,134,290,292,3,AGT,TCA
X60050.1,132,134,154,156,3,AGT,TCA
X60050.1,186,188,290,292,3,AGT,TCA
X60050.1,214,216,290,292,3,AGT,TCA
X60050.1,45,47,147,149,3,AGT,TCA
X60050.1,253,255,270,272,3,AGT,TCA
X60050.1,132,134,270,272,3,AGT,TCA
X60050.1,190,192,270,272,3,AGT,TCA
X60050.1,30,34,393,397,5,ATAAA,TATTT
X60050.1,79,83,393,397,5,ATAAA,TATTT
X60050.1,30,34,143,147,5,ATAAA,TATTT
X60050.1,79,83,143,147,5,ATAAA,TATTT
X60050.1,305,308,340,343,4,ATAA,TATT
X60050.1,305,308,393,396,4,ATAA,TATT
X60050.1,30,33,39,42,4,ATAA,TATT
X60050.1,15,18,340,343,4,ATAA,TATT
X60050.1,15,18,39,42,4,ATAA,TATT
X60050.1,15,18,393,396,4,ATAA,TATT
X60050.1,279,281,393,395,3,ATA,TAT
X60050.1,116,118,393,395,3,ATA,TAT
X60050.1,116,118,143,145,3,ATA,TAT
X60050.1,279,281,333,335,3,ATA,TAT
X60050.1,116,118,333,335,3,ATA,TAT
X60050.1,30,32,333,335,3,ATA,TAT
X60050.1,79,81,333,335,3,ATA,TAT
X60050.1,116,118,268,270,3,ATA,TAT
X60050.1,30,32,268,270,3,ATA,TAT
X60050.1,79,81,268,270,3,ATA,TAT
X60050.1,305,307,333,335,3,ATA,TAT
X60050.1,15,17,333,335,3,ATA,TAT
X60050.1,15,17,268,270,3,ATA,TAT
X60050.1,142,144,333,335,3,ATA,TAT
X60050.1,142,144,268,270,3,ATA,TAT
X60050.1,142,144,393,395,3,ATA,TAT
X60050.1,142,144,143,145,3,ATA,TAT
X60050.1,13,15,340,342,3,ATA,TAT
X60050.1,13,15,333,335,3,ATA,TAT
X60050.1,13,15,268,270,3,ATA,TAT
X60050.1,13,15,393,395,3,ATA,TAT
X60050.1,13,15,39,41,3,ATA,TAT
X60050.1,55,58,80,83,4,ATTT,TAAA
X60050.1,179,181,323,325,3,CAA,GTT
X60050.1,155,157,323,325,3,CAA,GTT
X60050.1,291,293,323,325,3,CAA,GTT
X60050.1,127,129,364,366,3,CAA,GTT
X60050.1,179,181,364,366,3,CAA,GTT
X60050.1,155,157,364,366,3,CAA,GTT
X60050.1,291,293,364,366,3,CAA,GTT
X60050.1,285,287,364,366,3,CAA,GTT
X60050.1,222,224,364,366,3,CAA,GTT
X60050.1,99,101,323,325,3,CAA,GTT
X60050.1,231,233,323,325,3,CAA,GTT
X60050.1,231,233,364,366,3,CAA,GTT
X60050.1,217,219,323,325,3,CAA,GTT
X60050.1,271,273,323,325,3,CAA,GTT
X60050.1,217,219,364,366,3,CAA,GTT
X60050.1,271,273,364,366,3,CAA,GTT
X60050.1,99,101,359,361,3,CAA,GTT
X60050.1,124,126,359,361,3,CAA,GTT
X60050.1,231,233,359,361,3,CAA,GTT
X60050.1,179,181,359,361,3,CAA,GTT
X60050.1,217,219,359,361,3,CAA,GTT
X60050.1,271,273,359,361,3,CAA,GTT
X60050.1,155,157,359,361,3,CAA,GTT
X60050.1,291,293,359,361,3,CAA,GTT
X60050.1,77,79,323,325,3,CAA,GTT
X60050.1,277,279,323,325,3,CAA,GTT
X60050.1,277,279,364,366,3,CAA,GTT
X60050.1,262,264,371,373,3,CAC,GTG
X60050.1,54,56,379,381,3,CAT,GTA
X60050.1,54,56,315,317,3,CAT,GTA
X60050.1,304,306,379,381,3,CAT,GTA
X60050.1,304,306,315,317,3,CAT,GTA
X60050.1,138,140,354,356,3,CGA,GCT
X60050.1,138,140,318,320,3,CGA,GCT
X60050.1,138,140,288,290,3,CGA,GCT
X60050.1,138,140,152,154,3,CGA,GCT
X60050.1,138,140,211,213,3,CGA,GCT
X60050.1,240,242,417,419,3,CGA,GCT
X60050.1,240,242,318,320,3,CGA,GCT
X60050.1,240,242,288,290,3,CGA,GCT
X60050.1,174,176,354,356,3,CGA,GCT
X60050.1,174,176,318,320,3,CGA,GCT
X60050.1,174,176,288,290,3,CGA,GCT
X60050.1,336,338,354,356,3,CGA,GCT
X60050.1,336,338,417,419,3,CGA,GCT
X60050.1,240,242,244,246,3,CGA,GCT
X60050.1,174,176,244,246,3,CGA,GCT
X60050.1,138,140,244,246,3,CGA,GCT
X60050.1,195,197,298,300,3,CGC,GCG
X60050.1,195,197,351,353,3,CGC,GCG
X60050.1,51,53,173,175,3,CGC,GCG
X60050.1,352,354,398,400,3,CGG,GCC
X60050.1,299,301,347,349,3,CGG,GCC
X60050.1,299,301,398,400,3,CGG,GCC
X60050.1,1,3,247,249,3,CTA,GAT
X60050.1,1,3,241,243,3,CTA,GAT
X60050.1,1,3,175,177,3,CTA,GAT
X60050.1,212,214,247,249,3,CTA,GAT
X60050.1,43,45,247,249,3,CTA,GAT
X60050.1,43,45,241,243,3,CTA,GAT
X60050.1,43,45,175,177,3,CTA,GAT
X60050.1,1,3,404,406,3,CTA,GAT
X60050.1,236,238,404,406,3,CTA,GAT
X60050.1,329,331,404,406,3,CTA,GAT
X60050.1,43,45,404,406,3,CTA,GAT
X60050.1,92,94,404,406,3,CTA,GAT
X60050.1,11,13,247,249,3,CTA,GAT
X60050.1,38,40,247,249,3,CTA,GAT
X60050.1,11,13,241,243,3,CTA,GAT
X60050.1,11,13,175,177,3,CTA,GAT
X60050.1,38,40,241,243,3,CTA,GAT
X60050.1,38,40,175,177,3,CTA,GAT
X60050.1,1,3,337,339,3,CTA,GAT
X60050.1,267,269,337,339,3,CTA,GAT
X60050.1,332,334,337,339,3,CTA,GAT
X60050.1,236,238,337,339,3,CTA,GAT
X60050.1,329,331,337,339,3,CTA,GAT
X60050.1,11,13,337,339,3,CTA,GAT
X60050.1,38,40,337,339,3,CTA,GAT
X60050.1,43,45,337,339,3,CTA,GAT
X60050.1,92,94,337,339,3,CTA,GAT
X60050.1,175,177,392,394,3,GAT,CTA
X60050.1,241,243,392,394,3,GAT,CTA
X60050.1,175,177,332,334,3,GAT,CTA
X60050.1,175,177,267,269,3,GAT,CTA
X60050.1,241,243,332,334,3,GAT,CTA
X60050.1,241,243,267,269,3,GAT,CTA
X60050.1,247,249,392,394,3,GAT,CTA
X60050.1,337,339,392,394,3,GAT,CTA
X60050.1,347,349,352,354,3,GCC,CGG
X60050.1,52,54,228,230,3,GCC,CGG
X60050.1,351,353,416,418,3,GCG,CGC
X60050.1,298,300,416,418,3,GCG,CGC
X60050.1,152,154,174,176,3,GCT,CGA
X60050.1,152,154,403,405,3,GCT,CGA
X60050.1,288,290,403,405,3,GCT,CGA
X60050.1,318,320,403,405,3,GCT,CGA
X60050.1,152,154,240,242,3,GCT,CGA
X60050.1,354,356,403,405,3,GCT,CGA
X60050.1,196,198,336,338,3,GCT,CGA
X60050.1,196,198,240,242,3,GCT,CGA
X60050.1,244,246,336,338,3,GCT,CGA
X60050.1,244,246,403,405,3,GCT,CGA
X60050.1,21,23,104,106,3,GTA,CAT
X60050.1,184,186,304,306,3,GTA,CAT
X60050.1,21,23,304,306,3,GTA,CAT
X60050.1,315,317,408,410,3,GTA,CAT
X60050.1,184,186,408,410,3,GTA,CAT
X60050.1,21,23,408,410,3,GTA,CAT
X60050.1,254,256,414,416,3,GTG,CAC
X60050.1,191,193,414,416,3,GTG,CAC
X60050.1,133,135,414,416,3,GTG,CAC
X60050.1,187,189,414,416,3,GTG,CAC
X60050.1,377,379,414,416,3,GTG,CAC
X60050.1,254,256,262,264,3,GTG,CAC
X60050.1,191,193,262,264,3,GTG,CAC
X60050.1,133,135,262,264,3,GTG,CAC
X60050.1,187,189,262,264,3,GTG,CAC
X60050.1,46,48,277,279,3,GTT,CAA
X60050.1,46,48,77,79,3,GTT,CAA
X60050.1,46,48,124,126,3,GTT,CAA
X60050.1,46,48,264,266,3,GTT,CAA
X60050.1,46,48,95,97,3,GTT,CAA
X60050.1,46,48,282,284,3,GTT,CAA
X60050.1,46,48,179,181,3,GTT,CAA
X60050.1,46,48,127,129,3,GTT,CAA
X60050.1,22,25,341,344,4,TAAA,ATTT
X60050.1,22,25,394,397,4,TAAA,ATTT
X60050.1,22,25,144,147,4,TAAA,ATTT
X60050.1,31,34,88,91,4,TAAA,ATTT
X60050.1,80,83,88,91,4,TAAA,ATTT
X60050.1,22,25,88,91,4,TAAA,ATTT
X60050.1,31,34,55,58,4,TAAA,ATTT
X60050.1,44,52,269,277,9,TAGTTCTCG,ATCAAGAGC
X60050.1,143,146,305,308,4,TATT,ATAA
X60050.1,39,42,79,82,4,TATT,ATAA
X60050.1,8,10,13,15,3,TAT,ATA
X60050.1,14,16,405,407,3,TAT,ATA
X60050.1,8,10,405,407,3,TAT,ATA
X60050.1,14,16,116,118,3,TAT,ATA
X60050.1,14,16,279,281,3,TAT,ATA
X60050.1,12,14,116,118,3,TAT,ATA
X60050.1,268,270,279,281,3,TAT,ATA
X60050.1,12,14,279,281,3,TAT,ATA
X60050.1,12,14,15,17,3,TAT,ATA
X60050.1,143,145,405,407,3,TAT,ATA
X60050.1,8,10,15,17,3,TAT,ATA
X60050.1,143,145,279,281,3,TAT,ATA
X60050.1,39,41,116,118,3,TAT,ATA
X60050.1,39,41,279,281,3,TAT,ATA
X60050.1,39,41,142,144,3,TAT,ATA
X60050.1,14,16,305,307,3,TAT,ATA
X60050.1,268,270,305,307,3,TAT,ATA
X60050.1,12,14,305,307,3,TAT,ATA
X60050.1,8,10,305,307,3,TAT,ATA
X60050.1,14,16,79,81,3,TAT,ATA
X60050.1,14,16,30,32,3,TAT,ATA
X60050.1,340,342,405,407,3,TAT,ATA
X60050.1,12,14,79,81,3,TAT,ATA
X60050.1,12,14,30,32,3,TAT,ATA
X60050.1,154,156,186,188,3,TCA,AGT
X60050.1,270,272,376,378,3,TCA,AGT
X60050.1,154,156,376,378,3,TCA,AGT
X60050.1,290,292,376,378,3,TCA,AGT
X60050.1,154,156,253,255,3,TCA,AGT
X60050.1,216,218,376,378,3,TCA,AGT
X60050.1,216,218,253,255,3,TCA,AGT
X60050.1,154,156,214,216,3,TCA,AGT
X60050.1,147,149,186,188,3,TCA,AGT
X60050.1,147,149,190,192,3,TCA,AGT
X60050.1,270,272,314,316,3,TCA,AGT
X60050.1,216,218,314,316,3,TCA,AGT
X60050.1,147,149,314,316,3,TCA,AGT
X60050.1,106,108,368,370,3,TCC,AGG
X60050.1,106,108,170,172,3,TCC,AGG
X60050.1,106,108,294,296,3,TCC,AGG
X60050.1,327,329,362,364,3,TCC,AGG
X60050.1,327,329,368,370,3,TCC,AGG
X60050.1,106,108,311,313,3,TCC,AGG
X60050.1,106,108,224,226,3,TCC,AGG
X60050.1,106,108,158,160,3,TCC,AGG
X60050.1,10,12,149,151,3,TCT,AGA
X60050.1,37,39,149,151,3,TCT,AGA
X60050.1,91,93,149,151,3,TCT,AGA
X60050.1,42,44,149,151,3,TCT,AGA
X60050.1,10,12,273,275,3,TCT,AGA
X60050.1,37,39,273,275,3,TCT,AGA
X60050.1,10,12,388,390,3,TCT,AGA
X60050.1,10,12,120,122,3,TCT,AGA
X60050.1,37,39,388,390,3,TCT,AGA
X60050.1,37,39,120,122,3,TCT,AGA
X60050.1,48,50,388,390,3,TCT,AGA
X60050.1,91,93,388,390,3,TCT,AGA
X60050.1,42,44,388,390,3,TCT,AGA
X60050.1,48,50,120,122,3,TCT,AGA
X60050.1,91,93,120,122,3,TCT,AGA
X60050.1,42,44,120,122,3,TCT,AGA
X60050.1,10,12,233,235,3,TCT,AGA
X60050.1,10,12,101,103,3,TCT,AGA
X60050.1,10,12,219,221,3,TCT,AGA
X60050.1,37,39,233,235,3,TCT,AGA
X60050.1,37,39,101,103,3,TCT,AGA
X60050.1,37,39,219,221,3,TCT,AGA
X60050.1,356,358,381,383,3,TCT,AGA
X60050.1,320,322,381,383,3,TCT,AGA
X60050.1,37,39,381,383,3,TCT,AGA
X60050.1,48,50,381,383,3,TCT,AGA
X60050.1,91,93,381,383,3,TCT,AGA
X60050.1,42,44,381,383,3,TCT,AGA
X60050.1,10,12,109,111,3,TCT,AGA
X60050.1,37,39,109,111,3,TCT,AGA
X60050.1,48,50,109,111,3,TCT,AGA
X60050.1,91,93,109,111,3,TCT,AGA
X60050.1,42,44,109,111,3,TCT,AGA
X60050.1,10,12,27,29,3,TCT,AGA
X60050.1,10,12,308,310,3,TCT,AGA
X60050.1,10,12,84,86,3,TCT,AGA
X60050.1,10,12,203,205,3,TCT,AGA
X60050.1,37,39,308,310,3,TCT,AGA
X60050.1,37,39,84,86,3,TCT,AGA
X60050.1,37,39,203,205,3,TCT,AGA
X60050.1,209,211,390,392,3,TGG,ACC
X60050.1,209,211,412,414,3,TGG,ACC
X60050.1,372,374,412,414,3,TGG,ACC
X60050.1,325,327,407,409,3,TGT,ACA
X60050.1,344,346,407,409,3,TGT,ACA
X60050.1,358,360,407,409,3,TGT,ACA
X60050.1,322,324,407,409,3,TGT,ACA
X60050.1,7,10,141,144,4,TTAT,AATA
X60050.1,7,10,29,32,4,TTAT,AATA
X60050.1,7,10,115,118,4,TTAT,AATA
X60050.1,7,10,78,81,4,TTAT,AATA
X60050.1,7,10,278,281,4,TTAT,AATA
X60050.1,41,44,272,275,4,TTCT,AAGA
X60050.1,90,93,272,275,4,TTCT,AAGA
X60050.1,41,44,232,235,4,TTCT,AAGA
X60050.1,41,44,100,103,4,TTCT,AAGA
X60050.1,41,44,218,221,4,TTCT,AAGA
X60050.1,90,93,232,235,4,TTCT,AAGA
X60050.1,90,93,100,103,4,TTCT,AAGA
X60050.1,90,93,218,221,4,TTCT,AAGA
X60050.1,47,50,307,310,4,TTCT,AAGA
X60050.1,47,50,202,205,4,TTCT,AAGA
X60050.1,90,93,307,310,4,TTCT,AAGA
X60050.1,90,93,202,205,4,TTCT,AAGA
X60050.1,41,44,83,86,4,TTCT,AAGA
X60050.1,47,50,83,86,4,TTCT,AAGA
X60050.1,145,148,180,183,4,TTTC,AAAG
X60050.1,145,148,292,295,4,TTTC,AAAG
X60050.1,145,148,156,159,4,TTTC,AAAG
X60050.1,89,92,251,254,4,TTTC,AAAG
X60050.1,89,92,180,183,4,TTTC,AAAG
X60050.1,89,92,292,295,4,TTTC,AAAG
X60050.1,89,92,156,159,4,TTTC,AAAG
X60050.1,89,92,130,133,4,TTTC,AAAG
X60050.1,89,92,383,386,4,TTTC,AAAG
X60050.1,145,148,383,386,4,TTTC,AAAG

Total for length 3 is 375.
Total for length 4 is 52.
Total for length 5 is 4.
Total for length 6 is 4.
Total for length 9 is 1.

