Input file is sequence5.fasta.
Minimal fragment length is 3.
Working with probability estimation.
P value is : 0.050000.
Printing all instances.
Looking for direct non-complementary repeats.
X60050.1 Alphabet size is 4.
Input sequence has 0 letters that are not in expected alphabet.
X60050.1,128,132,257,261,5,AAAAA,AAAAA
X60050.1,128,132,161,165,5,AAAAA,AAAAA
X60050.1,23,27,257,261,5,AAAAA,AAAAA
X60050.1,23,27,161,165,5,AAAAA,AAAAA
X60050.1,128,131,258,261,4,AAAA,AAAA
X60050.1,257,260,258,261,4,AAAA,AAAA
X60050.1,161,164,258,261,4,AAAA,AAAA
X60050.1,23,26,258,261,4,AAAA,AAAA
X60050.1,32,35,128,131,4,AAAA,AAAA
X60050.1,32,35,257,260,4,AAAA,AAAA
X60050.1,32,35,161,164,4,AAAA,AAAA
X60050.1,24,27,128,131,4,AAAA,AAAA
X60050.1,128,131,129,132,4,AAAA,AAAA
X60050.1,24,27,257,260,4,AAAA,AAAA
X60050.1,24,27,161,164,4,AAAA,AAAA
X60050.1,129,132,257,260,4,AAAA,AAAA
X60050.1,129,132,161,164,4,AAAA,AAAA
X60050.1,24,27,32,35,4,AAAA,AAAA
X60050.1,23,26,24,27,4,AAAA,AAAA
X60050.1,32,35,129,132,4,AAAA,AAAA
X60050.1,23,26,129,132,4,AAAA,AAAA
X60050.1,81,84,258,261,4,AAAA,AAAA
X60050.1,81,84,128,131,4,AAAA,AAAA
X60050.1,81,84,257,260,4,AAAA,AAAA
X60050.1,81,84,161,164,4,AAAA,AAAA
X60050.1,128,131,162,165,4,AAAA,AAAA
X60050.1,162,165,257,260,4,AAAA,AAAA
X60050.1,161,164,162,165,4,AAAA,AAAA
X60050.1,81,84,162,165,4,AAAA,AAAA
X60050.1,32,35,162,165,4,AAAA,AAAA
X60050.1,23,26,162,165,4,AAAA,AAAA
X60050.1,24,27,205,208,4,AAAA,AAAA
X60050.1,129,132,205,208,4,AAAA,AAAA
X60050.1,205,208,258,261,4,AAAA,AAAA
X60050.1,128,131,205,208,4,AAAA,AAAA
X60050.1,81,84,205,208,4,AAAA,AAAA
X60050.1,32,35,205,208,4,AAAA,AAAA
X60050.1,23,26,205,208,4,AAAA,AAAA
X60050.1,82,85,156,159,4,AAAG,AAAG
X60050.1,25,28,156,159,4,AAAG,AAAG
X60050.1,82,85,292,295,4,AAAG,AAAG
X60050.1,25,28,292,295,4,AAAG,AAAG
X60050.1,82,85,180,183,4,AAAG,AAAG
X60050.1,25,28,180,183,4,AAAG,AAAG
X60050.1,130,133,156,159,4,AAAG,AAAG
X60050.1,130,133,292,295,4,AAAG,AAAG
X60050.1,130,133,180,183,4,AAAG,AAAG
X60050.1,82,85,251,254,4,AAAG,AAAG
X60050.1,25,28,251,254,4,AAAG,AAAG
X60050.1,156,159,251,254,4,AAAG,AAAG
X60050.1,251,254,292,295,4,AAAG,AAAG
X60050.1,180,183,251,254,4,AAAG,AAAG
X60050.1,130,133,383,386,4,AAAG,AAAG
X60050.1,82,85,383,386,4,AAAG,AAAG
X60050.1,25,28,383,386,4,AAAG,AAAG
X60050.1,156,159,383,386,4,AAAG,AAAG
X60050.1,292,295,383,386,4,AAAG,AAAG
X60050.1,180,183,383,386,4,AAAG,AAAG
X60050.1,128,130,259,261,3,AAA,AAA
X60050.1,33,35,128,130,3,AAA,AAA
X60050.1,257,259,259,261,3,AAA,AAA
X60050.1,161,163,259,261,3,AAA,AAA
X60050.1,205,207,259,261,3,AAA,AAA
X60050.1,33,35,257,259,3,AAA,AAA
X60050.1,33,35,161,163,3,AAA,AAA
X60050.1,33,35,205,207,3,AAA,AAA
X60050.1,23,25,259,261,3,AAA,AAA
X60050.1,32,34,259,261,3,AAA,AAA
X60050.1,81,83,259,261,3,AAA,AAA
X60050.1,23,25,33,35,3,AAA,AAA
X60050.1,32,34,33,35,3,AAA,AAA
X60050.1,33,35,81,83,3,AAA,AAA
X60050.1,82,84,128,130,3,AAA,AAA
X60050.1,25,27,128,130,3,AAA,AAA
X60050.1,128,130,130,132,3,AAA,AAA
X60050.1,82,84,257,259,3,AAA,AAA
X60050.1,82,84,161,163,3,AAA,AAA
X60050.1,82,84,205,207,3,AAA,AAA
X60050.1,25,27,257,259,3,AAA,AAA
X60050.1,25,27,161,163,3,AAA,AAA
X60050.1,25,27,205,207,3,AAA,AAA
X60050.1,130,132,257,259,3,AAA,AAA
X60050.1,130,132,161,163,3,AAA,AAA
X60050.1,130,132,205,207,3,AAA,AAA
X60050.1,23,25,82,84,3,AAA,AAA
X60050.1,32,34,82,84,3,AAA,AAA
X60050.1,81,83,82,84,3,AAA,AAA
X60050.1,23,25,25,27,3,AAA,AAA
X60050.1,25,27,32,34,3,AAA,AAA
X60050.1,25,27,81,83,3,AAA,AAA
X60050.1,23,25,130,132,3,AAA,AAA
X60050.1,32,34,130,132,3,AAA,AAA
X60050.1,81,83,130,132,3,AAA,AAA
X60050.1,156,158,259,261,3,AAA,AAA
X60050.1,33,35,156,158,3,AAA,AAA
X60050.1,156,158,258,260,3,AAA,AAA
X60050.1,24,26,156,158,3,AAA,AAA
X60050.1,129,131,156,158,3,AAA,AAA
X60050.1,156,158,162,164,3,AAA,AAA
X60050.1,259,261,292,294,3,AAA,AAA
X60050.1,33,35,292,294,3,AAA,AAA
X60050.1,258,260,292,294,3,AAA,AAA
X60050.1,24,26,292,294,3,AAA,AAA
X60050.1,129,131,292,294,3,AAA,AAA
X60050.1,162,164,292,294,3,AAA,AAA
X60050.1,180,182,259,261,3,AAA,AAA
X60050.1,33,35,180,182,3,AAA,AAA
X60050.1,180,182,258,260,3,AAA,AAA
X60050.1,24,26,180,182,3,AAA,AAA
X60050.1,129,131,180,182,3,AAA,AAA
X60050.1,162,164,180,182,3,AAA,AAA
X60050.1,156,158,257,259,3,AAA,AAA
X60050.1,156,158,161,163,3,AAA,AAA
X60050.1,156,158,205,207,3,AAA,AAA
X60050.1,257,259,292,294,3,AAA,AAA
X60050.1,161,163,292,294,3,AAA,AAA
X60050.1,205,207,292,294,3,AAA,AAA
X60050.1,180,182,257,259,3,AAA,AAA
X60050.1,161,163,180,182,3,AAA,AAA
X60050.1,180,182,205,207,3,AAA,AAA
X60050.1,23,25,156,158,3,AAA,AAA
X60050.1,32,34,156,158,3,AAA,AAA
X60050.1,81,83,156,158,3,AAA,AAA
X60050.1,23,25,292,294,3,AAA,AAA
X60050.1,32,34,292,294,3,AAA,AAA
X60050.1,81,83,292,294,3,AAA,AAA
X60050.1,23,25,180,182,3,AAA,AAA
X60050.1,32,34,180,182,3,AAA,AAA
X60050.1,81,83,180,182,3,AAA,AAA
X60050.1,259,261,383,385,3,AAA,AAA
X60050.1,33,35,383,385,3,AAA,AAA
X60050.1,258,260,383,385,3,AAA,AAA
X60050.1,24,26,383,385,3,AAA,AAA
X60050.1,129,131,383,385,3,AAA,AAA
X60050.1,162,164,383,385,3,AAA,AAA
X60050.1,251,253,259,261,3,AAA,AAA
X60050.1,33,35,251,253,3,AAA,AAA
X60050.1,251,253,258,260,3,AAA,AAA
X60050.1,24,26,251,253,3,AAA,AAA
X60050.1,129,131,251,253,3,AAA,AAA
X60050.1,162,164,251,253,3,AAA,AAA
X60050.1,128,130,383,385,3,AAA,AAA
X60050.1,128,130,251,253,3,AAA,AAA
X60050.1,23,25,383,385,3,AAA,AAA
X60050.1,32,34,383,385,3,AAA,AAA
X60050.1,81,83,383,385,3,AAA,AAA
X60050.1,23,25,251,253,3,AAA,AAA
X60050.1,32,34,251,253,3,AAA,AAA
X60050.1,81,83,251,253,3,AAA,AAA
X60050.1,156,158,206,208,3,AAA,AAA
X60050.1,206,208,292,294,3,AAA,AAA
X60050.1,180,182,206,208,3,AAA,AAA
X60050.1,128,130,206,208,3,AAA,AAA
X60050.1,156,158,163,165,3,AAA,AAA
X60050.1,163,165,292,294,3,AAA,AAA
X60050.1,163,165,180,182,3,AAA,AAA
X60050.1,128,130,163,165,3,AAA,AAA
X60050.1,206,208,383,385,3,AAA,AAA
X60050.1,206,208,251,253,3,AAA,AAA
X60050.1,206,208,257,259,3,AAA,AAA
X60050.1,161,163,206,208,3,AAA,AAA
X60050.1,205,207,206,208,3,AAA,AAA
X60050.1,163,165,383,385,3,AAA,AAA
X60050.1,163,165,251,253,3,AAA,AAA
X60050.1,163,165,257,259,3,AAA,AAA
X60050.1,161,163,163,165,3,AAA,AAA
X60050.1,163,165,205,207,3,AAA,AAA
X60050.1,23,25,206,208,3,AAA,AAA
X60050.1,32,34,206,208,3,AAA,AAA
X60050.1,81,83,206,208,3,AAA,AAA
X60050.1,23,25,163,165,3,AAA,AAA
X60050.1,32,34,163,165,3,AAA,AAA
X60050.1,81,83,163,165,3,AAA,AAA
X60050.1,82,84,140,142,3,AAA,AAA
X60050.1,25,27,140,142,3,AAA,AAA
X60050.1,130,132,140,142,3,AAA,AAA
X60050.1,140,142,259,261,3,AAA,AAA
X60050.1,33,35,140,142,3,AAA,AAA
X60050.1,140,142,258,260,3,AAA,AAA
X60050.1,24,26,140,142,3,AAA,AAA
X60050.1,129,131,140,142,3,AAA,AAA
X60050.1,140,142,162,164,3,AAA,AAA
X60050.1,82,84,86,88,3,AAA,AAA
X60050.1,25,27,86,88,3,AAA,AAA
X60050.1,86,88,130,132,3,AAA,AAA
X60050.1,86,88,259,261,3,AAA,AAA
X60050.1,33,35,86,88,3,AAA,AAA
X60050.1,86,88,258,260,3,AAA,AAA
X60050.1,24,26,86,88,3,AAA,AAA
X60050.1,86,88,129,131,3,AAA,AAA
X60050.1,86,88,162,164,3,AAA,AAA
X60050.1,140,142,156,158,3,AAA,AAA
X60050.1,140,142,292,294,3,AAA,AAA
X60050.1,140,142,180,182,3,AAA,AAA
X60050.1,128,130,140,142,3,AAA,AAA
X60050.1,86,88,156,158,3,AAA,AAA
X60050.1,86,88,292,294,3,AAA,AAA
X60050.1,86,88,180,182,3,AAA,AAA
X60050.1,86,88,128,130,3,AAA,AAA
X60050.1,23,25,140,142,3,AAA,AAA
X60050.1,32,34,140,142,3,AAA,AAA
X60050.1,81,83,140,142,3,AAA,AAA
X60050.1,23,25,86,88,3,AAA,AAA
X60050.1,32,34,86,88,3,AAA,AAA
X60050.1,81,83,86,88,3,AAA,AAA
X60050.1,96,98,260,262,3,AAC,AAC
X60050.1,74,76,260,262,3,AAC,AAC
X60050.1,74,76,125,127,3,AAC,AAC
X60050.1,74,76,283,285,3,AAC,AAC
X60050.1,34,36,96,98,3,AAC,AAC
X60050.1,34,36,125,127,3,AAC,AAC
X60050.1,34,36,283,285,3,AAC,AAC
X60050.1,34,36,74,76,3,AAC,AAC
X60050.1,260,262,265,267,3,AAC,AAC
X60050.1,74,76,265,267,3,AAC,AAC
X60050.1,17,19,34,36,3,AAC,AAC
X60050.1,17,19,260,262,3,AAC,AAC
X60050.1,17,19,265,267,3,AAC,AAC
X60050.1,17,19,96,98,3,AAC,AAC
X60050.1,17,19,125,127,3,AAC,AAC
X60050.1,17,19,283,285,3,AAC,AAC
X60050.1,17,19,74,76,3,AAC,AAC
X60050.1,26,30,307,311,5,AAGAA,AAGAA
X60050.1,26,30,202,206,5,AAGAA,AAGAA
X60050.1,83,87,307,311,5,AAGAA,AAGAA
X60050.1,83,86,218,221,4,AAGA,AAGA
X60050.1,26,29,218,221,4,AAGA,AAGA
X60050.1,83,86,100,103,4,AAGA,AAGA
X60050.1,26,29,100,103,4,AAGA,AAGA
X60050.1,83,86,232,235,4,AAGA,AAGA
X60050.1,26,29,232,235,4,AAGA,AAGA
X60050.1,202,205,218,221,4,AAGA,AAGA
X60050.1,218,221,307,310,4,AAGA,AAGA
X60050.1,100,103,202,205,4,AAGA,AAGA
X60050.1,100,103,307,310,4,AAGA,AAGA
X60050.1,202,205,232,235,4,AAGA,AAGA
X60050.1,232,235,307,310,4,AAGA,AAGA
X60050.1,83,86,272,275,4,AAGA,AAGA
X60050.1,26,29,272,275,4,AAGA,AAGA
X60050.1,202,205,272,275,4,AAGA,AAGA
X60050.1,272,275,307,310,4,AAGA,AAGA
X60050.1,157,161,223,227,5,AAGGA,AAGGA
X60050.1,157,161,310,314,5,AAGGA,AAGGA
X60050.1,223,227,310,314,5,AAGGA,AAGGA
X60050.1,252,256,375,379,5,AAGTG,AAGTG
X60050.1,131,135,375,379,5,AAGTG,AAGTG
X60050.1,218,220,384,386,3,AAG,AAG
X60050.1,100,102,384,386,3,AAG,AAG
X60050.1,232,234,384,386,3,AAG,AAG
X60050.1,272,274,384,386,3,AAG,AAG
X60050.1,202,204,384,386,3,AAG,AAG
X60050.1,307,309,384,386,3,AAG,AAG
X60050.1,83,85,286,288,3,AAG,AAG
X60050.1,26,28,286,288,3,AAG,AAG
X60050.1,202,204,286,288,3,AAG,AAG
X60050.1,286,288,307,309,3,AAG,AAG
X60050.1,157,159,286,288,3,AAG,AAG
X60050.1,157,159,218,220,3,AAG,AAG
X60050.1,100,102,157,159,3,AAG,AAG
X60050.1,157,159,232,234,3,AAG,AAG
X60050.1,157,159,272,274,3,AAG,AAG
X60050.1,286,288,293,295,3,AAG,AAG
X60050.1,218,220,293,295,3,AAG,AAG
X60050.1,100,102,293,295,3,AAG,AAG
X60050.1,232,234,293,295,3,AAG,AAG
X60050.1,272,274,293,295,3,AAG,AAG
X60050.1,181,183,286,288,3,AAG,AAG
X60050.1,181,183,218,220,3,AAG,AAG
X60050.1,100,102,181,183,3,AAG,AAG
X60050.1,181,183,232,234,3,AAG,AAG
X60050.1,181,183,272,274,3,AAG,AAG
X60050.1,157,159,202,204,3,AAG,AAG
X60050.1,157,159,307,309,3,AAG,AAG
X60050.1,202,204,293,295,3,AAG,AAG
X60050.1,293,295,307,309,3,AAG,AAG
X60050.1,181,183,202,204,3,AAG,AAG
X60050.1,181,183,307,309,3,AAG,AAG
X60050.1,223,225,384,386,3,AAG,AAG
X60050.1,83,85,223,225,3,AAG,AAG
X60050.1,26,28,223,225,3,AAG,AAG
X60050.1,202,204,223,225,3,AAG,AAG
X60050.1,223,225,307,309,3,AAG,AAG
X60050.1,310,312,384,386,3,AAG,AAG
X60050.1,83,85,310,312,3,AAG,AAG
X60050.1,26,28,310,312,3,AAG,AAG
X60050.1,286,288,310,312,3,AAG,AAG
X60050.1,218,220,310,312,3,AAG,AAG
X60050.1,100,102,310,312,3,AAG,AAG
X60050.1,232,234,310,312,3,AAG,AAG
X60050.1,272,274,310,312,3,AAG,AAG
X60050.1,202,204,310,312,3,AAG,AAG
X60050.1,307,309,310,312,3,AAG,AAG
X60050.1,223,225,252,254,3,AAG,AAG
X60050.1,252,254,286,288,3,AAG,AAG
X60050.1,218,220,252,254,3,AAG,AAG
X60050.1,100,102,252,254,3,AAG,AAG
X60050.1,232,234,252,254,3,AAG,AAG
X60050.1,252,254,272,274,3,AAG,AAG
X60050.1,131,133,223,225,3,AAG,AAG
X60050.1,131,133,286,288,3,AAG,AAG
X60050.1,131,133,218,220,3,AAG,AAG
X60050.1,100,102,131,133,3,AAG,AAG
X60050.1,131,133,232,234,3,AAG,AAG
X60050.1,131,133,272,274,3,AAG,AAG
X60050.1,252,254,310,312,3,AAG,AAG
X60050.1,131,133,310,312,3,AAG,AAG
X60050.1,202,204,252,254,3,AAG,AAG
X60050.1,252,254,307,309,3,AAG,AAG
X60050.1,131,133,202,204,3,AAG,AAG
X60050.1,131,133,307,309,3,AAG,AAG
X60050.1,157,159,375,377,3,AAG,AAG
X60050.1,293,295,375,377,3,AAG,AAG
X60050.1,181,183,375,377,3,AAG,AAG
X60050.1,375,377,384,386,3,AAG,AAG
X60050.1,83,85,375,377,3,AAG,AAG
X60050.1,26,28,375,377,3,AAG,AAG
X60050.1,223,225,375,377,3,AAG,AAG
X60050.1,286,288,375,377,3,AAG,AAG
X60050.1,218,220,375,377,3,AAG,AAG
X60050.1,100,102,375,377,3,AAG,AAG
X60050.1,232,234,375,377,3,AAG,AAG
X60050.1,272,274,375,377,3,AAG,AAG
X60050.1,202,204,375,377,3,AAG,AAG
X60050.1,307,309,375,377,3,AAG,AAG
X60050.1,29,32,278,281,4,AATA,AATA
X60050.1,78,81,115,118,4,AATA,AATA
X60050.1,141,144,278,281,4,AATA,AATA
X60050.1,78,81,141,144,4,AATA,AATA
X60050.1,115,118,141,144,4,AATA,AATA
X60050.1,29,32,141,144,4,AATA,AATA
X60050.1,263,267,281,285,5,ACAAC,ACAAC
X60050.1,94,98,263,267,5,ACAAC,ACAAC
X60050.1,263,266,284,287,4,ACAA,ACAA
X60050.1,281,284,284,287,4,ACAA,ACAA
X60050.1,94,97,284,287,4,ACAA,ACAA
X60050.1,221,224,263,266,4,ACAA,ACAA
X60050.1,221,224,281,284,4,ACAA,ACAA
X60050.1,94,97,221,224,4,ACAA,ACAA
X60050.1,126,129,263,266,4,ACAA,ACAA
X60050.1,126,129,221,224,4,ACAA,ACAA
X60050.1,126,129,281,284,4,ACAA,ACAA
X60050.1,94,97,126,129,4,ACAA,ACAA
X60050.1,97,101,122,126,5,ACCAA,ACCAA
X60050.1,75,79,122,126,5,ACCAA,ACCAA
X60050.1,97,99,390,392,3,ACC,ACC
X60050.1,75,77,390,392,3,ACC,ACC
X60050.1,59,61,97,99,3,ACC,ACC
X60050.1,59,61,75,77,3,ACC,ACC
X60050.1,59,61,122,124,3,ACC,ACC
X60050.1,59,61,412,414,3,ACC,ACC
X60050.1,97,99,238,240,3,ACC,ACC
X60050.1,75,77,238,240,3,ACC,ACC
X60050.1,238,240,390,392,3,ACC,ACC
X60050.1,122,124,238,240,3,ACC,ACC
X60050.1,238,240,412,414,3,ACC,ACC
X60050.1,203,207,381,385,5,AGAAA,AGAAA
X60050.1,84,88,381,385,5,AGAAA,AGAAA
X60050.1,27,31,109,113,5,AGAAT,AGAAT
X60050.1,3,7,27,31,5,AGAAT,AGAAT
X60050.1,3,7,109,113,5,AGAAT,AGAAT
X60050.1,27,30,381,384,4,AGAA,AGAA
X60050.1,109,112,203,206,4,AGAA,AGAA
X60050.1,84,87,109,112,4,AGAA,AGAA
X60050.1,109,112,381,384,4,AGAA,AGAA
X60050.1,3,6,203,206,4,AGAA,AGAA
X60050.1,3,6,84,87,4,AGAA,AGAA
X60050.1,109,112,308,311,4,AGAA,AGAA
X60050.1,3,6,308,311,4,AGAA,AGAA
X60050.1,308,311,381,384,4,AGAA,AGAA
X60050.1,120,123,219,222,4,AGAC,AGAC
X60050.1,101,104,120,123,4,AGAC,AGAC
X60050.1,219,222,388,391,4,AGAC,AGAC
X60050.1,101,104,388,391,4,AGAC,AGAC
X60050.1,120,123,233,236,4,AGAC,AGAC
X60050.1,233,236,388,391,4,AGAC,AGAC
X60050.1,109,111,219,221,3,AGA,AGA
X60050.1,101,103,109,111,3,AGA,AGA
X60050.1,109,111,233,235,3,AGA,AGA
X60050.1,219,221,381,383,3,AGA,AGA
X60050.1,3,5,219,221,3,AGA,AGA
X60050.1,101,103,381,383,3,AGA,AGA
X60050.1,3,5,101,103,3,AGA,AGA
X60050.1,233,235,381,383,3,AGA,AGA
X60050.1,3,5,233,235,3,AGA,AGA
X60050.1,120,122,203,205,3,AGA,AGA
X60050.1,84,86,120,122,3,AGA,AGA
X60050.1,120,122,308,310,3,AGA,AGA
X60050.1,27,29,120,122,3,AGA,AGA
X60050.1,203,205,388,390,3,AGA,AGA
X60050.1,84,86,388,390,3,AGA,AGA
X60050.1,308,310,388,390,3,AGA,AGA
X60050.1,27,29,388,390,3,AGA,AGA
X60050.1,120,122,381,383,3,AGA,AGA
X60050.1,3,5,120,122,3,AGA,AGA
X60050.1,381,383,388,390,3,AGA,AGA
X60050.1,3,5,388,390,3,AGA,AGA
X60050.1,120,122,273,275,3,AGA,AGA
X60050.1,273,275,388,390,3,AGA,AGA
X60050.1,109,111,273,275,3,AGA,AGA
X60050.1,273,275,381,383,3,AGA,AGA
X60050.1,3,5,273,275,3,AGA,AGA
X60050.1,149,151,219,221,3,AGA,AGA
X60050.1,101,103,149,151,3,AGA,AGA
X60050.1,149,151,233,235,3,AGA,AGA
X60050.1,149,151,203,205,3,AGA,AGA
X60050.1,84,86,149,151,3,AGA,AGA
X60050.1,149,151,308,310,3,AGA,AGA
X60050.1,27,29,149,151,3,AGA,AGA
X60050.1,149,151,381,383,3,AGA,AGA
X60050.1,3,5,149,151,3,AGA,AGA
X60050.1,151,160,287,296,10,AGCTCAAAGG,AGCTCAAAGG
X60050.1,287,291,317,321,5,AGCTC,AGCTC
X60050.1,151,155,317,321,5,AGCTC,AGCTC
X60050.1,385,387,401,403,3,AGC,AGC
X60050.1,350,352,385,387,3,AGC,AGC
X60050.1,275,277,401,403,3,AGC,AGC
X60050.1,275,277,350,352,3,AGC,AGC
X60050.1,136,138,385,387,3,AGC,AGC
X60050.1,287,289,401,403,3,AGC,AGC
X60050.1,287,289,350,352,3,AGC,AGC
X60050.1,136,138,287,289,3,AGC,AGC
X60050.1,275,277,287,289,3,AGC,AGC
X60050.1,151,153,385,387,3,AGC,AGC
X60050.1,151,153,401,403,3,AGC,AGC
X60050.1,151,153,350,352,3,AGC,AGC
X60050.1,317,319,385,387,3,AGC,AGC
X60050.1,317,319,401,403,3,AGC,AGC
X60050.1,317,319,350,352,3,AGC,AGC
X60050.1,136,138,317,319,3,AGC,AGC
X60050.1,275,277,317,319,3,AGC,AGC
X60050.1,190,194,253,257,5,AGTGA,AGTGA
X60050.1,186,190,253,257,5,AGTGA,AGTGA
X60050.1,132,136,190,194,5,AGTGA,AGTGA
X60050.1,186,190,190,194,5,AGTGA,AGTGA
X60050.1,279,283,405,409,5,ATACA,ATACA
X60050.1,116,120,405,409,5,ATACA,ATACA
X60050.1,279,281,305,307,3,ATA,ATA
X60050.1,116,118,305,307,3,ATA,ATA
X60050.1,15,17,279,281,3,ATA,ATA
X60050.1,15,17,116,118,3,ATA,ATA
X60050.1,30,32,405,407,3,ATA,ATA
X60050.1,79,81,405,407,3,ATA,ATA
X60050.1,305,307,405,407,3,ATA,ATA
X60050.1,15,17,405,407,3,ATA,ATA
X60050.1,142,144,305,307,3,ATA,ATA
X60050.1,142,144,405,407,3,ATA,ATA
X60050.1,15,17,142,144,3,ATA,ATA
X60050.1,13,15,279,281,3,ATA,ATA
X60050.1,13,15,116,118,3,ATA,ATA
X60050.1,13,15,30,32,3,ATA,ATA
X60050.1,13,15,79,81,3,ATA,ATA
X60050.1,13,15,305,307,3,ATA,ATA
X60050.1,13,15,405,407,3,ATA,ATA
X60050.1,71,75,248,252,5,ATGAA,ATGAA
X60050.1,112,116,248,252,5,ATGAA,ATGAA
X60050.1,88,91,394,397,4,ATTT,ATTT
X60050.1,88,91,341,344,4,ATTT,ATTT
X60050.1,55,58,88,91,4,ATTT,ATTT
X60050.1,55,58,394,397,4,ATTT,ATTT
X60050.1,55,58,341,344,4,ATTT,ATTT
X60050.1,55,58,144,147,4,ATTT,ATTT
X60050.1,155,160,179,184,6,CAAAGG,CAAAGG
X60050.1,179,184,291,296,6,CAAAGG,CAAAGG
X60050.1,99,104,231,236,6,CAAGAC,CAAGAC
X60050.1,217,222,231,236,6,CAAGAC,CAAGAC
X60050.1,99,103,271,275,5,CAAGA,CAAGA
X60050.1,231,235,271,275,5,CAAGA,CAAGA
X60050.1,179,181,282,284,3,CAA,CAA
X60050.1,95,97,179,181,3,CAA,CAA
X60050.1,179,181,264,266,3,CAA,CAA
X60050.1,155,157,282,284,3,CAA,CAA
X60050.1,282,284,291,293,3,CAA,CAA
X60050.1,95,97,155,157,3,CAA,CAA
X60050.1,95,97,291,293,3,CAA,CAA
X60050.1,155,157,264,266,3,CAA,CAA
X60050.1,264,266,291,293,3,CAA,CAA
X60050.1,124,126,127,129,3,CAA,CAA
X60050.1,124,126,179,181,3,CAA,CAA
X60050.1,124,126,155,157,3,CAA,CAA
X60050.1,124,126,291,293,3,CAA,CAA
X60050.1,124,126,285,287,3,CAA,CAA
X60050.1,124,126,222,224,3,CAA,CAA
X60050.1,179,181,285,287,3,CAA,CAA
X60050.1,179,181,222,224,3,CAA,CAA
X60050.1,155,157,285,287,3,CAA,CAA
X60050.1,285,287,291,293,3,CAA,CAA
X60050.1,155,157,222,224,3,CAA,CAA
X60050.1,222,224,291,293,3,CAA,CAA
X60050.1,99,101,282,284,3,CAA,CAA
X60050.1,95,97,99,101,3,CAA,CAA
X60050.1,99,101,264,266,3,CAA,CAA
X60050.1,99,101,127,129,3,CAA,CAA
X60050.1,99,101,179,181,3,CAA,CAA
X60050.1,99,101,155,157,3,CAA,CAA
X60050.1,99,101,291,293,3,CAA,CAA
X60050.1,231,233,282,284,3,CAA,CAA
X60050.1,95,97,231,233,3,CAA,CAA
X60050.1,231,233,264,266,3,CAA,CAA
X60050.1,127,129,231,233,3,CAA,CAA
X60050.1,124,126,231,233,3,CAA,CAA
X60050.1,155,157,231,233,3,CAA,CAA
X60050.1,231,233,291,293,3,CAA,CAA
X60050.1,217,219,282,284,3,CAA,CAA
X60050.1,95,97,217,219,3,CAA,CAA
X60050.1,217,219,264,266,3,CAA,CAA
X60050.1,127,129,217,219,3,CAA,CAA
X60050.1,271,273,282,284,3,CAA,CAA
X60050.1,95,97,271,273,3,CAA,CAA
X60050.1,264,266,271,273,3,CAA,CAA
X60050.1,127,129,271,273,3,CAA,CAA
X60050.1,124,126,217,219,3,CAA,CAA
X60050.1,124,126,271,273,3,CAA,CAA
X60050.1,179,181,217,219,3,CAA,CAA
X60050.1,179,181,271,273,3,CAA,CAA
X60050.1,77,79,285,287,3,CAA,CAA
X60050.1,77,79,222,224,3,CAA,CAA
X60050.1,77,79,282,284,3,CAA,CAA
X60050.1,77,79,95,97,3,CAA,CAA
X60050.1,77,79,264,266,3,CAA,CAA
X60050.1,77,79,127,129,3,CAA,CAA
X60050.1,77,79,231,233,3,CAA,CAA
X60050.1,77,79,179,181,3,CAA,CAA
X60050.1,77,79,217,219,3,CAA,CAA
X60050.1,77,79,271,273,3,CAA,CAA
X60050.1,77,79,155,157,3,CAA,CAA
X60050.1,77,79,291,293,3,CAA,CAA
X60050.1,277,279,285,287,3,CAA,CAA
X60050.1,222,224,277,279,3,CAA,CAA
X60050.1,277,279,282,284,3,CAA,CAA
X60050.1,95,97,277,279,3,CAA,CAA
X60050.1,264,266,277,279,3,CAA,CAA
X60050.1,127,129,277,279,3,CAA,CAA
X60050.1,99,101,277,279,3,CAA,CAA
X60050.1,124,126,277,279,3,CAA,CAA
X60050.1,217,219,277,279,3,CAA,CAA
X60050.1,271,273,277,279,3,CAA,CAA
X60050.1,155,157,277,279,3,CAA,CAA
X60050.1,277,279,291,293,3,CAA,CAA
X60050.1,262,264,414,416,3,CAC,CAC
X60050.1,119,121,400,402,3,CAG,CAG
X60050.1,119,121,349,351,3,CAG,CAG
X60050.1,387,389,400,402,3,CAG,CAG
X60050.1,349,351,387,389,3,CAG,CAG
X60050.1,148,150,400,402,3,CAG,CAG
X60050.1,148,150,349,351,3,CAG,CAG
X60050.1,119,121,169,171,3,CAG,CAG
X60050.1,169,171,400,402,3,CAG,CAG
X60050.1,169,171,349,351,3,CAG,CAG
X60050.1,108,110,169,171,3,CAG,CAG
X60050.1,148,150,169,171,3,CAG,CAG
X60050.1,123,125,399,401,3,CCA,CCA
X60050.1,98,100,399,401,3,CCA,CCA
X60050.1,76,78,399,401,3,CCA,CCA
X60050.1,123,125,348,350,3,CCA,CCA
X60050.1,98,100,348,350,3,CCA,CCA
X60050.1,76,78,348,350,3,CCA,CCA
X60050.1,107,109,123,125,3,CCA,CCA
X60050.1,98,100,107,109,3,CCA,CCA
X60050.1,76,78,107,109,3,CCA,CCA
X60050.1,53,55,413,415,3,CCA,CCA
X60050.1,399,401,413,415,3,CCA,CCA
X60050.1,348,350,413,415,3,CCA,CCA
X60050.1,107,109,413,415,3,CCA,CCA
X60050.1,53,55,123,125,3,CCA,CCA
X60050.1,53,55,98,100,3,CCA,CCA
X60050.1,53,55,76,78,3,CCA,CCA
X60050.1,53,55,107,109,3,CCA,CCA
X60050.1,60,62,328,330,3,CCT,CCT
X60050.1,138,140,240,242,3,CGA,CGA
X60050.1,138,140,336,338,3,CGA,CGA
X60050.1,51,53,416,418,3,CGC,CGC
X60050.1,51,53,195,197,3,CGC,CGC
X60050.1,1,3,236,238,3,CTA,CTA
X60050.1,1,3,329,331,3,CTA,CTA
X60050.1,1,3,92,94,3,CTA,CTA
X60050.1,212,214,236,238,3,CTA,CTA
X60050.1,212,214,329,331,3,CTA,CTA
X60050.1,92,94,212,214,3,CTA,CTA
X60050.1,43,45,236,238,3,CTA,CTA
X60050.1,43,45,329,331,3,CTA,CTA
X60050.1,1,3,267,269,3,CTA,CTA
X60050.1,1,3,332,334,3,CTA,CTA
X60050.1,267,269,329,331,3,CTA,CTA
X60050.1,329,331,332,334,3,CTA,CTA
X60050.1,212,214,267,269,3,CTA,CTA
X60050.1,212,214,332,334,3,CTA,CTA
X60050.1,43,45,267,269,3,CTA,CTA
X60050.1,92,94,267,269,3,CTA,CTA
X60050.1,43,45,332,334,3,CTA,CTA
X60050.1,92,94,332,334,3,CTA,CTA
X60050.1,1,3,392,394,3,CTA,CTA
X60050.1,236,238,392,394,3,CTA,CTA
X60050.1,212,214,392,394,3,CTA,CTA
X60050.1,43,45,392,394,3,CTA,CTA
X60050.1,92,94,392,394,3,CTA,CTA
X60050.1,1,3,11,13,3,CTA,CTA
X60050.1,1,3,38,40,3,CTA,CTA
X60050.1,11,13,236,238,3,CTA,CTA
X60050.1,38,40,236,238,3,CTA,CTA
X60050.1,11,13,329,331,3,CTA,CTA
X60050.1,38,40,329,331,3,CTA,CTA
X60050.1,11,13,212,214,3,CTA,CTA
X60050.1,38,40,212,214,3,CTA,CTA
X60050.1,245,247,357,359,3,CTG,CTG
X60050.1,245,247,321,323,3,CTG,CTG
X60050.1,61,63,66,68,3,CTT,CTT
X60050.1,61,63,197,199,3,CTT,CTT
X60050.1,160,164,204,208,5,GAAAA,GAAAA
X60050.1,204,208,256,260,5,GAAAA,GAAAA
X60050.1,160,163,382,385,4,GAAA,GAAA
X60050.1,256,259,382,385,4,GAAA,GAAA
X60050.1,204,207,250,253,4,GAAA,GAAA
X60050.1,160,163,250,253,4,GAAA,GAAA
X60050.1,85,88,160,163,4,GAAA,GAAA
X60050.1,85,88,250,253,4,GAAA,GAAA
X60050.1,85,88,256,259,4,GAAA,GAAA
X60050.1,139,142,382,385,4,GAAA,GAAA
X60050.1,139,142,204,207,4,GAAA,GAAA
X60050.1,139,142,160,163,4,GAAA,GAAA
X60050.1,139,142,250,253,4,GAAA,GAAA
X60050.1,139,142,256,259,4,GAAA,GAAA
X60050.1,139,141,309,311,3,GAA,GAA
X60050.1,160,162,309,311,3,GAA,GAA
X60050.1,256,258,309,311,3,GAA,GAA
X60050.1,250,252,309,311,3,GAA,GAA
X60050.1,204,206,374,376,3,GAA,GAA
X60050.1,374,376,382,384,3,GAA,GAA
X60050.1,85,87,374,376,3,GAA,GAA
X60050.1,139,141,374,376,3,GAA,GAA
X60050.1,256,258,374,376,3,GAA,GAA
X60050.1,250,252,374,376,3,GAA,GAA
X60050.1,28,30,139,141,3,GAA,GAA
X60050.1,110,112,139,141,3,GAA,GAA
X60050.1,4,6,139,141,3,GAA,GAA
X60050.1,28,30,374,376,3,GAA,GAA
X60050.1,28,30,160,162,3,GAA,GAA
X60050.1,110,112,374,376,3,GAA,GAA
X60050.1,110,112,160,162,3,GAA,GAA
X60050.1,4,6,374,376,3,GAA,GAA
X60050.1,4,6,160,162,3,GAA,GAA
X60050.1,28,30,256,258,3,GAA,GAA
X60050.1,28,30,250,252,3,GAA,GAA
X60050.1,110,112,256,258,3,GAA,GAA
X60050.1,110,112,250,252,3,GAA,GAA
X60050.1,4,6,256,258,3,GAA,GAA
X60050.1,4,6,250,252,3,GAA,GAA
X60050.1,114,116,309,311,3,GAA,GAA
X60050.1,114,116,204,206,3,GAA,GAA
X60050.1,114,116,382,384,3,GAA,GAA
X60050.1,85,87,114,116,3,GAA,GAA
X60050.1,114,116,139,141,3,GAA,GAA
X60050.1,114,116,374,376,3,GAA,GAA
X60050.1,114,116,160,162,3,GAA,GAA
X60050.1,28,30,73,75,3,GAA,GAA
X60050.1,73,75,110,112,3,GAA,GAA
X60050.1,4,6,73,75,3,GAA,GAA
X60050.1,73,75,309,311,3,GAA,GAA
X60050.1,73,75,204,206,3,GAA,GAA
X60050.1,73,75,382,384,3,GAA,GAA
X60050.1,73,75,85,87,3,GAA,GAA
X60050.1,73,75,139,141,3,GAA,GAA
X60050.1,73,75,374,376,3,GAA,GAA
X60050.1,73,75,160,162,3,GAA,GAA
X60050.1,247,249,404,406,3,GAT,GAT
X60050.1,247,249,337,339,3,GAT,GAT
X60050.1,318,325,354,361,8,GCTCTGTT,GCTCTGTT
X60050.1,152,155,354,357,4,GCTC,GCTC
X60050.1,288,291,354,357,4,GCTC,GCTC
X60050.1,318,321,417,420,4,GCTC,GCTC
X60050.1,152,155,417,420,4,GCTC,GCTC
X60050.1,288,291,417,420,4,GCTC,GCTC
X60050.1,354,357,417,420,4,GCTC,GCTC
X60050.1,225,227,373,375,3,GGA,GGA
X60050.1,312,314,373,375,3,GGA,GGA
X60050.1,21,23,315,317,3,GTA,GTA
X60050.1,21,23,379,381,3,GTA,GTA
X60050.1,215,217,326,328,3,GTC,GTC
X60050.1,371,373,377,379,3,GTG,GTG
X60050.1,345,347,377,379,3,GTG,GTG
X60050.1,345,347,371,373,3,GTG,GTG
X60050.1,254,256,371,373,3,GTG,GTG
X60050.1,191,193,371,373,3,GTG,GTG
X60050.1,133,135,371,373,3,GTG,GTG
X60050.1,187,189,371,373,3,GTG,GTG
X60050.1,254,256,345,347,3,GTG,GTG
X60050.1,191,193,345,347,3,GTG,GTG
X60050.1,133,135,345,347,3,GTG,GTG
X60050.1,187,189,345,347,3,GTG,GTG
X60050.1,22,26,31,35,5,TAAAA,TAAAA
X60050.1,22,26,80,84,5,TAAAA,TAAAA
X60050.1,22,24,306,308,3,TAA,TAA
X60050.1,31,33,201,203,3,TAA,TAA
X60050.1,80,82,201,203,3,TAA,TAA
X60050.1,22,24,201,203,3,TAA,TAA
X60050.1,16,18,69,71,3,TAA,TAA
X60050.1,16,18,22,24,3,TAA,TAA
X60050.1,16,18,201,203,3,TAA,TAA
X60050.1,69,71,306,308,3,TAA,TAA
X60050.1,31,33,69,71,3,TAA,TAA
X60050.1,69,71,80,82,3,TAA,TAA
X60050.1,22,24,69,71,3,TAA,TAA
X60050.1,237,239,280,282,3,TAC,TAC
X60050.1,117,119,237,239,3,TAC,TAC
X60050.1,237,239,406,408,3,TAC,TAC
X60050.1,58,60,280,282,3,TAC,TAC
X60050.1,58,60,117,119,3,TAC,TAC
X60050.1,58,60,406,408,3,TAC,TAC
X60050.1,58,60,93,95,3,TAC,TAC
X60050.1,280,282,330,332,3,TAC,TAC
X60050.1,117,119,330,332,3,TAC,TAC
X60050.1,330,332,406,408,3,TAC,TAC
X60050.1,58,60,330,332,3,TAC,TAC
X60050.1,143,147,393,397,5,TATTT,TATTT
X60050.1,143,147,340,344,5,TATTT,TATTT
X60050.1,106,108,327,329,3,TCC,TCC
X60050.1,50,52,335,337,3,TCG,TCG
X60050.1,255,257,410,412,3,TGA,TGA
X60050.1,192,194,249,251,3,TGA,TGA
X60050.1,72,74,192,194,3,TGA,TGA
X60050.1,113,115,192,194,3,TGA,TGA
X60050.1,63,65,249,251,3,TGA,TGA
X60050.1,63,65,72,74,3,TGA,TGA
X60050.1,63,65,113,115,3,TGA,TGA
X60050.1,63,65,255,257,3,TGA,TGA
X60050.1,134,136,410,412,3,TGA,TGA
X60050.1,134,136,249,251,3,TGA,TGA
X60050.1,72,74,134,136,3,TGA,TGA
X60050.1,113,115,134,136,3,TGA,TGA
X60050.1,188,190,410,412,3,TGA,TGA
X60050.1,188,190,249,251,3,TGA,TGA
X60050.1,72,74,188,190,3,TGA,TGA
X60050.1,113,115,188,190,3,TGA,TGA
X60050.1,63,65,134,136,3,TGA,TGA
X60050.1,63,65,188,190,3,TGA,TGA
X60050.1,366,368,410,412,3,TGA,TGA
X60050.1,249,251,366,368,3,TGA,TGA
X60050.1,72,74,366,368,3,TGA,TGA
X60050.1,113,115,366,368,3,TGA,TGA
X60050.1,192,194,366,368,3,TGA,TGA
X60050.1,255,257,366,368,3,TGA,TGA
X60050.1,246,248,410,412,3,TGA,TGA
X60050.1,246,248,249,251,3,TGA,TGA
X60050.1,72,74,246,248,3,TGA,TGA
X60050.1,113,115,246,248,3,TGA,TGA
X60050.1,134,136,246,248,3,TGA,TGA
X60050.1,188,190,246,248,3,TGA,TGA
X60050.1,192,194,246,248,3,TGA,TGA
X60050.1,246,248,255,257,3,TGA,TGA
X60050.1,246,248,366,368,3,TGA,TGA
X60050.1,63,65,246,248,3,TGA,TGA
X60050.1,346,353,397,404,8,TGCCAGCG,TGCCAGCG
X60050.1,209,211,372,374,3,TGG,TGG
X60050.1,7,9,200,202,3,TTA,TTA
X60050.1,7,9,68,70,3,TTA,TTA
X60050.1,200,202,339,341,3,TTA,TTA
X60050.1,68,70,339,341,3,TTA,TTA
X60050.1,57,59,360,362,3,TTA,TTA
X60050.1,7,9,360,362,3,TTA,TTA
X60050.1,339,341,360,362,3,TTA,TTA
X60050.1,200,202,360,362,3,TTA,TTA
X60050.1,68,70,360,362,3,TTA,TTA
X60050.1,7,9,57,59,3,TTA,TTA
X60050.1,57,59,339,341,3,TTA,TTA
X60050.1,41,43,146,148,3,TTC,TTC
X60050.1,47,49,146,148,3,TTC,TTC

Total for length 3 is 594.
Total for length 4 is 125.
Total for length 5 is 39.
Total for length 6 is 4.
Total for length 8 is 2.
Total for length 10 is 1.

