Input file is sequence5.fasta.
Minimal fragment length is 3.
Working with probability estimation.
P value is : 0.050000.
Printing all instances.
Looking for inverse complementary repeats.
X60050.1 Alphabet size is 4.
Input sequence has 0 letters that are not in expected alphabet.
X60050.1,129,133,197,201,5,AAAAG,CTTTT
X60050.1,24,28,197,201,5,AAAAG,CTTTT
X60050.1,140,144,340,344,5,AAATA,TATTT
X60050.1,140,144,393,397,5,AAATA,TATTT
X60050.1,206,209,341,344,4,AAAT,ATTT
X60050.1,206,209,394,397,4,AAAT,ATTT
X60050.1,163,166,341,344,4,AAAT,ATTT
X60050.1,163,166,394,397,4,AAAT,ATTT
X60050.1,86,89,341,344,4,AAAT,ATTT
X60050.1,86,89,394,397,4,AAAT,ATTT
X60050.1,33,35,199,201,3,AAA,TTT
X60050.1,128,130,198,200,3,AAA,TTT
X60050.1,161,163,198,200,3,AAA,TTT
X60050.1,82,84,199,201,3,AAA,TTT
X60050.1,25,27,199,201,3,AAA,TTT
X60050.1,23,25,198,200,3,AAA,TTT
X60050.1,32,34,198,200,3,AAA,TTT
X60050.1,81,83,198,200,3,AAA,TTT
X60050.1,130,132,199,201,3,AAA,TTT
X60050.1,156,158,199,201,3,AAA,TTT
X60050.1,180,182,199,201,3,AAA,TTT
X60050.1,33,35,67,69,3,AAA,TTT
X60050.1,24,26,67,69,3,AAA,TTT
X60050.1,163,165,199,201,3,AAA,TTT
X60050.1,82,84,342,344,3,AAA,TTT
X60050.1,25,27,342,344,3,AAA,TTT
X60050.1,130,132,342,344,3,AAA,TTT
X60050.1,259,261,342,344,3,AAA,TTT
X60050.1,33,35,342,344,3,AAA,TTT
X60050.1,258,260,342,344,3,AAA,TTT
X60050.1,24,26,342,344,3,AAA,TTT
X60050.1,129,131,342,344,3,AAA,TTT
X60050.1,162,164,342,344,3,AAA,TTT
X60050.1,82,84,395,397,3,AAA,TTT
X60050.1,25,27,395,397,3,AAA,TTT
X60050.1,130,132,395,397,3,AAA,TTT
X60050.1,259,261,395,397,3,AAA,TTT
X60050.1,33,35,395,397,3,AAA,TTT
X60050.1,258,260,395,397,3,AAA,TTT
X60050.1,24,26,395,397,3,AAA,TTT
X60050.1,129,131,395,397,3,AAA,TTT
X60050.1,162,164,395,397,3,AAA,TTT
X60050.1,251,253,342,344,3,AAA,TTT
X60050.1,257,259,342,344,3,AAA,TTT
X60050.1,161,163,342,344,3,AAA,TTT
X60050.1,205,207,342,344,3,AAA,TTT
X60050.1,383,385,395,397,3,AAA,TTT
X60050.1,251,253,395,397,3,AAA,TTT
X60050.1,257,259,395,397,3,AAA,TTT
X60050.1,161,163,395,397,3,AAA,TTT
X60050.1,205,207,395,397,3,AAA,TTT
X60050.1,23,25,342,344,3,AAA,TTT
X60050.1,32,34,342,344,3,AAA,TTT
X60050.1,81,83,342,344,3,AAA,TTT
X60050.1,23,25,395,397,3,AAA,TTT
X60050.1,32,34,395,397,3,AAA,TTT
X60050.1,81,83,395,397,3,AAA,TTT
X60050.1,140,142,198,200,3,AAA,TTT
X60050.1,82,84,145,147,3,AAA,TTT
X60050.1,25,27,145,147,3,AAA,TTT
X60050.1,130,132,145,147,3,AAA,TTT
X60050.1,33,35,145,147,3,AAA,TTT
X60050.1,24,26,145,147,3,AAA,TTT
X60050.1,129,131,145,147,3,AAA,TTT
X60050.1,86,88,198,200,3,AAA,TTT
X60050.1,82,84,89,91,3,AAA,TTT
X60050.1,25,27,89,91,3,AAA,TTT
X60050.1,33,35,89,91,3,AAA,TTT
X60050.1,24,26,89,91,3,AAA,TTT
X60050.1,128,130,145,147,3,AAA,TTT
X60050.1,140,142,199,201,3,AAA,TTT
X60050.1,23,25,145,147,3,AAA,TTT
X60050.1,32,34,145,147,3,AAA,TTT
X60050.1,81,83,145,147,3,AAA,TTT
X60050.1,86,88,199,201,3,AAA,TTT
X60050.1,23,25,89,91,3,AAA,TTT
X60050.1,32,34,89,91,3,AAA,TTT
X60050.1,81,83,89,91,3,AAA,TTT
X60050.1,25,27,56,58,3,AAA,TTT
X60050.1,33,35,56,58,3,AAA,TTT
X60050.1,24,26,56,58,3,AAA,TTT
X60050.1,78,82,339,343,5,AATAA,TTATT
X60050.1,29,33,339,343,5,AATAA,TTATT
X60050.1,278,281,340,343,4,AATA,TATT
X60050.1,115,118,340,343,4,AATA,TATT
X60050.1,278,281,393,396,4,AATA,TATT
X60050.1,78,81,393,396,4,AATA,TATT
X60050.1,115,118,393,396,4,AATA,TATT
X60050.1,29,32,393,396,4,AATA,TATT
X60050.1,78,81,143,146,4,AATA,TATT
X60050.1,115,118,143,146,4,AATA,TATT
X60050.1,29,32,143,146,4,AATA,TATT
X60050.1,29,31,55,57,3,AAT,ATT
X60050.1,111,113,341,343,3,AAT,ATT
X60050.1,111,113,394,396,3,AAT,ATT
X60050.1,111,113,144,146,3,AAT,ATT
X60050.1,70,72,341,343,3,AAT,ATT
X60050.1,70,72,394,396,3,AAT,ATT
X60050.1,70,72,144,146,3,AAT,ATT
X60050.1,78,80,88,90,3,AAT,ATT
X60050.1,29,31,88,90,3,AAT,ATT
X60050.1,70,72,88,90,3,AAT,ATT
X60050.1,141,143,165,167,3,AAT,ATT
X60050.1,111,113,165,167,3,AAT,ATT
X60050.1,29,31,165,167,3,AAT,ATT
X60050.1,115,117,165,167,3,AAT,ATT
X60050.1,70,72,165,167,3,AAT,ATT
X60050.1,5,7,55,57,3,AAT,ATT
X60050.1,5,7,341,343,3,AAT,ATT
X60050.1,5,7,394,396,3,AAT,ATT
X60050.1,5,7,144,146,3,AAT,ATT
X60050.1,164,166,338,340,3,AAT,ATT
X60050.1,87,89,338,340,3,AAT,ATT
X60050.1,207,209,338,340,3,AAT,ATT
X60050.1,141,143,338,340,3,AAT,ATT
X60050.1,78,80,338,340,3,AAT,ATT
X60050.1,278,280,338,340,3,AAT,ATT
X60050.1,5,7,338,340,3,AAT,ATT
X60050.1,111,113,338,340,3,AAT,ATT
X60050.1,29,31,338,340,3,AAT,ATT
X60050.1,115,117,338,340,3,AAT,ATT
X60050.1,263,267,323,327,5,ACAAC,GTTGT
X60050.1,94,98,323,327,5,ACAAC,GTTGT
X60050.1,126,129,324,327,4,ACAA,TTGT
X60050.1,281,284,343,346,4,ACAA,TTGT
X60050.1,94,97,343,346,4,ACAA,TTGT
X60050.1,284,287,343,346,4,ACAA,TTGT
X60050.1,284,287,324,327,4,ACAA,TTGT
X60050.1,221,224,343,346,4,ACAA,TTGT
X60050.1,118,122,356,360,5,ACAGA,TCTGT
X60050.1,118,122,320,324,5,ACAGA,TCTGT
X60050.1,122,124,363,365,3,ACC,GGT
X60050.1,238,240,363,365,3,ACC,GGT
X60050.1,97,99,183,185,3,ACC,GGT
X60050.1,75,77,183,185,3,ACC,GGT
X60050.1,122,124,183,185,3,ACC,GGT
X60050.1,97,99,370,372,3,ACC,GGT
X60050.1,75,77,370,372,3,ACC,GGT
X60050.1,122,124,370,372,3,ACC,GGT
X60050.1,59,61,370,372,3,ACC,GGT
X60050.1,238,240,370,372,3,ACC,GGT
X60050.1,65,69,251,255,5,ACTTT,AAAGT
X60050.1,65,69,130,134,5,ACTTT,AAAGT
X60050.1,84,93,84,93,10,AGAAATTTCT,AGAAATTTCT
X60050.1,27,30,90,93,4,AGAA,TTCT
X60050.1,27,30,47,50,4,AGAA,TTCT
X60050.1,3,6,47,50,4,AGAA,TTCT
X60050.1,273,277,354,358,5,AGAGC,GCTCT
X60050.1,273,277,318,322,5,AGAGC,GCTCT
X60050.1,219,221,356,358,3,AGA,TCT
X60050.1,101,103,356,358,3,AGA,TCT
X60050.1,233,235,356,358,3,AGA,TCT
X60050.1,203,205,356,358,3,AGA,TCT
X60050.1,84,86,356,358,3,AGA,TCT
X60050.1,308,310,356,358,3,AGA,TCT
X60050.1,27,29,356,358,3,AGA,TCT
X60050.1,219,221,320,322,3,AGA,TCT
X60050.1,101,103,320,322,3,AGA,TCT
X60050.1,233,235,320,322,3,AGA,TCT
X60050.1,203,205,320,322,3,AGA,TCT
X60050.1,84,86,320,322,3,AGA,TCT
X60050.1,308,310,320,322,3,AGA,TCT
X60050.1,27,29,320,322,3,AGA,TCT
X60050.1,3,5,356,358,3,AGA,TCT
X60050.1,3,5,320,322,3,AGA,TCT
X60050.1,27,29,37,39,3,AGA,TCT
X60050.1,305,308,339,342,4,ATAA,TTAT
X60050.1,15,18,339,342,4,ATAA,TTAT
X60050.1,305,307,393,395,3,ATA,TAT
X60050.1,15,17,39,41,3,ATA,TAT
X60050.1,15,17,393,395,3,ATA,TAT
X60050.1,279,281,333,335,3,ATA,TAT
X60050.1,116,118,333,335,3,ATA,TAT
X60050.1,30,32,333,335,3,ATA,TAT
X60050.1,79,81,333,335,3,ATA,TAT
X60050.1,116,118,268,270,3,ATA,TAT
X60050.1,30,32,268,270,3,ATA,TAT
X60050.1,79,81,268,270,3,ATA,TAT
X60050.1,305,307,333,335,3,ATA,TAT
X60050.1,15,17,333,335,3,ATA,TAT
X60050.1,15,17,268,270,3,ATA,TAT
X60050.1,142,144,333,335,3,ATA,TAT
X60050.1,142,144,268,270,3,ATA,TAT
X60050.1,15,17,143,145,3,ATA,TAT
X60050.1,13,15,39,41,3,ATA,TAT
X60050.1,13,15,393,395,3,ATA,TAT
X60050.1,13,15,340,342,3,ATA,TAT
X60050.1,13,15,333,335,3,ATA,TAT
X60050.1,13,15,268,270,3,ATA,TAT
X60050.1,71,73,304,306,3,ATG,CAT
X60050.1,112,114,304,306,3,ATG,CAT
X60050.1,248,250,304,306,3,ATG,CAT
X60050.1,208,210,304,306,3,ATG,CAT
X60050.1,208,210,408,410,3,ATG,CAT
X60050.1,71,73,408,410,3,ATG,CAT
X60050.1,112,114,408,410,3,ATG,CAT
X60050.1,176,178,408,410,3,ATG,CAT
X60050.1,242,244,408,410,3,ATG,CAT
X60050.1,248,250,408,410,3,ATG,CAT
X60050.1,71,73,104,106,3,ATG,CAT
X60050.1,88,92,139,143,5,ATTTC,GAAAT
X60050.1,144,147,163,166,4,ATTT,AAAT
X60050.1,88,91,206,209,4,ATTT,AAAT
X60050.1,144,147,206,209,4,ATTT,AAAT
X60050.1,55,58,163,166,4,ATTT,AAAT
X60050.1,55,58,86,89,4,ATTT,AAAT
X60050.1,55,58,140,143,4,ATTT,AAAT
X60050.1,6,8,111,113,3,ATT,AAT
X60050.1,6,8,115,117,3,ATT,AAT
X60050.1,6,8,29,31,3,ATT,AAT
X60050.1,40,42,70,72,3,ATT,AAT
X60050.1,6,8,278,280,3,ATT,AAT
X60050.1,6,8,78,80,3,ATT,AAT
X60050.1,88,90,111,113,3,ATT,AAT
X60050.1,88,90,278,280,3,ATT,AAT
X60050.1,88,90,115,117,3,ATT,AAT
X60050.1,40,42,87,89,3,ATT,AAT
X60050.1,40,42,164,166,3,ATT,AAT
X60050.1,165,167,207,209,3,ATT,AAT
X60050.1,6,8,207,209,3,ATT,AAT
X60050.1,55,57,278,280,3,ATT,AAT
X60050.1,55,57,78,80,3,ATT,AAT
X60050.1,55,57,115,117,3,ATT,AAT
X60050.1,40,42,207,209,3,ATT,AAT
X60050.1,6,8,141,143,3,ATT,AAT
X60050.1,179,182,342,345,4,CAAA,TTTG
X60050.1,155,158,342,345,4,CAAA,TTTG
X60050.1,291,294,342,345,4,CAAA,TTTG
X60050.1,155,158,395,398,4,CAAA,TTTG
X60050.1,291,294,395,398,4,CAAA,TTTG
X60050.1,127,130,395,398,4,CAAA,TTTG
X60050.1,282,284,396,398,3,CAA,TTG
X60050.1,179,181,324,326,3,CAA,TTG
X60050.1,95,97,396,398,3,CAA,TTG
X60050.1,264,266,396,398,3,CAA,TTG
X60050.1,155,157,324,326,3,CAA,TTG
X60050.1,291,293,324,326,3,CAA,TTG
X60050.1,124,126,343,345,3,CAA,TTG
X60050.1,124,126,396,398,3,CAA,TTG
X60050.1,127,129,365,367,3,CAA,TTG
X60050.1,179,181,365,367,3,CAA,TTG
X60050.1,285,287,396,398,3,CAA,TTG
X60050.1,222,224,396,398,3,CAA,TTG
X60050.1,285,287,365,367,3,CAA,TTG
X60050.1,222,224,365,367,3,CAA,TTG
X60050.1,99,101,324,326,3,CAA,TTG
X60050.1,99,101,343,345,3,CAA,TTG
X60050.1,99,101,396,398,3,CAA,TTG
X60050.1,99,101,365,367,3,CAA,TTG
X60050.1,231,233,324,326,3,CAA,TTG
X60050.1,231,233,343,345,3,CAA,TTG
X60050.1,231,233,365,367,3,CAA,TTG
X60050.1,217,219,324,326,3,CAA,TTG
X60050.1,217,219,343,345,3,CAA,TTG
X60050.1,271,273,324,326,3,CAA,TTG
X60050.1,271,273,343,345,3,CAA,TTG
X60050.1,217,219,396,398,3,CAA,TTG
X60050.1,271,273,396,398,3,CAA,TTG
X60050.1,77,79,324,326,3,CAA,TTG
X60050.1,77,79,343,345,3,CAA,TTG
X60050.1,77,79,396,398,3,CAA,TTG
X60050.1,77,79,365,367,3,CAA,TTG
X60050.1,277,279,324,326,3,CAA,TTG
X60050.1,277,279,343,345,3,CAA,TTG
X60050.1,95,97,166,168,3,CAA,TTG
X60050.1,127,129,166,168,3,CAA,TTG
X60050.1,99,101,166,168,3,CAA,TTG
X60050.1,124,126,166,168,3,CAA,TTG
X60050.1,277,279,365,367,3,CAA,TTG
X60050.1,155,157,166,168,3,CAA,TTG
X60050.1,262,264,371,373,3,CAC,GTG
X60050.1,104,106,409,411,3,CAT,ATG
X60050.1,104,106,208,210,3,CAT,ATG
X60050.1,54,56,176,178,3,CAT,ATG
X60050.1,54,56,242,244,3,CAT,ATG
X60050.1,54,56,409,411,3,CAT,ATG
X60050.1,54,56,248,250,3,CAT,ATG
X60050.1,104,106,112,114,3,CAT,ATG
X60050.1,304,306,409,411,3,CAT,ATG
X60050.1,123,125,372,374,3,CCA,TGG
X60050.1,98,100,372,374,3,CCA,TGG
X60050.1,76,78,372,374,3,CCA,TGG
X60050.1,348,350,372,374,3,CCA,TGG
X60050.1,123,125,209,211,3,CCA,TGG
X60050.1,98,100,209,211,3,CCA,TGG
X60050.1,76,78,209,211,3,CCA,TGG
X60050.1,53,55,372,374,3,CCA,TGG
X60050.1,107,109,209,211,3,CCA,TGG
X60050.1,239,241,299,301,3,CCG,CGG
X60050.1,239,241,352,354,3,CCG,CGG
X60050.1,138,140,335,337,3,CGA,TCG
X60050.1,228,230,239,241,3,CGG,CCG
X60050.1,236,239,379,382,4,CTAC,GTAG
X60050.1,92,95,184,187,4,CTAC,GTAG
X60050.1,329,332,379,382,4,CTAC,GTAG
X60050.1,236,239,315,318,4,CTAC,GTAG
X60050.1,92,95,315,318,4,CTAC,GTAG
X60050.1,1,3,185,187,3,CTA,TAC
X60050.1,1,3,316,318,3,CTA,TAC
X60050.1,1,3,2,4,3,CTA,TAC
X60050.1,1,3,380,382,3,CTA,TAC
X60050.1,92,94,213,215,3,CTA,TAG
X60050.1,212,214,380,382,3,CTA,TAG
X60050.1,43,45,185,187,3,CTA,TAG
X60050.1,43,45,316,318,3,CTA,TAG
X60050.1,267,269,316,318,3,CTA,TAG
X60050.1,267,269,380,382,3,CTA,TAG
X60050.1,332,334,380,382,3,CTA,TAG
X60050.1,11,13,44,46,3,CTA,TAG
X60050.1,11,13,213,215,3,CTA,TAG
X60050.1,11,13,185,187,3,CTA,TAG
X60050.1,38,40,44,46,3,CTA,TAG
X60050.1,38,40,213,215,3,CTA,TAG
X60050.1,38,40,185,187,3,CTA,TAG
X60050.1,11,13,316,318,3,CTA,TAG
X60050.1,38,40,316,318,3,CTA,TAG
X60050.1,1,3,361,363,3,CTA,TAC
X60050.1,267,269,361,363,3,CTA,TAG
X60050.1,332,334,361,363,3,CTA,TAG
X60050.1,236,238,361,363,3,CTA,TAG
X60050.1,212,214,361,363,3,CTA,TAG
X60050.1,11,13,361,363,3,CTA,TAG
X60050.1,38,40,361,363,3,CTA,TAG
X60050.1,43,45,361,363,3,CTA,TAG
X60050.1,92,94,361,363,3,CTA,TAG
X60050.1,153,157,365,369,5,CTCAA,TTGAG
X60050.1,289,293,365,369,5,CTCAA,TTGAG
X60050.1,36,38,367,369,3,CTC,GAG
X60050.1,36,38,135,137,3,CTC,GAG
X60050.1,355,357,367,369,3,CTC,GAG
X60050.1,319,321,367,369,3,CTC,GAG
X60050.1,49,51,313,315,3,CTC,GAG
X60050.1,153,155,313,315,3,CTC,GAG
X60050.1,289,291,313,315,3,CTC,GAG
X60050.1,49,51,189,191,3,CTC,GAG
X60050.1,49,51,367,369,3,CTC,GAG
X60050.1,49,51,150,152,3,CTC,GAG
X60050.1,49,51,274,276,3,CTC,GAG
X60050.1,49,51,135,137,3,CTC,GAG
X60050.1,139,148,139,148,10,GAAATATTTC,GAAATATTTC
X60050.1,85,89,144,148,5,GAAAT,ATTTC
X60050.1,121,123,326,328,3,GAC,GTC
X60050.1,193,195,326,328,3,GAC,GTC
X60050.1,234,236,326,328,3,GAC,GTC
X60050.1,121,123,215,217,3,GAC,GTC
X60050.1,102,104,215,217,3,GAC,GTC
X60050.1,64,66,326,328,3,GAC,GTC
X60050.1,150,153,417,420,4,GAGC,GCTC
X60050.1,135,138,318,321,4,GAGC,GCTC
X60050.1,274,277,417,420,4,GAGC,GCTC
X60050.1,274,277,288,291,4,GAGC,GCTC
X60050.1,135,138,354,357,4,GAGC,GCTC
X60050.1,313,315,418,420,3,GAG,CTC
X60050.1,313,315,355,357,3,GAG,CTC
X60050.1,313,315,319,321,3,GAG,CTC
X60050.1,189,191,418,420,3,GAG,CTC
X60050.1,189,191,355,357,3,GAG,CTC
X60050.1,189,191,319,321,3,GAG,CTC
X60050.1,367,369,418,420,3,GAG,CTC
X60050.1,152,155,274,277,4,GCTC,GAGC
X60050.1,20,22,390,392,3,GGT,ACC
X60050.1,183,185,412,414,3,GGT,ACC
X60050.1,20,22,412,414,3,GGT,ACC
X60050.1,20,22,122,124,3,GGT,ACC
X60050.1,363,365,412,414,3,GGT,ACC
X60050.1,20,22,75,77,3,GGT,ACC
X60050.1,20,22,97,99,3,GGT,ACC
X60050.1,370,372,390,392,3,GGT,ACC
X60050.1,370,372,412,414,3,GGT,ACC
X60050.1,184,187,329,332,4,GTAG,CTAC
X60050.1,215,217,226,228,3,GTC,GAC
X60050.1,326,328,411,413,3,GTC,GAC
X60050.1,215,217,389,391,3,GTC,GAC
X60050.1,326,328,389,391,3,GTC,GAC
X60050.1,215,217,220,222,3,GTC,GAC
X60050.1,254,256,414,416,3,GTG,CAC
X60050.1,191,193,414,416,3,GTG,CAC
X60050.1,133,135,414,416,3,GTG,CAC
X60050.1,187,189,414,416,3,GTG,CAC
X60050.1,377,379,414,416,3,GTG,CAC
X60050.1,254,256,262,264,3,GTG,CAC
X60050.1,191,193,262,264,3,GTG,CAC
X60050.1,133,135,262,264,3,GTG,CAC
X60050.1,187,189,262,264,3,GTG,CAC
X60050.1,345,347,414,416,3,GTG,CAC
X60050.1,31,35,198,202,5,TAAAA,TTTTA
X60050.1,22,26,198,202,5,TAAAA,TTTTA
X60050.1,2,6,90,94,5,TAGAA,TTCTA
X60050.1,213,216,266,269,4,TAGT,ACTA
X60050.1,44,47,235,238,4,TAGT,ACTA
X60050.1,185,188,331,334,4,TAGT,ACTA
X60050.1,44,47,331,334,4,TAGT,ACTA
X60050.1,213,216,331,334,4,TAGT,ACTA
X60050.1,185,188,266,269,4,TAGT,ACTA
X60050.1,2,4,392,394,3,TAG,CTA
X60050.1,316,318,392,394,3,TAG,CTA
X60050.1,380,382,392,394,3,TAG,CTA
X60050.1,2,4,329,331,3,TAG,CTA
X60050.1,2,4,332,334,3,TAG,CTA
X60050.1,2,4,267,269,3,TAG,CTA
X60050.1,316,318,332,334,3,TAG,CTA
X60050.1,213,215,392,394,3,TAG,CTA
X60050.1,44,46,392,394,3,TAG,CTA
X60050.1,213,215,329,331,3,TAG,CTA
X60050.1,44,46,329,331,3,TAG,CTA
X60050.1,44,46,92,94,3,TAG,CTA
X60050.1,185,187,392,394,3,TAG,CTA
X60050.1,2,4,236,238,3,TAG,CTA
X60050.1,185,187,212,214,3,TAG,CTA
X60050.1,39,42,278,281,4,TATT,AATA
X60050.1,39,42,78,81,4,TATT,AATA
X60050.1,39,42,141,144,4,TATT,AATA
X60050.1,143,146,278,281,4,TATT,AATA
X60050.1,14,16,405,407,3,TAT,ATA
X60050.1,12,14,405,407,3,TAT,ATA
X60050.1,8,10,13,15,3,TAT,ATA
X60050.1,12,14,142,144,3,TAT,ATA
X60050.1,143,145,405,407,3,TAT,ATA
X60050.1,8,10,142,144,3,TAT,ATA
X60050.1,39,41,405,407,3,TAT,ATA
X60050.1,393,395,405,407,3,TAT,ATA
X60050.1,14,16,116,118,3,TAT,ATA
X60050.1,14,16,279,281,3,TAT,ATA
X60050.1,12,14,116,118,3,TAT,ATA
X60050.1,268,270,279,281,3,TAT,ATA
X60050.1,12,14,279,281,3,TAT,ATA
X60050.1,8,10,116,118,3,TAT,ATA
X60050.1,8,10,279,281,3,TAT,ATA
X60050.1,14,16,30,32,3,TAT,ATA
X60050.1,14,16,79,81,3,TAT,ATA
X60050.1,12,14,30,32,3,TAT,ATA
X60050.1,12,14,79,81,3,TAT,ATA
X60050.1,340,342,405,407,3,TAT,ATA
X60050.1,143,145,305,307,3,TAT,ATA
X60050.1,14,16,305,307,3,TAT,ATA
X60050.1,39,41,305,307,3,TAT,ATA
X60050.1,268,270,305,307,3,TAT,ATA
X60050.1,12,14,305,307,3,TAT,ATA
X60050.1,50,52,336,338,3,TCG,CGA
X60050.1,50,52,240,242,3,TCG,CGA
X60050.1,10,12,149,151,3,TCT,AGA
X60050.1,91,93,149,151,3,TCT,AGA
X60050.1,42,44,149,151,3,TCT,AGA
X60050.1,356,358,381,383,3,TCT,AGA
X60050.1,320,322,381,383,3,TCT,AGA
X60050.1,10,12,388,390,3,TCT,AGA
X60050.1,10,12,120,122,3,TCT,AGA
X60050.1,37,39,388,390,3,TCT,AGA
X60050.1,37,39,120,122,3,TCT,AGA
X60050.1,91,93,388,390,3,TCT,AGA
X60050.1,42,44,388,390,3,TCT,AGA
X60050.1,91,93,120,122,3,TCT,AGA
X60050.1,42,44,120,122,3,TCT,AGA
X60050.1,10,12,109,111,3,TCT,AGA
X60050.1,37,39,109,111,3,TCT,AGA
X60050.1,10,12,273,275,3,TCT,AGA
X60050.1,91,93,273,275,3,TCT,AGA
X60050.1,42,44,273,275,3,TCT,AGA
X60050.1,10,12,219,221,3,TCT,AGA
X60050.1,10,12,233,235,3,TCT,AGA
X60050.1,10,12,101,103,3,TCT,AGA
X60050.1,37,39,219,221,3,TCT,AGA
X60050.1,37,39,233,235,3,TCT,AGA
X60050.1,37,39,101,103,3,TCT,AGA
X60050.1,91,93,219,221,3,TCT,AGA
X60050.1,42,44,219,221,3,TCT,AGA
X60050.1,91,93,233,235,3,TCT,AGA
X60050.1,42,44,233,235,3,TCT,AGA
X60050.1,91,93,101,103,3,TCT,AGA
X60050.1,42,44,101,103,3,TCT,AGA
X60050.1,10,12,203,205,3,TCT,AGA
X60050.1,10,12,308,310,3,TCT,AGA
X60050.1,10,12,84,86,3,TCT,AGA
X60050.1,10,12,27,29,3,TCT,AGA
X60050.1,37,39,203,205,3,TCT,AGA
X60050.1,37,39,308,310,3,TCT,AGA
X60050.1,37,39,84,86,3,TCT,AGA
X60050.1,48,50,273,275,3,TCT,AGA
X60050.1,48,50,149,151,3,TCT,AGA
X60050.1,48,50,219,221,3,TCT,AGA
X60050.1,48,50,233,235,3,TCT,AGA
X60050.1,48,50,101,103,3,TCT,AGA
X60050.1,48,50,388,390,3,TCT,AGA
X60050.1,48,50,120,122,3,TCT,AGA
X60050.1,134,138,152,156,5,TGAGC,GCTCA
X60050.1,134,138,288,292,5,TGAGC,GCTCA
X60050.1,372,374,399,401,3,TGG,CCA
X60050.1,209,211,413,415,3,TGG,CCA
X60050.1,7,10,305,308,4,TTAT,ATAA
X60050.1,7,10,15,18,4,TTAT,ATAA
X60050.1,7,10,30,33,4,TTAT,ATAA
X60050.1,7,10,79,82,4,TTAT,ATAA
X60050.1,41,45,380,384,5,TTCTA,TAGAA
X60050.1,41,44,308,311,4,TTCT,AGAA
X60050.1,90,93,308,311,4,TTCT,AGAA
X60050.1,41,44,203,206,4,TTCT,AGAA
X60050.1,41,44,84,87,4,TTCT,AGAA
X60050.1,47,50,109,112,4,TTCT,AGAA
X60050.1,90,93,109,112,4,TTCT,AGAA
X60050.1,47,50,308,311,4,TTCT,AGAA
X60050.1,47,50,203,206,4,TTCT,AGAA
X60050.1,47,50,84,87,4,TTCT,AGAA
X60050.1,47,50,381,384,4,TTCT,AGAA
X60050.1,166,168,217,219,3,TTG,CAA
X60050.1,166,168,271,273,3,TTG,CAA
X60050.1,62,64,277,279,3,TTG,CAA
X60050.1,166,168,291,293,3,TTG,CAA
X60050.1,62,64,179,181,3,TTG,CAA
X60050.1,62,64,77,79,3,TTG,CAA
X60050.1,62,64,124,126,3,TTG,CAA
X60050.1,166,168,222,224,3,TTG,CAA
X60050.1,166,168,285,287,3,TTG,CAA
X60050.1,166,168,282,284,3,TTG,CAA
X60050.1,166,168,264,266,3,TTG,CAA
X60050.1,62,64,95,97,3,TTG,CAA
X60050.1,62,64,282,284,3,TTG,CAA
X60050.1,62,64,264,266,3,TTG,CAA
X60050.1,62,64,127,129,3,TTG,CAA
X60050.1,145,149,249,253,5,TTTCA,TGAAA
X60050.1,145,149,255,259,5,TTTCA,TGAAA
X60050.1,89,92,250,253,4,TTTC,GAAA
X60050.1,89,92,256,259,4,TTTC,GAAA
X60050.1,145,148,382,385,4,TTTC,GAAA
X60050.1,145,148,204,207,4,TTTC,GAAA
X60050.1,89,92,160,163,4,TTTC,GAAA
X60050.1,145,148,160,163,4,TTTC,GAAA

Total for length 3 is 418.
Total for length 4 is 80.
Total for length 5 is 26.
Total for length 10 is 2.

