Input file is sequence5.fasta.
Minimal fragment length is 3.
Working with probability estimation.
P value is : 0.050000.
Printing all instances.
Looking for inverse non-complementary repeats.
X60050.1 Alphabet size is 4.
Input sequence has 0 letters that are not in expected alphabet.
X60050.1,23,28,256,261,6,AAAAAG,GAAAAA
X60050.1,128,133,160,165,6,AAAAAG,GAAAAA
X60050.1,257,261,257,261,5,AAAAA,AAAAA
X60050.1,128,132,128,132,5,AAAAA,AAAAA
X60050.1,23,27,128,132,5,AAAAA,AAAAA
X60050.1,161,165,257,261,5,AAAAA,AAAAA
X60050.1,23,27,23,27,5,AAAAA,AAAAA
X60050.1,161,165,161,165,5,AAAAA,AAAAA
X60050.1,24,31,201,208,8,AAAAGAAT,TAAGAAAA
X60050.1,81,85,256,260,5,AAAAG,GAAAA
X60050.1,129,133,204,208,5,AAAAG,GAAAA
X60050.1,81,85,160,164,5,AAAAG,GAAAA
X60050.1,128,131,128,131,4,AAAA,AAAA
X60050.1,258,261,258,261,4,AAAA,AAAA
X60050.1,23,26,128,131,4,AAAA,AAAA
X60050.1,32,35,258,261,4,AAAA,AAAA
X60050.1,32,35,129,132,4,AAAA,AAAA
X60050.1,24,27,258,261,4,AAAA,AAAA
X60050.1,128,131,161,164,4,AAAA,AAAA
X60050.1,128,131,257,260,4,AAAA,AAAA
X60050.1,129,132,258,261,4,AAAA,AAAA
X60050.1,24,27,129,132,4,AAAA,AAAA
X60050.1,24,27,24,27,4,AAAA,AAAA
X60050.1,161,164,161,164,4,AAAA,AAAA
X60050.1,257,260,257,260,4,AAAA,AAAA
X60050.1,161,164,257,260,4,AAAA,AAAA
X60050.1,129,132,129,132,4,AAAA,AAAA
X60050.1,24,27,162,165,4,AAAA,AAAA
X60050.1,32,35,161,164,4,AAAA,AAAA
X60050.1,23,26,161,164,4,AAAA,AAAA
X60050.1,32,35,257,260,4,AAAA,AAAA
X60050.1,23,26,257,260,4,AAAA,AAAA
X60050.1,129,132,162,165,4,AAAA,AAAA
X60050.1,81,84,128,131,4,AAAA,AAAA
X60050.1,81,84,258,261,4,AAAA,AAAA
X60050.1,128,131,205,208,4,AAAA,AAAA
X60050.1,81,84,129,132,4,AAAA,AAAA
X60050.1,161,164,205,208,4,AAAA,AAAA
X60050.1,162,165,258,261,4,AAAA,AAAA
X60050.1,23,26,23,26,4,AAAA,AAAA
X60050.1,162,165,205,208,4,AAAA,AAAA
X60050.1,162,165,162,165,4,AAAA,AAAA
X60050.1,24,27,32,35,4,AAAA,AAAA
X60050.1,32,35,32,35,4,AAAA,AAAA
X60050.1,23,26,32,35,4,AAAA,AAAA
X60050.1,24,27,81,84,4,AAAA,AAAA
X60050.1,205,208,257,260,4,AAAA,AAAA
X60050.1,205,208,258,261,4,AAAA,AAAA
X60050.1,81,84,81,84,4,AAAA,AAAA
X60050.1,32,35,81,84,4,AAAA,AAAA
X60050.1,23,26,81,84,4,AAAA,AAAA
X60050.1,205,208,205,208,4,AAAA,AAAA
X60050.1,33,38,289,294,6,AAACTC,CTCAAA
X60050.1,33,38,153,158,6,AAACTC,CTCAAA
X60050.1,156,163,156,163,8,AAAGGAAA,AAAGGAAA
X60050.1,251,259,251,259,9,AAAGTGAAA,AAAGTGAAA
X60050.1,82,85,139,142,4,AAAG,GAAA
X60050.1,25,28,139,142,4,AAAG,GAAA
X60050.1,156,159,204,207,4,AAAG,GAAA
X60050.1,180,183,204,207,4,AAAG,GAAA
X60050.1,156,159,382,385,4,AAAG,GAAA
X60050.1,292,295,382,385,4,AAAG,GAAA
X60050.1,180,183,382,385,4,AAAG,GAAA
X60050.1,156,159,256,259,4,AAAG,GAAA
X60050.1,180,183,256,259,4,AAAG,GAAA
X60050.1,130,133,382,385,4,AAAG,GAAA
X60050.1,130,133,139,142,4,AAAG,GAAA
X60050.1,82,85,250,253,4,AAAG,GAAA
X60050.1,25,28,250,253,4,AAAG,GAAA
X60050.1,156,159,250,253,4,AAAG,GAAA
X60050.1,180,183,250,253,4,AAAG,GAAA
X60050.1,128,130,128,130,3,AAA,AAA
X60050.1,259,261,259,261,3,AAA,AAA
X60050.1,33,35,259,261,3,AAA,AAA
X60050.1,33,35,33,35,3,AAA,AAA
X60050.1,33,35,130,132,3,AAA,AAA
X60050.1,33,35,82,84,3,AAA,AAA
X60050.1,23,25,128,130,3,AAA,AAA
X60050.1,32,34,128,130,3,AAA,AAA
X60050.1,81,83,128,130,3,AAA,AAA
X60050.1,33,35,163,165,3,AAA,AAA
X60050.1,33,35,206,208,3,AAA,AAA
X60050.1,24,26,180,182,3,AAA,AAA
X60050.1,129,131,180,182,3,AAA,AAA
X60050.1,162,164,180,182,3,AAA,AAA
X60050.1,258,260,292,294,3,AAA,AAA
X60050.1,24,26,292,294,3,AAA,AAA
X60050.1,129,131,292,294,3,AAA,AAA
X60050.1,162,164,292,294,3,AAA,AAA
X60050.1,24,26,156,158,3,AAA,AAA
X60050.1,129,131,156,158,3,AAA,AAA
X60050.1,128,130,180,182,3,AAA,AAA
X60050.1,128,130,292,294,3,AAA,AAA
X60050.1,128,130,156,158,3,AAA,AAA
X60050.1,23,25,180,182,3,AAA,AAA
X60050.1,32,34,180,182,3,AAA,AAA
X60050.1,81,83,180,182,3,AAA,AAA
X60050.1,23,25,292,294,3,AAA,AAA
X60050.1,32,34,292,294,3,AAA,AAA
X60050.1,81,83,292,294,3,AAA,AAA
X60050.1,23,25,156,158,3,AAA,AAA
X60050.1,32,34,156,158,3,AAA,AAA
X60050.1,81,83,156,158,3,AAA,AAA
X60050.1,82,84,259,261,3,AAA,AAA
X60050.1,25,27,259,261,3,AAA,AAA
X60050.1,25,27,33,35,3,AAA,AAA
X60050.1,128,130,205,207,3,AAA,AAA
X60050.1,128,130,161,163,3,AAA,AAA
X60050.1,128,130,257,259,3,AAA,AAA
X60050.1,130,132,259,261,3,AAA,AAA
X60050.1,82,84,180,182,3,AAA,AAA
X60050.1,82,84,292,294,3,AAA,AAA
X60050.1,82,84,156,158,3,AAA,AAA
X60050.1,82,84,130,132,3,AAA,AAA
X60050.1,82,84,82,84,3,AAA,AAA
X60050.1,25,27,180,182,3,AAA,AAA
X60050.1,25,27,292,294,3,AAA,AAA
X60050.1,25,27,156,158,3,AAA,AAA
X60050.1,25,27,130,132,3,AAA,AAA
X60050.1,25,27,25,27,3,AAA,AAA
X60050.1,25,27,82,84,3,AAA,AAA
X60050.1,161,163,205,207,3,AAA,AAA
X60050.1,205,207,205,207,3,AAA,AAA
X60050.1,161,163,161,163,3,AAA,AAA
X60050.1,257,259,257,259,3,AAA,AAA
X60050.1,161,163,257,259,3,AAA,AAA
X60050.1,205,207,257,259,3,AAA,AAA
X60050.1,130,132,180,182,3,AAA,AAA
X60050.1,130,132,292,294,3,AAA,AAA
X60050.1,130,132,156,158,3,AAA,AAA
X60050.1,130,132,130,132,3,AAA,AAA
X60050.1,82,84,163,165,3,AAA,AAA
X60050.1,82,84,206,208,3,AAA,AAA
X60050.1,25,27,163,165,3,AAA,AAA
X60050.1,25,27,206,208,3,AAA,AAA
X60050.1,23,25,205,207,3,AAA,AAA
X60050.1,32,34,205,207,3,AAA,AAA
X60050.1,81,83,205,207,3,AAA,AAA
X60050.1,23,25,161,163,3,AAA,AAA
X60050.1,32,34,161,163,3,AAA,AAA
X60050.1,81,83,161,163,3,AAA,AAA
X60050.1,23,25,257,259,3,AAA,AAA
X60050.1,32,34,257,259,3,AAA,AAA
X60050.1,81,83,257,259,3,AAA,AAA
X60050.1,130,132,163,165,3,AAA,AAA
X60050.1,130,132,206,208,3,AAA,AAA
X60050.1,156,158,162,164,3,AAA,AAA
X60050.1,156,158,258,260,3,AAA,AAA
X60050.1,180,182,258,260,3,AAA,AAA
X60050.1,156,158,180,182,3,AAA,AAA
X60050.1,156,158,292,294,3,AAA,AAA
X60050.1,156,158,156,158,3,AAA,AAA
X60050.1,292,294,292,294,3,AAA,AAA
X60050.1,180,182,180,182,3,AAA,AAA
X60050.1,180,182,292,294,3,AAA,AAA
X60050.1,156,158,163,165,3,AAA,AAA
X60050.1,156,158,206,208,3,AAA,AAA
X60050.1,180,182,206,208,3,AAA,AAA
X60050.1,259,261,383,385,3,AAA,AAA
X60050.1,33,35,383,385,3,AAA,AAA
X60050.1,258,260,383,385,3,AAA,AAA
X60050.1,24,26,383,385,3,AAA,AAA
X60050.1,129,131,383,385,3,AAA,AAA
X60050.1,162,164,383,385,3,AAA,AAA
X60050.1,33,35,251,253,3,AAA,AAA
X60050.1,24,26,251,253,3,AAA,AAA
X60050.1,129,131,251,253,3,AAA,AAA
X60050.1,162,164,251,253,3,AAA,AAA
X60050.1,251,253,258,260,3,AAA,AAA
X60050.1,128,130,383,385,3,AAA,AAA
X60050.1,128,130,251,253,3,AAA,AAA
X60050.1,251,253,259,261,3,AAA,AAA
X60050.1,23,25,383,385,3,AAA,AAA
X60050.1,32,34,383,385,3,AAA,AAA
X60050.1,81,83,383,385,3,AAA,AAA
X60050.1,23,25,251,253,3,AAA,AAA
X60050.1,32,34,251,253,3,AAA,AAA
X60050.1,81,83,251,253,3,AAA,AAA
X60050.1,33,35,86,88,3,AAA,AAA
X60050.1,24,26,86,88,3,AAA,AAA
X60050.1,33,35,140,142,3,AAA,AAA
X60050.1,24,26,140,142,3,AAA,AAA
X60050.1,129,131,140,142,3,AAA,AAA
X60050.1,128,130,140,142,3,AAA,AAA
X60050.1,206,208,259,261,3,AAA,AAA
X60050.1,163,165,259,261,3,AAA,AAA
X60050.1,206,208,383,385,3,AAA,AAA
X60050.1,206,208,251,253,3,AAA,AAA
X60050.1,206,208,292,294,3,AAA,AAA
X60050.1,163,165,383,385,3,AAA,AAA
X60050.1,163,165,251,253,3,AAA,AAA
X60050.1,163,165,180,182,3,AAA,AAA
X60050.1,163,165,292,294,3,AAA,AAA
X60050.1,23,25,81,83,3,AAA,AAA
X60050.1,32,34,81,83,3,AAA,AAA
X60050.1,81,83,81,83,3,AAA,AAA
X60050.1,23,25,32,34,3,AAA,AAA
X60050.1,32,34,32,34,3,AAA,AAA
X60050.1,23,25,23,25,3,AAA,AAA
X60050.1,206,208,206,208,3,AAA,AAA
X60050.1,163,165,163,165,3,AAA,AAA
X60050.1,163,165,206,208,3,AAA,AAA
X60050.1,140,142,205,207,3,AAA,AAA
X60050.1,140,142,161,163,3,AAA,AAA
X60050.1,140,142,257,259,3,AAA,AAA
X60050.1,140,142,162,164,3,AAA,AAA
X60050.1,140,142,258,260,3,AAA,AAA
X60050.1,86,88,205,207,3,AAA,AAA
X60050.1,86,88,161,163,3,AAA,AAA
X60050.1,86,88,257,259,3,AAA,AAA
X60050.1,86,88,128,130,3,AAA,AAA
X60050.1,86,88,129,131,3,AAA,AAA
X60050.1,86,88,162,164,3,AAA,AAA
X60050.1,86,88,258,260,3,AAA,AAA
X60050.1,140,142,259,261,3,AAA,AAA
X60050.1,86,88,259,261,3,AAA,AAA
X60050.1,140,142,140,142,3,AAA,AAA
X60050.1,140,142,163,165,3,AAA,AAA
X60050.1,140,142,206,208,3,AAA,AAA
X60050.1,86,88,86,88,3,AAA,AAA
X60050.1,86,88,140,142,3,AAA,AAA
X60050.1,86,88,163,165,3,AAA,AAA
X60050.1,86,88,206,208,3,AAA,AAA
X60050.1,125,129,125,129,5,AACAA,AACAA
X60050.1,125,129,283,287,5,AACAA,AACAA
X60050.1,283,287,283,287,5,AACAA,AACAA
X60050.1,96,101,96,101,6,AACCAA,AACCAA
X60050.1,74,79,74,79,6,AACCAA,AACCAA
X60050.1,265,273,265,273,9,AACTATCAA,AACTATCAA
X60050.1,96,98,127,129,3,AAC,CAA
X60050.1,96,98,285,287,3,AAC,CAA
X60050.1,96,98,222,224,3,AAC,CAA
X60050.1,74,76,127,129,3,AAC,CAA
X60050.1,74,76,264,266,3,AAC,CAA
X60050.1,74,76,282,284,3,AAC,CAA
X60050.1,74,76,95,97,3,AAC,CAA
X60050.1,96,98,179,181,3,AAC,CAA
X60050.1,125,127,179,181,3,AAC,CAA
X60050.1,74,76,179,181,3,AAC,CAA
X60050.1,96,98,231,233,3,AAC,CAA
X60050.1,125,127,231,233,3,AAC,CAA
X60050.1,260,262,277,279,3,AAC,CAA
X60050.1,17,19,127,129,3,AAC,CAA
X60050.1,96,98,277,279,3,AAC,CAA
X60050.1,125,127,277,279,3,AAC,CAA
X60050.1,17,19,124,126,3,AAC,CAA
X60050.1,17,19,264,266,3,AAC,CAA
X60050.1,17,19,282,284,3,AAC,CAA
X60050.1,17,19,95,97,3,AAC,CAA
X60050.1,74,76,277,279,3,AAC,CAA
X60050.1,17,19,99,101,3,AAC,CAA
X60050.1,17,19,285,287,3,AAC,CAA
X60050.1,17,19,222,224,3,AAC,CAA
X60050.1,96,98,291,293,3,AAC,CAA
X60050.1,125,127,291,293,3,AAC,CAA
X60050.1,283,285,291,293,3,AAC,CAA
X60050.1,96,98,155,157,3,AAC,CAA
X60050.1,125,127,155,157,3,AAC,CAA
X60050.1,34,36,124,126,3,AAC,CAA
X60050.1,34,36,264,266,3,AAC,CAA
X60050.1,34,36,282,284,3,AAC,CAA
X60050.1,34,36,95,97,3,AAC,CAA
X60050.1,74,76,291,293,3,AAC,CAA
X60050.1,74,76,155,157,3,AAC,CAA
X60050.1,34,36,231,233,3,AAC,CAA
X60050.1,34,36,99,101,3,AAC,CAA
X60050.1,34,36,285,287,3,AAC,CAA
X60050.1,34,36,222,224,3,AAC,CAA
X60050.1,17,19,291,293,3,AAC,CAA
X60050.1,17,19,155,157,3,AAC,CAA
X60050.1,34,36,277,279,3,AAC,CAA
X60050.1,34,36,77,79,3,AAC,CAA
X60050.1,265,267,285,287,3,AAC,CAA
X60050.1,265,267,277,279,3,AAC,CAA
X60050.1,260,262,271,273,3,AAC,CAA
X60050.1,96,98,271,273,3,AAC,CAA
X60050.1,125,127,271,273,3,AAC,CAA
X60050.1,96,98,217,219,3,AAC,CAA
X60050.1,125,127,217,219,3,AAC,CAA
X60050.1,17,19,271,273,3,AAC,CAA
X60050.1,17,19,217,219,3,AAC,CAA
X60050.1,26,30,26,30,5,AAGAA,AAGAA
X60050.1,202,206,202,206,5,AAGAA,AAGAA
X60050.1,83,87,307,311,5,AAGAA,AAGAA
X60050.1,202,206,307,311,5,AAGAA,AAGAA
X60050.1,307,311,307,311,5,AAGAA,AAGAA
X60050.1,100,104,108,112,5,AAGAC,CAGAA
X60050.1,100,103,203,206,4,AAGA,AGAA
X60050.1,218,221,308,311,4,AAGA,AGAA
X60050.1,100,103,308,311,4,AAGA,AGAA
X60050.1,232,235,308,311,4,AAGA,AGAA
X60050.1,83,86,109,112,4,AAGA,AGAA
X60050.1,26,29,109,112,4,AAGA,AGAA
X60050.1,218,221,381,384,4,AAGA,AGAA
X60050.1,100,103,381,384,4,AAGA,AGAA
X60050.1,232,235,381,384,4,AAGA,AGAA
X60050.1,202,205,381,384,4,AAGA,AGAA
X60050.1,307,310,381,384,4,AAGA,AGAA
X60050.1,272,275,381,384,4,AAGA,AGAA
X60050.1,272,275,308,311,4,AAGA,AGAA
X60050.1,100,102,139,141,3,AAG,GAA
X60050.1,286,288,382,384,3,AAG,GAA
X60050.1,286,288,309,311,3,AAG,GAA
X60050.1,100,102,160,162,3,AAG,GAA
X60050.1,157,159,309,311,3,AAG,GAA
X60050.1,293,295,309,311,3,AAG,GAA
X60050.1,181,183,309,311,3,AAG,GAA
X60050.1,223,225,382,384,3,AAG,GAA
X60050.1,223,225,309,311,3,AAG,GAA
X60050.1,310,312,382,384,3,AAG,GAA
X60050.1,83,85,374,376,3,AAG,GAA
X60050.1,26,28,374,376,3,AAG,GAA
X60050.1,286,288,374,376,3,AAG,GAA
X60050.1,218,220,374,376,3,AAG,GAA
X60050.1,100,102,374,376,3,AAG,GAA
X60050.1,232,234,374,376,3,AAG,GAA
X60050.1,272,274,374,376,3,AAG,GAA
X60050.1,202,204,374,376,3,AAG,GAA
X60050.1,307,309,374,376,3,AAG,GAA
X60050.1,223,225,250,252,3,AAG,GAA
X60050.1,218,220,250,252,3,AAG,GAA
X60050.1,100,102,250,252,3,AAG,GAA
X60050.1,232,234,250,252,3,AAG,GAA
X60050.1,223,225,256,258,3,AAG,GAA
X60050.1,218,220,256,258,3,AAG,GAA
X60050.1,100,102,256,258,3,AAG,GAA
X60050.1,232,234,256,258,3,AAG,GAA
X60050.1,252,254,374,376,3,AAG,GAA
X60050.1,252,254,309,311,3,AAG,GAA
X60050.1,131,133,374,376,3,AAG,GAA
X60050.1,131,133,309,311,3,AAG,GAA
X60050.1,202,204,250,252,3,AAG,GAA
X60050.1,202,204,256,258,3,AAG,GAA
X60050.1,26,28,73,75,3,AAG,GAA
X60050.1,375,377,382,384,3,AAG,GAA
X60050.1,83,85,114,116,3,AAG,GAA
X60050.1,26,28,114,116,3,AAG,GAA
X60050.1,100,102,114,116,3,AAG,GAA
X60050.1,78,82,78,82,5,AATAA,AATAA
X60050.1,29,33,78,82,5,AATAA,AATAA
X60050.1,29,33,29,33,5,AATAA,AATAA
X60050.1,78,81,305,308,4,AATA,ATAA
X60050.1,141,144,305,308,4,AATA,ATAA
X60050.1,126,136,253,263,11,ACAAAAAGTGA,AGTGAAAAACA
X60050.1,235,237,290,292,3,ACT,TCA
X60050.1,65,67,290,292,3,ACT,TCA
X60050.1,65,67,154,156,3,ACT,TCA
X60050.1,65,67,270,272,3,ACT,TCA
X60050.1,35,37,147,149,3,ACT,TCA
X60050.1,65,67,216,218,3,ACT,TCA
X60050.1,3,7,306,310,5,AGAAT,TAAGA
X60050.1,109,113,201,205,5,AGAAT,TAAGA
X60050.1,109,113,306,310,5,AGAAT,TAAGA
X60050.1,84,87,100,103,4,AGAA,AAGA
X60050.1,203,206,232,235,4,AGAA,AAGA
X60050.1,84,87,232,235,4,AGAA,AAGA
X60050.1,203,206,218,221,4,AGAA,AAGA
X60050.1,84,87,218,221,4,AGAA,AAGA
X60050.1,203,206,272,275,4,AGAA,AAGA
X60050.1,84,87,272,275,4,AGAA,AAGA
X60050.1,27,30,100,103,4,AGAA,AAGA
X60050.1,27,30,232,235,4,AGAA,AAGA
X60050.1,27,30,218,221,4,AGAA,AAGA
X60050.1,27,30,272,275,4,AGAA,AAGA
X60050.1,109,112,272,275,4,AGAA,AAGA
X60050.1,3,6,26,29,4,AGAA,AAGA
X60050.1,3,6,83,86,4,AGAA,AAGA
X60050.1,3,6,100,103,4,AGAA,AAGA
X60050.1,3,6,232,235,4,AGAA,AAGA
X60050.1,3,6,218,221,4,AGAA,AAGA
X60050.1,3,6,272,275,4,AGAA,AAGA
X60050.1,101,104,148,151,4,AGAC,CAGA
X60050.1,120,123,148,151,4,AGAC,CAGA
X60050.1,233,236,387,390,4,AGAC,CAGA
X60050.1,219,222,387,390,4,AGAC,CAGA
X60050.1,101,104,387,390,4,AGAC,CAGA
X60050.1,136,140,136,140,5,AGCGA,AGCGA
X60050.1,401,405,401,405,5,AGCGA,AGCGA
X60050.1,136,140,401,405,5,AGCGA,AGCGA
X60050.1,294,296,312,314,3,AGG,GGA
X60050.1,170,172,312,314,3,AGG,GGA
X60050.1,182,184,225,227,3,AGG,GGA
X60050.1,170,172,373,375,3,AGG,GGA
X60050.1,182,184,312,314,3,AGG,GGA
X60050.1,368,370,373,375,3,AGG,GGA
X60050.1,186,194,186,194,9,AGTGAGTGA,AGTGAGTGA
X60050.1,132,136,132,136,5,AGTGA,AGTGA
X60050.1,186,190,253,257,5,AGTGA,AGTGA
X60050.1,190,194,253,257,5,AGTGA,AGTGA
X60050.1,132,136,186,190,5,AGTGA,AGTGA
X60050.1,190,194,190,194,5,AGTGA,AGTGA
X60050.1,186,190,186,190,5,AGTGA,AGTGA
X60050.1,214,216,249,251,3,AGT,TGA
X60050.1,214,216,410,412,3,AGT,TGA
X60050.1,253,255,410,412,3,AGT,TGA
X60050.1,132,134,410,412,3,AGT,TGA
X60050.1,376,378,410,412,3,AGT,TGA
X60050.1,214,216,255,257,3,AGT,TGA
X60050.1,132,134,246,248,3,AGT,TGA
X60050.1,190,192,249,251,3,AGT,TGA
X60050.1,190,192,410,412,3,AGT,TGA
X60050.1,190,192,246,248,3,AGT,TGA
X60050.1,186,188,249,251,3,AGT,TGA
X60050.1,186,188,410,412,3,AGT,TGA
X60050.1,253,255,366,368,3,AGT,TGA
X60050.1,132,134,366,368,3,AGT,TGA
X60050.1,186,188,366,368,3,AGT,TGA
X60050.1,214,216,366,368,3,AGT,TGA
X60050.1,45,47,255,257,3,AGT,TGA
X60050.1,45,47,113,115,3,AGT,TGA
X60050.1,45,47,72,74,3,AGT,TGA
X60050.1,45,47,249,251,3,AGT,TGA
X60050.1,45,47,192,194,3,AGT,TGA
X60050.1,45,47,410,412,3,AGT,TGA
X60050.1,45,47,134,136,3,AGT,TGA
X60050.1,45,47,188,190,3,AGT,TGA
X60050.1,30,33,278,281,4,ATAA,AATA
X60050.1,79,82,278,281,4,ATAA,AATA
X60050.1,15,18,29,32,4,ATAA,AATA
X60050.1,30,33,115,118,4,ATAA,AATA
X60050.1,79,82,115,118,4,ATAA,AATA
X60050.1,15,18,115,118,4,ATAA,AATA
X60050.1,105,107,267,269,3,ATC,CTA
X60050.1,105,107,332,334,3,ATC,CTA
X60050.1,269,271,329,331,3,ATC,CTA
X60050.1,105,107,212,214,3,ATC,CTA
X60050.1,9,11,329,331,3,ATC,CTA
X60050.1,9,11,236,238,3,ATC,CTA
X60050.1,9,11,212,214,3,ATC,CTA
X60050.1,55,58,67,70,4,ATTT,TTTA
X60050.1,55,58,199,202,4,ATTT,TTTA
X60050.1,144,147,199,202,4,ATTT,TTTA
X60050.1,165,167,339,341,3,ATT,TTA
X60050.1,6,8,360,362,3,ATT,TTA
X60050.1,88,90,360,362,3,ATT,TTA
X60050.1,88,90,339,341,3,ATT,TTA
X60050.1,6,8,57,59,3,ATT,TTA
X60050.1,55,57,360,362,3,ATT,TTA
X60050.1,55,57,339,341,3,ATT,TTA
X60050.1,144,146,360,362,3,ATT,TTA
X60050.1,341,343,360,362,3,ATT,TTA
X60050.1,40,42,68,70,3,ATT,TTA
X60050.1,40,42,200,202,3,ATT,TTA
X60050.1,40,42,57,59,3,ATT,TTA
X60050.1,40,42,360,362,3,ATT,TTA
X60050.1,179,181,283,285,3,CAA,AAC
X60050.1,155,157,283,285,3,CAA,AAC
X60050.1,124,126,260,262,3,CAA,AAC
X60050.1,127,129,265,267,3,CAA,AAC
X60050.1,179,181,265,267,3,CAA,AAC
X60050.1,222,224,265,267,3,CAA,AAC
X60050.1,99,101,283,285,3,CAA,AAC
X60050.1,99,101,125,127,3,CAA,AAC
X60050.1,99,101,260,262,3,CAA,AAC
X60050.1,99,101,265,267,3,CAA,AAC
X60050.1,231,233,283,285,3,CAA,AAC
X60050.1,231,233,260,262,3,CAA,AAC
X60050.1,231,233,265,267,3,CAA,AAC
X60050.1,217,219,283,285,3,CAA,AAC
X60050.1,217,219,260,262,3,CAA,AAC
X60050.1,271,273,283,285,3,CAA,AAC
X60050.1,77,79,283,285,3,CAA,AAC
X60050.1,77,79,125,127,3,CAA,AAC
X60050.1,77,79,260,262,3,CAA,AAC
X60050.1,77,79,265,267,3,CAA,AAC
X60050.1,277,279,283,285,3,CAA,AAC
X60050.1,414,416,414,416,3,CAC,CAC
X60050.1,262,264,414,416,3,CAC,CAC
X60050.1,108,112,218,222,5,CAGAA,AAGAC
X60050.1,108,112,232,236,5,CAGAA,AAGAC
X60050.1,119,123,119,123,5,CAGAC,CAGAC
X60050.1,119,123,387,391,5,CAGAC,CAGAC
X60050.1,387,391,387,391,5,CAGAC,CAGAC
X60050.1,119,122,233,236,4,CAGA,AGAC
X60050.1,148,151,219,222,4,CAGA,AGAC
X60050.1,148,151,388,391,4,CAGA,AGAC
X60050.1,304,306,330,332,3,CAT,TAC
X60050.1,54,56,93,95,3,CAT,TAC
X60050.1,54,56,280,282,3,CAT,TAC
X60050.1,54,56,117,119,3,CAT,TAC
X60050.1,54,56,406,408,3,CAT,TAC
X60050.1,54,56,330,332,3,CAT,TAC
X60050.1,53,61,53,61,9,CCATTTACC,CCATTTACC
X60050.1,60,62,327,329,3,CCT,TCC
X60050.1,416,418,416,418,3,CGC,CGC
X60050.1,195,197,416,418,3,CGC,CGC
X60050.1,195,197,195,197,3,CGC,CGC
X60050.1,51,53,51,53,3,CGC,CGC
X60050.1,19,26,205,212,8,CGGTAAAA,AAAATGGC
X60050.1,38,41,268,271,4,CTAT,TATC
X60050.1,38,41,333,336,4,CTAT,TATC
X60050.1,11,14,268,271,4,CTAT,TATC
X60050.1,11,14,333,336,4,CTAT,TATC
X60050.1,1,3,105,107,3,CTA,ATC
X60050.1,43,45,105,107,3,CTA,ATC
X60050.1,1,3,269,271,3,CTA,ATC
X60050.1,212,214,269,271,3,CTA,ATC
X60050.1,43,45,269,271,3,CTA,ATC
X60050.1,92,94,269,271,3,CTA,ATC
X60050.1,1,3,334,336,3,CTA,ATC
X60050.1,236,238,334,336,3,CTA,ATC
X60050.1,329,331,334,336,3,CTA,ATC
X60050.1,43,45,334,336,3,CTA,ATC
X60050.1,92,94,334,336,3,CTA,ATC
X60050.1,1,3,9,11,3,CTA,ATC
X60050.1,11,13,105,107,3,CTA,ATC
X60050.1,38,40,105,107,3,CTA,ATC
X60050.1,321,328,321,328,8,CTGTTGTC,CTGTTGTC
X60050.1,245,247,326,328,3,CTG,GTC
X60050.1,204,207,292,295,4,GAAA,AAAG
X60050.1,256,259,292,295,4,GAAA,AAAG
X60050.1,204,207,383,386,4,GAAA,AAAG
X60050.1,160,163,383,386,4,GAAA,AAAG
X60050.1,256,259,383,386,4,GAAA,AAAG
X60050.1,204,207,251,254,4,GAAA,AAAG
X60050.1,160,163,251,254,4,GAAA,AAAG
X60050.1,250,253,292,295,4,GAAA,AAAG
X60050.1,85,88,383,386,4,GAAA,AAAG
X60050.1,85,88,180,183,4,GAAA,AAAG
X60050.1,85,88,292,295,4,GAAA,AAAG
X60050.1,85,88,156,159,4,GAAA,AAAG
X60050.1,85,88,251,254,4,GAAA,AAAG
X60050.1,85,88,130,133,4,GAAA,AAAG
X60050.1,139,142,180,183,4,GAAA,AAAG
X60050.1,139,142,292,295,4,GAAA,AAAG
X60050.1,139,142,156,159,4,GAAA,AAAG
X60050.1,139,142,251,254,4,GAAA,AAAG
X60050.1,139,141,232,234,3,GAA,AAG
X60050.1,139,141,272,274,3,GAA,AAG
X60050.1,139,141,218,220,3,GAA,AAG
X60050.1,160,162,232,234,3,GAA,AAG
X60050.1,160,162,272,274,3,GAA,AAG
X60050.1,160,162,218,220,3,GAA,AAG
X60050.1,256,258,272,274,3,GAA,AAG
X60050.1,250,252,272,274,3,GAA,AAG
X60050.1,204,206,286,288,3,GAA,AAG
X60050.1,85,87,286,288,3,GAA,AAG
X60050.1,160,162,286,288,3,GAA,AAG
X60050.1,256,258,286,288,3,GAA,AAG
X60050.1,250,252,286,288,3,GAA,AAG
X60050.1,204,206,223,225,3,GAA,AAG
X60050.1,85,87,223,225,3,GAA,AAG
X60050.1,139,141,223,225,3,GAA,AAG
X60050.1,73,75,83,85,3,GAA,AAG
X60050.1,73,75,384,386,3,GAA,AAG
X60050.1,73,75,181,183,3,GAA,AAG
X60050.1,73,75,293,295,3,GAA,AAG
X60050.1,73,75,157,159,3,GAA,AAG
X60050.1,309,311,384,386,3,GAA,AAG
X60050.1,204,206,310,312,3,GAA,AAG
X60050.1,85,87,310,312,3,GAA,AAG
X60050.1,139,141,310,312,3,GAA,AAG
X60050.1,374,376,384,386,3,GAA,AAG
X60050.1,73,75,310,312,3,GAA,AAG
X60050.1,256,258,310,312,3,GAA,AAG
X60050.1,250,252,310,312,3,GAA,AAG
X60050.1,204,206,375,377,3,GAA,AAG
X60050.1,85,87,375,377,3,GAA,AAG
X60050.1,139,141,375,377,3,GAA,AAG
X60050.1,160,162,375,377,3,GAA,AAG
X60050.1,28,30,286,288,3,GAA,AAG
X60050.1,28,30,384,386,3,GAA,AAG
X60050.1,139,141,307,309,3,GAA,AAG
X60050.1,110,112,286,288,3,GAA,AAG
X60050.1,110,112,384,386,3,GAA,AAG
X60050.1,4,6,286,288,3,GAA,AAG
X60050.1,4,6,384,386,3,GAA,AAG
X60050.1,139,141,202,204,3,GAA,AAG
X60050.1,28,30,310,312,3,GAA,AAG
X60050.1,28,30,223,225,3,GAA,AAG
X60050.1,28,30,181,183,3,GAA,AAG
X60050.1,28,30,293,295,3,GAA,AAG
X60050.1,28,30,157,159,3,GAA,AAG
X60050.1,160,162,307,309,3,GAA,AAG
X60050.1,110,112,310,312,3,GAA,AAG
X60050.1,110,112,223,225,3,GAA,AAG
X60050.1,110,112,181,183,3,GAA,AAG
X60050.1,110,112,293,295,3,GAA,AAG
X60050.1,110,112,157,159,3,GAA,AAG
X60050.1,4,6,310,312,3,GAA,AAG
X60050.1,4,6,223,225,3,GAA,AAG
X60050.1,4,6,181,183,3,GAA,AAG
X60050.1,4,6,293,295,3,GAA,AAG
X60050.1,4,6,157,159,3,GAA,AAG
X60050.1,160,162,202,204,3,GAA,AAG
X60050.1,28,30,375,377,3,GAA,AAG
X60050.1,28,30,131,133,3,GAA,AAG
X60050.1,28,30,252,254,3,GAA,AAG
X60050.1,73,75,307,309,3,GAA,AAG
X60050.1,256,258,307,309,3,GAA,AAG
X60050.1,250,252,307,309,3,GAA,AAG
X60050.1,110,112,375,377,3,GAA,AAG
X60050.1,110,112,131,133,3,GAA,AAG
X60050.1,110,112,252,254,3,GAA,AAG
X60050.1,4,6,375,377,3,GAA,AAG
X60050.1,4,6,131,133,3,GAA,AAG
X60050.1,4,6,252,254,3,GAA,AAG
X60050.1,73,75,202,204,3,GAA,AAG
X60050.1,114,116,232,234,3,GAA,AAG
X60050.1,114,116,272,274,3,GAA,AAG
X60050.1,114,116,218,220,3,GAA,AAG
X60050.1,114,116,286,288,3,GAA,AAG
X60050.1,114,116,384,386,3,GAA,AAG
X60050.1,114,116,310,312,3,GAA,AAG
X60050.1,114,116,223,225,3,GAA,AAG
X60050.1,114,116,181,183,3,GAA,AAG
X60050.1,114,116,293,295,3,GAA,AAG
X60050.1,114,116,157,159,3,GAA,AAG
X60050.1,175,177,213,215,3,GAT,TAG
X60050.1,337,339,380,382,3,GAT,TAG
X60050.1,175,177,361,363,3,GAT,TAG
X60050.1,241,243,361,363,3,GAT,TAG
X60050.1,247,249,361,363,3,GAT,TAG
X60050.1,351,353,351,353,3,GCG,GCG
X60050.1,173,175,173,175,3,GCG,GCG
X60050.1,137,139,298,300,3,GCG,GCG
X60050.1,298,300,402,404,3,GCG,GCG
X60050.1,225,227,294,296,3,GGA,AGG
X60050.1,159,161,170,172,3,GGA,AGG
X60050.1,225,227,368,370,3,GGA,AGG
X60050.1,159,161,368,370,3,GGA,AGG
X60050.1,312,314,362,364,3,GGA,AGG
X60050.1,225,227,362,364,3,GGA,AGG
X60050.1,159,161,362,364,3,GGA,AGG
X60050.1,295,303,295,303,9,GGGGCGGGG,GGGGCGGGG
X60050.1,20,22,372,374,3,GGT,TGG
X60050.1,215,217,321,323,3,GTC,CTG
X60050.1,215,217,357,359,3,GTC,CTG
X60050.1,80,87,202,209,8,TAAAAGAA,AAGAAAAT
X60050.1,80,84,162,166,5,TAAAA,AAAAT
X60050.1,31,35,205,209,5,TAAAA,AAAAT
X60050.1,31,35,162,166,5,TAAAA,AAAAT
X60050.1,237,239,408,410,3,TAC,CAT
X60050.1,58,60,104,106,3,TAC,CAT
X60050.1,58,60,408,410,3,TAC,CAT
X60050.1,237,239,304,306,3,TAC,CAT
X60050.1,93,95,304,306,3,TAC,CAT
X60050.1,58,60,304,306,3,TAC,CAT
X60050.1,330,332,408,410,3,TAC,CAT
X60050.1,2,4,404,406,3,TAG,GAT
X60050.1,380,382,404,406,3,TAG,GAT
X60050.1,2,4,241,243,3,TAG,GAT
X60050.1,2,4,175,177,3,TAG,GAT
X60050.1,2,4,337,339,3,TAG,GAT
X60050.1,213,215,404,406,3,TAG,GAT
X60050.1,44,46,404,406,3,TAG,GAT
X60050.1,213,215,241,243,3,TAG,GAT
X60050.1,44,46,241,243,3,TAG,GAT
X60050.1,44,46,175,177,3,TAG,GAT
X60050.1,213,215,337,339,3,TAG,GAT
X60050.1,44,46,337,339,3,TAG,GAT
X60050.1,185,187,404,406,3,TAG,GAT
X60050.1,2,4,247,249,3,TAG,GAT
X60050.1,185,187,337,339,3,TAG,GAT
X60050.1,361,363,404,406,3,TAG,GAT
X60050.1,8,11,267,270,4,TATC,CTAT
X60050.1,8,11,332,335,4,TATC,CTAT
X60050.1,333,336,392,395,4,TATC,CTAT
X60050.1,268,271,392,395,4,TATC,CTAT
X60050.1,12,14,12,14,3,TAT,TAT
X60050.1,14,16,268,270,3,TAT,TAT
X60050.1,14,16,333,335,3,TAT,TAT
X60050.1,14,16,393,395,3,TAT,TAT
X60050.1,8,10,14,16,3,TAT,TAT
X60050.1,14,16,39,41,3,TAT,TAT
X60050.1,12,14,393,395,3,TAT,TAT
X60050.1,12,14,39,41,3,TAT,TAT
X60050.1,143,145,268,270,3,TAT,TAT
X60050.1,143,145,333,335,3,TAT,TAT
X60050.1,143,145,393,395,3,TAT,TAT
X60050.1,143,145,143,145,3,TAT,TAT
X60050.1,8,10,8,10,3,TAT,TAT
X60050.1,39,41,393,395,3,TAT,TAT
X60050.1,39,41,39,41,3,TAT,TAT
X60050.1,39,41,143,145,3,TAT,TAT
X60050.1,393,395,393,395,3,TAT,TAT
X60050.1,14,16,340,342,3,TAT,TAT
X60050.1,268,270,340,342,3,TAT,TAT
X60050.1,333,335,340,342,3,TAT,TAT
X60050.1,12,14,340,342,3,TAT,TAT
X60050.1,154,156,235,237,3,TCA,ACT
X60050.1,216,218,235,237,3,TCA,ACT
X60050.1,147,149,266,268,3,TCA,ACT
X60050.1,154,156,331,333,3,TCA,ACT
X60050.1,290,292,331,333,3,TCA,ACT
X60050.1,216,218,331,333,3,TCA,ACT
X60050.1,147,149,331,333,3,TCA,ACT
X60050.1,327,329,391,393,3,TCC,CCT
X60050.1,37,39,37,39,3,TCT,TCT
X60050.1,10,12,320,322,3,TCT,TCT
X60050.1,10,12,356,358,3,TCT,TCT
X60050.1,37,39,320,322,3,TCT,TCT
X60050.1,37,39,356,358,3,TCT,TCT
X60050.1,91,93,320,322,3,TCT,TCT
X60050.1,42,44,320,322,3,TCT,TCT
X60050.1,91,93,356,358,3,TCT,TCT
X60050.1,42,44,356,358,3,TCT,TCT
X60050.1,356,358,356,358,3,TCT,TCT
X60050.1,320,322,320,322,3,TCT,TCT
X60050.1,320,322,356,358,3,TCT,TCT
X60050.1,37,39,42,44,3,TCT,TCT
X60050.1,37,39,91,93,3,TCT,TCT
X60050.1,42,44,42,44,3,TCT,TCT
X60050.1,48,50,91,93,3,TCT,TCT
X60050.1,91,93,91,93,3,TCT,TCT
X60050.1,42,44,91,93,3,TCT,TCT
X60050.1,10,12,48,50,3,TCT,TCT
X60050.1,48,50,48,50,3,TCT,TCT
X60050.1,42,44,48,50,3,TCT,TCT
X60050.1,63,65,132,134,3,TGA,AGT
X60050.1,63,65,253,255,3,TGA,AGT
X60050.1,63,65,376,378,3,TGA,AGT
X60050.1,192,194,314,316,3,TGA,AGT
X60050.1,255,257,314,316,3,TGA,AGT
X60050.1,63,65,314,316,3,TGA,AGT
X60050.1,72,74,190,192,3,TGA,AGT
X60050.1,113,115,190,192,3,TGA,AGT
X60050.1,63,65,190,192,3,TGA,AGT
X60050.1,366,368,376,378,3,TGA,AGT
X60050.1,72,74,214,216,3,TGA,AGT
X60050.1,113,115,214,216,3,TGA,AGT
X60050.1,246,248,314,316,3,TGA,AGT
X60050.1,134,136,214,216,3,TGA,AGT
X60050.1,188,190,214,216,3,TGA,AGT
X60050.1,192,194,214,216,3,TGA,AGT
X60050.1,246,248,253,255,3,TGA,AGT
X60050.1,246,248,376,378,3,TGA,AGT
X60050.1,63,65,214,216,3,TGA,AGT
X60050.1,72,74,186,188,3,TGA,AGT
X60050.1,113,115,186,188,3,TGA,AGT
X60050.1,63,65,186,188,3,TGA,AGT
X60050.1,209,211,363,365,3,TGG,GGT
X60050.1,209,211,370,372,3,TGG,GGT
X60050.1,57,59,165,167,3,TTA,ATT
X60050.1,57,59,338,340,3,TTA,ATT
X60050.1,200,202,338,340,3,TTA,ATT
X60050.1,68,70,338,340,3,TTA,ATT
X60050.1,7,9,165,167,3,TTA,ATT
X60050.1,7,9,55,57,3,TTA,ATT
X60050.1,7,9,88,90,3,TTA,ATT
X60050.1,360,362,394,396,3,TTA,ATT
X60050.1,56,59,88,91,4,TTTA,ATTT
X60050.1,56,59,144,147,4,TTTA,ATTT
X60050.1,56,59,394,397,4,TTTA,ATTT
X60050.1,56,59,341,344,4,TTTA,ATTT
X60050.1,67,70,394,397,4,TTTA,ATTT
X60050.1,67,70,341,344,4,TTTA,ATTT
X60050.1,199,202,394,397,4,TTTA,ATTT
X60050.1,199,202,341,344,4,TTTA,ATTT

Total for length 3 is 552.
Total for length 4 is 139.
Total for length 5 is 41.
Total for length 6 is 6.
Total for length 8 is 5.
Total for length 9 is 5.
Total for length 11 is 1.

