Input file is sequence6.fasta.
Minimal fragment length is 3.
Working with probability estimation.
P value is : 0.050000.
Printing all instances.
Looking for direct non-complementary repeats.
L75948.1 Alphabet size is 4.
Input sequence has 0 letters that are not in expected alphabet.
L75948.1,119,122,133,136,4,AAAC,AAAC
L75948.1,49,52,133,136,4,AAAC,AAAC
L75948.1,119,122,155,158,4,AAAC,AAAC
L75948.1,49,52,155,158,4,AAAC,AAAC
L75948.1,133,136,367,370,4,AAAC,AAAC
L75948.1,119,122,367,370,4,AAAC,AAAC
L75948.1,49,52,367,370,4,AAAC,AAAC
L75948.1,108,111,133,136,4,AAAC,AAAC
L75948.1,108,111,155,158,4,AAAC,AAAC
L75948.1,49,52,108,111,4,AAAC,AAAC
L75948.1,53,55,133,135,3,AAA,AAA
L75948.1,133,135,234,236,3,AAA,AAA
L75948.1,132,134,133,135,3,AAA,AAA
L75948.1,133,135,186,188,3,AAA,AAA
L75948.1,133,135,255,257,3,AAA,AAA
L75948.1,155,157,235,237,3,AAA,AAA
L75948.1,235,237,367,369,3,AAA,AAA
L75948.1,155,157,234,236,3,AAA,AAA
L75948.1,132,134,155,157,3,AAA,AAA
L75948.1,155,157,186,188,3,AAA,AAA
L75948.1,155,157,255,257,3,AAA,AAA
L75948.1,234,236,367,369,3,AAA,AAA
L75948.1,132,134,367,369,3,AAA,AAA
L75948.1,186,188,367,369,3,AAA,AAA
L75948.1,255,257,367,369,3,AAA,AAA
L75948.1,119,121,235,237,3,AAA,AAA
L75948.1,108,110,235,237,3,AAA,AAA
L75948.1,53,55,119,121,3,AAA,AAA
L75948.1,53,55,108,110,3,AAA,AAA
L75948.1,49,51,235,237,3,AAA,AAA
L75948.1,49,51,53,55,3,AAA,AAA
L75948.1,49,51,234,236,3,AAA,AAA
L75948.1,49,51,132,134,3,AAA,AAA
L75948.1,49,51,186,188,3,AAA,AAA
L75948.1,49,51,255,257,3,AAA,AAA
L75948.1,155,157,187,189,3,AAA,AAA
L75948.1,187,189,367,369,3,AAA,AAA
L75948.1,53,55,187,189,3,AAA,AAA
L75948.1,155,157,256,258,3,AAA,AAA
L75948.1,256,258,367,369,3,AAA,AAA
L75948.1,53,55,256,258,3,AAA,AAA
L75948.1,119,121,187,189,3,AAA,AAA
L75948.1,108,110,187,189,3,AAA,AAA
L75948.1,187,189,234,236,3,AAA,AAA
L75948.1,132,134,187,189,3,AAA,AAA
L75948.1,186,188,187,189,3,AAA,AAA
L75948.1,187,189,255,257,3,AAA,AAA
L75948.1,119,121,256,258,3,AAA,AAA
L75948.1,108,110,256,258,3,AAA,AAA
L75948.1,234,236,256,258,3,AAA,AAA
L75948.1,132,134,256,258,3,AAA,AAA
L75948.1,186,188,256,258,3,AAA,AAA
L75948.1,255,257,256,258,3,AAA,AAA
L75948.1,49,51,187,189,3,AAA,AAA
L75948.1,49,51,256,258,3,AAA,AAA
L75948.1,133,135,263,265,3,AAA,AAA
L75948.1,235,237,263,265,3,AAA,AAA
L75948.1,119,121,263,265,3,AAA,AAA
L75948.1,108,110,263,265,3,AAA,AAA
L75948.1,234,236,263,265,3,AAA,AAA
L75948.1,132,134,263,265,3,AAA,AAA
L75948.1,186,188,263,265,3,AAA,AAA
L75948.1,255,257,263,265,3,AAA,AAA
L75948.1,49,51,263,265,3,AAA,AAA
L75948.1,236,238,263,265,3,AAA,AAA
L75948.1,155,157,236,238,3,AAA,AAA
L75948.1,236,238,367,369,3,AAA,AAA
L75948.1,53,55,236,238,3,AAA,AAA
L75948.1,54,56,263,265,3,AAA,AAA
L75948.1,54,56,155,157,3,AAA,AAA
L75948.1,54,56,367,369,3,AAA,AAA
L75948.1,53,55,54,56,3,AAA,AAA
L75948.1,119,121,236,238,3,AAA,AAA
L75948.1,108,110,236,238,3,AAA,AAA
L75948.1,234,236,236,238,3,AAA,AAA
L75948.1,132,134,236,238,3,AAA,AAA
L75948.1,186,188,236,238,3,AAA,AAA
L75948.1,236,238,255,257,3,AAA,AAA
L75948.1,54,56,119,121,3,AAA,AAA
L75948.1,54,56,108,110,3,AAA,AAA
L75948.1,54,56,234,236,3,AAA,AAA
L75948.1,54,56,132,134,3,AAA,AAA
L75948.1,54,56,186,188,3,AAA,AAA
L75948.1,54,56,255,257,3,AAA,AAA
L75948.1,49,51,236,238,3,AAA,AAA
L75948.1,49,51,54,56,3,AAA,AAA
L75948.1,187,189,304,306,3,AAA,AAA
L75948.1,256,258,304,306,3,AAA,AAA
L75948.1,133,135,304,306,3,AAA,AAA
L75948.1,235,237,304,306,3,AAA,AAA
L75948.1,119,121,304,306,3,AAA,AAA
L75948.1,108,110,304,306,3,AAA,AAA
L75948.1,234,236,304,306,3,AAA,AAA
L75948.1,132,134,304,306,3,AAA,AAA
L75948.1,186,188,304,306,3,AAA,AAA
L75948.1,255,257,304,306,3,AAA,AAA
L75948.1,49,51,304,306,3,AAA,AAA
L75948.1,187,189,390,392,3,AAA,AAA
L75948.1,256,258,390,392,3,AAA,AAA
L75948.1,133,135,390,392,3,AAA,AAA
L75948.1,235,237,390,392,3,AAA,AAA
L75948.1,263,265,390,392,3,AAA,AAA
L75948.1,155,157,390,392,3,AAA,AAA
L75948.1,367,369,390,392,3,AAA,AAA
L75948.1,53,55,390,392,3,AAA,AAA
L75948.1,119,121,390,392,3,AAA,AAA
L75948.1,108,110,390,392,3,AAA,AAA
L75948.1,234,236,390,392,3,AAA,AAA
L75948.1,132,134,390,392,3,AAA,AAA
L75948.1,186,188,390,392,3,AAA,AAA
L75948.1,255,257,390,392,3,AAA,AAA
L75948.1,45,49,368,372,5,AACTA,AACTA
L75948.1,78,82,368,372,5,AACTA,AACTA
L75948.1,26,30,368,372,5,AACTA,AACTA
L75948.1,45,49,78,82,5,AACTA,AACTA
L75948.1,26,30,45,49,5,AACTA,AACTA
L75948.1,126,128,134,136,3,AAC,AAC
L75948.1,126,128,156,158,3,AAC,AAC
L75948.1,134,136,411,413,3,AAC,AAC
L75948.1,156,158,411,413,3,AAC,AAC
L75948.1,50,52,332,334,3,AAC,AAC
L75948.1,120,122,332,334,3,AAC,AAC
L75948.1,126,128,332,334,3,AAC,AAC
L75948.1,332,334,411,413,3,AAC,AAC
L75948.1,18,20,50,52,3,AAC,AAC
L75948.1,18,20,120,122,3,AAC,AAC
L75948.1,18,20,126,128,3,AAC,AAC
L75948.1,332,334,368,370,3,AAC,AAC
L75948.1,109,111,332,334,3,AAC,AAC
L75948.1,126,128,368,370,3,AAC,AAC
L75948.1,109,111,126,128,3,AAC,AAC
L75948.1,18,20,368,370,3,AAC,AAC
L75948.1,368,370,411,413,3,AAC,AAC
L75948.1,18,20,109,111,3,AAC,AAC
L75948.1,109,111,411,413,3,AAC,AAC
L75948.1,45,47,134,136,3,AAC,AAC
L75948.1,45,47,156,158,3,AAC,AAC
L75948.1,45,47,50,52,3,AAC,AAC
L75948.1,45,47,120,122,3,AAC,AAC
L75948.1,45,47,126,128,3,AAC,AAC
L75948.1,18,20,45,47,3,AAC,AAC
L75948.1,45,47,411,413,3,AAC,AAC
L75948.1,78,80,134,136,3,AAC,AAC
L75948.1,78,80,156,158,3,AAC,AAC
L75948.1,50,52,78,80,3,AAC,AAC
L75948.1,78,80,120,122,3,AAC,AAC
L75948.1,26,28,134,136,3,AAC,AAC
L75948.1,26,28,156,158,3,AAC,AAC
L75948.1,26,28,50,52,3,AAC,AAC
L75948.1,26,28,120,122,3,AAC,AAC
L75948.1,78,80,332,334,3,AAC,AAC
L75948.1,26,28,332,334,3,AAC,AAC
L75948.1,78,80,126,128,3,AAC,AAC
L75948.1,26,28,126,128,3,AAC,AAC
L75948.1,123,127,351,355,5,AAGAA,AAGAA
L75948.1,129,133,351,355,5,AAGAA,AAGAA
L75948.1,116,120,351,355,5,AAGAA,AAGAA
L75948.1,264,270,476,482,7,AAGAGTG,AAGAGTG
L75948.1,129,132,264,267,4,AAGA,AAGA
L75948.1,116,119,264,267,4,AAGA,AAGA
L75948.1,123,126,264,267,4,AAGA,AAGA
L75948.1,264,267,351,354,4,AAGA,AAGA
L75948.1,129,132,476,479,4,AAGA,AAGA
L75948.1,116,119,476,479,4,AAGA,AAGA
L75948.1,123,126,476,479,4,AAGA,AAGA
L75948.1,225,228,264,267,4,AAGA,AAGA
L75948.1,225,228,476,479,4,AAGA,AAGA
L75948.1,225,228,351,354,4,AAGA,AAGA
L75948.1,179,181,264,266,3,AAG,AAG
L75948.1,161,163,264,266,3,AAG,AAG
L75948.1,129,131,179,181,3,AAG,AAG
L75948.1,116,118,179,181,3,AAG,AAG
L75948.1,123,125,179,181,3,AAG,AAG
L75948.1,179,181,225,227,3,AAG,AAG
L75948.1,129,131,161,163,3,AAG,AAG
L75948.1,116,118,161,163,3,AAG,AAG
L75948.1,123,125,161,163,3,AAG,AAG
L75948.1,161,163,225,227,3,AAG,AAG
L75948.1,129,131,188,190,3,AAG,AAG
L75948.1,116,118,188,190,3,AAG,AAG
L75948.1,123,125,188,190,3,AAG,AAG
L75948.1,188,190,225,227,3,AAG,AAG
L75948.1,179,181,188,190,3,AAG,AAG
L75948.1,161,163,188,190,3,AAG,AAG
L75948.1,188,190,351,353,3,AAG,AAG
L75948.1,188,190,476,478,3,AAG,AAG
L75948.1,242,244,264,266,3,AAG,AAG
L75948.1,179,181,242,244,3,AAG,AAG
L75948.1,161,163,242,244,3,AAG,AAG
L75948.1,242,244,351,353,3,AAG,AAG
L75948.1,242,244,476,478,3,AAG,AAG
L75948.1,264,266,275,277,3,AAG,AAG
L75948.1,129,131,275,277,3,AAG,AAG
L75948.1,116,118,275,277,3,AAG,AAG
L75948.1,123,125,275,277,3,AAG,AAG
L75948.1,225,227,275,277,3,AAG,AAG
L75948.1,179,181,275,277,3,AAG,AAG
L75948.1,161,163,275,277,3,AAG,AAG
L75948.1,275,277,351,353,3,AAG,AAG
L75948.1,275,277,476,478,3,AAG,AAG
L75948.1,242,244,257,259,3,AAG,AAG
L75948.1,129,131,257,259,3,AAG,AAG
L75948.1,116,118,257,259,3,AAG,AAG
L75948.1,123,125,257,259,3,AAG,AAG
L75948.1,225,227,257,259,3,AAG,AAG
L75948.1,257,259,275,277,3,AAG,AAG
L75948.1,179,181,257,259,3,AAG,AAG
L75948.1,161,163,257,259,3,AAG,AAG
L75948.1,257,259,351,353,3,AAG,AAG
L75948.1,257,259,476,478,3,AAG,AAG
L75948.1,188,190,298,300,3,AAG,AAG
L75948.1,264,266,298,300,3,AAG,AAG
L75948.1,275,277,298,300,3,AAG,AAG
L75948.1,179,181,298,300,3,AAG,AAG
L75948.1,161,163,298,300,3,AAG,AAG
L75948.1,298,300,351,353,3,AAG,AAG
L75948.1,298,300,476,478,3,AAG,AAG
L75948.1,188,190,291,293,3,AAG,AAG
L75948.1,264,266,291,293,3,AAG,AAG
L75948.1,242,244,291,293,3,AAG,AAG
L75948.1,129,131,291,293,3,AAG,AAG
L75948.1,116,118,291,293,3,AAG,AAG
L75948.1,123,125,291,293,3,AAG,AAG
L75948.1,225,227,291,293,3,AAG,AAG
L75948.1,179,181,291,293,3,AAG,AAG
L75948.1,161,163,291,293,3,AAG,AAG
L75948.1,291,293,351,353,3,AAG,AAG
L75948.1,291,293,476,478,3,AAG,AAG
L75948.1,257,259,487,489,3,AAG,AAG
L75948.1,188,190,487,489,3,AAG,AAG
L75948.1,264,266,487,489,3,AAG,AAG
L75948.1,298,300,487,489,3,AAG,AAG
L75948.1,242,244,487,489,3,AAG,AAG
L75948.1,129,131,487,489,3,AAG,AAG
L75948.1,116,118,487,489,3,AAG,AAG
L75948.1,123,125,487,489,3,AAG,AAG
L75948.1,225,227,487,489,3,AAG,AAG
L75948.1,291,293,487,489,3,AAG,AAG
L75948.1,275,277,487,489,3,AAG,AAG
L75948.1,4,10,70,76,7,AATCAGA,AATCAGA
L75948.1,86,88,391,393,3,AAT,AAT
L75948.1,70,72,391,393,3,AAT,AAT
L75948.1,86,88,354,356,3,AAT,AAT
L75948.1,70,72,354,356,3,AAT,AAT
L75948.1,4,6,391,393,3,AAT,AAT
L75948.1,10,12,391,393,3,AAT,AAT
L75948.1,86,88,237,239,3,AAT,AAT
L75948.1,70,72,237,239,3,AAT,AAT
L75948.1,4,6,237,239,3,AAT,AAT
L75948.1,10,12,237,239,3,AAT,AAT
L75948.1,237,239,354,356,3,AAT,AAT
L75948.1,100,102,391,393,3,AAT,AAT
L75948.1,218,220,391,393,3,AAT,AAT
L75948.1,4,6,100,102,3,AAT,AAT
L75948.1,10,12,100,102,3,AAT,AAT
L75948.1,100,102,354,356,3,AAT,AAT
L75948.1,4,6,218,220,3,AAT,AAT
L75948.1,10,12,218,220,3,AAT,AAT
L75948.1,218,220,354,356,3,AAT,AAT
L75948.1,100,102,305,307,3,AAT,AAT
L75948.1,218,220,305,307,3,AAT,AAT
L75948.1,86,88,305,307,3,AAT,AAT
L75948.1,70,72,305,307,3,AAT,AAT
L75948.1,55,57,100,102,3,AAT,AAT
L75948.1,55,57,218,220,3,AAT,AAT
L75948.1,55,57,86,88,3,AAT,AAT
L75948.1,55,57,70,72,3,AAT,AAT
L75948.1,4,6,305,307,3,AAT,AAT
L75948.1,10,12,305,307,3,AAT,AAT
L75948.1,305,307,354,356,3,AAT,AAT
L75948.1,4,6,55,57,3,AAT,AAT
L75948.1,10,12,55,57,3,AAT,AAT
L75948.1,55,57,354,356,3,AAT,AAT
L75948.1,237,239,407,409,3,AAT,AAT
L75948.1,391,393,407,409,3,AAT,AAT
L75948.1,90,92,237,239,3,AAT,AAT
L75948.1,90,92,391,393,3,AAT,AAT
L75948.1,4,6,407,409,3,AAT,AAT
L75948.1,10,12,407,409,3,AAT,AAT
L75948.1,354,356,407,409,3,AAT,AAT
L75948.1,4,6,90,92,3,AAT,AAT
L75948.1,10,12,90,92,3,AAT,AAT
L75948.1,90,92,354,356,3,AAT,AAT
L75948.1,237,239,246,248,3,AAT,AAT
L75948.1,246,248,391,393,3,AAT,AAT
L75948.1,100,102,246,248,3,AAT,AAT
L75948.1,218,220,246,248,3,AAT,AAT
L75948.1,86,88,246,248,3,AAT,AAT
L75948.1,70,72,246,248,3,AAT,AAT
L75948.1,51,55,261,265,5,ACAAA,ACAAA
L75948.1,51,55,365,369,5,ACAAA,ACAAA
L75948.1,51,55,153,157,5,ACAAA,ACAAA
L75948.1,261,265,365,369,5,ACAAA,ACAAA
L75948.1,153,157,261,265,5,ACAAA,ACAAA
L75948.1,114,120,121,127,7,ACAAGAA,ACAAGAA
L75948.1,127,132,223,228,6,ACAAGA,ACAAGA
L75948.1,121,126,223,228,6,ACAAGA,ACAAGA
L75948.1,51,54,330,333,4,ACAA,ACAA
L75948.1,330,333,365,368,4,ACAA,ACAA
L75948.1,261,264,330,333,4,ACAA,ACAA
L75948.1,43,46,51,54,4,ACAA,ACAA
L75948.1,43,46,365,368,4,ACAA,ACAA
L75948.1,43,46,153,156,4,ACAA,ACAA
L75948.1,127,130,365,368,4,ACAA,ACAA
L75948.1,121,124,365,368,4,ACAA,ACAA
L75948.1,127,130,330,333,4,ACAA,ACAA
L75948.1,127,130,153,156,4,ACAA,ACAA
L75948.1,121,124,330,333,4,ACAA,ACAA
L75948.1,121,124,153,156,4,ACAA,ACAA
L75948.1,43,46,127,130,4,ACAA,ACAA
L75948.1,127,130,261,264,4,ACAA,ACAA
L75948.1,43,46,121,124,4,ACAA,ACAA
L75948.1,121,124,261,264,4,ACAA,ACAA
L75948.1,51,54,114,117,4,ACAA,ACAA
L75948.1,51,54,223,226,4,ACAA,ACAA
L75948.1,114,117,365,368,4,ACAA,ACAA
L75948.1,223,226,365,368,4,ACAA,ACAA
L75948.1,43,46,114,117,4,ACAA,ACAA
L75948.1,114,117,261,264,4,ACAA,ACAA
L75948.1,43,46,223,226,4,ACAA,ACAA
L75948.1,223,226,261,264,4,ACAA,ACAA
L75948.1,84,87,127,130,4,ACAA,ACAA
L75948.1,84,87,121,124,4,ACAA,ACAA
L75948.1,51,54,84,87,4,ACAA,ACAA
L75948.1,68,71,127,130,4,ACAA,ACAA
L75948.1,68,71,121,124,4,ACAA,ACAA
L75948.1,51,54,68,71,4,ACAA,ACAA
L75948.1,127,130,405,408,4,ACAA,ACAA
L75948.1,121,124,405,408,4,ACAA,ACAA
L75948.1,51,54,405,408,4,ACAA,ACAA
L75948.1,84,87,114,117,4,ACAA,ACAA
L75948.1,84,87,223,226,4,ACAA,ACAA
L75948.1,84,87,330,333,4,ACAA,ACAA
L75948.1,84,87,153,156,4,ACAA,ACAA
L75948.1,68,71,114,117,4,ACAA,ACAA
L75948.1,68,71,223,226,4,ACAA,ACAA
L75948.1,68,71,330,333,4,ACAA,ACAA
L75948.1,68,71,153,156,4,ACAA,ACAA
L75948.1,114,117,405,408,4,ACAA,ACAA
L75948.1,223,226,405,408,4,ACAA,ACAA
L75948.1,330,333,405,408,4,ACAA,ACAA
L75948.1,153,156,405,408,4,ACAA,ACAA
L75948.1,43,46,84,87,4,ACAA,ACAA
L75948.1,84,87,261,264,4,ACAA,ACAA
L75948.1,43,46,68,71,4,ACAA,ACAA
L75948.1,68,71,261,264,4,ACAA,ACAA
L75948.1,43,46,405,408,4,ACAA,ACAA
L75948.1,261,264,405,408,4,ACAA,ACAA
L75948.1,51,53,82,84,3,ACA,ACA
L75948.1,82,84,127,129,3,ACA,ACA
L75948.1,82,84,121,123,3,ACA,ACA
L75948.1,51,53,66,68,3,ACA,ACA
L75948.1,66,68,127,129,3,ACA,ACA
L75948.1,66,68,121,123,3,ACA,ACA
L75948.1,51,53,431,433,3,ACA,ACA
L75948.1,127,129,431,433,3,ACA,ACA
L75948.1,121,123,431,433,3,ACA,ACA
L75948.1,82,84,365,367,3,ACA,ACA
L75948.1,82,84,84,86,3,ACA,ACA
L75948.1,68,70,82,84,3,ACA,ACA
L75948.1,82,84,405,407,3,ACA,ACA
L75948.1,66,68,365,367,3,ACA,ACA
L75948.1,66,68,84,86,3,ACA,ACA
L75948.1,66,68,68,70,3,ACA,ACA
L75948.1,66,68,405,407,3,ACA,ACA
L75948.1,365,367,431,433,3,ACA,ACA
L75948.1,84,86,431,433,3,ACA,ACA
L75948.1,68,70,431,433,3,ACA,ACA
L75948.1,405,407,431,433,3,ACA,ACA
L75948.1,82,84,153,155,3,ACA,ACA
L75948.1,82,84,330,332,3,ACA,ACA
L75948.1,82,84,114,116,3,ACA,ACA
L75948.1,82,84,223,225,3,ACA,ACA
L75948.1,66,68,153,155,3,ACA,ACA
L75948.1,66,68,330,332,3,ACA,ACA
L75948.1,66,68,114,116,3,ACA,ACA
L75948.1,66,68,223,225,3,ACA,ACA
L75948.1,153,155,431,433,3,ACA,ACA
L75948.1,330,332,431,433,3,ACA,ACA
L75948.1,114,116,431,433,3,ACA,ACA
L75948.1,223,225,431,433,3,ACA,ACA
L75948.1,365,367,412,414,3,ACA,ACA
L75948.1,84,86,412,414,3,ACA,ACA
L75948.1,68,70,412,414,3,ACA,ACA
L75948.1,405,407,412,414,3,ACA,ACA
L75948.1,153,155,412,414,3,ACA,ACA
L75948.1,330,332,412,414,3,ACA,ACA
L75948.1,114,116,412,414,3,ACA,ACA
L75948.1,223,225,412,414,3,ACA,ACA
L75948.1,82,84,412,414,3,ACA,ACA
L75948.1,66,68,412,414,3,ACA,ACA
L75948.1,412,414,431,433,3,ACA,ACA
L75948.1,261,263,412,414,3,ACA,ACA
L75948.1,43,45,412,414,3,ACA,ACA
L75948.1,51,53,203,205,3,ACA,ACA
L75948.1,127,129,203,205,3,ACA,ACA
L75948.1,121,123,203,205,3,ACA,ACA
L75948.1,203,205,365,367,3,ACA,ACA
L75948.1,84,86,203,205,3,ACA,ACA
L75948.1,68,70,203,205,3,ACA,ACA
L75948.1,203,205,405,407,3,ACA,ACA
L75948.1,153,155,203,205,3,ACA,ACA
L75948.1,203,205,330,332,3,ACA,ACA
L75948.1,114,116,203,205,3,ACA,ACA
L75948.1,203,205,223,225,3,ACA,ACA
L75948.1,319,321,412,414,3,ACA,ACA
L75948.1,51,53,319,321,3,ACA,ACA
L75948.1,127,129,319,321,3,ACA,ACA
L75948.1,121,123,319,321,3,ACA,ACA
L75948.1,319,321,365,367,3,ACA,ACA
L75948.1,84,86,319,321,3,ACA,ACA
L75948.1,68,70,319,321,3,ACA,ACA
L75948.1,319,321,405,407,3,ACA,ACA
L75948.1,203,205,319,321,3,ACA,ACA
L75948.1,82,84,319,321,3,ACA,ACA
L75948.1,66,68,319,321,3,ACA,ACA
L75948.1,319,321,431,433,3,ACA,ACA
L75948.1,261,263,319,321,3,ACA,ACA
L75948.1,43,45,319,321,3,ACA,ACA
L75948.1,79,85,428,434,7,ACTACAC,ACTACAC
L75948.1,27,31,428,432,5,ACTAC,ACTAC
L75948.1,79,83,425,429,5,ACTAC,ACTAC
L75948.1,425,429,428,432,5,ACTAC,ACTAC
L75948.1,27,31,381,385,5,ACTAC,ACTAC
L75948.1,79,83,381,385,5,ACTAC,ACTAC
L75948.1,381,385,425,429,5,ACTAC,ACTAC
L75948.1,110,116,315,321,7,ACTGACA,ACTGACA
L75948.1,110,112,425,427,3,ACT,ACT
L75948.1,110,112,451,453,3,ACT,ACT
L75948.1,110,112,428,430,3,ACT,ACT
L75948.1,110,112,381,383,3,ACT,ACT
L75948.1,46,48,104,106,3,ACT,ACT
L75948.1,79,81,104,106,3,ACT,ACT
L75948.1,27,29,104,106,3,ACT,ACT
L75948.1,104,106,369,371,3,ACT,ACT
L75948.1,104,106,425,427,3,ACT,ACT
L75948.1,104,106,451,453,3,ACT,ACT
L75948.1,104,106,428,430,3,ACT,ACT
L75948.1,104,106,381,383,3,ACT,ACT
L75948.1,46,48,315,317,3,ACT,ACT
L75948.1,79,81,315,317,3,ACT,ACT
L75948.1,27,29,315,317,3,ACT,ACT
L75948.1,315,317,369,371,3,ACT,ACT
L75948.1,46,48,442,444,3,ACT,ACT
L75948.1,79,81,442,444,3,ACT,ACT
L75948.1,27,29,442,444,3,ACT,ACT
L75948.1,369,371,442,444,3,ACT,ACT
L75948.1,315,317,425,427,3,ACT,ACT
L75948.1,315,317,451,453,3,ACT,ACT
L75948.1,425,427,442,444,3,ACT,ACT
L75948.1,442,444,451,453,3,ACT,ACT
L75948.1,110,112,436,438,3,ACT,ACT
L75948.1,46,48,436,438,3,ACT,ACT
L75948.1,79,81,436,438,3,ACT,ACT
L75948.1,27,29,436,438,3,ACT,ACT
L75948.1,369,371,436,438,3,ACT,ACT
L75948.1,104,106,436,438,3,ACT,ACT
L75948.1,315,317,436,438,3,ACT,ACT
L75948.1,436,438,442,444,3,ACT,ACT
L75948.1,428,430,436,438,3,ACT,ACT
L75948.1,381,383,436,438,3,ACT,ACT
L75948.1,30,32,110,112,3,ACT,ACT
L75948.1,30,32,46,48,3,ACT,ACT
L75948.1,30,32,79,81,3,ACT,ACT
L75948.1,27,29,30,32,3,ACT,ACT
L75948.1,30,32,369,371,3,ACT,ACT
L75948.1,30,32,425,427,3,ACT,ACT
L75948.1,30,32,451,453,3,ACT,ACT
L75948.1,30,32,104,106,3,ACT,ACT
L75948.1,110,112,228,230,3,ACT,ACT
L75948.1,46,48,228,230,3,ACT,ACT
L75948.1,79,81,228,230,3,ACT,ACT
L75948.1,27,29,228,230,3,ACT,ACT
L75948.1,228,230,369,371,3,ACT,ACT
L75948.1,228,230,436,438,3,ACT,ACT
L75948.1,228,230,425,427,3,ACT,ACT
L75948.1,228,230,451,453,3,ACT,ACT
L75948.1,30,32,228,230,3,ACT,ACT
L75948.1,228,230,315,317,3,ACT,ACT
L75948.1,228,230,442,444,3,ACT,ACT
L75948.1,228,230,428,430,3,ACT,ACT
L75948.1,228,230,381,383,3,ACT,ACT
L75948.1,40,46,258,264,7,AGTACAA,AGTACAA
L75948.1,258,260,321,323,3,AGT,AGT
L75948.1,15,17,321,323,3,AGT,AGT
L75948.1,40,42,321,323,3,AGT,AGT
L75948.1,321,323,374,376,3,AGT,AGT
L75948.1,258,260,309,311,3,AGT,AGT
L75948.1,299,301,321,323,3,AGT,AGT
L75948.1,299,301,309,311,3,AGT,AGT
L75948.1,15,17,299,301,3,AGT,AGT
L75948.1,40,42,299,301,3,AGT,AGT
L75948.1,299,301,374,376,3,AGT,AGT
L75948.1,258,260,267,269,3,AGT,AGT
L75948.1,144,146,258,260,3,AGT,AGT
L75948.1,258,260,479,481,3,AGT,AGT
L75948.1,267,269,321,323,3,AGT,AGT
L75948.1,144,146,321,323,3,AGT,AGT
L75948.1,321,323,479,481,3,AGT,AGT
L75948.1,267,269,309,311,3,AGT,AGT
L75948.1,15,17,267,269,3,AGT,AGT
L75948.1,40,42,267,269,3,AGT,AGT
L75948.1,267,269,374,376,3,AGT,AGT
L75948.1,144,146,309,311,3,AGT,AGT
L75948.1,15,17,144,146,3,AGT,AGT
L75948.1,40,42,144,146,3,AGT,AGT
L75948.1,144,146,374,376,3,AGT,AGT
L75948.1,309,311,479,481,3,AGT,AGT
L75948.1,15,17,479,481,3,AGT,AGT
L75948.1,40,42,479,481,3,AGT,AGT
L75948.1,374,376,479,481,3,AGT,AGT
L75948.1,61,63,258,260,3,AGT,AGT
L75948.1,61,63,321,323,3,AGT,AGT
L75948.1,292,294,321,323,3,AGT,AGT
L75948.1,267,269,292,294,3,AGT,AGT
L75948.1,144,146,292,294,3,AGT,AGT
L75948.1,292,294,479,481,3,AGT,AGT
L75948.1,61,63,292,294,3,AGT,AGT
L75948.1,292,294,309,311,3,AGT,AGT
L75948.1,15,17,292,294,3,AGT,AGT
L75948.1,40,42,292,294,3,AGT,AGT
L75948.1,292,294,374,376,3,AGT,AGT
L75948.1,205,209,238,242,5,ATGCA,ATGCA
L75948.1,238,242,401,405,5,ATGCA,ATGCA
L75948.1,205,209,401,405,5,ATGCA,ATGCA
L75948.1,241,244,297,300,4,CAAG,CAAG
L75948.1,128,131,297,300,4,CAAG,CAAG
L75948.1,115,118,297,300,4,CAAG,CAAG
L75948.1,122,125,297,300,4,CAAG,CAAG
L75948.1,224,227,297,300,4,CAAG,CAAG
L75948.1,128,131,241,244,4,CAAG,CAAG
L75948.1,115,118,241,244,4,CAAG,CAAG
L75948.1,122,125,241,244,4,CAAG,CAAG
L75948.1,224,227,241,244,4,CAAG,CAAG
L75948.1,85,88,99,102,4,CAAT,CAAT
L75948.1,69,72,99,102,4,CAAT,CAAT
L75948.1,85,88,217,220,4,CAAT,CAAT
L75948.1,69,72,217,220,4,CAAT,CAAT
L75948.1,99,102,406,409,4,CAAT,CAAT
L75948.1,217,220,406,409,4,CAAT,CAAT
L75948.1,85,88,89,92,4,CAAT,CAAT
L75948.1,69,72,89,92,4,CAAT,CAAT
L75948.1,89,92,99,102,4,CAAT,CAAT
L75948.1,303,305,331,333,3,CAA,CAA
L75948.1,44,46,303,305,3,CAA,CAA
L75948.1,128,130,303,305,3,CAA,CAA
L75948.1,115,117,303,305,3,CAA,CAA
L75948.1,122,124,303,305,3,CAA,CAA
L75948.1,224,226,303,305,3,CAA,CAA
L75948.1,297,299,331,333,3,CAA,CAA
L75948.1,44,46,297,299,3,CAA,CAA
L75948.1,52,54,297,299,3,CAA,CAA
L75948.1,154,156,297,299,3,CAA,CAA
L75948.1,297,299,366,368,3,CAA,CAA
L75948.1,262,264,297,299,3,CAA,CAA
L75948.1,297,299,303,305,3,CAA,CAA
L75948.1,241,243,331,333,3,CAA,CAA
L75948.1,44,46,241,243,3,CAA,CAA
L75948.1,52,54,241,243,3,CAA,CAA
L75948.1,154,156,241,243,3,CAA,CAA
L75948.1,241,243,366,368,3,CAA,CAA
L75948.1,241,243,262,264,3,CAA,CAA
L75948.1,85,87,297,299,3,CAA,CAA
L75948.1,69,71,297,299,3,CAA,CAA
L75948.1,297,299,406,408,3,CAA,CAA
L75948.1,85,87,241,243,3,CAA,CAA
L75948.1,85,87,303,305,3,CAA,CAA
L75948.1,69,71,241,243,3,CAA,CAA
L75948.1,69,71,303,305,3,CAA,CAA
L75948.1,241,243,406,408,3,CAA,CAA
L75948.1,303,305,406,408,3,CAA,CAA
L75948.1,99,101,128,130,3,CAA,CAA
L75948.1,99,101,115,117,3,CAA,CAA
L75948.1,99,101,122,124,3,CAA,CAA
L75948.1,99,101,224,226,3,CAA,CAA
L75948.1,99,101,331,333,3,CAA,CAA
L75948.1,44,46,99,101,3,CAA,CAA
L75948.1,52,54,99,101,3,CAA,CAA
L75948.1,99,101,154,156,3,CAA,CAA
L75948.1,99,101,366,368,3,CAA,CAA
L75948.1,99,101,262,264,3,CAA,CAA
L75948.1,99,101,241,243,3,CAA,CAA
L75948.1,99,101,303,305,3,CAA,CAA
L75948.1,128,130,217,219,3,CAA,CAA
L75948.1,115,117,217,219,3,CAA,CAA
L75948.1,122,124,217,219,3,CAA,CAA
L75948.1,217,219,224,226,3,CAA,CAA
L75948.1,217,219,331,333,3,CAA,CAA
L75948.1,44,46,217,219,3,CAA,CAA
L75948.1,52,54,217,219,3,CAA,CAA
L75948.1,154,156,217,219,3,CAA,CAA
L75948.1,217,219,366,368,3,CAA,CAA
L75948.1,217,219,262,264,3,CAA,CAA
L75948.1,89,91,128,130,3,CAA,CAA
L75948.1,89,91,115,117,3,CAA,CAA
L75948.1,89,91,122,124,3,CAA,CAA
L75948.1,89,91,224,226,3,CAA,CAA
L75948.1,89,91,331,333,3,CAA,CAA
L75948.1,44,46,89,91,3,CAA,CAA
L75948.1,52,54,89,91,3,CAA,CAA
L75948.1,89,91,154,156,3,CAA,CAA
L75948.1,89,91,366,368,3,CAA,CAA
L75948.1,89,91,262,264,3,CAA,CAA
L75948.1,217,219,297,299,3,CAA,CAA
L75948.1,89,91,297,299,3,CAA,CAA
L75948.1,217,219,241,243,3,CAA,CAA
L75948.1,217,219,303,305,3,CAA,CAA
L75948.1,89,91,241,243,3,CAA,CAA
L75948.1,89,91,303,305,3,CAA,CAA
L75948.1,83,88,404,409,6,CACAAT,CACAAT
L75948.1,67,72,404,409,6,CACAAT,CACAAT
L75948.1,83,87,364,368,5,CACAA,CACAA
L75948.1,67,71,364,368,5,CACAA,CACAA
L75948.1,364,368,404,408,5,CACAA,CACAA
L75948.1,24,26,80,82,3,CTA,CTA
L75948.1,80,82,159,161,3,CTA,CTA
L75948.1,24,26,429,431,3,CTA,CTA
L75948.1,159,161,429,431,3,CTA,CTA
L75948.1,24,26,382,384,3,CTA,CTA
L75948.1,159,161,382,384,3,CTA,CTA
L75948.1,24,26,426,428,3,CTA,CTA
L75948.1,159,161,426,428,3,CTA,CTA
L75948.1,24,26,28,30,3,CTA,CTA
L75948.1,28,30,159,161,3,CTA,CTA
L75948.1,80,82,485,487,3,CTA,CTA
L75948.1,429,431,485,487,3,CTA,CTA
L75948.1,382,384,485,487,3,CTA,CTA
L75948.1,426,428,485,487,3,CTA,CTA
L75948.1,28,30,485,487,3,CTA,CTA
L75948.1,47,49,440,442,3,CTA,CTA
L75948.1,24,26,440,442,3,CTA,CTA
L75948.1,159,161,440,442,3,CTA,CTA
L75948.1,80,82,446,448,3,CTA,CTA
L75948.1,429,431,446,448,3,CTA,CTA
L75948.1,382,384,446,448,3,CTA,CTA
L75948.1,426,428,446,448,3,CTA,CTA
L75948.1,28,30,446,448,3,CTA,CTA
L75948.1,47,49,446,448,3,CTA,CTA
L75948.1,24,26,446,448,3,CTA,CTA
L75948.1,159,161,446,448,3,CTA,CTA
L75948.1,440,442,446,448,3,CTA,CTA
L75948.1,446,448,485,487,3,CTA,CTA
L75948.1,13,15,80,82,3,CTA,CTA
L75948.1,13,15,429,431,3,CTA,CTA
L75948.1,13,15,382,384,3,CTA,CTA
L75948.1,13,15,426,428,3,CTA,CTA
L75948.1,13,15,28,30,3,CTA,CTA
L75948.1,13,15,47,49,3,CTA,CTA
L75948.1,38,40,80,82,3,CTA,CTA
L75948.1,38,40,429,431,3,CTA,CTA
L75948.1,38,40,382,384,3,CTA,CTA
L75948.1,38,40,426,428,3,CTA,CTA
L75948.1,28,30,38,40,3,CTA,CTA
L75948.1,38,40,47,49,3,CTA,CTA
L75948.1,13,15,24,26,3,CTA,CTA
L75948.1,13,15,159,161,3,CTA,CTA
L75948.1,24,26,38,40,3,CTA,CTA
L75948.1,38,40,159,161,3,CTA,CTA
L75948.1,24,26,370,372,3,CTA,CTA
L75948.1,159,161,370,372,3,CTA,CTA
L75948.1,24,26,452,454,3,CTA,CTA
L75948.1,159,161,452,454,3,CTA,CTA
L75948.1,370,372,446,448,3,CTA,CTA
L75948.1,446,448,452,454,3,CTA,CTA
L75948.1,13,15,370,372,3,CTA,CTA
L75948.1,38,40,370,372,3,CTA,CTA
L75948.1,370,372,440,442,3,CTA,CTA
L75948.1,370,372,485,487,3,CTA,CTA
L75948.1,13,15,452,454,3,CTA,CTA
L75948.1,38,40,452,454,3,CTA,CTA
L75948.1,440,442,452,454,3,CTA,CTA
L75948.1,452,454,485,487,3,CTA,CTA
L75948.1,131,135,233,237,5,GAAAA,GAAAA
L75948.1,131,135,254,258,5,GAAAA,GAAAA
L75948.1,185,189,233,237,5,GAAAA,GAAAA
L75948.1,131,133,290,292,3,GAA,GAA
L75948.1,185,187,290,292,3,GAA,GAA
L75948.1,118,120,290,292,3,GAA,GAA
L75948.1,233,235,290,292,3,GAA,GAA
L75948.1,254,256,290,292,3,GAA,GAA
L75948.1,107,109,290,292,3,GAA,GAA
L75948.1,131,133,274,276,3,GAA,GAA
L75948.1,185,187,274,276,3,GAA,GAA
L75948.1,118,120,274,276,3,GAA,GAA
L75948.1,290,292,353,355,3,GAA,GAA
L75948.1,9,11,290,292,3,GAA,GAA
L75948.1,274,276,353,355,3,GAA,GAA
L75948.1,233,235,353,355,3,GAA,GAA
L75948.1,254,256,353,355,3,GAA,GAA
L75948.1,107,109,353,355,3,GAA,GAA
L75948.1,9,11,274,276,3,GAA,GAA
L75948.1,9,11,233,235,3,GAA,GAA
L75948.1,9,11,254,256,3,GAA,GAA
L75948.1,9,11,107,109,3,GAA,GAA
L75948.1,3,5,131,133,3,GAA,GAA
L75948.1,3,5,185,187,3,GAA,GAA
L75948.1,3,5,118,120,3,GAA,GAA
L75948.1,3,5,274,276,3,GAA,GAA
L75948.1,3,5,233,235,3,GAA,GAA
L75948.1,3,5,254,256,3,GAA,GAA
L75948.1,3,5,107,109,3,GAA,GAA
L75948.1,131,133,245,247,3,GAA,GAA
L75948.1,185,187,245,247,3,GAA,GAA
L75948.1,118,120,245,247,3,GAA,GAA
L75948.1,245,247,290,292,3,GAA,GAA
L75948.1,245,247,274,276,3,GAA,GAA
L75948.1,233,235,245,247,3,GAA,GAA
L75948.1,245,247,254,256,3,GAA,GAA
L75948.1,107,109,245,247,3,GAA,GAA
L75948.1,3,5,125,127,3,GAA,GAA
L75948.1,125,127,290,292,3,GAA,GAA
L75948.1,125,127,245,247,3,GAA,GAA
L75948.1,125,127,274,276,3,GAA,GAA
L75948.1,125,127,233,235,3,GAA,GAA
L75948.1,125,127,254,256,3,GAA,GAA
L75948.1,107,109,125,127,3,GAA,GAA
L75948.1,113,119,222,228,7,GACAAGA,GACAAGA
L75948.1,285,287,445,447,3,GCT,GCT
L75948.1,198,200,277,279,3,GGG,GGG
L75948.1,278,280,358,360,3,GGT,GGT
L75948.1,343,349,375,381,7,GTATATA,GTATATA
L75948.1,25,31,77,83,7,TAACTAC,TAACTAC
L75948.1,160,166,178,184,7,TAAGCCA,TAAGCCA
L75948.1,65,74,81,90,10,TACACAATCA,TACACAATCA
L75948.1,81,84,260,263,4,TACA,TACA
L75948.1,42,45,81,84,4,TACA,TACA
L75948.1,260,263,430,433,4,TACA,TACA
L75948.1,42,45,430,433,4,TACA,TACA
L75948.1,81,84,202,205,4,TACA,TACA
L75948.1,202,205,430,433,4,TACA,TACA
L75948.1,65,68,202,205,4,TACA,TACA
L75948.1,202,205,260,263,4,TACA,TACA
L75948.1,42,45,202,205,4,TACA,TACA
L75948.1,81,83,95,97,3,TAC,TAC
L75948.1,95,97,430,432,3,TAC,TAC
L75948.1,95,97,260,262,3,TAC,TAC
L75948.1,42,44,95,97,3,TAC,TAC
L75948.1,65,67,95,97,3,TAC,TAC
L75948.1,202,204,383,385,3,TAC,TAC
L75948.1,260,262,383,385,3,TAC,TAC
L75948.1,42,44,383,385,3,TAC,TAC
L75948.1,65,67,383,385,3,TAC,TAC
L75948.1,202,204,416,418,3,TAC,TAC
L75948.1,81,83,416,418,3,TAC,TAC
L75948.1,416,418,430,432,3,TAC,TAC
L75948.1,260,262,416,418,3,TAC,TAC
L75948.1,42,44,416,418,3,TAC,TAC
L75948.1,65,67,416,418,3,TAC,TAC
L75948.1,380,382,383,385,3,TAC,TAC
L75948.1,81,83,380,382,3,TAC,TAC
L75948.1,380,382,430,432,3,TAC,TAC
L75948.1,260,262,380,382,3,TAC,TAC
L75948.1,42,44,380,382,3,TAC,TAC
L75948.1,65,67,380,382,3,TAC,TAC
L75948.1,380,382,416,418,3,TAC,TAC
L75948.1,95,97,427,429,3,TAC,TAC
L75948.1,202,204,427,429,3,TAC,TAC
L75948.1,95,97,441,443,3,TAC,TAC
L75948.1,202,204,441,443,3,TAC,TAC
L75948.1,29,31,95,97,3,TAC,TAC
L75948.1,29,31,202,204,3,TAC,TAC
L75948.1,260,262,427,429,3,TAC,TAC
L75948.1,42,44,427,429,3,TAC,TAC
L75948.1,65,67,427,429,3,TAC,TAC
L75948.1,260,262,441,443,3,TAC,TAC
L75948.1,42,44,441,443,3,TAC,TAC
L75948.1,65,67,441,443,3,TAC,TAC
L75948.1,29,31,260,262,3,TAC,TAC
L75948.1,29,31,42,44,3,TAC,TAC
L75948.1,29,31,65,67,3,TAC,TAC
L75948.1,416,418,427,429,3,TAC,TAC
L75948.1,416,418,441,443,3,TAC,TAC
L75948.1,29,31,416,418,3,TAC,TAC
L75948.1,95,97,314,316,3,TAC,TAC
L75948.1,202,204,314,316,3,TAC,TAC
L75948.1,314,316,383,385,3,TAC,TAC
L75948.1,81,83,314,316,3,TAC,TAC
L75948.1,314,316,430,432,3,TAC,TAC
L75948.1,260,262,314,316,3,TAC,TAC
L75948.1,42,44,314,316,3,TAC,TAC
L75948.1,65,67,314,316,3,TAC,TAC
L75948.1,346,351,376,381,6,TATATA,TATATA
L75948.1,344,349,346,351,6,TATATA,TATATA
L75948.1,93,96,346,349,4,TATA,TATA
L75948.1,376,379,378,381,4,TATA,TATA
L75948.1,344,347,378,381,4,TATA,TATA
L75948.1,93,96,376,379,4,TATA,TATA
L75948.1,93,96,344,347,4,TATA,TATA
L75948.1,348,351,371,374,4,TATA,TATA
L75948.1,348,351,376,379,4,TATA,TATA
L75948.1,344,347,348,351,4,TATA,TATA
L75948.1,93,96,348,351,4,TATA,TATA
L75948.1,346,349,371,374,4,TATA,TATA
L75948.1,371,374,378,381,4,TATA,TATA
L75948.1,371,374,376,379,4,TATA,TATA
L75948.1,344,347,371,374,4,TATA,TATA
L75948.1,93,96,371,374,4,TATA,TATA
L75948.1,295,297,455,457,3,TCC,TCC
L75948.1,12,18,37,43,7,TCTAGTA,TCTAGTA
L75948.1,220,222,467,469,3,TGG,TGG

Total for length 3 is 642.
Total for length 4 is 112.
Total for length 5 is 28.
Total for length 6 is 6.
Total for length 7 is 11.
Total for length 10 is 1.

