Input file is sequence6.fasta.
Minimal fragment length is 3.
Working with probability estimation.
P value is : 0.050000.
Printing all instances.
Looking for inverse non-complementary repeats.
L75948.1 Alphabet size is 4.
Input sequence has 0 letters that are not in expected alphabet.
L75948.1,186,190,233,237,5,AAAAG,GAAAA
L75948.1,132,135,235,238,4,AAAA,AAAA
L75948.1,132,135,234,237,4,AAAA,AAAA
L75948.1,234,237,234,237,4,AAAA,AAAA
L75948.1,132,135,132,135,4,AAAA,AAAA
L75948.1,186,189,235,238,4,AAAA,AAAA
L75948.1,235,238,255,258,4,AAAA,AAAA
L75948.1,235,238,235,238,4,AAAA,AAAA
L75948.1,53,56,234,237,4,AAAA,AAAA
L75948.1,53,56,186,189,4,AAAA,AAAA
L75948.1,53,56,255,258,4,AAAA,AAAA
L75948.1,53,56,53,56,4,AAAA,AAAA
L75948.1,53,56,235,238,4,AAAA,AAAA
L75948.1,133,136,366,369,4,AAAC,CAAA
L75948.1,133,136,154,157,4,AAAC,CAAA
L75948.1,133,136,262,265,4,AAAC,CAAA
L75948.1,155,158,262,265,4,AAAC,CAAA
L75948.1,108,111,366,369,4,AAAC,CAAA
L75948.1,108,111,154,157,4,AAAC,CAAA
L75948.1,133,136,303,306,4,AAAC,CAAA
L75948.1,155,158,303,306,4,AAAC,CAAA
L75948.1,108,111,303,306,4,AAAC,CAAA
L75948.1,119,122,303,306,4,AAAC,CAAA
L75948.1,53,55,53,55,3,AAA,AAA
L75948.1,133,135,133,135,3,AAA,AAA
L75948.1,133,135,187,189,3,AAA,AAA
L75948.1,133,135,256,258,3,AAA,AAA
L75948.1,133,135,236,238,3,AAA,AAA
L75948.1,235,237,367,369,3,AAA,AAA
L75948.1,155,157,235,237,3,AAA,AAA
L75948.1,234,236,367,369,3,AAA,AAA
L75948.1,132,134,367,369,3,AAA,AAA
L75948.1,186,188,367,369,3,AAA,AAA
L75948.1,255,257,367,369,3,AAA,AAA
L75948.1,132,134,155,157,3,AAA,AAA
L75948.1,155,157,187,189,3,AAA,AAA
L75948.1,155,157,256,258,3,AAA,AAA
L75948.1,155,157,236,238,3,AAA,AAA
L75948.1,119,121,235,237,3,AAA,AAA
L75948.1,235,237,263,265,3,AAA,AAA
L75948.1,108,110,235,237,3,AAA,AAA
L75948.1,119,121,133,135,3,AAA,AAA
L75948.1,53,55,263,265,3,AAA,AAA
L75948.1,108,110,133,135,3,AAA,AAA
L75948.1,119,121,236,238,3,AAA,AAA
L75948.1,108,110,236,238,3,AAA,AAA
L75948.1,49,51,235,237,3,AAA,AAA
L75948.1,235,237,304,306,3,AAA,AAA
L75948.1,49,51,133,135,3,AAA,AAA
L75948.1,53,55,304,306,3,AAA,AAA
L75948.1,49,51,187,189,3,AAA,AAA
L75948.1,49,51,256,258,3,AAA,AAA
L75948.1,234,236,304,306,3,AAA,AAA
L75948.1,132,134,304,306,3,AAA,AAA
L75948.1,186,188,304,306,3,AAA,AAA
L75948.1,255,257,304,306,3,AAA,AAA
L75948.1,53,55,132,134,3,AAA,AAA
L75948.1,155,157,186,188,3,AAA,AAA
L75948.1,53,55,186,188,3,AAA,AAA
L75948.1,187,189,367,369,3,AAA,AAA
L75948.1,256,258,367,369,3,AAA,AAA
L75948.1,155,157,234,236,3,AAA,AAA
L75948.1,53,55,234,236,3,AAA,AAA
L75948.1,155,157,255,257,3,AAA,AAA
L75948.1,53,55,255,257,3,AAA,AAA
L75948.1,119,121,132,134,3,AAA,AAA
L75948.1,108,110,132,134,3,AAA,AAA
L75948.1,132,134,132,134,3,AAA,AAA
L75948.1,119,121,186,188,3,AAA,AAA
L75948.1,108,110,186,188,3,AAA,AAA
L75948.1,132,134,186,188,3,AAA,AAA
L75948.1,186,188,186,188,3,AAA,AAA
L75948.1,187,189,263,265,3,AAA,AAA
L75948.1,187,189,187,189,3,AAA,AAA
L75948.1,187,189,256,258,3,AAA,AAA
L75948.1,256,258,263,265,3,AAA,AAA
L75948.1,256,258,256,258,3,AAA,AAA
L75948.1,119,121,234,236,3,AAA,AAA
L75948.1,108,110,234,236,3,AAA,AAA
L75948.1,234,236,234,236,3,AAA,AAA
L75948.1,132,134,234,236,3,AAA,AAA
L75948.1,186,188,234,236,3,AAA,AAA
L75948.1,119,121,255,257,3,AAA,AAA
L75948.1,108,110,255,257,3,AAA,AAA
L75948.1,234,236,255,257,3,AAA,AAA
L75948.1,132,134,255,257,3,AAA,AAA
L75948.1,186,188,255,257,3,AAA,AAA
L75948.1,255,257,255,257,3,AAA,AAA
L75948.1,49,51,132,134,3,AAA,AAA
L75948.1,49,51,186,188,3,AAA,AAA
L75948.1,187,189,304,306,3,AAA,AAA
L75948.1,187,189,236,238,3,AAA,AAA
L75948.1,256,258,304,306,3,AAA,AAA
L75948.1,49,51,234,236,3,AAA,AAA
L75948.1,49,51,255,257,3,AAA,AAA
L75948.1,119,121,119,121,3,AAA,AAA
L75948.1,108,110,119,121,3,AAA,AAA
L75948.1,263,265,263,265,3,AAA,AAA
L75948.1,108,110,108,110,3,AAA,AAA
L75948.1,49,51,119,121,3,AAA,AAA
L75948.1,263,265,304,306,3,AAA,AAA
L75948.1,49,51,108,110,3,AAA,AAA
L75948.1,236,238,367,369,3,AAA,AAA
L75948.1,54,56,119,121,3,AAA,AAA
L75948.1,54,56,108,110,3,AAA,AAA
L75948.1,54,56,367,369,3,AAA,AAA
L75948.1,54,56,155,157,3,AAA,AAA
L75948.1,54,56,133,135,3,AAA,AAA
L75948.1,236,238,263,265,3,AAA,AAA
L75948.1,236,238,256,258,3,AAA,AAA
L75948.1,54,56,263,265,3,AAA,AAA
L75948.1,54,56,187,189,3,AAA,AAA
L75948.1,54,56,256,258,3,AAA,AAA
L75948.1,236,238,304,306,3,AAA,AAA
L75948.1,236,238,236,238,3,AAA,AAA
L75948.1,54,56,304,306,3,AAA,AAA
L75948.1,54,56,236,238,3,AAA,AAA
L75948.1,54,56,54,56,3,AAA,AAA
L75948.1,49,51,49,51,3,AAA,AAA
L75948.1,304,306,304,306,3,AAA,AAA
L75948.1,187,189,390,392,3,AAA,AAA
L75948.1,256,258,390,392,3,AAA,AAA
L75948.1,133,135,390,392,3,AAA,AAA
L75948.1,235,237,390,392,3,AAA,AAA
L75948.1,263,265,390,392,3,AAA,AAA
L75948.1,155,157,390,392,3,AAA,AAA
L75948.1,367,369,390,392,3,AAA,AAA
L75948.1,53,55,390,392,3,AAA,AAA
L75948.1,119,121,390,392,3,AAA,AAA
L75948.1,108,110,390,392,3,AAA,AAA
L75948.1,234,236,390,392,3,AAA,AAA
L75948.1,132,134,390,392,3,AAA,AAA
L75948.1,186,188,390,392,3,AAA,AAA
L75948.1,255,257,390,392,3,AAA,AAA
L75948.1,120,130,120,130,11,AACAAGAACAA,AACAAGAACAA
L75948.1,126,129,365,368,4,AACA,ACAA
L75948.1,50,53,84,87,4,AACA,ACAA
L75948.1,50,53,68,71,4,AACA,ACAA
L75948.1,50,53,405,408,4,AACA,ACAA
L75948.1,120,123,405,408,4,AACA,ACAA
L75948.1,126,129,405,408,4,AACA,ACAA
L75948.1,126,129,153,156,4,AACA,ACAA
L75948.1,50,53,330,333,4,AACA,ACAA
L75948.1,120,123,330,333,4,AACA,ACAA
L75948.1,126,129,330,333,4,AACA,ACAA
L75948.1,50,53,223,226,4,AACA,ACAA
L75948.1,120,123,223,226,4,AACA,ACAA
L75948.1,50,53,114,117,4,AACA,ACAA
L75948.1,126,129,261,264,4,AACA,ACAA
L75948.1,134,136,331,333,3,AAC,CAA
L75948.1,156,158,331,333,3,AAC,CAA
L75948.1,134,136,224,226,3,AAC,CAA
L75948.1,156,158,224,226,3,AAC,CAA
L75948.1,134,136,406,408,3,AAC,CAA
L75948.1,156,158,406,408,3,AAC,CAA
L75948.1,332,334,366,368,3,AAC,CAA
L75948.1,332,334,406,408,3,AAC,CAA
L75948.1,50,52,297,299,3,AAC,CAA
L75948.1,120,122,297,299,3,AAC,CAA
L75948.1,18,20,52,54,3,AAC,CAA
L75948.1,18,20,366,368,3,AAC,CAA
L75948.1,18,20,154,156,3,AAC,CAA
L75948.1,18,20,262,264,3,AAC,CAA
L75948.1,50,52,99,101,3,AAC,CAA
L75948.1,18,20,331,333,3,AAC,CAA
L75948.1,18,20,44,46,3,AAC,CAA
L75948.1,18,20,122,124,3,AAC,CAA
L75948.1,18,20,128,130,3,AAC,CAA
L75948.1,18,20,224,226,3,AAC,CAA
L75948.1,18,20,115,117,3,AAC,CAA
L75948.1,126,128,303,305,3,AAC,CAA
L75948.1,18,20,303,305,3,AAC,CAA
L75948.1,134,136,241,243,3,AAC,CAA
L75948.1,156,158,241,243,3,AAC,CAA
L75948.1,50,52,241,243,3,AAC,CAA
L75948.1,120,122,241,243,3,AAC,CAA
L75948.1,18,20,241,243,3,AAC,CAA
L75948.1,109,111,331,333,3,AAC,CAA
L75948.1,109,111,241,243,3,AAC,CAA
L75948.1,109,111,297,299,3,AAC,CAA
L75948.1,109,111,122,124,3,AAC,CAA
L75948.1,109,111,128,130,3,AAC,CAA
L75948.1,109,111,224,226,3,AAC,CAA
L75948.1,109,111,115,117,3,AAC,CAA
L75948.1,368,370,406,408,3,AAC,CAA
L75948.1,109,111,406,408,3,AAC,CAA
L75948.1,45,47,303,305,3,AAC,CAA
L75948.1,45,47,52,54,3,AAC,CAA
L75948.1,45,47,366,368,3,AAC,CAA
L75948.1,45,47,154,156,3,AAC,CAA
L75948.1,45,47,262,264,3,AAC,CAA
L75948.1,45,47,241,243,3,AAC,CAA
L75948.1,45,47,297,299,3,AAC,CAA
L75948.1,45,47,122,124,3,AAC,CAA
L75948.1,45,47,128,130,3,AAC,CAA
L75948.1,45,47,224,226,3,AAC,CAA
L75948.1,45,47,115,117,3,AAC,CAA
L75948.1,45,47,99,101,3,AAC,CAA
L75948.1,45,47,85,87,3,AAC,CAA
L75948.1,45,47,69,71,3,AAC,CAA
L75948.1,45,47,406,408,3,AAC,CAA
L75948.1,50,52,89,91,3,AAC,CAA
L75948.1,78,80,303,305,3,AAC,CAA
L75948.1,78,80,366,368,3,AAC,CAA
L75948.1,78,80,154,156,3,AAC,CAA
L75948.1,78,80,262,264,3,AAC,CAA
L75948.1,26,28,303,305,3,AAC,CAA
L75948.1,26,28,52,54,3,AAC,CAA
L75948.1,26,28,366,368,3,AAC,CAA
L75948.1,26,28,154,156,3,AAC,CAA
L75948.1,26,28,262,264,3,AAC,CAA
L75948.1,134,136,217,219,3,AAC,CAA
L75948.1,156,158,217,219,3,AAC,CAA
L75948.1,50,52,217,219,3,AAC,CAA
L75948.1,120,122,217,219,3,AAC,CAA
L75948.1,78,80,331,333,3,AAC,CAA
L75948.1,26,28,331,333,3,AAC,CAA
L75948.1,26,28,44,46,3,AAC,CAA
L75948.1,78,80,241,243,3,AAC,CAA
L75948.1,78,80,297,299,3,AAC,CAA
L75948.1,78,80,122,124,3,AAC,CAA
L75948.1,78,80,128,130,3,AAC,CAA
L75948.1,78,80,224,226,3,AAC,CAA
L75948.1,78,80,115,117,3,AAC,CAA
L75948.1,26,28,241,243,3,AAC,CAA
L75948.1,26,28,297,299,3,AAC,CAA
L75948.1,26,28,122,124,3,AAC,CAA
L75948.1,26,28,128,130,3,AAC,CAA
L75948.1,26,28,224,226,3,AAC,CAA
L75948.1,26,28,115,117,3,AAC,CAA
L75948.1,126,128,217,219,3,AAC,CAA
L75948.1,123,133,123,133,11,AAGAACAAGAA,AAGAACAAGAA
L75948.1,129,133,129,133,5,AAGAA,AAGAA
L75948.1,116,120,129,133,5,AAGAA,AAGAA
L75948.1,116,120,116,120,5,AAGAA,AAGAA
L75948.1,123,127,351,355,5,AAGAA,AAGAA
L75948.1,129,133,351,355,5,AAGAA,AAGAA
L75948.1,116,120,351,355,5,AAGAA,AAGAA
L75948.1,129,132,184,187,4,AAGA,AGAA
L75948.1,116,119,184,187,4,AAGA,AGAA
L75948.1,123,126,184,187,4,AAGA,AGAA
L75948.1,225,228,352,355,4,AAGA,AGAA
L75948.1,264,267,352,355,4,AAGA,AGAA
L75948.1,264,266,290,292,3,AAG,GAA
L75948.1,129,131,290,292,3,AAG,GAA
L75948.1,116,118,290,292,3,AAG,GAA
L75948.1,123,125,290,292,3,AAG,GAA
L75948.1,225,227,290,292,3,AAG,GAA
L75948.1,179,181,185,187,3,AAG,GAA
L75948.1,161,163,185,187,3,AAG,GAA
L75948.1,188,190,290,292,3,AAG,GAA
L75948.1,188,190,353,355,3,AAG,GAA
L75948.1,242,244,290,292,3,AAG,GAA
L75948.1,242,244,353,355,3,AAG,GAA
L75948.1,275,277,353,355,3,AAG,GAA
L75948.1,129,131,245,247,3,AAG,GAA
L75948.1,116,118,245,247,3,AAG,GAA
L75948.1,123,125,245,247,3,AAG,GAA
L75948.1,225,227,245,247,3,AAG,GAA
L75948.1,129,131,233,235,3,AAG,GAA
L75948.1,116,118,233,235,3,AAG,GAA
L75948.1,123,125,233,235,3,AAG,GAA
L75948.1,225,227,233,235,3,AAG,GAA
L75948.1,242,244,254,256,3,AAG,GAA
L75948.1,129,131,254,256,3,AAG,GAA
L75948.1,116,118,254,256,3,AAG,GAA
L75948.1,123,125,254,256,3,AAG,GAA
L75948.1,225,227,254,256,3,AAG,GAA
L75948.1,257,259,290,292,3,AAG,GAA
L75948.1,257,259,353,355,3,AAG,GAA
L75948.1,179,181,233,235,3,AAG,GAA
L75948.1,161,163,233,235,3,AAG,GAA
L75948.1,179,181,254,256,3,AAG,GAA
L75948.1,161,163,254,256,3,AAG,GAA
L75948.1,298,300,353,355,3,AAG,GAA
L75948.1,188,190,274,276,3,AAG,GAA
L75948.1,264,266,274,276,3,AAG,GAA
L75948.1,242,244,274,276,3,AAG,GAA
L75948.1,129,131,274,276,3,AAG,GAA
L75948.1,116,118,274,276,3,AAG,GAA
L75948.1,123,125,274,276,3,AAG,GAA
L75948.1,225,227,274,276,3,AAG,GAA
L75948.1,179,181,274,276,3,AAG,GAA
L75948.1,161,163,274,276,3,AAG,GAA
L75948.1,291,293,353,355,3,AAG,GAA
L75948.1,86,88,350,352,3,AAT,TAA
L75948.1,70,72,350,352,3,AAT,TAA
L75948.1,391,393,486,488,3,AAT,TAA
L75948.1,4,6,77,79,3,AAT,TAA
L75948.1,10,12,77,79,3,AAT,TAA
L75948.1,86,88,389,391,3,AAT,TAA
L75948.1,70,72,389,391,3,AAT,TAA
L75948.1,237,239,486,488,3,AAT,TAA
L75948.1,237,239,350,352,3,AAT,TAA
L75948.1,4,6,389,391,3,AAT,TAA
L75948.1,10,12,389,391,3,AAT,TAA
L75948.1,354,356,389,391,3,AAT,TAA
L75948.1,100,102,160,162,3,AAT,TAA
L75948.1,100,102,486,488,3,AAT,TAA
L75948.1,100,102,350,352,3,AAT,TAA
L75948.1,4,6,17,19,3,AAT,TAA
L75948.1,10,12,17,19,3,AAT,TAA
L75948.1,218,220,486,488,3,AAT,TAA
L75948.1,218,220,350,352,3,AAT,TAA
L75948.1,86,88,178,180,3,AAT,TAA
L75948.1,70,72,178,180,3,AAT,TAA
L75948.1,55,57,77,79,3,AAT,TAA
L75948.1,305,307,486,488,3,AAT,TAA
L75948.1,305,307,350,352,3,AAT,TAA
L75948.1,55,57,178,180,3,AAT,TAA
L75948.1,55,57,160,162,3,AAT,TAA
L75948.1,55,57,486,488,3,AAT,TAA
L75948.1,55,57,350,352,3,AAT,TAA
L75948.1,237,239,410,412,3,AAT,TAA
L75948.1,391,393,410,412,3,AAT,TAA
L75948.1,90,92,389,391,3,AAT,TAA
L75948.1,4,6,410,412,3,AAT,TAA
L75948.1,10,12,410,412,3,AAT,TAA
L75948.1,354,356,410,412,3,AAT,TAA
L75948.1,407,409,486,488,3,AAT,TAA
L75948.1,90,92,178,180,3,AAT,TAA
L75948.1,90,92,160,162,3,AAT,TAA
L75948.1,90,92,486,488,3,AAT,TAA
L75948.1,90,92,350,352,3,AAT,TAA
L75948.1,246,248,389,391,3,AAT,TAA
L75948.1,237,239,475,477,3,AAT,TAA
L75948.1,391,393,475,477,3,AAT,TAA
L75948.1,100,102,475,477,3,AAT,TAA
L75948.1,218,220,475,477,3,AAT,TAA
L75948.1,86,88,475,477,3,AAT,TAA
L75948.1,70,72,475,477,3,AAT,TAA
L75948.1,43,46,120,123,4,ACAA,AACA
L75948.1,43,46,50,53,4,ACAA,AACA
L75948.1,43,46,126,129,4,ACAA,AACA
L75948.1,114,117,120,123,4,ACAA,AACA
L75948.1,84,87,126,129,4,ACAA,AACA
L75948.1,84,87,120,123,4,ACAA,AACA
L75948.1,68,71,126,129,4,ACAA,AACA
L75948.1,68,71,120,123,4,ACAA,AACA
L75948.1,127,130,411,414,4,ACAA,AACA
L75948.1,121,124,411,414,4,ACAA,AACA
L75948.1,51,54,411,414,4,ACAA,AACA
L75948.1,365,368,411,414,4,ACAA,AACA
L75948.1,114,117,411,414,4,ACAA,AACA
L75948.1,223,226,411,414,4,ACAA,AACA
L75948.1,330,333,411,414,4,ACAA,AACA
L75948.1,153,156,411,414,4,ACAA,AACA
L75948.1,82,86,82,86,5,ACACA,ACACA
L75948.1,66,70,82,86,5,ACACA,ACACA
L75948.1,66,70,66,70,5,ACACA,ACACA
L75948.1,203,207,259,263,5,ACATG,GTACA
L75948.1,84,86,84,86,3,ACA,ACA
L75948.1,68,70,84,86,3,ACA,ACA
L75948.1,68,70,68,70,3,ACA,ACA
L75948.1,365,367,405,407,3,ACA,ACA
L75948.1,84,86,405,407,3,ACA,ACA
L75948.1,68,70,405,407,3,ACA,ACA
L75948.1,405,407,405,407,3,ACA,ACA
L75948.1,365,367,365,367,3,ACA,ACA
L75948.1,84,86,365,367,3,ACA,ACA
L75948.1,68,70,365,367,3,ACA,ACA
L75948.1,153,155,405,407,3,ACA,ACA
L75948.1,330,332,405,407,3,ACA,ACA
L75948.1,114,116,405,407,3,ACA,ACA
L75948.1,223,225,405,407,3,ACA,ACA
L75948.1,153,155,365,367,3,ACA,ACA
L75948.1,330,332,365,367,3,ACA,ACA
L75948.1,114,116,365,367,3,ACA,ACA
L75948.1,223,225,365,367,3,ACA,ACA
L75948.1,43,45,84,86,3,ACA,ACA
L75948.1,43,45,68,70,3,ACA,ACA
L75948.1,261,263,405,407,3,ACA,ACA
L75948.1,43,45,405,407,3,ACA,ACA
L75948.1,261,263,365,367,3,ACA,ACA
L75948.1,43,45,365,367,3,ACA,ACA
L75948.1,82,84,121,123,3,ACA,ACA
L75948.1,82,84,127,129,3,ACA,ACA
L75948.1,66,68,121,123,3,ACA,ACA
L75948.1,66,68,127,129,3,ACA,ACA
L75948.1,84,86,330,332,3,ACA,ACA
L75948.1,68,70,330,332,3,ACA,ACA
L75948.1,84,86,153,155,3,ACA,ACA
L75948.1,68,70,153,155,3,ACA,ACA
L75948.1,84,86,223,225,3,ACA,ACA
L75948.1,68,70,223,225,3,ACA,ACA
L75948.1,84,86,114,116,3,ACA,ACA
L75948.1,68,70,114,116,3,ACA,ACA
L75948.1,153,155,330,332,3,ACA,ACA
L75948.1,330,332,330,332,3,ACA,ACA
L75948.1,114,116,330,332,3,ACA,ACA
L75948.1,223,225,330,332,3,ACA,ACA
L75948.1,153,155,153,155,3,ACA,ACA
L75948.1,114,116,153,155,3,ACA,ACA
L75948.1,153,155,223,225,3,ACA,ACA
L75948.1,114,116,223,225,3,ACA,ACA
L75948.1,223,225,223,225,3,ACA,ACA
L75948.1,114,116,114,116,3,ACA,ACA
L75948.1,82,84,330,332,3,ACA,ACA
L75948.1,66,68,330,332,3,ACA,ACA
L75948.1,261,263,330,332,3,ACA,ACA
L75948.1,43,45,330,332,3,ACA,ACA
L75948.1,82,84,153,155,3,ACA,ACA
L75948.1,66,68,153,155,3,ACA,ACA
L75948.1,43,45,153,155,3,ACA,ACA
L75948.1,82,84,223,225,3,ACA,ACA
L75948.1,66,68,223,225,3,ACA,ACA
L75948.1,43,45,223,225,3,ACA,ACA
L75948.1,82,84,114,116,3,ACA,ACA
L75948.1,66,68,114,116,3,ACA,ACA
L75948.1,43,45,114,116,3,ACA,ACA
L75948.1,51,53,319,321,3,ACA,ACA
L75948.1,127,129,319,321,3,ACA,ACA
L75948.1,121,123,319,321,3,ACA,ACA
L75948.1,319,321,405,407,3,ACA,ACA
L75948.1,319,321,365,367,3,ACA,ACA
L75948.1,84,86,319,321,3,ACA,ACA
L75948.1,68,70,319,321,3,ACA,ACA
L75948.1,82,84,319,321,3,ACA,ACA
L75948.1,66,68,319,321,3,ACA,ACA
L75948.1,261,263,319,321,3,ACA,ACA
L75948.1,43,45,319,321,3,ACA,ACA
L75948.1,319,321,412,414,3,ACA,ACA
L75948.1,84,86,261,263,3,ACA,ACA
L75948.1,68,70,261,263,3,ACA,ACA
L75948.1,153,155,261,263,3,ACA,ACA
L75948.1,114,116,261,263,3,ACA,ACA
L75948.1,223,225,261,263,3,ACA,ACA
L75948.1,82,84,261,263,3,ACA,ACA
L75948.1,66,68,261,263,3,ACA,ACA
L75948.1,261,263,261,263,3,ACA,ACA
L75948.1,43,45,261,263,3,ACA,ACA
L75948.1,43,45,43,45,3,ACA,ACA
L75948.1,412,414,412,414,3,ACA,ACA
L75948.1,51,53,82,84,3,ACA,ACA
L75948.1,51,53,431,433,3,ACA,ACA
L75948.1,127,129,431,433,3,ACA,ACA
L75948.1,121,123,431,433,3,ACA,ACA
L75948.1,51,53,66,68,3,ACA,ACA
L75948.1,319,321,431,433,3,ACA,ACA
L75948.1,153,155,431,433,3,ACA,ACA
L75948.1,330,332,431,433,3,ACA,ACA
L75948.1,114,116,431,433,3,ACA,ACA
L75948.1,223,225,431,433,3,ACA,ACA
L75948.1,82,84,82,84,3,ACA,ACA
L75948.1,66,68,82,84,3,ACA,ACA
L75948.1,43,45,82,84,3,ACA,ACA
L75948.1,82,84,431,433,3,ACA,ACA
L75948.1,66,68,431,433,3,ACA,ACA
L75948.1,431,433,431,433,3,ACA,ACA
L75948.1,261,263,431,433,3,ACA,ACA
L75948.1,43,45,431,433,3,ACA,ACA
L75948.1,66,68,66,68,3,ACA,ACA
L75948.1,43,45,66,68,3,ACA,ACA
L75948.1,51,53,203,205,3,ACA,ACA
L75948.1,127,129,203,205,3,ACA,ACA
L75948.1,121,123,203,205,3,ACA,ACA
L75948.1,203,205,330,332,3,ACA,ACA
L75948.1,203,205,223,225,3,ACA,ACA
L75948.1,203,205,405,407,3,ACA,ACA
L75948.1,203,205,365,367,3,ACA,ACA
L75948.1,84,86,203,205,3,ACA,ACA
L75948.1,68,70,203,205,3,ACA,ACA
L75948.1,153,155,203,205,3,ACA,ACA
L75948.1,114,116,203,205,3,ACA,ACA
L75948.1,203,205,319,321,3,ACA,ACA
L75948.1,96,98,136,138,3,ACC,CCA
L75948.1,96,98,434,436,3,ACC,CCA
L75948.1,19,21,182,184,3,ACC,CCA
L75948.1,135,137,182,184,3,ACC,CCA
L75948.1,96,98,182,184,3,ACC,CCA
L75948.1,19,21,164,166,3,ACC,CCA
L75948.1,135,137,164,166,3,ACC,CCA
L75948.1,157,159,434,436,3,ACC,CCA
L75948.1,157,159,182,184,3,ACC,CCA
L75948.1,157,159,164,166,3,ACC,CCA
L75948.1,157,159,334,336,3,ACC,CCA
L75948.1,96,98,296,298,3,ACC,CCA
L75948.1,22,24,98,100,3,ACC,CCA
L75948.1,22,24,182,184,3,ACC,CCA
L75948.1,22,24,164,166,3,ACC,CCA
L75948.1,22,24,334,336,3,ACC,CCA
L75948.1,417,419,434,436,3,ACC,CCA
L75948.1,384,386,434,436,3,ACC,CCA
L75948.1,138,140,240,242,3,ACG,GCA
L75948.1,138,140,302,304,3,ACG,GCA
L75948.1,138,140,207,209,3,ACG,GCA
L75948.1,138,140,270,272,3,ACG,GCA
L75948.1,79,83,421,425,5,ACTAC,CATCA
L75948.1,381,385,421,425,5,ACTAC,CATCA
L75948.1,27,30,71,74,4,ACTA,ATCA
L75948.1,46,49,422,425,4,ACTA,ATCA
L75948.1,369,372,422,425,4,ACTA,ATCA
L75948.1,228,230,423,425,3,ACT,TCA
L75948.1,46,48,420,422,3,ACT,TCA
L75948.1,79,81,420,422,3,ACT,TCA
L75948.1,27,29,420,422,3,ACT,TCA
L75948.1,369,371,420,422,3,ACT,TCA
L75948.1,110,112,423,425,3,ACT,TCA
L75948.1,110,112,420,422,3,ACT,TCA
L75948.1,104,106,423,425,3,ACT,TCA
L75948.1,104,106,420,422,3,ACT,TCA
L75948.1,315,317,423,425,3,ACT,TCA
L75948.1,104,106,216,218,3,ACT,TCA
L75948.1,110,112,363,365,3,ACT,TCA
L75948.1,46,48,363,365,3,ACT,TCA
L75948.1,79,81,363,365,3,ACT,TCA
L75948.1,27,29,363,365,3,ACT,TCA
L75948.1,104,106,363,365,3,ACT,TCA
L75948.1,228,230,363,365,3,ACT,TCA
L75948.1,315,317,363,365,3,ACT,TCA
L75948.1,110,112,249,251,3,ACT,TCA
L75948.1,46,48,249,251,3,ACT,TCA
L75948.1,79,81,249,251,3,ACT,TCA
L75948.1,27,29,249,251,3,ACT,TCA
L75948.1,30,32,88,90,3,ACT,TCA
L75948.1,30,32,423,425,3,ACT,TCA
L75948.1,104,106,249,251,3,ACT,TCA
L75948.1,228,230,249,251,3,ACT,TCA
L75948.1,30,32,72,74,3,ACT,TCA
L75948.1,8,12,475,479,5,AGAAT,TAAGA
L75948.1,8,12,350,354,5,AGAAT,TAAGA
L75948.1,352,356,475,479,5,AGAAT,TAAGA
L75948.1,124,127,264,267,4,AGAA,AAGA
L75948.1,130,133,225,228,4,AGAA,AAGA
L75948.1,117,120,225,228,4,AGAA,AAGA
L75948.1,184,187,351,354,4,AGAA,AAGA
L75948.1,8,11,123,126,4,AGAA,AAGA
L75948.1,8,11,129,132,4,AGAA,AAGA
L75948.1,8,11,116,119,4,AGAA,AAGA
L75948.1,8,11,264,267,4,AGAA,AAGA
L75948.1,124,127,476,479,4,AGAA,AAGA
L75948.1,130,133,476,479,4,AGAA,AAGA
L75948.1,117,120,476,479,4,AGAA,AAGA
L75948.1,184,187,476,479,4,AGAA,AAGA
L75948.1,15,17,106,108,3,AGT,TGA
L75948.1,40,42,106,108,3,AGT,TGA
L75948.1,15,17,232,234,3,AGT,TGA
L75948.1,40,42,232,234,3,AGT,TGA
L75948.1,258,260,317,319,3,AGT,TGA
L75948.1,15,17,112,114,3,AGT,TGA
L75948.1,40,42,112,114,3,AGT,TGA
L75948.1,15,17,317,319,3,AGT,TGA
L75948.1,40,42,317,319,3,AGT,TGA
L75948.1,299,301,317,319,3,AGT,TGA
L75948.1,267,269,273,275,3,AGT,TGA
L75948.1,144,146,232,234,3,AGT,TGA
L75948.1,144,146,273,275,3,AGT,TGA
L75948.1,267,269,317,319,3,AGT,TGA
L75948.1,144,146,317,319,3,AGT,TGA
L75948.1,61,63,106,108,3,AGT,TGA
L75948.1,61,63,232,234,3,AGT,TGA
L75948.1,61,63,273,275,3,AGT,TGA
L75948.1,61,63,112,114,3,AGT,TGA
L75948.1,61,63,317,319,3,AGT,TGA
L75948.1,61,63,102,104,3,AGT,TGA
L75948.1,292,294,317,319,3,AGT,TGA
L75948.1,144,146,253,255,3,AGT,TGA
L75948.1,61,63,253,255,3,AGT,TGA
L75948.1,15,17,253,255,3,AGT,TGA
L75948.1,40,42,253,255,3,AGT,TGA
L75948.1,347,351,347,351,5,ATATA,ATATA
L75948.1,347,351,377,381,5,ATATA,ATATA
L75948.1,377,381,377,381,5,ATATA,ATATA
L75948.1,201,203,392,394,3,ATA,ATA
L75948.1,94,96,355,357,3,ATA,ATA
L75948.1,76,78,76,78,3,ATA,ATA
L75948.1,355,357,355,357,3,ATA,ATA
L75948.1,355,357,392,394,3,ATA,ATA
L75948.1,201,203,201,203,3,ATA,ATA
L75948.1,76,78,201,203,3,ATA,ATA
L75948.1,94,96,201,203,3,ATA,ATA
L75948.1,201,203,349,351,3,ATA,ATA
L75948.1,76,78,349,351,3,ATA,ATA
L75948.1,94,96,349,351,3,ATA,ATA
L75948.1,349,351,349,351,3,ATA,ATA
L75948.1,392,394,392,394,3,ATA,ATA
L75948.1,355,357,379,381,3,ATA,ATA
L75948.1,201,203,379,381,3,ATA,ATA
L75948.1,76,78,379,381,3,ATA,ATA
L75948.1,76,78,94,96,3,ATA,ATA
L75948.1,372,374,379,381,3,ATA,ATA
L75948.1,94,96,379,381,3,ATA,ATA
L75948.1,379,381,379,381,3,ATA,ATA
L75948.1,349,351,379,381,3,ATA,ATA
L75948.1,94,96,94,96,3,ATA,ATA
L75948.1,355,357,372,374,3,ATA,ATA
L75948.1,372,374,372,374,3,ATA,ATA
L75948.1,94,96,372,374,3,ATA,ATA
L75948.1,349,351,372,374,3,ATA,ATA
L75948.1,355,357,377,379,3,ATA,ATA
L75948.1,347,349,355,357,3,ATA,ATA
L75948.1,345,347,355,357,3,ATA,ATA
L75948.1,201,203,347,349,3,ATA,ATA
L75948.1,76,78,347,349,3,ATA,ATA
L75948.1,201,203,377,379,3,ATA,ATA
L75948.1,76,78,377,379,3,ATA,ATA
L75948.1,201,203,345,347,3,ATA,ATA
L75948.1,76,78,345,347,3,ATA,ATA
L75948.1,87,90,425,428,4,ATCA,ACTA
L75948.1,87,90,451,454,4,ATCA,ACTA
L75948.1,5,8,425,428,4,ATCA,ACTA
L75948.1,5,8,79,82,4,ATCA,ACTA
L75948.1,5,8,27,30,4,ATCA,ACTA
L75948.1,71,74,425,428,4,ATCA,ACTA
L75948.1,71,74,79,82,4,ATCA,ACTA
L75948.1,5,8,451,454,4,ATCA,ACTA
L75948.1,5,8,369,372,4,ATCA,ACTA
L75948.1,71,74,451,454,4,ATCA,ACTA
L75948.1,71,74,369,372,4,ATCA,ACTA
L75948.1,5,8,381,384,4,ATCA,ACTA
L75948.1,71,74,381,384,4,ATCA,ACTA
L75948.1,87,90,381,384,4,ATCA,ACTA
L75948.1,5,8,428,431,4,ATCA,ACTA
L75948.1,71,74,428,431,4,ATCA,ACTA
L75948.1,87,90,428,431,4,ATCA,ACTA
L75948.1,154,158,154,158,5,CAAAC,CAAAC
L75948.1,154,158,366,370,5,CAAAC,CAAAC
L75948.1,366,370,366,370,5,CAAAC,CAAAC
L75948.1,52,55,155,158,4,CAAA,AAAC
L75948.1,52,55,367,370,4,CAAA,AAAC
L75948.1,262,265,367,370,4,CAAA,AAAC
L75948.1,52,55,108,111,4,CAAA,AAAC
L75948.1,303,306,367,370,4,CAAA,AAAC
L75948.1,99,102,410,413,4,CAAT,TAAC
L75948.1,217,220,410,413,4,CAAT,TAAC
L75948.1,69,72,77,80,4,CAAT,TAAC
L75948.1,44,46,134,136,3,CAA,AAC
L75948.1,44,46,156,158,3,CAA,AAC
L75948.1,331,333,368,370,3,CAA,AAC
L75948.1,44,46,368,370,3,CAA,AAC
L75948.1,44,46,109,111,3,CAA,AAC
L75948.1,52,54,332,334,3,CAA,AAC
L75948.1,154,156,332,334,3,CAA,AAC
L75948.1,262,264,332,334,3,CAA,AAC
L75948.1,303,305,332,334,3,CAA,AAC
L75948.1,128,130,332,334,3,CAA,AAC
L75948.1,128,130,134,136,3,CAA,AAC
L75948.1,128,130,156,158,3,CAA,AAC
L75948.1,115,117,332,334,3,CAA,AAC
L75948.1,115,117,134,136,3,CAA,AAC
L75948.1,115,117,156,158,3,CAA,AAC
L75948.1,122,124,332,334,3,CAA,AAC
L75948.1,122,124,134,136,3,CAA,AAC
L75948.1,122,124,156,158,3,CAA,AAC
L75948.1,224,226,332,334,3,CAA,AAC
L75948.1,128,130,368,370,3,CAA,AAC
L75948.1,115,117,368,370,3,CAA,AAC
L75948.1,122,124,368,370,3,CAA,AAC
L75948.1,224,226,368,370,3,CAA,AAC
L75948.1,297,299,368,370,3,CAA,AAC
L75948.1,241,243,332,334,3,CAA,AAC
L75948.1,241,243,368,370,3,CAA,AAC
L75948.1,85,87,332,334,3,CAA,AAC
L75948.1,85,87,134,136,3,CAA,AAC
L75948.1,85,87,156,158,3,CAA,AAC
L75948.1,69,71,332,334,3,CAA,AAC
L75948.1,69,71,134,136,3,CAA,AAC
L75948.1,69,71,156,158,3,CAA,AAC
L75948.1,297,299,411,413,3,CAA,AAC
L75948.1,241,243,411,413,3,CAA,AAC
L75948.1,303,305,411,413,3,CAA,AAC
L75948.1,85,87,368,370,3,CAA,AAC
L75948.1,85,87,109,111,3,CAA,AAC
L75948.1,69,71,368,370,3,CAA,AAC
L75948.1,69,71,109,111,3,CAA,AAC
L75948.1,99,101,126,128,3,CAA,AAC
L75948.1,99,101,120,122,3,CAA,AAC
L75948.1,99,101,368,370,3,CAA,AAC
L75948.1,99,101,109,111,3,CAA,AAC
L75948.1,44,46,78,80,3,CAA,AAC
L75948.1,52,54,78,80,3,CAA,AAC
L75948.1,89,91,126,128,3,CAA,AAC
L75948.1,89,91,120,122,3,CAA,AAC
L75948.1,217,219,332,334,3,CAA,AAC
L75948.1,89,91,332,334,3,CAA,AAC
L75948.1,89,91,134,136,3,CAA,AAC
L75948.1,89,91,156,158,3,CAA,AAC
L75948.1,421,425,428,432,5,CATCA,ACTAC
L75948.1,208,210,380,382,3,CAT,TAC
L75948.1,204,206,383,385,3,CAT,TAC
L75948.1,208,210,260,262,3,CAT,TAC
L75948.1,204,206,427,429,3,CAT,TAC
L75948.1,204,206,441,443,3,CAT,TAC
L75948.1,204,206,380,382,3,CAT,TAC
L75948.1,165,167,430,432,3,CAT,TAC
L75948.1,165,167,202,204,3,CAT,TAC
L75948.1,165,167,427,429,3,CAT,TAC
L75948.1,165,167,441,443,3,CAT,TAC
L75948.1,165,167,380,382,3,CAT,TAC
L75948.1,271,273,430,432,3,CAT,TAC
L75948.1,271,273,383,385,3,CAT,TAC
L75948.1,271,273,427,429,3,CAT,TAC
L75948.1,271,273,441,443,3,CAT,TAC
L75948.1,271,273,380,382,3,CAT,TAC
L75948.1,413,415,427,429,3,CAT,TAC
L75948.1,413,415,441,443,3,CAT,TAC
L75948.1,204,206,416,418,3,CAT,TAC
L75948.1,335,337,430,432,3,CAT,TAC
L75948.1,271,273,416,418,3,CAT,TAC
L75948.1,208,210,416,418,3,CAT,TAC
L75948.1,335,337,427,429,3,CAT,TAC
L75948.1,335,337,441,443,3,CAT,TAC
L75948.1,335,337,380,382,3,CAT,TAC
L75948.1,204,206,314,316,3,CAT,TAC
L75948.1,250,252,260,262,3,CAT,TAC
L75948.1,250,252,430,432,3,CAT,TAC
L75948.1,165,167,314,316,3,CAT,TAC
L75948.1,250,252,383,385,3,CAT,TAC
L75948.1,271,273,314,316,3,CAT,TAC
L75948.1,208,210,314,316,3,CAT,TAC
L75948.1,98,100,433,435,3,CCA,ACC
L75948.1,296,298,433,435,3,CCA,ACC
L75948.1,20,22,157,159,3,CCA,ACC
L75948.1,136,138,157,159,3,CCA,ACC
L75948.1,20,22,96,98,3,CCA,ACC
L75948.1,164,166,433,435,3,CCA,ACC
L75948.1,164,166,333,335,3,CCA,ACC
L75948.1,20,22,384,386,3,CCA,ACC
L75948.1,136,138,384,386,3,CCA,ACC
L75948.1,20,22,417,419,3,CCA,ACC
L75948.1,136,138,417,419,3,CCA,ACC
L75948.1,98,100,384,386,3,CCA,ACC
L75948.1,98,100,417,419,3,CCA,ACC
L75948.1,182,184,433,435,3,CCA,ACC
L75948.1,182,184,333,335,3,CCA,ACC
L75948.1,182,184,384,386,3,CCA,ACC
L75948.1,182,184,417,419,3,CCA,ACC
L75948.1,97,99,471,473,3,CCC,CCC
L75948.1,97,99,470,472,3,CCC,CCC
L75948.1,470,472,470,472,3,CCC,CCC
L75948.1,471,473,471,473,3,CCC,CCC
L75948.1,327,329,469,471,3,CCG,GCC
L75948.1,418,420,455,457,3,CCT,TCC
L75948.1,385,387,455,457,3,CCT,TCC
L75948.1,139,141,139,141,3,CGC,CGC
L75948.1,141,143,468,470,3,CGG,GGC
L75948.1,197,199,468,470,3,CGG,GGC
L75948.1,141,143,284,286,3,CGG,GGC
L75948.1,197,199,284,286,3,CGG,GGC
L75948.1,172,174,301,303,3,CGT,TGC
L75948.1,172,174,269,271,3,CGT,TGC
L75948.1,172,174,239,241,3,CGT,TGC
L75948.1,172,174,206,208,3,CGT,TGC
L75948.1,172,174,402,404,3,CGT,TGC
L75948.1,172,174,325,327,3,CGT,TGC
L75948.1,172,174,463,465,3,CGT,TGC
L75948.1,172,174,444,446,3,CGT,TGC
L75948.1,131,135,186,190,5,GAAAA,AAAAG
L75948.1,131,135,255,259,5,GAAAA,AAAAG
L75948.1,125,127,188,190,3,GAA,AAG
L75948.1,107,109,123,125,3,GAA,AAG
L75948.1,125,127,257,259,3,GAA,AAG
L75948.1,107,109,129,131,3,GAA,AAG
L75948.1,107,109,225,227,3,GAA,AAG
L75948.1,107,109,116,118,3,GAA,AAG
L75948.1,131,133,242,244,3,GAA,AAG
L75948.1,185,187,242,244,3,GAA,AAG
L75948.1,118,120,242,244,3,GAA,AAG
L75948.1,233,235,242,244,3,GAA,AAG
L75948.1,107,109,242,244,3,GAA,AAG
L75948.1,131,133,298,300,3,GAA,AAG
L75948.1,185,187,298,300,3,GAA,AAG
L75948.1,118,120,298,300,3,GAA,AAG
L75948.1,290,292,298,300,3,GAA,AAG
L75948.1,125,127,275,277,3,GAA,AAG
L75948.1,131,133,275,277,3,GAA,AAG
L75948.1,185,187,275,277,3,GAA,AAG
L75948.1,118,120,275,277,3,GAA,AAG
L75948.1,233,235,275,277,3,GAA,AAG
L75948.1,254,256,275,277,3,GAA,AAG
L75948.1,107,109,275,277,3,GAA,AAG
L75948.1,125,127,291,293,3,GAA,AAG
L75948.1,131,133,291,293,3,GAA,AAG
L75948.1,185,187,291,293,3,GAA,AAG
L75948.1,118,120,291,293,3,GAA,AAG
L75948.1,125,127,487,489,3,GAA,AAG
L75948.1,131,133,487,489,3,GAA,AAG
L75948.1,185,187,487,489,3,GAA,AAG
L75948.1,118,120,487,489,3,GAA,AAG
L75948.1,290,292,487,489,3,GAA,AAG
L75948.1,274,276,487,489,3,GAA,AAG
L75948.1,233,235,487,489,3,GAA,AAG
L75948.1,254,256,487,489,3,GAA,AAG
L75948.1,107,109,487,489,3,GAA,AAG
L75948.1,290,292,351,353,3,GAA,AAG
L75948.1,290,292,476,478,3,GAA,AAG
L75948.1,9,11,275,277,3,GAA,AAG
L75948.1,9,11,242,244,3,GAA,AAG
L75948.1,9,11,188,190,3,GAA,AAG
L75948.1,274,276,351,353,3,GAA,AAG
L75948.1,233,235,351,353,3,GAA,AAG
L75948.1,254,256,351,353,3,GAA,AAG
L75948.1,107,109,351,353,3,GAA,AAG
L75948.1,9,11,291,293,3,GAA,AAG
L75948.1,9,11,298,300,3,GAA,AAG
L75948.1,9,11,257,259,3,GAA,AAG
L75948.1,274,276,476,478,3,GAA,AAG
L75948.1,233,235,476,478,3,GAA,AAG
L75948.1,254,256,476,478,3,GAA,AAG
L75948.1,107,109,476,478,3,GAA,AAG
L75948.1,3,5,123,125,3,GAA,AAG
L75948.1,3,5,129,131,3,GAA,AAG
L75948.1,3,5,225,227,3,GAA,AAG
L75948.1,3,5,116,118,3,GAA,AAG
L75948.1,3,5,264,266,3,GAA,AAG
L75948.1,125,127,161,163,3,GAA,AAG
L75948.1,131,133,161,163,3,GAA,AAG
L75948.1,118,120,161,163,3,GAA,AAG
L75948.1,125,127,179,181,3,GAA,AAG
L75948.1,131,133,179,181,3,GAA,AAG
L75948.1,118,120,179,181,3,GAA,AAG
L75948.1,3,5,275,277,3,GAA,AAG
L75948.1,3,5,242,244,3,GAA,AAG
L75948.1,3,5,188,190,3,GAA,AAG
L75948.1,3,5,291,293,3,GAA,AAG
L75948.1,3,5,298,300,3,GAA,AAG
L75948.1,3,5,257,259,3,GAA,AAG
L75948.1,107,109,161,163,3,GAA,AAG
L75948.1,107,109,179,181,3,GAA,AAG
L75948.1,245,247,264,266,3,GAA,AAG
L75948.1,245,247,291,293,3,GAA,AAG
L75948.1,245,247,298,300,3,GAA,AAG
L75948.1,245,247,257,259,3,GAA,AAG
L75948.1,198,200,198,200,3,GGG,GGG
L75948.1,277,279,277,279,3,GGG,GGG
L75948.1,358,360,467,469,3,GGT,TGG
L75948.1,278,280,283,285,3,GGT,TGG
L75948.1,64,68,203,207,5,GTACA,ACATG
L75948.1,41,45,203,207,5,GTACA,ACATG
L75948.1,322,324,443,445,3,GTC,CTG
L75948.1,310,312,443,445,3,GTC,CTG
L75948.1,34,36,111,113,3,GTC,CTG
L75948.1,34,36,105,107,3,GTC,CTG
L75948.1,34,36,316,318,3,GTC,CTG
L75948.1,34,36,443,445,3,GTC,CTG
L75948.1,322,324,386,388,3,GTC,CTG
L75948.1,310,312,386,388,3,GTC,CTG
L75948.1,17,20,85,88,4,TAAC,CAAT
L75948.1,17,20,69,72,4,TAAC,CAAT
L75948.1,17,20,406,409,4,TAAC,CAAT
L75948.1,77,80,85,88,4,TAAC,CAAT
L75948.1,77,80,99,102,4,TAAC,CAAT
L75948.1,77,80,406,409,4,TAAC,CAAT
L75948.1,25,28,99,102,4,TAAC,CAAT
L75948.1,25,28,406,409,4,TAAC,CAAT
L75948.1,17,20,89,92,4,TAAC,CAAT
L75948.1,77,79,237,239,3,TAA,AAT
L75948.1,77,79,305,307,3,TAA,AAT
L75948.1,25,27,391,393,3,TAA,AAT
L75948.1,25,27,237,239,3,TAA,AAT
L75948.1,25,27,55,57,3,TAA,AAT
L75948.1,25,27,305,307,3,TAA,AAT
L75948.1,17,19,391,393,3,TAA,AAT
L75948.1,48,50,100,102,3,TAA,AAT
L75948.1,48,50,218,220,3,TAA,AAT
L75948.1,17,19,55,57,3,TAA,AAT
L75948.1,17,19,305,307,3,TAA,AAT
L75948.1,48,50,407,409,3,TAA,AAT
L75948.1,48,50,90,92,3,TAA,AAT
L75948.1,389,391,407,409,3,TAA,AAT
L75948.1,25,27,354,356,3,TAA,AAT
L75948.1,48,50,354,356,3,TAA,AAT
L75948.1,17,19,354,356,3,TAA,AAT
L75948.1,350,352,407,409,3,TAA,AAT
L75948.1,160,162,391,393,3,TAA,AAT
L75948.1,160,162,218,220,3,TAA,AAT
L75948.1,160,162,237,239,3,TAA,AAT
L75948.1,160,162,407,409,3,TAA,AAT
L75948.1,160,162,305,307,3,TAA,AAT
L75948.1,178,180,391,393,3,TAA,AAT
L75948.1,178,180,407,409,3,TAA,AAT
L75948.1,178,180,305,307,3,TAA,AAT
L75948.1,77,79,246,248,3,TAA,AAT
L75948.1,25,27,246,248,3,TAA,AAT
L75948.1,48,50,246,248,3,TAA,AAT
L75948.1,17,19,246,248,3,TAA,AAT
L75948.1,95,97,204,206,3,TAC,CAT
L75948.1,95,97,413,415,3,TAC,CAT
L75948.1,383,385,413,415,3,TAC,CAT
L75948.1,81,83,165,167,3,TAC,CAT
L75948.1,202,204,335,337,3,TAC,CAT
L75948.1,81,83,335,337,3,TAC,CAT
L75948.1,260,262,335,337,3,TAC,CAT
L75948.1,42,44,335,337,3,TAC,CAT
L75948.1,65,67,335,337,3,TAC,CAT
L75948.1,95,97,208,210,3,TAC,CAT
L75948.1,202,204,208,210,3,TAC,CAT
L75948.1,42,44,208,210,3,TAC,CAT
L75948.1,65,67,208,210,3,TAC,CAT
L75948.1,95,97,271,273,3,TAC,CAT
L75948.1,202,204,271,273,3,TAC,CAT
L75948.1,81,83,271,273,3,TAC,CAT
L75948.1,380,382,413,415,3,TAC,CAT
L75948.1,95,97,421,423,3,TAC,CAT
L75948.1,202,204,421,423,3,TAC,CAT
L75948.1,260,262,421,423,3,TAC,CAT
L75948.1,42,44,421,423,3,TAC,CAT
L75948.1,65,67,421,423,3,TAC,CAT
L75948.1,29,31,271,273,3,TAC,CAT
L75948.1,29,31,165,167,3,TAC,CAT
L75948.1,29,31,204,206,3,TAC,CAT
L75948.1,416,418,421,423,3,TAC,CAT
L75948.1,29,31,335,337,3,TAC,CAT
L75948.1,29,31,413,415,3,TAC,CAT
L75948.1,95,97,250,252,3,TAC,CAT
L75948.1,202,204,250,252,3,TAC,CAT
L75948.1,81,83,250,252,3,TAC,CAT
L75948.1,42,44,250,252,3,TAC,CAT
L75948.1,65,67,250,252,3,TAC,CAT
L75948.1,376,380,376,380,5,TATAT,TATAT
L75948.1,344,348,376,380,5,TATAT,TATAT
L75948.1,344,348,344,348,5,TATAT,TATAT
L75948.1,420,430,420,430,11,TCATCACTACT,TCATCACTACT
L75948.1,216,218,451,453,3,TCA,ACT
L75948.1,216,218,425,427,3,TCA,ACT
L75948.1,363,365,369,371,3,TCA,ACT
L75948.1,88,90,436,438,3,TCA,ACT
L75948.1,6,8,110,112,3,TCA,ACT
L75948.1,72,74,110,112,3,TCA,ACT
L75948.1,6,8,436,438,3,TCA,ACT
L75948.1,72,74,436,438,3,TCA,ACT
L75948.1,88,90,228,230,3,TCA,ACT
L75948.1,216,218,228,230,3,TCA,ACT
L75948.1,88,90,104,106,3,TCA,ACT
L75948.1,363,365,381,383,3,TCA,ACT
L75948.1,216,218,381,383,3,TCA,ACT
L75948.1,363,365,428,430,3,TCA,ACT
L75948.1,216,218,428,430,3,TCA,ACT
L75948.1,420,422,451,453,3,TCA,ACT
L75948.1,420,422,425,427,3,TCA,ACT
L75948.1,420,422,436,438,3,TCA,ACT
L75948.1,6,8,442,444,3,TCA,ACT
L75948.1,72,74,442,444,3,TCA,ACT
L75948.1,423,425,442,444,3,TCA,ACT
L75948.1,88,90,442,444,3,TCA,ACT
L75948.1,6,8,315,317,3,TCA,ACT
L75948.1,72,74,315,317,3,TCA,ACT
L75948.1,88,90,315,317,3,TCA,ACT
L75948.1,363,365,442,444,3,TCA,ACT
L75948.1,216,218,442,444,3,TCA,ACT
L75948.1,216,218,315,317,3,TCA,ACT
L75948.1,6,8,30,32,3,TCA,ACT
L75948.1,249,251,451,453,3,TCA,ACT
L75948.1,249,251,425,427,3,TCA,ACT
L75948.1,249,251,369,371,3,TCA,ACT
L75948.1,295,297,456,458,3,TCC,CCT
L75948.1,455,457,472,474,3,TCC,CCT
L75948.1,288,290,445,447,3,TCG,GCT
L75948.1,102,104,299,301,3,TGA,AGT
L75948.1,102,104,292,294,3,TGA,AGT
L75948.1,112,114,258,260,3,TGA,AGT
L75948.1,273,275,321,323,3,TGA,AGT
L75948.1,112,114,299,301,3,TGA,AGT
L75948.1,112,114,292,294,3,TGA,AGT
L75948.1,253,255,321,323,3,TGA,AGT
L75948.1,102,104,267,269,3,TGA,AGT
L75948.1,102,104,479,481,3,TGA,AGT
L75948.1,273,275,479,481,3,TGA,AGT
L75948.1,102,104,144,146,3,TGA,AGT
L75948.1,112,114,267,269,3,TGA,AGT
L75948.1,232,234,267,269,3,TGA,AGT
L75948.1,106,108,267,269,3,TGA,AGT
L75948.1,112,114,479,481,3,TGA,AGT
L75948.1,317,319,479,481,3,TGA,AGT
L75948.1,232,234,479,481,3,TGA,AGT
L75948.1,106,108,479,481,3,TGA,AGT
L75948.1,112,114,144,146,3,TGA,AGT
L75948.1,106,108,144,146,3,TGA,AGT
L75948.1,253,255,267,269,3,TGA,AGT
L75948.1,253,255,479,481,3,TGA,AGT
L75948.1,112,114,374,376,3,TGA,AGT
L75948.1,317,319,374,376,3,TGA,AGT
L75948.1,232,234,374,376,3,TGA,AGT
L75948.1,106,108,374,376,3,TGA,AGT
L75948.1,253,255,374,376,3,TGA,AGT
L75948.1,102,104,309,311,3,TGA,AGT
L75948.1,273,275,309,311,3,TGA,AGT
L75948.1,253,255,309,311,3,TGA,AGT
L75948.1,220,222,278,280,3,TGG,GGT

Total for length 3 is 840.
Total for length 4 is 106.
Total for length 5 is 30.
Total for length 11 is 3.

