Input file is sequence6.fasta.
Minimal fragment length is 3.
Working with probability estimation.
P value is : 0.050000.
Printing all instances.
Looking for direct complementary repeats.
L75948.1 Alphabet size is 4.
Input sequence has 0 letters that are not in expected alphabet.
L75948.1,134,136,460,462,3,AAC,TTG
L75948.1,134,136,341,343,3,AAC,TTG
L75948.1,156,158,460,462,3,AAC,TTG
L75948.1,156,158,341,343,3,AAC,TTG
L75948.1,332,334,460,462,3,AAC,TTG
L75948.1,332,334,341,343,3,AAC,TTG
L75948.1,50,52,466,468,3,AAC,TTG
L75948.1,120,122,466,468,3,AAC,TTG
L75948.1,411,413,466,468,3,AAC,TTG
L75948.1,18,20,175,177,3,AAC,TTG
L75948.1,18,20,460,462,3,AAC,TTG
L75948.1,18,20,32,34,3,AAC,TTG
L75948.1,18,20,341,343,3,AAC,TTG
L75948.1,368,370,466,468,3,AAC,TTG
L75948.1,368,370,460,462,3,AAC,TTG
L75948.1,109,111,466,468,3,AAC,TTG
L75948.1,109,111,460,462,3,AAC,TTG
L75948.1,109,111,341,343,3,AAC,TTG
L75948.1,45,47,175,177,3,AAC,TTG
L75948.1,45,47,466,468,3,AAC,TTG
L75948.1,45,47,460,462,3,AAC,TTG
L75948.1,45,47,341,343,3,AAC,TTG
L75948.1,78,80,175,177,3,AAC,TTG
L75948.1,26,28,175,177,3,AAC,TTG
L75948.1,134,136,252,254,3,AAC,TTG
L75948.1,156,158,252,254,3,AAC,TTG
L75948.1,50,52,252,254,3,AAC,TTG
L75948.1,120,122,252,254,3,AAC,TTG
L75948.1,78,80,466,468,3,AAC,TTG
L75948.1,78,80,460,462,3,AAC,TTG
L75948.1,78,80,341,343,3,AAC,TTG
L75948.1,26,28,466,468,3,AAC,TTG
L75948.1,26,28,460,462,3,AAC,TTG
L75948.1,26,28,32,34,3,AAC,TTG
L75948.1,26,28,341,343,3,AAC,TTG
L75948.1,126,128,252,254,3,AAC,TTG
L75948.1,109,111,169,171,3,AAC,TTG
L75948.1,134,136,169,171,3,AAC,TTG
L75948.1,156,158,169,171,3,AAC,TTG
L75948.1,50,52,169,171,3,AAC,TTG
L75948.1,120,122,169,171,3,AAC,TTG
L75948.1,126,128,169,171,3,AAC,TTG
L75948.1,78,80,169,171,3,AAC,TTG
L75948.1,26,28,169,171,3,AAC,TTG
L75948.1,18,20,169,171,3,AAC,TTG
L75948.1,264,267,483,486,4,AAGA,TTCT
L75948.1,476,479,483,486,4,AAGA,TTCT
L75948.1,351,354,483,486,4,AAGA,TTCT
L75948.1,264,267,438,441,4,AAGA,TTCT
L75948.1,129,132,438,441,4,AAGA,TTCT
L75948.1,116,119,438,441,4,AAGA,TTCT
L75948.1,123,126,438,441,4,AAGA,TTCT
L75948.1,351,354,438,441,4,AAGA,TTCT
L75948.1,225,228,338,341,4,AAGA,TTCT
L75948.1,225,228,438,441,4,AAGA,TTCT
L75948.1,264,266,287,289,3,AAG,TTC
L75948.1,129,131,287,289,3,AAG,TTC
L75948.1,116,118,287,289,3,AAG,TTC
L75948.1,123,125,287,289,3,AAG,TTC
L75948.1,225,227,287,289,3,AAG,TTC
L75948.1,179,181,338,340,3,AAG,TTC
L75948.1,161,163,338,340,3,AAG,TTC
L75948.1,179,181,483,485,3,AAG,TTC
L75948.1,161,163,483,485,3,AAG,TTC
L75948.1,179,181,438,440,3,AAG,TTC
L75948.1,161,163,438,440,3,AAG,TTC
L75948.1,188,190,483,485,3,AAG,TTC
L75948.1,188,190,287,289,3,AAG,TTC
L75948.1,188,190,438,440,3,AAG,TTC
L75948.1,242,244,338,340,3,AAG,TTC
L75948.1,264,266,294,296,3,AAG,TTC
L75948.1,242,244,287,289,3,AAG,TTC
L75948.1,242,244,438,440,3,AAG,TTC
L75948.1,179,181,294,296,3,AAG,TTC
L75948.1,161,163,294,296,3,AAG,TTC
L75948.1,275,277,338,340,3,AAG,TTC
L75948.1,275,277,483,485,3,AAG,TTC
L75948.1,257,259,294,296,3,AAG,TTC
L75948.1,257,259,483,485,3,AAG,TTC
L75948.1,257,259,287,289,3,AAG,TTC
L75948.1,257,259,438,440,3,AAG,TTC
L75948.1,298,300,338,340,3,AAG,TTC
L75948.1,298,300,438,440,3,AAG,TTC
L75948.1,291,293,338,340,3,AAG,TTC
L75948.1,291,293,294,296,3,AAG,TTC
L75948.1,291,293,483,485,3,AAG,TTC
L75948.1,188,190,248,250,3,AAG,TTC
L75948.1,188,190,362,364,3,AAG,TTC
L75948.1,264,266,362,364,3,AAG,TTC
L75948.1,188,190,215,217,3,AAG,TTC
L75948.1,242,244,248,250,3,AAG,TTC
L75948.1,129,131,248,250,3,AAG,TTC
L75948.1,116,118,248,250,3,AAG,TTC
L75948.1,123,125,248,250,3,AAG,TTC
L75948.1,225,227,248,250,3,AAG,TTC
L75948.1,242,244,362,364,3,AAG,TTC
L75948.1,129,131,362,364,3,AAG,TTC
L75948.1,116,118,362,364,3,AAG,TTC
L75948.1,123,125,362,364,3,AAG,TTC
L75948.1,225,227,362,364,3,AAG,TTC
L75948.1,129,131,215,217,3,AAG,TTC
L75948.1,116,118,215,217,3,AAG,TTC
L75948.1,123,125,215,217,3,AAG,TTC
L75948.1,275,277,362,364,3,AAG,TTC
L75948.1,4,12,307,315,9,AATCAGAAT,TTAGTCTTA
L75948.1,4,8,59,63,5,AATCA,TTAGT
L75948.1,86,90,307,311,5,AATCA,TTAGT
L75948.1,86,88,212,214,3,AAT,TTA
L75948.1,70,72,212,214,3,AAT,TTA
L75948.1,86,88,92,94,3,AAT,TTA
L75948.1,70,72,92,94,3,AAT,TTA
L75948.1,4,6,280,282,3,AAT,TTA
L75948.1,10,12,280,282,3,AAT,TTA
L75948.1,4,6,92,94,3,AAT,TTA
L75948.1,10,12,92,94,3,AAT,TTA
L75948.1,237,239,280,282,3,AAT,TTA
L75948.1,237,239,307,309,3,AAT,TTA
L75948.1,100,102,212,214,3,AAT,TTA
L75948.1,100,102,307,309,3,AAT,TTA
L75948.1,218,220,307,309,3,AAT,TTA
L75948.1,86,88,313,315,3,AAT,TTA
L75948.1,70,72,313,315,3,AAT,TTA
L75948.1,391,393,415,417,3,AAT,TTA
L75948.1,86,88,415,417,3,AAT,TTA
L75948.1,70,72,415,417,3,AAT,TTA
L75948.1,4,6,415,417,3,AAT,TTA
L75948.1,10,12,415,417,3,AAT,TTA
L75948.1,354,356,415,417,3,AAT,TTA
L75948.1,55,57,280,282,3,AAT,TTA
L75948.1,305,307,313,315,3,AAT,TTA
L75948.1,55,57,313,315,3,AAT,TTA
L75948.1,55,57,212,214,3,AAT,TTA
L75948.1,305,307,415,417,3,AAT,TTA
L75948.1,305,307,307,309,3,AAT,TTA
L75948.1,55,57,415,417,3,AAT,TTA
L75948.1,55,57,307,309,3,AAT,TTA
L75948.1,55,57,92,94,3,AAT,TTA
L75948.1,90,92,313,315,3,AAT,TTA
L75948.1,90,92,212,214,3,AAT,TTA
L75948.1,407,409,415,417,3,AAT,TTA
L75948.1,90,92,415,417,3,AAT,TTA
L75948.1,90,92,307,309,3,AAT,TTA
L75948.1,90,92,92,94,3,AAT,TTA
L75948.1,237,239,474,476,3,AAT,TTA
L75948.1,391,393,474,476,3,AAT,TTA
L75948.1,246,248,280,282,3,AAT,TTA
L75948.1,100,102,474,476,3,AAT,TTA
L75948.1,218,220,474,476,3,AAT,TTA
L75948.1,86,88,474,476,3,AAT,TTA
L75948.1,70,72,474,476,3,AAT,TTA
L75948.1,246,248,415,417,3,AAT,TTA
L75948.1,246,248,307,309,3,AAT,TTA
L75948.1,237,239,409,411,3,AAT,TTA
L75948.1,391,393,409,411,3,AAT,TTA
L75948.1,100,102,409,411,3,AAT,TTA
L75948.1,218,220,409,411,3,AAT,TTA
L75948.1,86,88,409,411,3,AAT,TTA
L75948.1,70,72,409,411,3,AAT,TTA
L75948.1,4,6,409,411,3,AAT,TTA
L75948.1,10,12,409,411,3,AAT,TTA
L75948.1,354,356,409,411,3,AAT,TTA
L75948.1,223,228,481,486,6,ACAAGA,TGTTCT
L75948.1,127,132,481,486,6,ACAAGA,TGTTCT
L75948.1,121,126,481,486,6,ACAAGA,TGTTCT
L75948.1,114,119,481,486,6,ACAAGA,TGTTCT
L75948.1,51,54,167,170,4,ACAA,TGTT
L75948.1,153,156,167,170,4,ACAA,TGTT
L75948.1,127,130,167,170,4,ACAA,TGTT
L75948.1,121,124,167,170,4,ACAA,TGTT
L75948.1,51,54,481,484,4,ACAA,TGTT
L75948.1,330,333,481,484,4,ACAA,TGTT
L75948.1,153,156,481,484,4,ACAA,TGTT
L75948.1,43,46,481,484,4,ACAA,TGTT
L75948.1,261,264,481,484,4,ACAA,TGTT
L75948.1,114,117,167,170,4,ACAA,TGTT
L75948.1,84,87,167,170,4,ACAA,TGTT
L75948.1,68,71,167,170,4,ACAA,TGTT
L75948.1,365,367,461,463,3,ACA,TGT
L75948.1,84,86,461,463,3,ACA,TGT
L75948.1,68,70,461,463,3,ACA,TGT
L75948.1,405,407,461,463,3,ACA,TGT
L75948.1,153,155,461,463,3,ACA,TGT
L75948.1,330,332,461,463,3,ACA,TGT
L75948.1,114,116,461,463,3,ACA,TGT
L75948.1,223,225,461,463,3,ACA,TGT
L75948.1,261,263,461,463,3,ACA,TGT
L75948.1,43,45,461,463,3,ACA,TGT
L75948.1,51,53,395,397,3,ACA,TGT
L75948.1,127,129,395,397,3,ACA,TGT
L75948.1,121,123,395,397,3,ACA,TGT
L75948.1,82,84,481,483,3,ACA,TGT
L75948.1,66,68,481,483,3,ACA,TGT
L75948.1,431,433,481,483,3,ACA,TGT
L75948.1,365,367,395,397,3,ACA,TGT
L75948.1,84,86,395,397,3,ACA,TGT
L75948.1,68,70,395,397,3,ACA,TGT
L75948.1,153,155,395,397,3,ACA,TGT
L75948.1,330,332,395,397,3,ACA,TGT
L75948.1,114,116,395,397,3,ACA,TGT
L75948.1,223,225,395,397,3,ACA,TGT
L75948.1,319,321,461,463,3,ACA,TGT
L75948.1,319,321,481,483,3,ACA,TGT
L75948.1,319,321,395,397,3,ACA,TGT
L75948.1,84,86,342,344,3,ACA,TGT
L75948.1,68,70,342,344,3,ACA,TGT
L75948.1,412,414,481,483,3,ACA,TGT
L75948.1,84,86,176,178,3,ACA,TGT
L75948.1,68,70,176,178,3,ACA,TGT
L75948.1,319,321,342,344,3,ACA,TGT
L75948.1,153,155,342,344,3,ACA,TGT
L75948.1,330,332,342,344,3,ACA,TGT
L75948.1,114,116,342,344,3,ACA,TGT
L75948.1,223,225,342,344,3,ACA,TGT
L75948.1,153,155,176,178,3,ACA,TGT
L75948.1,114,116,176,178,3,ACA,TGT
L75948.1,82,84,342,344,3,ACA,TGT
L75948.1,66,68,342,344,3,ACA,TGT
L75948.1,261,263,342,344,3,ACA,TGT
L75948.1,43,45,342,344,3,ACA,TGT
L75948.1,82,84,176,178,3,ACA,TGT
L75948.1,66,68,176,178,3,ACA,TGT
L75948.1,43,45,176,178,3,ACA,TGT
L75948.1,51,53,63,65,3,ACA,TGT
L75948.1,43,45,63,65,3,ACA,TGT
L75948.1,51,53,387,389,3,ACA,TGT
L75948.1,127,129,387,389,3,ACA,TGT
L75948.1,121,123,387,389,3,ACA,TGT
L75948.1,365,367,387,389,3,ACA,TGT
L75948.1,84,86,387,389,3,ACA,TGT
L75948.1,68,70,387,389,3,ACA,TGT
L75948.1,82,84,387,389,3,ACA,TGT
L75948.1,66,68,387,389,3,ACA,TGT
L75948.1,261,263,387,389,3,ACA,TGT
L75948.1,43,45,387,389,3,ACA,TGT
L75948.1,203,205,461,463,3,ACA,TGT
L75948.1,203,205,481,483,3,ACA,TGT
L75948.1,138,140,444,446,3,ACG,TGC
L75948.1,138,140,206,208,3,ACG,TGC
L75948.1,138,140,402,404,3,ACG,TGC
L75948.1,138,140,239,241,3,ACG,TGC
L75948.1,138,140,325,327,3,ACG,TGC
L75948.1,46,48,317,319,3,ACT,TGA
L75948.1,79,81,317,319,3,ACT,TGA
L75948.1,27,29,317,319,3,ACT,TGA
L75948.1,46,48,112,114,3,ACT,TGA
L75948.1,79,81,112,114,3,ACT,TGA
L75948.1,27,29,112,114,3,ACT,TGA
L75948.1,46,48,102,104,3,ACT,TGA
L75948.1,79,81,102,104,3,ACT,TGA
L75948.1,27,29,102,104,3,ACT,TGA
L75948.1,104,106,253,255,3,ACT,TGA
L75948.1,46,48,106,108,3,ACT,TGA
L75948.1,79,81,106,108,3,ACT,TGA
L75948.1,27,29,106,108,3,ACT,TGA
L75948.1,110,112,232,234,3,ACT,TGA
L75948.1,46,48,232,234,3,ACT,TGA
L75948.1,79,81,232,234,3,ACT,TGA
L75948.1,27,29,232,234,3,ACT,TGA
L75948.1,110,112,273,275,3,ACT,TGA
L75948.1,46,48,273,275,3,ACT,TGA
L75948.1,79,81,273,275,3,ACT,TGA
L75948.1,27,29,273,275,3,ACT,TGA
L75948.1,104,106,273,275,3,ACT,TGA
L75948.1,30,32,317,319,3,ACT,TGA
L75948.1,30,32,112,114,3,ACT,TGA
L75948.1,228,230,253,255,3,ACT,TGA
L75948.1,228,230,273,275,3,ACT,TGA
L75948.1,184,187,339,342,4,AGAA,TCTT
L75948.1,130,133,458,461,4,AGAA,TCTT
L75948.1,117,120,458,461,4,AGAA,TCTT
L75948.1,184,187,458,461,4,AGAA,TCTT
L75948.1,352,355,458,461,4,AGAA,TCTT
L75948.1,8,11,339,342,4,AGAA,TCTT
L75948.1,124,127,311,314,4,AGAA,TCTT
L75948.1,130,133,311,314,4,AGAA,TCTT
L75948.1,117,120,311,314,4,AGAA,TCTT
L75948.1,8,11,458,461,4,AGAA,TCTT
L75948.1,124,127,210,213,4,AGAA,TCTT
L75948.1,130,133,210,213,4,AGAA,TCTT
L75948.1,117,120,210,213,4,AGAA,TCTT
L75948.1,184,187,210,213,4,AGAA,TCTT
L75948.1,226,228,311,313,3,AGA,TCT
L75948.1,226,228,458,460,3,AGA,TCT
L75948.1,130,132,323,325,3,AGA,TCT
L75948.1,117,119,323,325,3,AGA,TCT
L75948.1,124,126,323,325,3,AGA,TCT
L75948.1,130,132,230,232,3,AGA,TCT
L75948.1,117,119,230,232,3,AGA,TCT
L75948.1,124,126,230,232,3,AGA,TCT
L75948.1,184,186,230,232,3,AGA,TCT
L75948.1,8,10,230,232,3,AGA,TCT
L75948.1,265,267,323,325,3,AGA,TCT
L75948.1,265,267,311,313,3,AGA,TCT
L75948.1,265,267,458,460,3,AGA,TCT
L75948.1,184,186,439,441,3,AGA,TCT
L75948.1,8,10,439,441,3,AGA,TCT
L75948.1,184,186,484,486,3,AGA,TCT
L75948.1,8,10,484,486,3,AGA,TCT
L75948.1,74,76,339,341,3,AGA,TCT
L75948.1,74,76,230,232,3,AGA,TCT
L75948.1,74,76,458,460,3,AGA,TCT
L75948.1,74,76,210,212,3,AGA,TCT
L75948.1,8,10,37,39,3,AGA,TCT
L75948.1,8,10,12,14,3,AGA,TCT
L75948.1,195,197,288,290,3,AGC,TCG
L75948.1,150,152,295,297,3,AGG,TCC
L75948.1,192,194,295,297,3,AGG,TCC
L75948.1,276,278,455,457,3,AGG,TCC
L75948.1,321,323,420,422,3,AGT,TCA
L75948.1,309,311,420,422,3,AGT,TCA
L75948.1,321,323,363,365,3,AGT,TCA
L75948.1,299,301,420,422,3,AGT,TCA
L75948.1,309,311,363,365,3,AGT,TCA
L75948.1,15,17,363,365,3,AGT,TCA
L75948.1,40,42,363,365,3,AGT,TCA
L75948.1,144,146,249,251,3,AGT,TCA
L75948.1,258,260,423,425,3,AGT,TCA
L75948.1,61,63,249,251,3,AGT,TCA
L75948.1,321,323,423,425,3,AGT,TCA
L75948.1,61,63,420,422,3,AGT,TCA
L75948.1,144,146,216,218,3,AGT,TCA
L75948.1,292,294,420,422,3,AGT,TCA
L75948.1,61,63,216,218,3,AGT,TCA
L75948.1,15,17,216,218,3,AGT,TCA
L75948.1,40,42,216,218,3,AGT,TCA
L75948.1,292,294,423,425,3,AGT,TCA
L75948.1,347,351,376,380,5,ATATA,TATAT
L75948.1,76,78,281,283,3,ATA,TAT
L75948.1,201,203,213,215,3,ATA,TAT
L75948.1,201,203,360,362,3,ATA,TAT
L75948.1,94,96,213,215,3,ATA,TAT
L75948.1,94,96,360,362,3,ATA,TAT
L75948.1,76,78,393,395,3,ATA,TAT
L75948.1,355,357,360,362,3,ATA,TAT
L75948.1,355,357,393,395,3,ATA,TAT
L75948.1,94,96,453,455,3,ATA,TAT
L75948.1,379,381,453,455,3,ATA,TAT
L75948.1,349,351,453,455,3,ATA,TAT
L75948.1,76,78,93,95,3,ATA,TAT
L75948.1,392,394,453,455,3,ATA,TAT
L75948.1,392,394,393,395,3,ATA,TAT
L75948.1,355,357,376,378,3,ATA,TAT
L75948.1,201,203,344,346,3,ATA,TAT
L75948.1,76,78,344,346,3,ATA,TAT
L75948.1,201,203,376,378,3,ATA,TAT
L75948.1,76,78,376,378,3,ATA,TAT
L75948.1,94,96,344,346,3,ATA,TAT
L75948.1,372,374,376,378,3,ATA,TAT
L75948.1,94,96,376,378,3,ATA,TAT
L75948.1,349,351,376,378,3,ATA,TAT
L75948.1,355,357,371,373,3,ATA,TAT
L75948.1,94,96,371,373,3,ATA,TAT
L75948.1,349,351,371,373,3,ATA,TAT
L75948.1,355,357,378,380,3,ATA,TAT
L75948.1,347,349,360,362,3,ATA,TAT
L75948.1,345,347,360,362,3,ATA,TAT
L75948.1,347,349,453,455,3,ATA,TAT
L75948.1,377,379,453,455,3,ATA,TAT
L75948.1,345,347,453,455,3,ATA,TAT
L75948.1,201,203,346,348,3,ATA,TAT
L75948.1,76,78,346,348,3,ATA,TAT
L75948.1,201,203,378,380,3,ATA,TAT
L75948.1,76,78,378,380,3,ATA,TAT
L75948.1,201,203,348,350,3,ATA,TAT
L75948.1,76,78,348,350,3,ATA,TAT
L75948.1,5,8,39,42,4,ATCA,TAGT
L75948.1,5,8,14,17,4,ATCA,TAGT
L75948.1,5,8,373,376,4,ATCA,TAGT
L75948.1,71,74,373,376,4,ATCA,TAGT
L75948.1,87,90,373,376,4,ATCA,TAGT
L75948.1,87,89,356,358,3,ATC,TAG
L75948.1,5,7,356,358,3,ATC,TAG
L75948.1,71,73,356,358,3,ATC,TAG
L75948.1,11,13,39,41,3,ATC,TAG
L75948.1,11,13,14,16,3,ATC,TAG
L75948.1,11,13,356,358,3,ATC,TAG
L75948.1,11,13,373,375,3,ATC,TAG
L75948.1,209,211,308,310,3,ATC,TAG
L75948.1,209,211,356,358,3,ATC,TAG
L75948.1,209,211,373,375,3,ATC,TAG
L75948.1,11,13,447,449,3,ATC,TAG
L75948.1,87,89,447,449,3,ATC,TAG
L75948.1,5,7,447,449,3,ATC,TAG
L75948.1,71,73,447,449,3,ATC,TAG
L75948.1,209,211,447,449,3,ATC,TAG
L75948.1,422,424,447,449,3,ATC,TAG
L75948.1,238,240,441,443,3,ATG,TAC
L75948.1,238,240,427,429,3,ATG,TAC
L75948.1,238,240,380,382,3,ATG,TAC
L75948.1,205,207,314,316,3,ATG,TAC
L75948.1,205,207,441,443,3,ATG,TAC
L75948.1,205,207,427,429,3,ATG,TAC
L75948.1,205,207,380,382,3,ATG,TAC
L75948.1,205,207,416,418,3,ATG,TAC
L75948.1,272,274,416,418,3,ATG,TAC
L75948.1,219,221,441,443,3,ATG,TAC
L75948.1,219,221,427,429,3,ATG,TAC
L75948.1,401,403,416,418,3,ATG,TAC
L75948.1,219,221,380,382,3,ATG,TAC
L75948.1,238,240,383,385,3,ATG,TAC
L75948.1,101,103,383,385,3,ATG,TAC
L75948.1,205,207,383,385,3,ATG,TAC
L75948.1,272,274,383,385,3,ATG,TAC
L75948.1,282,284,314,316,3,ATG,TAC
L75948.1,282,284,441,443,3,ATG,TAC
L75948.1,282,284,427,429,3,ATG,TAC
L75948.1,166,168,416,418,3,ATG,TAC
L75948.1,166,168,314,316,3,ATG,TAC
L75948.1,219,221,260,262,3,ATG,TAC
L75948.1,238,240,260,262,3,ATG,TAC
L75948.1,101,103,260,262,3,ATG,TAC
L75948.1,166,168,383,385,3,ATG,TAC
L75948.1,166,168,441,443,3,ATG,TAC
L75948.1,166,168,427,429,3,ATG,TAC
L75948.1,166,168,380,382,3,ATG,TAC
L75948.1,219,221,430,432,3,ATG,TAC
L75948.1,238,240,430,432,3,ATG,TAC
L75948.1,101,103,430,432,3,ATG,TAC
L75948.1,205,207,430,432,3,ATG,TAC
L75948.1,272,274,430,432,3,ATG,TAC
L75948.1,282,284,430,432,3,ATG,TAC
L75948.1,101,103,202,204,3,ATG,TAC
L75948.1,394,396,416,418,3,ATG,TAC
L75948.1,394,396,441,443,3,ATG,TAC
L75948.1,394,396,427,429,3,ATG,TAC
L75948.1,214,217,475,478,4,ATTC,TAAG
L75948.1,361,364,475,478,4,ATTC,TAAG
L75948.1,247,250,350,353,4,ATTC,TAAG
L75948.1,247,250,486,489,4,ATTC,TAAG
L75948.1,214,217,486,489,4,ATTC,TAAG
L75948.1,361,364,486,489,4,ATTC,TAAG
L75948.1,414,416,475,477,3,ATT,TAA
L75948.1,91,93,178,180,3,ATT,TAA
L75948.1,408,410,486,488,3,ATT,TAA
L75948.1,306,308,486,488,3,ATT,TAA
L75948.1,91,93,486,488,3,ATT,TAA
L75948.1,91,93,160,162,3,ATT,TAA
L75948.1,414,416,486,488,3,ATT,TAA
L75948.1,306,308,350,352,3,ATT,TAA
L75948.1,91,93,350,352,3,ATT,TAA
L75948.1,214,216,410,412,3,ATT,TAA
L75948.1,361,363,410,412,3,ATT,TAA
L75948.1,251,253,475,477,3,ATT,TAA
L75948.1,251,253,486,488,3,ATT,TAA
L75948.1,251,253,350,352,3,ATT,TAA
L75948.1,56,58,178,180,3,ATT,TAA
L75948.1,56,58,486,488,3,ATT,TAA
L75948.1,56,58,160,162,3,ATT,TAA
L75948.1,56,58,77,79,3,ATT,TAA
L75948.1,56,58,350,352,3,ATT,TAA
L75948.1,247,249,389,391,3,ATT,TAA
L75948.1,306,308,389,391,3,ATT,TAA
L75948.1,91,93,389,391,3,ATT,TAA
L75948.1,336,338,410,412,3,ATT,TAA
L75948.1,336,338,475,477,3,ATT,TAA
L75948.1,336,338,486,488,3,ATT,TAA
L75948.1,214,216,389,391,3,ATT,TAA
L75948.1,361,363,389,391,3,ATT,TAA
L75948.1,336,338,350,352,3,ATT,TAA
L75948.1,44,46,173,175,3,CAA,GTT
L75948.1,128,130,173,175,3,CAA,GTT
L75948.1,115,117,173,175,3,CAA,GTT
L75948.1,122,124,173,175,3,CAA,GTT
L75948.1,303,305,482,484,3,CAA,GTT
L75948.1,44,46,293,295,3,CAA,GTT
L75948.1,52,54,293,295,3,CAA,GTT
L75948.1,154,156,293,295,3,CAA,GTT
L75948.1,262,264,293,295,3,CAA,GTT
L75948.1,85,87,173,175,3,CAA,GTT
L75948.1,69,71,173,175,3,CAA,GTT
L75948.1,85,87,293,295,3,CAA,GTT
L75948.1,69,71,293,295,3,CAA,GTT
L75948.1,128,130,279,281,3,CAA,GTT
L75948.1,115,117,279,281,3,CAA,GTT
L75948.1,122,124,279,281,3,CAA,GTT
L75948.1,224,226,279,281,3,CAA,GTT
L75948.1,44,46,279,281,3,CAA,GTT
L75948.1,52,54,279,281,3,CAA,GTT
L75948.1,154,156,279,281,3,CAA,GTT
L75948.1,262,264,279,281,3,CAA,GTT
L75948.1,99,101,482,484,3,CAA,GTT
L75948.1,99,101,168,170,3,CAA,GTT
L75948.1,241,243,279,281,3,CAA,GTT
L75948.1,99,101,173,175,3,CAA,GTT
L75948.1,99,101,293,295,3,CAA,GTT
L75948.1,217,219,482,484,3,CAA,GTT
L75948.1,89,91,482,484,3,CAA,GTT
L75948.1,89,91,168,170,3,CAA,GTT
L75948.1,89,91,173,175,3,CAA,GTT
L75948.1,320,322,322,324,3,CAG,GTC
L75948.1,97,99,198,200,3,CCC,GGG
L75948.1,327,329,468,470,3,CCG,GGC
L75948.1,23,25,142,144,3,CCT,GGA
L75948.1,23,25,190,192,3,CCT,GGA
L75948.1,158,160,190,192,3,CCT,GGA
L75948.1,23,25,193,195,3,CCT,GGA
L75948.1,158,160,193,195,3,CCT,GGA
L75948.1,23,25,151,153,3,CCT,GGA
L75948.1,23,25,244,246,3,CCT,GGA
L75948.1,158,160,244,246,3,CCT,GGA
L75948.1,139,141,140,142,3,CGC,GCG
L75948.1,139,141,196,198,3,CGC,GCG
L75948.1,141,143,326,328,3,CGG,GCC
L75948.1,197,199,326,328,3,CGG,GCC
L75948.1,141,143,469,471,3,CGG,GCC
L75948.1,141,143,163,165,3,CGG,GCC
L75948.1,141,143,181,183,3,CGG,GCC
L75948.1,172,174,403,405,3,CGT,GCA
L75948.1,172,174,270,272,3,CGT,GCA
L75948.1,172,174,207,209,3,CGT,GCA
L75948.1,172,174,449,451,3,CGT,GCA
L75948.1,211,213,274,276,3,CTT,GAA
L75948.1,211,213,290,292,3,CTT,GAA
L75948.1,286,288,353,355,3,CTT,GAA
L75948.1,31,33,245,247,3,CTT,GAA
L75948.1,31,33,290,292,3,CTT,GAA
L75948.1,31,33,353,355,3,CTT,GAA
L75948.1,211,213,254,256,3,CTT,GAA
L75948.1,211,213,233,235,3,CTT,GAA
L75948.1,31,33,118,120,3,CTT,GAA
L75948.1,31,33,185,187,3,CTT,GAA
L75948.1,31,33,131,133,3,CTT,GAA
L75948.1,233,235,459,461,3,GAA,CTT
L75948.1,254,256,459,461,3,GAA,CTT
L75948.1,107,109,459,461,3,GAA,CTT
L75948.1,233,235,340,342,3,GAA,CTT
L75948.1,254,256,340,342,3,GAA,CTT
L75948.1,107,109,340,342,3,GAA,CTT
L75948.1,131,133,465,467,3,GAA,CTT
L75948.1,185,187,465,467,3,GAA,CTT
L75948.1,118,120,465,467,3,GAA,CTT
L75948.1,233,235,465,467,3,GAA,CTT
L75948.1,254,256,465,467,3,GAA,CTT
L75948.1,107,109,465,467,3,GAA,CTT
L75948.1,125,127,286,288,3,GAA,CTT
L75948.1,131,133,286,288,3,GAA,CTT
L75948.1,185,187,286,288,3,GAA,CTT
L75948.1,118,120,286,288,3,GAA,CTT
L75948.1,290,292,459,461,3,GAA,CTT
L75948.1,290,292,340,342,3,GAA,CTT
L75948.1,233,235,286,288,3,GAA,CTT
L75948.1,254,256,286,288,3,GAA,CTT
L75948.1,107,109,286,288,3,GAA,CTT
L75948.1,125,127,437,439,3,GAA,CTT
L75948.1,131,133,437,439,3,GAA,CTT
L75948.1,185,187,437,439,3,GAA,CTT
L75948.1,118,120,437,439,3,GAA,CTT
L75948.1,274,276,459,461,3,GAA,CTT
L75948.1,274,276,340,342,3,GAA,CTT
L75948.1,274,276,465,467,3,GAA,CTT
L75948.1,353,355,465,467,3,GAA,CTT
L75948.1,9,11,286,288,3,GAA,CTT
L75948.1,9,11,465,467,3,GAA,CTT
L75948.1,290,292,312,314,3,GAA,CTT
L75948.1,107,109,211,213,3,GAA,CTT
L75948.1,353,355,437,439,3,GAA,CTT
L75948.1,9,11,437,439,3,GAA,CTT
L75948.1,9,11,31,33,3,GAA,CTT
L75948.1,274,276,312,314,3,GAA,CTT
L75948.1,233,235,312,314,3,GAA,CTT
L75948.1,254,256,312,314,3,GAA,CTT
L75948.1,107,109,312,314,3,GAA,CTT
L75948.1,3,5,459,461,3,GAA,CTT
L75948.1,3,5,340,342,3,GAA,CTT
L75948.1,3,5,437,439,3,GAA,CTT
L75948.1,3,5,31,33,3,GAA,CTT
L75948.1,245,247,459,461,3,GAA,CTT
L75948.1,245,247,340,342,3,GAA,CTT
L75948.1,125,127,473,475,3,GAA,CTT
L75948.1,131,133,473,475,3,GAA,CTT
L75948.1,185,187,473,475,3,GAA,CTT
L75948.1,118,120,473,475,3,GAA,CTT
L75948.1,245,247,286,288,3,GAA,CTT
L75948.1,245,247,465,467,3,GAA,CTT
L75948.1,290,292,473,475,3,GAA,CTT
L75948.1,245,247,437,439,3,GAA,CTT
L75948.1,274,276,473,475,3,GAA,CTT
L75948.1,233,235,473,475,3,GAA,CTT
L75948.1,254,256,473,475,3,GAA,CTT
L75948.1,107,109,473,475,3,GAA,CTT
L75948.1,181,183,197,199,3,GCC,CGG
L75948.1,163,165,197,199,3,GCC,CGG
L75948.1,1,3,139,141,3,GCG,CGC
L75948.1,151,153,472,474,3,GGA,CCT
L75948.1,244,246,385,387,3,GGA,CCT
L75948.1,221,223,472,474,3,GGA,CCT
L75948.1,193,195,472,474,3,GGA,CCT
L75948.1,190,192,472,474,3,GGA,CCT
L75948.1,221,223,456,458,3,GGA,CCT
L75948.1,193,195,385,387,3,GGA,CCT
L75948.1,190,192,385,387,3,GGA,CCT
L75948.1,142,144,472,474,3,GGA,CCT
L75948.1,142,144,385,387,3,GGA,CCT
L75948.1,151,153,418,420,3,GGA,CCT
L75948.1,244,246,418,420,3,GGA,CCT
L75948.1,199,201,456,458,3,GGA,CCT
L75948.1,199,201,418,420,3,GGA,CCT
L75948.1,199,201,385,387,3,GGA,CCT
L75948.1,151,153,158,160,3,GGA,CCT
L75948.1,142,144,158,160,3,GGA,CCT
L75948.1,277,279,471,473,3,GGG,CCC
L75948.1,277,279,470,472,3,GGG,CCC
L75948.1,310,312,320,322,3,GTC,CAG
L75948.1,293,295,406,408,3,GTT,CAA
L75948.1,168,170,217,219,3,GTT,CAA
L75948.1,293,295,331,333,3,GTT,CAA
L75948.1,168,170,241,243,3,GTT,CAA
L75948.1,168,170,297,299,3,GTT,CAA
L75948.1,279,281,331,333,3,GTT,CAA
L75948.1,293,295,303,305,3,GTT,CAA
L75948.1,173,175,217,219,3,GTT,CAA
L75948.1,279,281,303,305,3,GTT,CAA
L75948.1,173,175,297,299,3,GTT,CAA
L75948.1,168,170,303,305,3,GTT,CAA
L75948.1,173,175,331,333,3,GTT,CAA
L75948.1,173,175,224,226,3,GTT,CAA
L75948.1,173,175,406,408,3,GTT,CAA
L75948.1,293,295,366,368,3,GTT,CAA
L75948.1,279,281,366,368,3,GTT,CAA
L75948.1,160,163,361,364,4,TAAG,ATTC
L75948.1,160,163,214,217,4,TAAG,ATTC
L75948.1,178,181,361,364,4,TAAG,ATTC
L75948.1,178,181,214,217,4,TAAG,ATTC
L75948.1,160,163,247,250,4,TAAG,ATTC
L75948.1,178,181,247,250,4,TAAG,ATTC
L75948.1,77,79,336,338,3,TAA,ATT
L75948.1,25,27,336,338,3,TAA,ATT
L75948.1,25,27,56,58,3,TAA,ATT
L75948.1,48,50,251,253,3,TAA,ATT
L75948.1,17,19,56,58,3,TAA,ATT
L75948.1,25,27,361,363,3,TAA,ATT
L75948.1,48,50,361,363,3,TAA,ATT
L75948.1,25,27,214,216,3,TAA,ATT
L75948.1,48,50,214,216,3,TAA,ATT
L75948.1,17,19,361,363,3,TAA,ATT
L75948.1,17,19,214,216,3,TAA,ATT
L75948.1,160,162,251,253,3,TAA,ATT
L75948.1,160,162,336,338,3,TAA,ATT
L75948.1,77,79,247,249,3,TAA,ATT
L75948.1,25,27,247,249,3,TAA,ATT
L75948.1,48,50,247,249,3,TAA,ATT
L75948.1,17,19,247,249,3,TAA,ATT
L75948.1,350,352,414,416,3,TAA,ATT
L75948.1,77,79,414,416,3,TAA,ATT
L75948.1,160,162,414,416,3,TAA,ATT
L75948.1,25,27,414,416,3,TAA,ATT
L75948.1,48,50,414,416,3,TAA,ATT
L75948.1,410,412,414,416,3,TAA,ATT
L75948.1,77,79,91,93,3,TAA,ATT
L75948.1,77,79,306,308,3,TAA,ATT
L75948.1,350,352,408,410,3,TAA,ATT
L75948.1,77,79,408,410,3,TAA,ATT
L75948.1,25,27,91,93,3,TAA,ATT
L75948.1,48,50,91,93,3,TAA,ATT
L75948.1,160,162,306,308,3,TAA,ATT
L75948.1,25,27,306,308,3,TAA,ATT
L75948.1,48,50,306,308,3,TAA,ATT
L75948.1,160,162,408,410,3,TAA,ATT
L75948.1,25,27,408,410,3,TAA,ATT
L75948.1,48,50,408,410,3,TAA,ATT
L75948.1,17,19,91,93,3,TAA,ATT
L75948.1,178,180,306,308,3,TAA,ATT
L75948.1,17,19,306,308,3,TAA,ATT
L75948.1,178,180,408,410,3,TAA,ATT
L75948.1,17,19,408,410,3,TAA,ATT
L75948.1,389,391,408,410,3,TAA,ATT
L75948.1,81,83,282,284,3,TAC,ATG
L75948.1,95,97,166,168,3,TAC,ATG
L75948.1,260,262,282,284,3,TAC,ATG
L75948.1,42,44,282,284,3,TAC,ATG
L75948.1,65,67,282,284,3,TAC,ATG
L75948.1,383,385,394,396,3,TAC,ATG
L75948.1,202,204,219,221,3,TAC,ATG
L75948.1,81,83,219,221,3,TAC,ATG
L75948.1,42,44,219,221,3,TAC,ATG
L75948.1,65,67,219,221,3,TAC,ATG
L75948.1,95,97,401,403,3,TAC,ATG
L75948.1,202,204,401,403,3,TAC,ATG
L75948.1,260,262,401,403,3,TAC,ATG
L75948.1,42,44,401,403,3,TAC,ATG
L75948.1,65,67,401,403,3,TAC,ATG
L75948.1,95,97,205,207,3,TAC,ATG
L75948.1,202,204,205,207,3,TAC,ATG
L75948.1,81,83,205,207,3,TAC,ATG
L75948.1,95,97,238,240,3,TAC,ATG
L75948.1,202,204,238,240,3,TAC,ATG
L75948.1,81,83,238,240,3,TAC,ATG
L75948.1,42,44,238,240,3,TAC,ATG
L75948.1,65,67,238,240,3,TAC,ATG
L75948.1,380,382,401,403,3,TAC,ATG
L75948.1,29,31,282,284,3,TAC,ATG
L75948.1,29,31,394,396,3,TAC,ATG
L75948.1,29,31,205,207,3,TAC,ATG
L75948.1,29,31,166,168,3,TAC,ATG
L75948.1,29,31,238,240,3,TAC,ATG
L75948.1,29,31,219,221,3,TAC,ATG
L75948.1,95,97,272,274,3,TAC,ATG
L75948.1,202,204,272,274,3,TAC,ATG
L75948.1,81,83,272,274,3,TAC,ATG
L75948.1,314,316,394,396,3,TAC,ATG
L75948.1,95,97,101,103,3,TAC,ATG
L75948.1,314,316,401,403,3,TAC,ATG
L75948.1,81,83,101,103,3,TAC,ATG
L75948.1,42,44,101,103,3,TAC,ATG
L75948.1,65,67,101,103,3,TAC,ATG
L75948.1,14,17,71,74,4,TAGT,ATCA
L75948.1,39,42,71,74,4,TAGT,ATCA
L75948.1,373,376,422,425,4,TAGT,ATCA
L75948.1,14,17,422,425,4,TAGT,ATCA
L75948.1,39,42,422,425,4,TAGT,ATCA
L75948.1,308,311,422,425,4,TAGT,ATCA
L75948.1,14,17,87,90,4,TAGT,ATCA
L75948.1,39,42,87,90,4,TAGT,ATCA
L75948.1,14,16,454,456,3,TAG,ATC
L75948.1,39,41,454,456,3,TAG,ATC
L75948.1,14,16,209,211,3,TAG,ATC
L75948.1,39,41,209,211,3,TAG,ATC
L75948.1,356,358,422,424,3,TAG,ATC
L75948.1,308,310,454,456,3,TAG,ATC
L75948.1,60,62,454,456,3,TAG,ATC
L75948.1,60,62,209,211,3,TAG,ATC
L75948.1,447,449,454,456,3,TAG,ATC
L75948.1,376,380,377,381,5,TATAT,ATATA
L75948.1,344,348,377,381,5,TATAT,ATATA
L75948.1,344,348,347,351,5,TATAT,ATATA
L75948.1,371,373,372,374,3,TAT,ATA
L75948.1,344,346,372,374,3,TAT,ATA
L75948.1,93,95,372,374,3,TAT,ATA
L75948.1,348,350,355,357,3,TAT,ATA
L75948.1,346,348,355,357,3,TAT,ATA
L75948.1,344,346,355,357,3,TAT,ATA
L75948.1,371,373,379,381,3,TAT,ATA
L75948.1,376,378,379,381,3,TAT,ATA
L75948.1,344,346,379,381,3,TAT,ATA
L75948.1,93,95,379,381,3,TAT,ATA
L75948.1,93,95,94,96,3,TAT,ATA
L75948.1,93,95,201,203,3,TAT,ATA
L75948.1,281,283,372,374,3,TAT,ATA
L75948.1,281,283,345,347,3,TAT,ATA
L75948.1,281,283,377,379,3,TAT,ATA
L75948.1,281,283,347,349,3,TAT,ATA
L75948.1,344,346,349,351,3,TAT,ATA
L75948.1,281,283,349,351,3,TAT,ATA
L75948.1,93,95,349,351,3,TAT,ATA
L75948.1,360,362,379,381,3,TAT,ATA
L75948.1,360,362,372,374,3,TAT,ATA
L75948.1,360,362,377,379,3,TAT,ATA
L75948.1,360,362,392,394,3,TAT,ATA
L75948.1,213,215,379,381,3,TAT,ATA
L75948.1,213,215,372,374,3,TAT,ATA
L75948.1,213,215,345,347,3,TAT,ATA
L75948.1,213,215,377,379,3,TAT,ATA
L75948.1,213,215,347,349,3,TAT,ATA
L75948.1,88,90,479,481,3,TCA,AGT
L75948.1,88,90,144,146,3,TCA,AGT
L75948.1,88,90,267,269,3,TCA,AGT
L75948.1,216,218,479,481,3,TCA,AGT
L75948.1,216,218,267,269,3,TCA,AGT
L75948.1,88,90,299,301,3,TCA,AGT
L75948.1,6,8,479,481,3,TCA,AGT
L75948.1,6,8,144,146,3,TCA,AGT
L75948.1,6,8,267,269,3,TCA,AGT
L75948.1,72,74,479,481,3,TCA,AGT
L75948.1,72,74,144,146,3,TCA,AGT
L75948.1,72,74,267,269,3,TCA,AGT
L75948.1,6,8,299,301,3,TCA,AGT
L75948.1,6,8,292,294,3,TCA,AGT
L75948.1,216,218,309,311,3,TCA,AGT
L75948.1,72,74,299,301,3,TCA,AGT
L75948.1,72,74,292,294,3,TCA,AGT
L75948.1,88,90,321,323,3,TCA,AGT
L75948.1,216,218,321,323,3,TCA,AGT
L75948.1,363,365,374,376,3,TCA,AGT
L75948.1,216,218,374,376,3,TCA,AGT
L75948.1,6,8,258,260,3,TCA,AGT
L75948.1,72,74,258,260,3,TCA,AGT
L75948.1,88,90,258,260,3,TCA,AGT
L75948.1,249,251,309,311,3,TCA,AGT
L75948.1,249,251,479,481,3,TCA,AGT
L75948.1,249,251,267,269,3,TCA,AGT
L75948.1,249,251,321,323,3,TCA,AGT
L75948.1,288,290,448,450,3,TCG,AGC
L75948.1,12,14,477,479,3,TCT,AGA
L75948.1,12,14,265,267,3,TCT,AGA
L75948.1,37,39,477,479,3,TCT,AGA
L75948.1,37,39,265,267,3,TCT,AGA
L75948.1,230,232,477,479,3,TCT,AGA
L75948.1,230,232,265,267,3,TCT,AGA
L75948.1,323,325,477,479,3,TCT,AGA
L75948.1,12,14,226,228,3,TCT,AGA
L75948.1,37,39,226,228,3,TCT,AGA
L75948.1,35,37,226,228,3,TCT,AGA
L75948.1,210,212,226,228,3,TCT,AGA
L75948.1,210,212,477,479,3,TCT,AGA
L75948.1,210,212,265,267,3,TCT,AGA
L75948.1,458,460,477,479,3,TCT,AGA
L75948.1,12,14,184,186,3,TCT,AGA
L75948.1,37,39,184,186,3,TCT,AGA
L75948.1,311,313,477,479,3,TCT,AGA
L75948.1,12,14,352,354,3,TCT,AGA
L75948.1,12,14,124,126,3,TCT,AGA
L75948.1,12,14,117,119,3,TCT,AGA
L75948.1,12,14,130,132,3,TCT,AGA
L75948.1,230,232,352,354,3,TCT,AGA
L75948.1,37,39,352,354,3,TCT,AGA
L75948.1,37,39,124,126,3,TCT,AGA
L75948.1,37,39,117,119,3,TCT,AGA
L75948.1,37,39,130,132,3,TCT,AGA
L75948.1,323,325,352,354,3,TCT,AGA
L75948.1,35,37,352,354,3,TCT,AGA
L75948.1,35,37,124,126,3,TCT,AGA
L75948.1,35,37,117,119,3,TCT,AGA
L75948.1,35,37,130,132,3,TCT,AGA
L75948.1,232,234,442,444,3,TGA,ACT
L75948.1,106,108,442,444,3,TGA,ACT
L75948.1,232,234,315,317,3,TGA,ACT
L75948.1,106,108,315,317,3,TGA,ACT
L75948.1,102,104,436,438,3,TGA,ACT
L75948.1,253,255,442,444,3,TGA,ACT
L75948.1,253,255,315,317,3,TGA,ACT
L75948.1,112,114,436,438,3,TGA,ACT
L75948.1,317,319,436,438,3,TGA,ACT
L75948.1,106,108,110,112,3,TGA,ACT
L75948.1,112,114,381,383,3,TGA,ACT
L75948.1,317,319,381,383,3,TGA,ACT
L75948.1,232,234,381,383,3,TGA,ACT
L75948.1,106,108,381,383,3,TGA,ACT
L75948.1,112,114,428,430,3,TGA,ACT
L75948.1,317,319,428,430,3,TGA,ACT
L75948.1,232,234,428,430,3,TGA,ACT
L75948.1,106,108,428,430,3,TGA,ACT
L75948.1,253,255,381,383,3,TGA,ACT
L75948.1,253,255,428,430,3,TGA,ACT
L75948.1,102,104,451,453,3,TGA,ACT
L75948.1,273,275,451,453,3,TGA,ACT
L75948.1,102,104,425,427,3,TGA,ACT
L75948.1,273,275,425,427,3,TGA,ACT
L75948.1,112,114,451,453,3,TGA,ACT
L75948.1,317,319,451,453,3,TGA,ACT
L75948.1,232,234,451,453,3,TGA,ACT
L75948.1,106,108,451,453,3,TGA,ACT
L75948.1,112,114,425,427,3,TGA,ACT
L75948.1,317,319,425,427,3,TGA,ACT
L75948.1,232,234,425,427,3,TGA,ACT
L75948.1,106,108,425,427,3,TGA,ACT
L75948.1,253,255,451,453,3,TGA,ACT
L75948.1,253,255,425,427,3,TGA,ACT
L75948.1,102,104,369,371,3,TGA,ACT
L75948.1,273,275,369,371,3,TGA,ACT
L75948.1,112,114,369,371,3,TGA,ACT
L75948.1,317,319,369,371,3,TGA,ACT
L75948.1,232,234,369,371,3,TGA,ACT
L75948.1,106,108,369,371,3,TGA,ACT
L75948.1,102,104,228,230,3,TGA,ACT
L75948.1,167,170,223,226,4,TGTT,ACAA
L75948.1,167,170,405,408,4,TGTT,ACAA
L75948.1,167,170,365,368,4,TGTT,ACAA
L75948.1,63,65,319,321,3,TGT,ACA
L75948.1,176,178,319,321,3,TGT,ACA
L75948.1,33,35,203,205,3,TGT,ACA
L75948.1,387,389,431,433,3,TGT,ACA
L75948.1,63,65,431,433,3,TGT,ACA
L75948.1,63,65,66,68,3,TGT,ACA
L75948.1,63,65,82,84,3,TGT,ACA
L75948.1,395,397,412,414,3,TGT,ACA
L75948.1,33,35,431,433,3,TGT,ACA
L75948.1,176,178,431,433,3,TGT,ACA
L75948.1,342,344,431,433,3,TGT,ACA
L75948.1,33,35,66,68,3,TGT,ACA
L75948.1,33,35,82,84,3,TGT,ACA
L75948.1,167,169,319,321,3,TGT,ACA
L75948.1,63,65,261,263,3,TGT,ACA
L75948.1,33,35,43,45,3,TGT,ACA
L75948.1,167,169,412,414,3,TGT,ACA
L75948.1,33,35,261,263,3,TGT,ACA
L75948.1,176,178,261,263,3,TGT,ACA
L75948.1,63,65,223,225,3,TGT,ACA
L75948.1,63,65,114,116,3,TGT,ACA
L75948.1,63,65,330,332,3,TGT,ACA
L75948.1,63,65,153,155,3,TGT,ACA
L75948.1,33,35,223,225,3,TGT,ACA
L75948.1,176,178,223,225,3,TGT,ACA
L75948.1,33,35,114,116,3,TGT,ACA
L75948.1,33,35,330,332,3,TGT,ACA
L75948.1,176,178,330,332,3,TGT,ACA
L75948.1,33,35,153,155,3,TGT,ACA
L75948.1,395,397,405,407,3,TGT,ACA
L75948.1,387,389,405,407,3,TGT,ACA
L75948.1,33,35,405,407,3,TGT,ACA
L75948.1,176,178,405,407,3,TGT,ACA
L75948.1,342,344,405,407,3,TGT,ACA
L75948.1,33,35,68,70,3,TGT,ACA
L75948.1,33,35,84,86,3,TGT,ACA
L75948.1,33,35,365,367,3,TGT,ACA
L75948.1,176,178,365,367,3,TGT,ACA
L75948.1,342,344,365,367,3,TGT,ACA
L75948.1,63,65,121,123,3,TGT,ACA
L75948.1,63,65,127,129,3,TGT,ACA
L75948.1,59,63,86,90,5,TTAGT,AATCA
L75948.1,59,63,70,74,5,TTAGT,AATCA
L75948.1,313,315,407,409,3,TTA,AAT
L75948.1,307,309,407,409,3,TTA,AAT
L75948.1,59,61,246,248,3,TTA,AAT
L75948.1,59,61,218,220,3,TTA,AAT
L75948.1,59,61,100,102,3,TTA,AAT
L75948.1,59,61,90,92,3,TTA,AAT
L75948.1,59,61,407,409,3,TTA,AAT
L75948.1,92,94,246,248,3,TTA,AAT
L75948.1,92,94,218,220,3,TTA,AAT
L75948.1,92,94,100,102,3,TTA,AAT
L75948.1,92,94,407,409,3,TTA,AAT
L75948.1,92,94,237,239,3,TTA,AAT
L75948.1,92,94,305,307,3,TTA,AAT
L75948.1,307,309,354,356,3,TTA,AAT
L75948.1,212,214,218,220,3,TTA,AAT
L75948.1,212,214,407,409,3,TTA,AAT
L75948.1,59,61,354,356,3,TTA,AAT
L75948.1,212,214,237,239,3,TTA,AAT
L75948.1,212,214,305,307,3,TTA,AAT
L75948.1,280,282,305,307,3,TTA,AAT
L75948.1,307,309,391,393,3,TTA,AAT
L75948.1,313,315,391,393,3,TTA,AAT
L75948.1,438,441,476,479,4,TTCT,AAGA
L75948.1,338,341,476,479,4,TTCT,AAGA
L75948.1,215,217,275,277,3,TTC,AAG
L75948.1,248,250,275,277,3,TTC,AAG
L75948.1,215,217,242,244,3,TTC,AAG
L75948.1,287,289,298,300,3,TTC,AAG
L75948.1,287,289,476,478,3,TTC,AAG
L75948.1,287,289,351,353,3,TTC,AAG
L75948.1,294,296,476,478,3,TTC,AAG
L75948.1,294,296,351,353,3,TTC,AAG
L75948.1,215,217,225,227,3,TTC,AAG
L75948.1,215,217,264,266,3,TTC,AAG
L75948.1,248,250,264,266,3,TTC,AAG
L75948.1,438,440,487,489,3,TTC,AAG
L75948.1,287,289,487,489,3,TTC,AAG
L75948.1,483,485,487,489,3,TTC,AAG
L75948.1,294,296,487,489,3,TTC,AAG
L75948.1,338,340,487,489,3,TTC,AAG
L75948.1,252,254,332,334,3,TTG,AAC
L75948.1,32,34,78,80,3,TTG,AAC
L75948.1,32,34,332,334,3,TTG,AAC
L75948.1,32,34,45,47,3,TTG,AAC
L75948.1,341,343,368,370,3,TTG,AAC
L75948.1,32,34,156,158,3,TTG,AAC
L75948.1,32,34,134,136,3,TTG,AAC
L75948.1,32,34,109,111,3,TTG,AAC
L75948.1,32,34,368,370,3,TTG,AAC
L75948.1,175,177,332,334,3,TTG,AAC
L75948.1,169,171,411,413,3,TTG,AAC
L75948.1,169,171,368,370,3,TTG,AAC

Total for length 3 is 873.
Total for length 4 is 66.
Total for length 5 is 8.
Total for length 6 is 4.
Total for length 9 is 1.

