Input file is sequence6.fasta.
Minimal fragment length is 3.
Working with probability estimation.
P value is : 0.050000.
Printing all instances.
Looking for inverse complementary repeats.
L75948.1 Alphabet size is 4.
Input sequence has 0 letters that are not in expected alphabet.
L75948.1,53,60,53,60,8,AAAATTTT,AAAATTTT
L75948.1,132,134,174,176,3,AAA,TTT
L75948.1,54,56,174,176,3,AAA,TTT
L75948.1,53,55,57,59,3,AAA,TTT
L75948.1,54,56,58,60,3,AAA,TTT
L75948.1,49,51,57,59,3,AAA,TTT
L75948.1,187,189,337,339,3,AAA,TTT
L75948.1,256,258,337,339,3,AAA,TTT
L75948.1,133,135,337,339,3,AAA,TTT
L75948.1,235,237,337,339,3,AAA,TTT
L75948.1,263,265,337,339,3,AAA,TTT
L75948.1,155,157,337,339,3,AAA,TTT
L75948.1,53,55,337,339,3,AAA,TTT
L75948.1,49,51,337,339,3,AAA,TTT
L75948.1,134,136,168,170,3,AAC,GTT
L75948.1,156,158,168,170,3,AAC,GTT
L75948.1,134,136,482,484,3,AAC,GTT
L75948.1,156,158,482,484,3,AAC,GTT
L75948.1,332,334,482,484,3,AAC,GTT
L75948.1,50,52,279,281,3,AAC,GTT
L75948.1,120,122,279,281,3,AAC,GTT
L75948.1,18,20,168,170,3,AAC,GTT
L75948.1,18,20,482,484,3,AAC,GTT
L75948.1,126,128,279,281,3,AAC,GTT
L75948.1,109,111,168,170,3,AAC,GTT
L75948.1,368,370,482,484,3,AAC,GTT
L75948.1,109,111,482,484,3,AAC,GTT
L75948.1,109,111,279,281,3,AAC,GTT
L75948.1,45,47,482,484,3,AAC,GTT
L75948.1,45,47,279,281,3,AAC,GTT
L75948.1,134,136,293,295,3,AAC,GTT
L75948.1,156,158,293,295,3,AAC,GTT
L75948.1,50,52,293,295,3,AAC,GTT
L75948.1,120,122,293,295,3,AAC,GTT
L75948.1,18,20,293,295,3,AAC,GTT
L75948.1,78,80,168,170,3,AAC,GTT
L75948.1,26,28,168,170,3,AAC,GTT
L75948.1,78,80,482,484,3,AAC,GTT
L75948.1,26,28,482,484,3,AAC,GTT
L75948.1,45,47,173,175,3,AAC,GTT
L75948.1,126,128,173,175,3,AAC,GTT
L75948.1,78,80,173,175,3,AAC,GTT
L75948.1,26,28,173,175,3,AAC,GTT
L75948.1,18,20,173,175,3,AAC,GTT
L75948.1,129,132,311,314,4,AAGA,TCTT
L75948.1,116,119,311,314,4,AAGA,TCTT
L75948.1,123,126,311,314,4,AAGA,TCTT
L75948.1,264,267,339,342,4,AAGA,TCTT
L75948.1,264,267,311,314,4,AAGA,TCTT
L75948.1,351,354,458,461,4,AAGA,TCTT
L75948.1,129,132,210,213,4,AAGA,TCTT
L75948.1,116,119,210,213,4,AAGA,TCTT
L75948.1,123,126,210,213,4,AAGA,TCTT
L75948.1,264,266,465,467,3,AAG,CTT
L75948.1,351,353,465,467,3,AAG,CTT
L75948.1,264,266,286,288,3,AAG,CTT
L75948.1,129,131,286,288,3,AAG,CTT
L75948.1,116,118,286,288,3,AAG,CTT
L75948.1,123,125,286,288,3,AAG,CTT
L75948.1,225,227,286,288,3,AAG,CTT
L75948.1,179,181,340,342,3,AAG,CTT
L75948.1,179,181,459,461,3,AAG,CTT
L75948.1,161,163,340,342,3,AAG,CTT
L75948.1,161,163,459,461,3,AAG,CTT
L75948.1,188,190,465,467,3,AAG,CTT
L75948.1,188,190,340,342,3,AAG,CTT
L75948.1,188,190,459,461,3,AAG,CTT
L75948.1,188,190,286,288,3,AAG,CTT
L75948.1,188,190,312,314,3,AAG,CTT
L75948.1,188,190,211,213,3,AAG,CTT
L75948.1,242,244,286,288,3,AAG,CTT
L75948.1,242,244,312,314,3,AAG,CTT
L75948.1,275,277,465,467,3,AAG,CTT
L75948.1,275,277,340,342,3,AAG,CTT
L75948.1,275,277,459,461,3,AAG,CTT
L75948.1,275,277,312,314,3,AAG,CTT
L75948.1,264,266,473,475,3,AAG,CTT
L75948.1,129,131,473,475,3,AAG,CTT
L75948.1,116,118,473,475,3,AAG,CTT
L75948.1,123,125,473,475,3,AAG,CTT
L75948.1,225,227,473,475,3,AAG,CTT
L75948.1,257,259,465,467,3,AAG,CTT
L75948.1,257,259,340,342,3,AAG,CTT
L75948.1,257,259,459,461,3,AAG,CTT
L75948.1,257,259,286,288,3,AAG,CTT
L75948.1,257,259,473,475,3,AAG,CTT
L75948.1,257,259,312,314,3,AAG,CTT
L75948.1,298,300,473,475,3,AAG,CTT
L75948.1,298,300,312,314,3,AAG,CTT
L75948.1,188,190,437,439,3,AAG,CTT
L75948.1,264,266,437,439,3,AAG,CTT
L75948.1,242,244,437,439,3,AAG,CTT
L75948.1,129,131,437,439,3,AAG,CTT
L75948.1,116,118,437,439,3,AAG,CTT
L75948.1,123,125,437,439,3,AAG,CTT
L75948.1,225,227,437,439,3,AAG,CTT
L75948.1,291,293,465,467,3,AAG,CTT
L75948.1,291,293,340,342,3,AAG,CTT
L75948.1,291,293,459,461,3,AAG,CTT
L75948.1,179,181,437,439,3,AAG,CTT
L75948.1,161,163,437,439,3,AAG,CTT
L75948.1,351,353,437,439,3,AAG,CTT
L75948.1,291,293,473,475,3,AAG,CTT
L75948.1,291,293,312,314,3,AAG,CTT
L75948.1,90,93,246,249,4,AATT,AATT
L75948.1,305,308,407,410,4,AATT,AATT
L75948.1,90,93,90,93,4,AATT,AATT
L75948.1,407,410,407,410,4,AATT,AATT
L75948.1,90,93,407,410,4,AATT,AATT
L75948.1,246,249,407,410,4,AATT,AATT
L75948.1,55,58,246,249,4,AATT,AATT
L75948.1,55,58,90,93,4,AATT,AATT
L75948.1,55,58,407,410,4,AATT,AATT
L75948.1,305,308,305,308,4,AATT,AATT
L75948.1,90,93,305,308,4,AATT,AATT
L75948.1,246,249,305,308,4,AATT,AATT
L75948.1,86,88,214,216,3,AAT,ATT
L75948.1,86,88,361,363,3,AAT,ATT
L75948.1,70,72,214,216,3,AAT,ATT
L75948.1,70,72,361,363,3,AAT,ATT
L75948.1,86,88,336,338,3,AAT,ATT
L75948.1,70,72,336,338,3,AAT,ATT
L75948.1,237,239,361,363,3,AAT,ATT
L75948.1,4,6,336,338,3,AAT,ATT
L75948.1,10,12,336,338,3,AAT,ATT
L75948.1,4,6,251,253,3,AAT,ATT
L75948.1,10,12,251,253,3,AAT,ATT
L75948.1,100,102,214,216,3,AAT,ATT
L75948.1,100,102,361,363,3,AAT,ATT
L75948.1,218,220,361,363,3,AAT,ATT
L75948.1,391,393,414,416,3,AAT,ATT
L75948.1,86,88,414,416,3,AAT,ATT
L75948.1,70,72,414,416,3,AAT,ATT
L75948.1,4,6,414,416,3,AAT,ATT
L75948.1,10,12,414,416,3,AAT,ATT
L75948.1,354,356,414,416,3,AAT,ATT
L75948.1,55,57,251,253,3,AAT,ATT
L75948.1,305,307,361,363,3,AAT,ATT
L75948.1,55,57,214,216,3,AAT,ATT
L75948.1,55,57,361,363,3,AAT,ATT
L75948.1,4,6,56,58,3,AAT,ATT
L75948.1,10,12,56,58,3,AAT,ATT
L75948.1,305,307,414,416,3,AAT,ATT
L75948.1,55,57,414,416,3,AAT,ATT
L75948.1,90,92,336,338,3,AAT,ATT
L75948.1,90,92,214,216,3,AAT,ATT
L75948.1,90,92,361,363,3,AAT,ATT
L75948.1,407,409,414,416,3,AAT,ATT
L75948.1,90,92,414,416,3,AAT,ATT
L75948.1,246,248,336,338,3,AAT,ATT
L75948.1,237,239,247,249,3,AAT,ATT
L75948.1,246,248,251,253,3,AAT,ATT
L75948.1,100,102,247,249,3,AAT,ATT
L75948.1,218,220,247,249,3,AAT,ATT
L75948.1,86,88,247,249,3,AAT,ATT
L75948.1,70,72,247,249,3,AAT,ATT
L75948.1,246,248,414,416,3,AAT,ATT
L75948.1,237,239,408,410,3,AAT,ATT
L75948.1,391,393,408,410,3,AAT,ATT
L75948.1,237,239,306,308,3,AAT,ATT
L75948.1,86,88,91,93,3,AAT,ATT
L75948.1,70,72,91,93,3,AAT,ATT
L75948.1,100,102,408,410,3,AAT,ATT
L75948.1,218,220,408,410,3,AAT,ATT
L75948.1,86,88,408,410,3,AAT,ATT
L75948.1,70,72,408,410,3,AAT,ATT
L75948.1,100,102,306,308,3,AAT,ATT
L75948.1,218,220,306,308,3,AAT,ATT
L75948.1,86,88,306,308,3,AAT,ATT
L75948.1,70,72,306,308,3,AAT,ATT
L75948.1,4,6,91,93,3,AAT,ATT
L75948.1,10,12,91,93,3,AAT,ATT
L75948.1,4,6,408,410,3,AAT,ATT
L75948.1,10,12,408,410,3,AAT,ATT
L75948.1,354,356,408,410,3,AAT,ATT
L75948.1,4,6,306,308,3,AAT,ATT
L75948.1,10,12,306,308,3,AAT,ATT
L75948.1,127,134,337,344,8,ACAAGAAA,TTTCTTGT
L75948.1,114,121,337,344,8,ACAAGAAA,TTTCTTGT
L75948.1,223,228,458,463,6,ACAAGA,TCTTGT
L75948.1,127,132,458,463,6,ACAAGA,TCTTGT
L75948.1,121,126,458,463,6,ACAAGA,TCTTGT
L75948.1,114,119,458,463,6,ACAAGA,TCTTGT
L75948.1,223,228,339,344,6,ACAAGA,TCTTGT
L75948.1,127,130,175,178,4,ACAA,TTGT
L75948.1,121,124,175,178,4,ACAA,TTGT
L75948.1,51,54,460,463,4,ACAA,TTGT
L75948.1,330,333,460,463,4,ACAA,TTGT
L75948.1,153,156,460,463,4,ACAA,TTGT
L75948.1,43,46,460,463,4,ACAA,TTGT
L75948.1,261,264,460,463,4,ACAA,TTGT
L75948.1,114,117,175,178,4,ACAA,TTGT
L75948.1,51,54,341,344,4,ACAA,TTGT
L75948.1,330,333,341,344,4,ACAA,TTGT
L75948.1,153,156,341,344,4,ACAA,TTGT
L75948.1,84,87,341,344,4,ACAA,TTGT
L75948.1,84,87,175,178,4,ACAA,TTGT
L75948.1,68,71,341,344,4,ACAA,TTGT
L75948.1,68,71,175,178,4,ACAA,TTGT
L75948.1,365,367,481,483,3,ACA,TGT
L75948.1,84,86,481,483,3,ACA,TGT
L75948.1,68,70,481,483,3,ACA,TGT
L75948.1,405,407,481,483,3,ACA,TGT
L75948.1,153,155,481,483,3,ACA,TGT
L75948.1,330,332,481,483,3,ACA,TGT
L75948.1,114,116,481,483,3,ACA,TGT
L75948.1,223,225,481,483,3,ACA,TGT
L75948.1,261,263,481,483,3,ACA,TGT
L75948.1,43,45,481,483,3,ACA,TGT
L75948.1,51,53,63,65,3,ACA,TGT
L75948.1,82,84,461,463,3,ACA,TGT
L75948.1,66,68,461,463,3,ACA,TGT
L75948.1,431,433,461,463,3,ACA,TGT
L75948.1,319,321,481,483,3,ACA,TGT
L75948.1,319,321,461,463,3,ACA,TGT
L75948.1,319,321,342,344,3,ACA,TGT
L75948.1,51,53,387,389,3,ACA,TGT
L75948.1,127,129,387,389,3,ACA,TGT
L75948.1,121,123,387,389,3,ACA,TGT
L75948.1,365,367,387,389,3,ACA,TGT
L75948.1,84,86,387,389,3,ACA,TGT
L75948.1,68,70,387,389,3,ACA,TGT
L75948.1,153,155,387,389,3,ACA,TGT
L75948.1,330,332,387,389,3,ACA,TGT
L75948.1,114,116,387,389,3,ACA,TGT
L75948.1,223,225,387,389,3,ACA,TGT
L75948.1,84,86,167,169,3,ACA,TGT
L75948.1,68,70,167,169,3,ACA,TGT
L75948.1,412,414,461,463,3,ACA,TGT
L75948.1,153,155,167,169,3,ACA,TGT
L75948.1,114,116,167,169,3,ACA,TGT
L75948.1,82,84,167,169,3,ACA,TGT
L75948.1,66,68,167,169,3,ACA,TGT
L75948.1,43,45,167,169,3,ACA,TGT
L75948.1,51,53,395,397,3,ACA,TGT
L75948.1,127,129,395,397,3,ACA,TGT
L75948.1,121,123,395,397,3,ACA,TGT
L75948.1,319,321,395,397,3,ACA,TGT
L75948.1,153,155,395,397,3,ACA,TGT
L75948.1,330,332,395,397,3,ACA,TGT
L75948.1,114,116,395,397,3,ACA,TGT
L75948.1,223,225,395,397,3,ACA,TGT
L75948.1,82,84,395,397,3,ACA,TGT
L75948.1,66,68,395,397,3,ACA,TGT
L75948.1,261,263,395,397,3,ACA,TGT
L75948.1,43,45,395,397,3,ACA,TGT
L75948.1,203,205,481,483,3,ACA,TGT
L75948.1,203,205,461,463,3,ACA,TGT
L75948.1,22,24,278,280,3,ACC,GGT
L75948.1,19,21,358,360,3,ACC,GGT
L75948.1,135,137,358,360,3,ACC,GGT
L75948.1,333,335,358,360,3,ACC,GGT
L75948.1,369,376,369,376,8,ACTATAGT,ACTATAGT
L75948.1,27,30,60,63,4,ACTA,TAGT
L75948.1,79,82,308,311,4,ACTA,TAGT
L75948.1,27,30,308,311,4,ACTA,TAGT
L75948.1,27,30,39,42,4,ACTA,TAGT
L75948.1,79,82,373,376,4,ACTA,TAGT
L75948.1,27,30,373,376,4,ACTA,TAGT
L75948.1,46,49,373,376,4,ACTA,TAGT
L75948.1,46,48,144,146,3,ACT,AGT
L75948.1,79,81,144,146,3,ACT,AGT
L75948.1,27,29,144,146,3,ACT,AGT
L75948.1,46,48,479,481,3,ACT,AGT
L75948.1,79,81,479,481,3,ACT,AGT
L75948.1,27,29,479,481,3,ACT,AGT
L75948.1,369,371,479,481,3,ACT,AGT
L75948.1,46,48,267,269,3,ACT,AGT
L75948.1,79,81,267,269,3,ACT,AGT
L75948.1,27,29,267,269,3,ACT,AGT
L75948.1,428,430,479,481,3,ACT,AGT
L75948.1,381,383,479,481,3,ACT,AGT
L75948.1,228,230,374,376,3,ACT,AGT
L75948.1,110,112,144,146,3,ACT,AGT
L75948.1,110,112,479,481,3,ACT,AGT
L75948.1,110,112,267,269,3,ACT,AGT
L75948.1,110,112,309,311,3,ACT,AGT
L75948.1,110,112,374,376,3,ACT,AGT
L75948.1,46,48,321,323,3,ACT,AGT
L75948.1,79,81,321,323,3,ACT,AGT
L75948.1,27,29,321,323,3,ACT,AGT
L75948.1,104,106,144,146,3,ACT,AGT
L75948.1,104,106,479,481,3,ACT,AGT
L75948.1,104,106,267,269,3,ACT,AGT
L75948.1,104,106,374,376,3,ACT,AGT
L75948.1,315,317,479,481,3,ACT,AGT
L75948.1,442,444,479,481,3,ACT,AGT
L75948.1,104,106,292,294,3,ACT,AGT
L75948.1,228,230,292,294,3,ACT,AGT
L75948.1,110,112,299,301,3,ACT,AGT
L75948.1,46,48,299,301,3,ACT,AGT
L75948.1,79,81,299,301,3,ACT,AGT
L75948.1,27,29,299,301,3,ACT,AGT
L75948.1,104,106,299,301,3,ACT,AGT
L75948.1,228,230,299,301,3,ACT,AGT
L75948.1,110,112,258,260,3,ACT,AGT
L75948.1,46,48,258,260,3,ACT,AGT
L75948.1,79,81,258,260,3,ACT,AGT
L75948.1,27,29,258,260,3,ACT,AGT
L75948.1,30,32,144,146,3,ACT,AGT
L75948.1,30,32,479,481,3,ACT,AGT
L75948.1,30,32,267,269,3,ACT,AGT
L75948.1,30,32,61,63,3,ACT,AGT
L75948.1,30,32,321,323,3,ACT,AGT
L75948.1,30,32,309,311,3,ACT,AGT
L75948.1,104,106,258,260,3,ACT,AGT
L75948.1,228,230,258,260,3,ACT,AGT
L75948.1,130,133,483,486,4,AGAA,TTCT
L75948.1,117,120,483,486,4,AGAA,TTCT
L75948.1,184,187,483,486,4,AGAA,TTCT
L75948.1,352,355,483,486,4,AGAA,TTCT
L75948.1,8,11,338,341,4,AGAA,TTCT
L75948.1,8,11,483,486,4,AGAA,TTCT
L75948.1,352,355,438,441,4,AGAA,TTCT
L75948.1,124,127,438,441,4,AGAA,TTCT
L75948.1,130,133,438,441,4,AGAA,TTCT
L75948.1,117,120,438,441,4,AGAA,TTCT
L75948.1,8,11,438,441,4,AGAA,TTCT
L75948.1,184,187,438,441,4,AGAA,TTCT
L75948.1,184,186,311,313,3,AGA,TCT
L75948.1,8,10,311,313,3,AGA,TCT
L75948.1,226,228,484,486,3,AGA,TCT
L75948.1,226,228,439,441,3,AGA,TCT
L75948.1,130,132,323,325,3,AGA,TCT
L75948.1,117,119,323,325,3,AGA,TCT
L75948.1,124,126,323,325,3,AGA,TCT
L75948.1,8,10,35,37,3,AGA,TCT
L75948.1,184,186,458,460,3,AGA,TCT
L75948.1,8,10,458,460,3,AGA,TCT
L75948.1,265,267,323,325,3,AGA,TCT
L75948.1,265,267,484,486,3,AGA,TCT
L75948.1,265,267,439,441,3,AGA,TCT
L75948.1,477,479,484,486,3,AGA,TCT
L75948.1,226,228,230,232,3,AGA,TCT
L75948.1,130,132,230,232,3,AGA,TCT
L75948.1,117,119,230,232,3,AGA,TCT
L75948.1,124,126,230,232,3,AGA,TCT
L75948.1,8,10,37,39,3,AGA,TCT
L75948.1,184,186,210,212,3,AGA,TCT
L75948.1,8,10,210,212,3,AGA,TCT
L75948.1,74,76,458,460,3,AGA,TCT
L75948.1,74,76,311,313,3,AGA,TCT
L75948.1,74,76,339,341,3,AGA,TCT
L75948.1,74,76,484,486,3,AGA,TCT
L75948.1,74,76,439,441,3,AGA,TCT
L75948.1,8,10,12,14,3,AGA,TCT
L75948.1,180,182,445,447,3,AGC,GCT
L75948.1,162,164,445,447,3,AGC,GCT
L75948.1,195,197,285,287,3,AGC,GCT
L75948.1,195,197,464,466,3,AGC,GCT
L75948.1,195,197,445,447,3,AGC,GCT
L75948.1,258,261,314,317,4,AGTA,TACT
L75948.1,40,43,314,317,4,AGTA,TACT
L75948.1,15,18,29,32,4,AGTA,TACT
L75948.1,258,261,441,444,4,AGTA,TACT
L75948.1,40,43,441,444,4,AGTA,TACT
L75948.1,15,18,441,444,4,AGTA,TACT
L75948.1,258,261,427,430,4,AGTA,TACT
L75948.1,258,261,380,383,4,AGTA,TACT
L75948.1,374,377,441,444,4,AGTA,TACT
L75948.1,144,148,449,453,5,AGTGC,GCACT
L75948.1,299,303,449,453,5,AGTGC,GCACT
L75948.1,267,271,449,453,5,AGTGC,GCACT
L75948.1,267,270,435,438,4,AGTG,CACT
L75948.1,144,147,435,438,4,AGTG,CACT
L75948.1,61,64,435,438,4,AGTG,CACT
L75948.1,299,302,424,427,4,AGTG,CACT
L75948.1,267,270,424,427,4,AGTG,CACT
L75948.1,144,147,424,427,4,AGTG,CACT
L75948.1,15,17,104,106,3,AGT,ACT
L75948.1,40,42,104,106,3,AGT,ACT
L75948.1,321,323,428,430,3,AGT,ACT
L75948.1,321,323,381,383,3,AGT,ACT
L75948.1,15,17,228,230,3,AGT,ACT
L75948.1,40,42,228,230,3,AGT,ACT
L75948.1,309,311,315,317,3,AGT,ACT
L75948.1,309,311,442,444,3,AGT,ACT
L75948.1,299,301,315,317,3,AGT,ACT
L75948.1,299,301,442,444,3,AGT,ACT
L75948.1,321,323,436,438,3,AGT,ACT
L75948.1,299,301,428,430,3,AGT,ACT
L75948.1,299,301,381,383,3,AGT,ACT
L75948.1,309,311,436,438,3,AGT,ACT
L75948.1,15,17,436,438,3,AGT,ACT
L75948.1,40,42,436,438,3,AGT,ACT
L75948.1,374,376,436,438,3,AGT,ACT
L75948.1,267,269,315,317,3,AGT,ACT
L75948.1,267,269,442,444,3,AGT,ACT
L75948.1,144,146,315,317,3,AGT,ACT
L75948.1,144,146,442,444,3,AGT,ACT
L75948.1,267,269,428,430,3,AGT,ACT
L75948.1,267,269,381,383,3,AGT,ACT
L75948.1,144,146,428,430,3,AGT,ACT
L75948.1,144,146,381,383,3,AGT,ACT
L75948.1,258,260,425,427,3,AGT,ACT
L75948.1,258,260,451,453,3,AGT,ACT
L75948.1,321,323,425,427,3,AGT,ACT
L75948.1,321,323,451,453,3,AGT,ACT
L75948.1,61,63,104,106,3,AGT,ACT
L75948.1,61,63,315,317,3,AGT,ACT
L75948.1,61,63,442,444,3,AGT,ACT
L75948.1,61,63,228,230,3,AGT,ACT
L75948.1,292,294,315,317,3,AGT,ACT
L75948.1,292,294,442,444,3,AGT,ACT
L75948.1,292,294,425,427,3,AGT,ACT
L75948.1,292,294,451,453,3,AGT,ACT
L75948.1,292,294,428,430,3,AGT,ACT
L75948.1,292,294,381,383,3,AGT,ACT
L75948.1,61,63,110,112,3,AGT,ACT
L75948.1,15,17,110,112,3,AGT,ACT
L75948.1,40,42,110,112,3,AGT,ACT
L75948.1,299,301,369,371,3,AGT,ACT
L75948.1,258,260,369,371,3,AGT,ACT
L75948.1,321,323,369,371,3,AGT,ACT
L75948.1,267,269,369,371,3,AGT,ACT
L75948.1,144,146,369,371,3,AGT,ACT
L75948.1,76,78,360,362,3,ATA,TAT
L75948.1,349,351,360,362,3,ATA,TAT
L75948.1,201,203,213,215,3,ATA,TAT
L75948.1,201,203,281,283,3,ATA,TAT
L75948.1,94,96,213,215,3,ATA,TAT
L75948.1,94,96,281,283,3,ATA,TAT
L75948.1,76,78,344,346,3,ATA,TAT
L75948.1,76,78,376,378,3,ATA,TAT
L75948.1,355,357,376,378,3,ATA,TAT
L75948.1,94,96,453,455,3,ATA,TAT
L75948.1,379,381,453,455,3,ATA,TAT
L75948.1,349,351,453,455,3,ATA,TAT
L75948.1,201,203,371,373,3,ATA,TAT
L75948.1,76,78,371,373,3,ATA,TAT
L75948.1,392,394,453,455,3,ATA,TAT
L75948.1,355,357,393,395,3,ATA,TAT
L75948.1,201,203,393,395,3,ATA,TAT
L75948.1,76,78,393,395,3,ATA,TAT
L75948.1,372,374,393,395,3,ATA,TAT
L75948.1,94,96,393,395,3,ATA,TAT
L75948.1,379,381,393,395,3,ATA,TAT
L75948.1,349,351,393,395,3,ATA,TAT
L75948.1,347,349,360,362,3,ATA,TAT
L75948.1,355,357,378,380,3,ATA,TAT
L75948.1,345,347,360,362,3,ATA,TAT
L75948.1,347,349,453,455,3,ATA,TAT
L75948.1,201,203,346,348,3,ATA,TAT
L75948.1,76,78,346,348,3,ATA,TAT
L75948.1,377,379,453,455,3,ATA,TAT
L75948.1,201,203,378,380,3,ATA,TAT
L75948.1,76,78,378,380,3,ATA,TAT
L75948.1,345,347,453,455,3,ATA,TAT
L75948.1,201,203,348,350,3,ATA,TAT
L75948.1,76,78,348,350,3,ATA,TAT
L75948.1,247,250,353,356,4,ATTC,GAAT
L75948.1,214,217,245,248,4,ATTC,GAAT
L75948.1,306,308,354,356,3,ATT,AAT
L75948.1,91,93,354,356,3,ATT,AAT
L75948.1,214,216,407,409,3,ATT,AAT
L75948.1,361,363,407,409,3,ATT,AAT
L75948.1,91,93,218,220,3,ATT,AAT
L75948.1,91,93,100,102,3,ATT,AAT
L75948.1,251,253,354,356,3,ATT,AAT
L75948.1,214,216,218,220,3,ATT,AAT
L75948.1,251,253,305,307,3,ATT,AAT
L75948.1,56,58,218,220,3,ATT,AAT
L75948.1,56,58,100,102,3,ATT,AAT
L75948.1,56,58,70,72,3,ATT,AAT
L75948.1,56,58,86,88,3,ATT,AAT
L75948.1,214,216,305,307,3,ATT,AAT
L75948.1,56,58,354,356,3,ATT,AAT
L75948.1,336,338,407,409,3,ATT,AAT
L75948.1,91,93,237,239,3,ATT,AAT
L75948.1,336,338,354,356,3,ATT,AAT
L75948.1,214,216,237,239,3,ATT,AAT
L75948.1,247,249,391,393,3,ATT,AAT
L75948.1,306,308,391,393,3,ATT,AAT
L75948.1,91,93,391,393,3,ATT,AAT
L75948.1,251,253,391,393,3,ATT,AAT
L75948.1,52,54,169,171,3,CAA,TTG
L75948.1,154,156,169,171,3,CAA,TTG
L75948.1,128,130,169,171,3,CAA,TTG
L75948.1,115,117,169,171,3,CAA,TTG
L75948.1,303,305,341,343,3,CAA,TTG
L75948.1,122,124,169,171,3,CAA,TTG
L75948.1,303,305,460,462,3,CAA,TTG
L75948.1,331,333,466,468,3,CAA,TTG
L75948.1,44,46,466,468,3,CAA,TTG
L75948.1,52,54,466,468,3,CAA,TTG
L75948.1,154,156,466,468,3,CAA,TTG
L75948.1,366,368,466,468,3,CAA,TTG
L75948.1,262,264,466,468,3,CAA,TTG
L75948.1,303,305,466,468,3,CAA,TTG
L75948.1,85,87,466,468,3,CAA,TTG
L75948.1,69,71,466,468,3,CAA,TTG
L75948.1,406,408,466,468,3,CAA,TTG
L75948.1,85,87,169,171,3,CAA,TTG
L75948.1,69,71,169,171,3,CAA,TTG
L75948.1,99,101,341,343,3,CAA,TTG
L75948.1,99,101,460,462,3,CAA,TTG
L75948.1,99,101,175,177,3,CAA,TTG
L75948.1,99,101,169,171,3,CAA,TTG
L75948.1,128,130,252,254,3,CAA,TTG
L75948.1,115,117,252,254,3,CAA,TTG
L75948.1,122,124,252,254,3,CAA,TTG
L75948.1,224,226,252,254,3,CAA,TTG
L75948.1,44,46,252,254,3,CAA,TTG
L75948.1,52,54,252,254,3,CAA,TTG
L75948.1,154,156,252,254,3,CAA,TTG
L75948.1,217,219,341,343,3,CAA,TTG
L75948.1,217,219,460,462,3,CAA,TTG
L75948.1,89,91,341,343,3,CAA,TTG
L75948.1,89,91,460,462,3,CAA,TTG
L75948.1,89,91,175,177,3,CAA,TTG
L75948.1,217,219,466,468,3,CAA,TTG
L75948.1,89,91,466,468,3,CAA,TTG
L75948.1,241,243,252,254,3,CAA,TTG
L75948.1,89,91,169,171,3,CAA,TTG
L75948.1,364,368,460,464,5,CACAA,TTGTG
L75948.1,83,87,460,464,5,CACAA,TTGTG
L75948.1,67,71,460,464,5,CACAA,TTGTG
L75948.1,450,453,479,482,4,CACT,AGTG
L75948.1,424,427,479,482,4,CACT,AGTG
L75948.1,435,438,479,482,4,CACT,AGTG
L75948.1,432,434,462,464,3,CAC,GTG
L75948.1,21,23,462,464,3,CAC,GTG
L75948.1,21,23,396,398,3,CAC,GTG
L75948.1,21,23,62,64,3,CAC,GTG
L75948.1,21,23,480,482,3,CAC,GTG
L75948.1,404,406,480,482,3,CAC,GTG
L75948.1,364,366,480,482,3,CAC,GTG
L75948.1,435,437,462,464,3,CAC,GTG
L75948.1,83,85,145,147,3,CAC,GTG
L75948.1,67,69,145,147,3,CAC,GTG
L75948.1,83,85,268,270,3,CAC,GTG
L75948.1,67,69,268,270,3,CAC,GTG
L75948.1,83,85,300,302,3,CAC,GTG
L75948.1,67,69,300,302,3,CAC,GTG
L75948.1,21,23,145,147,3,CAC,GTG
L75948.1,21,23,268,270,3,CAC,GTG
L75948.1,21,23,300,302,3,CAC,GTG
L75948.1,424,426,462,464,3,CAC,GTG
L75948.1,137,139,480,482,3,CAC,GTG
L75948.1,137,139,145,147,3,CAC,GTG
L75948.1,137,139,268,270,3,CAC,GTG
L75948.1,137,139,300,302,3,CAC,GTG
L75948.1,137,139,462,464,3,CAC,GTG
L75948.1,137,139,396,398,3,CAC,GTG
L75948.1,320,322,324,326,3,CAG,CTG
L75948.1,183,185,443,445,3,CAG,CTG
L75948.1,7,9,443,445,3,CAG,CTG
L75948.1,73,75,443,445,3,CAG,CTG
L75948.1,183,185,316,318,3,CAG,CTG
L75948.1,183,185,386,388,3,CAG,CTG
L75948.1,7,9,386,388,3,CAG,CTG
L75948.1,73,75,386,388,3,CAG,CTG
L75948.1,97,99,198,200,3,CCC,GGG
L75948.1,148,150,288,290,3,CGA,TCG
L75948.1,139,141,398,400,3,CGC,GCG
L75948.1,139,141,147,149,3,CGC,GCG
L75948.1,139,141,196,198,3,CGC,GCG
L75948.1,141,143,327,329,3,CGG,CCG
L75948.1,197,199,327,329,3,CGG,CCG
L75948.1,36,38,143,145,3,CTC,GAG
L75948.1,36,38,191,193,3,CTC,GAG
L75948.1,36,38,194,196,3,CTC,GAG
L75948.1,419,421,478,480,3,CTC,GAG
L75948.1,36,38,149,151,3,CTC,GAG
L75948.1,231,233,320,322,3,CTG,CAG
L75948.1,105,107,183,185,3,CTG,CAG
L75948.1,111,113,183,185,3,CTG,CAG
L75948.1,473,476,486,489,4,CTTA,TAAG
L75948.1,312,315,486,489,4,CTTA,TAAG
L75948.1,211,214,486,489,4,CTTA,TAAG
L75948.1,286,293,286,293,8,CTTCGAAG,CTTCGAAG
L75948.1,437,439,487,489,3,CTT,AAG
L75948.1,211,213,291,293,3,CTT,AAG
L75948.1,437,439,476,478,3,CTT,AAG
L75948.1,211,213,275,277,3,CTT,AAG
L75948.1,286,288,487,489,3,CTT,AAG
L75948.1,286,288,476,478,3,CTT,AAG
L75948.1,286,288,351,353,3,CTT,AAG
L75948.1,31,33,487,489,3,CTT,AAG
L75948.1,31,33,275,277,3,CTT,AAG
L75948.1,286,288,298,300,3,CTT,AAG
L75948.1,31,33,179,181,3,CTT,AAG
L75948.1,31,33,161,163,3,CTT,AAG
L75948.1,211,213,298,300,3,CTT,AAG
L75948.1,31,33,476,478,3,CTT,AAG
L75948.1,31,33,351,353,3,CTT,AAG
L75948.1,211,213,242,244,3,CTT,AAG
L75948.1,465,467,487,489,3,CTT,AAG
L75948.1,465,467,476,478,3,CTT,AAG
L75948.1,340,342,487,489,3,CTT,AAG
L75948.1,459,461,487,489,3,CTT,AAG
L75948.1,211,213,257,259,3,CTT,AAG
L75948.1,31,33,188,190,3,CTT,AAG
L75948.1,31,33,264,266,3,CTT,AAG
L75948.1,9,12,214,217,4,GAAT,ATTC
L75948.1,9,12,361,364,4,GAAT,ATTC
L75948.1,3,6,214,217,4,GAAT,ATTC
L75948.1,3,6,361,364,4,GAAT,ATTC
L75948.1,245,248,361,364,4,GAAT,ATTC
L75948.1,9,12,247,250,4,GAAT,ATTC
L75948.1,3,6,247,250,4,GAAT,ATTC
L75948.1,233,235,483,485,3,GAA,TTC
L75948.1,254,256,483,485,3,GAA,TTC
L75948.1,107,109,483,485,3,GAA,TTC
L75948.1,131,133,294,296,3,GAA,TTC
L75948.1,185,187,294,296,3,GAA,TTC
L75948.1,118,120,294,296,3,GAA,TTC
L75948.1,233,235,294,296,3,GAA,TTC
L75948.1,254,256,294,296,3,GAA,TTC
L75948.1,107,109,294,296,3,GAA,TTC
L75948.1,233,235,438,440,3,GAA,TTC
L75948.1,254,256,438,440,3,GAA,TTC
L75948.1,107,109,438,440,3,GAA,TTC
L75948.1,125,127,287,289,3,GAA,TTC
L75948.1,131,133,287,289,3,GAA,TTC
L75948.1,185,187,287,289,3,GAA,TTC
L75948.1,118,120,287,289,3,GAA,TTC
L75948.1,290,292,483,485,3,GAA,TTC
L75948.1,290,292,338,340,3,GAA,TTC
L75948.1,290,292,294,296,3,GAA,TTC
L75948.1,233,235,287,289,3,GAA,TTC
L75948.1,254,256,287,289,3,GAA,TTC
L75948.1,107,109,287,289,3,GAA,TTC
L75948.1,274,276,483,485,3,GAA,TTC
L75948.1,274,276,338,340,3,GAA,TTC
L75948.1,274,276,294,296,3,GAA,TTC
L75948.1,9,11,287,289,3,GAA,TTC
L75948.1,9,11,294,296,3,GAA,TTC
L75948.1,3,5,438,440,3,GAA,TTC
L75948.1,3,5,483,485,3,GAA,TTC
L75948.1,3,5,338,340,3,GAA,TTC
L75948.1,3,5,294,296,3,GAA,TTC
L75948.1,245,247,438,440,3,GAA,TTC
L75948.1,245,247,483,485,3,GAA,TTC
L75948.1,245,247,338,340,3,GAA,TTC
L75948.1,245,247,287,289,3,GAA,TTC
L75948.1,125,127,215,217,3,GAA,TTC
L75948.1,131,133,215,217,3,GAA,TTC
L75948.1,185,187,215,217,3,GAA,TTC
L75948.1,118,120,215,217,3,GAA,TTC
L75948.1,125,127,362,364,3,GAA,TTC
L75948.1,131,133,362,364,3,GAA,TTC
L75948.1,185,187,362,364,3,GAA,TTC
L75948.1,118,120,362,364,3,GAA,TTC
L75948.1,125,127,248,250,3,GAA,TTC
L75948.1,131,133,248,250,3,GAA,TTC
L75948.1,185,187,248,250,3,GAA,TTC
L75948.1,118,120,248,250,3,GAA,TTC
L75948.1,290,292,362,364,3,GAA,TTC
L75948.1,152,154,310,312,3,GAC,GTC
L75948.1,222,224,310,312,3,GAC,GTC
L75948.1,152,154,322,324,3,GAC,GTC
L75948.1,222,224,322,324,3,GAC,GTC
L75948.1,113,115,310,312,3,GAC,GTC
L75948.1,113,115,322,324,3,GAC,GTC
L75948.1,318,320,322,324,3,GAC,GTC
L75948.1,149,151,229,231,3,GAG,CTC
L75948.1,191,193,229,231,3,GAG,CTC
L75948.1,266,268,419,421,3,GAG,CTC
L75948.1,143,145,457,459,3,GAG,CTC
L75948.1,143,145,419,421,3,GAG,CTC
L75948.1,194,196,229,231,3,GAG,CTC
L75948.1,194,196,457,459,3,GAG,CTC
L75948.1,194,196,419,421,3,GAG,CTC
L75948.1,326,328,468,470,3,GCC,GGC
L75948.1,1,3,139,141,3,GCG,CGC
L75948.1,285,287,448,450,3,GCT,AGC
L75948.1,151,153,295,297,3,GGA,TCC
L75948.1,193,195,295,297,3,GGA,TCC
L75948.1,190,192,295,297,3,GGA,TCC
L75948.1,142,144,295,297,3,GGA,TCC
L75948.1,142,144,455,457,3,GGA,TCC
L75948.1,221,223,455,457,3,GGA,TCC
L75948.1,199,201,295,297,3,GGA,TCC
L75948.1,284,286,469,471,3,GGC,GCC
L75948.1,284,286,326,328,3,GGC,GCC
L75948.1,198,200,471,473,3,GGG,CCC
L75948.1,198,200,470,472,3,GGG,CCC
L75948.1,277,279,470,472,3,GGG,CCC
L75948.1,358,360,433,435,3,GGT,ACC
L75948.1,278,280,417,419,3,GGT,ACC
L75948.1,278,280,384,386,3,GGT,ACC
L75948.1,278,280,433,435,3,GGT,ACC
L75948.1,259,261,416,418,3,GTA,TAC
L75948.1,41,43,416,418,3,GTA,TAC
L75948.1,64,66,314,316,3,GTA,TAC
L75948.1,16,18,65,67,3,GTA,TAC
L75948.1,16,18,42,44,3,GTA,TAC
L75948.1,16,18,260,262,3,GTA,TAC
L75948.1,64,66,416,418,3,GTA,TAC
L75948.1,64,66,441,443,3,GTA,TAC
L75948.1,388,390,441,443,3,GTA,TAC
L75948.1,177,179,441,443,3,GTA,TAC
L75948.1,64,66,427,429,3,GTA,TAC
L75948.1,388,390,427,429,3,GTA,TAC
L75948.1,177,179,427,429,3,GTA,TAC
L75948.1,259,261,383,385,3,GTA,TAC
L75948.1,41,43,383,385,3,GTA,TAC
L75948.1,16,18,383,385,3,GTA,TAC
L75948.1,64,66,383,385,3,GTA,TAC
L75948.1,177,179,383,385,3,GTA,TAC
L75948.1,259,261,430,432,3,GTA,TAC
L75948.1,41,43,430,432,3,GTA,TAC
L75948.1,16,18,430,432,3,GTA,TAC
L75948.1,41,43,81,83,3,GTA,TAC
L75948.1,16,18,81,83,3,GTA,TAC
L75948.1,375,377,383,385,3,GTA,TAC
L75948.1,375,377,416,418,3,GTA,TAC
L75948.1,375,377,430,432,3,GTA,TAC
L75948.1,64,66,380,382,3,GTA,TAC
L75948.1,177,179,380,382,3,GTA,TAC
L75948.1,41,43,95,97,3,GTA,TAC
L75948.1,16,18,95,97,3,GTA,TAC
L75948.1,359,361,441,443,3,GTA,TAC
L75948.1,359,361,427,429,3,GTA,TAC
L75948.1,64,66,95,97,3,GTA,TAC
L75948.1,359,361,430,432,3,GTA,TAC
L75948.1,343,345,441,443,3,GTA,TAC
L75948.1,343,345,427,429,3,GTA,TAC
L75948.1,41,43,202,204,3,GTA,TAC
L75948.1,16,18,202,204,3,GTA,TAC
L75948.1,343,345,383,385,3,GTA,TAC
L75948.1,343,345,416,418,3,GTA,TAC
L75948.1,310,312,318,320,3,GTC,GAC
L75948.1,34,36,103,105,3,GTC,GAC
L75948.1,322,324,329,331,3,GTC,GAC
L75948.1,310,312,329,331,3,GTC,GAC
L75948.1,62,69,62,69,8,GTGTACAC,GTGTACAC
L75948.1,300,302,364,366,3,GTG,CAC
L75948.1,268,270,364,366,3,GTG,CAC
L75948.1,145,147,364,366,3,GTG,CAC
L75948.1,396,398,424,426,3,GTG,CAC
L75948.1,396,398,435,437,3,GTG,CAC
L75948.1,62,64,137,139,3,GTG,CAC
L75948.1,62,64,404,406,3,GTG,CAC
L75948.1,62,64,364,366,3,GTG,CAC
L75948.1,300,302,432,434,3,GTG,CAC
L75948.1,268,270,432,434,3,GTG,CAC
L75948.1,145,147,432,434,3,GTG,CAC
L75948.1,396,398,432,434,3,GTG,CAC
L75948.1,293,295,411,413,3,GTT,AAC
L75948.1,293,295,332,334,3,GTT,AAC
L75948.1,279,281,368,370,3,GTT,AAC
L75948.1,168,170,368,370,3,GTT,AAC
L75948.1,173,175,332,334,3,GTT,AAC
L75948.1,173,175,411,413,3,GTT,AAC
L75948.1,160,163,211,214,4,TAAG,CTTA
L75948.1,160,163,312,315,4,TAAG,CTTA
L75948.1,178,181,211,214,4,TAAG,CTTA
L75948.1,350,353,473,476,4,TAAG,CTTA
L75948.1,160,163,473,476,4,TAAG,CTTA
L75948.1,178,181,473,476,4,TAAG,CTTA
L75948.1,48,50,280,282,3,TAA,TTA
L75948.1,17,19,59,61,3,TAA,TTA
L75948.1,25,27,212,214,3,TAA,TTA
L75948.1,48,50,212,214,3,TAA,TTA
L75948.1,17,19,212,214,3,TAA,TTA
L75948.1,160,162,280,282,3,TAA,TTA
L75948.1,77,79,313,315,3,TAA,TTA
L75948.1,178,180,280,282,3,TAA,TTA
L75948.1,25,27,313,315,3,TAA,TTA
L75948.1,48,50,313,315,3,TAA,TTA
L75948.1,77,79,474,476,3,TAA,TTA
L75948.1,25,27,474,476,3,TAA,TTA
L75948.1,48,50,474,476,3,TAA,TTA
L75948.1,17,19,474,476,3,TAA,TTA
L75948.1,389,391,474,476,3,TAA,TTA
L75948.1,25,27,92,94,3,TAA,TTA
L75948.1,48,50,92,94,3,TAA,TTA
L75948.1,17,19,92,94,3,TAA,TTA
L75948.1,77,79,307,309,3,TAA,TTA
L75948.1,178,180,307,309,3,TAA,TTA
L75948.1,17,19,307,309,3,TAA,TTA
L75948.1,350,352,415,417,3,TAA,TTA
L75948.1,77,79,415,417,3,TAA,TTA
L75948.1,160,162,415,417,3,TAA,TTA
L75948.1,25,27,415,417,3,TAA,TTA
L75948.1,48,50,415,417,3,TAA,TTA
L75948.1,410,412,415,417,3,TAA,TTA
L75948.1,350,352,409,411,3,TAA,TTA
L75948.1,77,79,409,411,3,TAA,TTA
L75948.1,160,162,409,411,3,TAA,TTA
L75948.1,25,27,409,411,3,TAA,TTA
L75948.1,48,50,409,411,3,TAA,TTA
L75948.1,178,180,409,411,3,TAA,TTA
L75948.1,17,19,409,411,3,TAA,TTA
L75948.1,389,391,409,411,3,TAA,TTA
L75948.1,42,46,341,345,5,TACAA,TTGTA
L75948.1,260,264,341,345,5,TACAA,TTGTA
L75948.1,42,46,175,179,5,TACAA,TTGTA
L75948.1,81,84,342,345,4,TACA,TGTA
L75948.1,81,84,176,179,4,TACA,TGTA
L75948.1,65,68,342,345,4,TACA,TGTA
L75948.1,65,68,176,179,4,TACA,TGTA
L75948.1,202,205,387,390,4,TACA,TGTA
L75948.1,81,84,387,390,4,TACA,TGTA
L75948.1,65,68,387,390,4,TACA,TGTA
L75948.1,260,263,387,390,4,TACA,TGTA
L75948.1,42,45,387,390,4,TACA,TGTA
L75948.1,314,317,374,377,4,TACT,AGTA
L75948.1,29,32,374,377,4,TACT,AGTA
L75948.1,29,32,40,43,4,TACT,AGTA
L75948.1,81,83,359,361,3,TAC,GTA
L75948.1,260,262,359,361,3,TAC,GTA
L75948.1,42,44,359,361,3,TAC,GTA
L75948.1,65,67,359,361,3,TAC,GTA
L75948.1,95,97,177,179,3,TAC,GTA
L75948.1,95,97,388,390,3,TAC,GTA
L75948.1,383,385,388,390,3,TAC,GTA
L75948.1,81,83,375,377,3,TAC,GTA
L75948.1,260,262,375,377,3,TAC,GTA
L75948.1,42,44,375,377,3,TAC,GTA
L75948.1,65,67,375,377,3,TAC,GTA
L75948.1,380,382,388,390,3,TAC,GTA
L75948.1,29,31,359,361,3,TAC,GTA
L75948.1,29,31,343,345,3,TAC,GTA
L75948.1,29,31,64,66,3,TAC,GTA
L75948.1,29,31,177,179,3,TAC,GTA
L75948.1,29,31,388,390,3,TAC,GTA
L75948.1,95,97,259,261,3,TAC,GTA
L75948.1,202,204,259,261,3,TAC,GTA
L75948.1,81,83,259,261,3,TAC,GTA
L75948.1,314,316,359,361,3,TAC,GTA
L75948.1,314,316,343,345,3,TAC,GTA
L75948.1,373,384,373,384,12,TAGTATATACTA,TAGTATATACTA
L75948.1,14,18,427,431,5,TAGTA,TACTA
L75948.1,39,43,427,431,5,TAGTA,TACTA
L75948.1,14,18,380,384,5,TAGTA,TACTA
L75948.1,39,43,380,384,5,TAGTA,TACTA
L75948.1,373,377,427,431,5,TAGTA,TACTA
L75948.1,14,17,451,454,4,TAGT,ACTA
L75948.1,39,42,451,454,4,TAGT,ACTA
L75948.1,373,376,425,428,4,TAGT,ACTA
L75948.1,14,17,425,428,4,TAGT,ACTA
L75948.1,39,42,425,428,4,TAGT,ACTA
L75948.1,60,63,428,431,4,TAGT,ACTA
L75948.1,60,63,381,384,4,TAGT,ACTA
L75948.1,14,17,369,372,4,TAGT,ACTA
L75948.1,39,42,369,372,4,TAGT,ACTA
L75948.1,60,63,369,372,4,TAGT,ACTA
L75948.1,14,17,27,30,4,TAGT,ACTA
L75948.1,14,17,79,82,4,TAGT,ACTA
L75948.1,39,42,79,82,4,TAGT,ACTA
L75948.1,60,63,79,82,4,TAGT,ACTA
L75948.1,14,17,46,49,4,TAGT,ACTA
L75948.1,39,42,46,49,4,TAGT,ACTA
L75948.1,308,311,369,372,4,TAGT,ACTA
L75948.1,308,311,451,454,4,TAGT,ACTA
L75948.1,308,311,425,428,4,TAGT,ACTA
L75948.1,308,311,428,431,4,TAGT,ACTA
L75948.1,308,311,381,384,4,TAGT,ACTA
L75948.1,344,351,344,351,8,TATATATA,TATATATA
L75948.1,344,349,344,349,6,TATATA,TATATA
L75948.1,346,351,376,381,6,TATATA,TATATA
L75948.1,346,351,346,351,6,TATATA,TATATA
L75948.1,93,96,93,96,4,TATA,TATA
L75948.1,371,374,376,379,4,TATA,TATA
L75948.1,348,351,371,374,4,TATA,TATA
L75948.1,93,96,371,374,4,TATA,TATA
L75948.1,346,349,371,374,4,TATA,TATA
L75948.1,93,96,346,349,4,TATA,TATA
L75948.1,376,379,376,379,4,TATA,TATA
L75948.1,378,381,378,381,4,TATA,TATA
L75948.1,348,351,378,381,4,TATA,TATA
L75948.1,344,347,344,347,4,TATA,TATA
L75948.1,344,347,376,379,4,TATA,TATA
L75948.1,371,374,378,381,4,TATA,TATA
L75948.1,344,347,371,374,4,TATA,TATA
L75948.1,93,96,378,381,4,TATA,TATA
L75948.1,348,351,348,351,4,TATA,TATA
L75948.1,93,95,201,203,3,TAT,ATA
L75948.1,281,283,345,347,3,TAT,ATA
L75948.1,281,283,377,379,3,TAT,ATA
L75948.1,281,283,347,349,3,TAT,ATA
L75948.1,281,283,372,374,3,TAT,ATA
L75948.1,281,283,379,381,3,TAT,ATA
L75948.1,371,373,392,394,3,TAT,ATA
L75948.1,376,378,392,394,3,TAT,ATA
L75948.1,344,346,392,394,3,TAT,ATA
L75948.1,281,283,392,394,3,TAT,ATA
L75948.1,93,95,392,394,3,TAT,ATA
L75948.1,348,350,355,357,3,TAT,ATA
L75948.1,346,348,355,357,3,TAT,ATA
L75948.1,344,346,355,357,3,TAT,ATA
L75948.1,281,283,355,357,3,TAT,ATA
L75948.1,93,95,355,357,3,TAT,ATA
L75948.1,360,362,377,379,3,TAT,ATA
L75948.1,360,362,372,374,3,TAT,ATA
L75948.1,213,215,345,347,3,TAT,ATA
L75948.1,213,215,377,379,3,TAT,ATA
L75948.1,213,215,347,349,3,TAT,ATA
L75948.1,213,215,372,374,3,TAT,ATA
L75948.1,213,215,379,381,3,TAT,ATA
L75948.1,288,290,399,401,3,TCG,CGA
L75948.1,288,290,328,330,3,TCG,CGA
L75948.1,311,315,475,479,5,TCTTA,TAAGA
L75948.1,210,214,475,479,5,TCTTA,TAAGA
L75948.1,311,315,350,354,5,TCTTA,TAAGA
L75948.1,210,213,225,228,4,TCTT,AAGA
L75948.1,339,342,476,479,4,TCTT,AAGA
L75948.1,210,213,264,267,4,TCTT,AAGA
L75948.1,37,39,74,76,3,TCT,AGA
L75948.1,12,14,184,186,3,TCT,AGA
L75948.1,37,39,184,186,3,TCT,AGA
L75948.1,12,14,477,479,3,TCT,AGA
L75948.1,12,14,265,267,3,TCT,AGA
L75948.1,323,325,477,479,3,TCT,AGA
L75948.1,439,441,477,479,3,TCT,AGA
L75948.1,12,14,226,228,3,TCT,AGA
L75948.1,37,39,226,228,3,TCT,AGA
L75948.1,12,14,352,354,3,TCT,AGA
L75948.1,12,14,117,119,3,TCT,AGA
L75948.1,12,14,130,132,3,TCT,AGA
L75948.1,12,14,124,126,3,TCT,AGA
L75948.1,230,232,352,354,3,TCT,AGA
L75948.1,37,39,352,354,3,TCT,AGA
L75948.1,37,39,117,119,3,TCT,AGA
L75948.1,37,39,130,132,3,TCT,AGA
L75948.1,37,39,124,126,3,TCT,AGA
L75948.1,323,325,352,354,3,TCT,AGA
L75948.1,35,37,74,76,3,TCT,AGA
L75948.1,35,37,477,479,3,TCT,AGA
L75948.1,35,37,265,267,3,TCT,AGA
L75948.1,35,37,352,354,3,TCT,AGA
L75948.1,35,37,117,119,3,TCT,AGA
L75948.1,35,37,130,132,3,TCT,AGA
L75948.1,35,37,124,126,3,TCT,AGA
L75948.1,35,37,184,186,3,TCT,AGA
L75948.1,444,451,444,451,8,TGCTAGCA,TGCTAGCA
L75948.1,387,390,430,433,4,TGTA,TACA
L75948.1,176,179,430,433,4,TGTA,TACA
L75948.1,63,66,202,205,4,TGTA,TACA
L75948.1,176,179,202,205,4,TGTA,TACA
L75948.1,342,345,430,433,4,TGTA,TACA
L75948.1,63,65,319,321,3,TGT,ACA
L75948.1,176,178,319,321,3,TGT,ACA
L75948.1,33,35,203,205,3,TGT,ACA
L75948.1,63,65,114,116,3,TGT,ACA
L75948.1,63,65,223,225,3,TGT,ACA
L75948.1,63,65,153,155,3,TGT,ACA
L75948.1,63,65,330,332,3,TGT,ACA
L75948.1,33,35,66,68,3,TGT,ACA
L75948.1,33,35,431,433,3,TGT,ACA
L75948.1,33,35,82,84,3,TGT,ACA
L75948.1,395,397,431,433,3,TGT,ACA
L75948.1,387,389,405,407,3,TGT,ACA
L75948.1,63,65,365,367,3,TGT,ACA
L75948.1,63,65,405,407,3,TGT,ACA
L75948.1,63,65,68,70,3,TGT,ACA
L75948.1,63,65,84,86,3,TGT,ACA
L75948.1,387,389,412,414,3,TGT,ACA
L75948.1,167,169,319,321,3,TGT,ACA
L75948.1,63,65,412,414,3,TGT,ACA
L75948.1,167,169,431,433,3,TGT,ACA
L75948.1,33,35,412,414,3,TGT,ACA
L75948.1,176,178,412,414,3,TGT,ACA
L75948.1,342,344,412,414,3,TGT,ACA
L75948.1,167,169,365,367,3,TGT,ACA
L75948.1,167,169,405,407,3,TGT,ACA
L75948.1,167,169,223,225,3,TGT,ACA
L75948.1,167,169,330,332,3,TGT,ACA
L75948.1,167,169,261,263,3,TGT,ACA
L75948.1,63,65,127,129,3,TGT,ACA
L75948.1,63,65,121,123,3,TGT,ACA
L75948.1,415,417,475,477,3,TTA,TAA
L75948.1,313,315,410,412,3,TTA,TAA
L75948.1,307,309,475,477,3,TTA,TAA
L75948.1,307,309,410,412,3,TTA,TAA
L75948.1,307,309,389,391,3,TTA,TAA
L75948.1,415,417,486,488,3,TTA,TAA
L75948.1,409,411,486,488,3,TTA,TAA
L75948.1,59,61,178,180,3,TTA,TAA
L75948.1,59,61,475,477,3,TTA,TAA
L75948.1,59,61,410,412,3,TTA,TAA
L75948.1,92,94,486,488,3,TTA,TAA
L75948.1,92,94,160,162,3,TTA,TAA
L75948.1,92,94,178,180,3,TTA,TAA
L75948.1,92,94,475,477,3,TTA,TAA
L75948.1,92,94,410,412,3,TTA,TAA
L75948.1,92,94,389,391,3,TTA,TAA
L75948.1,307,309,350,352,3,TTA,TAA
L75948.1,212,214,410,412,3,TTA,TAA
L75948.1,59,61,350,352,3,TTA,TAA
L75948.1,212,214,389,391,3,TTA,TAA
L75948.1,280,282,486,488,3,TTA,TAA
L75948.1,280,282,475,477,3,TTA,TAA
L75948.1,59,61,77,79,3,TTA,TAA
L75948.1,280,282,389,391,3,TTA,TAA
L75948.1,215,217,290,292,3,TTC,GAA
L75948.1,248,250,290,292,3,TTC,GAA
L75948.1,287,289,353,355,3,TTC,GAA
L75948.1,294,296,353,355,3,TTC,GAA
L75948.1,32,35,43,46,4,TTGT,ACAA
L75948.1,175,178,223,226,4,TTGT,ACAA
L75948.1,32,35,261,264,4,TTGT,ACAA
L75948.1,175,178,330,333,4,TTGT,ACAA
L75948.1,32,35,405,408,4,TTGT,ACAA
L75948.1,341,344,405,408,4,TTGT,ACAA
L75948.1,32,35,68,71,4,TTGT,ACAA
L75948.1,32,35,84,87,4,TTGT,ACAA
L75948.1,175,178,405,408,4,TTGT,ACAA
L75948.1,32,35,365,368,4,TTGT,ACAA
L75948.1,341,344,365,368,4,TTGT,ACAA
L75948.1,32,35,51,54,4,TTGT,ACAA
L75948.1,169,171,217,219,3,TTG,CAA
L75948.1,252,254,303,305,3,TTG,CAA
L75948.1,252,254,297,299,3,TTG,CAA
L75948.1,169,171,297,299,3,TTG,CAA
L75948.1,169,171,406,408,3,TTG,CAA
L75948.1,32,34,99,101,3,TTG,CAA
L75948.1,32,34,217,219,3,TTG,CAA
L75948.1,32,34,89,91,3,TTG,CAA
L75948.1,169,171,224,226,3,TTG,CAA
L75948.1,32,34,303,305,3,TTG,CAA
L75948.1,252,254,331,333,3,TTG,CAA
L75948.1,175,177,217,219,3,TTG,CAA
L75948.1,252,254,262,264,3,TTG,CAA
L75948.1,252,254,366,368,3,TTG,CAA
L75948.1,175,177,297,299,3,TTG,CAA
L75948.1,175,177,241,243,3,TTG,CAA
L75948.1,169,171,262,264,3,TTG,CAA
L75948.1,169,171,366,368,3,TTG,CAA

Total for length 3 is 829.
Total for length 4 is 159.
Total for length 5 is 17.
Total for length 6 is 8.
Total for length 8 is 8.
Total for length 12 is 1.

