Input file is sequence7.fasta.
Minimal fragment length is 3.
Working with probability estimation.
P value is : 0.050000.
Printing all instances.
Looking for inverse complementary repeats.
X15317.1 Alphabet size is 4.
Input sequence has 2 letters that are not in expected alphabet.
Letters are : N.
X15317.1,194,199,567,572,6,AAAACA,TGTTTT
X15317.1,344,348,431,435,5,AAAAG,CTTTT
X15317.1,290,294,488,492,5,AAAAG,CTTTT
X15317.1,290,294,431,435,5,AAAAG,CTTTT
X15317.1,290,294,575,579,5,AAAAG,CTTTT
X15317.1,526,529,569,572,4,AAAA,TTTT
X15317.1,194,197,395,398,4,AAAA,TTTT
X15317.1,194,197,433,436,4,AAAA,TTTT
X15317.1,194,197,432,435,4,AAAA,TTTT
X15317.1,194,197,489,492,4,AAAA,TTTT
X15317.1,290,293,569,572,4,AAAA,TTTT
X15317.1,290,293,394,397,4,AAAA,TTTT
X15317.1,344,347,569,572,4,AAAA,TTTT
X15317.1,344,347,394,397,4,AAAA,TTTT
X15317.1,290,293,395,398,4,AAAA,TTTT
X15317.1,290,293,433,436,4,AAAA,TTTT
X15317.1,344,347,395,398,4,AAAA,TTTT
X15317.1,344,347,433,436,4,AAAA,TTTT
X15317.1,527,530,576,579,4,AAAA,TTTT
X15317.1,528,531,576,579,4,AAAA,TTTT
X15317.1,194,197,576,579,4,AAAA,TTTT
X15317.1,529,532,570,573,4,AAAA,TTTT
X15317.1,529,532,576,579,4,AAAA,TTTT
X15317.1,218,221,432,435,4,AAAA,TTTT
X15317.1,218,221,489,492,4,AAAA,TTTT
X15317.1,218,221,569,572,4,AAAA,TTTT
X15317.1,218,221,394,397,4,AAAA,TTTT
X15317.1,218,221,395,398,4,AAAA,TTTT
X15317.1,218,221,433,436,4,AAAA,TTTT
X15317.1,218,221,576,579,4,AAAA,TTTT
X15317.1,527,530,551,554,4,AAAA,TTTT
X15317.1,528,531,551,554,4,AAAA,TTTT
X15317.1,290,293,551,554,4,AAAA,TTTT
X15317.1,344,347,551,554,4,AAAA,TTTT
X15317.1,194,197,551,554,4,AAAA,TTTT
X15317.1,132,137,415,420,6,AAAGAA,TTCTTT
X15317.1,132,137,429,434,6,AAAGAA,TTCTTT
X15317.1,13,18,415,420,6,AAAGAA,TTCTTT
X15317.1,13,18,429,434,6,AAAGAA,TTCTTT
X15317.1,132,135,164,167,4,AAAG,CTTT
X15317.1,13,16,164,167,4,AAAG,CTTT
X15317.1,80,83,417,420,4,AAAG,CTTT
X15317.1,80,83,431,434,4,AAAG,CTTT
X15317.1,80,83,473,476,4,AAAG,CTTT
X15317.1,132,135,445,448,4,AAAG,CTTT
X15317.1,132,135,575,578,4,AAAG,CTTT
X15317.1,132,135,488,491,4,AAAG,CTTT
X15317.1,80,83,575,578,4,AAAG,CTTT
X15317.1,13,16,575,578,4,AAAG,CTTT
X15317.1,345,348,445,448,4,AAAG,CTTT
X15317.1,80,83,488,491,4,AAAG,CTTT
X15317.1,13,16,488,491,4,AAAG,CTTT
X15317.1,291,294,461,464,4,AAAG,CTTT
X15317.1,80,83,461,464,4,AAAG,CTTT
X15317.1,13,16,461,464,4,AAAG,CTTT
X15317.1,345,348,365,368,4,AAAG,CTTT
X15317.1,291,294,365,368,4,AAAG,CTTT
X15317.1,132,135,365,368,4,AAAG,CTTT
X15317.1,80,83,365,368,4,AAAG,CTTT
X15317.1,13,16,365,368,4,AAAG,CTTT
X15317.1,147,150,550,553,4,AAAT,ATTT
X15317.1,219,222,234,237,4,AAAT,ATTT
X15317.1,147,150,408,411,4,AAAT,ATTT
X15317.1,219,222,413,416,4,AAAT,ATTT
X15317.1,147,150,413,416,4,AAAT,ATTT
X15317.1,195,197,396,398,3,AAA,TTT
X15317.1,195,197,434,436,3,AAA,TTT
X15317.1,194,196,569,571,3,AAA,TTT
X15317.1,290,292,569,571,3,AAA,TTT
X15317.1,344,346,569,571,3,AAA,TTT
X15317.1,218,220,569,571,3,AAA,TTT
X15317.1,195,197,571,573,3,AAA,TTT
X15317.1,195,197,491,493,3,AAA,TTT
X15317.1,195,197,419,421,3,AAA,TTT
X15317.1,195,197,475,477,3,AAA,TTT
X15317.1,194,196,394,396,3,AAA,TTT
X15317.1,290,292,394,396,3,AAA,TTT
X15317.1,344,346,394,396,3,AAA,TTT
X15317.1,218,220,394,396,3,AAA,TTT
X15317.1,526,528,569,571,3,AAA,TTT
X15317.1,195,197,577,579,3,AAA,TTT
X15317.1,195,197,552,554,3,AAA,TTT
X15317.1,438,440,570,572,3,AAA,TTT
X15317.1,438,440,490,492,3,AAA,TTT
X15317.1,438,440,577,579,3,AAA,TTT
X15317.1,438,440,552,554,3,AAA,TTT
X15317.1,291,293,396,398,3,AAA,TTT
X15317.1,291,293,434,436,3,AAA,TTT
X15317.1,345,347,396,398,3,AAA,TTT
X15317.1,345,347,434,436,3,AAA,TTT
X15317.1,194,196,418,420,3,AAA,TTT
X15317.1,290,292,418,420,3,AAA,TTT
X15317.1,344,346,418,420,3,AAA,TTT
X15317.1,218,220,418,420,3,AAA,TTT
X15317.1,194,196,432,434,3,AAA,TTT
X15317.1,290,292,432,434,3,AAA,TTT
X15317.1,344,346,432,434,3,AAA,TTT
X15317.1,218,220,432,434,3,AAA,TTT
X15317.1,438,440,474,476,3,AAA,TTT
X15317.1,194,196,474,476,3,AAA,TTT
X15317.1,290,292,474,476,3,AAA,TTT
X15317.1,344,346,474,476,3,AAA,TTT
X15317.1,218,220,474,476,3,AAA,TTT
X15317.1,291,293,571,573,3,AAA,TTT
X15317.1,291,293,491,493,3,AAA,TTT
X15317.1,291,293,419,421,3,AAA,TTT
X15317.1,291,293,475,477,3,AAA,TTT
X15317.1,438,440,576,578,3,AAA,TTT
X15317.1,194,196,576,578,3,AAA,TTT
X15317.1,290,292,576,578,3,AAA,TTT
X15317.1,344,346,576,578,3,AAA,TTT
X15317.1,218,220,576,578,3,AAA,TTT
X15317.1,345,347,571,573,3,AAA,TTT
X15317.1,345,347,491,493,3,AAA,TTT
X15317.1,345,347,419,421,3,AAA,TTT
X15317.1,345,347,475,477,3,AAA,TTT
X15317.1,438,440,489,491,3,AAA,TTT
X15317.1,194,196,489,491,3,AAA,TTT
X15317.1,290,292,489,491,3,AAA,TTT
X15317.1,344,346,489,491,3,AAA,TTT
X15317.1,218,220,489,491,3,AAA,TTT
X15317.1,291,293,577,579,3,AAA,TTT
X15317.1,291,293,552,554,3,AAA,TTT
X15317.1,526,528,576,578,3,AAA,TTT
X15317.1,345,347,577,579,3,AAA,TTT
X15317.1,345,347,552,554,3,AAA,TTT
X15317.1,195,197,366,368,3,AAA,TTT
X15317.1,194,196,366,368,3,AAA,TTT
X15317.1,290,292,366,368,3,AAA,TTT
X15317.1,344,346,366,368,3,AAA,TTT
X15317.1,218,220,366,368,3,AAA,TTT
X15317.1,132,134,569,571,3,AAA,TTT
X15317.1,132,134,181,183,3,AAA,TTT
X15317.1,132,134,394,396,3,AAA,TTT
X15317.1,132,134,570,572,3,AAA,TTT
X15317.1,132,134,182,184,3,AAA,TTT
X15317.1,132,134,395,397,3,AAA,TTT
X15317.1,132,134,433,435,3,AAA,TTT
X15317.1,132,134,490,492,3,AAA,TTT
X15317.1,195,197,462,464,3,AAA,TTT
X15317.1,132,134,396,398,3,AAA,TTT
X15317.1,132,134,434,436,3,AAA,TTT
X15317.1,132,134,577,579,3,AAA,TTT
X15317.1,132,134,552,554,3,AAA,TTT
X15317.1,13,15,37,39,3,AAA,TTT
X15317.1,13,15,569,571,3,AAA,TTT
X15317.1,13,15,25,27,3,AAA,TTT
X15317.1,13,15,181,183,3,AAA,TTT
X15317.1,13,15,394,396,3,AAA,TTT
X15317.1,13,15,49,51,3,AAA,TTT
X15317.1,13,15,40,42,3,AAA,TTT
X15317.1,13,15,39,41,3,AAA,TTT
X15317.1,13,15,38,40,3,AAA,TTT
X15317.1,13,15,570,572,3,AAA,TTT
X15317.1,13,15,182,184,3,AAA,TTT
X15317.1,13,15,395,397,3,AAA,TTT
X15317.1,13,15,50,52,3,AAA,TTT
X15317.1,13,15,433,435,3,AAA,TTT
X15317.1,13,15,490,492,3,AAA,TTT
X15317.1,195,197,446,448,3,AAA,TTT
X15317.1,80,82,569,571,3,AAA,TTT
X15317.1,80,82,181,183,3,AAA,TTT
X15317.1,80,82,394,396,3,AAA,TTT
X15317.1,80,82,570,572,3,AAA,TTT
X15317.1,80,82,182,184,3,AAA,TTT
X15317.1,80,82,395,397,3,AAA,TTT
X15317.1,80,82,433,435,3,AAA,TTT
X15317.1,80,82,490,492,3,AAA,TTT
X15317.1,13,15,396,398,3,AAA,TTT
X15317.1,13,15,51,53,3,AAA,TTT
X15317.1,13,15,434,436,3,AAA,TTT
X15317.1,13,15,26,28,3,AAA,TTT
X15317.1,80,82,396,398,3,AAA,TTT
X15317.1,80,82,434,436,3,AAA,TTT
X15317.1,13,15,41,43,3,AAA,TTT
X15317.1,13,15,571,573,3,AAA,TTT
X15317.1,13,15,183,185,3,AAA,TTT
X15317.1,13,15,491,493,3,AAA,TTT
X15317.1,13,15,419,421,3,AAA,TTT
X15317.1,13,15,475,477,3,AAA,TTT
X15317.1,438,440,446,448,3,AAA,TTT
X15317.1,194,196,446,448,3,AAA,TTT
X15317.1,290,292,446,448,3,AAA,TTT
X15317.1,344,346,446,448,3,AAA,TTT
X15317.1,218,220,446,448,3,AAA,TTT
X15317.1,80,82,571,573,3,AAA,TTT
X15317.1,80,82,183,185,3,AAA,TTT
X15317.1,80,82,491,493,3,AAA,TTT
X15317.1,80,82,419,421,3,AAA,TTT
X15317.1,80,82,475,477,3,AAA,TTT
X15317.1,219,221,366,368,3,AAA,TTT
X15317.1,219,221,396,398,3,AAA,TTT
X15317.1,219,221,434,436,3,AAA,TTT
X15317.1,132,134,551,553,3,AAA,TTT
X15317.1,438,440,551,553,3,AAA,TTT
X15317.1,194,196,551,553,3,AAA,TTT
X15317.1,290,292,551,553,3,AAA,TTT
X15317.1,344,346,551,553,3,AAA,TTT
X15317.1,218,220,551,553,3,AAA,TTT
X15317.1,219,221,462,464,3,AAA,TTT
X15317.1,219,221,571,573,3,AAA,TTT
X15317.1,219,221,491,493,3,AAA,TTT
X15317.1,219,221,419,421,3,AAA,TTT
X15317.1,219,221,475,477,3,AAA,TTT
X15317.1,530,532,571,573,3,AAA,TTT
X15317.1,13,15,551,553,3,AAA,TTT
X15317.1,80,82,551,553,3,AAA,TTT
X15317.1,526,528,551,553,3,AAA,TTT
X15317.1,219,221,446,448,3,AAA,TTT
X15317.1,219,221,577,579,3,AAA,TTT
X15317.1,219,221,552,554,3,AAA,TTT
X15317.1,530,532,577,579,3,AAA,TTT
X15317.1,530,532,552,554,3,AAA,TTT
X15317.1,147,149,418,420,3,AAA,TTT
X15317.1,147,149,432,434,3,AAA,TTT
X15317.1,147,149,474,476,3,AAA,TTT
X15317.1,147,149,576,578,3,AAA,TTT
X15317.1,147,149,489,491,3,AAA,TTT
X15317.1,147,149,569,571,3,AAA,TTT
X15317.1,147,149,181,183,3,AAA,TTT
X15317.1,147,149,394,396,3,AAA,TTT
X15317.1,147,149,570,572,3,AAA,TTT
X15317.1,147,149,182,184,3,AAA,TTT
X15317.1,147,149,395,397,3,AAA,TTT
X15317.1,147,149,433,435,3,AAA,TTT
X15317.1,147,149,490,492,3,AAA,TTT
X15317.1,195,197,235,237,3,AAA,TTT
X15317.1,147,149,462,464,3,AAA,TTT
X15317.1,147,149,571,573,3,AAA,TTT
X15317.1,147,149,183,185,3,AAA,TTT
X15317.1,147,149,491,493,3,AAA,TTT
X15317.1,147,149,419,421,3,AAA,TTT
X15317.1,147,149,475,477,3,AAA,TTT
X15317.1,132,134,235,237,3,AAA,TTT
X15317.1,194,196,235,237,3,AAA,TTT
X15317.1,218,220,235,237,3,AAA,TTT
X15317.1,147,149,446,448,3,AAA,TTT
X15317.1,147,149,577,579,3,AAA,TTT
X15317.1,147,149,552,554,3,AAA,TTT
X15317.1,13,15,235,237,3,AAA,TTT
X15317.1,80,82,235,237,3,AAA,TTT
X15317.1,291,293,414,416,3,AAA,TTT
X15317.1,345,347,414,416,3,AAA,TTT
X15317.1,195,197,414,416,3,AAA,TTT
X15317.1,13,15,414,416,3,AAA,TTT
X15317.1,80,82,414,416,3,AAA,TTT
X15317.1,522,524,576,578,3,AAA,TTT
X15317.1,522,524,569,571,3,AAA,TTT
X15317.1,522,524,570,572,3,AAA,TTT
X15317.1,518,520,576,578,3,AAA,TTT
X15317.1,518,520,569,571,3,AAA,TTT
X15317.1,518,520,570,572,3,AAA,TTT
X15317.1,514,516,576,578,3,AAA,TTT
X15317.1,514,516,569,571,3,AAA,TTT
X15317.1,514,516,570,572,3,AAA,TTT
X15317.1,291,293,409,411,3,AAA,TTT
X15317.1,345,347,409,411,3,AAA,TTT
X15317.1,195,197,409,411,3,AAA,TTT
X15317.1,522,524,571,573,3,AAA,TTT
X15317.1,518,520,571,573,3,AAA,TTT
X15317.1,514,516,571,573,3,AAA,TTT
X15317.1,132,134,409,411,3,AAA,TTT
X15317.1,194,196,409,411,3,AAA,TTT
X15317.1,290,292,409,411,3,AAA,TTT
X15317.1,344,346,409,411,3,AAA,TTT
X15317.1,218,220,409,411,3,AAA,TTT
X15317.1,250,254,415,419,5,AAGAA,TTCTT
X15317.1,250,254,429,433,5,AAGAA,TTCTT
X15317.1,136,140,415,419,5,AAGAA,TTCTT
X15317.1,136,140,429,433,5,AAGAA,TTCTT
X15317.1,115,119,415,419,5,AAGAA,TTCTT
X15317.1,325,329,415,419,5,AAGAA,TTCTT
X15317.1,115,119,429,433,5,AAGAA,TTCTT
X15317.1,325,329,429,433,5,AAGAA,TTCTT
X15317.1,157,162,470,475,6,AAGAGG,CCTCTT
X15317.1,157,162,422,427,6,AAGAGG,CCTCTT
X15317.1,105,109,471,475,5,AAGAG,CTCTT
X15317.1,118,122,471,475,5,AAGAG,CTCTT
X15317.1,328,332,471,475,5,AAGAG,CTCTT
X15317.1,118,122,423,427,5,AAGAG,CTCTT
X15317.1,328,332,423,427,5,AAGAG,CTCTT
X15317.1,250,253,472,475,4,AAGA,TCTT
X15317.1,136,139,472,475,4,AAGA,TCTT
X15317.1,115,118,472,475,4,AAGA,TCTT
X15317.1,325,328,472,475,4,AAGA,TCTT
X15317.1,105,108,416,419,4,AAGA,TCTT
X15317.1,105,108,430,433,4,AAGA,TCTT
X15317.1,133,136,424,427,4,AAGA,TCTT
X15317.1,14,17,424,427,4,AAGA,TCTT
X15317.1,136,139,424,427,4,AAGA,TCTT
X15317.1,115,118,424,427,4,AAGA,TCTT
X15317.1,325,328,424,427,4,AAGA,TCTT
X15317.1,118,121,416,419,4,AAGA,TCTT
X15317.1,118,121,430,433,4,AAGA,TCTT
X15317.1,328,331,416,419,4,AAGA,TCTT
X15317.1,328,331,430,433,4,AAGA,TCTT
X15317.1,157,160,416,419,4,AAGA,TCTT
X15317.1,157,160,430,433,4,AAGA,TCTT
X15317.1,139,143,459,463,5,AAGGA,TCCTT
X15317.1,17,21,459,463,5,AAGGA,TCCTT
X15317.1,139,143,573,577,5,AAGGA,TCCTT
X15317.1,17,21,573,577,5,AAGGA,TCCTT
X15317.1,250,252,445,447,3,AAG,CTT
X15317.1,105,107,445,447,3,AAG,CTT
X15317.1,81,83,425,427,3,AAG,CTT
X15317.1,292,294,425,427,3,AAG,CTT
X15317.1,105,107,164,166,3,AAG,CTT
X15317.1,136,138,445,447,3,AAG,CTT
X15317.1,118,120,445,447,3,AAG,CTT
X15317.1,328,330,445,447,3,AAG,CTT
X15317.1,136,138,164,166,3,AAG,CTT
X15317.1,118,120,164,166,3,AAG,CTT
X15317.1,115,117,445,447,3,AAG,CTT
X15317.1,325,327,445,447,3,AAG,CTT
X15317.1,157,159,445,447,3,AAG,CTT
X15317.1,115,117,164,166,3,AAG,CTT
X15317.1,157,159,164,166,3,AAG,CTT
X15317.1,133,135,371,373,3,AAG,CTT
X15317.1,14,16,371,373,3,AAG,CTT
X15317.1,250,252,371,373,3,AAG,CTT
X15317.1,105,107,371,373,3,AAG,CTT
X15317.1,136,138,371,373,3,AAG,CTT
X15317.1,118,120,371,373,3,AAG,CTT
X15317.1,328,330,371,373,3,AAG,CTT
X15317.1,250,252,575,577,3,AAG,CTT
X15317.1,105,107,575,577,3,AAG,CTT
X15317.1,250,252,461,463,3,AAG,CTT
X15317.1,105,107,461,463,3,AAG,CTT
X15317.1,346,348,425,427,3,AAG,CTT
X15317.1,250,252,488,490,3,AAG,CTT
X15317.1,105,107,488,490,3,AAG,CTT
X15317.1,136,138,575,577,3,AAG,CTT
X15317.1,118,120,575,577,3,AAG,CTT
X15317.1,328,330,575,577,3,AAG,CTT
X15317.1,136,138,461,463,3,AAG,CTT
X15317.1,118,120,461,463,3,AAG,CTT
X15317.1,328,330,461,463,3,AAG,CTT
X15317.1,136,138,488,490,3,AAG,CTT
X15317.1,118,120,488,490,3,AAG,CTT
X15317.1,328,330,488,490,3,AAG,CTT
X15317.1,115,117,575,577,3,AAG,CTT
X15317.1,325,327,575,577,3,AAG,CTT
X15317.1,157,159,575,577,3,AAG,CTT
X15317.1,115,117,461,463,3,AAG,CTT
X15317.1,325,327,461,463,3,AAG,CTT
X15317.1,157,159,461,463,3,AAG,CTT
X15317.1,346,348,371,373,3,AAG,CTT
X15317.1,115,117,488,490,3,AAG,CTT
X15317.1,325,327,488,490,3,AAG,CTT
X15317.1,157,159,488,490,3,AAG,CTT
X15317.1,310,312,445,447,3,AAG,CTT
X15317.1,310,312,417,419,3,AAG,CTT
X15317.1,310,312,431,433,3,AAG,CTT
X15317.1,310,312,473,475,3,AAG,CTT
X15317.1,310,312,371,373,3,AAG,CTT
X15317.1,139,141,445,447,3,AAG,CTT
X15317.1,139,141,164,166,3,AAG,CTT
X15317.1,139,141,417,419,3,AAG,CTT
X15317.1,139,141,431,433,3,AAG,CTT
X15317.1,139,141,473,475,3,AAG,CTT
X15317.1,17,19,445,447,3,AAG,CTT
X15317.1,17,19,164,166,3,AAG,CTT
X15317.1,17,19,417,419,3,AAG,CTT
X15317.1,17,19,431,433,3,AAG,CTT
X15317.1,17,19,473,475,3,AAG,CTT
X15317.1,271,273,445,447,3,AAG,CTT
X15317.1,271,273,417,419,3,AAG,CTT
X15317.1,271,273,431,433,3,AAG,CTT
X15317.1,271,273,473,475,3,AAG,CTT
X15317.1,139,141,425,427,3,AAG,CTT
X15317.1,17,19,425,427,3,AAG,CTT
X15317.1,271,273,425,427,3,AAG,CTT
X15317.1,139,141,371,373,3,AAG,CTT
X15317.1,17,19,371,373,3,AAG,CTT
X15317.1,271,273,371,373,3,AAG,CTT
X15317.1,81,83,299,301,3,AAG,CTT
X15317.1,292,294,299,301,3,AAG,CTT
X15317.1,133,135,299,301,3,AAG,CTT
X15317.1,14,16,299,301,3,AAG,CTT
X15317.1,250,252,299,301,3,AAG,CTT
X15317.1,105,107,299,301,3,AAG,CTT
X15317.1,136,138,299,301,3,AAG,CTT
X15317.1,118,120,299,301,3,AAG,CTT
X15317.1,310,312,365,367,3,AAG,CTT
X15317.1,250,252,365,367,3,AAG,CTT
X15317.1,105,107,365,367,3,AAG,CTT
X15317.1,139,141,365,367,3,AAG,CTT
X15317.1,17,19,365,367,3,AAG,CTT
X15317.1,271,273,365,367,3,AAG,CTT
X15317.1,136,138,365,367,3,AAG,CTT
X15317.1,118,120,365,367,3,AAG,CTT
X15317.1,328,330,365,367,3,AAG,CTT
X15317.1,115,117,365,367,3,AAG,CTT
X15317.1,325,327,365,367,3,AAG,CTT
X15317.1,157,159,365,367,3,AAG,CTT
X15317.1,242,244,575,577,3,AAG,CTT
X15317.1,242,244,461,463,3,AAG,CTT
X15317.1,242,244,488,490,3,AAG,CTT
X15317.1,242,244,445,447,3,AAG,CTT
X15317.1,242,244,417,419,3,AAG,CTT
X15317.1,242,244,431,433,3,AAG,CTT
X15317.1,242,244,473,475,3,AAG,CTT
X15317.1,346,348,441,443,3,AAG,CTT
X15317.1,81,83,441,443,3,AAG,CTT
X15317.1,292,294,441,443,3,AAG,CTT
X15317.1,133,135,441,443,3,AAG,CTT
X15317.1,14,16,441,443,3,AAG,CTT
X15317.1,139,141,441,443,3,AAG,CTT
X15317.1,17,19,441,443,3,AAG,CTT
X15317.1,271,273,441,443,3,AAG,CTT
X15317.1,136,138,441,443,3,AAG,CTT
X15317.1,118,120,441,443,3,AAG,CTT
X15317.1,328,330,441,443,3,AAG,CTT
X15317.1,242,244,299,301,3,AAG,CTT
X15317.1,242,244,371,373,3,AAG,CTT
X15317.1,115,117,441,443,3,AAG,CTT
X15317.1,325,327,441,443,3,AAG,CTT
X15317.1,157,159,441,443,3,AAG,CTT
X15317.1,346,348,381,383,3,AAG,CTT
X15317.1,81,83,381,383,3,AAG,CTT
X15317.1,292,294,381,383,3,AAG,CTT
X15317.1,133,135,381,383,3,AAG,CTT
X15317.1,14,16,381,383,3,AAG,CTT
X15317.1,265,267,575,577,3,AAG,CTT
X15317.1,265,267,461,463,3,AAG,CTT
X15317.1,265,267,488,490,3,AAG,CTT
X15317.1,265,267,445,447,3,AAG,CTT
X15317.1,265,267,417,419,3,AAG,CTT
X15317.1,265,267,431,433,3,AAG,CTT
X15317.1,265,267,473,475,3,AAG,CTT
X15317.1,253,255,575,577,3,AAG,CTT
X15317.1,253,255,461,463,3,AAG,CTT
X15317.1,253,255,488,490,3,AAG,CTT
X15317.1,253,255,445,447,3,AAG,CTT
X15317.1,253,255,417,419,3,AAG,CTT
X15317.1,253,255,431,433,3,AAG,CTT
X15317.1,253,255,473,475,3,AAG,CTT
X15317.1,310,312,381,383,3,AAG,CTT
X15317.1,250,252,381,383,3,AAG,CTT
X15317.1,105,107,381,383,3,AAG,CTT
X15317.1,265,267,425,427,3,AAG,CTT
X15317.1,253,255,425,427,3,AAG,CTT
X15317.1,115,117,381,383,3,AAG,CTT
X15317.1,325,327,381,383,3,AAG,CTT
X15317.1,157,159,381,383,3,AAG,CTT
X15317.1,265,267,299,301,3,AAG,CTT
X15317.1,265,267,371,373,3,AAG,CTT
X15317.1,253,255,299,301,3,AAG,CTT
X15317.1,253,255,371,373,3,AAG,CTT
X15317.1,543,552,543,552,10,AATATATATT,AATATATATT
X15317.1,220,222,467,469,3,AAT,ATT
X15317.1,220,222,449,451,3,AAT,ATT
X15317.1,220,222,540,542,3,AAT,ATT
X15317.1,220,222,537,539,3,AAT,ATT
X15317.1,338,340,550,552,3,AAT,ATT
X15317.1,338,340,449,451,3,AAT,ATT
X15317.1,338,340,540,542,3,AAT,ATT
X15317.1,338,340,537,539,3,AAT,ATT
X15317.1,148,150,205,207,3,AAT,ATT
X15317.1,148,150,467,469,3,AAT,ATT
X15317.1,148,150,511,513,3,AAT,ATT
X15317.1,148,150,449,451,3,AAT,ATT
X15317.1,148,150,540,542,3,AAT,ATT
X15317.1,148,150,537,539,3,AAT,ATT
X15317.1,93,95,408,410,3,AAT,ATT
X15317.1,93,95,550,552,3,AAT,ATT
X15317.1,93,95,467,469,3,AAT,ATT
X15317.1,93,95,511,513,3,AAT,ATT
X15317.1,93,95,449,451,3,AAT,ATT
X15317.1,93,95,540,542,3,AAT,ATT
X15317.1,93,95,537,539,3,AAT,ATT
X15317.1,93,95,413,415,3,AAT,ATT
X15317.1,338,340,413,415,3,AAT,ATT
X15317.1,531,533,540,542,3,AAT,ATT
X15317.1,531,533,537,539,3,AAT,ATT
X15317.1,58,60,234,236,3,AAT,ATT
X15317.1,58,60,408,410,3,AAT,ATT
X15317.1,58,60,550,552,3,AAT,ATT
X15317.1,148,150,532,534,3,AAT,ATT
X15317.1,220,222,532,534,3,AAT,ATT
X15317.1,523,525,532,534,3,AAT,ATT
X15317.1,519,521,532,534,3,AAT,ATT
X15317.1,515,517,532,534,3,AAT,ATT
X15317.1,58,60,467,469,3,AAT,ATT
X15317.1,338,340,532,534,3,AAT,ATT
X15317.1,58,60,511,513,3,AAT,ATT
X15317.1,58,60,449,451,3,AAT,ATT
X15317.1,58,60,540,542,3,AAT,ATT
X15317.1,58,60,537,539,3,AAT,ATT
X15317.1,412,414,550,552,3,AAT,ATT
X15317.1,412,414,467,469,3,AAT,ATT
X15317.1,124,126,259,261,3,ACC,GGT
X15317.1,66,68,96,98,3,ACC,GGT
X15317.1,111,113,259,261,3,ACC,GGT
X15317.1,4,6,259,261,3,ACC,GGT
X15317.1,4,6,96,98,3,ACC,GGT
X15317.1,302,304,392,394,3,ACG,CGT
X15317.1,32,34,392,394,3,ACG,CGT
X15317.1,32,34,211,213,3,ACG,CGT
X15317.1,121,125,428,432,5,AGAAC,GTTCT
X15317.1,108,112,428,432,5,AGAAC,GTTCT
X15317.1,121,125,212,216,5,AGAAC,GTTCT
X15317.1,108,112,212,216,5,AGAAC,GTTCT
X15317.1,130,133,429,432,4,AGAA,TTCT
X15317.1,130,133,213,216,4,AGAA,TTCT
X15317.1,121,124,415,418,4,AGAA,TTCT
X15317.1,108,111,415,418,4,AGAA,TTCT
X15317.1,121,124,492,495,4,AGAA,TTCT
X15317.1,121,124,463,466,4,AGAA,TTCT
X15317.1,108,111,492,495,4,AGAA,TTCT
X15317.1,108,111,463,466,4,AGAA,TTCT
X15317.1,134,137,213,216,4,AGAA,TTCT
X15317.1,116,119,213,216,4,AGAA,TTCT
X15317.1,137,140,213,216,4,AGAA,TTCT
X15317.1,15,18,213,216,4,AGAA,TTCT
X15317.1,134,137,476,479,4,AGAA,TTCT
X15317.1,116,119,476,479,4,AGAA,TTCT
X15317.1,326,329,476,479,4,AGAA,TTCT
X15317.1,137,140,476,479,4,AGAA,TTCT
X15317.1,15,18,476,479,4,AGAA,TTCT
X15317.1,251,254,476,479,4,AGAA,TTCT
X15317.1,134,137,492,495,4,AGAA,TTCT
X15317.1,134,137,463,466,4,AGAA,TTCT
X15317.1,116,119,492,495,4,AGAA,TTCT
X15317.1,116,119,463,466,4,AGAA,TTCT
X15317.1,326,329,492,495,4,AGAA,TTCT
X15317.1,326,329,463,466,4,AGAA,TTCT
X15317.1,137,140,492,495,4,AGAA,TTCT
X15317.1,137,140,463,466,4,AGAA,TTCT
X15317.1,15,18,492,495,4,AGAA,TTCT
X15317.1,15,18,463,466,4,AGAA,TTCT
X15317.1,251,254,492,495,4,AGAA,TTCT
X15317.1,251,254,463,466,4,AGAA,TTCT
X15317.1,263,266,429,432,4,AGAA,TTCT
X15317.1,263,266,415,418,4,AGAA,TTCT
X15317.1,263,266,492,495,4,AGAA,TTCT
X15317.1,263,266,463,466,4,AGAA,TTCT
X15317.1,119,124,476,481,6,AGAGAA,TTCTCT
X15317.1,106,111,476,481,6,AGAGAA,TTCTCT
X15317.1,329,335,451,457,7,AGAGATA,TATCTCT
X15317.1,199,205,451,457,7,AGAGATA,TATCTCT
X15317.1,329,333,477,481,5,AGAGA,TCTCT
X15317.1,199,203,477,481,5,AGAGA,TCTCT
X15317.1,119,123,453,457,5,AGAGA,TCTCT
X15317.1,106,110,453,457,5,AGAGA,TCTCT
X15317.1,329,333,455,459,5,AGAGA,TCTCT
X15317.1,119,123,455,459,5,AGAGA,TCTCT
X15317.1,106,110,455,459,5,AGAGA,TCTCT
X15317.1,199,203,455,459,5,AGAGA,TCTCT
X15317.1,285,294,417,426,10,AGAGGAAAAG,CTTTTCCTCT
X15317.1,225,230,496,501,6,AGATAT,ATATCT
X15317.1,331,336,496,501,6,AGATAT,ATATCT
X15317.1,201,206,496,501,6,AGATAT,ATATCT
X15317.1,119,121,214,216,3,AGA,TCT
X15317.1,106,108,214,216,3,AGA,TCT
X15317.1,158,160,214,216,3,AGA,TCT
X15317.1,119,121,477,479,3,AGA,TCT
X15317.1,106,108,477,479,3,AGA,TCT
X15317.1,329,331,477,479,3,AGA,TCT
X15317.1,121,123,424,426,3,AGA,TCT
X15317.1,108,110,424,426,3,AGA,TCT
X15317.1,263,265,424,426,3,AGA,TCT
X15317.1,121,123,472,474,3,AGA,TCT
X15317.1,108,110,472,474,3,AGA,TCT
X15317.1,263,265,472,474,3,AGA,TCT
X15317.1,158,160,477,479,3,AGA,TCT
X15317.1,119,121,493,495,3,AGA,TCT
X15317.1,119,121,464,466,3,AGA,TCT
X15317.1,106,108,493,495,3,AGA,TCT
X15317.1,106,108,464,466,3,AGA,TCT
X15317.1,329,331,493,495,3,AGA,TCT
X15317.1,329,331,464,466,3,AGA,TCT
X15317.1,130,132,424,426,3,AGA,TCT
X15317.1,130,132,472,474,3,AGA,TCT
X15317.1,158,160,493,495,3,AGA,TCT
X15317.1,158,160,464,466,3,AGA,TCT
X15317.1,199,201,416,418,3,AGA,TCT
X15317.1,199,201,430,432,3,AGA,TCT
X15317.1,285,287,416,418,3,AGA,TCT
X15317.1,285,287,430,432,3,AGA,TCT
X15317.1,199,201,477,479,3,AGA,TCT
X15317.1,285,287,477,479,3,AGA,TCT
X15317.1,199,201,493,495,3,AGA,TCT
X15317.1,199,201,464,466,3,AGA,TCT
X15317.1,285,287,493,495,3,AGA,TCT
X15317.1,285,287,464,466,3,AGA,TCT
X15317.1,134,136,457,459,3,AGA,TCT
X15317.1,116,118,457,459,3,AGA,TCT
X15317.1,326,328,457,459,3,AGA,TCT
X15317.1,137,139,457,459,3,AGA,TCT
X15317.1,15,17,457,459,3,AGA,TCT
X15317.1,251,253,457,459,3,AGA,TCT
X15317.1,134,136,455,457,3,AGA,TCT
X15317.1,116,118,455,457,3,AGA,TCT
X15317.1,326,328,455,457,3,AGA,TCT
X15317.1,137,139,455,457,3,AGA,TCT
X15317.1,15,17,455,457,3,AGA,TCT
X15317.1,251,253,455,457,3,AGA,TCT
X15317.1,130,132,457,459,3,AGA,TCT
X15317.1,130,132,455,457,3,AGA,TCT
X15317.1,134,136,479,481,3,AGA,TCT
X15317.1,116,118,479,481,3,AGA,TCT
X15317.1,326,328,479,481,3,AGA,TCT
X15317.1,137,139,479,481,3,AGA,TCT
X15317.1,15,17,479,481,3,AGA,TCT
X15317.1,251,253,479,481,3,AGA,TCT
X15317.1,134,136,276,278,3,AGA,TCT
X15317.1,116,118,276,278,3,AGA,TCT
X15317.1,137,139,276,278,3,AGA,TCT
X15317.1,15,17,276,278,3,AGA,TCT
X15317.1,251,253,276,278,3,AGA,TCT
X15317.1,121,123,479,481,3,AGA,TCT
X15317.1,108,110,479,481,3,AGA,TCT
X15317.1,263,265,479,481,3,AGA,TCT
X15317.1,121,123,276,278,3,AGA,TCT
X15317.1,108,110,276,278,3,AGA,TCT
X15317.1,263,265,276,278,3,AGA,TCT
X15317.1,225,227,424,426,3,AGA,TCT
X15317.1,225,227,472,474,3,AGA,TCT
X15317.1,225,227,416,418,3,AGA,TCT
X15317.1,225,227,430,432,3,AGA,TCT
X15317.1,225,227,457,459,3,AGA,TCT
X15317.1,225,227,455,457,3,AGA,TCT
X15317.1,225,227,477,479,3,AGA,TCT
X15317.1,225,227,479,481,3,AGA,TCT
X15317.1,225,227,276,278,3,AGA,TCT
X15317.1,225,227,493,495,3,AGA,TCT
X15317.1,225,227,464,466,3,AGA,TCT
X15317.1,119,121,453,455,3,AGA,TCT
X15317.1,106,108,453,455,3,AGA,TCT
X15317.1,329,331,453,455,3,AGA,TCT
X15317.1,158,160,453,455,3,AGA,TCT
X15317.1,134,136,453,455,3,AGA,TCT
X15317.1,116,118,453,455,3,AGA,TCT
X15317.1,326,328,453,455,3,AGA,TCT
X15317.1,137,139,453,455,3,AGA,TCT
X15317.1,15,17,453,455,3,AGA,TCT
X15317.1,251,253,453,455,3,AGA,TCT
X15317.1,331,333,424,426,3,AGA,TCT
X15317.1,331,333,472,474,3,AGA,TCT
X15317.1,331,333,416,418,3,AGA,TCT
X15317.1,331,333,430,432,3,AGA,TCT
X15317.1,201,203,424,426,3,AGA,TCT
X15317.1,201,203,472,474,3,AGA,TCT
X15317.1,201,203,416,418,3,AGA,TCT
X15317.1,201,203,430,432,3,AGA,TCT
X15317.1,199,201,453,455,3,AGA,TCT
X15317.1,285,287,453,455,3,AGA,TCT
X15317.1,201,203,214,216,3,AGA,TCT
X15317.1,130,132,453,455,3,AGA,TCT
X15317.1,331,333,479,481,3,AGA,TCT
X15317.1,331,333,493,495,3,AGA,TCT
X15317.1,331,333,464,466,3,AGA,TCT
X15317.1,201,203,479,481,3,AGA,TCT
X15317.1,201,203,276,278,3,AGA,TCT
X15317.1,201,203,493,495,3,AGA,TCT
X15317.1,201,203,464,466,3,AGA,TCT
X15317.1,119,121,499,501,3,AGA,TCT
X15317.1,106,108,499,501,3,AGA,TCT
X15317.1,329,331,499,501,3,AGA,TCT
X15317.1,158,160,499,501,3,AGA,TCT
X15317.1,134,136,499,501,3,AGA,TCT
X15317.1,116,118,499,501,3,AGA,TCT
X15317.1,326,328,499,501,3,AGA,TCT
X15317.1,137,139,499,501,3,AGA,TCT
X15317.1,15,17,499,501,3,AGA,TCT
X15317.1,251,253,499,501,3,AGA,TCT
X15317.1,199,201,499,501,3,AGA,TCT
X15317.1,285,287,499,501,3,AGA,TCT
X15317.1,121,123,499,501,3,AGA,TCT
X15317.1,108,110,499,501,3,AGA,TCT
X15317.1,263,265,499,501,3,AGA,TCT
X15317.1,119,121,400,402,3,AGA,TCT
X15317.1,106,108,400,402,3,AGA,TCT
X15317.1,329,331,400,402,3,AGA,TCT
X15317.1,158,160,400,402,3,AGA,TCT
X15317.1,134,136,400,402,3,AGA,TCT
X15317.1,116,118,400,402,3,AGA,TCT
X15317.1,326,328,400,402,3,AGA,TCT
X15317.1,137,139,400,402,3,AGA,TCT
X15317.1,15,17,400,402,3,AGA,TCT
X15317.1,251,253,400,402,3,AGA,TCT
X15317.1,331,333,400,402,3,AGA,TCT
X15317.1,201,203,400,402,3,AGA,TCT
X15317.1,121,123,400,402,3,AGA,TCT
X15317.1,108,110,400,402,3,AGA,TCT
X15317.1,263,265,400,402,3,AGA,TCT
X15317.1,130,132,400,402,3,AGA,TCT
X15317.1,296,298,444,446,3,AGC,GCT
X15317.1,82,84,274,276,3,AGC,GCT
X15317.1,82,84,187,189,3,AGC,GCT
X15317.1,287,293,570,576,7,AGGAAAA,TTTTCCT
X15317.1,140,143,421,424,4,AGGA,TCCT
X15317.1,140,143,383,386,4,AGGA,TCCT
X15317.1,140,143,469,472,4,AGGA,TCCT
X15317.1,18,21,421,424,4,AGGA,TCCT
X15317.1,18,21,383,386,4,AGGA,TCCT
X15317.1,18,21,469,472,4,AGGA,TCCT
X15317.1,18,21,43,46,4,AGGA,TCCT
X15317.1,287,290,459,462,4,AGGA,TCCT
X15317.1,347,350,421,424,4,AGGA,TCCT
X15317.1,347,350,383,386,4,AGGA,TCCT
X15317.1,347,350,469,472,4,AGGA,TCCT
X15317.1,524,529,576,581,6,ATAAAA,TTTTAT
X15317.1,524,529,551,556,6,ATAAAA,TTTTAT
X15317.1,520,524,577,581,5,ATAAA,TTTAT
X15317.1,516,520,577,581,5,ATAAA,TTTAT
X15317.1,520,524,552,556,5,ATAAA,TTTAT
X15317.1,516,520,552,556,5,ATAAA,TTTAT
X15317.1,544,549,544,549,6,ATATAT,ATATAT
X15317.1,546,551,546,551,6,ATATAT,ATATAT
X15317.1,354,358,547,551,5,ATATA,TATAT
X15317.1,354,358,495,499,5,ATATA,TATAT
X15317.1,227,230,548,551,4,ATAT,ATAT
X15317.1,227,230,354,357,4,ATAT,ATAT
X15317.1,227,230,546,549,4,ATAT,ATAT
X15317.1,496,499,548,551,4,ATAT,ATAT
X15317.1,496,499,496,499,4,ATAT,ATAT
X15317.1,506,509,548,551,4,ATAT,ATAT
X15317.1,227,230,506,509,4,ATAT,ATAT
X15317.1,506,509,546,549,4,ATAT,ATAT
X15317.1,496,499,506,509,4,ATAT,ATAT
X15317.1,354,357,506,509,4,ATAT,ATAT
X15317.1,333,336,548,551,4,ATAT,ATAT
X15317.1,333,336,333,336,4,ATAT,ATAT
X15317.1,333,336,354,357,4,ATAT,ATAT
X15317.1,333,336,546,549,4,ATAT,ATAT
X15317.1,203,206,203,206,4,ATAT,ATAT
X15317.1,203,206,548,551,4,ATAT,ATAT
X15317.1,203,206,506,509,4,ATAT,ATAT
X15317.1,203,206,333,336,4,ATAT,ATAT
X15317.1,203,206,354,357,4,ATAT,ATAT
X15317.1,203,206,546,549,4,ATAT,ATAT
X15317.1,544,547,544,547,4,ATAT,ATAT
X15317.1,548,551,548,551,4,ATAT,ATAT
X15317.1,506,509,544,547,4,ATAT,ATAT
X15317.1,333,336,544,547,4,ATAT,ATAT
X15317.1,227,230,544,547,4,ATAT,ATAT
X15317.1,323,325,536,538,3,ATA,TAT
X15317.1,356,358,536,538,3,ATA,TAT
X15317.1,378,380,448,450,3,ATA,TAT
X15317.1,378,380,539,541,3,ATA,TAT
X15317.1,378,380,579,581,3,ATA,TAT
X15317.1,71,73,448,450,3,ATA,TAT
X15317.1,71,73,539,541,3,ATA,TAT
X15317.1,502,504,539,541,3,ATA,TAT
X15317.1,71,73,579,581,3,ATA,TAT
X15317.1,502,504,579,581,3,ATA,TAT
X15317.1,71,73,554,556,3,ATA,TAT
X15317.1,71,73,451,453,3,ATA,TAT
X15317.1,502,504,554,556,3,ATA,TAT
X15317.1,378,380,466,468,3,ATA,TAT
X15317.1,323,325,466,468,3,ATA,TAT
X15317.1,71,73,466,468,3,ATA,TAT
X15317.1,356,358,466,468,3,ATA,TAT
X15317.1,75,77,536,538,3,ATA,TAT
X15317.1,75,77,448,450,3,ATA,TAT
X15317.1,75,77,539,541,3,ATA,TAT
X15317.1,75,77,554,556,3,ATA,TAT
X15317.1,75,77,451,453,3,ATA,TAT
X15317.1,75,77,353,355,3,ATA,TAT
X15317.1,378,380,495,497,3,ATA,TAT
X15317.1,323,325,495,497,3,ATA,TAT
X15317.1,378,380,501,503,3,ATA,TAT
X15317.1,323,325,501,503,3,ATA,TAT
X15317.1,75,77,549,551,3,ATA,TAT
X15317.1,544,546,579,581,3,ATA,TAT
X15317.1,75,77,204,206,3,ATA,TAT
X15317.1,378,380,549,551,3,ATA,TAT
X15317.1,323,325,549,551,3,ATA,TAT
X15317.1,544,546,554,556,3,ATA,TAT
X15317.1,71,73,549,551,3,ATA,TAT
X15317.1,502,504,549,551,3,ATA,TAT
X15317.1,356,358,549,551,3,ATA,TAT
X15317.1,71,73,204,206,3,ATA,TAT
X15317.1,506,508,536,538,3,ATA,TAT
X15317.1,506,508,539,541,3,ATA,TAT
X15317.1,323,325,334,336,3,ATA,TAT
X15317.1,506,508,554,556,3,ATA,TAT
X15317.1,378,380,507,509,3,ATA,TAT
X15317.1,323,325,507,509,3,ATA,TAT
X15317.1,71,73,334,336,3,ATA,TAT
X15317.1,71,73,507,509,3,ATA,TAT
X15317.1,502,504,507,509,3,ATA,TAT
X15317.1,356,358,507,509,3,ATA,TAT
X15317.1,227,229,466,468,3,ATA,TAT
X15317.1,227,229,536,538,3,ATA,TAT
X15317.1,227,229,448,450,3,ATA,TAT
X15317.1,227,229,539,541,3,ATA,TAT
X15317.1,333,335,466,468,3,ATA,TAT
X15317.1,333,335,536,538,3,ATA,TAT
X15317.1,333,335,448,450,3,ATA,TAT
X15317.1,333,335,539,541,3,ATA,TAT
X15317.1,203,205,466,468,3,ATA,TAT
X15317.1,203,205,536,538,3,ATA,TAT
X15317.1,203,205,448,450,3,ATA,TAT
X15317.1,203,205,539,541,3,ATA,TAT
X15317.1,75,77,497,499,3,ATA,TAT
X15317.1,227,229,579,581,3,ATA,TAT
X15317.1,75,77,228,230,3,ATA,TAT
X15317.1,333,335,579,581,3,ATA,TAT
X15317.1,203,205,579,581,3,ATA,TAT
X15317.1,71,73,497,499,3,ATA,TAT
X15317.1,356,358,497,499,3,ATA,TAT
X15317.1,227,229,495,497,3,ATA,TAT
X15317.1,227,229,501,503,3,ATA,TAT
X15317.1,227,229,353,355,3,ATA,TAT
X15317.1,71,73,228,230,3,ATA,TAT
X15317.1,333,335,495,497,3,ATA,TAT
X15317.1,333,335,501,503,3,ATA,TAT
X15317.1,333,335,353,355,3,ATA,TAT
X15317.1,203,205,495,497,3,ATA,TAT
X15317.1,203,205,501,503,3,ATA,TAT
X15317.1,203,205,353,355,3,ATA,TAT
X15317.1,354,356,466,468,3,ATA,TAT
X15317.1,354,356,536,538,3,ATA,TAT
X15317.1,354,356,448,450,3,ATA,TAT
X15317.1,354,356,539,541,3,ATA,TAT
X15317.1,524,526,547,549,3,ATA,TAT
X15317.1,520,522,547,549,3,ATA,TAT
X15317.1,516,518,547,549,3,ATA,TAT
X15317.1,496,498,536,538,3,ATA,TAT
X15317.1,496,498,539,541,3,ATA,TAT
X15317.1,524,526,545,547,3,ATA,TAT
X15317.1,520,522,545,547,3,ATA,TAT
X15317.1,516,518,545,547,3,ATA,TAT
X15317.1,354,356,579,581,3,ATA,TAT
X15317.1,75,77,355,357,3,ATA,TAT
X15317.1,75,77,547,549,3,ATA,TAT
X15317.1,546,548,579,581,3,ATA,TAT
X15317.1,496,498,579,581,3,ATA,TAT
X15317.1,75,77,545,547,3,ATA,TAT
X15317.1,548,550,579,581,3,ATA,TAT
X15317.1,354,356,554,556,3,ATA,TAT
X15317.1,354,356,451,453,3,ATA,TAT
X15317.1,323,325,355,357,3,ATA,TAT
X15317.1,378,380,547,549,3,ATA,TAT
X15317.1,323,325,547,549,3,ATA,TAT
X15317.1,546,548,554,556,3,ATA,TAT
X15317.1,496,498,554,556,3,ATA,TAT
X15317.1,378,380,545,547,3,ATA,TAT
X15317.1,323,325,545,547,3,ATA,TAT
X15317.1,548,550,554,556,3,ATA,TAT
X15317.1,178,180,557,559,3,ATG,CAT
X15317.1,178,180,560,562,3,ATG,CAT
X15317.1,149,151,177,179,3,ATG,CAT
X15317.1,94,96,177,179,3,ATG,CAT
X15317.1,149,151,557,559,3,ATG,CAT
X15317.1,149,151,560,562,3,ATG,CAT
X15317.1,94,96,557,559,3,ATG,CAT
X15317.1,94,96,560,562,3,ATG,CAT
X15317.1,149,151,505,507,3,ATG,CAT
X15317.1,94,96,505,507,3,ATG,CAT
X15317.1,234,237,514,517,4,ATTT,AAAT
X15317.1,234,237,518,521,4,ATTT,AAAT
X15317.1,234,237,522,525,4,ATTT,AAAT
X15317.1,234,237,530,533,4,ATTT,AAAT
X15317.1,408,411,530,533,4,ATTT,AAAT
X15317.1,413,416,514,517,4,ATTT,AAAT
X15317.1,413,416,518,521,4,ATTT,AAAT
X15317.1,413,416,522,525,4,ATTT,AAAT
X15317.1,59,61,338,340,3,ATT,AAT
X15317.1,59,61,543,545,3,ATT,AAT
X15317.1,532,534,543,545,3,ATT,AAT
X15317.1,205,207,412,414,3,ATT,AAT
X15317.1,205,207,338,340,3,ATT,AAT
X15317.1,511,513,531,533,3,ATT,AAT
X15317.1,413,415,543,545,3,ATT,AAT
X15317.1,205,207,531,533,3,ATT,AAT
X15317.1,467,469,531,533,3,ATT,AAT
X15317.1,449,451,531,533,3,ATT,AAT
X15317.1,234,236,412,414,3,ATT,AAT
X15317.1,59,61,148,150,3,ATT,AAT
X15317.1,234,236,338,340,3,ATT,AAT
X15317.1,234,236,543,545,3,ATT,AAT
X15317.1,408,410,412,414,3,ATT,AAT
X15317.1,59,61,220,222,3,ATT,AAT
X15317.1,408,410,543,545,3,ATT,AAT
X15317.1,205,207,220,222,3,ATT,AAT
X15317.1,59,61,515,517,3,ATT,AAT
X15317.1,59,61,519,521,3,ATT,AAT
X15317.1,59,61,523,525,3,ATT,AAT
X15317.1,511,513,515,517,3,ATT,AAT
X15317.1,511,513,519,521,3,ATT,AAT
X15317.1,511,513,523,525,3,ATT,AAT
X15317.1,99,101,403,405,3,CAC,GTG
X15317.1,84,86,260,262,3,CAC,GTG
X15317.1,99,101,582,584,3,CAC,GTG
X15317.1,84,86,566,568,3,CAC,GTG
X15317.1,99,101,566,568,3,CAC,GTG
X15317.1,231,233,566,568,3,CAC,GTG
X15317.1,126,128,403,405,3,CAC,GTG
X15317.1,363,365,403,405,3,CAC,GTG
X15317.1,126,128,582,584,3,CAC,GTG
X15317.1,84,86,267,269,3,CAC,GTG
X15317.1,363,365,582,584,3,CAC,GTG
X15317.1,126,128,260,262,3,CAC,GTG
X15317.1,126,128,405,407,3,CAC,GTG
X15317.1,99,101,267,269,3,CAC,GTG
X15317.1,231,233,267,269,3,CAC,GTG
X15317.1,363,365,405,407,3,CAC,GTG
X15317.1,295,297,401,403,3,CAG,CTG
X15317.1,86,88,215,217,3,CAG,CTG
X15317.1,198,200,483,485,3,CAG,CTG
X15317.1,284,286,483,485,3,CAG,CTG
X15317.1,224,226,483,485,3,CAG,CTG
X15317.1,316,318,401,403,3,CAG,CTG
X15317.1,316,318,483,485,3,CAG,CTG
X15317.1,557,559,580,582,3,CAT,ATG
X15317.1,560,562,580,582,3,CAT,ATG
X15317.1,177,179,335,337,3,CAT,ATG
X15317.1,177,179,508,510,3,CAT,ATG
X15317.1,233,235,335,337,3,CAT,ATG
X15317.1,233,235,508,510,3,CAT,ATG
X15317.1,74,76,94,96,3,CAT,ATG
X15317.1,74,76,149,151,3,CAT,ATG
X15317.1,152,154,258,260,3,CCC,GGG
X15317.1,153,155,258,260,3,CCC,GGG
X15317.1,101,103,161,163,3,CCC,GGG
X15317.1,144,146,161,163,3,CCC,GGG
X15317.1,102,104,161,163,3,CCC,GGG
X15317.1,101,103,375,377,3,CCC,GGG
X15317.1,144,146,375,377,3,CCC,GGG
X15317.1,102,104,375,377,3,CCC,GGG
X15317.1,152,154,375,377,3,CCC,GGG
X15317.1,314,316,375,377,3,CCC,GGG
X15317.1,170,172,246,248,3,CCG,CGG
X15317.1,192,194,245,247,3,CGA,TCG
X15317.1,303,305,562,564,3,CGA,TCG
X15317.1,192,194,562,564,3,CGA,TCG
X15317.1,342,344,562,564,3,CGA,TCG
X15317.1,171,173,391,393,3,CGC,GCG
X15317.1,90,92,391,393,3,CGC,GCG
X15317.1,186,188,391,393,3,CGC,GCG
X15317.1,246,248,389,391,3,CGG,CCG
X15317.1,33,35,302,304,3,CGT,ACG
X15317.1,33,35,280,282,3,CGT,ACG
X15317.1,33,35,359,361,3,CGT,ACG
X15317.1,33,35,191,193,3,CGT,ACG
X15317.1,64,66,373,375,3,CTA,TAG
X15317.1,128,130,373,375,3,CTA,TAG
X15317.1,64,66,129,131,3,CTA,TAG
X15317.1,113,115,129,131,3,CTA,TAG
X15317.1,69,71,129,131,3,CTA,TAG
X15317.1,483,485,586,588,3,CTG,CAG
X15317.1,22,24,316,318,3,CTG,CAG
X15317.1,22,24,586,588,3,CTG,CAG
X15317.1,22,24,295,297,3,CTG,CAG
X15317.1,22,24,224,226,3,CTG,CAG
X15317.1,22,24,284,286,3,CTG,CAG
X15317.1,8,10,316,318,3,CTG,CAG
X15317.1,8,10,586,588,3,CTG,CAG
X15317.1,8,10,295,297,3,CTG,CAG
X15317.1,8,10,224,226,3,CTG,CAG
X15317.1,8,10,284,286,3,CTG,CAG
X15317.1,401,403,586,588,3,CTG,CAG
X15317.1,215,217,316,318,3,CTG,CAG
X15317.1,215,217,586,588,3,CTG,CAG
X15317.1,215,217,295,297,3,CTG,CAG
X15317.1,164,167,345,348,4,CTTT,AAAG
X15317.1,299,301,328,330,3,CTT,AAG
X15317.1,164,166,242,244,3,CTT,AAG
X15317.1,164,166,265,267,3,CTT,AAG
X15317.1,164,166,253,255,3,CTT,AAG
X15317.1,164,166,310,312,3,CTT,AAG
X15317.1,164,166,271,273,3,CTT,AAG
X15317.1,164,166,250,252,3,CTT,AAG
X15317.1,164,166,328,330,3,CTT,AAG
X15317.1,164,166,325,327,3,CTT,AAG
X15317.1,343,348,473,478,6,GAAAAG,CTTTTC
X15317.1,343,348,417,422,6,GAAAAG,CTTTTC
X15317.1,289,294,473,478,6,GAAAAG,CTTTTC
X15317.1,343,347,490,494,5,GAAAA,TTTTC
X15317.1,343,347,570,574,5,GAAAA,TTTTC
X15317.1,289,293,490,494,5,GAAAA,TTTTC
X15317.1,193,197,474,478,5,GAAAA,TTTTC
X15317.1,193,197,490,494,5,GAAAA,TTTTC
X15317.1,193,197,418,422,5,GAAAA,TTTTC
X15317.1,193,197,570,574,5,GAAAA,TTTTC
X15317.1,217,221,474,478,5,GAAAA,TTTTC
X15317.1,217,221,490,494,5,GAAAA,TTTTC
X15317.1,217,221,418,422,5,GAAAA,TTTTC
X15317.1,217,221,570,574,5,GAAAA,TTTTC
X15317.1,131,134,183,186,4,GAAA,TTTC
X15317.1,193,196,462,465,4,GAAA,TTTC
X15317.1,343,346,462,465,4,GAAA,TTTC
X15317.1,131,134,571,574,4,GAAA,TTTC
X15317.1,131,134,419,422,4,GAAA,TTTC
X15317.1,289,292,462,465,4,GAAA,TTTC
X15317.1,217,220,462,465,4,GAAA,TTTC
X15317.1,193,196,414,417,4,GAAA,TTTC
X15317.1,343,346,414,417,4,GAAA,TTTC
X15317.1,289,292,414,417,4,GAAA,TTTC
X15317.1,217,220,414,417,4,GAAA,TTTC
X15317.1,437,440,462,465,4,GAAA,TTTC
X15317.1,437,440,491,494,4,GAAA,TTTC
X15317.1,437,440,475,478,4,GAAA,TTTC
X15317.1,437,440,571,574,4,GAAA,TTTC
X15317.1,193,195,429,431,3,GAA,TTC
X15317.1,343,345,429,431,3,GAA,TTC
X15317.1,122,124,184,186,3,GAA,TTC
X15317.1,109,111,184,186,3,GAA,TTC
X15317.1,193,195,213,215,3,GAA,TTC
X15317.1,289,291,429,431,3,GAA,TTC
X15317.1,122,124,572,574,3,GAA,TTC
X15317.1,122,124,420,422,3,GAA,TTC
X15317.1,109,111,572,574,3,GAA,TTC
X15317.1,109,111,420,422,3,GAA,TTC
X15317.1,217,219,429,431,3,GAA,TTC
X15317.1,131,133,209,211,3,GAA,TTC
X15317.1,135,137,209,211,3,GAA,TTC
X15317.1,135,137,184,186,3,GAA,TTC
X15317.1,117,119,209,211,3,GAA,TTC
X15317.1,117,119,184,186,3,GAA,TTC
X15317.1,138,140,209,211,3,GAA,TTC
X15317.1,138,140,184,186,3,GAA,TTC
X15317.1,16,18,209,211,3,GAA,TTC
X15317.1,16,18,184,186,3,GAA,TTC
X15317.1,135,137,572,574,3,GAA,TTC
X15317.1,135,137,420,422,3,GAA,TTC
X15317.1,117,119,572,574,3,GAA,TTC
X15317.1,117,119,420,422,3,GAA,TTC
X15317.1,327,329,572,574,3,GAA,TTC
X15317.1,327,329,420,422,3,GAA,TTC
X15317.1,138,140,572,574,3,GAA,TTC
X15317.1,138,140,420,422,3,GAA,TTC
X15317.1,16,18,42,44,3,GAA,TTC
X15317.1,16,18,572,574,3,GAA,TTC
X15317.1,16,18,420,422,3,GAA,TTC
X15317.1,264,266,572,574,3,GAA,TTC
X15317.1,264,266,420,422,3,GAA,TTC
X15317.1,252,254,572,574,3,GAA,TTC
X15317.1,252,254,420,422,3,GAA,TTC
X15317.1,270,272,429,431,3,GAA,TTC
X15317.1,270,272,492,494,3,GAA,TTC
X15317.1,270,272,476,478,3,GAA,TTC
X15317.1,270,272,463,465,3,GAA,TTC
X15317.1,270,272,415,417,3,GAA,TTC
X15317.1,122,124,382,384,3,GAA,TTC
X15317.1,109,111,382,384,3,GAA,TTC
X15317.1,131,133,382,384,3,GAA,TTC
X15317.1,193,195,382,384,3,GAA,TTC
X15317.1,343,345,382,384,3,GAA,TTC
X15317.1,217,219,382,384,3,GAA,TTC
X15317.1,135,137,468,470,3,GAA,TTC
X15317.1,117,119,468,470,3,GAA,TTC
X15317.1,327,329,468,470,3,GAA,TTC
X15317.1,138,140,468,470,3,GAA,TTC
X15317.1,16,18,468,470,3,GAA,TTC
X15317.1,264,266,468,470,3,GAA,TTC
X15317.1,252,254,468,470,3,GAA,TTC
X15317.1,122,124,468,470,3,GAA,TTC
X15317.1,109,111,468,470,3,GAA,TTC
X15317.1,131,133,468,470,3,GAA,TTC
X15317.1,193,195,468,470,3,GAA,TTC
X15317.1,343,345,468,470,3,GAA,TTC
X15317.1,217,219,468,470,3,GAA,TTC
X15317.1,437,439,468,470,3,GAA,TTC
X15317.1,337,339,429,431,3,GAA,TTC
X15317.1,337,339,492,494,3,GAA,TTC
X15317.1,337,339,476,478,3,GAA,TTC
X15317.1,337,339,463,465,3,GAA,TTC
X15317.1,337,339,415,417,3,GAA,TTC
X15317.1,337,339,382,384,3,GAA,TTC
X15317.1,337,339,572,574,3,GAA,TTC
X15317.1,337,339,420,422,3,GAA,TTC
X15317.1,142,144,399,401,3,GAC,GTC
X15317.1,142,144,244,246,3,GAC,GTC
X15317.1,239,241,244,246,3,GAC,GTC
X15317.1,20,22,399,401,3,GAC,GTC
X15317.1,20,22,97,99,3,GAC,GTC
X15317.1,62,64,399,401,3,GAC,GTC
X15317.1,62,64,168,170,3,GAC,GTC
X15317.1,31,33,399,401,3,GAC,GTC
X15317.1,31,33,88,90,3,GAC,GTC
X15317.1,31,33,244,246,3,GAC,GTC
X15317.1,31,33,97,99,3,GAC,GTC
X15317.1,91,93,583,585,3,GCA,TGC
X15317.1,294,296,583,585,3,GCA,TGC
X15317.1,83,85,484,486,3,GCA,TGC
X15317.1,91,93,484,486,3,GCA,TGC
X15317.1,83,85,150,152,3,GCA,TGC
X15317.1,91,93,150,152,3,GCA,TGC
X15317.1,54,56,296,298,3,GCT,AGC
X15317.1,54,56,587,589,3,GCT,AGC
X15317.1,444,446,587,589,3,GCT,AGC
X15317.1,274,276,293,295,3,GCT,AGC
X15317.1,187,189,296,298,3,GCT,AGC
X15317.1,187,189,587,589,3,GCT,AGC
X15317.1,187,189,293,295,3,GCT,AGC
X15317.1,161,163,387,389,3,GGG,CCC
X15317.1,29,31,486,488,3,GGG,CCC
X15317.1,29,31,152,154,3,GGG,CCC
X15317.1,29,31,153,155,3,GGG,CCC
X15317.1,161,163,388,390,3,GGG,CCC
X15317.1,375,377,388,390,3,GGG,CCC
X15317.1,29,31,388,390,3,GGG,CCC
X15317.1,29,31,67,69,3,GGG,CCC
X15317.1,29,31,101,103,3,GGG,CCC
X15317.1,258,260,486,488,3,GGG,CCC
X15317.1,258,260,388,390,3,GGG,CCC
X15317.1,258,260,387,389,3,GGG,CCC
X15317.1,1,3,143,145,3,GGT,ACC
X15317.1,1,3,100,102,3,GGT,ACC
X15317.1,96,98,100,102,3,GGT,ACC
X15317.1,1,3,111,113,3,GGT,ACC
X15317.1,96,98,111,113,3,GGT,ACC
X15317.1,1,3,124,126,3,GGT,ACC
X15317.1,2,4,301,303,3,GTA,TAC
X15317.1,2,4,481,483,3,GTA,TAC
X15317.1,78,80,175,177,3,GTA,TAC
X15317.1,2,4,175,177,3,GTA,TAC
X15317.1,2,4,379,381,3,GTA,TAC
X15317.1,78,80,503,505,3,GTA,TAC
X15317.1,2,4,503,505,3,GTA,TAC
X15317.1,2,4,72,74,3,GTA,TAC
X15317.1,97,99,239,241,3,GTC,GAC
X15317.1,88,90,142,144,3,GTC,GAC
X15317.1,88,90,239,241,3,GTC,GAC
X15317.1,260,262,363,365,3,GTG,CAC
X15317.1,34,36,363,365,3,GTG,CAC
X15317.1,34,36,126,128,3,GTG,CAC
X15317.1,34,36,99,101,3,GTG,CAC
X15317.1,34,36,84,86,3,GTG,CAC
X15317.1,34,36,231,233,3,GTG,CAC
X15317.1,351,360,351,360,10,GTTATATAAC,GTTATATAAC
X15317.1,79,81,352,354,3,TAA,TTA
X15317.1,357,359,410,412,3,TAA,TTA
X15317.1,12,14,352,354,3,TAA,TTA
X15317.1,189,191,578,580,3,TAA,TTA
X15317.1,189,191,553,555,3,TAA,TTA
X15317.1,189,191,447,449,3,TAA,TTA
X15317.1,278,280,578,580,3,TAA,TTA
X15317.1,278,280,553,555,3,TAA,TTA
X15317.1,278,280,447,449,3,TAA,TTA
X15317.1,189,191,410,412,3,TAA,TTA
X15317.1,278,280,410,412,3,TAA,TTA
X15317.1,324,326,410,412,3,TAA,TTA
X15317.1,114,116,352,354,3,TAA,TTA
X15317.1,114,116,578,580,3,TAA,TTA
X15317.1,114,116,553,555,3,TAA,TTA
X15317.1,114,116,447,449,3,TAA,TTA
X15317.1,156,158,352,354,3,TAA,TTA
X15317.1,156,158,578,580,3,TAA,TTA
X15317.1,156,158,553,555,3,TAA,TTA
X15317.1,156,158,447,449,3,TAA,TTA
X15317.1,357,359,372,374,3,TAA,TTA
X15317.1,79,81,372,374,3,TAA,TTA
X15317.1,114,116,410,412,3,TAA,TTA
X15317.1,156,158,410,412,3,TAA,TTA
X15317.1,12,14,372,374,3,TAA,TTA
X15317.1,189,191,300,302,3,TAA,TTA
X15317.1,278,280,300,302,3,TAA,TTA
X15317.1,12,14,300,302,3,TAA,TTA
X15317.1,114,116,450,452,3,TAA,TTA
X15317.1,156,158,450,452,3,TAA,TTA
X15317.1,189,191,450,452,3,TAA,TTA
X15317.1,278,280,450,452,3,TAA,TTA
X15317.1,114,116,538,540,3,TAA,TTA
X15317.1,156,158,538,540,3,TAA,TTA
X15317.1,189,191,538,540,3,TAA,TTA
X15317.1,278,280,538,540,3,TAA,TTA
X15317.1,79,81,450,452,3,TAA,TTA
X15317.1,79,81,538,540,3,TAA,TTA
X15317.1,12,14,450,452,3,TAA,TTA
X15317.1,12,14,538,540,3,TAA,TTA
X15317.1,513,515,538,540,3,TAA,TTA
X15317.1,324,326,541,543,3,TAA,TTA
X15317.1,357,359,541,543,3,TAA,TTA
X15317.1,525,527,541,543,3,TAA,TTA
X15317.1,521,523,541,543,3,TAA,TTA
X15317.1,517,519,541,543,3,TAA,TTA
X15317.1,542,544,578,580,3,TAA,TTA
X15317.1,542,544,553,555,3,TAA,TTA
X15317.1,324,326,512,514,3,TAA,TTA
X15317.1,357,359,512,514,3,TAA,TTA
X15317.1,411,413,578,580,3,TAA,TTA
X15317.1,411,413,553,555,3,TAA,TTA
X15317.1,411,413,447,449,3,TAA,TTA
X15317.1,114,116,541,543,3,TAA,TTA
X15317.1,156,158,541,543,3,TAA,TTA
X15317.1,189,191,541,543,3,TAA,TTA
X15317.1,278,280,541,543,3,TAA,TTA
X15317.1,114,116,512,514,3,TAA,TTA
X15317.1,156,158,512,514,3,TAA,TTA
X15317.1,189,191,512,514,3,TAA,TTA
X15317.1,278,280,512,514,3,TAA,TTA
X15317.1,79,81,541,543,3,TAA,TTA
X15317.1,79,81,512,514,3,TAA,TTA
X15317.1,65,67,535,537,3,TAC,GTA
X15317.1,3,5,535,537,3,TAC,GTA
X15317.1,301,303,535,537,3,TAC,GTA
X15317.1,481,483,535,537,3,TAC,GTA
X15317.1,72,74,78,80,3,TAC,GTA
X15317.1,65,67,78,80,3,TAC,GTA
X15317.1,3,5,78,80,3,TAC,GTA
X15317.1,129,131,174,176,3,TAG,CTA
X15317.1,373,375,494,496,3,TAG,CTA
X15317.1,373,375,465,467,3,TAG,CTA
X15317.1,373,375,500,502,3,TAG,CTA
X15317.1,129,131,155,157,3,TAG,CTA
X15317.1,373,375,480,482,3,TAG,CTA
X15317.1,76,78,174,176,3,TAG,CTA
X15317.1,76,78,480,482,3,TAG,CTA
X15317.1,76,78,155,157,3,TAG,CTA
X15317.1,76,78,113,115,3,TAG,CTA
X15317.1,76,78,277,279,3,TAG,CTA
X15317.1,76,78,188,190,3,TAG,CTA
X15317.1,129,131,188,190,3,TAG,CTA
X15317.1,353,357,544,548,5,TATAT,ATATA
X15317.1,495,499,544,548,5,TATAT,ATATA
X15317.1,495,499,546,550,5,TATAT,ATATA
X15317.1,70,73,353,356,4,TATA,TATA
X15317.1,70,73,495,498,4,TATA,TATA
X15317.1,355,358,501,504,4,TATA,TATA
X15317.1,70,73,501,504,4,TATA,TATA
X15317.1,501,504,501,504,4,TATA,TATA
X15317.1,70,73,70,73,4,TATA,TATA
X15317.1,70,73,547,550,4,TATA,TATA
X15317.1,501,504,547,550,4,TATA,TATA
X15317.1,70,73,545,548,4,TATA,TATA
X15317.1,501,504,545,548,4,TATA,TATA
X15317.1,495,498,495,498,4,TATA,TATA
X15317.1,495,498,501,504,4,TATA,TATA
X15317.1,353,356,495,498,4,TATA,TATA
X15317.1,353,356,353,356,4,TATA,TATA
X15317.1,355,358,355,358,4,TATA,TATA
X15317.1,70,73,355,358,4,TATA,TATA
X15317.1,353,356,501,504,4,TATA,TATA
X15317.1,70,72,203,205,3,TAT,ATA
X15317.1,70,72,333,335,3,TAT,ATA
X15317.1,70,72,227,229,3,TAT,ATA
X15317.1,228,230,502,504,3,TAT,ATA
X15317.1,497,499,502,504,3,TAT,ATA
X15317.1,228,230,356,358,3,TAT,ATA
X15317.1,355,357,378,380,3,TAT,ATA
X15317.1,70,72,378,380,3,TAT,ATA
X15317.1,353,355,378,380,3,TAT,ATA
X15317.1,451,453,496,498,3,TAT,ATA
X15317.1,451,453,548,550,3,TAT,ATA
X15317.1,451,453,546,548,3,TAT,ATA
X15317.1,70,72,323,325,3,TAT,ATA
X15317.1,451,453,502,504,3,TAT,ATA
X15317.1,70,72,506,508,3,TAT,ATA
X15317.1,501,503,506,508,3,TAT,ATA
X15317.1,495,497,506,508,3,TAT,ATA
X15317.1,334,336,378,380,3,TAT,ATA
X15317.1,334,336,502,504,3,TAT,ATA
X15317.1,334,336,356,358,3,TAT,ATA
X15317.1,451,453,506,508,3,TAT,ATA
X15317.1,353,355,506,508,3,TAT,ATA
X15317.1,70,72,544,546,3,TAT,ATA
X15317.1,501,503,544,546,3,TAT,ATA
X15317.1,495,497,544,546,3,TAT,ATA
X15317.1,204,206,378,380,3,TAT,ATA
X15317.1,204,206,502,504,3,TAT,ATA
X15317.1,451,453,544,546,3,TAT,ATA
X15317.1,353,355,544,546,3,TAT,ATA
X15317.1,204,206,323,325,3,TAT,ATA
X15317.1,204,206,356,358,3,TAT,ATA
X15317.1,466,468,506,508,3,TAT,ATA
X15317.1,466,468,496,498,3,TAT,ATA
X15317.1,466,468,548,550,3,TAT,ATA
X15317.1,466,468,546,548,3,TAT,ATA
X15317.1,466,468,502,504,3,TAT,ATA
X15317.1,536,538,548,550,3,TAT,ATA
X15317.1,536,538,546,548,3,TAT,ATA
X15317.1,539,541,548,550,3,TAT,ATA
X15317.1,539,541,546,548,3,TAT,ATA
X15317.1,448,450,506,508,3,TAT,ATA
X15317.1,448,450,496,498,3,TAT,ATA
X15317.1,448,450,548,550,3,TAT,ATA
X15317.1,448,450,546,548,3,TAT,ATA
X15317.1,334,336,516,518,3,TAT,ATA
X15317.1,507,509,516,518,3,TAT,ATA
X15317.1,228,230,516,518,3,TAT,ATA
X15317.1,497,499,516,518,3,TAT,ATA
X15317.1,355,357,516,518,3,TAT,ATA
X15317.1,334,336,520,522,3,TAT,ATA
X15317.1,507,509,520,522,3,TAT,ATA
X15317.1,228,230,520,522,3,TAT,ATA
X15317.1,497,499,520,522,3,TAT,ATA
X15317.1,355,357,520,522,3,TAT,ATA
X15317.1,334,336,524,526,3,TAT,ATA
X15317.1,507,509,524,526,3,TAT,ATA
X15317.1,228,230,524,526,3,TAT,ATA
X15317.1,497,499,524,526,3,TAT,ATA
X15317.1,355,357,524,526,3,TAT,ATA
X15317.1,70,72,516,518,3,TAT,ATA
X15317.1,501,503,516,518,3,TAT,ATA
X15317.1,495,497,516,518,3,TAT,ATA
X15317.1,70,72,520,522,3,TAT,ATA
X15317.1,501,503,520,522,3,TAT,ATA
X15317.1,495,497,520,522,3,TAT,ATA
X15317.1,70,72,524,526,3,TAT,ATA
X15317.1,501,503,524,526,3,TAT,ATA
X15317.1,495,497,524,526,3,TAT,ATA
X15317.1,448,450,502,504,3,TAT,ATA
X15317.1,43,46,347,350,4,TCCT,AGGA
X15317.1,43,46,140,143,4,TCCT,AGGA
X15317.1,89,91,563,565,3,TCG,CGA
X15317.1,185,187,563,565,3,TCG,CGA
X15317.1,89,91,321,323,3,TCG,CGA
X15317.1,185,187,321,323,3,TCG,CGA
X15317.1,245,247,563,565,3,TCG,CGA
X15317.1,89,91,342,344,3,TCG,CGA
X15317.1,245,247,303,305,3,TCG,CGA
X15317.1,89,91,303,305,3,TCG,CGA
X15317.1,185,187,303,305,3,TCG,CGA
X15317.1,210,212,321,323,3,TCG,CGA
X15317.1,210,212,563,565,3,TCG,CGA
X15317.1,89,91,192,194,3,TCG,CGA
X15317.1,276,278,331,333,3,TCT,AGA
X15317.1,214,216,331,333,3,TCT,AGA
X15317.1,214,216,329,331,3,TCT,AGA
X15317.1,276,278,326,328,3,TCT,AGA
X15317.1,150,152,294,296,3,TGC,GCA
X15317.1,179,184,194,199,6,TGTTTT,AAAACA
X15317.1,35,40,194,199,6,TGTTTT,AAAACA
X15317.1,300,302,411,413,3,TTA,TAA
X15317.1,300,302,542,544,3,TTA,TAA
X15317.1,300,302,513,515,3,TTA,TAA
X15317.1,11,13,79,81,3,TTA,TAA
X15317.1,372,374,411,413,3,TTA,TAA
X15317.1,372,374,542,544,3,TTA,TAA
X15317.1,11,13,156,158,3,TTA,TAA
X15317.1,11,13,114,116,3,TTA,TAA
X15317.1,372,374,513,515,3,TTA,TAA
X15317.1,450,452,513,515,3,TTA,TAA
X15317.1,11,13,324,326,3,TTA,TAA
X15317.1,352,354,411,413,3,TTA,TAA
X15317.1,352,354,542,544,3,TTA,TAA
X15317.1,300,302,357,359,3,TTA,TAA
X15317.1,352,354,513,515,3,TTA,TAA
X15317.1,447,449,542,544,3,TTA,TAA
X15317.1,512,514,517,519,3,TTA,TAA
X15317.1,512,514,521,523,3,TTA,TAA
X15317.1,512,514,525,527,3,TTA,TAA
X15317.1,372,374,517,519,3,TTA,TAA
X15317.1,300,302,517,519,3,TTA,TAA
X15317.1,372,374,521,523,3,TTA,TAA
X15317.1,300,302,521,523,3,TTA,TAA
X15317.1,372,374,525,527,3,TTA,TAA
X15317.1,300,302,525,527,3,TTA,TAA
X15317.1,11,13,517,519,3,TTA,TAA
X15317.1,11,13,521,523,3,TTA,TAA
X15317.1,11,13,525,527,3,TTA,TAA
X15317.1,213,216,326,329,4,TTCT,AGAA
X15317.1,213,216,251,254,4,TTCT,AGAA
X15317.1,213,216,263,266,4,TTCT,AGAA
X15317.1,382,384,437,439,3,TTC,GAA
X15317.1,42,44,337,339,3,TTC,GAA
X15317.1,209,211,337,339,3,TTC,GAA
X15317.1,209,211,270,272,3,TTC,GAA
X15317.1,209,211,289,291,3,TTC,GAA
X15317.1,209,211,437,439,3,TTC,GAA
X15317.1,209,211,217,219,3,TTC,GAA
X15317.1,184,186,337,339,3,TTC,GAA
X15317.1,184,186,270,272,3,TTC,GAA
X15317.1,209,211,264,266,3,TTC,GAA
X15317.1,209,211,327,329,3,TTC,GAA
X15317.1,209,211,252,254,3,TTC,GAA
X15317.1,184,186,264,266,3,TTC,GAA
X15317.1,42,44,264,266,3,TTC,GAA
X15317.1,42,44,117,119,3,TTC,GAA
X15317.1,184,186,327,329,3,TTC,GAA
X15317.1,42,44,327,329,3,TTC,GAA
X15317.1,42,44,138,140,3,TTC,GAA
X15317.1,184,186,252,254,3,TTC,GAA
X15317.1,42,44,252,254,3,TTC,GAA
X15317.1,42,44,135,137,3,TTC,GAA
X15317.1,213,215,337,339,3,TTC,GAA
X15317.1,213,215,270,272,3,TTC,GAA
X15317.1,42,44,122,124,3,TTC,GAA
X15317.1,42,44,109,111,3,TTC,GAA
X15317.1,213,215,343,345,3,TTC,GAA
X15317.1,213,215,289,291,3,TTC,GAA
X15317.1,213,215,437,439,3,TTC,GAA
X15317.1,213,215,217,219,3,TTC,GAA
X15317.1,429,431,437,439,3,TTC,GAA
X15317.1,446,451,515,520,6,TTTATT,AATAAA
X15317.1,446,451,519,524,6,TTTATT,AATAAA
X15317.1,446,451,523,528,6,TTTATT,AATAAA
X15317.1,419,422,437,440,4,TTTC,GAAA
X15317.1,41,44,437,440,4,TTTC,GAAA
X15317.1,183,186,437,440,4,TTTC,GAAA
X15317.1,414,417,437,440,4,TTTC,GAAA
X15317.1,41,44,131,134,4,TTTC,GAAA
X15317.1,40,46,287,293,7,TTTTCCT,AGGAAAA
X15317.1,182,187,342,347,6,TTTTCG,CGAAAA
X15317.1,182,187,192,197,6,TTTTCG,CGAAAA
X15317.1,40,44,343,347,5,TTTTC,GAAAA
X15317.1,40,44,193,197,5,TTTTC,GAAAA
X15317.1,182,186,289,293,5,TTTTC,GAAAA
X15317.1,182,186,217,221,5,TTTTC,GAAAA
X15317.1,40,44,217,221,5,TTTTC,GAAAA

Total for length 3 is 1111.
Total for length 4 is 194.
Total for length 5 is 58.
Total for length 6 is 26.
Total for length 7 is 4.
Total for length 10 is 3.

