Input file is sequence7.fasta.
Minimal fragment length is 3.
Working with probability estimation.
P value is : 0.050000.
Printing all instances.
Looking for inverse non-complementary repeats.
X15317.1 Alphabet size is 4.
Input sequence has 2 letters that are not in expected alphabet.
Letters are : N.
X15317.1,526,531,526,531,6,AAAAAA,AAAAAA
X15317.1,527,532,527,532,6,AAAAAA,AAAAAA
X15317.1,290,293,528,531,4,AAAA,AAAA
X15317.1,290,293,527,530,4,AAAA,AAAA
X15317.1,344,347,528,531,4,AAAA,AAAA
X15317.1,344,347,527,530,4,AAAA,AAAA
X15317.1,290,293,529,532,4,AAAA,AAAA
X15317.1,344,347,529,532,4,AAAA,AAAA
X15317.1,290,293,526,529,4,AAAA,AAAA
X15317.1,344,347,526,529,4,AAAA,AAAA
X15317.1,526,529,526,529,4,AAAA,AAAA
X15317.1,529,532,529,532,4,AAAA,AAAA
X15317.1,218,221,528,531,4,AAAA,AAAA
X15317.1,218,221,527,530,4,AAAA,AAAA
X15317.1,218,221,218,221,4,AAAA,AAAA
X15317.1,218,221,529,532,4,AAAA,AAAA
X15317.1,194,197,526,529,4,AAAA,AAAA
X15317.1,194,197,528,531,4,AAAA,AAAA
X15317.1,194,197,527,530,4,AAAA,AAAA
X15317.1,194,197,194,197,4,AAAA,AAAA
X15317.1,194,197,218,221,4,AAAA,AAAA
X15317.1,194,197,529,532,4,AAAA,AAAA
X15317.1,132,135,193,196,4,AAAG,GAAA
X15317.1,132,135,343,346,4,AAAG,GAAA
X15317.1,13,16,193,196,4,AAAG,GAAA
X15317.1,13,16,343,346,4,AAAG,GAAA
X15317.1,80,83,131,134,4,AAAG,GAAA
X15317.1,132,135,289,292,4,AAAG,GAAA
X15317.1,80,83,289,292,4,AAAG,GAAA
X15317.1,13,16,289,292,4,AAAG,GAAA
X15317.1,132,135,217,220,4,AAAG,GAAA
X15317.1,80,83,217,220,4,AAAG,GAAA
X15317.1,13,16,217,220,4,AAAG,GAAA
X15317.1,345,348,437,440,4,AAAG,GAAA
X15317.1,291,294,437,440,4,AAAG,GAAA
X15317.1,132,135,437,440,4,AAAG,GAAA
X15317.1,80,83,437,440,4,AAAG,GAAA
X15317.1,13,16,437,440,4,AAAG,GAAA
X15317.1,514,528,514,528,15,AAATAAATAAATAAA,AAATAAATAAATAAA
X15317.1,518,528,518,528,11,AAATAAATAAA,AAATAAATAAA
X15317.1,522,528,522,528,7,AAATAAA,AAATAAA
X15317.1,147,150,525,528,4,AAAT,TAAA
X15317.1,147,150,521,524,4,AAAT,TAAA
X15317.1,147,150,517,520,4,AAAT,TAAA
X15317.1,147,150,513,516,4,AAAT,TAAA
X15317.1,219,222,513,516,4,AAAT,TAAA
X15317.1,219,222,521,524,4,AAAT,TAAA
X15317.1,219,222,517,520,4,AAAT,TAAA
X15317.1,195,197,195,197,3,AAA,AAA
X15317.1,195,197,345,347,3,AAA,AAA
X15317.1,195,197,291,293,3,AAA,AAA
X15317.1,195,197,530,532,3,AAA,AAA
X15317.1,195,197,219,221,3,AAA,AAA
X15317.1,438,440,529,531,3,AAA,AAA
X15317.1,438,440,528,530,3,AAA,AAA
X15317.1,438,440,527,529,3,AAA,AAA
X15317.1,438,440,530,532,3,AAA,AAA
X15317.1,194,196,194,196,3,AAA,AAA
X15317.1,291,293,345,347,3,AAA,AAA
X15317.1,291,293,291,293,3,AAA,AAA
X15317.1,194,196,344,346,3,AAA,AAA
X15317.1,290,292,344,346,3,AAA,AAA
X15317.1,344,346,344,346,3,AAA,AAA
X15317.1,218,220,344,346,3,AAA,AAA
X15317.1,194,196,290,292,3,AAA,AAA
X15317.1,290,292,290,292,3,AAA,AAA
X15317.1,218,220,290,292,3,AAA,AAA
X15317.1,345,347,345,347,3,AAA,AAA
X15317.1,194,196,218,220,3,AAA,AAA
X15317.1,218,220,218,220,3,AAA,AAA
X15317.1,291,293,530,532,3,AAA,AAA
X15317.1,345,347,530,532,3,AAA,AAA
X15317.1,195,197,438,440,3,AAA,AAA
X15317.1,438,440,438,440,3,AAA,AAA
X15317.1,194,196,438,440,3,AAA,AAA
X15317.1,290,292,438,440,3,AAA,AAA
X15317.1,344,346,438,440,3,AAA,AAA
X15317.1,218,220,438,440,3,AAA,AAA
X15317.1,132,134,529,531,3,AAA,AAA
X15317.1,132,134,528,530,3,AAA,AAA
X15317.1,132,134,527,529,3,AAA,AAA
X15317.1,132,134,195,197,3,AAA,AAA
X15317.1,132,134,147,149,3,AAA,AAA
X15317.1,132,134,530,532,3,AAA,AAA
X15317.1,132,134,219,221,3,AAA,AAA
X15317.1,13,15,529,531,3,AAA,AAA
X15317.1,13,15,528,530,3,AAA,AAA
X15317.1,13,15,527,529,3,AAA,AAA
X15317.1,80,82,529,531,3,AAA,AAA
X15317.1,80,82,528,530,3,AAA,AAA
X15317.1,80,82,527,529,3,AAA,AAA
X15317.1,13,15,195,197,3,AAA,AAA
X15317.1,80,82,195,197,3,AAA,AAA
X15317.1,13,15,345,347,3,AAA,AAA
X15317.1,13,15,291,293,3,AAA,AAA
X15317.1,80,82,345,347,3,AAA,AAA
X15317.1,80,82,291,293,3,AAA,AAA
X15317.1,219,221,438,440,3,AAA,AAA
X15317.1,132,134,526,528,3,AAA,AAA
X15317.1,438,440,526,528,3,AAA,AAA
X15317.1,194,196,526,528,3,AAA,AAA
X15317.1,290,292,526,528,3,AAA,AAA
X15317.1,344,346,526,528,3,AAA,AAA
X15317.1,218,220,526,528,3,AAA,AAA
X15317.1,219,221,345,347,3,AAA,AAA
X15317.1,219,221,291,293,3,AAA,AAA
X15317.1,13,15,526,528,3,AAA,AAA
X15317.1,80,82,526,528,3,AAA,AAA
X15317.1,526,528,526,528,3,AAA,AAA
X15317.1,219,221,530,532,3,AAA,AAA
X15317.1,219,221,219,221,3,AAA,AAA
X15317.1,530,532,530,532,3,AAA,AAA
X15317.1,147,149,194,196,3,AAA,AAA
X15317.1,147,149,344,346,3,AAA,AAA
X15317.1,147,149,290,292,3,AAA,AAA
X15317.1,147,149,218,220,3,AAA,AAA
X15317.1,147,149,529,531,3,AAA,AAA
X15317.1,147,149,528,530,3,AAA,AAA
X15317.1,147,149,527,529,3,AAA,AAA
X15317.1,147,149,345,347,3,AAA,AAA
X15317.1,147,149,291,293,3,AAA,AAA
X15317.1,147,149,147,149,3,AAA,AAA
X15317.1,147,149,530,532,3,AAA,AAA
X15317.1,147,149,219,221,3,AAA,AAA
X15317.1,13,15,80,82,3,AAA,AAA
X15317.1,80,82,80,82,3,AAA,AAA
X15317.1,13,15,13,15,3,AAA,AAA
X15317.1,522,524,529,531,3,AAA,AAA
X15317.1,522,524,528,530,3,AAA,AAA
X15317.1,522,524,527,529,3,AAA,AAA
X15317.1,518,520,529,531,3,AAA,AAA
X15317.1,518,520,528,530,3,AAA,AAA
X15317.1,518,520,527,529,3,AAA,AAA
X15317.1,514,516,529,531,3,AAA,AAA
X15317.1,514,516,528,530,3,AAA,AAA
X15317.1,514,516,527,529,3,AAA,AAA
X15317.1,291,293,522,524,3,AAA,AAA
X15317.1,345,347,522,524,3,AAA,AAA
X15317.1,195,197,522,524,3,AAA,AAA
X15317.1,291,293,518,520,3,AAA,AAA
X15317.1,345,347,518,520,3,AAA,AAA
X15317.1,195,197,518,520,3,AAA,AAA
X15317.1,291,293,514,516,3,AAA,AAA
X15317.1,345,347,514,516,3,AAA,AAA
X15317.1,195,197,514,516,3,AAA,AAA
X15317.1,132,134,522,524,3,AAA,AAA
X15317.1,438,440,522,524,3,AAA,AAA
X15317.1,194,196,522,524,3,AAA,AAA
X15317.1,290,292,522,524,3,AAA,AAA
X15317.1,344,346,522,524,3,AAA,AAA
X15317.1,218,220,522,524,3,AAA,AAA
X15317.1,132,134,518,520,3,AAA,AAA
X15317.1,438,440,518,520,3,AAA,AAA
X15317.1,194,196,518,520,3,AAA,AAA
X15317.1,290,292,518,520,3,AAA,AAA
X15317.1,344,346,518,520,3,AAA,AAA
X15317.1,218,220,518,520,3,AAA,AAA
X15317.1,132,134,514,516,3,AAA,AAA
X15317.1,438,440,514,516,3,AAA,AAA
X15317.1,194,196,514,516,3,AAA,AAA
X15317.1,290,292,514,516,3,AAA,AAA
X15317.1,344,346,514,516,3,AAA,AAA
X15317.1,218,220,514,516,3,AAA,AAA
X15317.1,196,198,309,311,3,AAC,CAA
X15317.1,196,198,249,251,3,AAC,CAA
X15317.1,190,192,309,311,3,AAC,CAA
X15317.1,190,192,241,243,3,AAC,CAA
X15317.1,279,281,309,311,3,AAC,CAA
X15317.1,133,140,133,140,8,AAGAAGAA,AAGAAGAA
X15317.1,115,121,134,140,7,AAGAAGA,AGAAGAA
X15317.1,14,19,135,140,6,AAGAAG,GAAGAA
X15317.1,133,137,133,137,5,AAGAA,AAGAA
X15317.1,14,18,133,137,5,AAGAA,AAGAA
X15317.1,14,18,14,18,5,AAGAA,AAGAA
X15317.1,115,119,133,137,5,AAGAA,AAGAA
X15317.1,133,137,325,329,5,AAGAA,AAGAA
X15317.1,14,18,325,329,5,AAGAA,AAGAA
X15317.1,14,18,115,119,5,AAGAA,AAGAA
X15317.1,250,254,325,329,5,AAGAA,AAGAA
X15317.1,115,119,325,329,5,AAGAA,AAGAA
X15317.1,325,329,325,329,5,AAGAA,AAGAA
X15317.1,115,119,115,119,5,AAGAA,AAGAA
X15317.1,133,137,250,254,5,AAGAA,AAGAA
X15317.1,14,18,250,254,5,AAGAA,AAGAA
X15317.1,250,254,250,254,5,AAGAA,AAGAA
X15317.1,115,119,250,254,5,AAGAA,AAGAA
X15317.1,118,124,118,124,7,AAGAGAA,AAGAGAA
X15317.1,14,17,108,111,4,AAGA,AGAA
X15317.1,14,17,121,124,4,AAGA,AGAA
X15317.1,105,108,134,137,4,AAGA,AGAA
X15317.1,105,108,251,254,4,AAGA,AGAA
X15317.1,105,108,137,140,4,AAGA,AGAA
X15317.1,105,108,326,329,4,AAGA,AGAA
X15317.1,105,108,116,119,4,AAGA,AGAA
X15317.1,115,118,121,124,4,AAGA,AGAA
X15317.1,133,136,263,266,4,AAGA,AGAA
X15317.1,14,17,263,266,4,AAGA,AGAA
X15317.1,250,253,263,266,4,AAGA,AGAA
X15317.1,115,118,263,266,4,AAGA,AGAA
X15317.1,157,160,251,254,4,AAGA,AGAA
X15317.1,157,160,326,329,4,AAGA,AGAA
X15317.1,105,108,130,133,4,AAGA,AGAA
X15317.1,118,121,130,133,4,AAGA,AGAA
X15317.1,115,118,130,133,4,AAGA,AGAA
X15317.1,105,107,193,195,3,AAG,GAA
X15317.1,81,83,109,111,3,AAG,GAA
X15317.1,81,83,122,124,3,AAG,GAA
X15317.1,250,252,343,345,3,AAG,GAA
X15317.1,105,107,343,345,3,AAG,GAA
X15317.1,136,138,193,195,3,AAG,GAA
X15317.1,118,120,193,195,3,AAG,GAA
X15317.1,81,83,135,137,3,AAG,GAA
X15317.1,81,83,252,254,3,AAG,GAA
X15317.1,81,83,138,140,3,AAG,GAA
X15317.1,81,83,327,329,3,AAG,GAA
X15317.1,81,83,117,119,3,AAG,GAA
X15317.1,81,83,264,266,3,AAG,GAA
X15317.1,292,294,327,329,3,AAG,GAA
X15317.1,136,138,343,345,3,AAG,GAA
X15317.1,118,120,343,345,3,AAG,GAA
X15317.1,328,330,343,345,3,AAG,GAA
X15317.1,115,117,193,195,3,AAG,GAA
X15317.1,157,159,193,195,3,AAG,GAA
X15317.1,115,117,343,345,3,AAG,GAA
X15317.1,325,327,343,345,3,AAG,GAA
X15317.1,157,159,343,345,3,AAG,GAA
X15317.1,250,252,289,291,3,AAG,GAA
X15317.1,105,107,289,291,3,AAG,GAA
X15317.1,136,138,289,291,3,AAG,GAA
X15317.1,118,120,289,291,3,AAG,GAA
X15317.1,115,117,289,291,3,AAG,GAA
X15317.1,157,159,289,291,3,AAG,GAA
X15317.1,310,312,343,345,3,AAG,GAA
X15317.1,310,312,327,329,3,AAG,GAA
X15317.1,139,141,193,195,3,AAG,GAA
X15317.1,139,141,343,345,3,AAG,GAA
X15317.1,17,19,193,195,3,AAG,GAA
X15317.1,17,19,343,345,3,AAG,GAA
X15317.1,17,19,131,133,3,AAG,GAA
X15317.1,271,273,343,345,3,AAG,GAA
X15317.1,81,83,270,272,3,AAG,GAA
X15317.1,133,135,270,272,3,AAG,GAA
X15317.1,14,16,270,272,3,AAG,GAA
X15317.1,17,19,109,111,3,AAG,GAA
X15317.1,17,19,122,124,3,AAG,GAA
X15317.1,250,252,270,272,3,AAG,GAA
X15317.1,105,107,270,272,3,AAG,GAA
X15317.1,115,117,270,272,3,AAG,GAA
X15317.1,157,159,270,272,3,AAG,GAA
X15317.1,105,107,217,219,3,AAG,GAA
X15317.1,310,312,437,439,3,AAG,GAA
X15317.1,250,252,437,439,3,AAG,GAA
X15317.1,105,107,437,439,3,AAG,GAA
X15317.1,139,141,217,219,3,AAG,GAA
X15317.1,17,19,217,219,3,AAG,GAA
X15317.1,136,138,217,219,3,AAG,GAA
X15317.1,118,120,217,219,3,AAG,GAA
X15317.1,139,141,437,439,3,AAG,GAA
X15317.1,17,19,437,439,3,AAG,GAA
X15317.1,271,273,437,439,3,AAG,GAA
X15317.1,136,138,437,439,3,AAG,GAA
X15317.1,118,120,437,439,3,AAG,GAA
X15317.1,328,330,437,439,3,AAG,GAA
X15317.1,115,117,217,219,3,AAG,GAA
X15317.1,157,159,217,219,3,AAG,GAA
X15317.1,115,117,437,439,3,AAG,GAA
X15317.1,325,327,437,439,3,AAG,GAA
X15317.1,157,159,437,439,3,AAG,GAA
X15317.1,242,244,289,291,3,AAG,GAA
X15317.1,242,244,343,345,3,AAG,GAA
X15317.1,242,244,270,272,3,AAG,GAA
X15317.1,242,244,252,254,3,AAG,GAA
X15317.1,242,244,327,329,3,AAG,GAA
X15317.1,242,244,264,266,3,AAG,GAA
X15317.1,265,267,289,291,3,AAG,GAA
X15317.1,265,267,343,345,3,AAG,GAA
X15317.1,253,255,289,291,3,AAG,GAA
X15317.1,253,255,343,345,3,AAG,GAA
X15317.1,81,83,337,339,3,AAG,GAA
X15317.1,292,294,337,339,3,AAG,GAA
X15317.1,133,135,337,339,3,AAG,GAA
X15317.1,14,16,337,339,3,AAG,GAA
X15317.1,310,312,337,339,3,AAG,GAA
X15317.1,250,252,337,339,3,AAG,GAA
X15317.1,105,107,337,339,3,AAG,GAA
X15317.1,139,141,337,339,3,AAG,GAA
X15317.1,17,19,337,339,3,AAG,GAA
X15317.1,271,273,337,339,3,AAG,GAA
X15317.1,136,138,337,339,3,AAG,GAA
X15317.1,118,120,337,339,3,AAG,GAA
X15317.1,328,330,337,339,3,AAG,GAA
X15317.1,220,222,357,359,3,AAT,TAA
X15317.1,220,222,324,326,3,AAT,TAA
X15317.1,338,340,525,527,3,AAT,TAA
X15317.1,338,340,521,523,3,AAT,TAA
X15317.1,338,340,517,519,3,AAT,TAA
X15317.1,338,340,357,359,3,AAT,TAA
X15317.1,148,150,189,191,3,AAT,TAA
X15317.1,148,150,278,280,3,AAT,TAA
X15317.1,148,150,357,359,3,AAT,TAA
X15317.1,148,150,156,158,3,AAT,TAA
X15317.1,148,150,324,326,3,AAT,TAA
X15317.1,93,95,525,527,3,AAT,TAA
X15317.1,93,95,521,523,3,AAT,TAA
X15317.1,93,95,517,519,3,AAT,TAA
X15317.1,93,95,114,116,3,AAT,TAA
X15317.1,93,95,156,158,3,AAT,TAA
X15317.1,93,95,324,326,3,AAT,TAA
X15317.1,93,95,513,515,3,AAT,TAA
X15317.1,338,340,513,515,3,AAT,TAA
X15317.1,58,60,79,81,3,AAT,TAA
X15317.1,58,60,525,527,3,AAT,TAA
X15317.1,58,60,521,523,3,AAT,TAA
X15317.1,58,60,517,519,3,AAT,TAA
X15317.1,58,60,114,116,3,AAT,TAA
X15317.1,58,60,156,158,3,AAT,TAA
X15317.1,58,60,324,326,3,AAT,TAA
X15317.1,148,150,542,544,3,AAT,TAA
X15317.1,220,222,542,544,3,AAT,TAA
X15317.1,523,525,542,544,3,AAT,TAA
X15317.1,519,521,542,544,3,AAT,TAA
X15317.1,515,517,542,544,3,AAT,TAA
X15317.1,148,150,411,413,3,AAT,TAA
X15317.1,220,222,411,413,3,AAT,TAA
X15317.1,412,414,525,527,3,AAT,TAA
X15317.1,412,414,521,523,3,AAT,TAA
X15317.1,412,414,517,519,3,AAT,TAA
X15317.1,93,95,542,544,3,AAT,TAA
X15317.1,93,95,411,413,3,AAT,TAA
X15317.1,338,340,542,544,3,AAT,TAA
X15317.1,338,340,411,413,3,AAT,TAA
X15317.1,85,88,239,242,4,ACAG,GACA
X15317.1,197,199,197,199,3,ACA,ACA
X15317.1,240,242,240,242,3,ACA,ACA
X15317.1,197,199,232,234,3,ACA,ACA
X15317.1,85,87,85,87,3,ACA,ACA
X15317.1,85,87,197,199,3,ACA,ACA
X15317.1,85,87,232,234,3,ACA,ACA
X15317.1,232,234,240,242,3,ACA,ACA
X15317.1,232,234,232,234,3,ACA,ACA
X15317.1,73,75,240,242,3,ACA,ACA
X15317.1,197,199,504,506,3,ACA,ACA
X15317.1,176,178,240,242,3,ACA,ACA
X15317.1,85,87,504,506,3,ACA,ACA
X15317.1,85,87,176,178,3,ACA,ACA
X15317.1,73,75,85,87,3,ACA,ACA
X15317.1,73,75,197,199,3,ACA,ACA
X15317.1,240,242,504,506,3,ACA,ACA
X15317.1,176,178,197,199,3,ACA,ACA
X15317.1,124,127,124,127,4,ACCA,ACCA
X15317.1,191,197,290,296,7,ACGAAAA,AAAAGCA
X15317.1,280,282,294,296,3,ACG,GCA
X15317.1,32,34,248,250,3,ACG,GCA
X15317.1,32,34,91,93,3,ACG,GCA
X15317.1,32,34,83,85,3,ACG,GCA
X15317.1,130,136,130,136,7,AGAAAGA,AGAAAGA
X15317.1,134,140,325,331,7,AGAAGAA,AAGAAGA
X15317.1,116,121,326,331,6,AGAAGA,AGAAGA
X15317.1,116,121,116,121,6,AGAAGA,AGAAGA
X15317.1,326,331,326,331,6,AGAAGA,AGAAGA
X15317.1,137,141,327,331,5,AGAAG,GAAGA
X15317.1,15,19,327,331,5,AGAAG,GAAGA
X15317.1,15,19,117,121,5,AGAAG,GAAGA
X15317.1,251,255,327,331,5,AGAAG,GAAGA
X15317.1,130,133,250,253,4,AGAA,AAGA
X15317.1,121,124,133,136,4,AGAA,AAGA
X15317.1,108,111,133,136,4,AGAA,AAGA
X15317.1,121,124,136,139,4,AGAA,AAGA
X15317.1,108,111,136,139,4,AGAA,AAGA
X15317.1,15,18,105,108,4,AGAA,AAGA
X15317.1,130,133,136,139,4,AGAA,AAGA
X15317.1,130,133,328,331,4,AGAA,AAGA
X15317.1,263,266,325,328,4,AGAA,AAGA
X15317.1,121,124,325,328,4,AGAA,AAGA
X15317.1,108,111,325,328,4,AGAA,AAGA
X15317.1,108,111,115,118,4,AGAA,AAGA
X15317.1,130,133,325,328,4,AGAA,AAGA
X15317.1,134,137,157,160,4,AGAA,AAGA
X15317.1,116,119,157,160,4,AGAA,AAGA
X15317.1,137,140,157,160,4,AGAA,AAGA
X15317.1,15,18,157,160,4,AGAA,AAGA
X15317.1,130,133,157,160,4,AGAA,AAGA
X15317.1,119,124,328,333,6,AGAGAA,AAGAGA
X15317.1,106,111,328,333,6,AGAGAA,AAGAGA
X15317.1,329,333,329,333,5,AGAGA,AGAGA
X15317.1,199,203,329,333,5,AGAGA,AGAGA
X15317.1,119,123,199,203,5,AGAGA,AGAGA
X15317.1,106,110,199,203,5,AGAGA,AGAGA
X15317.1,199,203,199,203,5,AGAGA,AGAGA
X15317.1,134,136,199,201,3,AGA,AGA
X15317.1,116,118,199,201,3,AGA,AGA
X15317.1,137,139,199,201,3,AGA,AGA
X15317.1,15,17,199,201,3,AGA,AGA
X15317.1,134,136,285,287,3,AGA,AGA
X15317.1,116,118,285,287,3,AGA,AGA
X15317.1,137,139,285,287,3,AGA,AGA
X15317.1,15,17,285,287,3,AGA,AGA
X15317.1,251,253,285,287,3,AGA,AGA
X15317.1,130,132,199,201,3,AGA,AGA
X15317.1,130,132,285,287,3,AGA,AGA
X15317.1,134,136,225,227,3,AGA,AGA
X15317.1,116,118,225,227,3,AGA,AGA
X15317.1,137,139,225,227,3,AGA,AGA
X15317.1,15,17,225,227,3,AGA,AGA
X15317.1,121,123,225,227,3,AGA,AGA
X15317.1,108,110,225,227,3,AGA,AGA
X15317.1,119,121,199,201,3,AGA,AGA
X15317.1,119,121,285,287,3,AGA,AGA
X15317.1,119,121,329,331,3,AGA,AGA
X15317.1,119,121,119,121,3,AGA,AGA
X15317.1,119,121,158,160,3,AGA,AGA
X15317.1,108,110,108,110,3,AGA,AGA
X15317.1,106,108,199,201,3,AGA,AGA
X15317.1,106,108,285,287,3,AGA,AGA
X15317.1,106,108,106,108,3,AGA,AGA
X15317.1,106,108,329,331,3,AGA,AGA
X15317.1,106,108,119,121,3,AGA,AGA
X15317.1,106,108,158,160,3,AGA,AGA
X15317.1,121,123,121,123,3,AGA,AGA
X15317.1,108,110,121,123,3,AGA,AGA
X15317.1,329,331,329,331,3,AGA,AGA
X15317.1,158,160,199,201,3,AGA,AGA
X15317.1,158,160,285,287,3,AGA,AGA
X15317.1,158,160,329,331,3,AGA,AGA
X15317.1,158,160,158,160,3,AGA,AGA
X15317.1,121,123,263,265,3,AGA,AGA
X15317.1,108,110,263,265,3,AGA,AGA
X15317.1,263,265,263,265,3,AGA,AGA
X15317.1,119,121,225,227,3,AGA,AGA
X15317.1,106,108,225,227,3,AGA,AGA
X15317.1,158,160,225,227,3,AGA,AGA
X15317.1,130,132,263,265,3,AGA,AGA
X15317.1,199,201,251,253,3,AGA,AGA
X15317.1,199,201,326,328,3,AGA,AGA
X15317.1,285,287,326,328,3,AGA,AGA
X15317.1,199,201,199,201,3,AGA,AGA
X15317.1,199,201,285,287,3,AGA,AGA
X15317.1,199,201,329,331,3,AGA,AGA
X15317.1,285,287,285,287,3,AGA,AGA
X15317.1,285,287,329,331,3,AGA,AGA
X15317.1,199,201,225,227,3,AGA,AGA
X15317.1,134,136,331,333,3,AGA,AGA
X15317.1,116,118,331,333,3,AGA,AGA
X15317.1,326,328,331,333,3,AGA,AGA
X15317.1,137,139,331,333,3,AGA,AGA
X15317.1,15,17,331,333,3,AGA,AGA
X15317.1,251,253,331,333,3,AGA,AGA
X15317.1,134,136,201,203,3,AGA,AGA
X15317.1,116,118,201,203,3,AGA,AGA
X15317.1,137,139,201,203,3,AGA,AGA
X15317.1,15,17,201,203,3,AGA,AGA
X15317.1,121,123,331,333,3,AGA,AGA
X15317.1,108,110,331,333,3,AGA,AGA
X15317.1,263,265,331,333,3,AGA,AGA
X15317.1,121,123,201,203,3,AGA,AGA
X15317.1,108,110,201,203,3,AGA,AGA
X15317.1,121,123,130,132,3,AGA,AGA
X15317.1,108,110,130,132,3,AGA,AGA
X15317.1,130,132,130,132,3,AGA,AGA
X15317.1,225,227,263,265,3,AGA,AGA
X15317.1,225,227,251,253,3,AGA,AGA
X15317.1,225,227,326,328,3,AGA,AGA
X15317.1,225,227,285,287,3,AGA,AGA
X15317.1,225,227,329,331,3,AGA,AGA
X15317.1,225,227,331,333,3,AGA,AGA
X15317.1,225,227,225,227,3,AGA,AGA
X15317.1,201,203,263,265,3,AGA,AGA
X15317.1,201,203,251,253,3,AGA,AGA
X15317.1,201,203,326,328,3,AGA,AGA
X15317.1,331,333,331,333,3,AGA,AGA
X15317.1,201,203,331,333,3,AGA,AGA
X15317.1,201,203,201,203,3,AGA,AGA
X15317.1,201,203,225,227,3,AGA,AGA
X15317.1,296,298,303,305,3,AGC,CGA
X15317.1,82,84,321,323,3,AGC,CGA
X15317.1,293,295,321,323,3,AGC,CGA
X15317.1,82,84,563,565,3,AGC,CGA
X15317.1,293,295,563,565,3,AGC,CGA
X15317.1,296,298,563,565,3,AGC,CGA
X15317.1,77,80,335,338,4,AGTA,ATGA
X15317.1,87,90,215,218,4,AGTC,CTGA
X15317.1,266,269,405,408,4,AGTG,GTGA
X15317.1,71,77,71,77,7,ATACATA,ATACATA
X15317.1,378,381,505,508,4,ATAC,CATA
X15317.1,544,550,544,550,7,ATATATA,ATATATA
X15317.1,496,504,496,504,9,ATATCTATA,ATATCTATA
X15317.1,354,357,501,504,4,ATAT,TATA
X15317.1,227,230,355,358,4,ATAT,TATA
X15317.1,227,230,545,548,4,ATAT,TATA
X15317.1,227,230,547,550,4,ATAT,TATA
X15317.1,506,509,545,548,4,ATAT,TATA
X15317.1,506,509,547,550,4,ATAT,TATA
X15317.1,333,336,355,358,4,ATAT,TATA
X15317.1,333,336,501,504,4,ATAT,TATA
X15317.1,333,336,495,498,4,ATAT,TATA
X15317.1,333,336,545,548,4,ATAT,TATA
X15317.1,333,336,547,550,4,ATAT,TATA
X15317.1,203,206,355,358,4,ATAT,TATA
X15317.1,203,206,501,504,4,ATAT,TATA
X15317.1,203,206,495,498,4,ATAT,TATA
X15317.1,203,206,545,548,4,ATAT,TATA
X15317.1,203,206,547,550,4,ATAT,TATA
X15317.1,333,336,353,356,4,ATAT,TATA
X15317.1,227,230,353,356,4,ATAT,TATA
X15317.1,378,380,524,526,3,ATA,ATA
X15317.1,378,380,520,522,3,ATA,ATA
X15317.1,378,380,516,518,3,ATA,ATA
X15317.1,378,380,544,546,3,ATA,ATA
X15317.1,71,73,524,526,3,ATA,ATA
X15317.1,71,73,520,522,3,ATA,ATA
X15317.1,71,73,516,518,3,ATA,ATA
X15317.1,502,504,524,526,3,ATA,ATA
X15317.1,502,504,520,522,3,ATA,ATA
X15317.1,502,504,516,518,3,ATA,ATA
X15317.1,323,325,506,508,3,ATA,ATA
X15317.1,323,325,323,325,3,ATA,ATA
X15317.1,71,73,323,325,3,ATA,ATA
X15317.1,75,77,524,526,3,ATA,ATA
X15317.1,75,77,520,522,3,ATA,ATA
X15317.1,75,77,516,518,3,ATA,ATA
X15317.1,378,380,378,380,3,ATA,ATA
X15317.1,323,325,378,380,3,ATA,ATA
X15317.1,75,77,75,77,3,ATA,ATA
X15317.1,71,73,378,380,3,ATA,ATA
X15317.1,356,358,378,380,3,ATA,ATA
X15317.1,75,77,506,508,3,ATA,ATA
X15317.1,75,77,544,546,3,ATA,ATA
X15317.1,323,325,333,335,3,ATA,ATA
X15317.1,75,77,356,358,3,ATA,ATA
X15317.1,323,325,356,358,3,ATA,ATA
X15317.1,544,546,544,546,3,ATA,ATA
X15317.1,71,73,356,358,3,ATA,ATA
X15317.1,356,358,356,358,3,ATA,ATA
X15317.1,506,508,524,526,3,ATA,ATA
X15317.1,506,508,520,522,3,ATA,ATA
X15317.1,506,508,516,518,3,ATA,ATA
X15317.1,378,380,502,504,3,ATA,ATA
X15317.1,323,325,502,504,3,ATA,ATA
X15317.1,71,73,71,73,3,ATA,ATA
X15317.1,71,73,502,504,3,ATA,ATA
X15317.1,502,504,502,504,3,ATA,ATA
X15317.1,356,358,502,504,3,ATA,ATA
X15317.1,506,508,506,508,3,ATA,ATA
X15317.1,506,508,544,546,3,ATA,ATA
X15317.1,227,229,323,325,3,ATA,ATA
X15317.1,227,229,524,526,3,ATA,ATA
X15317.1,227,229,520,522,3,ATA,ATA
X15317.1,227,229,516,518,3,ATA,ATA
X15317.1,333,335,524,526,3,ATA,ATA
X15317.1,333,335,520,522,3,ATA,ATA
X15317.1,333,335,516,518,3,ATA,ATA
X15317.1,203,205,323,325,3,ATA,ATA
X15317.1,203,205,524,526,3,ATA,ATA
X15317.1,203,205,520,522,3,ATA,ATA
X15317.1,203,205,516,518,3,ATA,ATA
X15317.1,227,229,378,380,3,ATA,ATA
X15317.1,333,335,378,380,3,ATA,ATA
X15317.1,203,205,378,380,3,ATA,ATA
X15317.1,227,229,227,229,3,ATA,ATA
X15317.1,227,229,333,335,3,ATA,ATA
X15317.1,227,229,506,508,3,ATA,ATA
X15317.1,227,229,544,546,3,ATA,ATA
X15317.1,333,335,333,335,3,ATA,ATA
X15317.1,333,335,506,508,3,ATA,ATA
X15317.1,333,335,544,546,3,ATA,ATA
X15317.1,203,205,227,229,3,ATA,ATA
X15317.1,203,205,333,335,3,ATA,ATA
X15317.1,203,205,203,205,3,ATA,ATA
X15317.1,203,205,506,508,3,ATA,ATA
X15317.1,203,205,544,546,3,ATA,ATA
X15317.1,354,356,524,526,3,ATA,ATA
X15317.1,354,356,520,522,3,ATA,ATA
X15317.1,354,356,516,518,3,ATA,ATA
X15317.1,524,526,546,548,3,ATA,ATA
X15317.1,520,522,546,548,3,ATA,ATA
X15317.1,516,518,546,548,3,ATA,ATA
X15317.1,524,526,548,550,3,ATA,ATA
X15317.1,520,522,548,550,3,ATA,ATA
X15317.1,516,518,548,550,3,ATA,ATA
X15317.1,496,498,524,526,3,ATA,ATA
X15317.1,496,498,520,522,3,ATA,ATA
X15317.1,496,498,516,518,3,ATA,ATA
X15317.1,354,356,378,380,3,ATA,ATA
X15317.1,75,77,546,548,3,ATA,ATA
X15317.1,75,77,548,550,3,ATA,ATA
X15317.1,75,77,496,498,3,ATA,ATA
X15317.1,75,77,354,356,3,ATA,ATA
X15317.1,378,380,546,548,3,ATA,ATA
X15317.1,323,325,546,548,3,ATA,ATA
X15317.1,378,380,548,550,3,ATA,ATA
X15317.1,323,325,548,550,3,ATA,ATA
X15317.1,378,380,496,498,3,ATA,ATA
X15317.1,323,325,496,498,3,ATA,ATA
X15317.1,323,325,354,356,3,ATA,ATA
X15317.1,94,96,535,537,3,ATG,GTA
X15317.1,149,151,535,537,3,ATG,GTA
X15317.1,537,543,537,543,7,ATTATTA,ATTATTA
X15317.1,467,469,512,514,3,ATT,TTA
X15317.1,467,469,541,543,3,ATT,TTA
X15317.1,59,61,300,302,3,ATT,TTA
X15317.1,59,61,372,374,3,ATT,TTA
X15317.1,59,61,538,540,3,ATT,TTA
X15317.1,59,61,450,452,3,ATT,TTA
X15317.1,532,534,538,540,3,ATT,TTA
X15317.1,205,207,512,514,3,ATT,TTA
X15317.1,205,207,541,543,3,ATT,TTA
X15317.1,205,207,300,302,3,ATT,TTA
X15317.1,205,207,372,374,3,ATT,TTA
X15317.1,205,207,410,412,3,ATT,TTA
X15317.1,413,415,538,540,3,ATT,TTA
X15317.1,413,415,450,452,3,ATT,TTA
X15317.1,234,236,512,514,3,ATT,TTA
X15317.1,234,236,541,543,3,ATT,TTA
X15317.1,234,236,372,374,3,ATT,TTA
X15317.1,234,236,352,354,3,ATT,TTA
X15317.1,234,236,538,540,3,ATT,TTA
X15317.1,234,236,450,452,3,ATT,TTA
X15317.1,408,410,512,514,3,ATT,TTA
X15317.1,408,410,541,543,3,ATT,TTA
X15317.1,408,410,538,540,3,ATT,TTA
X15317.1,408,410,450,452,3,ATT,TTA
X15317.1,59,61,447,449,3,ATT,TTA
X15317.1,59,61,553,555,3,ATT,TTA
X15317.1,532,534,553,555,3,ATT,TTA
X15317.1,59,61,578,580,3,ATT,TTA
X15317.1,532,534,578,580,3,ATT,TTA
X15317.1,511,513,553,555,3,ATT,TTA
X15317.1,511,513,578,580,3,ATT,TTA
X15317.1,241,243,439,441,3,CAA,AAC
X15317.1,104,106,196,198,3,CAA,AAC
X15317.1,104,106,439,441,3,CAA,AAC
X15317.1,309,311,439,441,3,CAA,AAC
X15317.1,249,251,439,441,3,CAA,AAC
X15317.1,241,243,358,360,3,CAA,AAC
X15317.1,241,243,279,281,3,CAA,AAC
X15317.1,92,94,196,198,3,CAA,AAC
X15317.1,104,106,358,360,3,CAA,AAC
X15317.1,309,311,358,360,3,CAA,AAC
X15317.1,146,148,358,360,3,CAA,AAC
X15317.1,104,106,190,192,3,CAA,AAC
X15317.1,146,148,190,192,3,CAA,AAC
X15317.1,104,106,279,281,3,CAA,AAC
X15317.1,146,148,279,281,3,CAA,AAC
X15317.1,92,94,110,112,3,CAA,AAC
X15317.1,92,94,123,125,3,CAA,AAC
X15317.1,92,94,439,441,3,CAA,AAC
X15317.1,57,59,196,198,3,CAA,AAC
X15317.1,57,59,110,112,3,CAA,AAC
X15317.1,57,59,123,125,3,CAA,AAC
X15317.1,84,86,126,128,3,CAC,CAC
X15317.1,84,86,363,365,3,CAC,CAC
X15317.1,84,86,231,233,3,CAC,CAC
X15317.1,99,101,231,233,3,CAC,CAC
X15317.1,231,233,231,233,3,CAC,CAC
X15317.1,84,86,99,101,3,CAC,CAC
X15317.1,126,128,126,128,3,CAC,CAC
X15317.1,126,128,363,365,3,CAC,CAC
X15317.1,99,101,99,101,3,CAC,CAC
X15317.1,363,365,363,365,3,CAC,CAC
X15317.1,84,86,84,86,3,CAC,CAC
X15317.1,224,226,239,241,3,CAG,GAC
X15317.1,86,88,142,144,3,CAG,GAC
X15317.1,233,236,300,303,4,CATT,TTAC
X15317.1,74,76,481,483,3,CAT,TAC
X15317.1,177,179,481,483,3,CAT,TAC
X15317.1,177,179,379,381,3,CAT,TAC
X15317.1,233,235,481,483,3,CAT,TAC
X15317.1,233,235,379,381,3,CAT,TAC
X15317.1,177,179,301,303,3,CAT,TAC
X15317.1,74,76,301,303,3,CAT,TAC
X15317.1,103,113,103,113,11,CCAAGAGAACC,CCAAGAGAACC
X15317.1,103,111,118,126,9,CCAAGAGAA,AAGAGAACC
X15317.1,112,117,337,342,6,CCTAAG,GAATCC
X15317.1,154,159,337,342,6,CCTAAG,GAATCC
X15317.1,487,493,569,575,7,CCTTTTT,TTTTTCC
X15317.1,192,194,587,589,3,CGA,AGC
X15317.1,192,194,296,298,3,CGA,AGC
X15317.1,303,305,587,589,3,CGA,AGC
X15317.1,563,565,587,589,3,CGA,AGC
X15317.1,90,95,357,362,6,CGCAAT,TAACGC
X15317.1,90,95,278,283,6,CGCAAT,TAACGC
X15317.1,360,362,360,362,3,CGC,CGC
X15317.1,281,283,360,362,3,CGC,CGC
X15317.1,281,283,281,283,3,CGC,CGC
X15317.1,90,92,171,173,3,CGC,CGC
X15317.1,90,92,390,392,3,CGC,CGC
X15317.1,90,92,90,92,3,CGC,CGC
X15317.1,186,188,360,362,3,CGC,CGC
X15317.1,186,188,281,283,3,CGC,CGC
X15317.1,171,173,186,188,3,CGC,CGC
X15317.1,186,188,390,392,3,CGC,CGC
X15317.1,390,392,390,392,3,CGC,CGC
X15317.1,246,249,246,249,4,CGGC,CGGC
X15317.1,246,248,312,314,3,CGG,GGC
X15317.1,246,248,318,320,3,CGG,GGC
X15317.1,246,248,306,308,3,CGG,GGC
X15317.1,392,395,442,445,4,CGTT,TTGC
X15317.1,392,394,583,585,3,CGT,TGC
X15317.1,33,35,443,445,3,CGT,TGC
X15317.1,33,35,53,55,3,CGT,TGC
X15317.1,211,213,583,585,3,CGT,TGC
X15317.1,33,35,150,152,3,CGT,TGC
X15317.1,33,35,484,486,3,CGT,TGC
X15317.1,392,394,484,486,3,CGT,TGC
X15317.1,211,213,484,486,3,CGT,TGC
X15317.1,6,8,6,8,3,CNC,CNC
X15317.1,454,460,454,460,7,CTCTCTC,CTCTCTC
X15317.1,471,480,471,480,10,CTCTTTTCTC,CTCTTTTCTC
X15317.1,22,28,395,401,7,CTGTTTT,TTTTGTC
X15317.1,371,374,467,470,4,CTTA,ATTC
X15317.1,381,384,381,384,4,CTTC,CTTC
X15317.1,488,494,488,494,7,CTTTTTC,CTTTTTC
X15317.1,431,437,568,574,7,CTTTTTG,GTTTTTC
X15317.1,417,421,570,574,5,CTTTT,TTTTC
X15317.1,473,477,570,574,5,CTTTT,TTTTC
X15317.1,445,448,462,465,4,CTTT,TTTC
X15317.1,365,368,462,465,4,CTTT,TTTC
X15317.1,365,368,414,417,4,CTTT,TTTC
X15317.1,164,167,462,465,4,CTTT,TTTC
X15317.1,164,167,414,417,4,CTTT,TTTC
X15317.1,365,368,419,422,4,CTTT,TTTC
X15317.1,365,368,571,574,4,CTTT,TTTC
X15317.1,164,167,419,422,4,CTTT,TTTC
X15317.1,164,167,571,574,4,CTTT,TTTC
X15317.1,445,448,571,574,4,CTTT,TTTC
X15317.1,365,368,475,478,4,CTTT,TTTC
X15317.1,365,368,491,494,4,CTTT,TTTC
X15317.1,461,464,475,478,4,CTTT,TTTC
X15317.1,461,464,491,494,4,CTTT,TTTC
X15317.1,164,167,475,478,4,CTTT,TTTC
X15317.1,445,448,475,478,4,CTTT,TTTC
X15317.1,164,167,491,494,4,CTTT,TTTC
X15317.1,445,448,491,494,4,CTTT,TTTC
X15317.1,381,383,468,470,3,CTT,TTC
X15317.1,371,373,382,384,3,CTT,TTC
X15317.1,441,443,468,470,3,CTT,TTC
X15317.1,381,383,429,431,3,CTT,TTC
X15317.1,299,301,429,431,3,CTT,TTC
X15317.1,425,427,468,470,3,CTT,TTC
X15317.1,371,373,429,431,3,CTT,TTC
X15317.1,365,367,382,384,3,CTT,TTC
X15317.1,365,367,468,470,3,CTT,TTC
X15317.1,365,367,429,431,3,CTT,TTC
X15317.1,381,383,420,422,3,CTT,TTC
X15317.1,441,443,572,574,3,CTT,TTC
X15317.1,381,383,572,574,3,CTT,TTC
X15317.1,371,373,420,422,3,CTT,TTC
X15317.1,371,373,572,574,3,CTT,TTC
X15317.1,425,427,572,574,3,CTT,TTC
X15317.1,445,447,468,470,3,CTT,TTC
X15317.1,164,166,382,384,3,CTT,TTC
X15317.1,164,166,468,470,3,CTT,TTC
X15317.1,164,166,213,215,3,CTT,TTC
X15317.1,164,166,429,431,3,CTT,TTC
X15317.1,381,383,415,417,3,CTT,TTC
X15317.1,441,443,463,465,3,CTT,TTC
X15317.1,381,383,463,465,3,CTT,TTC
X15317.1,441,443,476,478,3,CTT,TTC
X15317.1,381,383,476,478,3,CTT,TTC
X15317.1,441,443,492,494,3,CTT,TTC
X15317.1,381,383,492,494,3,CTT,TTC
X15317.1,299,301,415,417,3,CTT,TTC
X15317.1,299,301,463,465,3,CTT,TTC
X15317.1,417,419,468,470,3,CTT,TTC
X15317.1,299,301,476,478,3,CTT,TTC
X15317.1,299,301,492,494,3,CTT,TTC
X15317.1,431,433,468,470,3,CTT,TTC
X15317.1,371,373,415,417,3,CTT,TTC
X15317.1,371,373,463,465,3,CTT,TTC
X15317.1,371,373,476,478,3,CTT,TTC
X15317.1,371,373,492,494,3,CTT,TTC
X15317.1,289,294,289,294,6,GAAAAG,GAAAAG
X15317.1,343,348,343,348,6,GAAAAG,GAAAAG
X15317.1,131,134,291,294,4,GAAA,AAAG
X15317.1,131,134,345,348,4,GAAA,AAAG
X15317.1,135,141,135,141,7,GAAGAAG,GAAGAAG
X15317.1,135,140,250,255,6,GAAGAA,AAGAAG
X15317.1,117,122,262,267,6,GAAGAG,GAGAAG
X15317.1,117,121,137,141,5,GAAGA,AGAAG
X15317.1,117,121,251,255,5,GAAGA,AGAAG
X15317.1,135,139,263,267,5,GAAGA,AGAAG
X15317.1,122,124,292,294,3,GAA,AAG
X15317.1,109,111,292,294,3,GAA,AAG
X15317.1,193,195,250,252,3,GAA,AAG
X15317.1,122,124,346,348,3,GAA,AAG
X15317.1,109,111,346,348,3,GAA,AAG
X15317.1,217,219,250,252,3,GAA,AAG
X15317.1,131,133,310,312,3,GAA,AAG
X15317.1,193,195,310,312,3,GAA,AAG
X15317.1,217,219,310,312,3,GAA,AAG
X15317.1,131,133,242,244,3,GAA,AAG
X15317.1,193,195,242,244,3,GAA,AAG
X15317.1,135,137,292,294,3,GAA,AAG
X15317.1,193,195,328,330,3,GAA,AAG
X15317.1,117,119,292,294,3,GAA,AAG
X15317.1,138,140,292,294,3,GAA,AAG
X15317.1,16,18,292,294,3,GAA,AAG
X15317.1,16,18,81,83,3,GAA,AAG
X15317.1,264,266,292,294,3,GAA,AAG
X15317.1,252,254,292,294,3,GAA,AAG
X15317.1,135,137,310,312,3,GAA,AAG
X15317.1,135,137,346,348,3,GAA,AAG
X15317.1,289,291,328,330,3,GAA,AAG
X15317.1,117,119,310,312,3,GAA,AAG
X15317.1,117,119,346,348,3,GAA,AAG
X15317.1,327,329,346,348,3,GAA,AAG
X15317.1,138,140,310,312,3,GAA,AAG
X15317.1,138,140,346,348,3,GAA,AAG
X15317.1,16,18,310,312,3,GAA,AAG
X15317.1,16,18,346,348,3,GAA,AAG
X15317.1,264,266,310,312,3,GAA,AAG
X15317.1,264,266,346,348,3,GAA,AAG
X15317.1,252,254,310,312,3,GAA,AAG
X15317.1,252,254,346,348,3,GAA,AAG
X15317.1,135,137,242,244,3,GAA,AAG
X15317.1,217,219,328,330,3,GAA,AAG
X15317.1,117,119,242,244,3,GAA,AAG
X15317.1,138,140,242,244,3,GAA,AAG
X15317.1,16,18,242,244,3,GAA,AAG
X15317.1,122,124,139,141,3,GAA,AAG
X15317.1,109,111,139,141,3,GAA,AAG
X15317.1,131,133,139,141,3,GAA,AAG
X15317.1,122,124,271,273,3,GAA,AAG
X15317.1,109,111,271,273,3,GAA,AAG
X15317.1,131,133,271,273,3,GAA,AAG
X15317.1,270,272,292,294,3,GAA,AAG
X15317.1,193,195,271,273,3,GAA,AAG
X15317.1,217,219,271,273,3,GAA,AAG
X15317.1,122,124,253,255,3,GAA,AAG
X15317.1,109,111,253,255,3,GAA,AAG
X15317.1,131,133,253,255,3,GAA,AAG
X15317.1,122,124,265,267,3,GAA,AAG
X15317.1,109,111,265,267,3,GAA,AAG
X15317.1,131,133,265,267,3,GAA,AAG
X15317.1,193,195,253,255,3,GAA,AAG
X15317.1,193,195,265,267,3,GAA,AAG
X15317.1,193,195,325,327,3,GAA,AAG
X15317.1,270,272,325,327,3,GAA,AAG
X15317.1,289,291,325,327,3,GAA,AAG
X15317.1,217,219,325,327,3,GAA,AAG
X15317.1,337,339,346,348,3,GAA,AAG
X15317.1,31,34,294,297,4,GACG,GCAG
X15317.1,239,241,284,286,3,GAC,CAG
X15317.1,239,241,586,588,3,GAC,CAG
X15317.1,142,144,198,200,3,GAC,CAG
X15317.1,142,144,295,297,3,GAC,CAG
X15317.1,239,241,295,297,3,GAC,CAG
X15317.1,31,33,284,286,3,GAC,CAG
X15317.1,31,33,224,226,3,GAC,CAG
X15317.1,31,33,198,200,3,GAC,CAG
X15317.1,31,33,586,588,3,GAC,CAG
X15317.1,31,33,86,88,3,GAC,CAG
X15317.1,20,22,284,286,3,GAC,CAG
X15317.1,20,22,224,226,3,GAC,CAG
X15317.1,20,22,198,200,3,GAC,CAG
X15317.1,20,22,295,297,3,GAC,CAG
X15317.1,20,22,586,588,3,GAC,CAG
X15317.1,20,22,86,88,3,GAC,CAG
X15317.1,62,64,284,286,3,GAC,CAG
X15317.1,62,64,224,226,3,GAC,CAG
X15317.1,62,64,198,200,3,GAC,CAG
X15317.1,62,64,295,297,3,GAC,CAG
X15317.1,62,64,586,588,3,GAC,CAG
X15317.1,62,64,316,318,3,GAC,CAG
X15317.1,262,267,327,332,6,GAGAAG,GAAGAG
X15317.1,286,295,342,351,10,GAGGAAAAGC,CGAAAAGGAG
X15317.1,120,122,304,306,3,GAG,GAG
X15317.1,107,109,304,306,3,GAG,GAG
X15317.1,200,202,304,306,3,GAG,GAG
X15317.1,262,264,304,306,3,GAG,GAG
X15317.1,120,122,564,566,3,GAG,GAG
X15317.1,107,109,564,566,3,GAG,GAG
X15317.1,330,332,564,566,3,GAG,GAG
X15317.1,200,202,564,566,3,GAG,GAG
X15317.1,286,288,304,306,3,GAG,GAG
X15317.1,286,288,286,288,3,GAG,GAG
X15317.1,159,161,304,306,3,GAG,GAG
X15317.1,159,161,159,161,3,GAG,GAG
X15317.1,159,161,286,288,3,GAG,GAG
X15317.1,286,288,564,566,3,GAG,GAG
X15317.1,159,161,564,566,3,GAG,GAG
X15317.1,304,306,330,332,3,GAG,GAG
X15317.1,304,306,304,306,3,GAG,GAG
X15317.1,304,306,564,566,3,GAG,GAG
X15317.1,120,122,349,351,3,GAG,GAG
X15317.1,107,109,349,351,3,GAG,GAG
X15317.1,330,332,349,351,3,GAG,GAG
X15317.1,200,202,349,351,3,GAG,GAG
X15317.1,262,264,262,264,3,GAG,GAG
X15317.1,564,566,564,566,3,GAG,GAG
X15317.1,349,351,349,351,3,GAG,GAG
X15317.1,349,351,564,566,3,GAG,GAG
X15317.1,226,228,373,375,3,GAT,TAG
X15317.1,332,334,373,375,3,GAT,TAG
X15317.1,202,204,373,375,3,GAT,TAG
X15317.1,322,324,373,375,3,GAT,TAG
X15317.1,294,296,359,361,3,GCA,ACG
X15317.1,83,85,359,361,3,GCA,ACG
X15317.1,83,85,280,282,3,GCA,ACG
X15317.1,91,93,302,304,3,GCA,ACG
X15317.1,248,250,302,304,3,GCA,ACG
X15317.1,391,393,391,393,3,GCG,GCG
X15317.1,187,190,561,564,4,GCTA,ATCG
X15317.1,274,276,562,564,3,GCT,TCG
X15317.1,54,56,562,564,3,GCT,TCG
X15317.1,54,56,89,91,3,GCT,TCG
X15317.1,187,189,245,247,3,GCT,TCG
X15317.1,54,56,245,247,3,GCT,TCG
X15317.1,54,56,185,187,3,GCT,TCG
X15317.1,370,372,562,564,3,GCT,TCG
X15317.1,163,165,562,564,3,GCT,TCG
X15317.1,444,446,562,564,3,GCT,TCG
X15317.1,187,189,210,212,3,GCT,TCG
X15317.1,29,31,29,31,3,GGG,GGG
X15317.1,258,260,375,377,3,GGG,GGG
X15317.1,161,163,161,163,3,GGG,GGG
X15317.1,161,163,258,260,3,GGG,GGG
X15317.1,1,4,94,97,4,GGTA,ATGG
X15317.1,78,81,93,96,4,GTAA,AATG
X15317.1,2,5,177,180,4,GTAC,CATG
X15317.1,2,4,149,151,3,GTA,ATG
X15317.1,78,80,178,180,3,GTA,ATG
X15317.1,2,4,508,510,3,GTA,ATG
X15317.1,2,4,335,337,3,GTA,ATG
X15317.1,78,80,580,582,3,GTA,ATG
X15317.1,2,4,580,582,3,GTA,ATG
X15317.1,351,354,532,535,4,GTTA,ATTG
X15317.1,255,258,255,258,4,GTTG,GTTG
X15317.1,180,186,431,437,7,GTTTTTC,CTTTTTG
X15317.1,48,55,392,399,8,GTTTTTGC,CGTTTTTG
X15317.1,48,54,48,54,7,GTTTTTG,GTTTTTG
X15317.1,393,399,393,399,7,GTTTTTG,GTTTTTG
X15317.1,393,398,432,437,6,GTTTTT,TTTTTG
X15317.1,48,53,432,437,6,GTTTTT,TTTTTG
X15317.1,36,41,432,437,6,GTTTTT,TTTTTG
X15317.1,36,41,49,54,6,GTTTTT,TTTTTG
X15317.1,24,28,433,437,5,GTTTT,TTTTG
X15317.1,24,28,50,54,5,GTTTT,TTTTG
X15317.1,351,353,442,444,3,GTT,TTG
X15317.1,10,12,442,444,3,GTT,TTG
X15317.1,212,214,533,535,3,GTT,TTG
X15317.1,351,353,426,428,3,GTT,TTG
X15317.1,255,257,442,444,3,GTT,TTG
X15317.1,255,257,426,428,3,GTT,TTG
X15317.1,255,257,533,535,3,GTT,TTG
X15317.1,212,214,256,258,3,GTT,TTG
X15317.1,208,210,256,258,3,GTT,TTG
X15317.1,10,12,256,258,3,GTT,TTG
X15317.1,212,214,435,437,3,GTT,TTG
X15317.1,208,210,435,437,3,GTT,TTG
X15317.1,428,430,435,437,3,GTT,TTG
X15317.1,10,12,435,437,3,GTT,TTG
X15317.1,10,12,52,54,3,GTT,TTG
X15317.1,393,395,426,428,3,GTT,TTG
X15317.1,393,395,533,535,3,GTT,TTG
X15317.1,255,257,367,369,3,GTT,TTG
X15317.1,351,353,367,369,3,GTT,TTG
X15317.1,212,214,236,238,3,GTT,TTG
X15317.1,212,214,367,369,3,GTT,TTG
X15317.1,208,210,236,238,3,GTT,TTG
X15317.1,10,12,236,238,3,GTT,TTG
X15317.1,208,210,367,369,3,GTT,TTG
X15317.1,10,12,367,369,3,GTT,TTG
X15317.1,10,12,27,29,3,GTT,TTG
X15317.1,48,50,60,62,3,GTT,TTG
X15317.1,48,50,442,444,3,GTT,TTG
X15317.1,48,50,256,258,3,GTT,TTG
X15317.1,48,50,426,428,3,GTT,TTG
X15317.1,48,50,533,535,3,GTT,TTG
X15317.1,48,50,206,208,3,GTT,TTG
X15317.1,24,26,60,62,3,GTT,TTG
X15317.1,255,257,397,399,3,GTT,TTG
X15317.1,351,353,397,399,3,GTT,TTG
X15317.1,36,38,60,62,3,GTT,TTG
X15317.1,24,26,442,444,3,GTT,TTG
X15317.1,180,182,442,444,3,GTT,TTG
X15317.1,212,214,397,399,3,GTT,TTG
X15317.1,36,38,442,444,3,GTT,TTG
X15317.1,24,26,256,258,3,GTT,TTG
X15317.1,180,182,256,258,3,GTT,TTG
X15317.1,36,38,256,258,3,GTT,TTG
X15317.1,525,533,525,533,9,TAAAAAAAT,TAAAAAAAT
X15317.1,513,525,513,525,13,TAAATAAATAAAT,TAAATAAATAAAT
X15317.1,513,521,513,521,9,TAAATAAAT,TAAATAAAT
X15317.1,79,82,219,222,4,TAAA,AAAT
X15317.1,79,82,530,533,4,TAAA,AAAT
X15317.1,12,15,219,222,4,TAAA,AAAT
X15317.1,79,82,522,525,4,TAAA,AAAT
X15317.1,79,82,518,521,4,TAAA,AAAT
X15317.1,79,82,514,517,4,TAAA,AAAT
X15317.1,521,524,530,533,4,TAAA,AAAT
X15317.1,517,520,530,533,4,TAAA,AAAT
X15317.1,12,15,522,525,4,TAAA,AAAT
X15317.1,12,15,518,521,4,TAAA,AAAT
X15317.1,12,15,514,517,4,TAAA,AAAT
X15317.1,12,15,147,150,4,TAAA,AAAT
X15317.1,324,327,337,340,4,TAAG,GAAT
X15317.1,542,545,542,545,4,TAAT,TAAT
X15317.1,357,359,531,533,3,TAA,AAT
X15317.1,189,191,523,525,3,TAA,AAT
X15317.1,189,191,519,521,3,TAA,AAT
X15317.1,189,191,515,517,3,TAA,AAT
X15317.1,278,280,523,525,3,TAA,AAT
X15317.1,278,280,519,521,3,TAA,AAT
X15317.1,278,280,515,517,3,TAA,AAT
X15317.1,189,191,531,533,3,TAA,AAT
X15317.1,278,280,531,533,3,TAA,AAT
X15317.1,12,14,93,95,3,TAA,AAT
X15317.1,324,326,531,533,3,TAA,AAT
X15317.1,114,116,523,525,3,TAA,AAT
X15317.1,114,116,519,521,3,TAA,AAT
X15317.1,114,116,515,517,3,TAA,AAT
X15317.1,156,158,523,525,3,TAA,AAT
X15317.1,156,158,519,521,3,TAA,AAT
X15317.1,156,158,515,517,3,TAA,AAT
X15317.1,114,116,148,150,3,TAA,AAT
X15317.1,79,81,338,340,3,TAA,AAT
X15317.1,114,116,531,533,3,TAA,AAT
X15317.1,156,158,531,533,3,TAA,AAT
X15317.1,12,14,338,340,3,TAA,AAT
X15317.1,114,116,543,545,3,TAA,AAT
X15317.1,156,158,543,545,3,TAA,AAT
X15317.1,189,191,543,545,3,TAA,AAT
X15317.1,278,280,543,545,3,TAA,AAT
X15317.1,79,81,543,545,3,TAA,AAT
X15317.1,12,14,543,545,3,TAA,AAT
X15317.1,513,515,543,545,3,TAA,AAT
X15317.1,324,326,412,414,3,TAA,AAT
X15317.1,357,359,412,414,3,TAA,AAT
X15317.1,411,413,523,525,3,TAA,AAT
X15317.1,411,413,519,521,3,TAA,AAT
X15317.1,411,413,515,517,3,TAA,AAT
X15317.1,114,116,412,414,3,TAA,AAT
X15317.1,156,158,412,414,3,TAA,AAT
X15317.1,189,191,412,414,3,TAA,AAT
X15317.1,278,280,412,414,3,TAA,AAT
X15317.1,79,81,412,414,3,TAA,AAT
X15317.1,65,67,74,76,3,TAC,CAT
X15317.1,65,67,505,507,3,TAC,CAT
X15317.1,65,67,177,179,3,TAC,CAT
X15317.1,65,67,233,235,3,TAC,CAT
X15317.1,3,5,74,76,3,TAC,CAT
X15317.1,3,5,505,507,3,TAC,CAT
X15317.1,3,5,233,235,3,TAC,CAT
X15317.1,72,74,560,562,3,TAC,CAT
X15317.1,503,505,560,562,3,TAC,CAT
X15317.1,72,74,557,559,3,TAC,CAT
X15317.1,503,505,557,559,3,TAC,CAT
X15317.1,481,483,505,507,3,TAC,CAT
X15317.1,3,5,560,562,3,TAC,CAT
X15317.1,3,5,557,559,3,TAC,CAT
X15317.1,301,303,505,507,3,TAC,CAT
X15317.1,301,303,560,562,3,TAC,CAT
X15317.1,301,303,557,559,3,TAC,CAT
X15317.1,373,379,373,379,7,TAGGGAT,TAGGGAT
X15317.1,76,79,406,409,4,TAGT,TGAT
X15317.1,129,131,377,379,3,TAG,GAT
X15317.1,129,131,510,512,3,TAG,GAT
X15317.1,129,131,407,409,3,TAG,GAT
X15317.1,129,131,322,324,3,TAG,GAT
X15317.1,501,509,501,509,9,TATACATAT,TATACATAT
X15317.1,70,77,502,509,8,TATACATA,ATACATAT
X15317.1,353,359,543,549,7,TATATAA,AATATAT
X15317.1,545,551,545,551,7,TATATAT,TATATAT
X15317.1,495,499,545,549,5,TATAT,TATAT
X15317.1,495,499,547,551,5,TATAT,TATAT
X15317.1,353,357,495,499,5,TATAT,TATAT
X15317.1,353,357,353,357,5,TATAT,TATAT
X15317.1,547,551,547,551,5,TATAT,TATAT
X15317.1,70,73,544,547,4,TATA,ATAT
X15317.1,501,504,544,547,4,TATA,ATAT
X15317.1,355,358,506,509,4,TATA,ATAT
X15317.1,70,73,333,336,4,TATA,ATAT
X15317.1,70,73,203,206,4,TATA,ATAT
X15317.1,70,73,546,549,4,TATA,ATAT
X15317.1,501,504,546,549,4,TATA,ATAT
X15317.1,70,73,354,357,4,TATA,ATAT
X15317.1,495,498,544,547,4,TATA,ATAT
X15317.1,355,358,496,499,4,TATA,ATAT
X15317.1,495,498,506,509,4,TATA,ATAT
X15317.1,353,356,544,547,4,TATA,ATAT
X15317.1,355,358,548,551,4,TATA,ATAT
X15317.1,70,73,548,551,4,TATA,ATAT
X15317.1,501,504,548,551,4,TATA,ATAT
X15317.1,353,356,506,509,4,TATA,ATAT
X15317.1,448,453,448,453,6,TATTAT,TATTAT
X15317.1,536,541,536,541,6,TATTAT,TATTAT
X15317.1,549,556,549,556,8,TATTTTAT,TATTTTAT
X15317.1,204,207,450,453,4,TATT,TTAT
X15317.1,204,207,538,541,4,TATT,TTAT
X15317.1,204,207,553,556,4,TATT,TTAT
X15317.1,536,539,553,556,4,TATT,TTAT
X15317.1,539,542,553,556,4,TATT,TTAT
X15317.1,448,451,553,556,4,TATT,TTAT
X15317.1,204,207,578,581,4,TATT,TTAT
X15317.1,539,542,578,581,4,TATT,TTAT
X15317.1,448,451,578,581,4,TATT,TTAT
X15317.1,204,207,447,450,4,TATT,TTAT
X15317.1,466,469,578,581,4,TATT,TTAT
X15317.1,466,469,538,541,4,TATT,TTAT
X15317.1,228,230,228,230,3,TAT,TAT
X15317.1,228,230,497,499,3,TAT,TAT
X15317.1,70,72,70,72,3,TAT,TAT
X15317.1,497,499,497,499,3,TAT,TAT
X15317.1,70,72,501,503,3,TAT,TAT
X15317.1,501,503,501,503,3,TAT,TAT
X15317.1,495,497,501,503,3,TAT,TAT
X15317.1,70,72,495,497,3,TAT,TAT
X15317.1,495,497,495,497,3,TAT,TAT
X15317.1,228,230,507,509,3,TAT,TAT
X15317.1,228,230,334,336,3,TAT,TAT
X15317.1,497,499,507,509,3,TAT,TAT
X15317.1,228,230,549,551,3,TAT,TAT
X15317.1,497,499,549,551,3,TAT,TAT
X15317.1,353,355,501,503,3,TAT,TAT
X15317.1,353,355,495,497,3,TAT,TAT
X15317.1,451,453,545,547,3,TAT,TAT
X15317.1,451,453,547,549,3,TAT,TAT
X15317.1,355,357,466,468,3,TAT,TAT
X15317.1,451,453,497,499,3,TAT,TAT
X15317.1,70,72,466,468,3,TAT,TAT
X15317.1,451,453,507,509,3,TAT,TAT
X15317.1,334,336,497,499,3,TAT,TAT
X15317.1,334,336,507,509,3,TAT,TAT
X15317.1,334,336,334,336,3,TAT,TAT
X15317.1,507,509,507,509,3,TAT,TAT
X15317.1,334,336,466,468,3,TAT,TAT
X15317.1,334,336,549,551,3,TAT,TAT
X15317.1,507,509,549,551,3,TAT,TAT
X15317.1,228,230,536,538,3,TAT,TAT
X15317.1,497,499,536,538,3,TAT,TAT
X15317.1,355,357,536,538,3,TAT,TAT
X15317.1,70,72,536,538,3,TAT,TAT
X15317.1,501,503,536,538,3,TAT,TAT
X15317.1,495,497,536,538,3,TAT,TAT
X15317.1,70,72,353,355,3,TAT,TAT
X15317.1,204,206,228,230,3,TAT,TAT
X15317.1,204,206,497,499,3,TAT,TAT
X15317.1,204,206,507,509,3,TAT,TAT
X15317.1,204,206,334,336,3,TAT,TAT
X15317.1,353,355,353,355,3,TAT,TAT
X15317.1,204,206,536,538,3,TAT,TAT
X15317.1,204,206,466,468,3,TAT,TAT
X15317.1,204,206,204,206,3,TAT,TAT
X15317.1,204,206,549,551,3,TAT,TAT
X15317.1,549,551,549,551,3,TAT,TAT
X15317.1,334,336,451,453,3,TAT,TAT
X15317.1,228,230,451,453,3,TAT,TAT
X15317.1,355,357,451,453,3,TAT,TAT
X15317.1,466,468,501,503,3,TAT,TAT
X15317.1,466,468,495,497,3,TAT,TAT
X15317.1,466,468,545,547,3,TAT,TAT
X15317.1,466,468,547,549,3,TAT,TAT
X15317.1,334,336,554,556,3,TAT,TAT
X15317.1,507,509,554,556,3,TAT,TAT
X15317.1,228,230,554,556,3,TAT,TAT
X15317.1,497,499,554,556,3,TAT,TAT
X15317.1,355,357,554,556,3,TAT,TAT
X15317.1,545,547,554,556,3,TAT,TAT
X15317.1,547,549,554,556,3,TAT,TAT
X15317.1,466,468,507,509,3,TAT,TAT
X15317.1,451,453,451,453,3,TAT,TAT
X15317.1,353,355,451,453,3,TAT,TAT
X15317.1,466,468,536,538,3,TAT,TAT
X15317.1,466,468,466,468,3,TAT,TAT
X15317.1,466,468,549,551,3,TAT,TAT
X15317.1,554,556,554,556,3,TAT,TAT
X15317.1,451,453,554,556,3,TAT,TAT
X15317.1,353,355,554,556,3,TAT,TAT
X15317.1,536,538,545,547,3,TAT,TAT
X15317.1,536,538,547,549,3,TAT,TAT
X15317.1,334,336,579,581,3,TAT,TAT
X15317.1,507,509,579,581,3,TAT,TAT
X15317.1,228,230,579,581,3,TAT,TAT
X15317.1,497,499,579,581,3,TAT,TAT
X15317.1,355,357,579,581,3,TAT,TAT
X15317.1,545,547,579,581,3,TAT,TAT
X15317.1,547,549,579,581,3,TAT,TAT
X15317.1,70,72,579,581,3,TAT,TAT
X15317.1,501,503,579,581,3,TAT,TAT
X15317.1,495,497,579,581,3,TAT,TAT
X15317.1,536,538,536,538,3,TAT,TAT
X15317.1,536,538,549,551,3,TAT,TAT
X15317.1,579,581,579,581,3,TAT,TAT
X15317.1,554,556,579,581,3,TAT,TAT
X15317.1,451,453,579,581,3,TAT,TAT
X15317.1,353,355,579,581,3,TAT,TAT
X15317.1,539,541,545,547,3,TAT,TAT
X15317.1,539,541,547,549,3,TAT,TAT
X15317.1,448,450,501,503,3,TAT,TAT
X15317.1,448,450,495,497,3,TAT,TAT
X15317.1,448,450,545,547,3,TAT,TAT
X15317.1,448,450,547,549,3,TAT,TAT
X15317.1,334,336,539,541,3,TAT,TAT
X15317.1,507,509,539,541,3,TAT,TAT
X15317.1,228,230,539,541,3,TAT,TAT
X15317.1,497,499,539,541,3,TAT,TAT
X15317.1,355,357,539,541,3,TAT,TAT
X15317.1,334,336,448,450,3,TAT,TAT
X15317.1,228,230,448,450,3,TAT,TAT
X15317.1,355,357,448,450,3,TAT,TAT
X15317.1,448,450,497,499,3,TAT,TAT
X15317.1,70,72,539,541,3,TAT,TAT
X15317.1,501,503,539,541,3,TAT,TAT
X15317.1,495,497,539,541,3,TAT,TAT
X15317.1,70,72,448,450,3,TAT,TAT
X15317.1,448,450,507,509,3,TAT,TAT
X15317.1,56,59,439,442,4,TCAA,AACT
X15317.1,230,233,363,366,4,TCAC,CACT
X15317.1,169,175,169,175,7,TCCGCCT,TCCGCCT
X15317.1,169,172,297,300,4,TCCG,GCCT
X15317.1,459,464,571,576,6,TCCTTT,TTTCCT
X15317.1,89,92,186,189,4,TCGC,CGCT
X15317.1,89,91,274,276,3,TCG,GCT
X15317.1,185,187,274,276,3,TCG,GCT
X15317.1,89,91,163,165,3,TCG,GCT
X15317.1,89,91,370,372,3,TCG,GCT
X15317.1,210,212,274,276,3,TCG,GCT
X15317.1,245,247,444,446,3,TCG,GCT
X15317.1,89,91,444,446,3,TCG,GCT
X15317.1,493,501,493,501,9,TCTATATCT,TCTATATCT
X15317.1,457,463,468,474,7,TCTCCTT,TTCCTCT
X15317.1,453,459,453,459,7,TCTCTCT,TCTCTCT
X15317.1,214,217,399,402,4,TCTG,GTCT
X15317.1,424,432,424,432,9,TCTTGTTCT,TCTTGTTCT
X15317.1,416,422,473,479,7,TCTTTTC,CTTTTCT
X15317.1,430,436,489,495,7,TCTTTTT,TTTTTCT
X15317.1,472,477,490,495,6,TCTTTT,TTTTCT
X15317.1,416,421,490,495,6,TCTTTT,TTTTCT
X15317.1,430,435,474,479,6,TCTTTT,TTTTCT
X15317.1,276,278,276,278,3,TCT,TCT
X15317.1,453,455,453,455,3,TCT,TCT
X15317.1,276,278,479,481,3,TCT,TCT
X15317.1,479,481,479,481,3,TCT,TCT
X15317.1,464,466,479,481,3,TCT,TCT
X15317.1,457,459,499,501,3,TCT,TCT
X15317.1,455,457,499,501,3,TCT,TCT
X15317.1,477,479,499,501,3,TCT,TCT
X15317.1,276,278,472,474,3,TCT,TCT
X15317.1,276,278,424,426,3,TCT,TCT
X15317.1,400,402,479,481,3,TCT,TCT
X15317.1,400,402,499,501,3,TCT,TCT
X15317.1,400,402,455,457,3,TCT,TCT
X15317.1,400,402,457,459,3,TCT,TCT
X15317.1,400,402,453,455,3,TCT,TCT
X15317.1,276,278,400,402,3,TCT,TCT
X15317.1,400,402,472,474,3,TCT,TCT
X15317.1,400,402,424,426,3,TCT,TCT
X15317.1,214,216,276,278,3,TCT,TCT
X15317.1,214,216,479,481,3,TCT,TCT
X15317.1,214,216,499,501,3,TCT,TCT
X15317.1,214,216,455,457,3,TCT,TCT
X15317.1,214,216,457,459,3,TCT,TCT
X15317.1,214,216,453,455,3,TCT,TCT
X15317.1,457,459,464,466,3,TCT,TCT
X15317.1,455,457,464,466,3,TCT,TCT
X15317.1,276,278,464,466,3,TCT,TCT
X15317.1,457,459,493,495,3,TCT,TCT
X15317.1,455,457,493,495,3,TCT,TCT
X15317.1,276,278,493,495,3,TCT,TCT
X15317.1,479,481,493,495,3,TCT,TCT
X15317.1,400,402,464,466,3,TCT,TCT
X15317.1,400,402,493,495,3,TCT,TCT
X15317.1,214,216,464,466,3,TCT,TCT
X15317.1,464,466,464,466,3,TCT,TCT
X15317.1,214,216,493,495,3,TCT,TCT
X15317.1,477,479,493,495,3,TCT,TCT
X15317.1,493,495,493,495,3,TCT,TCT
X15317.1,464,466,493,495,3,TCT,TCT
X15317.1,424,426,479,481,3,TCT,TCT
X15317.1,424,426,499,501,3,TCT,TCT
X15317.1,453,455,477,479,3,TCT,TCT
X15317.1,472,474,479,481,3,TCT,TCT
X15317.1,472,474,499,501,3,TCT,TCT
X15317.1,400,402,477,479,3,TCT,TCT
X15317.1,424,426,472,474,3,TCT,TCT
X15317.1,424,426,424,426,3,TCT,TCT
X15317.1,214,216,477,479,3,TCT,TCT
X15317.1,477,479,477,479,3,TCT,TCT
X15317.1,464,466,477,479,3,TCT,TCT
X15317.1,472,474,472,474,3,TCT,TCT
X15317.1,214,216,214,216,3,TCT,TCT
X15317.1,416,418,479,481,3,TCT,TCT
X15317.1,416,418,499,501,3,TCT,TCT
X15317.1,430,432,479,481,3,TCT,TCT
X15317.1,430,432,499,501,3,TCT,TCT
X15317.1,276,278,430,432,3,TCT,TCT
X15317.1,276,278,416,418,3,TCT,TCT
X15317.1,416,418,455,457,3,TCT,TCT
X15317.1,416,418,457,459,3,TCT,TCT
X15317.1,416,418,453,455,3,TCT,TCT
X15317.1,430,432,455,457,3,TCT,TCT
X15317.1,430,432,457,459,3,TCT,TCT
X15317.1,430,432,453,455,3,TCT,TCT
X15317.1,400,402,430,432,3,TCT,TCT
X15317.1,400,402,416,418,3,TCT,TCT
X15317.1,61,64,86,89,4,TGAC,CAGT
X15317.1,261,264,349,352,4,TGAG,GAGT
X15317.1,150,152,211,213,3,TGC,CGT
X15317.1,150,152,392,394,3,TGC,CGT
X15317.1,28,31,258,261,4,TGGG,GGGT
X15317.1,95,98,95,98,4,TGGT,TGGT
X15317.1,398,404,398,404,7,TGTCTGT,TGTCTGT
X15317.1,167,170,401,404,4,TGTC,CTGT
X15317.1,9,15,530,536,7,TGTTAAA,AAATTGT
X15317.1,35,41,394,400,7,TGTTTTT,TTTTTGT
X15317.1,179,185,394,400,7,TGTTTTT,TTTTTGT
X15317.1,207,210,533,536,4,TGTT,TTGT
X15317.1,427,430,533,536,4,TGTT,TTGT
X15317.1,9,12,426,429,4,TGTT,TTGT
X15317.1,179,182,426,429,4,TGTT,TTGT
X15317.1,179,182,206,209,4,TGTT,TTGT
X15317.1,23,26,533,536,4,TGTT,TTGT
X15317.1,23,26,426,429,4,TGTT,TTGT
X15317.1,23,26,206,209,4,TGTT,TTGT
X15317.1,207,210,397,400,4,TGTT,TTGT
X15317.1,35,38,533,536,4,TGTT,TTGT
X15317.1,35,38,426,429,4,TGTT,TTGT
X15317.1,35,38,206,209,4,TGTT,TTGT
X15317.1,352,358,546,552,7,TTATATA,ATATATT
X15317.1,447,453,536,542,7,TTATTAT,TATTATT
X15317.1,450,453,549,552,4,TTAT,TATT
X15317.1,352,355,466,469,4,TTAT,TATT
X15317.1,352,355,536,539,4,TTAT,TATT
X15317.1,352,355,539,542,4,TTAT,TATT
X15317.1,352,355,448,451,4,TTAT,TATT
X15317.1,538,541,549,552,4,TTAT,TATT
X15317.1,447,450,536,539,4,TTAT,TATT
X15317.1,447,450,466,469,4,TTAT,TATT
X15317.1,300,302,532,534,3,TTA,ATT
X15317.1,300,302,413,415,3,TTA,ATT
X15317.1,11,13,234,236,3,TTA,ATT
X15317.1,300,302,511,513,3,TTA,ATT
X15317.1,11,13,511,513,3,TTA,ATT
X15317.1,410,412,511,513,3,TTA,ATT
X15317.1,372,374,532,534,3,TTA,ATT
X15317.1,372,374,413,415,3,TTA,ATT
X15317.1,300,302,408,410,3,TTA,ATT
X15317.1,11,13,408,410,3,TTA,ATT
X15317.1,372,374,537,539,3,TTA,ATT
X15317.1,300,302,537,539,3,TTA,ATT
X15317.1,372,374,540,542,3,TTA,ATT
X15317.1,300,302,540,542,3,TTA,ATT
X15317.1,372,374,449,451,3,TTA,ATT
X15317.1,300,302,449,451,3,TTA,ATT
X15317.1,450,452,532,534,3,TTA,ATT
X15317.1,11,13,537,539,3,TTA,ATT
X15317.1,11,13,540,542,3,TTA,ATT
X15317.1,11,13,449,451,3,TTA,ATT
X15317.1,410,412,537,539,3,TTA,ATT
X15317.1,410,412,540,542,3,TTA,ATT
X15317.1,410,412,449,451,3,TTA,ATT
X15317.1,11,13,467,469,3,TTA,ATT
X15317.1,410,412,467,469,3,TTA,ATT
X15317.1,352,354,511,513,3,TTA,ATT
X15317.1,352,354,408,410,3,TTA,ATT
X15317.1,352,354,413,415,3,TTA,ATT
X15317.1,512,514,550,552,3,TTA,ATT
X15317.1,541,543,550,552,3,TTA,ATT
X15317.1,447,449,511,513,3,TTA,ATT
X15317.1,372,374,550,552,3,TTA,ATT
X15317.1,300,302,550,552,3,TTA,ATT
X15317.1,11,13,550,552,3,TTA,ATT
X15317.1,447,449,532,534,3,TTA,ATT
X15317.1,209,215,441,447,7,TTCGTTC,CTTGCTT
X15317.1,382,384,441,443,3,TTC,CTT
X15317.1,42,44,381,383,3,TTC,CTT
X15317.1,420,422,441,443,3,TTC,CTT
X15317.1,42,44,441,443,3,TTC,CTT
X15317.1,42,44,371,373,3,TTC,CTT
X15317.1,209,211,299,301,3,TTC,CTT
X15317.1,209,211,381,383,3,TTC,CTT
X15317.1,209,211,488,490,3,TTC,CTT
X15317.1,209,211,461,463,3,TTC,CTT
X15317.1,209,211,575,577,3,TTC,CTT
X15317.1,209,211,365,367,3,TTC,CTT
X15317.1,184,186,299,301,3,TTC,CTT
X15317.1,184,186,381,383,3,TTC,CTT
X15317.1,382,384,445,447,3,TTC,CTT
X15317.1,184,186,441,443,3,TTC,CTT
X15317.1,213,215,371,373,3,TTC,CTT
X15317.1,213,215,299,301,3,TTC,CTT
X15317.1,382,384,425,427,3,TTC,CTT
X15317.1,213,215,381,383,3,TTC,CTT
X15317.1,184,186,425,427,3,TTC,CTT
X15317.1,420,422,425,427,3,TTC,CTT
X15317.1,42,44,425,427,3,TTC,CTT
X15317.1,213,215,445,447,3,TTC,CTT
X15317.1,213,215,488,490,3,TTC,CTT
X15317.1,213,215,461,463,3,TTC,CTT
X15317.1,213,215,575,577,3,TTC,CTT
X15317.1,213,215,365,367,3,TTC,CTT
X15317.1,429,431,445,447,3,TTC,CTT
X15317.1,429,431,488,490,3,TTC,CTT
X15317.1,429,431,461,463,3,TTC,CTT
X15317.1,429,431,575,577,3,TTC,CTT
X15317.1,468,470,473,475,3,TTC,CTT
X15317.1,382,384,473,475,3,TTC,CTT
X15317.1,382,384,431,433,3,TTC,CTT
X15317.1,382,384,417,419,3,TTC,CTT
X15317.1,209,211,473,475,3,TTC,CTT
X15317.1,209,211,431,433,3,TTC,CTT
X15317.1,209,211,417,419,3,TTC,CTT
X15317.1,415,417,441,443,3,TTC,CTT
X15317.1,533,536,567,570,4,TTGT,TGTT
X15317.1,206,209,567,570,4,TTGT,TGTT
X15317.1,166,169,207,210,4,TTGT,TGTT
X15317.1,166,169,427,430,4,TTGT,TGTT
X15317.1,397,400,427,430,4,TTGT,TGTT
X15317.1,426,429,567,570,4,TTGT,TGTT
X15317.1,60,62,212,214,3,TTG,GTT
X15317.1,60,62,393,395,3,TTG,GTT
X15317.1,52,54,351,353,3,TTG,GTT
X15317.1,52,54,255,257,3,TTG,GTT
X15317.1,256,258,351,353,3,TTG,GTT
X15317.1,256,258,393,395,3,TTG,GTT
X15317.1,236,238,351,353,3,TTG,GTT
X15317.1,27,29,351,353,3,TTG,GTT
X15317.1,27,29,212,214,3,TTG,GTT
X15317.1,236,238,255,257,3,TTG,GTT
X15317.1,27,29,255,257,3,TTG,GTT
X15317.1,206,208,212,214,3,TTG,GTT
X15317.1,206,208,255,257,3,TTG,GTT
X15317.1,206,208,393,395,3,TTG,GTT
X15317.1,60,62,208,210,3,TTG,GTT
X15317.1,60,62,428,430,3,TTG,GTT
X15317.1,256,258,428,430,3,TTG,GTT
X15317.1,27,29,208,210,3,TTG,GTT
X15317.1,52,54,208,210,3,TTG,GTT
X15317.1,236,238,428,430,3,TTG,GTT
X15317.1,367,369,428,430,3,TTG,GTT
X15317.1,27,29,428,430,3,TTG,GTT
X15317.1,52,54,428,430,3,TTG,GTT
X15317.1,60,62,180,182,3,TTG,GTT
X15317.1,166,168,351,353,3,TTG,GTT
X15317.1,60,62,568,570,3,TTG,GTT
X15317.1,166,168,212,214,3,TTG,GTT
X15317.1,442,444,568,570,3,TTG,GTT
X15317.1,166,168,255,257,3,TTG,GTT
X15317.1,256,258,568,570,3,TTG,GTT
X15317.1,409,416,409,416,8,TTTAATTT,TTTAATTT
X15317.1,419,426,457,464,8,TTTCCTCT,TCTCCTTT
X15317.1,41,46,459,464,6,TTTCCT,TCCTTT
X15317.1,414,420,414,420,7,TTTCTTT,TTTCTTT
X15317.1,419,422,445,448,4,TTTC,CTTT
X15317.1,41,44,445,448,4,TTTC,CTTT
X15317.1,41,44,164,167,4,TTTC,CTTT
X15317.1,183,186,461,464,4,TTTC,CTTT
X15317.1,414,417,461,464,4,TTTC,CTTT
X15317.1,414,417,488,491,4,TTTC,CTTT
X15317.1,414,417,575,578,4,TTTC,CTTT
X15317.1,462,465,488,491,4,TTTC,CTTT
X15317.1,462,465,575,578,4,TTTC,CTTT
X15317.1,183,186,365,368,4,TTTC,CTTT
X15317.1,41,44,365,368,4,TTTC,CTTT
X15317.1,570,579,570,579,10,TTTTCCTTTT,TTTTCCTTTT
X15317.1,418,424,573,579,7,TTTTCCT,TCCTTTT
X15317.1,40,46,573,579,7,TTTTCCT,TCCTTTT
X15317.1,474,478,575,579,5,TTTTC,CTTTT
X15317.1,40,44,473,477,5,TTTTC,CTTTT
X15317.1,474,478,488,492,5,TTTTC,CTTTT
X15317.1,40,44,417,421,5,TTTTC,CTTTT
X15317.1,490,494,575,579,5,TTTTC,CTTTT
X15317.1,418,422,431,435,5,TTTTC,CTTTT
X15317.1,182,186,575,579,5,TTTTC,CTTTT
X15317.1,182,186,473,477,5,TTTTC,CTTTT
X15317.1,182,186,417,421,5,TTTTC,CTTTT
X15317.1,25,29,48,52,5,TTTTG,GTTTT
X15317.1,25,29,180,184,5,TTTTG,GTTTT
X15317.1,25,29,568,572,5,TTTTG,GTTTT
X15317.1,25,29,36,40,5,TTTTG,GTTTT
X15317.1,25,29,393,397,5,TTTTG,GTTTT
X15317.1,39,45,487,493,7,TTTTTCC,CCTTTTT
X15317.1,39,44,431,436,6,TTTTTC,CTTTTT
X15317.1,181,186,488,493,6,TTTTTC,CTTTTT
X15317.1,394,400,567,573,7,TTTTTGT,TGTTTTT
X15317.1,49,54,180,185,6,TTTTTG,GTTTTT
X15317.1,49,54,568,573,6,TTTTTG,GTTTTT

Total for length 3 is 1114.
Total for length 4 is 224.
Total for length 5 is 50.
Total for length 6 is 32.
Total for length 7 is 38.
Total for length 8 is 6.
Total for length 9 is 7.
Total for length 10 is 3.
Total for length 11 is 2.
Total for length 13 is 1.
Total for length 15 is 1.

