Input file is sequence7.fasta.
Minimal fragment length is 3.
Working with probability estimation.
P value is : 0.050000.
Printing all instances.
Looking for direct complementary repeats.
X15317.1 Alphabet size is 4.
Input sequence has 2 letters that are not in expected alphabet.
Letters are : N.
X15317.1,527,531,569,573,5,AAAAA,TTTTT
X15317.1,526,530,569,573,5,AAAAA,TTTTT
X15317.1,528,532,569,573,5,AAAAA,TTTTT
X15317.1,194,198,433,437,5,AAAAC,TTTTG
X15317.1,344,350,570,576,7,AAAAGGA,TTTTCCT
X15317.1,290,294,490,494,5,AAAAG,TTTTC
X15317.1,290,294,570,574,5,AAAAG,TTTTC
X15317.1,344,348,490,494,5,AAAAG,TTTTC
X15317.1,529,533,576,580,5,AAAAT,TTTTA
X15317.1,529,533,551,555,5,AAAAT,TTTTA
X15317.1,218,222,551,555,5,AAAAT,TTTTA
X15317.1,194,197,394,397,4,AAAA,TTTT
X15317.1,194,197,569,572,4,AAAA,TTTT
X15317.1,194,197,490,493,4,AAAA,TTTT
X15317.1,194,197,570,573,4,AAAA,TTTT
X15317.1,526,529,570,573,4,AAAA,TTTT
X15317.1,290,293,395,398,4,AAAA,TTTT
X15317.1,290,293,433,436,4,AAAA,TTTT
X15317.1,344,347,395,398,4,AAAA,TTTT
X15317.1,344,347,433,436,4,AAAA,TTTT
X15317.1,290,293,394,397,4,AAAA,TTTT
X15317.1,290,293,569,572,4,AAAA,TTTT
X15317.1,344,347,394,397,4,AAAA,TTTT
X15317.1,344,347,569,572,4,AAAA,TTTT
X15317.1,529,532,569,572,4,AAAA,TTTT
X15317.1,527,530,576,579,4,AAAA,TTTT
X15317.1,528,531,576,579,4,AAAA,TTTT
X15317.1,218,221,490,493,4,AAAA,TTTT
X15317.1,218,221,570,573,4,AAAA,TTTT
X15317.1,218,221,395,398,4,AAAA,TTTT
X15317.1,218,221,433,436,4,AAAA,TTTT
X15317.1,218,221,394,397,4,AAAA,TTTT
X15317.1,218,221,569,572,4,AAAA,TTTT
X15317.1,526,529,576,579,4,AAAA,TTTT
X15317.1,527,530,551,554,4,AAAA,TTTT
X15317.1,528,531,551,554,4,AAAA,TTTT
X15317.1,290,293,551,554,4,AAAA,TTTT
X15317.1,344,347,551,554,4,AAAA,TTTT
X15317.1,194,197,551,554,4,AAAA,TTTT
X15317.1,132,136,491,495,5,AAAGA,TTTCT
X15317.1,13,17,491,495,5,AAAGA,TTTCT
X15317.1,13,17,462,466,5,AAAGA,TTTCT
X15317.1,132,136,475,479,5,AAAGA,TTTCT
X15317.1,13,17,475,479,5,AAAGA,TTTCT
X15317.1,291,294,462,465,4,AAAG,TTTC
X15317.1,132,135,183,186,4,AAAG,TTTC
X15317.1,291,294,414,417,4,AAAG,TTTC
X15317.1,13,16,183,186,4,AAAG,TTTC
X15317.1,80,83,475,478,4,AAAG,TTTC
X15317.1,80,83,491,494,4,AAAG,TTTC
X15317.1,80,83,462,465,4,AAAG,TTTC
X15317.1,132,135,571,574,4,AAAG,TTTC
X15317.1,132,135,419,422,4,AAAG,TTTC
X15317.1,345,348,462,465,4,AAAG,TTTC
X15317.1,80,83,571,574,4,AAAG,TTTC
X15317.1,13,16,571,574,4,AAAG,TTTC
X15317.1,80,83,419,422,4,AAAG,TTTC
X15317.1,13,16,419,422,4,AAAG,TTTC
X15317.1,345,348,414,417,4,AAAG,TTTC
X15317.1,13,16,41,44,4,AAAG,TTTC
X15317.1,522,526,577,581,5,AAATA,TTTAT
X15317.1,518,522,577,581,5,AAATA,TTTAT
X15317.1,514,518,577,581,5,AAATA,TTTAT
X15317.1,522,526,552,556,5,AAATA,TTTAT
X15317.1,518,522,552,556,5,AAATA,TTTAT
X15317.1,514,518,552,556,5,AAATA,TTTAT
X15317.1,195,197,394,396,3,AAA,TTT
X15317.1,195,197,569,571,3,AAA,TTT
X15317.1,194,196,396,398,3,AAA,TTT
X15317.1,290,292,396,398,3,AAA,TTT
X15317.1,344,346,396,398,3,AAA,TTT
X15317.1,218,220,396,398,3,AAA,TTT
X15317.1,195,197,432,434,3,AAA,TTT
X15317.1,195,197,489,491,3,AAA,TTT
X15317.1,195,197,474,476,3,AAA,TTT
X15317.1,195,197,418,420,3,AAA,TTT
X15317.1,195,197,576,578,3,AAA,TTT
X15317.1,194,196,434,436,3,AAA,TTT
X15317.1,290,292,434,436,3,AAA,TTT
X15317.1,344,346,434,436,3,AAA,TTT
X15317.1,218,220,434,436,3,AAA,TTT
X15317.1,195,197,551,553,3,AAA,TTT
X15317.1,438,440,490,492,3,AAA,TTT
X15317.1,438,440,570,572,3,AAA,TTT
X15317.1,438,440,569,571,3,AAA,TTT
X15317.1,438,440,551,553,3,AAA,TTT
X15317.1,194,196,235,237,3,AAA,TTT
X15317.1,218,220,235,237,3,AAA,TTT
X15317.1,291,293,394,396,3,AAA,TTT
X15317.1,291,293,569,571,3,AAA,TTT
X15317.1,345,347,394,396,3,AAA,TTT
X15317.1,345,347,569,571,3,AAA,TTT
X15317.1,438,440,475,477,3,AAA,TTT
X15317.1,194,196,475,477,3,AAA,TTT
X15317.1,290,292,475,477,3,AAA,TTT
X15317.1,344,346,475,477,3,AAA,TTT
X15317.1,218,220,475,477,3,AAA,TTT
X15317.1,438,440,491,493,3,AAA,TTT
X15317.1,194,196,491,493,3,AAA,TTT
X15317.1,290,292,491,493,3,AAA,TTT
X15317.1,344,346,491,493,3,AAA,TTT
X15317.1,218,220,491,493,3,AAA,TTT
X15317.1,291,293,366,368,3,AAA,TTT
X15317.1,291,293,432,434,3,AAA,TTT
X15317.1,291,293,489,491,3,AAA,TTT
X15317.1,291,293,474,476,3,AAA,TTT
X15317.1,291,293,418,420,3,AAA,TTT
X15317.1,291,293,576,578,3,AAA,TTT
X15317.1,438,440,571,573,3,AAA,TTT
X15317.1,194,196,571,573,3,AAA,TTT
X15317.1,290,292,571,573,3,AAA,TTT
X15317.1,344,346,571,573,3,AAA,TTT
X15317.1,218,220,571,573,3,AAA,TTT
X15317.1,194,196,419,421,3,AAA,TTT
X15317.1,290,292,419,421,3,AAA,TTT
X15317.1,344,346,419,421,3,AAA,TTT
X15317.1,218,220,419,421,3,AAA,TTT
X15317.1,345,347,366,368,3,AAA,TTT
X15317.1,345,347,432,434,3,AAA,TTT
X15317.1,345,347,489,491,3,AAA,TTT
X15317.1,345,347,474,476,3,AAA,TTT
X15317.1,345,347,418,420,3,AAA,TTT
X15317.1,345,347,576,578,3,AAA,TTT
X15317.1,291,293,551,553,3,AAA,TTT
X15317.1,526,528,571,573,3,AAA,TTT
X15317.1,345,347,551,553,3,AAA,TTT
X15317.1,132,134,396,398,3,AAA,TTT
X15317.1,132,134,434,436,3,AAA,TTT
X15317.1,132,134,395,397,3,AAA,TTT
X15317.1,132,134,433,435,3,AAA,TTT
X15317.1,132,134,490,492,3,AAA,TTT
X15317.1,132,134,182,184,3,AAA,TTT
X15317.1,132,134,570,572,3,AAA,TTT
X15317.1,195,197,462,464,3,AAA,TTT
X15317.1,132,134,394,396,3,AAA,TTT
X15317.1,132,134,181,183,3,AAA,TTT
X15317.1,132,134,569,571,3,AAA,TTT
X15317.1,132,134,235,237,3,AAA,TTT
X15317.1,132,134,551,553,3,AAA,TTT
X15317.1,195,197,414,416,3,AAA,TTT
X15317.1,13,15,396,398,3,AAA,TTT
X15317.1,13,15,26,28,3,AAA,TTT
X15317.1,13,15,51,53,3,AAA,TTT
X15317.1,13,15,434,436,3,AAA,TTT
X15317.1,13,15,38,40,3,AAA,TTT
X15317.1,13,15,39,41,3,AAA,TTT
X15317.1,13,15,395,397,3,AAA,TTT
X15317.1,13,15,50,52,3,AAA,TTT
X15317.1,13,15,433,435,3,AAA,TTT
X15317.1,13,15,490,492,3,AAA,TTT
X15317.1,13,15,182,184,3,AAA,TTT
X15317.1,13,15,570,572,3,AAA,TTT
X15317.1,13,15,40,42,3,AAA,TTT
X15317.1,80,82,396,398,3,AAA,TTT
X15317.1,80,82,434,436,3,AAA,TTT
X15317.1,80,82,395,397,3,AAA,TTT
X15317.1,80,82,433,435,3,AAA,TTT
X15317.1,80,82,490,492,3,AAA,TTT
X15317.1,80,82,182,184,3,AAA,TTT
X15317.1,80,82,570,572,3,AAA,TTT
X15317.1,13,15,37,39,3,AAA,TTT
X15317.1,13,15,394,396,3,AAA,TTT
X15317.1,13,15,49,51,3,AAA,TTT
X15317.1,13,15,181,183,3,AAA,TTT
X15317.1,13,15,569,571,3,AAA,TTT
X15317.1,13,15,25,27,3,AAA,TTT
X15317.1,80,82,394,396,3,AAA,TTT
X15317.1,80,82,181,183,3,AAA,TTT
X15317.1,80,82,569,571,3,AAA,TTT
X15317.1,194,196,414,416,3,AAA,TTT
X15317.1,290,292,414,416,3,AAA,TTT
X15317.1,344,346,414,416,3,AAA,TTT
X15317.1,218,220,414,416,3,AAA,TTT
X15317.1,13,15,165,167,3,AAA,TTT
X15317.1,13,15,366,368,3,AAA,TTT
X15317.1,13,15,432,434,3,AAA,TTT
X15317.1,13,15,489,491,3,AAA,TTT
X15317.1,13,15,474,476,3,AAA,TTT
X15317.1,13,15,418,420,3,AAA,TTT
X15317.1,13,15,576,578,3,AAA,TTT
X15317.1,80,82,165,167,3,AAA,TTT
X15317.1,80,82,366,368,3,AAA,TTT
X15317.1,80,82,432,434,3,AAA,TTT
X15317.1,80,82,489,491,3,AAA,TTT
X15317.1,80,82,474,476,3,AAA,TTT
X15317.1,80,82,418,420,3,AAA,TTT
X15317.1,80,82,576,578,3,AAA,TTT
X15317.1,219,221,394,396,3,AAA,TTT
X15317.1,219,221,569,571,3,AAA,TTT
X15317.1,530,532,569,571,3,AAA,TTT
X15317.1,132,134,577,579,3,AAA,TTT
X15317.1,438,440,577,579,3,AAA,TTT
X15317.1,194,196,577,579,3,AAA,TTT
X15317.1,290,292,577,579,3,AAA,TTT
X15317.1,344,346,577,579,3,AAA,TTT
X15317.1,218,220,577,579,3,AAA,TTT
X15317.1,132,134,552,554,3,AAA,TTT
X15317.1,438,440,552,554,3,AAA,TTT
X15317.1,194,196,552,554,3,AAA,TTT
X15317.1,290,292,552,554,3,AAA,TTT
X15317.1,344,346,552,554,3,AAA,TTT
X15317.1,218,220,552,554,3,AAA,TTT
X15317.1,219,221,462,464,3,AAA,TTT
X15317.1,219,221,366,368,3,AAA,TTT
X15317.1,219,221,432,434,3,AAA,TTT
X15317.1,219,221,489,491,3,AAA,TTT
X15317.1,219,221,474,476,3,AAA,TTT
X15317.1,219,221,418,420,3,AAA,TTT
X15317.1,219,221,576,578,3,AAA,TTT
X15317.1,530,532,576,578,3,AAA,TTT
X15317.1,13,15,577,579,3,AAA,TTT
X15317.1,80,82,577,579,3,AAA,TTT
X15317.1,526,528,577,579,3,AAA,TTT
X15317.1,13,15,552,554,3,AAA,TTT
X15317.1,80,82,552,554,3,AAA,TTT
X15317.1,526,528,552,554,3,AAA,TTT
X15317.1,219,221,414,416,3,AAA,TTT
X15317.1,219,221,235,237,3,AAA,TTT
X15317.1,219,221,551,553,3,AAA,TTT
X15317.1,530,532,551,553,3,AAA,TTT
X15317.1,147,149,475,477,3,AAA,TTT
X15317.1,147,149,491,493,3,AAA,TTT
X15317.1,147,149,183,185,3,AAA,TTT
X15317.1,147,149,571,573,3,AAA,TTT
X15317.1,147,149,419,421,3,AAA,TTT
X15317.1,147,149,396,398,3,AAA,TTT
X15317.1,147,149,434,436,3,AAA,TTT
X15317.1,147,149,395,397,3,AAA,TTT
X15317.1,147,149,433,435,3,AAA,TTT
X15317.1,147,149,490,492,3,AAA,TTT
X15317.1,147,149,182,184,3,AAA,TTT
X15317.1,147,149,570,572,3,AAA,TTT
X15317.1,147,149,462,464,3,AAA,TTT
X15317.1,147,149,165,167,3,AAA,TTT
X15317.1,147,149,366,368,3,AAA,TTT
X15317.1,147,149,432,434,3,AAA,TTT
X15317.1,147,149,489,491,3,AAA,TTT
X15317.1,147,149,474,476,3,AAA,TTT
X15317.1,147,149,418,420,3,AAA,TTT
X15317.1,147,149,576,578,3,AAA,TTT
X15317.1,147,149,414,416,3,AAA,TTT
X15317.1,147,149,235,237,3,AAA,TTT
X15317.1,147,149,551,553,3,AAA,TTT
X15317.1,291,293,446,448,3,AAA,TTT
X15317.1,345,347,446,448,3,AAA,TTT
X15317.1,195,197,446,448,3,AAA,TTT
X15317.1,13,15,446,448,3,AAA,TTT
X15317.1,80,82,446,448,3,AAA,TTT
X15317.1,522,524,571,573,3,AAA,TTT
X15317.1,522,524,570,572,3,AAA,TTT
X15317.1,518,520,571,573,3,AAA,TTT
X15317.1,518,520,570,572,3,AAA,TTT
X15317.1,514,516,571,573,3,AAA,TTT
X15317.1,514,516,570,572,3,AAA,TTT
X15317.1,291,293,409,411,3,AAA,TTT
X15317.1,345,347,409,411,3,AAA,TTT
X15317.1,195,197,409,411,3,AAA,TTT
X15317.1,522,524,569,571,3,AAA,TTT
X15317.1,518,520,569,571,3,AAA,TTT
X15317.1,514,516,569,571,3,AAA,TTT
X15317.1,522,524,576,578,3,AAA,TTT
X15317.1,518,520,576,578,3,AAA,TTT
X15317.1,514,516,576,578,3,AAA,TTT
X15317.1,132,134,409,411,3,AAA,TTT
X15317.1,194,196,409,411,3,AAA,TTT
X15317.1,290,292,409,411,3,AAA,TTT
X15317.1,344,346,409,411,3,AAA,TTT
X15317.1,218,220,409,411,3,AAA,TTT
X15317.1,133,137,429,433,5,AAGAA,TTCTT
X15317.1,14,18,429,433,5,AAGAA,TTCTT
X15317.1,250,254,415,419,5,AAGAA,TTCTT
X15317.1,136,140,415,419,5,AAGAA,TTCTT
X15317.1,136,140,429,433,5,AAGAA,TTCTT
X15317.1,115,119,415,419,5,AAGAA,TTCTT
X15317.1,325,329,415,419,5,AAGAA,TTCTT
X15317.1,115,119,429,433,5,AAGAA,TTCTT
X15317.1,325,329,429,433,5,AAGAA,TTCTT
X15317.1,105,110,476,481,6,AAGAGA,TTCTCT
X15317.1,118,123,476,481,6,AAGAGA,TTCTCT
X15317.1,250,253,476,479,4,AAGA,TTCT
X15317.1,136,139,476,479,4,AAGA,TTCT
X15317.1,115,118,476,479,4,AAGA,TTCT
X15317.1,325,328,476,479,4,AAGA,TTCT
X15317.1,105,108,415,418,4,AAGA,TTCT
X15317.1,118,121,415,418,4,AAGA,TTCT
X15317.1,328,331,415,418,4,AAGA,TTCT
X15317.1,118,121,429,432,4,AAGA,TTCT
X15317.1,328,331,429,432,4,AAGA,TTCT
X15317.1,157,160,415,418,4,AAGA,TTCT
X15317.1,157,160,429,432,4,AAGA,TTCT
X15317.1,105,108,463,466,4,AAGA,TTCT
X15317.1,250,253,463,466,4,AAGA,TTCT
X15317.1,105,108,492,495,4,AAGA,TTCT
X15317.1,250,253,492,495,4,AAGA,TTCT
X15317.1,118,121,463,466,4,AAGA,TTCT
X15317.1,328,331,463,466,4,AAGA,TTCT
X15317.1,136,139,463,466,4,AAGA,TTCT
X15317.1,118,121,492,495,4,AAGA,TTCT
X15317.1,328,331,492,495,4,AAGA,TTCT
X15317.1,136,139,492,495,4,AAGA,TTCT
X15317.1,157,160,463,466,4,AAGA,TTCT
X15317.1,115,118,463,466,4,AAGA,TTCT
X15317.1,325,328,463,466,4,AAGA,TTCT
X15317.1,157,160,492,495,4,AAGA,TTCT
X15317.1,115,118,492,495,4,AAGA,TTCT
X15317.1,325,328,492,495,4,AAGA,TTCT
X15317.1,133,136,213,216,4,AAGA,TTCT
X15317.1,14,17,213,216,4,AAGA,TTCT
X15317.1,118,121,213,216,4,AAGA,TTCT
X15317.1,136,139,213,216,4,AAGA,TTCT
X15317.1,157,160,213,216,4,AAGA,TTCT
X15317.1,115,118,213,216,4,AAGA,TTCT
X15317.1,346,351,382,387,6,AAGGAG,TTCCTC
X15317.1,346,351,468,473,6,AAGGAG,TTCCTC
X15317.1,139,143,420,424,5,AAGGA,TTCCT
X15317.1,17,21,420,424,5,AAGGA,TTCCT
X15317.1,139,143,468,472,5,AAGGA,TTCCT
X15317.1,17,21,468,472,5,AAGGA,TTCCT
X15317.1,139,143,572,576,5,AAGGA,TTCCT
X15317.1,17,21,572,576,5,AAGGA,TTCCT
X15317.1,17,21,42,46,5,AAGGA,TTCCT
X15317.1,81,83,429,431,3,AAG,TTC
X15317.1,81,83,213,215,3,AAG,TTC
X15317.1,292,294,429,431,3,AAG,TTC
X15317.1,105,107,184,186,3,AAG,TTC
X15317.1,136,138,184,186,3,AAG,TTC
X15317.1,118,120,184,186,3,AAG,TTC
X15317.1,115,117,184,186,3,AAG,TTC
X15317.1,157,159,184,186,3,AAG,TTC
X15317.1,133,135,209,211,3,AAG,TTC
X15317.1,14,16,209,211,3,AAG,TTC
X15317.1,136,138,209,211,3,AAG,TTC
X15317.1,118,120,209,211,3,AAG,TTC
X15317.1,115,117,209,211,3,AAG,TTC
X15317.1,157,159,209,211,3,AAG,TTC
X15317.1,250,252,572,574,3,AAG,TTC
X15317.1,105,107,572,574,3,AAG,TTC
X15317.1,250,252,420,422,3,AAG,TTC
X15317.1,105,107,420,422,3,AAG,TTC
X15317.1,346,348,429,431,3,AAG,TTC
X15317.1,136,138,572,574,3,AAG,TTC
X15317.1,118,120,572,574,3,AAG,TTC
X15317.1,328,330,572,574,3,AAG,TTC
X15317.1,136,138,420,422,3,AAG,TTC
X15317.1,118,120,420,422,3,AAG,TTC
X15317.1,328,330,420,422,3,AAG,TTC
X15317.1,115,117,572,574,3,AAG,TTC
X15317.1,325,327,572,574,3,AAG,TTC
X15317.1,157,159,572,574,3,AAG,TTC
X15317.1,115,117,420,422,3,AAG,TTC
X15317.1,325,327,420,422,3,AAG,TTC
X15317.1,157,159,420,422,3,AAG,TTC
X15317.1,310,312,415,417,3,AAG,TTC
X15317.1,310,312,476,478,3,AAG,TTC
X15317.1,310,312,463,465,3,AAG,TTC
X15317.1,310,312,492,494,3,AAG,TTC
X15317.1,139,141,184,186,3,AAG,TTC
X15317.1,139,141,415,417,3,AAG,TTC
X15317.1,139,141,476,478,3,AAG,TTC
X15317.1,139,141,463,465,3,AAG,TTC
X15317.1,139,141,492,494,3,AAG,TTC
X15317.1,17,19,184,186,3,AAG,TTC
X15317.1,17,19,415,417,3,AAG,TTC
X15317.1,17,19,476,478,3,AAG,TTC
X15317.1,17,19,463,465,3,AAG,TTC
X15317.1,17,19,492,494,3,AAG,TTC
X15317.1,81,83,382,384,3,AAG,TTC
X15317.1,292,294,382,384,3,AAG,TTC
X15317.1,133,135,382,384,3,AAG,TTC
X15317.1,14,16,382,384,3,AAG,TTC
X15317.1,271,273,415,417,3,AAG,TTC
X15317.1,271,273,476,478,3,AAG,TTC
X15317.1,271,273,463,465,3,AAG,TTC
X15317.1,271,273,492,494,3,AAG,TTC
X15317.1,139,141,209,211,3,AAG,TTC
X15317.1,139,141,429,431,3,AAG,TTC
X15317.1,139,141,213,215,3,AAG,TTC
X15317.1,17,19,209,211,3,AAG,TTC
X15317.1,17,19,429,431,3,AAG,TTC
X15317.1,17,19,213,215,3,AAG,TTC
X15317.1,250,252,382,384,3,AAG,TTC
X15317.1,105,107,382,384,3,AAG,TTC
X15317.1,271,273,429,431,3,AAG,TTC
X15317.1,115,117,382,384,3,AAG,TTC
X15317.1,325,327,382,384,3,AAG,TTC
X15317.1,157,159,382,384,3,AAG,TTC
X15317.1,81,83,468,470,3,AAG,TTC
X15317.1,292,294,468,470,3,AAG,TTC
X15317.1,133,135,468,470,3,AAG,TTC
X15317.1,14,16,468,470,3,AAG,TTC
X15317.1,250,252,468,470,3,AAG,TTC
X15317.1,105,107,468,470,3,AAG,TTC
X15317.1,136,138,468,470,3,AAG,TTC
X15317.1,118,120,468,470,3,AAG,TTC
X15317.1,328,330,468,470,3,AAG,TTC
X15317.1,242,244,572,574,3,AAG,TTC
X15317.1,242,244,420,422,3,AAG,TTC
X15317.1,242,244,415,417,3,AAG,TTC
X15317.1,242,244,476,478,3,AAG,TTC
X15317.1,242,244,463,465,3,AAG,TTC
X15317.1,242,244,492,494,3,AAG,TTC
X15317.1,242,244,382,384,3,AAG,TTC
X15317.1,242,244,468,470,3,AAG,TTC
X15317.1,265,267,572,574,3,AAG,TTC
X15317.1,265,267,420,422,3,AAG,TTC
X15317.1,265,267,415,417,3,AAG,TTC
X15317.1,265,267,476,478,3,AAG,TTC
X15317.1,265,267,463,465,3,AAG,TTC
X15317.1,265,267,492,494,3,AAG,TTC
X15317.1,253,255,572,574,3,AAG,TTC
X15317.1,253,255,420,422,3,AAG,TTC
X15317.1,253,255,415,417,3,AAG,TTC
X15317.1,253,255,476,478,3,AAG,TTC
X15317.1,253,255,463,465,3,AAG,TTC
X15317.1,253,255,492,494,3,AAG,TTC
X15317.1,265,267,429,431,3,AAG,TTC
X15317.1,253,255,429,431,3,AAG,TTC
X15317.1,265,267,468,470,3,AAG,TTC
X15317.1,253,255,468,470,3,AAG,TTC
X15317.1,523,527,538,542,5,AATAA,TTATT
X15317.1,519,523,538,542,5,AATAA,TTATT
X15317.1,515,519,538,542,5,AATAA,TTATT
X15317.1,220,222,352,354,3,AAT,TTA
X15317.1,220,222,538,540,3,AAT,TTA
X15317.1,220,222,450,452,3,AAT,TTA
X15317.1,338,340,447,449,3,AAT,TTA
X15317.1,338,340,578,580,3,AAT,TTA
X15317.1,338,340,553,555,3,AAT,TTA
X15317.1,338,340,352,354,3,AAT,TTA
X15317.1,338,340,538,540,3,AAT,TTA
X15317.1,338,340,450,452,3,AAT,TTA
X15317.1,148,150,352,354,3,AAT,TTA
X15317.1,148,150,372,374,3,AAT,TTA
X15317.1,148,150,538,540,3,AAT,TTA
X15317.1,148,150,450,452,3,AAT,TTA
X15317.1,93,95,447,449,3,AAT,TTA
X15317.1,93,95,578,580,3,AAT,TTA
X15317.1,93,95,553,555,3,AAT,TTA
X15317.1,93,95,372,374,3,AAT,TTA
X15317.1,93,95,538,540,3,AAT,TTA
X15317.1,93,95,450,452,3,AAT,TTA
X15317.1,220,222,300,302,3,AAT,TTA
X15317.1,93,95,410,412,3,AAT,TTA
X15317.1,338,340,410,412,3,AAT,TTA
X15317.1,531,533,538,540,3,AAT,TTA
X15317.1,58,60,447,449,3,AAT,TTA
X15317.1,58,60,578,580,3,AAT,TTA
X15317.1,58,60,553,555,3,AAT,TTA
X15317.1,58,60,300,302,3,AAT,TTA
X15317.1,58,60,372,374,3,AAT,TTA
X15317.1,58,60,538,540,3,AAT,TTA
X15317.1,58,60,450,452,3,AAT,TTA
X15317.1,148,150,541,543,3,AAT,TTA
X15317.1,220,222,541,543,3,AAT,TTA
X15317.1,523,525,541,543,3,AAT,TTA
X15317.1,519,521,541,543,3,AAT,TTA
X15317.1,515,517,541,543,3,AAT,TTA
X15317.1,148,150,512,514,3,AAT,TTA
X15317.1,220,222,512,514,3,AAT,TTA
X15317.1,412,414,447,449,3,AAT,TTA
X15317.1,412,414,578,580,3,AAT,TTA
X15317.1,412,414,553,555,3,AAT,TTA
X15317.1,93,95,541,543,3,AAT,TTA
X15317.1,93,95,512,514,3,AAT,TTA
X15317.1,338,340,541,543,3,AAT,TTA
X15317.1,338,340,512,514,3,AAT,TTA
X15317.1,100,102,237,239,3,ACC,TGG
X15317.1,143,145,237,239,3,ACC,TGG
X15317.1,66,68,237,239,3,ACC,TGG
X15317.1,124,126,268,270,3,ACC,TGG
X15317.1,143,145,268,270,3,ACC,TGG
X15317.1,66,68,268,270,3,ACC,TGG
X15317.1,4,6,368,370,3,ACC,TGG
X15317.1,100,102,368,370,3,ACC,TGG
X15317.1,143,145,368,370,3,ACC,TGG
X15317.1,66,68,368,370,3,ACC,TGG
X15317.1,4,6,237,239,3,ACC,TGG
X15317.1,4,6,257,259,3,ACC,TGG
X15317.1,4,6,28,30,3,ACC,TGG
X15317.1,4,6,268,270,3,ACC,TGG
X15317.1,359,361,583,585,3,ACG,TGC
X15317.1,280,282,583,585,3,ACG,TGC
X15317.1,191,193,583,585,3,ACG,TGC
X15317.1,302,304,583,585,3,ACG,TGC
X15317.1,359,361,484,486,3,ACG,TGC
X15317.1,280,282,484,486,3,ACG,TGC
X15317.1,191,193,484,486,3,ACG,TGC
X15317.1,302,304,484,486,3,ACG,TGC
X15317.1,32,34,443,445,3,ACG,TGC
X15317.1,32,34,53,55,3,ACG,TGC
X15317.1,32,34,583,585,3,ACG,TGC
X15317.1,32,34,150,152,3,ACG,TGC
X15317.1,130,134,430,434,5,AGAAA,TCTTT
X15317.1,130,134,416,420,5,AGAAA,TCTTT
X15317.1,130,134,472,476,5,AGAAA,TCTTT
X15317.1,121,124,430,433,4,AGAA,TCTT
X15317.1,121,124,416,419,4,AGAA,TCTT
X15317.1,108,111,430,433,4,AGAA,TCTT
X15317.1,108,111,416,419,4,AGAA,TCTT
X15317.1,130,133,424,427,4,AGAA,TCTT
X15317.1,134,137,424,427,4,AGAA,TCTT
X15317.1,134,137,472,475,4,AGAA,TCTT
X15317.1,116,119,424,427,4,AGAA,TCTT
X15317.1,116,119,472,475,4,AGAA,TCTT
X15317.1,326,329,424,427,4,AGAA,TCTT
X15317.1,326,329,472,475,4,AGAA,TCTT
X15317.1,137,140,424,427,4,AGAA,TCTT
X15317.1,137,140,472,475,4,AGAA,TCTT
X15317.1,15,18,424,427,4,AGAA,TCTT
X15317.1,15,18,472,475,4,AGAA,TCTT
X15317.1,251,254,424,427,4,AGAA,TCTT
X15317.1,251,254,472,475,4,AGAA,TCTT
X15317.1,263,266,430,433,4,AGAA,TCTT
X15317.1,263,266,416,419,4,AGAA,TCTT
X15317.1,119,123,455,459,5,AGAGA,TCTCT
X15317.1,106,110,455,459,5,AGAGA,TCTCT
X15317.1,119,123,453,457,5,AGAGA,TCTCT
X15317.1,106,110,453,457,5,AGAGA,TCTCT
X15317.1,329,333,455,459,5,AGAGA,TCTCT
X15317.1,329,333,453,457,5,AGAGA,TCTCT
X15317.1,199,203,455,459,5,AGAGA,TCTCT
X15317.1,199,203,453,457,5,AGAGA,TCTCT
X15317.1,225,230,493,498,6,AGATAT,TCTATA
X15317.1,201,206,493,498,6,AGATAT,TCTATA
X15317.1,331,336,493,498,6,AGATAT,TCTATA
X15317.1,225,230,499,504,6,AGATAT,TCTATA
X15317.1,201,206,499,504,6,AGATAT,TCTATA
X15317.1,225,229,464,468,5,AGATA,TCTAT
X15317.1,331,335,464,468,5,AGATA,TCTAT
X15317.1,201,205,464,468,5,AGATA,TCTAT
X15317.1,121,123,214,216,3,AGA,TCT
X15317.1,108,110,214,216,3,AGA,TCT
X15317.1,130,132,214,216,3,AGA,TCT
X15317.1,134,136,400,402,3,AGA,TCT
X15317.1,116,118,400,402,3,AGA,TCT
X15317.1,326,328,400,402,3,AGA,TCT
X15317.1,137,139,400,402,3,AGA,TCT
X15317.1,15,17,400,402,3,AGA,TCT
X15317.1,251,253,400,402,3,AGA,TCT
X15317.1,121,123,400,402,3,AGA,TCT
X15317.1,108,110,400,402,3,AGA,TCT
X15317.1,263,265,400,402,3,AGA,TCT
X15317.1,130,132,400,402,3,AGA,TCT
X15317.1,119,121,400,402,3,AGA,TCT
X15317.1,106,108,400,402,3,AGA,TCT
X15317.1,329,331,400,402,3,AGA,TCT
X15317.1,158,160,400,402,3,AGA,TCT
X15317.1,119,121,472,474,3,AGA,TCT
X15317.1,119,121,424,426,3,AGA,TCT
X15317.1,106,108,472,474,3,AGA,TCT
X15317.1,106,108,424,426,3,AGA,TCT
X15317.1,329,331,472,474,3,AGA,TCT
X15317.1,329,331,424,426,3,AGA,TCT
X15317.1,121,123,477,479,3,AGA,TCT
X15317.1,108,110,477,479,3,AGA,TCT
X15317.1,263,265,477,479,3,AGA,TCT
X15317.1,158,160,472,474,3,AGA,TCT
X15317.1,158,160,424,426,3,AGA,TCT
X15317.1,130,132,477,479,3,AGA,TCT
X15317.1,199,201,214,216,3,AGA,TCT
X15317.1,199,201,430,432,3,AGA,TCT
X15317.1,199,201,416,418,3,AGA,TCT
X15317.1,285,287,430,432,3,AGA,TCT
X15317.1,285,287,416,418,3,AGA,TCT
X15317.1,199,201,472,474,3,AGA,TCT
X15317.1,199,201,424,426,3,AGA,TCT
X15317.1,285,287,472,474,3,AGA,TCT
X15317.1,285,287,424,426,3,AGA,TCT
X15317.1,134,136,455,457,3,AGA,TCT
X15317.1,116,118,455,457,3,AGA,TCT
X15317.1,326,328,455,457,3,AGA,TCT
X15317.1,137,139,455,457,3,AGA,TCT
X15317.1,15,17,455,457,3,AGA,TCT
X15317.1,251,253,455,457,3,AGA,TCT
X15317.1,134,136,457,459,3,AGA,TCT
X15317.1,116,118,457,459,3,AGA,TCT
X15317.1,326,328,457,459,3,AGA,TCT
X15317.1,137,139,457,459,3,AGA,TCT
X15317.1,15,17,457,459,3,AGA,TCT
X15317.1,251,253,457,459,3,AGA,TCT
X15317.1,130,132,455,457,3,AGA,TCT
X15317.1,130,132,457,459,3,AGA,TCT
X15317.1,134,136,453,455,3,AGA,TCT
X15317.1,116,118,453,455,3,AGA,TCT
X15317.1,326,328,453,455,3,AGA,TCT
X15317.1,137,139,453,455,3,AGA,TCT
X15317.1,15,17,453,455,3,AGA,TCT
X15317.1,251,253,453,455,3,AGA,TCT
X15317.1,121,123,453,455,3,AGA,TCT
X15317.1,108,110,453,455,3,AGA,TCT
X15317.1,263,265,453,455,3,AGA,TCT
X15317.1,199,201,464,466,3,AGA,TCT
X15317.1,285,287,464,466,3,AGA,TCT
X15317.1,199,201,493,495,3,AGA,TCT
X15317.1,285,287,493,495,3,AGA,TCT
X15317.1,121,123,464,466,3,AGA,TCT
X15317.1,108,110,464,466,3,AGA,TCT
X15317.1,263,265,464,466,3,AGA,TCT
X15317.1,121,123,493,495,3,AGA,TCT
X15317.1,108,110,493,495,3,AGA,TCT
X15317.1,263,265,493,495,3,AGA,TCT
X15317.1,130,132,464,466,3,AGA,TCT
X15317.1,130,132,493,495,3,AGA,TCT
X15317.1,225,227,477,479,3,AGA,TCT
X15317.1,225,227,430,432,3,AGA,TCT
X15317.1,225,227,416,418,3,AGA,TCT
X15317.1,225,227,455,457,3,AGA,TCT
X15317.1,225,227,457,459,3,AGA,TCT
X15317.1,225,227,472,474,3,AGA,TCT
X15317.1,225,227,424,426,3,AGA,TCT
X15317.1,225,227,453,455,3,AGA,TCT
X15317.1,331,333,477,479,3,AGA,TCT
X15317.1,331,333,430,432,3,AGA,TCT
X15317.1,331,333,416,418,3,AGA,TCT
X15317.1,201,203,477,479,3,AGA,TCT
X15317.1,201,203,214,216,3,AGA,TCT
X15317.1,201,203,430,432,3,AGA,TCT
X15317.1,201,203,416,418,3,AGA,TCT
X15317.1,119,121,479,481,3,AGA,TCT
X15317.1,106,108,479,481,3,AGA,TCT
X15317.1,329,331,479,481,3,AGA,TCT
X15317.1,158,160,479,481,3,AGA,TCT
X15317.1,134,136,479,481,3,AGA,TCT
X15317.1,116,118,479,481,3,AGA,TCT
X15317.1,326,328,479,481,3,AGA,TCT
X15317.1,137,139,479,481,3,AGA,TCT
X15317.1,15,17,479,481,3,AGA,TCT
X15317.1,251,253,479,481,3,AGA,TCT
X15317.1,119,121,276,278,3,AGA,TCT
X15317.1,106,108,276,278,3,AGA,TCT
X15317.1,158,160,276,278,3,AGA,TCT
X15317.1,134,136,276,278,3,AGA,TCT
X15317.1,116,118,276,278,3,AGA,TCT
X15317.1,137,139,276,278,3,AGA,TCT
X15317.1,15,17,276,278,3,AGA,TCT
X15317.1,251,253,276,278,3,AGA,TCT
X15317.1,331,333,400,402,3,AGA,TCT
X15317.1,201,203,400,402,3,AGA,TCT
X15317.1,199,201,479,481,3,AGA,TCT
X15317.1,285,287,479,481,3,AGA,TCT
X15317.1,199,201,276,278,3,AGA,TCT
X15317.1,331,333,453,455,3,AGA,TCT
X15317.1,201,203,453,455,3,AGA,TCT
X15317.1,130,132,479,481,3,AGA,TCT
X15317.1,130,132,276,278,3,AGA,TCT
X15317.1,119,121,499,501,3,AGA,TCT
X15317.1,106,108,499,501,3,AGA,TCT
X15317.1,329,331,499,501,3,AGA,TCT
X15317.1,158,160,499,501,3,AGA,TCT
X15317.1,134,136,499,501,3,AGA,TCT
X15317.1,116,118,499,501,3,AGA,TCT
X15317.1,326,328,499,501,3,AGA,TCT
X15317.1,137,139,499,501,3,AGA,TCT
X15317.1,15,17,499,501,3,AGA,TCT
X15317.1,251,253,499,501,3,AGA,TCT
X15317.1,199,201,499,501,3,AGA,TCT
X15317.1,285,287,499,501,3,AGA,TCT
X15317.1,121,123,499,501,3,AGA,TCT
X15317.1,108,110,499,501,3,AGA,TCT
X15317.1,263,265,499,501,3,AGA,TCT
X15317.1,82,84,245,247,3,AGC,TCG
X15317.1,82,84,89,91,3,AGC,TCG
X15317.1,82,84,562,564,3,AGC,TCG
X15317.1,293,295,562,564,3,AGC,TCG
X15317.1,296,298,562,564,3,AGC,TCG
X15317.1,243,245,559,561,3,AGT,TCA
X15317.1,243,245,556,558,3,AGT,TCA
X15317.1,87,89,559,561,3,AGT,TCA
X15317.1,87,89,556,558,3,AGT,TCA
X15317.1,266,268,559,561,3,AGT,TCA
X15317.1,266,268,556,558,3,AGT,TCA
X15317.1,77,79,98,100,3,AGT,TCA
X15317.1,87,89,230,232,3,AGT,TCA
X15317.1,254,256,559,561,3,AGT,TCA
X15317.1,254,256,556,558,3,AGT,TCA
X15317.1,350,352,559,561,3,AGT,TCA
X15317.1,350,352,556,558,3,AGT,TCA
X15317.1,323,326,549,552,4,ATAA,TATT
X15317.1,356,359,466,469,4,ATAA,TATT
X15317.1,323,326,448,451,4,ATAA,TATT
X15317.1,323,326,539,542,4,ATAA,TATT
X15317.1,356,359,448,451,4,ATAA,TATT
X15317.1,356,359,539,542,4,ATAA,TATT
X15317.1,524,527,536,539,4,ATAA,TATT
X15317.1,520,523,536,539,4,ATAA,TATT
X15317.1,516,519,536,539,4,ATAA,TATT
X15317.1,323,326,536,539,4,ATAA,TATT
X15317.1,356,359,536,539,4,ATAA,TATT
X15317.1,544,548,547,551,5,ATATA,TATAT
X15317.1,354,358,495,499,5,ATATA,TATAT
X15317.1,227,230,353,356,4,ATAT,TATA
X15317.1,227,230,547,550,4,ATAT,TATA
X15317.1,227,230,545,548,4,ATAT,TATA
X15317.1,506,509,547,550,4,ATAT,TATA
X15317.1,506,509,545,548,4,ATAT,TATA
X15317.1,333,336,353,356,4,ATAT,TATA
X15317.1,333,336,547,550,4,ATAT,TATA
X15317.1,333,336,545,548,4,ATAT,TATA
X15317.1,496,499,501,504,4,ATAT,TATA
X15317.1,354,357,501,504,4,ATAT,TATA
X15317.1,203,206,353,356,4,ATAT,TATA
X15317.1,203,206,547,550,4,ATAT,TATA
X15317.1,203,206,545,548,4,ATAT,TATA
X15317.1,333,336,355,358,4,ATAT,TATA
X15317.1,227,230,355,358,4,ATAT,TATA
X15317.1,323,325,579,581,3,ATA,TAT
X15317.1,356,358,579,581,3,ATA,TAT
X15317.1,378,380,448,450,3,ATA,TAT
X15317.1,378,380,539,541,3,ATA,TAT
X15317.1,378,380,536,538,3,ATA,TAT
X15317.1,378,380,549,551,3,ATA,TAT
X15317.1,71,73,448,450,3,ATA,TAT
X15317.1,71,73,539,541,3,ATA,TAT
X15317.1,502,504,539,541,3,ATA,TAT
X15317.1,71,73,536,538,3,ATA,TAT
X15317.1,502,504,536,538,3,ATA,TAT
X15317.1,71,73,466,468,3,ATA,TAT
X15317.1,323,325,507,509,3,ATA,TAT
X15317.1,323,325,334,336,3,ATA,TAT
X15317.1,378,380,451,453,3,ATA,TAT
X15317.1,323,325,451,453,3,ATA,TAT
X15317.1,378,380,554,556,3,ATA,TAT
X15317.1,323,325,554,556,3,ATA,TAT
X15317.1,71,73,451,453,3,ATA,TAT
X15317.1,356,358,451,453,3,ATA,TAT
X15317.1,71,73,554,556,3,ATA,TAT
X15317.1,502,504,554,556,3,ATA,TAT
X15317.1,356,358,554,556,3,ATA,TAT
X15317.1,75,77,579,581,3,ATA,TAT
X15317.1,75,77,448,450,3,ATA,TAT
X15317.1,75,77,539,541,3,ATA,TAT
X15317.1,75,77,466,468,3,ATA,TAT
X15317.1,75,77,507,509,3,ATA,TAT
X15317.1,75,77,334,336,3,ATA,TAT
X15317.1,75,77,549,551,3,ATA,TAT
X15317.1,75,77,204,206,3,ATA,TAT
X15317.1,378,380,497,499,3,ATA,TAT
X15317.1,323,325,497,499,3,ATA,TAT
X15317.1,75,77,353,355,3,ATA,TAT
X15317.1,323,325,353,355,3,ATA,TAT
X15317.1,544,546,549,551,3,ATA,TAT
X15317.1,71,73,353,355,3,ATA,TAT
X15317.1,506,508,554,556,3,ATA,TAT
X15317.1,506,508,579,581,3,ATA,TAT
X15317.1,506,508,539,541,3,ATA,TAT
X15317.1,506,508,507,509,3,ATA,TAT
X15317.1,506,508,549,551,3,ATA,TAT
X15317.1,227,229,451,453,3,ATA,TAT
X15317.1,227,229,554,556,3,ATA,TAT
X15317.1,227,229,579,581,3,ATA,TAT
X15317.1,227,229,448,450,3,ATA,TAT
X15317.1,227,229,539,541,3,ATA,TAT
X15317.1,333,335,451,453,3,ATA,TAT
X15317.1,333,335,554,556,3,ATA,TAT
X15317.1,333,335,579,581,3,ATA,TAT
X15317.1,333,335,448,450,3,ATA,TAT
X15317.1,333,335,539,541,3,ATA,TAT
X15317.1,203,205,451,453,3,ATA,TAT
X15317.1,203,205,554,556,3,ATA,TAT
X15317.1,203,205,579,581,3,ATA,TAT
X15317.1,203,205,448,450,3,ATA,TAT
X15317.1,203,205,539,541,3,ATA,TAT
X15317.1,75,77,495,497,3,ATA,TAT
X15317.1,227,229,536,538,3,ATA,TAT
X15317.1,333,335,536,538,3,ATA,TAT
X15317.1,75,77,501,503,3,ATA,TAT
X15317.1,203,205,536,538,3,ATA,TAT
X15317.1,71,73,495,497,3,ATA,TAT
X15317.1,356,358,495,497,3,ATA,TAT
X15317.1,227,229,497,499,3,ATA,TAT
X15317.1,227,229,228,230,3,ATA,TAT
X15317.1,227,229,507,509,3,ATA,TAT
X15317.1,227,229,334,336,3,ATA,TAT
X15317.1,227,229,549,551,3,ATA,TAT
X15317.1,333,335,497,499,3,ATA,TAT
X15317.1,333,335,507,509,3,ATA,TAT
X15317.1,333,335,334,336,3,ATA,TAT
X15317.1,333,335,549,551,3,ATA,TAT
X15317.1,71,73,501,503,3,ATA,TAT
X15317.1,356,358,501,503,3,ATA,TAT
X15317.1,203,205,497,499,3,ATA,TAT
X15317.1,203,205,228,230,3,ATA,TAT
X15317.1,203,205,507,509,3,ATA,TAT
X15317.1,203,205,334,336,3,ATA,TAT
X15317.1,203,205,549,551,3,ATA,TAT
X15317.1,203,205,204,206,3,ATA,TAT
X15317.1,524,526,547,549,3,ATA,TAT
X15317.1,520,522,547,549,3,ATA,TAT
X15317.1,516,518,547,549,3,ATA,TAT
X15317.1,354,356,451,453,3,ATA,TAT
X15317.1,354,356,554,556,3,ATA,TAT
X15317.1,354,356,579,581,3,ATA,TAT
X15317.1,354,356,448,450,3,ATA,TAT
X15317.1,354,356,539,541,3,ATA,TAT
X15317.1,524,526,545,547,3,ATA,TAT
X15317.1,520,522,545,547,3,ATA,TAT
X15317.1,516,518,545,547,3,ATA,TAT
X15317.1,546,548,554,556,3,ATA,TAT
X15317.1,546,548,579,581,3,ATA,TAT
X15317.1,496,498,554,556,3,ATA,TAT
X15317.1,496,498,579,581,3,ATA,TAT
X15317.1,496,498,539,541,3,ATA,TAT
X15317.1,548,550,554,556,3,ATA,TAT
X15317.1,548,550,579,581,3,ATA,TAT
X15317.1,75,77,547,549,3,ATA,TAT
X15317.1,354,356,536,538,3,ATA,TAT
X15317.1,75,77,545,547,3,ATA,TAT
X15317.1,496,498,536,538,3,ATA,TAT
X15317.1,75,77,355,357,3,ATA,TAT
X15317.1,378,380,547,549,3,ATA,TAT
X15317.1,323,325,547,549,3,ATA,TAT
X15317.1,354,356,466,468,3,ATA,TAT
X15317.1,378,380,545,547,3,ATA,TAT
X15317.1,323,325,545,547,3,ATA,TAT
X15317.1,323,325,355,357,3,ATA,TAT
X15317.1,229,231,373,375,3,ATC,TAG
X15317.1,408,412,513,517,5,ATTTA,TAAAT
X15317.1,408,412,517,521,5,ATTTA,TAAAT
X15317.1,408,412,521,525,5,ATTTA,TAAAT
X15317.1,467,469,542,544,3,ATT,TAA
X15317.1,59,61,156,158,3,ATT,TAA
X15317.1,59,61,114,116,3,ATT,TAA
X15317.1,59,61,324,326,3,ATT,TAA
X15317.1,205,207,411,413,3,ATT,TAA
X15317.1,205,207,542,544,3,ATT,TAA
X15317.1,511,513,513,515,3,ATT,TAA
X15317.1,205,207,513,515,3,ATT,TAA
X15317.1,467,469,513,515,3,ATT,TAA
X15317.1,449,451,513,515,3,ATT,TAA
X15317.1,59,61,79,81,3,ATT,TAA
X15317.1,234,236,411,413,3,ATT,TAA
X15317.1,234,236,542,544,3,ATT,TAA
X15317.1,234,236,278,280,3,ATT,TAA
X15317.1,234,236,357,359,3,ATT,TAA
X15317.1,234,236,324,326,3,ATT,TAA
X15317.1,408,410,411,413,3,ATT,TAA
X15317.1,408,410,542,544,3,ATT,TAA
X15317.1,59,61,517,519,3,ATT,TAA
X15317.1,59,61,521,523,3,ATT,TAA
X15317.1,59,61,525,527,3,ATT,TAA
X15317.1,511,513,517,519,3,ATT,TAA
X15317.1,511,513,521,523,3,ATT,TAA
X15317.1,511,513,525,527,3,ATT,TAA
X15317.1,295,297,399,401,3,CAG,GTC
X15317.1,198,200,244,246,3,CAG,GTC
X15317.1,224,226,244,246,3,CAG,GTC
X15317.1,316,318,399,401,3,CAG,GTC
X15317.1,86,88,244,246,3,CAG,GTC
X15317.1,86,88,88,90,3,CAG,GTC
X15317.1,74,76,78,80,3,CAT,GTA
X15317.1,223,225,259,261,3,CCA,GGT
X15317.1,152,154,258,260,3,CCC,GGG
X15317.1,101,103,161,163,3,CCC,GGG
X15317.1,144,146,161,163,3,CCC,GGG
X15317.1,102,104,161,163,3,CCC,GGG
X15317.1,152,154,161,163,3,CCC,GGG
X15317.1,67,69,161,163,3,CCC,GGG
X15317.1,153,155,258,260,3,CCC,GGG
X15317.1,153,155,161,163,3,CCC,GGG
X15317.1,101,103,375,377,3,CCC,GGG
X15317.1,144,146,375,377,3,CCC,GGG
X15317.1,102,104,375,377,3,CCC,GGG
X15317.1,152,154,375,377,3,CCC,GGG
X15317.1,314,316,375,377,3,CCC,GGG
X15317.1,170,172,369,371,3,CCG,GGC
X15317.1,170,172,247,249,3,CCG,GGC
X15317.1,303,305,370,372,3,CGA,GCT
X15317.1,192,194,274,276,3,CGA,GCT
X15317.1,321,323,444,446,3,CGA,GCT
X15317.1,360,362,391,393,3,CGC,GCG
X15317.1,281,283,391,393,3,CGC,GCG
X15317.1,171,173,391,393,3,CGC,GCG
X15317.1,390,392,391,393,3,CGC,GCG
X15317.1,186,188,391,393,3,CGC,GCG
X15317.1,246,248,485,487,3,CGG,GCC
X15317.1,246,248,313,315,3,CGG,GCC
X15317.1,246,248,584,586,3,CGG,GCC
X15317.1,246,248,307,309,3,CGG,GCC
X15317.1,246,248,282,284,3,CGG,GCC
X15317.1,246,248,361,363,3,CGG,GCC
X15317.1,33,35,248,250,3,CGT,GCA
X15317.1,33,35,91,93,3,CGT,GCA
X15317.1,33,35,294,296,3,CGT,GCA
X15317.1,22,24,31,33,3,CTG,GAC
X15317.1,215,217,239,241,3,CTG,GAC
X15317.1,8,10,62,64,3,CTG,GAC
X15317.1,8,10,31,33,3,CTG,GAC
X15317.1,8,10,20,22,3,CTG,GAC
X15317.1,22,24,142,144,3,CTG,GAC
X15317.1,8,10,142,144,3,CTG,GAC
X15317.1,164,167,217,220,4,CTTT,GAAA
X15317.1,164,167,289,292,4,CTTT,GAAA
X15317.1,417,420,437,440,4,CTTT,GAAA
X15317.1,431,434,437,440,4,CTTT,GAAA
X15317.1,299,301,327,329,3,CTT,GAA
X15317.1,299,301,437,439,3,CTT,GAA
X15317.1,371,373,437,439,3,CTT,GAA
X15317.1,425,427,437,439,3,CTT,GAA
X15317.1,164,166,337,339,3,CTT,GAA
X15317.1,164,166,270,272,3,CTT,GAA
X15317.1,299,301,343,345,3,CTT,GAA
X15317.1,164,166,252,254,3,CTT,GAA
X15317.1,164,166,264,266,3,CTT,GAA
X15317.1,164,166,327,329,3,CTT,GAA
X15317.1,289,294,473,478,6,GAAAAG,CTTTTC
X15317.1,343,348,473,478,6,GAAAAG,CTTTTC
X15317.1,289,294,417,422,6,GAAAAG,CTTTTC
X15317.1,343,347,431,435,5,GAAAA,CTTTT
X15317.1,343,347,488,492,5,GAAAA,CTTTT
X15317.1,289,293,431,435,5,GAAAA,CTTTT
X15317.1,343,347,575,579,5,GAAAA,CTTTT
X15317.1,217,221,473,477,5,GAAAA,CTTTT
X15317.1,217,221,417,421,5,GAAAA,CTTTT
X15317.1,217,221,431,435,5,GAAAA,CTTTT
X15317.1,217,221,488,492,5,GAAAA,CTTTT
X15317.1,193,197,473,477,5,GAAAA,CTTTT
X15317.1,193,197,417,421,5,GAAAA,CTTTT
X15317.1,193,197,431,435,5,GAAAA,CTTTT
X15317.1,193,197,575,579,5,GAAAA,CTTTT
X15317.1,193,197,488,492,5,GAAAA,CTTTT
X15317.1,437,440,473,476,4,GAAA,CTTT
X15317.1,193,196,365,368,4,GAAA,CTTT
X15317.1,343,346,365,368,4,GAAA,CTTT
X15317.1,289,292,365,368,4,GAAA,CTTT
X15317.1,437,440,488,491,4,GAAA,CTTT
X15317.1,437,440,575,578,4,GAAA,CTTT
X15317.1,131,134,164,167,4,GAAA,CTTT
X15317.1,131,134,488,491,4,GAAA,CTTT
X15317.1,131,134,575,578,4,GAAA,CTTT
X15317.1,131,134,365,368,4,GAAA,CTTT
X15317.1,193,196,461,464,4,GAAA,CTTT
X15317.1,343,346,461,464,4,GAAA,CTTT
X15317.1,437,440,461,464,4,GAAA,CTTT
X15317.1,217,220,461,464,4,GAAA,CTTT
X15317.1,131,134,445,448,4,GAAA,CTTT
X15317.1,289,292,445,448,4,GAAA,CTTT
X15317.1,437,440,445,448,4,GAAA,CTTT
X15317.1,217,220,445,448,4,GAAA,CTTT
X15317.1,138,143,381,386,6,GAAGGA,CTTCCT
X15317.1,16,21,381,386,6,GAAGGA,CTTCCT
X15317.1,193,195,425,427,3,GAA,CTT
X15317.1,343,345,425,427,3,GAA,CTT
X15317.1,122,124,164,166,3,GAA,CTT
X15317.1,122,124,445,447,3,GAA,CTT
X15317.1,109,111,164,166,3,GAA,CTT
X15317.1,109,111,445,447,3,GAA,CTT
X15317.1,289,291,425,427,3,GAA,CTT
X15317.1,122,124,488,490,3,GAA,CTT
X15317.1,122,124,575,577,3,GAA,CTT
X15317.1,122,124,461,463,3,GAA,CTT
X15317.1,109,111,488,490,3,GAA,CTT
X15317.1,109,111,575,577,3,GAA,CTT
X15317.1,109,111,461,463,3,GAA,CTT
X15317.1,217,219,425,427,3,GAA,CTT
X15317.1,122,124,365,367,3,GAA,CTT
X15317.1,109,111,365,367,3,GAA,CTT
X15317.1,131,133,441,443,3,GAA,CTT
X15317.1,193,195,441,443,3,GAA,CTT
X15317.1,343,345,441,443,3,GAA,CTT
X15317.1,289,291,441,443,3,GAA,CTT
X15317.1,135,137,164,166,3,GAA,CTT
X15317.1,135,137,445,447,3,GAA,CTT
X15317.1,117,119,164,166,3,GAA,CTT
X15317.1,117,119,445,447,3,GAA,CTT
X15317.1,327,329,445,447,3,GAA,CTT
X15317.1,138,140,164,166,3,GAA,CTT
X15317.1,138,140,445,447,3,GAA,CTT
X15317.1,16,18,164,166,3,GAA,CTT
X15317.1,16,18,445,447,3,GAA,CTT
X15317.1,264,266,445,447,3,GAA,CTT
X15317.1,252,254,445,447,3,GAA,CTT
X15317.1,135,137,488,490,3,GAA,CTT
X15317.1,135,137,575,577,3,GAA,CTT
X15317.1,135,137,461,463,3,GAA,CTT
X15317.1,117,119,488,490,3,GAA,CTT
X15317.1,117,119,575,577,3,GAA,CTT
X15317.1,117,119,461,463,3,GAA,CTT
X15317.1,327,329,488,490,3,GAA,CTT
X15317.1,327,329,575,577,3,GAA,CTT
X15317.1,327,329,461,463,3,GAA,CTT
X15317.1,138,140,488,490,3,GAA,CTT
X15317.1,138,140,575,577,3,GAA,CTT
X15317.1,138,140,461,463,3,GAA,CTT
X15317.1,16,18,488,490,3,GAA,CTT
X15317.1,16,18,575,577,3,GAA,CTT
X15317.1,16,18,461,463,3,GAA,CTT
X15317.1,264,266,488,490,3,GAA,CTT
X15317.1,264,266,575,577,3,GAA,CTT
X15317.1,264,266,461,463,3,GAA,CTT
X15317.1,252,254,488,490,3,GAA,CTT
X15317.1,252,254,575,577,3,GAA,CTT
X15317.1,252,254,461,463,3,GAA,CTT
X15317.1,135,137,441,443,3,GAA,CTT
X15317.1,135,137,365,367,3,GAA,CTT
X15317.1,117,119,441,443,3,GAA,CTT
X15317.1,117,119,365,367,3,GAA,CTT
X15317.1,327,329,441,443,3,GAA,CTT
X15317.1,327,329,365,367,3,GAA,CTT
X15317.1,138,140,441,443,3,GAA,CTT
X15317.1,138,140,365,367,3,GAA,CTT
X15317.1,16,18,441,443,3,GAA,CTT
X15317.1,16,18,365,367,3,GAA,CTT
X15317.1,264,266,441,443,3,GAA,CTT
X15317.1,264,266,365,367,3,GAA,CTT
X15317.1,252,254,441,443,3,GAA,CTT
X15317.1,252,254,365,367,3,GAA,CTT
X15317.1,270,272,425,427,3,GAA,CTT
X15317.1,270,272,431,433,3,GAA,CTT
X15317.1,270,272,473,475,3,GAA,CTT
X15317.1,270,272,417,419,3,GAA,CTT
X15317.1,270,272,445,447,3,GAA,CTT
X15317.1,270,272,441,443,3,GAA,CTT
X15317.1,270,272,365,367,3,GAA,CTT
X15317.1,122,124,381,383,3,GAA,CTT
X15317.1,109,111,381,383,3,GAA,CTT
X15317.1,131,133,381,383,3,GAA,CTT
X15317.1,193,195,381,383,3,GAA,CTT
X15317.1,343,345,381,383,3,GAA,CTT
X15317.1,289,291,381,383,3,GAA,CTT
X15317.1,135,137,371,373,3,GAA,CTT
X15317.1,117,119,371,373,3,GAA,CTT
X15317.1,327,329,371,373,3,GAA,CTT
X15317.1,138,140,371,373,3,GAA,CTT
X15317.1,16,18,371,373,3,GAA,CTT
X15317.1,264,266,371,373,3,GAA,CTT
X15317.1,252,254,371,373,3,GAA,CTT
X15317.1,122,124,371,373,3,GAA,CTT
X15317.1,109,111,371,373,3,GAA,CTT
X15317.1,131,133,371,373,3,GAA,CTT
X15317.1,270,272,371,373,3,GAA,CTT
X15317.1,289,291,371,373,3,GAA,CTT
X15317.1,217,219,371,373,3,GAA,CTT
X15317.1,135,137,299,301,3,GAA,CTT
X15317.1,117,119,299,301,3,GAA,CTT
X15317.1,138,140,299,301,3,GAA,CTT
X15317.1,16,18,299,301,3,GAA,CTT
X15317.1,264,266,299,301,3,GAA,CTT
X15317.1,252,254,299,301,3,GAA,CTT
X15317.1,122,124,299,301,3,GAA,CTT
X15317.1,109,111,299,301,3,GAA,CTT
X15317.1,131,133,299,301,3,GAA,CTT
X15317.1,193,195,299,301,3,GAA,CTT
X15317.1,217,219,299,301,3,GAA,CTT
X15317.1,337,339,425,427,3,GAA,CTT
X15317.1,337,339,431,433,3,GAA,CTT
X15317.1,337,339,473,475,3,GAA,CTT
X15317.1,337,339,417,419,3,GAA,CTT
X15317.1,337,339,445,447,3,GAA,CTT
X15317.1,337,339,488,490,3,GAA,CTT
X15317.1,337,339,575,577,3,GAA,CTT
X15317.1,337,339,461,463,3,GAA,CTT
X15317.1,31,33,401,403,3,GAC,CTG
X15317.1,239,241,483,485,3,GAC,CTG
X15317.1,31,33,215,217,3,GAC,CTG
X15317.1,20,22,401,403,3,GAC,CTG
X15317.1,20,22,483,485,3,GAC,CTG
X15317.1,20,22,22,24,3,GAC,CTG
X15317.1,62,64,401,403,3,GAC,CTG
X15317.1,142,144,215,217,3,GAC,CTG
X15317.1,142,144,401,403,3,GAC,CTG
X15317.1,142,144,483,485,3,GAC,CTG
X15317.1,120,125,423,428,6,GAGAAC,CTCTTG
X15317.1,107,112,423,428,6,GAGAAC,CTCTTG
X15317.1,83,85,392,394,3,GCA,CGT
X15317.1,294,296,392,394,3,GCA,CGT
X15317.1,151,153,246,248,3,GCC,CGG
X15317.1,172,174,246,248,3,GCC,CGG
X15317.1,187,189,563,565,3,GCT,CGA
X15317.1,187,189,303,305,3,GCT,CGA
X15317.1,54,56,321,323,3,GCT,CGA
X15317.1,370,372,563,565,3,GCT,CGA
X15317.1,163,165,563,565,3,GCT,CGA
X15317.1,187,189,342,344,3,GCT,CGA
X15317.1,163,165,303,305,3,GCT,CGA
X15317.1,54,56,342,344,3,GCT,CGA
X15317.1,444,446,563,565,3,GCT,CGA
X15317.1,187,189,192,194,3,GCT,CGA
X15317.1,306,308,389,391,3,GGC,CCG
X15317.1,312,314,389,391,3,GGC,CCG
X15317.1,318,320,389,391,3,GGC,CCG
X15317.1,273,275,389,391,3,GGC,CCG
X15317.1,306,308,320,322,3,GGC,CCG
X15317.1,312,314,320,322,3,GGC,CCG
X15317.1,318,320,320,322,3,GGC,CCG
X15317.1,162,164,170,172,3,GGC,CCG
X15317.1,369,371,389,391,3,GGC,CCG
X15317.1,273,275,589,591,3,GGC,CCG
X15317.1,306,308,589,591,3,GGC,CCG
X15317.1,312,314,589,591,3,GGC,CCG
X15317.1,318,320,589,591,3,GGC,CCG
X15317.1,247,249,341,343,3,GGC,CCG
X15317.1,162,164,589,591,3,GGC,CCG
X15317.1,247,249,389,391,3,GGC,CCG
X15317.1,369,371,589,591,3,GGC,CCG
X15317.1,161,163,486,488,3,GGG,CCC
X15317.1,375,377,388,390,3,GGG,CCC
X15317.1,29,31,388,390,3,GGG,CCC
X15317.1,29,31,387,389,3,GGG,CCC
X15317.1,29,31,152,154,3,GGG,CCC
X15317.1,161,163,314,316,3,GGG,CCC
X15317.1,29,31,314,316,3,GGG,CCC
X15317.1,29,31,102,104,3,GGG,CCC
X15317.1,258,260,387,389,3,GGG,CCC
X15317.1,258,260,486,488,3,GGG,CCC
X15317.1,258,260,388,390,3,GGG,CCC
X15317.1,96,98,362,364,3,GGT,CCA
X15317.1,259,261,585,587,3,GGT,CCA
X15317.1,259,261,283,285,3,GGT,CCA
X15317.1,259,261,308,310,3,GGT,CCA
X15317.1,96,98,308,310,3,GGT,CCA
X15317.1,96,98,103,105,3,GGT,CCA
X15317.1,96,98,145,147,3,GGT,CCA
X15317.1,1,3,223,225,3,GGT,CCA
X15317.1,1,3,308,310,3,GGT,CCA
X15317.1,1,3,362,364,3,GGT,CCA
X15317.1,1,3,585,587,3,GGT,CCA
X15317.1,1,3,283,285,3,GGT,CCA
X15317.1,1,3,103,105,3,GGT,CCA
X15317.1,1,3,145,147,3,GGT,CCA
X15317.1,1,3,315,317,3,GGT,CCA
X15317.1,1,3,125,127,3,GGT,CCA
X15317.1,2,4,233,235,3,GTA,CAT
X15317.1,78,80,177,179,3,GTA,CAT
X15317.1,2,4,560,562,3,GTA,CAT
X15317.1,2,4,557,559,3,GTA,CAT
X15317.1,78,80,505,507,3,GTA,CAT
X15317.1,535,537,560,562,3,GTA,CAT
X15317.1,535,537,557,559,3,GTA,CAT
X15317.1,2,4,505,507,3,GTA,CAT
X15317.1,2,4,74,76,3,GTA,CAT
X15317.1,88,90,316,318,3,GTC,CAG
X15317.1,244,246,316,318,3,GTC,CAG
X15317.1,97,99,295,297,3,GTC,CAG
X15317.1,168,170,295,297,3,GTC,CAG
X15317.1,168,170,586,588,3,GTC,CAG
X15317.1,88,90,224,226,3,GTC,CAG
X15317.1,88,90,284,286,3,GTC,CAG
X15317.1,244,246,284,286,3,GTC,CAG
X15317.1,168,170,224,226,3,GTC,CAG
X15317.1,168,170,284,286,3,GTC,CAG
X15317.1,88,90,198,200,3,GTC,CAG
X15317.1,97,99,198,200,3,GTC,CAG
X15317.1,399,401,586,588,3,GTC,CAG
X15317.1,357,359,408,410,3,TAA,ATT
X15317.1,79,81,205,207,3,TAA,ATT
X15317.1,12,14,205,207,3,TAA,ATT
X15317.1,357,359,413,415,3,TAA,ATT
X15317.1,189,191,550,552,3,TAA,ATT
X15317.1,278,280,550,552,3,TAA,ATT
X15317.1,189,191,234,236,3,TAA,ATT
X15317.1,189,191,413,415,3,TAA,ATT
X15317.1,278,280,413,415,3,TAA,ATT
X15317.1,525,527,532,534,3,TAA,ATT
X15317.1,521,523,532,534,3,TAA,ATT
X15317.1,517,519,532,534,3,TAA,ATT
X15317.1,79,81,532,534,3,TAA,ATT
X15317.1,324,326,408,410,3,TAA,ATT
X15317.1,189,191,467,469,3,TAA,ATT
X15317.1,278,280,467,469,3,TAA,ATT
X15317.1,79,81,467,469,3,TAA,ATT
X15317.1,324,326,532,534,3,TAA,ATT
X15317.1,324,326,413,415,3,TAA,ATT
X15317.1,12,14,467,469,3,TAA,ATT
X15317.1,114,116,205,207,3,TAA,ATT
X15317.1,114,116,550,552,3,TAA,ATT
X15317.1,156,158,205,207,3,TAA,ATT
X15317.1,156,158,550,552,3,TAA,ATT
X15317.1,114,116,234,236,3,TAA,ATT
X15317.1,156,158,234,236,3,TAA,ATT
X15317.1,114,116,532,534,3,TAA,ATT
X15317.1,114,116,413,415,3,TAA,ATT
X15317.1,156,158,532,534,3,TAA,ATT
X15317.1,156,158,413,415,3,TAA,ATT
X15317.1,114,116,537,539,3,TAA,ATT
X15317.1,156,158,537,539,3,TAA,ATT
X15317.1,189,191,537,539,3,TAA,ATT
X15317.1,278,280,537,539,3,TAA,ATT
X15317.1,114,116,449,451,3,TAA,ATT
X15317.1,156,158,449,451,3,TAA,ATT
X15317.1,189,191,449,451,3,TAA,ATT
X15317.1,278,280,449,451,3,TAA,ATT
X15317.1,114,116,540,542,3,TAA,ATT
X15317.1,156,158,540,542,3,TAA,ATT
X15317.1,189,191,540,542,3,TAA,ATT
X15317.1,278,280,540,542,3,TAA,ATT
X15317.1,79,81,537,539,3,TAA,ATT
X15317.1,79,81,449,451,3,TAA,ATT
X15317.1,79,81,540,542,3,TAA,ATT
X15317.1,12,14,537,539,3,TAA,ATT
X15317.1,513,515,537,539,3,TAA,ATT
X15317.1,12,14,449,451,3,TAA,ATT
X15317.1,12,14,540,542,3,TAA,ATT
X15317.1,513,515,540,542,3,TAA,ATT
X15317.1,324,326,511,513,3,TAA,ATT
X15317.1,357,359,511,513,3,TAA,ATT
X15317.1,79,81,511,513,3,TAA,ATT
X15317.1,12,14,511,513,3,TAA,ATT
X15317.1,542,544,550,552,3,TAA,ATT
X15317.1,411,413,467,469,3,TAA,ATT
X15317.1,411,413,550,552,3,TAA,ATT
X15317.1,373,375,452,454,3,TAG,ATC
X15317.1,373,375,498,500,3,TAG,ATC
X15317.1,129,131,339,341,3,TAG,ATC
X15317.1,129,131,221,223,3,TAG,ATC
X15317.1,129,131,555,557,3,TAG,ATC
X15317.1,129,131,229,231,3,TAG,ATC
X15317.1,76,78,339,341,3,TAG,ATC
X15317.1,76,78,221,223,3,TAG,ATC
X15317.1,373,375,555,557,3,TAG,ATC
X15317.1,129,131,558,560,3,TAG,ATC
X15317.1,373,375,558,560,3,TAG,ATC
X15317.1,76,78,561,563,3,TAG,ATC
X15317.1,129,131,561,563,3,TAG,ATC
X15317.1,373,375,561,563,3,TAG,ATC
X15317.1,353,357,354,358,5,TATAT,ATATA
X15317.1,495,499,546,550,5,TATAT,ATATA
X15317.1,495,499,544,548,5,TATAT,ATATA
X15317.1,70,73,548,551,4,TATA,ATAT
X15317.1,501,504,548,551,4,TATA,ATAT
X15317.1,355,358,506,509,4,TATA,ATAT
X15317.1,70,73,496,499,4,TATA,ATAT
X15317.1,70,73,546,549,4,TATA,ATAT
X15317.1,501,504,546,549,4,TATA,ATAT
X15317.1,70,73,354,357,4,TATA,ATAT
X15317.1,495,498,496,499,4,TATA,ATAT
X15317.1,495,498,548,551,4,TATA,ATAT
X15317.1,495,498,506,509,4,TATA,ATAT
X15317.1,353,356,496,499,4,TATA,ATAT
X15317.1,353,356,548,551,4,TATA,ATAT
X15317.1,355,358,544,547,4,TATA,ATAT
X15317.1,70,73,544,547,4,TATA,ATAT
X15317.1,501,504,544,547,4,TATA,ATAT
X15317.1,353,356,506,509,4,TATA,ATAT
X15317.1,204,207,323,326,4,TATT,ATAA
X15317.1,204,207,516,519,4,TATT,ATAA
X15317.1,204,207,520,523,4,TATT,ATAA
X15317.1,204,207,524,527,4,TATT,ATAA
X15317.1,466,469,516,519,4,TATT,ATAA
X15317.1,466,469,520,523,4,TATT,ATAA
X15317.1,466,469,524,527,4,TATT,ATAA
X15317.1,228,230,333,335,3,TAT,ATA
X15317.1,228,230,506,508,3,TAT,ATA
X15317.1,497,499,506,508,3,TAT,ATA
X15317.1,228,230,544,546,3,TAT,ATA
X15317.1,497,499,544,546,3,TAT,ATA
X15317.1,70,72,75,77,3,TAT,ATA
X15317.1,451,453,548,550,3,TAT,ATA
X15317.1,451,453,496,498,3,TAT,ATA
X15317.1,451,453,546,548,3,TAT,ATA
X15317.1,451,453,506,508,3,TAT,ATA
X15317.1,70,72,502,504,3,TAT,ATA
X15317.1,501,503,502,504,3,TAT,ATA
X15317.1,495,497,502,504,3,TAT,ATA
X15317.1,70,72,71,73,3,TAT,ATA
X15317.1,334,336,506,508,3,TAT,ATA
X15317.1,334,336,544,546,3,TAT,ATA
X15317.1,507,509,544,546,3,TAT,ATA
X15317.1,451,453,502,504,3,TAT,ATA
X15317.1,353,355,502,504,3,TAT,ATA
X15317.1,228,230,378,380,3,TAT,ATA
X15317.1,355,357,378,380,3,TAT,ATA
X15317.1,353,355,378,380,3,TAT,ATA
X15317.1,70,72,356,358,3,TAT,ATA
X15317.1,204,206,378,380,3,TAT,ATA
X15317.1,204,206,333,335,3,TAT,ATA
X15317.1,204,206,227,229,3,TAT,ATA
X15317.1,204,206,506,508,3,TAT,ATA
X15317.1,353,355,356,358,3,TAT,ATA
X15317.1,204,206,544,546,3,TAT,ATA
X15317.1,466,468,502,504,3,TAT,ATA
X15317.1,466,468,548,550,3,TAT,ATA
X15317.1,466,468,496,498,3,TAT,ATA
X15317.1,466,468,546,548,3,TAT,ATA
X15317.1,228,230,323,325,3,TAT,ATA
X15317.1,466,468,506,508,3,TAT,ATA
X15317.1,466,468,544,546,3,TAT,ATA
X15317.1,536,538,548,550,3,TAT,ATA
X15317.1,536,538,546,548,3,TAT,ATA
X15317.1,536,538,544,546,3,TAT,ATA
X15317.1,539,541,548,550,3,TAT,ATA
X15317.1,539,541,546,548,3,TAT,ATA
X15317.1,448,450,502,504,3,TAT,ATA
X15317.1,448,450,548,550,3,TAT,ATA
X15317.1,448,450,496,498,3,TAT,ATA
X15317.1,448,450,546,548,3,TAT,ATA
X15317.1,334,336,516,518,3,TAT,ATA
X15317.1,507,509,516,518,3,TAT,ATA
X15317.1,228,230,516,518,3,TAT,ATA
X15317.1,497,499,516,518,3,TAT,ATA
X15317.1,355,357,516,518,3,TAT,ATA
X15317.1,334,336,520,522,3,TAT,ATA
X15317.1,507,509,520,522,3,TAT,ATA
X15317.1,228,230,520,522,3,TAT,ATA
X15317.1,497,499,520,522,3,TAT,ATA
X15317.1,355,357,520,522,3,TAT,ATA
X15317.1,334,336,524,526,3,TAT,ATA
X15317.1,507,509,524,526,3,TAT,ATA
X15317.1,228,230,524,526,3,TAT,ATA
X15317.1,497,499,524,526,3,TAT,ATA
X15317.1,355,357,524,526,3,TAT,ATA
X15317.1,70,72,516,518,3,TAT,ATA
X15317.1,501,503,516,518,3,TAT,ATA
X15317.1,495,497,516,518,3,TAT,ATA
X15317.1,70,72,520,522,3,TAT,ATA
X15317.1,501,503,520,522,3,TAT,ATA
X15317.1,495,497,520,522,3,TAT,ATA
X15317.1,70,72,524,526,3,TAT,ATA
X15317.1,501,503,524,526,3,TAT,ATA
X15317.1,495,497,524,526,3,TAT,ATA
X15317.1,448,450,506,508,3,TAT,ATA
X15317.1,230,232,350,352,3,TCA,AGT
X15317.1,230,232,254,256,3,TCA,AGT
X15317.1,98,100,350,352,3,TCA,AGT
X15317.1,98,100,254,256,3,TCA,AGT
X15317.1,56,58,266,268,3,TCA,AGT
X15317.1,56,58,87,89,3,TCA,AGT
X15317.1,230,232,243,245,3,TCA,AGT
X15317.1,56,58,243,245,3,TCA,AGT
X15317.1,98,100,243,245,3,TCA,AGT
X15317.1,556,558,565,567,3,TCA,AGT
X15317.1,559,561,565,567,3,TCA,AGT
X15317.1,56,58,77,79,3,TCA,AGT
X15317.1,185,187,296,298,3,TCG,AGC
X15317.1,185,187,587,589,3,TCG,AGC
X15317.1,245,247,293,295,3,TCG,AGC
X15317.1,89,91,293,295,3,TCG,AGC
X15317.1,210,212,296,298,3,TCG,AGC
X15317.1,210,212,587,589,3,TCG,AGC
X15317.1,562,564,587,589,3,TCG,AGC
X15317.1,276,278,285,287,3,TCT,AGA
X15317.1,276,278,329,331,3,TCT,AGA
X15317.1,214,216,331,333,3,TCT,AGA
X15317.1,214,216,285,287,3,TCT,AGA
X15317.1,214,216,225,227,3,TCT,AGA
X15317.1,214,216,263,265,3,TCT,AGA
X15317.1,276,278,326,328,3,TCT,AGA
X15317.1,150,152,280,282,3,TGC,ACG
X15317.1,150,152,359,361,3,TGC,ACG
X15317.1,150,152,191,193,3,TGC,ACG
X15317.1,95,97,143,145,3,TGG,ACC
X15317.1,95,97,100,102,3,TGG,ACC
X15317.1,95,97,111,113,3,TGG,ACC
X15317.1,300,302,412,414,3,TTA,AAT
X15317.1,300,302,531,533,3,TTA,AAT
X15317.1,11,13,148,150,3,TTA,AAT
X15317.1,372,374,412,414,3,TTA,AAT
X15317.1,11,13,338,340,3,TTA,AAT
X15317.1,372,374,531,533,3,TTA,AAT
X15317.1,11,13,220,222,3,TTA,AAT
X15317.1,372,374,543,545,3,TTA,AAT
X15317.1,300,302,543,545,3,TTA,AAT
X15317.1,11,13,543,545,3,TTA,AAT
X15317.1,410,412,543,545,3,TTA,AAT
X15317.1,450,452,531,533,3,TTA,AAT
X15317.1,352,354,412,414,3,TTA,AAT
X15317.1,352,354,531,533,3,TTA,AAT
X15317.1,512,514,515,517,3,TTA,AAT
X15317.1,512,514,519,521,3,TTA,AAT
X15317.1,512,514,523,525,3,TTA,AAT
X15317.1,372,374,515,517,3,TTA,AAT
X15317.1,300,302,515,517,3,TTA,AAT
X15317.1,372,374,519,521,3,TTA,AAT
X15317.1,300,302,519,521,3,TTA,AAT
X15317.1,372,374,523,525,3,TTA,AAT
X15317.1,300,302,523,525,3,TTA,AAT
X15317.1,11,13,515,517,3,TTA,AAT
X15317.1,11,13,519,521,3,TTA,AAT
X15317.1,11,13,523,525,3,TTA,AAT
X15317.1,42,46,139,143,5,TTCCT,AAGGA
X15317.1,213,216,325,328,4,TTCT,AAGA
X15317.1,213,216,328,331,4,TTCT,AAGA
X15317.1,42,44,253,255,3,TTC,AAG
X15317.1,42,44,265,267,3,TTC,AAG
X15317.1,42,44,242,244,3,TTC,AAG
X15317.1,209,211,271,273,3,TTC,AAG
X15317.1,209,211,253,255,3,TTC,AAG
X15317.1,209,211,265,267,3,TTC,AAG
X15317.1,209,211,346,348,3,TTC,AAG
X15317.1,184,186,271,273,3,TTC,AAG
X15317.1,184,186,253,255,3,TTC,AAG
X15317.1,184,186,265,267,3,TTC,AAG
X15317.1,184,186,310,312,3,TTC,AAG
X15317.1,184,186,242,244,3,TTC,AAG
X15317.1,209,211,325,327,3,TTC,AAG
X15317.1,42,44,157,159,3,TTC,AAG
X15317.1,184,186,325,327,3,TTC,AAG
X15317.1,42,44,325,327,3,TTC,AAG
X15317.1,42,44,115,117,3,TTC,AAG
X15317.1,209,211,328,330,3,TTC,AAG
X15317.1,184,186,328,330,3,TTC,AAG
X15317.1,42,44,328,330,3,TTC,AAG
X15317.1,42,44,118,120,3,TTC,AAG
X15317.1,42,44,136,138,3,TTC,AAG
X15317.1,213,215,271,273,3,TTC,AAG
X15317.1,213,215,253,255,3,TTC,AAG
X15317.1,213,215,265,267,3,TTC,AAG
X15317.1,42,44,105,107,3,TTC,AAG
X15317.1,213,215,292,294,3,TTC,AAG
X15317.1,213,215,346,348,3,TTC,AAG
X15317.1,184,186,250,252,3,TTC,AAG
X15317.1,42,44,250,252,3,TTC,AAG
X15317.1,446,451,514,519,6,TTTATT,AAATAA
X15317.1,446,451,518,523,6,TTTATT,AAATAA
X15317.1,446,451,522,527,6,TTTATT,AAATAA
X15317.1,41,44,80,83,4,TTTC,AAAG
X15317.1,41,44,132,135,4,TTTC,AAAG
X15317.1,40,46,344,350,7,TTTTCCT,AAAAGGA
X15317.1,40,44,290,294,5,TTTTC,AAAAG
X15317.1,182,186,344,348,5,TTTTC,AAAAG
X15317.1,25,29,194,198,5,TTTTG,AAAAC
X15317.1,50,54,194,198,5,TTTTG,AAAAC

Total for length 3 is 1139.
Total for length 4 is 171.
Total for length 5 is 80.
Total for length 6 is 19.
Total for length 7 is 2.

