Input file is sequence7.fasta.
Minimal fragment length is 3.
Working with probability estimation.
P value is : 0.050000.
Printing all instances.
Looking for direct non-complementary repeats.
X15317.1 Alphabet size is 4.
Input sequence has 2 letters that are not in expected alphabet.
Letters are : N.
X15317.1,290,293,527,530,4,AAAA,AAAA
X15317.1,290,293,528,531,4,AAAA,AAAA
X15317.1,344,347,527,530,4,AAAA,AAAA
X15317.1,344,347,528,531,4,AAAA,AAAA
X15317.1,290,293,526,529,4,AAAA,AAAA
X15317.1,344,347,526,529,4,AAAA,AAAA
X15317.1,290,293,529,532,4,AAAA,AAAA
X15317.1,344,347,529,532,4,AAAA,AAAA
X15317.1,526,529,529,532,4,AAAA,AAAA
X15317.1,218,221,527,530,4,AAAA,AAAA
X15317.1,218,221,528,531,4,AAAA,AAAA
X15317.1,218,221,526,529,4,AAAA,AAAA
X15317.1,194,197,529,532,4,AAAA,AAAA
X15317.1,194,197,527,530,4,AAAA,AAAA
X15317.1,194,197,528,531,4,AAAA,AAAA
X15317.1,194,197,526,529,4,AAAA,AAAA
X15317.1,194,196,195,197,3,AAA,AAA
X15317.1,195,197,290,292,3,AAA,AAA
X15317.1,195,197,344,346,3,AAA,AAA
X15317.1,195,197,218,220,3,AAA,AAA
X15317.1,195,197,526,528,3,AAA,AAA
X15317.1,438,440,527,529,3,AAA,AAA
X15317.1,438,440,528,530,3,AAA,AAA
X15317.1,438,440,529,531,3,AAA,AAA
X15317.1,438,440,526,528,3,AAA,AAA
X15317.1,291,293,438,440,3,AAA,AAA
X15317.1,194,196,291,293,3,AAA,AAA
X15317.1,290,292,291,293,3,AAA,AAA
X15317.1,291,293,344,346,3,AAA,AAA
X15317.1,218,220,291,293,3,AAA,AAA
X15317.1,345,347,438,440,3,AAA,AAA
X15317.1,194,196,345,347,3,AAA,AAA
X15317.1,290,292,345,347,3,AAA,AAA
X15317.1,344,346,345,347,3,AAA,AAA
X15317.1,218,220,345,347,3,AAA,AAA
X15317.1,291,293,526,528,3,AAA,AAA
X15317.1,345,347,526,528,3,AAA,AAA
X15317.1,132,134,195,197,3,AAA,AAA
X15317.1,132,134,527,529,3,AAA,AAA
X15317.1,132,134,528,530,3,AAA,AAA
X15317.1,132,134,529,531,3,AAA,AAA
X15317.1,132,134,526,528,3,AAA,AAA
X15317.1,13,15,195,197,3,AAA,AAA
X15317.1,13,15,527,529,3,AAA,AAA
X15317.1,13,15,528,530,3,AAA,AAA
X15317.1,13,15,529,531,3,AAA,AAA
X15317.1,80,82,195,197,3,AAA,AAA
X15317.1,80,82,527,529,3,AAA,AAA
X15317.1,80,82,528,530,3,AAA,AAA
X15317.1,80,82,529,531,3,AAA,AAA
X15317.1,13,15,438,440,3,AAA,AAA
X15317.1,13,15,194,196,3,AAA,AAA
X15317.1,13,15,290,292,3,AAA,AAA
X15317.1,13,15,344,346,3,AAA,AAA
X15317.1,13,15,218,220,3,AAA,AAA
X15317.1,80,82,438,440,3,AAA,AAA
X15317.1,80,82,194,196,3,AAA,AAA
X15317.1,80,82,290,292,3,AAA,AAA
X15317.1,80,82,344,346,3,AAA,AAA
X15317.1,80,82,218,220,3,AAA,AAA
X15317.1,132,134,219,221,3,AAA,AAA
X15317.1,219,221,438,440,3,AAA,AAA
X15317.1,194,196,219,221,3,AAA,AAA
X15317.1,219,221,290,292,3,AAA,AAA
X15317.1,219,221,344,346,3,AAA,AAA
X15317.1,218,220,219,221,3,AAA,AAA
X15317.1,132,134,530,532,3,AAA,AAA
X15317.1,438,440,530,532,3,AAA,AAA
X15317.1,194,196,530,532,3,AAA,AAA
X15317.1,290,292,530,532,3,AAA,AAA
X15317.1,344,346,530,532,3,AAA,AAA
X15317.1,218,220,530,532,3,AAA,AAA
X15317.1,13,15,219,221,3,AAA,AAA
X15317.1,80,82,219,221,3,AAA,AAA
X15317.1,219,221,526,528,3,AAA,AAA
X15317.1,13,15,530,532,3,AAA,AAA
X15317.1,80,82,530,532,3,AAA,AAA
X15317.1,526,528,530,532,3,AAA,AAA
X15317.1,147,149,291,293,3,AAA,AAA
X15317.1,147,149,345,347,3,AAA,AAA
X15317.1,147,149,195,197,3,AAA,AAA
X15317.1,147,149,527,529,3,AAA,AAA
X15317.1,147,149,528,530,3,AAA,AAA
X15317.1,147,149,529,531,3,AAA,AAA
X15317.1,132,134,147,149,3,AAA,AAA
X15317.1,147,149,438,440,3,AAA,AAA
X15317.1,147,149,194,196,3,AAA,AAA
X15317.1,147,149,290,292,3,AAA,AAA
X15317.1,147,149,344,346,3,AAA,AAA
X15317.1,147,149,218,220,3,AAA,AAA
X15317.1,13,15,147,149,3,AAA,AAA
X15317.1,80,82,147,149,3,AAA,AAA
X15317.1,147,149,526,528,3,AAA,AAA
X15317.1,291,293,522,524,3,AAA,AAA
X15317.1,345,347,522,524,3,AAA,AAA
X15317.1,195,197,522,524,3,AAA,AAA
X15317.1,522,524,527,529,3,AAA,AAA
X15317.1,522,524,528,530,3,AAA,AAA
X15317.1,522,524,529,531,3,AAA,AAA
X15317.1,291,293,518,520,3,AAA,AAA
X15317.1,345,347,518,520,3,AAA,AAA
X15317.1,195,197,518,520,3,AAA,AAA
X15317.1,518,520,527,529,3,AAA,AAA
X15317.1,518,520,528,530,3,AAA,AAA
X15317.1,518,520,529,531,3,AAA,AAA
X15317.1,291,293,514,516,3,AAA,AAA
X15317.1,345,347,514,516,3,AAA,AAA
X15317.1,195,197,514,516,3,AAA,AAA
X15317.1,514,516,527,529,3,AAA,AAA
X15317.1,514,516,528,530,3,AAA,AAA
X15317.1,514,516,529,531,3,AAA,AAA
X15317.1,132,134,522,524,3,AAA,AAA
X15317.1,438,440,522,524,3,AAA,AAA
X15317.1,194,196,522,524,3,AAA,AAA
X15317.1,290,292,522,524,3,AAA,AAA
X15317.1,344,346,522,524,3,AAA,AAA
X15317.1,218,220,522,524,3,AAA,AAA
X15317.1,132,134,518,520,3,AAA,AAA
X15317.1,438,440,518,520,3,AAA,AAA
X15317.1,194,196,518,520,3,AAA,AAA
X15317.1,290,292,518,520,3,AAA,AAA
X15317.1,344,346,518,520,3,AAA,AAA
X15317.1,218,220,518,520,3,AAA,AAA
X15317.1,132,134,514,516,3,AAA,AAA
X15317.1,438,440,514,516,3,AAA,AAA
X15317.1,194,196,514,516,3,AAA,AAA
X15317.1,290,292,514,516,3,AAA,AAA
X15317.1,344,346,514,516,3,AAA,AAA
X15317.1,218,220,514,516,3,AAA,AAA
X15317.1,115,121,133,139,7,AAGAAGA,AAGAAGA
X15317.1,133,139,325,331,7,AAGAAGA,AAGAAGA
X15317.1,14,22,136,144,9,AAGAAGGAC,AAGAAGGAC
X15317.1,14,19,115,120,6,AAGAAG,AAGAAG
X15317.1,14,19,325,330,6,AAGAAG,AAGAAG
X15317.1,133,138,136,141,6,AAGAAG,AAGAAG
X15317.1,115,120,136,141,6,AAGAAG,AAGAAG
X15317.1,136,141,325,330,6,AAGAAG,AAGAAG
X15317.1,14,19,250,255,6,AAGAAG,AAGAAG
X15317.1,133,138,250,255,6,AAGAAG,AAGAAG
X15317.1,136,141,250,255,6,AAGAAG,AAGAAG
X15317.1,115,120,250,255,6,AAGAAG,AAGAAG
X15317.1,250,255,325,330,6,AAGAAG,AAGAAG
X15317.1,105,113,118,126,9,AAGAGAACC,AAGAGAACC
X15317.1,105,108,133,136,4,AAGA,AAGA
X15317.1,14,17,105,108,4,AAGA,AAGA
X15317.1,105,108,136,139,4,AAGA,AAGA
X15317.1,105,108,115,118,4,AAGA,AAGA
X15317.1,105,108,325,328,4,AAGA,AAGA
X15317.1,118,121,133,136,4,AAGA,AAGA
X15317.1,14,17,118,121,4,AAGA,AAGA
X15317.1,133,136,328,331,4,AAGA,AAGA
X15317.1,14,17,328,331,4,AAGA,AAGA
X15317.1,118,121,250,253,4,AAGA,AAGA
X15317.1,250,253,328,331,4,AAGA,AAGA
X15317.1,115,118,118,121,4,AAGA,AAGA
X15317.1,118,121,325,328,4,AAGA,AAGA
X15317.1,115,118,328,331,4,AAGA,AAGA
X15317.1,325,328,328,331,4,AAGA,AAGA
X15317.1,133,136,157,160,4,AAGA,AAGA
X15317.1,14,17,157,160,4,AAGA,AAGA
X15317.1,157,160,250,253,4,AAGA,AAGA
X15317.1,136,139,157,160,4,AAGA,AAGA
X15317.1,81,83,250,252,3,AAG,AAG
X15317.1,81,83,105,107,3,AAG,AAG
X15317.1,250,252,292,294,3,AAG,AAG
X15317.1,105,107,292,294,3,AAG,AAG
X15317.1,81,83,136,138,3,AAG,AAG
X15317.1,81,83,118,120,3,AAG,AAG
X15317.1,81,83,328,330,3,AAG,AAG
X15317.1,136,138,292,294,3,AAG,AAG
X15317.1,118,120,292,294,3,AAG,AAG
X15317.1,292,294,328,330,3,AAG,AAG
X15317.1,81,83,115,117,3,AAG,AAG
X15317.1,81,83,325,327,3,AAG,AAG
X15317.1,81,83,157,159,3,AAG,AAG
X15317.1,115,117,292,294,3,AAG,AAG
X15317.1,292,294,325,327,3,AAG,AAG
X15317.1,157,159,292,294,3,AAG,AAG
X15317.1,250,252,346,348,3,AAG,AAG
X15317.1,105,107,346,348,3,AAG,AAG
X15317.1,136,138,346,348,3,AAG,AAG
X15317.1,118,120,346,348,3,AAG,AAG
X15317.1,328,330,346,348,3,AAG,AAG
X15317.1,115,117,346,348,3,AAG,AAG
X15317.1,325,327,346,348,3,AAG,AAG
X15317.1,157,159,346,348,3,AAG,AAG
X15317.1,81,83,310,312,3,AAG,AAG
X15317.1,292,294,310,312,3,AAG,AAG
X15317.1,133,135,310,312,3,AAG,AAG
X15317.1,14,16,310,312,3,AAG,AAG
X15317.1,136,138,310,312,3,AAG,AAG
X15317.1,118,120,310,312,3,AAG,AAG
X15317.1,310,312,328,330,3,AAG,AAG
X15317.1,115,117,310,312,3,AAG,AAG
X15317.1,310,312,325,327,3,AAG,AAG
X15317.1,157,159,310,312,3,AAG,AAG
X15317.1,81,83,139,141,3,AAG,AAG
X15317.1,139,141,292,294,3,AAG,AAG
X15317.1,133,135,139,141,3,AAG,AAG
X15317.1,14,16,139,141,3,AAG,AAG
X15317.1,17,19,81,83,3,AAG,AAG
X15317.1,17,19,292,294,3,AAG,AAG
X15317.1,17,19,133,135,3,AAG,AAG
X15317.1,14,16,17,19,3,AAG,AAG
X15317.1,81,83,271,273,3,AAG,AAG
X15317.1,271,273,292,294,3,AAG,AAG
X15317.1,133,135,271,273,3,AAG,AAG
X15317.1,14,16,271,273,3,AAG,AAG
X15317.1,139,141,250,252,3,AAG,AAG
X15317.1,105,107,139,141,3,AAG,AAG
X15317.1,17,19,250,252,3,AAG,AAG
X15317.1,17,19,105,107,3,AAG,AAG
X15317.1,250,252,271,273,3,AAG,AAG
X15317.1,105,107,271,273,3,AAG,AAG
X15317.1,115,117,139,141,3,AAG,AAG
X15317.1,139,141,325,327,3,AAG,AAG
X15317.1,139,141,157,159,3,AAG,AAG
X15317.1,17,19,115,117,3,AAG,AAG
X15317.1,17,19,325,327,3,AAG,AAG
X15317.1,17,19,157,159,3,AAG,AAG
X15317.1,115,117,271,273,3,AAG,AAG
X15317.1,271,273,325,327,3,AAG,AAG
X15317.1,157,159,271,273,3,AAG,AAG
X15317.1,242,244,346,348,3,AAG,AAG
X15317.1,81,83,242,244,3,AAG,AAG
X15317.1,242,244,292,294,3,AAG,AAG
X15317.1,133,135,242,244,3,AAG,AAG
X15317.1,14,16,242,244,3,AAG,AAG
X15317.1,139,141,242,244,3,AAG,AAG
X15317.1,17,19,242,244,3,AAG,AAG
X15317.1,242,244,271,273,3,AAG,AAG
X15317.1,136,138,242,244,3,AAG,AAG
X15317.1,118,120,242,244,3,AAG,AAG
X15317.1,242,244,328,330,3,AAG,AAG
X15317.1,115,117,242,244,3,AAG,AAG
X15317.1,242,244,325,327,3,AAG,AAG
X15317.1,157,159,242,244,3,AAG,AAG
X15317.1,265,267,346,348,3,AAG,AAG
X15317.1,81,83,265,267,3,AAG,AAG
X15317.1,265,267,292,294,3,AAG,AAG
X15317.1,133,135,265,267,3,AAG,AAG
X15317.1,14,16,265,267,3,AAG,AAG
X15317.1,253,255,346,348,3,AAG,AAG
X15317.1,81,83,253,255,3,AAG,AAG
X15317.1,253,255,292,294,3,AAG,AAG
X15317.1,133,135,253,255,3,AAG,AAG
X15317.1,14,16,253,255,3,AAG,AAG
X15317.1,265,267,310,312,3,AAG,AAG
X15317.1,250,252,265,267,3,AAG,AAG
X15317.1,105,107,265,267,3,AAG,AAG
X15317.1,253,255,310,312,3,AAG,AAG
X15317.1,250,252,253,255,3,AAG,AAG
X15317.1,105,107,253,255,3,AAG,AAG
X15317.1,115,117,265,267,3,AAG,AAG
X15317.1,265,267,325,327,3,AAG,AAG
X15317.1,157,159,265,267,3,AAG,AAG
X15317.1,115,117,253,255,3,AAG,AAG
X15317.1,253,255,325,327,3,AAG,AAG
X15317.1,157,159,253,255,3,AAG,AAG
X15317.1,4,6,124,126,3,ACC,ACC
X15317.1,4,6,111,113,3,ACC,ACC
X15317.1,100,102,124,126,3,ACC,ACC
X15317.1,100,102,111,113,3,ACC,ACC
X15317.1,124,126,143,145,3,ACC,ACC
X15317.1,111,113,143,145,3,ACC,ACC
X15317.1,66,68,124,126,3,ACC,ACC
X15317.1,66,68,111,113,3,ACC,ACC
X15317.1,4,6,100,102,3,ACC,ACC
X15317.1,4,6,143,145,3,ACC,ACC
X15317.1,302,304,359,361,3,ACG,ACG
X15317.1,280,282,302,304,3,ACG,ACG
X15317.1,32,34,359,361,3,ACG,ACG
X15317.1,32,34,280,282,3,ACG,ACG
X15317.1,32,34,191,193,3,ACG,ACG
X15317.1,32,34,302,304,3,ACG,ACG
X15317.1,137,141,263,267,5,AGAAG,AGAAG
X15317.1,15,19,263,267,5,AGAAG,AGAAG
X15317.1,134,138,263,267,5,AGAAG,AGAAG
X15317.1,116,120,263,267,5,AGAAG,AGAAG
X15317.1,263,267,326,330,5,AGAAG,AGAAG
X15317.1,121,124,134,137,4,AGAA,AGAA
X15317.1,108,111,134,137,4,AGAA,AGAA
X15317.1,116,119,121,124,4,AGAA,AGAA
X15317.1,108,111,116,119,4,AGAA,AGAA
X15317.1,121,124,326,329,4,AGAA,AGAA
X15317.1,108,111,326,329,4,AGAA,AGAA
X15317.1,121,124,137,140,4,AGAA,AGAA
X15317.1,108,111,137,140,4,AGAA,AGAA
X15317.1,15,18,121,124,4,AGAA,AGAA
X15317.1,15,18,108,111,4,AGAA,AGAA
X15317.1,121,124,251,254,4,AGAA,AGAA
X15317.1,108,111,251,254,4,AGAA,AGAA
X15317.1,130,133,134,137,4,AGAA,AGAA
X15317.1,116,119,130,133,4,AGAA,AGAA
X15317.1,130,133,326,329,4,AGAA,AGAA
X15317.1,130,133,137,140,4,AGAA,AGAA
X15317.1,15,18,130,133,4,AGAA,AGAA
X15317.1,130,133,251,254,4,AGAA,AGAA
X15317.1,130,133,263,266,4,AGAA,AGAA
X15317.1,121,124,130,133,4,AGAA,AGAA
X15317.1,108,111,130,133,4,AGAA,AGAA
X15317.1,199,206,329,336,8,AGAGATAT,AGAGATAT
X15317.1,225,230,331,336,6,AGATAT,AGATAT
X15317.1,201,206,225,230,6,AGATAT,AGATAT
X15317.1,119,121,121,123,3,AGA,AGA
X15317.1,108,110,119,121,3,AGA,AGA
X15317.1,119,121,263,265,3,AGA,AGA
X15317.1,106,108,121,123,3,AGA,AGA
X15317.1,106,108,108,110,3,AGA,AGA
X15317.1,106,108,263,265,3,AGA,AGA
X15317.1,121,123,329,331,3,AGA,AGA
X15317.1,108,110,329,331,3,AGA,AGA
X15317.1,263,265,329,331,3,AGA,AGA
X15317.1,121,123,158,160,3,AGA,AGA
X15317.1,108,110,158,160,3,AGA,AGA
X15317.1,158,160,263,265,3,AGA,AGA
X15317.1,119,121,130,132,3,AGA,AGA
X15317.1,106,108,130,132,3,AGA,AGA
X15317.1,130,132,329,331,3,AGA,AGA
X15317.1,130,132,158,160,3,AGA,AGA
X15317.1,134,136,199,201,3,AGA,AGA
X15317.1,116,118,199,201,3,AGA,AGA
X15317.1,199,201,326,328,3,AGA,AGA
X15317.1,137,139,199,201,3,AGA,AGA
X15317.1,15,17,199,201,3,AGA,AGA
X15317.1,199,201,251,253,3,AGA,AGA
X15317.1,134,136,285,287,3,AGA,AGA
X15317.1,116,118,285,287,3,AGA,AGA
X15317.1,285,287,326,328,3,AGA,AGA
X15317.1,137,139,285,287,3,AGA,AGA
X15317.1,15,17,285,287,3,AGA,AGA
X15317.1,251,253,285,287,3,AGA,AGA
X15317.1,121,123,199,201,3,AGA,AGA
X15317.1,108,110,199,201,3,AGA,AGA
X15317.1,199,201,263,265,3,AGA,AGA
X15317.1,121,123,285,287,3,AGA,AGA
X15317.1,108,110,285,287,3,AGA,AGA
X15317.1,263,265,285,287,3,AGA,AGA
X15317.1,130,132,199,201,3,AGA,AGA
X15317.1,130,132,285,287,3,AGA,AGA
X15317.1,119,121,225,227,3,AGA,AGA
X15317.1,106,108,225,227,3,AGA,AGA
X15317.1,225,227,329,331,3,AGA,AGA
X15317.1,158,160,225,227,3,AGA,AGA
X15317.1,134,136,225,227,3,AGA,AGA
X15317.1,116,118,225,227,3,AGA,AGA
X15317.1,225,227,326,328,3,AGA,AGA
X15317.1,137,139,225,227,3,AGA,AGA
X15317.1,15,17,225,227,3,AGA,AGA
X15317.1,225,227,251,253,3,AGA,AGA
X15317.1,121,123,225,227,3,AGA,AGA
X15317.1,108,110,225,227,3,AGA,AGA
X15317.1,225,227,263,265,3,AGA,AGA
X15317.1,130,132,225,227,3,AGA,AGA
X15317.1,119,121,331,333,3,AGA,AGA
X15317.1,106,108,331,333,3,AGA,AGA
X15317.1,329,331,331,333,3,AGA,AGA
X15317.1,158,160,331,333,3,AGA,AGA
X15317.1,134,136,331,333,3,AGA,AGA
X15317.1,116,118,331,333,3,AGA,AGA
X15317.1,326,328,331,333,3,AGA,AGA
X15317.1,137,139,331,333,3,AGA,AGA
X15317.1,15,17,331,333,3,AGA,AGA
X15317.1,251,253,331,333,3,AGA,AGA
X15317.1,119,121,201,203,3,AGA,AGA
X15317.1,106,108,201,203,3,AGA,AGA
X15317.1,201,203,329,331,3,AGA,AGA
X15317.1,158,160,201,203,3,AGA,AGA
X15317.1,134,136,201,203,3,AGA,AGA
X15317.1,116,118,201,203,3,AGA,AGA
X15317.1,201,203,326,328,3,AGA,AGA
X15317.1,137,139,201,203,3,AGA,AGA
X15317.1,15,17,201,203,3,AGA,AGA
X15317.1,201,203,251,253,3,AGA,AGA
X15317.1,199,201,331,333,3,AGA,AGA
X15317.1,285,287,331,333,3,AGA,AGA
X15317.1,199,201,201,203,3,AGA,AGA
X15317.1,201,203,285,287,3,AGA,AGA
X15317.1,130,132,331,333,3,AGA,AGA
X15317.1,130,132,201,203,3,AGA,AGA
X15317.1,227,230,544,547,4,ATAT,ATAT
X15317.1,227,230,354,357,4,ATAT,ATAT
X15317.1,227,230,546,549,4,ATAT,ATAT
X15317.1,496,499,544,547,4,ATAT,ATAT
X15317.1,506,509,544,547,4,ATAT,ATAT
X15317.1,227,230,506,509,4,ATAT,ATAT
X15317.1,496,499,506,509,4,ATAT,ATAT
X15317.1,354,357,506,509,4,ATAT,ATAT
X15317.1,506,509,546,549,4,ATAT,ATAT
X15317.1,333,336,544,547,4,ATAT,ATAT
X15317.1,333,336,496,499,4,ATAT,ATAT
X15317.1,333,336,354,357,4,ATAT,ATAT
X15317.1,333,336,546,549,4,ATAT,ATAT
X15317.1,203,206,544,547,4,ATAT,ATAT
X15317.1,203,206,506,509,4,ATAT,ATAT
X15317.1,203,206,496,499,4,ATAT,ATAT
X15317.1,203,206,354,357,4,ATAT,ATAT
X15317.1,203,206,546,549,4,ATAT,ATAT
X15317.1,544,547,548,551,4,ATAT,ATAT
X15317.1,506,509,548,551,4,ATAT,ATAT
X15317.1,333,336,548,551,4,ATAT,ATAT
X15317.1,227,230,548,551,4,ATAT,ATAT
X15317.1,378,380,524,526,3,ATA,ATA
X15317.1,378,380,520,522,3,ATA,ATA
X15317.1,378,380,516,518,3,ATA,ATA
X15317.1,356,358,378,380,3,ATA,ATA
X15317.1,71,73,524,526,3,ATA,ATA
X15317.1,71,73,520,522,3,ATA,ATA
X15317.1,71,73,516,518,3,ATA,ATA
X15317.1,502,504,524,526,3,ATA,ATA
X15317.1,502,504,520,522,3,ATA,ATA
X15317.1,502,504,516,518,3,ATA,ATA
X15317.1,71,73,323,325,3,ATA,ATA
X15317.1,323,325,502,504,3,ATA,ATA
X15317.1,378,380,544,546,3,ATA,ATA
X15317.1,323,325,544,546,3,ATA,ATA
X15317.1,71,73,544,546,3,ATA,ATA
X15317.1,502,504,544,546,3,ATA,ATA
X15317.1,356,358,544,546,3,ATA,ATA
X15317.1,506,508,524,526,3,ATA,ATA
X15317.1,506,508,520,522,3,ATA,ATA
X15317.1,506,508,516,518,3,ATA,ATA
X15317.1,378,380,506,508,3,ATA,ATA
X15317.1,323,325,506,508,3,ATA,ATA
X15317.1,71,73,506,508,3,ATA,ATA
X15317.1,502,504,506,508,3,ATA,ATA
X15317.1,356,358,506,508,3,ATA,ATA
X15317.1,227,229,524,526,3,ATA,ATA
X15317.1,227,229,520,522,3,ATA,ATA
X15317.1,227,229,516,518,3,ATA,ATA
X15317.1,333,335,524,526,3,ATA,ATA
X15317.1,333,335,520,522,3,ATA,ATA
X15317.1,333,335,516,518,3,ATA,ATA
X15317.1,203,205,524,526,3,ATA,ATA
X15317.1,203,205,520,522,3,ATA,ATA
X15317.1,203,205,516,518,3,ATA,ATA
X15317.1,71,73,227,229,3,ATA,ATA
X15317.1,227,229,502,504,3,ATA,ATA
X15317.1,227,229,356,358,3,ATA,ATA
X15317.1,71,73,333,335,3,ATA,ATA
X15317.1,333,335,502,504,3,ATA,ATA
X15317.1,333,335,356,358,3,ATA,ATA
X15317.1,71,73,203,205,3,ATA,ATA
X15317.1,203,205,502,504,3,ATA,ATA
X15317.1,203,205,356,358,3,ATA,ATA
X15317.1,354,356,524,526,3,ATA,ATA
X15317.1,354,356,520,522,3,ATA,ATA
X15317.1,354,356,516,518,3,ATA,ATA
X15317.1,524,526,546,548,3,ATA,ATA
X15317.1,520,522,546,548,3,ATA,ATA
X15317.1,516,518,546,548,3,ATA,ATA
X15317.1,496,498,524,526,3,ATA,ATA
X15317.1,496,498,520,522,3,ATA,ATA
X15317.1,496,498,516,518,3,ATA,ATA
X15317.1,524,526,548,550,3,ATA,ATA
X15317.1,520,522,548,550,3,ATA,ATA
X15317.1,516,518,548,550,3,ATA,ATA
X15317.1,354,356,378,380,3,ATA,ATA
X15317.1,323,325,354,356,3,ATA,ATA
X15317.1,378,380,546,548,3,ATA,ATA
X15317.1,323,325,546,548,3,ATA,ATA
X15317.1,378,380,496,498,3,ATA,ATA
X15317.1,323,325,496,498,3,ATA,ATA
X15317.1,378,380,548,550,3,ATA,ATA
X15317.1,323,325,548,550,3,ATA,ATA
X15317.1,75,77,544,546,3,ATA,ATA
X15317.1,75,77,524,526,3,ATA,ATA
X15317.1,75,77,520,522,3,ATA,ATA
X15317.1,75,77,516,518,3,ATA,ATA
X15317.1,75,77,227,229,3,ATA,ATA
X15317.1,75,77,333,335,3,ATA,ATA
X15317.1,75,77,203,205,3,ATA,ATA
X15317.1,75,77,378,380,3,ATA,ATA
X15317.1,75,77,323,325,3,ATA,ATA
X15317.1,75,77,354,356,3,ATA,ATA
X15317.1,75,77,546,548,3,ATA,ATA
X15317.1,75,77,496,498,3,ATA,ATA
X15317.1,75,77,548,550,3,ATA,ATA
X15317.1,71,73,75,77,3,ATA,ATA
X15317.1,75,77,502,504,3,ATA,ATA
X15317.1,75,77,356,358,3,ATA,ATA
X15317.1,178,180,335,337,3,ATG,ATG
X15317.1,178,180,508,510,3,ATG,ATG
X15317.1,149,151,178,180,3,ATG,ATG
X15317.1,94,96,178,180,3,ATG,ATG
X15317.1,149,151,580,582,3,ATG,ATG
X15317.1,149,151,335,337,3,ATG,ATG
X15317.1,149,151,508,510,3,ATG,ATG
X15317.1,94,96,580,582,3,ATG,ATG
X15317.1,94,96,335,337,3,ATG,ATG
X15317.1,94,96,508,510,3,ATG,ATG
X15317.1,59,61,511,513,3,ATT,ATT
X15317.1,511,513,532,534,3,ATT,ATT
X15317.1,59,61,540,542,3,ATT,ATT
X15317.1,59,61,449,451,3,ATT,ATT
X15317.1,59,61,537,539,3,ATT,ATT
X15317.1,532,534,540,542,3,ATT,ATT
X15317.1,449,451,532,534,3,ATT,ATT
X15317.1,532,534,537,539,3,ATT,ATT
X15317.1,205,207,511,513,3,ATT,ATT
X15317.1,413,415,511,513,3,ATT,ATT
X15317.1,205,207,413,415,3,ATT,ATT
X15317.1,413,415,540,542,3,ATT,ATT
X15317.1,413,415,449,451,3,ATT,ATT
X15317.1,413,415,537,539,3,ATT,ATT
X15317.1,59,61,234,236,3,ATT,ATT
X15317.1,234,236,532,534,3,ATT,ATT
X15317.1,234,236,511,513,3,ATT,ATT
X15317.1,205,207,234,236,3,ATT,ATT
X15317.1,234,236,540,542,3,ATT,ATT
X15317.1,234,236,449,451,3,ATT,ATT
X15317.1,234,236,537,539,3,ATT,ATT
X15317.1,59,61,408,410,3,ATT,ATT
X15317.1,408,410,532,534,3,ATT,ATT
X15317.1,205,207,408,410,3,ATT,ATT
X15317.1,408,410,540,542,3,ATT,ATT
X15317.1,408,410,449,451,3,ATT,ATT
X15317.1,408,410,537,539,3,ATT,ATT
X15317.1,59,61,550,552,3,ATT,ATT
X15317.1,532,534,550,552,3,ATT,ATT
X15317.1,511,513,550,552,3,ATT,ATT
X15317.1,413,415,467,469,3,ATT,ATT
X15317.1,59,61,467,469,3,ATT,ATT
X15317.1,467,469,532,534,3,ATT,ATT
X15317.1,234,236,467,469,3,ATT,ATT
X15317.1,408,410,467,469,3,ATT,ATT
X15317.1,467,469,511,513,3,ATT,ATT
X15317.1,74,76,557,559,3,CAT,CAT
X15317.1,505,507,557,559,3,CAT,CAT
X15317.1,74,76,560,562,3,CAT,CAT
X15317.1,505,507,560,562,3,CAT,CAT
X15317.1,177,179,557,559,3,CAT,CAT
X15317.1,177,179,560,562,3,CAT,CAT
X15317.1,233,235,557,559,3,CAT,CAT
X15317.1,233,235,560,562,3,CAT,CAT
X15317.1,320,322,389,391,3,CCG,CCG
X15317.1,341,343,389,391,3,CCG,CCG
X15317.1,170,172,320,322,3,CCG,CCG
X15317.1,389,391,589,591,3,CCG,CCG
X15317.1,170,172,589,591,3,CCG,CCG
X15317.1,341,343,589,591,3,CCG,CCG
X15317.1,303,305,342,344,3,CGA,CGA
X15317.1,192,194,563,565,3,CGA,CGA
X15317.1,342,344,563,565,3,CGA,CGA
X15317.1,303,305,321,323,3,CGA,CGA
X15317.1,192,194,321,323,3,CGA,CGA
X15317.1,321,323,563,565,3,CGA,CGA
X15317.1,90,92,390,392,3,CGC,CGC
X15317.1,186,188,390,392,3,CGC,CGC
X15317.1,360,362,390,392,3,CGC,CGC
X15317.1,281,283,390,392,3,CGC,CGC
X15317.1,90,92,360,362,3,CGC,CGC
X15317.1,90,92,281,283,3,CGC,CGC
X15317.1,186,188,360,362,3,CGC,CGC
X15317.1,186,188,281,283,3,CGC,CGC
X15317.1,90,92,171,173,3,CGC,CGC
X15317.1,171,173,186,188,3,CGC,CGC
X15317.1,69,77,500,508,9,CTATACATA,CTATACATA
X15317.1,275,278,456,459,4,CTCT,CTCT
X15317.1,275,278,454,457,4,CTCT,CTCT
X15317.1,275,278,423,426,4,CTCT,CTCT
X15317.1,275,278,471,474,4,CTCT,CTCT
X15317.1,423,426,456,459,4,CTCT,CTCT
X15317.1,423,426,454,457,4,CTCT,CTCT
X15317.1,423,426,478,481,4,CTCT,CTCT
X15317.1,456,459,471,474,4,CTCT,CTCT
X15317.1,454,457,471,474,4,CTCT,CTCT
X15317.1,471,474,478,481,4,CTCT,CTCT
X15317.1,417,421,488,492,5,CTTTT,CTTTT
X15317.1,473,477,488,492,5,CTTTT,CTTTT
X15317.1,431,435,575,579,5,CTTTT,CTTTT
X15317.1,417,421,575,579,5,CTTTT,CTTTT
X15317.1,473,477,575,579,5,CTTTT,CTTTT
X15317.1,365,368,575,578,4,CTTT,CTTT
X15317.1,365,368,488,491,4,CTTT,CTTT
X15317.1,164,167,575,578,4,CTTT,CTTT
X15317.1,164,167,488,491,4,CTTT,CTTT
X15317.1,365,368,417,420,4,CTTT,CTTT
X15317.1,365,368,473,476,4,CTTT,CTTT
X15317.1,365,368,431,434,4,CTTT,CTTT
X15317.1,164,167,417,420,4,CTTT,CTTT
X15317.1,164,167,473,476,4,CTTT,CTTT
X15317.1,164,167,431,434,4,CTTT,CTTT
X15317.1,445,448,461,464,4,CTTT,CTTT
X15317.1,365,368,461,464,4,CTTT,CTTT
X15317.1,164,167,461,464,4,CTTT,CTTT
X15317.1,417,420,461,464,4,CTTT,CTTT
X15317.1,461,464,473,476,4,CTTT,CTTT
X15317.1,431,434,461,464,4,CTTT,CTTT
X15317.1,365,368,445,448,4,CTTT,CTTT
X15317.1,445,448,575,578,4,CTTT,CTTT
X15317.1,445,448,488,491,4,CTTT,CTTT
X15317.1,417,420,445,448,4,CTTT,CTTT
X15317.1,445,448,473,476,4,CTTT,CTTT
X15317.1,431,434,445,448,4,CTTT,CTTT
X15317.1,193,197,217,221,5,GAAAA,GAAAA
X15317.1,193,197,289,293,5,GAAAA,GAAAA
X15317.1,217,221,343,347,5,GAAAA,GAAAA
X15317.1,217,221,289,293,5,GAAAA,GAAAA
X15317.1,122,124,193,195,3,GAA,GAA
X15317.1,122,124,343,345,3,GAA,GAA
X15317.1,109,111,193,195,3,GAA,GAA
X15317.1,109,111,343,345,3,GAA,GAA
X15317.1,122,124,289,291,3,GAA,GAA
X15317.1,109,111,289,291,3,GAA,GAA
X15317.1,122,124,217,219,3,GAA,GAA
X15317.1,122,124,437,439,3,GAA,GAA
X15317.1,109,111,217,219,3,GAA,GAA
X15317.1,109,111,437,439,3,GAA,GAA
X15317.1,135,137,193,195,3,GAA,GAA
X15317.1,135,137,343,345,3,GAA,GAA
X15317.1,117,119,193,195,3,GAA,GAA
X15317.1,117,119,343,345,3,GAA,GAA
X15317.1,193,195,327,329,3,GAA,GAA
X15317.1,327,329,343,345,3,GAA,GAA
X15317.1,138,140,193,195,3,GAA,GAA
X15317.1,138,140,343,345,3,GAA,GAA
X15317.1,16,18,193,195,3,GAA,GAA
X15317.1,16,18,343,345,3,GAA,GAA
X15317.1,193,195,264,266,3,GAA,GAA
X15317.1,264,266,343,345,3,GAA,GAA
X15317.1,193,195,252,254,3,GAA,GAA
X15317.1,252,254,343,345,3,GAA,GAA
X15317.1,135,137,289,291,3,GAA,GAA
X15317.1,117,119,289,291,3,GAA,GAA
X15317.1,289,291,327,329,3,GAA,GAA
X15317.1,138,140,289,291,3,GAA,GAA
X15317.1,16,18,289,291,3,GAA,GAA
X15317.1,264,266,289,291,3,GAA,GAA
X15317.1,252,254,289,291,3,GAA,GAA
X15317.1,135,137,217,219,3,GAA,GAA
X15317.1,135,137,437,439,3,GAA,GAA
X15317.1,117,119,217,219,3,GAA,GAA
X15317.1,117,119,437,439,3,GAA,GAA
X15317.1,217,219,327,329,3,GAA,GAA
X15317.1,327,329,437,439,3,GAA,GAA
X15317.1,138,140,217,219,3,GAA,GAA
X15317.1,138,140,437,439,3,GAA,GAA
X15317.1,16,18,217,219,3,GAA,GAA
X15317.1,16,18,437,439,3,GAA,GAA
X15317.1,217,219,264,266,3,GAA,GAA
X15317.1,264,266,437,439,3,GAA,GAA
X15317.1,217,219,252,254,3,GAA,GAA
X15317.1,252,254,437,439,3,GAA,GAA
X15317.1,122,124,270,272,3,GAA,GAA
X15317.1,109,111,270,272,3,GAA,GAA
X15317.1,131,133,270,272,3,GAA,GAA
X15317.1,193,195,270,272,3,GAA,GAA
X15317.1,270,272,343,345,3,GAA,GAA
X15317.1,217,219,270,272,3,GAA,GAA
X15317.1,270,272,437,439,3,GAA,GAA
X15317.1,135,137,337,339,3,GAA,GAA
X15317.1,117,119,337,339,3,GAA,GAA
X15317.1,327,329,337,339,3,GAA,GAA
X15317.1,138,140,337,339,3,GAA,GAA
X15317.1,16,18,337,339,3,GAA,GAA
X15317.1,264,266,337,339,3,GAA,GAA
X15317.1,252,254,337,339,3,GAA,GAA
X15317.1,122,124,337,339,3,GAA,GAA
X15317.1,109,111,337,339,3,GAA,GAA
X15317.1,131,133,337,339,3,GAA,GAA
X15317.1,193,195,337,339,3,GAA,GAA
X15317.1,337,339,343,345,3,GAA,GAA
X15317.1,270,272,337,339,3,GAA,GAA
X15317.1,289,291,337,339,3,GAA,GAA
X15317.1,62,64,239,241,3,GAC,GAC
X15317.1,62,64,142,144,3,GAC,GAC
X15317.1,31,33,62,64,3,GAC,GAC
X15317.1,226,228,510,512,3,GAT,GAT
X15317.1,332,334,510,512,3,GAT,GAT
X15317.1,202,204,510,512,3,GAT,GAT
X15317.1,226,228,407,409,3,GAT,GAT
X15317.1,332,334,407,409,3,GAT,GAT
X15317.1,202,204,407,409,3,GAT,GAT
X15317.1,322,324,510,512,3,GAT,GAT
X15317.1,322,324,407,409,3,GAT,GAT
X15317.1,377,379,510,512,3,GAT,GAT
X15317.1,377,379,407,409,3,GAT,GAT
X15317.1,313,315,361,363,3,GCC,GCC
X15317.1,282,284,313,315,3,GCC,GCC
X15317.1,313,315,584,586,3,GCC,GCC
X15317.1,151,153,361,363,3,GCC,GCC
X15317.1,151,153,282,284,3,GCC,GCC
X15317.1,361,363,485,487,3,GCC,GCC
X15317.1,282,284,485,487,3,GCC,GCC
X15317.1,151,153,307,309,3,GCC,GCC
X15317.1,307,309,485,487,3,GCC,GCC
X15317.1,361,363,588,590,3,GCC,GCC
X15317.1,282,284,588,590,3,GCC,GCC
X15317.1,313,315,588,590,3,GCC,GCC
X15317.1,307,309,588,590,3,GCC,GCC
X15317.1,151,153,588,590,3,GCC,GCC
X15317.1,485,487,588,590,3,GCC,GCC
X15317.1,584,586,588,590,3,GCC,GCC
X15317.1,319,321,361,363,3,GCC,GCC
X15317.1,282,284,319,321,3,GCC,GCC
X15317.1,151,153,319,321,3,GCC,GCC
X15317.1,319,321,485,487,3,GCC,GCC
X15317.1,319,321,584,586,3,GCC,GCC
X15317.1,297,299,361,363,3,GCC,GCC
X15317.1,282,284,297,299,3,GCC,GCC
X15317.1,297,299,319,321,3,GCC,GCC
X15317.1,297,299,313,315,3,GCC,GCC
X15317.1,297,299,307,309,3,GCC,GCC
X15317.1,151,153,297,299,3,GCC,GCC
X15317.1,297,299,485,487,3,GCC,GCC
X15317.1,297,299,584,586,3,GCC,GCC
X15317.1,172,174,588,590,3,GCC,GCC
X15317.1,172,174,319,321,3,GCC,GCC
X15317.1,172,174,313,315,3,GCC,GCC
X15317.1,172,174,307,309,3,GCC,GCC
X15317.1,151,153,172,174,3,GCC,GCC
X15317.1,172,174,485,487,3,GCC,GCC
X15317.1,172,174,584,586,3,GCC,GCC
X15317.1,54,56,370,372,3,GCT,GCT
X15317.1,54,56,163,165,3,GCT,GCT
X15317.1,274,276,444,446,3,GCT,GCT
X15317.1,187,189,370,372,3,GCT,GCT
X15317.1,163,165,187,189,3,GCT,GCT
X15317.1,187,189,274,276,3,GCT,GCT
X15317.1,187,189,444,446,3,GCT,GCT
X15317.1,54,56,187,189,3,GCT,GCT
X15317.1,161,163,258,260,3,GGG,GGG
X15317.1,29,31,161,163,3,GGG,GGG
X15317.1,258,260,375,377,3,GGG,GGG
X15317.1,1,3,259,261,3,GGT,GGT
X15317.1,1,3,96,98,3,GGT,GGT
X15317.1,96,98,259,261,3,GGT,GGT
X15317.1,2,4,78,80,3,GTA,GTA
X15317.1,78,80,535,537,3,GTA,GTA
X15317.1,2,4,535,537,3,GTA,GTA
X15317.1,97,99,168,170,3,GTC,GTC
X15317.1,97,99,399,401,3,GTC,GTC
X15317.1,88,90,97,99,3,GTC,GTC
X15317.1,97,99,244,246,3,GTC,GTC
X15317.1,88,90,168,170,3,GTC,GTC
X15317.1,168,170,244,246,3,GTC,GTC
X15317.1,88,90,399,401,3,GTC,GTC
X15317.1,244,246,399,401,3,GTC,GTC
X15317.1,34,41,566,573,8,GTGTTTTT,GTGTTTTT
X15317.1,393,398,568,573,6,GTTTTT,GTTTTT
X15317.1,180,185,393,398,6,GTTTTT,GTTTTT
X15317.1,48,53,568,573,6,GTTTTT,GTTTTT
X15317.1,48,53,180,185,6,GTTTTT,GTTTTT
X15317.1,36,41,393,398,6,GTTTTT,GTTTTT
X15317.1,36,41,48,53,6,GTTTTT,GTTTTT
X15317.1,513,524,517,528,12,TAAATAAATAAA,TAAATAAATAAA
X15317.1,513,520,521,528,8,TAAATAAA,TAAATAAA
X15317.1,278,285,357,364,8,TAACGCCA,TAACGCCA
X15317.1,114,123,324,333,10,TAAGAAGAGA,TAAGAAGAGA
X15317.1,79,81,357,359,3,TAA,TAA
X15317.1,12,14,357,359,3,TAA,TAA
X15317.1,357,359,513,515,3,TAA,TAA
X15317.1,189,191,525,527,3,TAA,TAA
X15317.1,189,191,521,523,3,TAA,TAA
X15317.1,189,191,517,519,3,TAA,TAA
X15317.1,278,280,525,527,3,TAA,TAA
X15317.1,278,280,521,523,3,TAA,TAA
X15317.1,278,280,517,519,3,TAA,TAA
X15317.1,79,81,189,191,3,TAA,TAA
X15317.1,79,81,278,280,3,TAA,TAA
X15317.1,12,14,189,191,3,TAA,TAA
X15317.1,189,191,513,515,3,TAA,TAA
X15317.1,12,14,278,280,3,TAA,TAA
X15317.1,278,280,513,515,3,TAA,TAA
X15317.1,189,191,324,326,3,TAA,TAA
X15317.1,278,280,324,326,3,TAA,TAA
X15317.1,79,81,324,326,3,TAA,TAA
X15317.1,12,14,324,326,3,TAA,TAA
X15317.1,324,326,513,515,3,TAA,TAA
X15317.1,114,116,357,359,3,TAA,TAA
X15317.1,114,116,525,527,3,TAA,TAA
X15317.1,114,116,521,523,3,TAA,TAA
X15317.1,114,116,517,519,3,TAA,TAA
X15317.1,156,158,357,359,3,TAA,TAA
X15317.1,156,158,525,527,3,TAA,TAA
X15317.1,156,158,521,523,3,TAA,TAA
X15317.1,156,158,517,519,3,TAA,TAA
X15317.1,79,81,114,116,3,TAA,TAA
X15317.1,79,81,156,158,3,TAA,TAA
X15317.1,12,14,114,116,3,TAA,TAA
X15317.1,114,116,513,515,3,TAA,TAA
X15317.1,12,14,156,158,3,TAA,TAA
X15317.1,156,158,513,515,3,TAA,TAA
X15317.1,324,326,542,544,3,TAA,TAA
X15317.1,357,359,542,544,3,TAA,TAA
X15317.1,525,527,542,544,3,TAA,TAA
X15317.1,521,523,542,544,3,TAA,TAA
X15317.1,517,519,542,544,3,TAA,TAA
X15317.1,324,326,411,413,3,TAA,TAA
X15317.1,357,359,411,413,3,TAA,TAA
X15317.1,411,413,525,527,3,TAA,TAA
X15317.1,411,413,521,523,3,TAA,TAA
X15317.1,411,413,517,519,3,TAA,TAA
X15317.1,114,116,542,544,3,TAA,TAA
X15317.1,156,158,542,544,3,TAA,TAA
X15317.1,189,191,542,544,3,TAA,TAA
X15317.1,278,280,542,544,3,TAA,TAA
X15317.1,114,116,411,413,3,TAA,TAA
X15317.1,156,158,411,413,3,TAA,TAA
X15317.1,189,191,411,413,3,TAA,TAA
X15317.1,278,280,411,413,3,TAA,TAA
X15317.1,79,81,542,544,3,TAA,TAA
X15317.1,79,81,411,413,3,TAA,TAA
X15317.1,76,78,129,131,3,TAG,TAG
X15317.1,76,78,373,375,3,TAG,TAG
X15317.1,129,131,373,375,3,TAG,TAG
X15317.1,495,499,547,551,5,TATAT,TATAT
X15317.1,353,357,547,551,5,TATAT,TATAT
X15317.1,495,499,545,549,5,TATAT,TATAT
X15317.1,353,357,495,499,5,TATAT,TATAT
X15317.1,70,73,545,548,4,TATA,TATA
X15317.1,501,504,545,548,4,TATA,TATA
X15317.1,70,73,547,550,4,TATA,TATA
X15317.1,501,504,547,550,4,TATA,TATA
X15317.1,70,73,353,356,4,TATA,TATA
X15317.1,353,356,501,504,4,TATA,TATA
X15317.1,355,358,495,498,4,TATA,TATA
X15317.1,70,73,355,358,4,TATA,TATA
X15317.1,355,358,501,504,4,TATA,TATA
X15317.1,353,356,355,358,4,TATA,TATA
X15317.1,70,72,228,230,3,TAT,TAT
X15317.1,228,230,501,503,3,TAT,TAT
X15317.1,228,230,495,497,3,TAT,TAT
X15317.1,70,72,497,499,3,TAT,TAT
X15317.1,497,499,501,503,3,TAT,TAT
X15317.1,495,497,497,499,3,TAT,TAT
X15317.1,228,230,353,355,3,TAT,TAT
X15317.1,353,355,497,499,3,TAT,TAT
X15317.1,355,357,554,556,3,TAT,TAT
X15317.1,545,547,554,556,3,TAT,TAT
X15317.1,547,549,554,556,3,TAT,TAT
X15317.1,355,357,451,453,3,TAT,TAT
X15317.1,451,453,545,547,3,TAT,TAT
X15317.1,451,453,547,549,3,TAT,TAT
X15317.1,70,72,554,556,3,TAT,TAT
X15317.1,501,503,554,556,3,TAT,TAT
X15317.1,495,497,554,556,3,TAT,TAT
X15317.1,70,72,451,453,3,TAT,TAT
X15317.1,451,453,501,503,3,TAT,TAT
X15317.1,451,453,495,497,3,TAT,TAT
X15317.1,70,72,334,336,3,TAT,TAT
X15317.1,334,336,501,503,3,TAT,TAT
X15317.1,334,336,495,497,3,TAT,TAT
X15317.1,70,72,507,509,3,TAT,TAT
X15317.1,501,503,507,509,3,TAT,TAT
X15317.1,495,497,507,509,3,TAT,TAT
X15317.1,334,336,554,556,3,TAT,TAT
X15317.1,334,336,451,453,3,TAT,TAT
X15317.1,334,336,353,355,3,TAT,TAT
X15317.1,507,509,554,556,3,TAT,TAT
X15317.1,451,453,507,509,3,TAT,TAT
X15317.1,353,355,507,509,3,TAT,TAT
X15317.1,228,230,579,581,3,TAT,TAT
X15317.1,497,499,579,581,3,TAT,TAT
X15317.1,355,357,579,581,3,TAT,TAT
X15317.1,545,547,579,581,3,TAT,TAT
X15317.1,547,549,579,581,3,TAT,TAT
X15317.1,70,72,579,581,3,TAT,TAT
X15317.1,501,503,579,581,3,TAT,TAT
X15317.1,495,497,579,581,3,TAT,TAT
X15317.1,70,72,204,206,3,TAT,TAT
X15317.1,204,206,501,503,3,TAT,TAT
X15317.1,204,206,495,497,3,TAT,TAT
X15317.1,70,72,549,551,3,TAT,TAT
X15317.1,501,503,549,551,3,TAT,TAT
X15317.1,495,497,549,551,3,TAT,TAT
X15317.1,204,206,579,581,3,TAT,TAT
X15317.1,204,206,554,556,3,TAT,TAT
X15317.1,204,206,451,453,3,TAT,TAT
X15317.1,204,206,353,355,3,TAT,TAT
X15317.1,549,551,579,581,3,TAT,TAT
X15317.1,549,551,554,556,3,TAT,TAT
X15317.1,451,453,549,551,3,TAT,TAT
X15317.1,353,355,549,551,3,TAT,TAT
X15317.1,334,336,466,468,3,TAT,TAT
X15317.1,466,468,507,509,3,TAT,TAT
X15317.1,228,230,466,468,3,TAT,TAT
X15317.1,466,468,497,499,3,TAT,TAT
X15317.1,355,357,466,468,3,TAT,TAT
X15317.1,466,468,545,547,3,TAT,TAT
X15317.1,466,468,547,549,3,TAT,TAT
X15317.1,466,468,579,581,3,TAT,TAT
X15317.1,466,468,554,556,3,TAT,TAT
X15317.1,451,453,466,468,3,TAT,TAT
X15317.1,353,355,466,468,3,TAT,TAT
X15317.1,334,336,536,538,3,TAT,TAT
X15317.1,507,509,536,538,3,TAT,TAT
X15317.1,228,230,536,538,3,TAT,TAT
X15317.1,497,499,536,538,3,TAT,TAT
X15317.1,355,357,536,538,3,TAT,TAT
X15317.1,536,538,545,547,3,TAT,TAT
X15317.1,536,538,547,549,3,TAT,TAT
X15317.1,70,72,536,538,3,TAT,TAT
X15317.1,501,503,536,538,3,TAT,TAT
X15317.1,495,497,536,538,3,TAT,TAT
X15317.1,536,538,579,581,3,TAT,TAT
X15317.1,536,538,554,556,3,TAT,TAT
X15317.1,451,453,536,538,3,TAT,TAT
X15317.1,353,355,536,538,3,TAT,TAT
X15317.1,334,336,539,541,3,TAT,TAT
X15317.1,507,509,539,541,3,TAT,TAT
X15317.1,228,230,539,541,3,TAT,TAT
X15317.1,497,499,539,541,3,TAT,TAT
X15317.1,355,357,539,541,3,TAT,TAT
X15317.1,539,541,545,547,3,TAT,TAT
X15317.1,539,541,547,549,3,TAT,TAT
X15317.1,334,336,448,450,3,TAT,TAT
X15317.1,448,450,507,509,3,TAT,TAT
X15317.1,228,230,448,450,3,TAT,TAT
X15317.1,448,450,497,499,3,TAT,TAT
X15317.1,355,357,448,450,3,TAT,TAT
X15317.1,448,450,545,547,3,TAT,TAT
X15317.1,448,450,547,549,3,TAT,TAT
X15317.1,70,72,539,541,3,TAT,TAT
X15317.1,501,503,539,541,3,TAT,TAT
X15317.1,495,497,539,541,3,TAT,TAT
X15317.1,70,72,448,450,3,TAT,TAT
X15317.1,448,450,501,503,3,TAT,TAT
X15317.1,448,450,495,497,3,TAT,TAT
X15317.1,98,100,556,558,3,TCA,TCA
X15317.1,98,100,559,561,3,TCA,TCA
X15317.1,56,58,556,558,3,TCA,TCA
X15317.1,56,58,559,561,3,TCA,TCA
X15317.1,56,58,230,232,3,TCA,TCA
X15317.1,56,58,98,100,3,TCA,TCA
X15317.1,276,278,453,455,3,TCT,TCT
X15317.1,453,455,479,481,3,TCT,TCT
X15317.1,453,455,493,495,3,TCT,TCT
X15317.1,453,455,464,466,3,TCT,TCT
X15317.1,457,459,499,501,3,TCT,TCT
X15317.1,455,457,499,501,3,TCT,TCT
X15317.1,457,459,493,495,3,TCT,TCT
X15317.1,457,459,464,466,3,TCT,TCT
X15317.1,455,457,493,495,3,TCT,TCT
X15317.1,455,457,464,466,3,TCT,TCT
X15317.1,477,479,499,501,3,TCT,TCT
X15317.1,276,278,477,479,3,TCT,TCT
X15317.1,477,479,479,481,3,TCT,TCT
X15317.1,400,402,453,455,3,TCT,TCT
X15317.1,400,402,499,501,3,TCT,TCT
X15317.1,400,402,457,459,3,TCT,TCT
X15317.1,400,402,455,457,3,TCT,TCT
X15317.1,276,278,400,402,3,TCT,TCT
X15317.1,400,402,479,481,3,TCT,TCT
X15317.1,400,402,477,479,3,TCT,TCT
X15317.1,400,402,493,495,3,TCT,TCT
X15317.1,400,402,464,466,3,TCT,TCT
X15317.1,214,216,453,455,3,TCT,TCT
X15317.1,214,216,499,501,3,TCT,TCT
X15317.1,214,216,457,459,3,TCT,TCT
X15317.1,214,216,455,457,3,TCT,TCT
X15317.1,214,216,276,278,3,TCT,TCT
X15317.1,214,216,479,481,3,TCT,TCT
X15317.1,424,426,453,455,3,TCT,TCT
X15317.1,424,426,499,501,3,TCT,TCT
X15317.1,453,455,472,474,3,TCT,TCT
X15317.1,472,474,499,501,3,TCT,TCT
X15317.1,400,402,424,426,3,TCT,TCT
X15317.1,400,402,472,474,3,TCT,TCT
X15317.1,214,216,424,426,3,TCT,TCT
X15317.1,424,426,477,479,3,TCT,TCT
X15317.1,424,426,493,495,3,TCT,TCT
X15317.1,424,426,464,466,3,TCT,TCT
X15317.1,214,216,472,474,3,TCT,TCT
X15317.1,472,474,477,479,3,TCT,TCT
X15317.1,472,474,493,495,3,TCT,TCT
X15317.1,464,466,472,474,3,TCT,TCT
X15317.1,416,418,453,455,3,TCT,TCT
X15317.1,416,418,499,501,3,TCT,TCT
X15317.1,430,432,453,455,3,TCT,TCT
X15317.1,430,432,499,501,3,TCT,TCT
X15317.1,416,418,457,459,3,TCT,TCT
X15317.1,416,418,455,457,3,TCT,TCT
X15317.1,276,278,416,418,3,TCT,TCT
X15317.1,416,418,479,481,3,TCT,TCT
X15317.1,430,432,457,459,3,TCT,TCT
X15317.1,430,432,455,457,3,TCT,TCT
X15317.1,276,278,430,432,3,TCT,TCT
X15317.1,430,432,479,481,3,TCT,TCT
X15317.1,400,402,416,418,3,TCT,TCT
X15317.1,400,402,430,432,3,TCT,TCT
X15317.1,53,55,150,152,3,TGC,TGC
X15317.1,150,152,443,445,3,TGC,TGC
X15317.1,53,55,484,486,3,TGC,TGC
X15317.1,443,445,484,486,3,TGC,TGC
X15317.1,53,55,583,585,3,TGC,TGC
X15317.1,443,445,583,585,3,TGC,TGC
X15317.1,28,30,268,270,3,TGG,TGG
X15317.1,257,259,268,270,3,TGG,TGG
X15317.1,95,97,368,370,3,TGG,TGG
X15317.1,95,97,268,270,3,TGG,TGG
X15317.1,28,30,95,97,3,TGG,TGG
X15317.1,95,97,257,259,3,TGG,TGG
X15317.1,95,97,237,239,3,TGG,TGG
X15317.1,268,270,368,370,3,TGG,TGG
X15317.1,179,186,567,574,8,TGTTTTTC,TGTTTTTC
X15317.1,23,28,179,184,6,TGTTTT,TGTTTT
X15317.1,23,28,567,572,6,TGTTTT,TGTTTT
X15317.1,23,28,35,40,6,TGTTTT,TGTTTT
X15317.1,179,182,207,210,4,TGTT,TGTT
X15317.1,179,182,427,430,4,TGTT,TGTT
X15317.1,23,26,207,210,4,TGTT,TGTT
X15317.1,23,26,427,430,4,TGTT,TGTT
X15317.1,207,210,567,570,4,TGTT,TGTT
X15317.1,427,430,567,570,4,TGTT,TGTT
X15317.1,35,38,207,210,4,TGTT,TGTT
X15317.1,35,38,427,430,4,TGTT,TGTT
X15317.1,9,12,179,182,4,TGTT,TGTT
X15317.1,9,12,567,570,4,TGTT,TGTT
X15317.1,9,12,35,38,4,TGTT,TGTT
X15317.1,9,12,207,210,4,TGTT,TGTT
X15317.1,9,12,427,430,4,TGTT,TGTT
X15317.1,167,169,581,583,3,TGT,TGT
X15317.1,398,400,581,583,3,TGT,TGT
X15317.1,167,169,402,404,3,TGT,TGT
X15317.1,398,400,402,404,3,TGT,TGT
X15317.1,167,169,404,406,3,TGT,TGT
X15317.1,398,400,404,406,3,TGT,TGT
X15317.1,179,181,402,404,3,TGT,TGT
X15317.1,179,181,404,406,3,TGT,TGT
X15317.1,167,169,179,181,3,TGT,TGT
X15317.1,179,181,398,400,3,TGT,TGT
X15317.1,9,11,581,583,3,TGT,TGT
X15317.1,23,25,581,583,3,TGT,TGT
X15317.1,9,11,404,406,3,TGT,TGT
X15317.1,23,25,404,406,3,TGT,TGT
X15317.1,9,11,167,169,3,TGT,TGT
X15317.1,9,11,398,400,3,TGT,TGT
X15317.1,23,25,167,169,3,TGT,TGT
X15317.1,23,25,398,400,3,TGT,TGT
X15317.1,567,569,581,583,3,TGT,TGT
X15317.1,35,37,581,583,3,TGT,TGT
X15317.1,402,404,567,569,3,TGT,TGT
X15317.1,35,37,402,404,3,TGT,TGT
X15317.1,167,169,567,569,3,TGT,TGT
X15317.1,398,400,567,569,3,TGT,TGT
X15317.1,35,37,167,169,3,TGT,TGT
X15317.1,35,37,398,400,3,TGT,TGT
X15317.1,207,209,581,583,3,TGT,TGT
X15317.1,427,429,581,583,3,TGT,TGT
X15317.1,207,209,402,404,3,TGT,TGT
X15317.1,402,404,427,429,3,TGT,TGT
X15317.1,207,209,404,406,3,TGT,TGT
X15317.1,404,406,427,429,3,TGT,TGT
X15317.1,179,181,534,536,3,TGT,TGT
X15317.1,534,536,581,583,3,TGT,TGT
X15317.1,9,11,534,536,3,TGT,TGT
X15317.1,23,25,534,536,3,TGT,TGT
X15317.1,402,404,534,536,3,TGT,TGT
X15317.1,534,536,567,569,3,TGT,TGT
X15317.1,35,37,534,536,3,TGT,TGT
X15317.1,404,406,534,536,3,TGT,TGT
X15317.1,11,13,450,452,3,TTA,TTA
X15317.1,11,13,538,540,3,TTA,TTA
X15317.1,410,412,450,452,3,TTA,TTA
X15317.1,410,412,538,540,3,TTA,TTA
X15317.1,352,354,512,514,3,TTA,TTA
X15317.1,352,354,541,543,3,TTA,TTA
X15317.1,352,354,410,412,3,TTA,TTA
X15317.1,512,514,553,555,3,TTA,TTA
X15317.1,541,543,553,555,3,TTA,TTA
X15317.1,512,514,578,580,3,TTA,TTA
X15317.1,541,543,578,580,3,TTA,TTA
X15317.1,447,449,512,514,3,TTA,TTA
X15317.1,447,449,541,543,3,TTA,TTA
X15317.1,11,13,553,555,3,TTA,TTA
X15317.1,11,13,578,580,3,TTA,TTA
X15317.1,11,13,447,449,3,TTA,TTA
X15317.1,300,302,450,452,3,TTA,TTA
X15317.1,300,302,538,540,3,TTA,TTA
X15317.1,300,302,512,514,3,TTA,TTA
X15317.1,300,302,541,543,3,TTA,TTA
X15317.1,372,374,450,452,3,TTA,TTA
X15317.1,372,374,538,540,3,TTA,TTA
X15317.1,372,374,512,514,3,TTA,TTA
X15317.1,372,374,541,543,3,TTA,TTA
X15317.1,300,302,352,354,3,TTA,TTA
X15317.1,11,13,300,302,3,TTA,TTA
X15317.1,352,354,372,374,3,TTA,TTA
X15317.1,11,13,372,374,3,TTA,TTA
X15317.1,300,302,553,555,3,TTA,TTA
X15317.1,300,302,578,580,3,TTA,TTA
X15317.1,300,302,447,449,3,TTA,TTA
X15317.1,300,302,410,412,3,TTA,TTA
X15317.1,372,374,553,555,3,TTA,TTA
X15317.1,372,374,578,580,3,TTA,TTA
X15317.1,372,374,447,449,3,TTA,TTA
X15317.1,372,374,410,412,3,TTA,TTA
X15317.1,420,427,468,475,8,TTCCTCTT,TTCCTCTT
X15317.1,382,387,468,473,6,TTCCTC,TTCCTC
X15317.1,382,387,420,425,6,TTCCTC,TTCCTC
X15317.1,42,46,468,472,5,TTCCT,TTCCT
X15317.1,468,472,572,576,5,TTCCT,TTCCT
X15317.1,42,46,382,386,5,TTCCT,TTCCT
X15317.1,382,386,572,576,5,TTCCT,TTCCT
X15317.1,60,62,442,444,3,TTG,TTG
X15317.1,435,437,442,444,3,TTG,TTG
X15317.1,52,54,60,62,3,TTG,TTG
X15317.1,60,62,256,258,3,TTG,TTG
X15317.1,256,258,442,444,3,TTG,TTG
X15317.1,52,54,256,258,3,TTG,TTG
X15317.1,256,258,435,437,3,TTG,TTG
X15317.1,60,62,236,238,3,TTG,TTG
X15317.1,60,62,367,369,3,TTG,TTG
X15317.1,27,29,60,62,3,TTG,TTG
X15317.1,236,238,442,444,3,TTG,TTG
X15317.1,367,369,442,444,3,TTG,TTG
X15317.1,27,29,442,444,3,TTG,TTG
X15317.1,442,444,533,535,3,TTG,TTG
X15317.1,206,208,442,444,3,TTG,TTG
X15317.1,256,258,533,535,3,TTG,TTG
X15317.1,206,208,256,258,3,TTG,TTG
X15317.1,236,238,533,535,3,TTG,TTG
X15317.1,367,369,533,535,3,TTG,TTG
X15317.1,27,29,533,535,3,TTG,TTG
X15317.1,52,54,533,535,3,TTG,TTG
X15317.1,435,437,533,535,3,TTG,TTG
X15317.1,206,208,236,238,3,TTG,TTG
X15317.1,206,208,367,369,3,TTG,TTG
X15317.1,27,29,206,208,3,TTG,TTG
X15317.1,52,54,206,208,3,TTG,TTG
X15317.1,206,208,435,437,3,TTG,TTG
X15317.1,60,62,426,428,3,TTG,TTG
X15317.1,256,258,426,428,3,TTG,TTG
X15317.1,236,238,426,428,3,TTG,TTG
X15317.1,367,369,426,428,3,TTG,TTG
X15317.1,27,29,426,428,3,TTG,TTG
X15317.1,52,54,426,428,3,TTG,TTG
X15317.1,426,428,435,437,3,TTG,TTG
X15317.1,60,62,166,168,3,TTG,TTG
X15317.1,60,62,397,399,3,TTG,TTG
X15317.1,166,168,442,444,3,TTG,TTG
X15317.1,397,399,442,444,3,TTG,TTG
X15317.1,166,168,256,258,3,TTG,TTG
X15317.1,256,258,397,399,3,TTG,TTG
X15317.1,414,418,475,479,5,TTTCT,TTTCT
X15317.1,414,418,462,466,5,TTTCT,TTTCT
X15317.1,414,418,491,495,5,TTTCT,TTTCT
X15317.1,462,466,475,479,5,TTTCT,TTTCT
X15317.1,165,168,235,238,4,TTTG,TTTG
X15317.1,26,29,165,168,4,TTTG,TTTG
X15317.1,235,238,396,399,4,TTTG,TTTG
X15317.1,366,369,396,399,4,TTTG,TTTG
X15317.1,235,238,434,437,4,TTTG,TTTG
X15317.1,51,54,235,238,4,TTTG,TTTG
X15317.1,165,168,434,437,4,TTTG,TTTG
X15317.1,366,369,434,437,4,TTTG,TTTG
X15317.1,51,54,165,168,4,TTTG,TTTG
X15317.1,51,54,366,369,4,TTTG,TTTG
X15317.1,40,46,418,424,7,TTTTCCT,TTTTCCT
X15317.1,418,424,570,576,7,TTTTCCT,TTTTCCT
X15317.1,40,44,474,478,5,TTTTC,TTTTC
X15317.1,474,478,570,574,5,TTTTC,TTTTC
X15317.1,418,422,490,494,5,TTTTC,TTTTC
X15317.1,182,186,474,478,5,TTTTC,TTTTC
X15317.1,182,186,418,422,5,TTTTC,TTTTC
X15317.1,39,46,569,576,8,TTTTTCCT,TTTTTCCT
X15317.1,181,186,489,494,6,TTTTTC,TTTTTC
X15317.1,489,494,569,574,6,TTTTTC,TTTTTC
X15317.1,39,44,489,494,6,TTTTTC,TTTTTC
X15317.1,39,44,181,186,6,TTTTTC,TTTTTC
X15317.1,49,54,432,437,6,TTTTTG,TTTTTG
X15317.1,394,399,432,437,6,TTTTTG,TTTTTG

Total for length 3 is 945.
Total for length 4 is 143.
Total for length 5 is 31.
Total for length 6 is 29.
Total for length 7 is 4.
Total for length 8 is 7.
Total for length 9 is 3.
Total for length 10 is 1.
Total for length 12 is 1.

