Input file is sequence8.fasta.
Minimal fragment length is 3.
Working with probability estimation.
P value is : 0.050000.
Printing all instances.
Looking for direct complementary repeats.
AY558548.1 Alphabet size is 4.
Input sequence has 0 letters that are not in expected alphabet.
AY558548.1,53,55,159,161,3,AAA,TTT
AY558548.1,52,54,159,161,3,AAA,TTT
AY558548.1,53,55,141,143,3,AAA,TTT
AY558548.1,53,55,154,156,3,AAA,TTT
AY558548.1,52,54,154,156,3,AAA,TTT
AY558548.1,54,56,159,161,3,AAA,TTT
AY558548.1,52,54,104,106,3,AAA,TTT
AY558548.1,54,56,141,143,3,AAA,TTT
AY558548.1,54,56,154,156,3,AAA,TTT
AY558548.1,54,56,103,105,3,AAA,TTT
AY558548.1,131,133,141,143,3,AAA,TTT
AY558548.1,131,133,154,156,3,AAA,TTT
AY558548.1,65,67,159,161,3,AAA,TTT
AY558548.1,65,67,154,156,3,AAA,TTT
AY558548.1,65,67,103,105,3,AAA,TTT
AY558548.1,118,120,141,143,3,AAA,TTT
AY558548.1,118,120,154,156,3,AAA,TTT
AY558548.1,74,76,104,106,3,AAA,TTT
AY558548.1,74,76,159,161,3,AAA,TTT
AY558548.1,74,76,154,156,3,AAA,TTT
AY558548.1,74,76,103,105,3,AAA,TTT
AY558548.1,34,38,105,109,5,AAGAG,TTCTC
AY558548.1,16,20,50,54,5,ACTTT,TGAAA
AY558548.1,37,39,85,87,3,AGA,TCT
AY558548.1,35,37,85,87,3,AGA,TCT
AY558548.1,27,29,106,108,3,AGA,TCT
AY558548.1,37,39,106,108,3,AGA,TCT
AY558548.1,35,37,41,43,3,AGA,TCT
AY558548.1,100,102,106,108,3,AGA,TCT
AY558548.1,27,29,41,43,3,AGA,TCT
AY558548.1,37,39,41,43,3,AGA,TCT
AY558548.1,67,71,90,94,5,AGTGG,TCACC
AY558548.1,47,54,136,143,8,CATTGAAA,GTAACTTT
AY558548.1,59,63,67,71,5,TCACC,AGTGG
AY558548.1,41,43,133,135,3,TCT,AGA
AY558548.1,41,43,149,151,3,TCT,AGA
AY558548.1,106,108,151,153,3,TCT,AGA
AY558548.1,85,87,100,102,3,TCT,AGA
AY558548.1,41,43,111,113,3,TCT,AGA
AY558548.1,85,87,151,153,3,TCT,AGA
AY558548.1,85,87,133,135,3,TCT,AGA
AY558548.1,85,87,149,151,3,TCT,AGA
AY558548.1,106,108,111,113,3,TCT,AGA
AY558548.1,41,43,127,129,3,TCT,AGA
AY558548.1,41,43,146,148,3,TCT,AGA
AY558548.1,85,87,146,148,3,TCT,AGA
AY558548.1,72,76,139,143,5,TGAAA,ACTTT
AY558548.1,105,109,148,152,5,TTCTC,AAGAG

Total for length 3 is 41.
Total for length 5 is 6.
Total for length 8 is 1.

