Input file is sequence8.fasta.
Minimal fragment length is 3.
Working with probability estimation.
P value is : 0.050000.
Printing all instances.
Looking for direct non-complementary repeats.
AY558548.1 Alphabet size is 4.
Input sequence has 0 letters that are not in expected alphabet.
AY558548.1,52,54,54,56,3,AAA,AAA
AY558548.1,53,55,131,133,3,AAA,AAA
AY558548.1,52,54,131,133,3,AAA,AAA
AY558548.1,53,55,65,67,3,AAA,AAA
AY558548.1,54,56,118,120,3,AAA,AAA
AY558548.1,53,55,118,120,3,AAA,AAA
AY558548.1,65,67,118,120,3,AAA,AAA
AY558548.1,52,54,118,120,3,AAA,AAA
AY558548.1,54,56,74,76,3,AAA,AAA
AY558548.1,53,55,74,76,3,AAA,AAA
AY558548.1,74,76,131,133,3,AAA,AAA
AY558548.1,34,39,148,153,6,AAGAGA,AAGAGA
AY558548.1,34,38,132,136,5,AAGAG,AAGAG
AY558548.1,132,136,148,152,5,AAGAG,AAGAG
AY558548.1,126,129,145,148,4,AAGA,AAGA
AY558548.1,126,129,132,135,4,AAGA,AAGA
AY558548.1,126,129,148,151,4,AAGA,AAGA
AY558548.1,132,135,145,148,4,AAGA,AAGA
AY558548.1,34,37,145,148,4,AAGA,AAGA
AY558548.1,66,68,126,128,3,AAG,AAG
AY558548.1,34,36,66,68,3,AAG,AAG
AY558548.1,66,68,145,147,3,AAG,AAG
AY558548.1,66,68,148,150,3,AAG,AAG
AY558548.1,82,84,132,134,3,AAG,AAG
AY558548.1,82,84,126,128,3,AAG,AAG
AY558548.1,34,36,82,84,3,AAG,AAG
AY558548.1,55,57,126,128,3,AAG,AAG
AY558548.1,34,36,55,57,3,AAG,AAG
AY558548.1,55,57,82,84,3,AAG,AAG
AY558548.1,55,57,145,147,3,AAG,AAG
AY558548.1,55,57,148,150,3,AAG,AAG
AY558548.1,16,21,139,144,6,ACTTTG,ACTTTG
AY558548.1,100,105,151,156,6,AGATTT,AGATTT
AY558548.1,37,39,127,129,3,AGA,AGA
AY558548.1,111,113,146,148,3,AGA,AGA
AY558548.1,27,29,146,148,3,AGA,AGA
AY558548.1,37,39,111,113,3,AGA,AGA
AY558548.1,27,29,37,39,3,AGA,AGA
AY558548.1,35,37,111,113,3,AGA,AGA
AY558548.1,27,29,35,37,3,AGA,AGA
AY558548.1,111,113,149,151,3,AGA,AGA
AY558548.1,27,29,149,151,3,AGA,AGA
AY558548.1,111,113,133,135,3,AGA,AGA
AY558548.1,27,29,133,135,3,AGA,AGA
AY558548.1,35,37,37,39,3,AGA,AGA
AY558548.1,37,39,149,151,3,AGA,AGA
AY558548.1,37,39,133,135,3,AGA,AGA
AY558548.1,35,37,151,153,3,AGA,AGA
AY558548.1,149,151,151,153,3,AGA,AGA
AY558548.1,133,135,151,153,3,AGA,AGA
AY558548.1,127,129,151,153,3,AGA,AGA
AY558548.1,146,148,151,153,3,AGA,AGA
AY558548.1,111,113,151,153,3,AGA,AGA
AY558548.1,27,29,151,153,3,AGA,AGA
AY558548.1,35,37,100,102,3,AGA,AGA
AY558548.1,100,102,149,151,3,AGA,AGA
AY558548.1,100,102,133,135,3,AGA,AGA
AY558548.1,100,102,127,129,3,AGA,AGA
AY558548.1,100,102,146,148,3,AGA,AGA
AY558548.1,100,102,111,113,3,AGA,AGA
AY558548.1,27,29,100,102,3,AGA,AGA
AY558548.1,37,39,100,102,3,AGA,AGA
AY558548.1,94,97,166,169,4,CCAG,CCAG
AY558548.1,25,28,166,169,4,CCAG,CCAG
AY558548.1,109,112,166,169,4,CCAG,CCAG
AY558548.1,94,97,109,112,4,CCAG,CCAG
AY558548.1,64,66,147,149,3,GAA,GAA
AY558548.1,51,53,147,149,3,GAA,GAA
AY558548.1,73,75,147,149,3,GAA,GAA
AY558548.1,51,53,81,83,3,GAA,GAA
AY558548.1,73,75,81,83,3,GAA,GAA
AY558548.1,64,66,144,146,3,GAA,GAA
AY558548.1,38,40,81,83,3,GAA,GAA
AY558548.1,38,40,64,66,3,GAA,GAA
AY558548.1,38,40,144,146,3,GAA,GAA
AY558548.1,38,40,51,53,3,GAA,GAA
AY558548.1,38,40,73,75,3,GAA,GAA
AY558548.1,115,120,128,133,6,GACAAA,GACAAA
AY558548.1,154,159,159,164,6,TTTGGT,TTTGGT
AY558548.1,18,22,154,158,5,TTTGG,TTTGG
AY558548.1,18,22,159,163,5,TTTGG,TTTGG
AY558548.1,141,144,154,157,4,TTTG,TTTG
AY558548.1,6,9,18,21,4,TTTG,TTTG
AY558548.1,6,9,159,162,4,TTTG,TTTG
AY558548.1,141,144,159,162,4,TTTG,TTTG

Total for length 3 is 63.
Total for length 4 is 13.
Total for length 5 is 4.
Total for length 6 is 5.

