Input file is sequence8.fasta.
Minimal fragment length is 3.
Working with probability estimation.
P value is : 0.050000.
Printing all instances.
Looking for inverse non-complementary repeats.
AY558548.1 Alphabet size is 4.
Input sequence has 0 letters that are not in expected alphabet.
AY558548.1,65,76,65,76,12,AAAGTGGTGAAA,AAAGTGGTGAAA
AY558548.1,54,57,64,67,4,AAAG,GAAA
AY558548.1,54,57,73,76,4,AAAG,GAAA
AY558548.1,53,55,131,133,3,AAA,AAA
AY558548.1,53,55,118,120,3,AAA,AAA
AY558548.1,52,54,118,120,3,AAA,AAA
AY558548.1,54,56,131,133,3,AAA,AAA
AY558548.1,54,56,54,56,3,AAA,AAA
AY558548.1,52,54,52,54,3,AAA,AAA
AY558548.1,54,56,118,120,3,AAA,AAA
AY558548.1,131,133,131,133,3,AAA,AAA
AY558548.1,53,55,65,67,3,AAA,AAA
AY558548.1,65,67,118,120,3,AAA,AAA
AY558548.1,53,55,74,76,3,AAA,AAA
AY558548.1,52,54,74,76,3,AAA,AAA
AY558548.1,118,120,131,133,3,AAA,AAA
AY558548.1,118,120,118,120,3,AAA,AAA
AY558548.1,74,76,74,76,3,AAA,AAA
AY558548.1,74,76,118,120,3,AAA,AAA
AY558548.1,132,135,146,149,4,AAGA,AGAA
AY558548.1,34,37,146,149,4,AAGA,AGAA
AY558548.1,126,129,146,149,4,AAGA,AGAA
AY558548.1,34,36,64,66,3,AAG,GAA
AY558548.1,34,36,81,83,3,AAG,GAA
AY558548.1,34,36,73,75,3,AAG,GAA
AY558548.1,34,36,51,53,3,AAG,GAA
AY558548.1,66,68,81,83,3,AAG,GAA
AY558548.1,66,68,147,149,3,AAG,GAA
AY558548.1,132,134,144,146,3,AAG,GAA
AY558548.1,126,128,144,146,3,AAG,GAA
AY558548.1,34,36,144,146,3,AAG,GAA
AY558548.1,55,57,144,146,3,AAG,GAA
AY558548.1,55,57,81,83,3,AAG,GAA
AY558548.1,55,57,147,149,3,AAG,GAA
AY558548.1,37,40,145,148,4,AGAA,AAGA
AY558548.1,37,40,126,129,4,AGAA,AAGA
AY558548.1,127,129,127,129,3,AGA,AGA
AY558548.1,127,129,133,135,3,AGA,AGA
AY558548.1,127,129,149,151,3,AGA,AGA
AY558548.1,111,113,146,148,3,AGA,AGA
AY558548.1,27,29,146,148,3,AGA,AGA
AY558548.1,37,39,111,113,3,AGA,AGA
AY558548.1,111,113,133,135,3,AGA,AGA
AY558548.1,111,113,149,151,3,AGA,AGA
AY558548.1,27,29,133,135,3,AGA,AGA
AY558548.1,27,29,35,37,3,AGA,AGA
AY558548.1,27,29,149,151,3,AGA,AGA
AY558548.1,27,29,37,39,3,AGA,AGA
AY558548.1,35,37,111,113,3,AGA,AGA
AY558548.1,35,37,127,129,3,AGA,AGA
AY558548.1,37,39,37,39,3,AGA,AGA
AY558548.1,35,37,133,135,3,AGA,AGA
AY558548.1,35,37,35,37,3,AGA,AGA
AY558548.1,35,37,149,151,3,AGA,AGA
AY558548.1,149,151,149,151,3,AGA,AGA
AY558548.1,133,135,133,135,3,AGA,AGA
AY558548.1,133,135,149,151,3,AGA,AGA
AY558548.1,127,129,151,153,3,AGA,AGA
AY558548.1,146,148,151,153,3,AGA,AGA
AY558548.1,111,113,151,153,3,AGA,AGA
AY558548.1,27,29,151,153,3,AGA,AGA
AY558548.1,37,39,151,153,3,AGA,AGA
AY558548.1,151,153,151,153,3,AGA,AGA
AY558548.1,35,37,100,102,3,AGA,AGA
AY558548.1,100,102,146,148,3,AGA,AGA
AY558548.1,27,29,100,102,3,AGA,AGA
AY558548.1,100,102,111,113,3,AGA,AGA
AY558548.1,100,102,127,129,3,AGA,AGA
AY558548.1,37,39,100,102,3,AGA,AGA
AY558548.1,100,102,133,135,3,AGA,AGA
AY558548.1,100,102,149,151,3,AGA,AGA
AY558548.1,110,114,110,114,5,CAGAC,CAGAC
AY558548.1,26,30,26,30,5,CAGAC,CAGAC
AY558548.1,26,30,110,114,5,CAGAC,CAGAC
AY558548.1,73,76,131,134,4,GAAA,AAAG
AY558548.1,64,67,131,134,4,GAAA,AAAG
AY558548.1,51,54,131,134,4,GAAA,AAAG
AY558548.1,64,66,126,128,3,GAA,AAG
AY558548.1,51,53,126,128,3,GAA,AAG
AY558548.1,73,75,126,128,3,GAA,AAG
AY558548.1,64,66,148,150,3,GAA,AAG
AY558548.1,64,66,145,147,3,GAA,AAG
AY558548.1,51,53,148,150,3,GAA,AAG
AY558548.1,73,75,148,150,3,GAA,AAG
AY558548.1,51,53,145,147,3,GAA,AAG
AY558548.1,73,75,145,147,3,GAA,AAG
AY558548.1,81,83,126,128,3,GAA,AAG
AY558548.1,81,83,132,134,3,GAA,AAG
AY558548.1,64,66,82,84,3,GAA,AAG
AY558548.1,38,40,55,57,3,GAA,AAG
AY558548.1,38,40,82,84,3,GAA,AAG
AY558548.1,38,40,66,68,3,GAA,AAG

Total for length 3 is 78.
Total for length 4 is 10.
Total for length 5 is 3.
Total for length 12 is 1.

