Input file is sequence9.fasta.
Minimal fragment length is 3.
Working with probability estimation.
P value is : 0.050000.
Printing all instances.
Looking for direct complementary repeats.
AY693230.1 Alphabet size is 4.
Input sequence has 0 letters that are not in expected alphabet.
AY693230.1,30,33,274,277,4,AACC,TTGG
AY693230.1,30,33,163,166,4,AACC,TTGG
AY693230.1,17,20,274,277,4,AACC,TTGG
AY693230.1,17,20,163,166,4,AACC,TTGG
AY693230.1,30,33,143,146,4,AACC,TTGG
AY693230.1,40,43,120,123,4,AAGA,TTCT
AY693230.1,25,28,120,123,4,AAGA,TTCT
AY693230.1,43,46,120,123,4,AAGA,TTCT
AY693230.1,64,67,120,123,4,AAGA,TTCT
AY693230.1,22,25,120,123,4,AAGA,TTCT
AY693230.1,12,14,91,93,3,AAG,TTC
AY693230.1,43,45,91,93,3,AAG,TTC
AY693230.1,25,27,91,93,3,AAG,TTC
AY693230.1,22,24,91,93,3,AAG,TTC
AY693230.1,64,66,91,93,3,AAG,TTC
AY693230.1,40,42,116,118,3,AAG,TTC
AY693230.1,43,45,116,118,3,AAG,TTC
AY693230.1,25,27,116,118,3,AAG,TTC
AY693230.1,22,24,116,118,3,AAG,TTC
AY693230.1,64,66,116,118,3,AAG,TTC
AY693230.1,46,48,91,93,3,AAG,TTC
AY693230.1,46,48,116,118,3,AAG,TTC
AY693230.1,46,48,120,122,3,AAG,TTC
AY693230.1,110,113,260,263,4,ATAT,TATA
AY693230.1,134,137,260,263,4,ATAT,TATA
AY693230.1,240,243,260,263,4,ATAT,TATA
AY693230.1,134,137,262,265,4,ATAT,TATA
AY693230.1,240,243,262,265,4,ATAT,TATA
AY693230.1,11,14,115,118,4,CAAG,GTTC
AY693230.1,71,74,124,127,4,CTTT,GAAA
AY693230.1,71,74,196,199,4,CTTT,GAAA
AY693230.1,206,208,234,236,3,CTT,GAA
AY693230.1,71,73,244,246,3,CTT,GAA
AY693230.1,71,73,177,179,3,CTT,GAA
AY693230.1,206,208,250,252,3,CTT,GAA
AY693230.1,71,73,159,161,3,CTT,GAA
AY693230.1,71,73,171,173,3,CTT,GAA
AY693230.1,71,73,234,236,3,CTT,GAA
AY693230.1,100,103,272,275,4,GAAA,CTTT
AY693230.1,250,253,272,275,4,GAAA,CTTT
AY693230.1,196,199,272,275,4,GAAA,CTTT
AY693230.1,38,41,71,74,4,GAAA,CTTT
AY693230.1,38,41,272,275,4,GAAA,CTTT
AY693230.1,29,31,71,73,3,GAA,CTT
AY693230.1,16,18,71,73,3,GAA,CTT
AY693230.1,29,31,272,274,3,GAA,CTT
AY693230.1,16,18,272,274,3,GAA,CTT
AY693230.1,42,44,71,73,3,GAA,CTT
AY693230.1,24,26,71,73,3,GAA,CTT
AY693230.1,45,47,71,73,3,GAA,CTT
AY693230.1,42,44,272,274,3,GAA,CTT
AY693230.1,24,26,272,274,3,GAA,CTT
AY693230.1,234,236,272,274,3,GAA,CTT
AY693230.1,45,47,272,274,3,GAA,CTT
AY693230.1,171,173,272,274,3,GAA,CTT
AY693230.1,159,161,272,274,3,GAA,CTT
AY693230.1,177,179,272,274,3,GAA,CTT
AY693230.1,42,44,278,280,3,GAA,CTT
AY693230.1,24,26,278,280,3,GAA,CTT
AY693230.1,234,236,278,280,3,GAA,CTT
AY693230.1,45,47,278,280,3,GAA,CTT
AY693230.1,171,173,278,280,3,GAA,CTT
AY693230.1,159,161,278,280,3,GAA,CTT
AY693230.1,29,31,278,280,3,GAA,CTT
AY693230.1,16,18,278,280,3,GAA,CTT
AY693230.1,38,40,278,280,3,GAA,CTT
AY693230.1,177,179,278,280,3,GAA,CTT
AY693230.1,196,198,278,280,3,GAA,CTT
AY693230.1,124,126,278,280,3,GAA,CTT
AY693230.1,42,44,206,208,3,GAA,CTT
AY693230.1,24,26,206,208,3,GAA,CTT
AY693230.1,45,47,206,208,3,GAA,CTT
AY693230.1,171,173,206,208,3,GAA,CTT
AY693230.1,159,161,206,208,3,GAA,CTT
AY693230.1,29,31,206,208,3,GAA,CTT
AY693230.1,16,18,206,208,3,GAA,CTT
AY693230.1,38,40,206,208,3,GAA,CTT
AY693230.1,100,102,206,208,3,GAA,CTT
AY693230.1,124,126,206,208,3,GAA,CTT
AY693230.1,115,118,216,219,4,GTTC,CAAG
AY693230.1,119,122,216,219,4,GTTC,CAAG
AY693230.1,119,122,148,151,4,GTTC,CAAG
AY693230.1,115,118,156,159,4,GTTC,CAAG
AY693230.1,120,123,232,235,4,TTCT,AAGA
AY693230.1,120,123,235,238,4,TTCT,AAGA
AY693230.1,116,118,178,180,3,TTC,AAG
AY693230.1,116,118,160,162,3,TTC,AAG
AY693230.1,116,118,172,174,3,TTC,AAG
AY693230.1,116,118,253,255,3,TTC,AAG
AY693230.1,91,93,178,180,3,TTC,AAG
AY693230.1,91,93,160,162,3,TTC,AAG
AY693230.1,91,93,172,174,3,TTC,AAG
AY693230.1,91,93,217,219,3,TTC,AAG
AY693230.1,91,93,149,151,3,TTC,AAG
AY693230.1,116,118,232,234,3,TTC,AAG
AY693230.1,91,93,232,234,3,TTC,AAG
AY693230.1,116,118,235,237,3,TTC,AAG
AY693230.1,91,93,235,237,3,TTC,AAG
AY693230.1,120,122,178,180,3,TTC,AAG
AY693230.1,120,122,160,162,3,TTC,AAG
AY693230.1,120,122,172,174,3,TTC,AAG
AY693230.1,120,122,199,201,3,TTC,AAG
AY693230.1,120,122,253,255,3,TTC,AAG
AY693230.1,91,93,157,159,3,TTC,AAG

Total for length 3 is 75.
Total for length 4 is 29.

