Input file is sequence9.fasta.
Minimal fragment length is 3.
Working with probability estimation.
P value is : 0.050000.
Printing all instances.
Looking for inverse non-complementary repeats.
AY693230.1 Alphabet size is 4.
Input sequence has 0 letters that are not in expected alphabet.
AY693230.1,102,104,102,104,3,AAA,AAA
AY693230.1,102,104,252,254,3,AAA,AAA
AY693230.1,102,104,198,200,3,AAA,AAA
AY693230.1,102,104,126,128,3,AAA,AAA
AY693230.1,101,103,101,103,3,AAA,AAA
AY693230.1,198,200,252,254,3,AAA,AAA
AY693230.1,198,200,198,200,3,AAA,AAA
AY693230.1,101,103,251,253,3,AAA,AAA
AY693230.1,197,199,251,253,3,AAA,AAA
AY693230.1,251,253,251,253,3,AAA,AAA
AY693230.1,125,127,251,253,3,AAA,AAA
AY693230.1,101,103,197,199,3,AAA,AAA
AY693230.1,197,199,197,199,3,AAA,AAA
AY693230.1,125,127,197,199,3,AAA,AAA
AY693230.1,252,254,252,254,3,AAA,AAA
AY693230.1,101,103,125,127,3,AAA,AAA
AY693230.1,125,127,125,127,3,AAA,AAA
AY693230.1,39,41,102,104,3,AAA,AAA
AY693230.1,39,41,54,56,3,AAA,AAA
AY693230.1,39,41,126,128,3,AAA,AAA
AY693230.1,126,128,252,254,3,AAA,AAA
AY693230.1,126,128,198,200,3,AAA,AAA
AY693230.1,126,128,126,128,3,AAA,AAA
AY693230.1,54,56,101,103,3,AAA,AAA
AY693230.1,54,56,251,253,3,AAA,AAA
AY693230.1,54,56,197,199,3,AAA,AAA
AY693230.1,54,56,125,127,3,AAA,AAA
AY693230.1,54,56,252,254,3,AAA,AAA
AY693230.1,54,56,198,200,3,AAA,AAA
AY693230.1,54,56,54,56,3,AAA,AAA
AY693230.1,54,56,126,128,3,AAA,AAA
AY693230.1,22,28,41,47,7,AAGAAGA,AGAAGAA
AY693230.1,40,44,232,236,5,AAGAA,AAGAA
AY693230.1,157,161,232,236,5,AAGAA,AAGAA
AY693230.1,22,26,232,236,5,AAGAA,AAGAA
AY693230.1,232,236,232,236,5,AAGAA,AAGAA
AY693230.1,22,26,22,26,5,AAGAA,AAGAA
AY693230.1,40,44,40,44,5,AAGAA,AAGAA
AY693230.1,40,44,157,161,5,AAGAA,AAGAA
AY693230.1,157,161,157,161,5,AAGAA,AAGAA
AY693230.1,22,26,40,44,5,AAGAA,AAGAA
AY693230.1,22,26,157,161,5,AAGAA,AAGAA
AY693230.1,64,68,169,173,5,AAGAG,GAGAA
AY693230.1,12,16,169,173,5,AAGAG,GAGAA
AY693230.1,12,15,41,44,4,AAGA,AGAA
AY693230.1,12,15,158,161,4,AAGA,AGAA
AY693230.1,12,15,44,47,4,AAGA,AGAA
AY693230.1,12,15,233,236,4,AAGA,AGAA
AY693230.1,12,15,23,26,4,AAGA,AGAA
AY693230.1,22,25,28,31,4,AAGA,AGAA
AY693230.1,40,43,170,173,4,AAGA,AGAA
AY693230.1,157,160,170,173,4,AAGA,AGAA
AY693230.1,22,25,170,173,4,AAGA,AGAA
AY693230.1,64,67,158,161,4,AAGA,AGAA
AY693230.1,64,67,233,236,4,AAGA,AGAA
AY693230.1,12,15,37,40,4,AAGA,AGAA
AY693230.1,25,28,37,40,4,AAGA,AGAA
AY693230.1,22,25,37,40,4,AAGA,AGAA
AY693230.1,12,14,100,102,3,AAG,GAA
AY693230.1,157,159,250,252,3,AAG,GAA
AY693230.1,12,14,250,252,3,AAG,GAA
AY693230.1,43,45,100,102,3,AAG,GAA
AY693230.1,25,27,100,102,3,AAG,GAA
AY693230.1,199,201,234,236,3,AAG,GAA
AY693230.1,43,45,250,252,3,AAG,GAA
AY693230.1,25,27,250,252,3,AAG,GAA
AY693230.1,235,237,250,252,3,AAG,GAA
AY693230.1,22,24,100,102,3,AAG,GAA
AY693230.1,64,66,100,102,3,AAG,GAA
AY693230.1,22,24,250,252,3,AAG,GAA
AY693230.1,232,234,250,252,3,AAG,GAA
AY693230.1,64,66,250,252,3,AAG,GAA
AY693230.1,157,159,196,198,3,AAG,GAA
AY693230.1,12,14,196,198,3,AAG,GAA
AY693230.1,43,45,196,198,3,AAG,GAA
AY693230.1,25,27,196,198,3,AAG,GAA
AY693230.1,22,24,196,198,3,AAG,GAA
AY693230.1,64,66,196,198,3,AAG,GAA
AY693230.1,217,219,250,252,3,AAG,GAA
AY693230.1,217,219,234,236,3,AAG,GAA
AY693230.1,46,48,100,102,3,AAG,GAA
AY693230.1,46,48,250,252,3,AAG,GAA
AY693230.1,178,180,250,252,3,AAG,GAA
AY693230.1,40,42,177,179,3,AAG,GAA
AY693230.1,157,159,177,179,3,AAG,GAA
AY693230.1,12,14,177,179,3,AAG,GAA
AY693230.1,22,24,177,179,3,AAG,GAA
AY693230.1,64,66,177,179,3,AAG,GAA
AY693230.1,12,14,124,126,3,AAG,GAA
AY693230.1,46,48,124,126,3,AAG,GAA
AY693230.1,43,45,124,126,3,AAG,GAA
AY693230.1,25,27,124,126,3,AAG,GAA
AY693230.1,22,24,124,126,3,AAG,GAA
AY693230.1,64,66,124,126,3,AAG,GAA
AY693230.1,149,151,196,198,3,AAG,GAA
AY693230.1,149,151,250,252,3,AAG,GAA
AY693230.1,149,151,177,179,3,AAG,GAA
AY693230.1,149,151,159,161,3,AAG,GAA
AY693230.1,149,151,234,236,3,AAG,GAA
AY693230.1,149,151,171,173,3,AAG,GAA
AY693230.1,172,174,196,198,3,AAG,GAA
AY693230.1,172,174,250,252,3,AAG,GAA
AY693230.1,160,162,196,198,3,AAG,GAA
AY693230.1,160,162,250,252,3,AAG,GAA
AY693230.1,199,201,244,246,3,AAG,GAA
AY693230.1,40,42,244,246,3,AAG,GAA
AY693230.1,217,219,244,246,3,AAG,GAA
AY693230.1,157,159,244,246,3,AAG,GAA
AY693230.1,12,14,244,246,3,AAG,GAA
AY693230.1,46,48,244,246,3,AAG,GAA
AY693230.1,178,180,244,246,3,AAG,GAA
AY693230.1,43,45,244,246,3,AAG,GAA
AY693230.1,25,27,244,246,3,AAG,GAA
AY693230.1,235,237,244,246,3,AAG,GAA
AY693230.1,104,106,104,106,3,ACA,ACA
AY693230.1,147,149,147,149,3,ACA,ACA
AY693230.1,139,141,147,149,3,ACA,ACA
AY693230.1,83,85,147,149,3,ACA,ACA
AY693230.1,83,85,104,106,3,ACA,ACA
AY693230.1,104,106,139,141,3,ACA,ACA
AY693230.1,139,141,139,141,3,ACA,ACA
AY693230.1,41,47,232,238,7,AGAAGAA,AAGAAGA
AY693230.1,23,28,233,238,6,AGAAGA,AGAAGA
AY693230.1,23,28,23,28,6,AGAAGA,AGAAGA
AY693230.1,233,238,233,238,6,AGAAGA,AGAAGA
AY693230.1,158,162,234,238,5,AGAAG,GAAGA
AY693230.1,44,48,234,238,5,AGAAG,GAAGA
AY693230.1,37,40,157,160,4,AGAA,AAGA
AY693230.1,28,31,40,43,4,AGAA,AAGA
AY693230.1,15,18,40,43,4,AGAA,AAGA
AY693230.1,28,31,43,46,4,AGAA,AAGA
AY693230.1,15,18,43,46,4,AGAA,AAGA
AY693230.1,37,40,43,46,4,AGAA,AAGA
AY693230.1,37,40,235,238,4,AGAA,AAGA
AY693230.1,170,173,232,235,4,AGAA,AAGA
AY693230.1,28,31,232,235,4,AGAA,AAGA
AY693230.1,15,18,232,235,4,AGAA,AAGA
AY693230.1,15,18,22,25,4,AGAA,AAGA
AY693230.1,37,40,232,235,4,AGAA,AAGA
AY693230.1,41,44,64,67,4,AGAA,AAGA
AY693230.1,23,26,64,67,4,AGAA,AAGA
AY693230.1,44,47,64,67,4,AGAA,AAGA
AY693230.1,37,40,64,67,4,AGAA,AAGA
AY693230.1,26,31,235,240,6,AGAGAA,AAGAGA
AY693230.1,13,18,235,240,6,AGAGAA,AAGAGA
AY693230.1,236,240,236,240,5,AGAGA,AGAGA
AY693230.1,106,110,236,240,5,AGAGA,AGAGA
AY693230.1,26,30,106,110,5,AGAGA,AGAGA
AY693230.1,13,17,106,110,5,AGAGA,AGAGA
AY693230.1,106,110,106,110,5,AGAGA,AGAGA
AY693230.1,65,68,237,240,4,AGAG,GAGA
AY693230.1,65,68,107,110,4,AGAG,GAGA
AY693230.1,192,195,237,240,4,AGAG,GAGA
AY693230.1,106,109,169,172,4,AGAG,GAGA
AY693230.1,41,43,106,108,3,AGA,AGA
AY693230.1,23,25,106,108,3,AGA,AGA
AY693230.1,44,46,106,108,3,AGA,AGA
AY693230.1,41,43,192,194,3,AGA,AGA
AY693230.1,23,25,192,194,3,AGA,AGA
AY693230.1,44,46,192,194,3,AGA,AGA
AY693230.1,158,160,192,194,3,AGA,AGA
AY693230.1,37,39,106,108,3,AGA,AGA
AY693230.1,37,39,192,194,3,AGA,AGA
AY693230.1,41,43,132,134,3,AGA,AGA
AY693230.1,23,25,132,134,3,AGA,AGA
AY693230.1,44,46,132,134,3,AGA,AGA
AY693230.1,28,30,132,134,3,AGA,AGA
AY693230.1,15,17,132,134,3,AGA,AGA
AY693230.1,26,28,106,108,3,AGA,AGA
AY693230.1,26,28,192,194,3,AGA,AGA
AY693230.1,26,28,236,238,3,AGA,AGA
AY693230.1,26,28,26,28,3,AGA,AGA
AY693230.1,26,28,65,67,3,AGA,AGA
AY693230.1,15,17,15,17,3,AGA,AGA
AY693230.1,13,15,106,108,3,AGA,AGA
AY693230.1,13,15,192,194,3,AGA,AGA
AY693230.1,13,15,13,15,3,AGA,AGA
AY693230.1,13,15,236,238,3,AGA,AGA
AY693230.1,13,15,26,28,3,AGA,AGA
AY693230.1,13,15,65,67,3,AGA,AGA
AY693230.1,28,30,28,30,3,AGA,AGA
AY693230.1,15,17,28,30,3,AGA,AGA
AY693230.1,236,238,236,238,3,AGA,AGA
AY693230.1,65,67,106,108,3,AGA,AGA
AY693230.1,65,67,192,194,3,AGA,AGA
AY693230.1,65,67,236,238,3,AGA,AGA
AY693230.1,65,67,65,67,3,AGA,AGA
AY693230.1,28,30,170,172,3,AGA,AGA
AY693230.1,15,17,170,172,3,AGA,AGA
AY693230.1,170,172,170,172,3,AGA,AGA
AY693230.1,26,28,132,134,3,AGA,AGA
AY693230.1,13,15,132,134,3,AGA,AGA
AY693230.1,65,67,132,134,3,AGA,AGA
AY693230.1,37,39,170,172,3,AGA,AGA
AY693230.1,106,108,158,160,3,AGA,AGA
AY693230.1,106,108,233,235,3,AGA,AGA
AY693230.1,192,194,233,235,3,AGA,AGA
AY693230.1,106,108,106,108,3,AGA,AGA
AY693230.1,106,108,192,194,3,AGA,AGA
AY693230.1,106,108,236,238,3,AGA,AGA
AY693230.1,192,194,192,194,3,AGA,AGA
AY693230.1,192,194,236,238,3,AGA,AGA
AY693230.1,106,108,132,134,3,AGA,AGA
AY693230.1,41,43,238,240,3,AGA,AGA
AY693230.1,23,25,238,240,3,AGA,AGA
AY693230.1,233,235,238,240,3,AGA,AGA
AY693230.1,44,46,238,240,3,AGA,AGA
AY693230.1,158,160,238,240,3,AGA,AGA
AY693230.1,41,43,108,110,3,AGA,AGA
AY693230.1,23,25,108,110,3,AGA,AGA
AY693230.1,44,46,108,110,3,AGA,AGA
AY693230.1,28,30,238,240,3,AGA,AGA
AY693230.1,15,17,238,240,3,AGA,AGA
AY693230.1,170,172,238,240,3,AGA,AGA
AY693230.1,28,30,108,110,3,AGA,AGA
AY693230.1,15,17,108,110,3,AGA,AGA
AY693230.1,28,30,37,39,3,AGA,AGA
AY693230.1,15,17,37,39,3,AGA,AGA
AY693230.1,37,39,37,39,3,AGA,AGA
AY693230.1,132,134,170,172,3,AGA,AGA
AY693230.1,132,134,158,160,3,AGA,AGA
AY693230.1,132,134,233,235,3,AGA,AGA
AY693230.1,132,134,192,194,3,AGA,AGA
AY693230.1,132,134,236,238,3,AGA,AGA
AY693230.1,132,134,238,240,3,AGA,AGA
AY693230.1,132,134,132,134,3,AGA,AGA
AY693230.1,108,110,170,172,3,AGA,AGA
AY693230.1,108,110,158,160,3,AGA,AGA
AY693230.1,108,110,233,235,3,AGA,AGA
AY693230.1,238,240,238,240,3,AGA,AGA
AY693230.1,108,110,238,240,3,AGA,AGA
AY693230.1,108,110,108,110,3,AGA,AGA
AY693230.1,108,110,132,134,3,AGA,AGA
AY693230.1,136,138,184,186,3,ATC,CTA
AY693230.1,10,20,10,20,11,CCAAGAGAACC,CCAAGAGAACC
AY693230.1,19,24,244,249,6,CCTAAG,GAATCC
AY693230.1,61,66,244,249,6,CCTAAG,GAATCC
AY693230.1,81,83,136,138,3,CTA,ATC
AY693230.1,35,37,128,130,3,CTA,ATC
AY693230.1,35,37,246,248,3,CTA,ATC
AY693230.1,20,22,136,138,3,CTA,ATC
AY693230.1,62,64,136,138,3,CTA,ATC
AY693230.1,95,97,136,138,3,CTA,ATC
AY693230.1,71,73,120,122,3,CTT,TTC
AY693230.1,196,201,196,201,6,GAAAAG,GAAAAG
AY693230.1,250,255,250,255,6,GAAAAG,GAAAAG
AY693230.1,24,29,169,174,6,GAAGAG,GAGAAG
AY693230.1,24,28,44,48,5,GAAGA,AGAAG
AY693230.1,24,28,158,162,5,GAAGA,AGAAG
AY693230.1,42,46,170,174,5,GAAGA,AGAAG
AY693230.1,45,48,45,48,4,GAAG,GAAG
AY693230.1,45,48,159,162,4,GAAG,GAAG
AY693230.1,45,48,171,174,4,GAAG,GAAG
AY693230.1,177,180,234,237,4,GAAG,GAAG
AY693230.1,42,45,177,180,4,GAAG,GAAG
AY693230.1,24,27,177,180,4,GAAG,GAAG
AY693230.1,171,174,177,180,4,GAAG,GAAG
AY693230.1,159,162,177,180,4,GAAG,GAAG
AY693230.1,171,174,171,174,4,GAAG,GAAG
AY693230.1,159,162,159,162,4,GAAG,GAAG
AY693230.1,159,162,171,174,4,GAAG,GAAG
AY693230.1,29,31,199,201,3,GAA,AAG
AY693230.1,16,18,199,201,3,GAA,AAG
AY693230.1,100,102,157,159,3,GAA,AAG
AY693230.1,29,31,253,255,3,GAA,AAG
AY693230.1,16,18,253,255,3,GAA,AAG
AY693230.1,124,126,157,159,3,GAA,AAG
AY693230.1,38,40,217,219,3,GAA,AAG
AY693230.1,100,102,217,219,3,GAA,AAG
AY693230.1,124,126,217,219,3,GAA,AAG
AY693230.1,38,40,149,151,3,GAA,AAG
AY693230.1,100,102,149,151,3,GAA,AAG
AY693230.1,42,44,199,201,3,GAA,AAG
AY693230.1,100,102,235,237,3,GAA,AAG
AY693230.1,24,26,199,201,3,GAA,AAG
AY693230.1,45,47,199,201,3,GAA,AAG
AY693230.1,171,173,199,201,3,GAA,AAG
AY693230.1,159,161,199,201,3,GAA,AAG
AY693230.1,42,44,217,219,3,GAA,AAG
AY693230.1,42,44,253,255,3,GAA,AAG
AY693230.1,196,198,235,237,3,GAA,AAG
AY693230.1,24,26,217,219,3,GAA,AAG
AY693230.1,24,26,253,255,3,GAA,AAG
AY693230.1,234,236,253,255,3,GAA,AAG
AY693230.1,45,47,217,219,3,GAA,AAG
AY693230.1,45,47,253,255,3,GAA,AAG
AY693230.1,171,173,217,219,3,GAA,AAG
AY693230.1,171,173,253,255,3,GAA,AAG
AY693230.1,159,161,217,219,3,GAA,AAG
AY693230.1,159,161,253,255,3,GAA,AAG
AY693230.1,42,44,149,151,3,GAA,AAG
AY693230.1,124,126,235,237,3,GAA,AAG
AY693230.1,24,26,149,151,3,GAA,AAG
AY693230.1,45,47,149,151,3,GAA,AAG
AY693230.1,29,31,46,48,3,GAA,AAG
AY693230.1,16,18,46,48,3,GAA,AAG
AY693230.1,38,40,46,48,3,GAA,AAG
AY693230.1,29,31,178,180,3,GAA,AAG
AY693230.1,16,18,178,180,3,GAA,AAG
AY693230.1,38,40,178,180,3,GAA,AAG
AY693230.1,177,179,199,201,3,GAA,AAG
AY693230.1,100,102,178,180,3,GAA,AAG
AY693230.1,124,126,178,180,3,GAA,AAG
AY693230.1,29,31,160,162,3,GAA,AAG
AY693230.1,16,18,160,162,3,GAA,AAG
AY693230.1,38,40,160,162,3,GAA,AAG
AY693230.1,29,31,172,174,3,GAA,AAG
AY693230.1,16,18,172,174,3,GAA,AAG
AY693230.1,38,40,172,174,3,GAA,AAG
AY693230.1,100,102,160,162,3,GAA,AAG
AY693230.1,100,102,172,174,3,GAA,AAG
AY693230.1,100,102,232,234,3,GAA,AAG
AY693230.1,177,179,232,234,3,GAA,AAG
AY693230.1,196,198,232,234,3,GAA,AAG
AY693230.1,124,126,232,234,3,GAA,AAG
AY693230.1,244,246,253,255,3,GAA,AAG
AY693230.1,169,174,234,239,6,GAGAAG,GAAGAG
AY693230.1,27,31,64,68,5,GAGAA,AAGAG
AY693230.1,14,18,64,68,5,GAGAA,AAGAG
AY693230.1,27,30,192,195,4,GAGA,AGAG
AY693230.1,14,17,192,195,4,GAGA,AGAG
AY693230.1,169,172,192,195,4,GAGA,AGAG
AY693230.1,107,110,192,195,4,GAGA,AGAG
AY693230.1,193,202,249,258,10,GAGGAAAAGC,CGAAAAGGAG
AY693230.1,166,168,275,277,3,GGT,TGG
AY693230.1,3,5,144,146,3,GGT,TGG
AY693230.1,3,5,175,177,3,GGT,TGG
AY693230.1,3,5,275,277,3,GGT,TGG
AY693230.1,3,5,164,166,3,GGT,TGG
AY693230.1,111,113,135,137,3,TAT,TAT
AY693230.1,111,113,241,243,3,TAT,TAT
AY693230.1,260,262,260,262,3,TAT,TAT
AY693230.1,111,113,111,113,3,TAT,TAT
AY693230.1,135,137,135,137,3,TAT,TAT
AY693230.1,135,137,241,243,3,TAT,TAT
AY693230.1,241,243,241,243,3,TAT,TAT
AY693230.1,144,146,166,168,3,TGG,GGT
AY693230.1,2,4,166,168,3,TGG,GGT
AY693230.1,120,122,206,208,3,TTC,CTT
AY693230.1,120,122,272,274,3,TTC,CTT
AY693230.1,116,118,206,208,3,TTC,CTT
AY693230.1,91,93,206,208,3,TTC,CTT
AY693230.1,120,122,278,280,3,TTC,CTT
AY693230.1,116,118,272,274,3,TTC,CTT

Total for length 3 is 256.
Total for length 4 is 49.
Total for length 5 is 24.
Total for length 6 is 11.
Total for length 7 is 2.
Total for length 10 is 1.
Total for length 11 is 1.

