Input file is sequence9.fasta.
Minimal fragment length is 3.
Working with probability estimation.
P value is : 0.050000.
Printing all instances.
Looking for inverse complementary repeats.
AY693230.1 Alphabet size is 4.
Input sequence has 0 letters that are not in expected alphabet.
AY693230.1,12,14,71,73,3,AAG,CTT
AY693230.1,43,45,71,73,3,AAG,CTT
AY693230.1,25,27,71,73,3,AAG,CTT
AY693230.1,22,24,71,73,3,AAG,CTT
AY693230.1,64,66,71,73,3,AAG,CTT
AY693230.1,40,42,278,280,3,AAG,CTT
AY693230.1,157,159,278,280,3,AAG,CTT
AY693230.1,12,14,278,280,3,AAG,CTT
AY693230.1,43,45,278,280,3,AAG,CTT
AY693230.1,25,27,278,280,3,AAG,CTT
AY693230.1,235,237,278,280,3,AAG,CTT
AY693230.1,253,255,278,280,3,AAG,CTT
AY693230.1,217,219,278,280,3,AAG,CTT
AY693230.1,46,48,71,73,3,AAG,CTT
AY693230.1,46,48,278,280,3,AAG,CTT
AY693230.1,178,180,278,280,3,AAG,CTT
AY693230.1,199,201,206,208,3,AAG,CTT
AY693230.1,40,42,206,208,3,AAG,CTT
AY693230.1,157,159,206,208,3,AAG,CTT
AY693230.1,12,14,206,208,3,AAG,CTT
AY693230.1,43,45,206,208,3,AAG,CTT
AY693230.1,25,27,206,208,3,AAG,CTT
AY693230.1,217,219,272,274,3,AAG,CTT
AY693230.1,157,159,272,274,3,AAG,CTT
AY693230.1,12,14,272,274,3,AAG,CTT
AY693230.1,46,48,272,274,3,AAG,CTT
AY693230.1,178,180,272,274,3,AAG,CTT
AY693230.1,43,45,272,274,3,AAG,CTT
AY693230.1,25,27,272,274,3,AAG,CTT
AY693230.1,235,237,272,274,3,AAG,CTT
AY693230.1,22,24,272,274,3,AAG,CTT
AY693230.1,232,234,272,274,3,AAG,CTT
AY693230.1,64,66,272,274,3,AAG,CTT
AY693230.1,149,151,206,208,3,AAG,CTT
AY693230.1,149,151,278,280,3,AAG,CTT
AY693230.1,172,174,206,208,3,AAG,CTT
AY693230.1,172,174,278,280,3,AAG,CTT
AY693230.1,160,162,206,208,3,AAG,CTT
AY693230.1,160,162,278,280,3,AAG,CTT
AY693230.1,55,57,112,114,3,AAT,ATT
AY693230.1,31,33,166,168,3,ACC,GGT
AY693230.1,18,20,166,168,3,ACC,GGT
AY693230.1,34,36,257,259,3,ACT,AGT
AY693230.1,34,36,161,163,3,ACT,AGT
AY693230.1,34,36,150,152,3,ACT,AGT
AY693230.1,41,44,120,123,4,AGAA,TTCT
AY693230.1,23,26,120,123,4,AGAA,TTCT
AY693230.1,44,47,120,123,4,AGAA,TTCT
AY693230.1,37,40,120,123,4,AGAA,TTCT
AY693230.1,65,68,182,185,4,AGAG,CTCT
AY693230.1,26,29,182,185,4,AGAG,CTCT
AY693230.1,13,16,182,185,4,AGAG,CTCT
AY693230.1,106,109,182,185,4,AGAG,CTCT
AY693230.1,257,259,271,273,3,AGT,ACT
AY693230.1,134,137,261,264,4,ATAT,ATAT
AY693230.1,110,113,110,113,4,ATAT,ATAT
AY693230.1,240,243,240,243,4,ATAT,ATAT
AY693230.1,110,113,240,243,4,ATAT,ATAT
AY693230.1,240,243,261,264,4,ATAT,ATAT
AY693230.1,110,113,261,264,4,ATAT,ATAT
AY693230.1,112,114,245,247,3,ATT,AAT
AY693230.1,141,143,245,247,3,ATT,AAT
AY693230.1,112,114,127,129,3,ATT,AAT
AY693230.1,33,35,167,169,3,CAC,GTG
AY693230.1,6,8,174,176,3,CAC,GTG
AY693230.1,138,140,174,176,3,CAC,GTG
AY693230.1,182,185,192,195,4,CTCT,AGAG
AY693230.1,182,185,236,239,4,CTCT,AGAG
AY693230.1,206,208,235,237,3,CTT,AAG
AY693230.1,71,73,149,151,3,CTT,AAG
AY693230.1,71,73,172,174,3,CTT,AAG
AY693230.1,71,73,160,162,3,CTT,AAG
AY693230.1,71,73,217,219,3,CTT,AAG
AY693230.1,71,73,178,180,3,CTT,AAG
AY693230.1,71,73,157,159,3,CTT,AAG
AY693230.1,71,73,235,237,3,CTT,AAG
AY693230.1,71,73,232,234,3,CTT,AAG
AY693230.1,29,31,91,93,3,GAA,TTC
AY693230.1,16,18,91,93,3,GAA,TTC
AY693230.1,100,102,120,122,3,GAA,TTC
AY693230.1,38,40,116,118,3,GAA,TTC
AY693230.1,42,44,116,118,3,GAA,TTC
AY693230.1,42,44,91,93,3,GAA,TTC
AY693230.1,24,26,116,118,3,GAA,TTC
AY693230.1,24,26,91,93,3,GAA,TTC
AY693230.1,45,47,116,118,3,GAA,TTC
AY693230.1,45,47,91,93,3,GAA,TTC
AY693230.1,79,82,212,215,4,GCCT,AGGC
AY693230.1,79,82,224,227,4,GCCT,AGGC
AY693230.1,79,82,179,182,4,GCCT,AGGC
AY693230.1,79,82,218,221,4,GCCT,AGGC
AY693230.1,204,207,212,215,4,GCCT,AGGC
AY693230.1,204,207,224,227,4,GCCT,AGGC
AY693230.1,220,222,276,278,3,GCC,GGC
AY693230.1,58,60,276,278,3,GCC,GGC
AY693230.1,226,228,276,278,3,GCC,GGC
AY693230.1,58,60,180,182,3,GCC,GGC
AY693230.1,79,81,276,278,3,GCC,GGC
AY693230.1,79,81,154,156,3,GCC,GGC
AY693230.1,189,191,213,215,3,GCC,GGC
AY693230.1,189,191,225,227,3,GCC,GGC
AY693230.1,189,191,219,221,3,GCC,GGC
AY693230.1,58,60,213,215,3,GCC,GGC
AY693230.1,58,60,225,227,3,GCC,GGC
AY693230.1,58,60,219,221,3,GCC,GGC
AY693230.1,213,216,225,228,4,GGCC,GGCC
AY693230.1,219,222,225,228,4,GGCC,GGCC
AY693230.1,225,228,225,228,4,GGCC,GGCC
AY693230.1,213,216,219,222,4,GGCC,GGCC
AY693230.1,219,222,219,222,4,GGCC,GGCC
AY693230.1,213,216,213,216,4,GGCC,GGCC
AY693230.1,154,156,220,222,3,GGC,GCC
AY693230.1,154,156,214,216,3,GGC,GCC
AY693230.1,213,215,268,270,3,GGC,GCC
AY693230.1,219,221,268,270,3,GGC,GCC
AY693230.1,225,227,268,270,3,GGC,GCC
AY693230.1,154,156,189,191,3,GGC,GCC
AY693230.1,154,156,268,270,3,GGC,GCC
AY693230.1,180,182,226,228,3,GGC,GCC
AY693230.1,154,156,204,206,3,GGC,GCC
AY693230.1,180,182,220,222,3,GGC,GCC
AY693230.1,180,182,189,191,3,GGC,GCC
AY693230.1,180,182,268,270,3,GGC,GCC
AY693230.1,180,182,214,216,3,GGC,GCC
AY693230.1,69,71,79,81,3,GGC,GCC
AY693230.1,69,71,226,228,3,GGC,GCC
AY693230.1,69,71,189,191,3,GGC,GCC
AY693230.1,69,71,268,270,3,GGC,GCC
AY693230.1,69,71,214,216,3,GGC,GCC
AY693230.1,3,5,7,9,3,GGT,ACC
AY693230.1,3,5,18,20,3,GGT,ACC
AY693230.1,167,169,270,272,3,GTG,CAC
AY693230.1,258,267,258,267,10,GTTATATAAC,GTTATATAAC
AY693230.1,137,139,243,245,3,TCA,TGA
AY693230.1,5,7,123,125,3,TCA,TGA
AY693230.1,5,7,243,245,3,TCA,TGA
AY693230.1,123,125,137,139,3,TGA,TCA
AY693230.1,120,123,233,236,4,TTCT,AGAA
AY693230.1,120,123,158,161,4,TTCT,AGAA
AY693230.1,120,123,170,173,4,TTCT,AGAA
AY693230.1,116,118,244,246,3,TTC,GAA
AY693230.1,116,118,177,179,3,TTC,GAA
AY693230.1,116,118,196,198,3,TTC,GAA
AY693230.1,116,118,124,126,3,TTC,GAA
AY693230.1,91,93,244,246,3,TTC,GAA
AY693230.1,91,93,177,179,3,TTC,GAA
AY693230.1,116,118,171,173,3,TTC,GAA
AY693230.1,116,118,234,236,3,TTC,GAA
AY693230.1,116,118,159,161,3,TTC,GAA
AY693230.1,91,93,171,173,3,TTC,GAA
AY693230.1,91,93,234,236,3,TTC,GAA
AY693230.1,91,93,159,161,3,TTC,GAA
AY693230.1,120,122,244,246,3,TTC,GAA
AY693230.1,120,122,177,179,3,TTC,GAA
AY693230.1,120,122,250,252,3,TTC,GAA
AY693230.1,120,122,196,198,3,TTC,GAA
AY693230.1,120,122,124,126,3,TTC,GAA
AY693230.1,89,94,249,254,6,TTTTCG,CGAAAA
AY693230.1,89,94,99,104,6,TTTTCG,CGAAAA

Total for length 3 is 125.
Total for length 4 is 31.
Total for length 6 is 2.
Total for length 10 is 1.

