Input file is sequence9.fasta.
Minimal fragment length is 3.
Working with probability estimation.
P value is : 0.050000.
Printing all instances.
Looking for direct non-complementary repeats.
AY693230.1 Alphabet size is 4.
Input sequence has 0 letters that are not in expected alphabet.
AY693230.1,101,103,198,200,3,AAA,AAA
AY693230.1,197,199,198,200,3,AAA,AAA
AY693230.1,198,200,251,253,3,AAA,AAA
AY693230.1,125,127,198,200,3,AAA,AAA
AY693230.1,101,103,252,254,3,AAA,AAA
AY693230.1,197,199,252,254,3,AAA,AAA
AY693230.1,251,253,252,254,3,AAA,AAA
AY693230.1,125,127,252,254,3,AAA,AAA
AY693230.1,39,41,126,128,3,AAA,AAA
AY693230.1,101,103,126,128,3,AAA,AAA
AY693230.1,126,128,197,199,3,AAA,AAA
AY693230.1,126,128,251,253,3,AAA,AAA
AY693230.1,125,127,126,128,3,AAA,AAA
AY693230.1,54,56,198,200,3,AAA,AAA
AY693230.1,54,56,252,254,3,AAA,AAA
AY693230.1,39,41,54,56,3,AAA,AAA
AY693230.1,54,56,101,103,3,AAA,AAA
AY693230.1,54,56,197,199,3,AAA,AAA
AY693230.1,54,56,251,253,3,AAA,AAA
AY693230.1,54,56,125,127,3,AAA,AAA
AY693230.1,54,56,102,104,3,AAA,AAA
AY693230.1,39,41,102,104,3,AAA,AAA
AY693230.1,101,103,102,104,3,AAA,AAA
AY693230.1,102,104,197,199,3,AAA,AAA
AY693230.1,102,104,251,253,3,AAA,AAA
AY693230.1,102,104,125,127,3,AAA,AAA
AY693230.1,22,28,40,46,7,AAGAAGA,AAGAAGA
AY693230.1,40,46,232,238,7,AAGAAGA,AAGAAGA
AY693230.1,43,48,157,162,6,AAGAAG,AAGAAG
AY693230.1,40,45,157,162,6,AAGAAG,AAGAAG
AY693230.1,22,27,157,162,6,AAGAAG,AAGAAG
AY693230.1,157,162,232,237,6,AAGAAG,AAGAAG
AY693230.1,40,45,43,48,6,AAGAAG,AAGAAG
AY693230.1,22,27,43,48,6,AAGAAG,AAGAAG
AY693230.1,43,48,232,237,6,AAGAAG,AAGAAG
AY693230.1,12,20,25,33,9,AAGAGAACC,AAGAGAACC
AY693230.1,12,16,64,68,5,AAGAG,AAGAG
AY693230.1,25,29,64,68,5,AAGAG,AAGAG
AY693230.1,64,68,235,239,5,AAGAG,AAGAG
AY693230.1,12,15,40,43,4,AAGA,AAGA
AY693230.1,12,15,43,46,4,AAGA,AAGA
AY693230.1,12,15,22,25,4,AAGA,AAGA
AY693230.1,12,15,232,235,4,AAGA,AAGA
AY693230.1,25,28,40,43,4,AAGA,AAGA
AY693230.1,40,43,235,238,4,AAGA,AAGA
AY693230.1,25,28,157,160,4,AAGA,AAGA
AY693230.1,157,160,235,238,4,AAGA,AAGA
AY693230.1,22,25,25,28,4,AAGA,AAGA
AY693230.1,25,28,232,235,4,AAGA,AAGA
AY693230.1,22,25,235,238,4,AAGA,AAGA
AY693230.1,232,235,235,238,4,AAGA,AAGA
AY693230.1,40,43,64,67,4,AAGA,AAGA
AY693230.1,64,67,157,160,4,AAGA,AAGA
AY693230.1,43,46,64,67,4,AAGA,AAGA
AY693230.1,157,159,253,255,3,AAG,AAG
AY693230.1,12,14,253,255,3,AAG,AAG
AY693230.1,43,45,253,255,3,AAG,AAG
AY693230.1,25,27,253,255,3,AAG,AAG
AY693230.1,235,237,253,255,3,AAG,AAG
AY693230.1,22,24,253,255,3,AAG,AAG
AY693230.1,232,234,253,255,3,AAG,AAG
AY693230.1,64,66,253,255,3,AAG,AAG
AY693230.1,40,42,217,219,3,AAG,AAG
AY693230.1,43,45,217,219,3,AAG,AAG
AY693230.1,25,27,217,219,3,AAG,AAG
AY693230.1,217,219,235,237,3,AAG,AAG
AY693230.1,22,24,217,219,3,AAG,AAG
AY693230.1,217,219,232,234,3,AAG,AAG
AY693230.1,64,66,217,219,3,AAG,AAG
AY693230.1,40,42,46,48,3,AAG,AAG
AY693230.1,40,42,178,180,3,AAG,AAG
AY693230.1,46,48,157,159,3,AAG,AAG
AY693230.1,12,14,46,48,3,AAG,AAG
AY693230.1,157,159,178,180,3,AAG,AAG
AY693230.1,12,14,178,180,3,AAG,AAG
AY693230.1,22,24,46,48,3,AAG,AAG
AY693230.1,46,48,232,234,3,AAG,AAG
AY693230.1,46,48,64,66,3,AAG,AAG
AY693230.1,22,24,178,180,3,AAG,AAG
AY693230.1,178,180,232,234,3,AAG,AAG
AY693230.1,64,66,178,180,3,AAG,AAG
AY693230.1,149,151,253,255,3,AAG,AAG
AY693230.1,40,42,149,151,3,AAG,AAG
AY693230.1,46,48,149,151,3,AAG,AAG
AY693230.1,149,151,178,180,3,AAG,AAG
AY693230.1,43,45,149,151,3,AAG,AAG
AY693230.1,25,27,149,151,3,AAG,AAG
AY693230.1,149,151,235,237,3,AAG,AAG
AY693230.1,22,24,149,151,3,AAG,AAG
AY693230.1,149,151,232,234,3,AAG,AAG
AY693230.1,64,66,149,151,3,AAG,AAG
AY693230.1,172,174,253,255,3,AAG,AAG
AY693230.1,40,42,172,174,3,AAG,AAG
AY693230.1,160,162,253,255,3,AAG,AAG
AY693230.1,40,42,160,162,3,AAG,AAG
AY693230.1,172,174,217,219,3,AAG,AAG
AY693230.1,157,159,172,174,3,AAG,AAG
AY693230.1,12,14,172,174,3,AAG,AAG
AY693230.1,160,162,217,219,3,AAG,AAG
AY693230.1,157,159,160,162,3,AAG,AAG
AY693230.1,12,14,160,162,3,AAG,AAG
AY693230.1,22,24,172,174,3,AAG,AAG
AY693230.1,172,174,232,234,3,AAG,AAG
AY693230.1,64,66,172,174,3,AAG,AAG
AY693230.1,22,24,160,162,3,AAG,AAG
AY693230.1,160,162,232,234,3,AAG,AAG
AY693230.1,64,66,160,162,3,AAG,AAG
AY693230.1,149,151,199,201,3,AAG,AAG
AY693230.1,199,201,217,219,3,AAG,AAG
AY693230.1,157,159,199,201,3,AAG,AAG
AY693230.1,12,14,199,201,3,AAG,AAG
AY693230.1,172,174,199,201,3,AAG,AAG
AY693230.1,160,162,199,201,3,AAG,AAG
AY693230.1,46,48,199,201,3,AAG,AAG
AY693230.1,178,180,199,201,3,AAG,AAG
AY693230.1,43,45,199,201,3,AAG,AAG
AY693230.1,25,27,199,201,3,AAG,AAG
AY693230.1,199,201,235,237,3,AAG,AAG
AY693230.1,22,24,199,201,3,AAG,AAG
AY693230.1,199,201,232,234,3,AAG,AAG
AY693230.1,64,66,199,201,3,AAG,AAG
AY693230.1,55,57,245,247,3,AAT,AAT
AY693230.1,41,45,170,174,5,AGAAG,AGAAG
AY693230.1,23,27,170,174,5,AGAAG,AGAAG
AY693230.1,170,174,233,237,5,AGAAG,AGAAG
AY693230.1,44,48,170,174,5,AGAAG,AGAAG
AY693230.1,28,31,41,44,4,AGAA,AGAA
AY693230.1,15,18,41,44,4,AGAA,AGAA
AY693230.1,23,26,28,31,4,AGAA,AGAA
AY693230.1,15,18,23,26,4,AGAA,AGAA
AY693230.1,28,31,233,236,4,AGAA,AGAA
AY693230.1,15,18,233,236,4,AGAA,AGAA
AY693230.1,28,31,44,47,4,AGAA,AGAA
AY693230.1,15,18,44,47,4,AGAA,AGAA
AY693230.1,28,31,158,161,4,AGAA,AGAA
AY693230.1,15,18,158,161,4,AGAA,AGAA
AY693230.1,37,40,41,44,4,AGAA,AGAA
AY693230.1,23,26,37,40,4,AGAA,AGAA
AY693230.1,37,40,233,236,4,AGAA,AGAA
AY693230.1,37,40,44,47,4,AGAA,AGAA
AY693230.1,37,40,158,161,4,AGAA,AGAA
AY693230.1,37,40,170,173,4,AGAA,AGAA
AY693230.1,28,31,37,40,4,AGAA,AGAA
AY693230.1,15,18,37,40,4,AGAA,AGAA
AY693230.1,106,113,236,243,8,AGAGATAT,AGAGATAT
AY693230.1,65,68,106,109,4,AGAG,AGAG
AY693230.1,26,29,192,195,4,AGAG,AGAG
AY693230.1,13,16,192,195,4,AGAG,AGAG
AY693230.1,192,195,236,239,4,AGAG,AGAG
AY693230.1,132,137,238,243,6,AGATAT,AGATAT
AY693230.1,108,113,132,137,6,AGATAT,AGATAT
AY693230.1,26,28,28,30,3,AGA,AGA
AY693230.1,15,17,26,28,3,AGA,AGA
AY693230.1,26,28,170,172,3,AGA,AGA
AY693230.1,13,15,28,30,3,AGA,AGA
AY693230.1,13,15,15,17,3,AGA,AGA
AY693230.1,13,15,170,172,3,AGA,AGA
AY693230.1,28,30,236,238,3,AGA,AGA
AY693230.1,15,17,236,238,3,AGA,AGA
AY693230.1,170,172,236,238,3,AGA,AGA
AY693230.1,28,30,65,67,3,AGA,AGA
AY693230.1,15,17,65,67,3,AGA,AGA
AY693230.1,65,67,170,172,3,AGA,AGA
AY693230.1,26,28,37,39,3,AGA,AGA
AY693230.1,13,15,37,39,3,AGA,AGA
AY693230.1,37,39,236,238,3,AGA,AGA
AY693230.1,37,39,65,67,3,AGA,AGA
AY693230.1,41,43,106,108,3,AGA,AGA
AY693230.1,23,25,106,108,3,AGA,AGA
AY693230.1,106,108,233,235,3,AGA,AGA
AY693230.1,44,46,106,108,3,AGA,AGA
AY693230.1,106,108,158,160,3,AGA,AGA
AY693230.1,41,43,192,194,3,AGA,AGA
AY693230.1,23,25,192,194,3,AGA,AGA
AY693230.1,192,194,233,235,3,AGA,AGA
AY693230.1,44,46,192,194,3,AGA,AGA
AY693230.1,158,160,192,194,3,AGA,AGA
AY693230.1,28,30,106,108,3,AGA,AGA
AY693230.1,15,17,106,108,3,AGA,AGA
AY693230.1,106,108,170,172,3,AGA,AGA
AY693230.1,28,30,192,194,3,AGA,AGA
AY693230.1,15,17,192,194,3,AGA,AGA
AY693230.1,170,172,192,194,3,AGA,AGA
AY693230.1,37,39,106,108,3,AGA,AGA
AY693230.1,37,39,192,194,3,AGA,AGA
AY693230.1,26,28,132,134,3,AGA,AGA
AY693230.1,13,15,132,134,3,AGA,AGA
AY693230.1,132,134,236,238,3,AGA,AGA
AY693230.1,65,67,132,134,3,AGA,AGA
AY693230.1,41,43,132,134,3,AGA,AGA
AY693230.1,23,25,132,134,3,AGA,AGA
AY693230.1,132,134,233,235,3,AGA,AGA
AY693230.1,44,46,132,134,3,AGA,AGA
AY693230.1,132,134,158,160,3,AGA,AGA
AY693230.1,28,30,132,134,3,AGA,AGA
AY693230.1,15,17,132,134,3,AGA,AGA
AY693230.1,132,134,170,172,3,AGA,AGA
AY693230.1,37,39,132,134,3,AGA,AGA
AY693230.1,26,28,238,240,3,AGA,AGA
AY693230.1,13,15,238,240,3,AGA,AGA
AY693230.1,236,238,238,240,3,AGA,AGA
AY693230.1,65,67,238,240,3,AGA,AGA
AY693230.1,41,43,238,240,3,AGA,AGA
AY693230.1,23,25,238,240,3,AGA,AGA
AY693230.1,233,235,238,240,3,AGA,AGA
AY693230.1,44,46,238,240,3,AGA,AGA
AY693230.1,158,160,238,240,3,AGA,AGA
AY693230.1,26,28,108,110,3,AGA,AGA
AY693230.1,13,15,108,110,3,AGA,AGA
AY693230.1,108,110,236,238,3,AGA,AGA
AY693230.1,65,67,108,110,3,AGA,AGA
AY693230.1,41,43,108,110,3,AGA,AGA
AY693230.1,23,25,108,110,3,AGA,AGA
AY693230.1,108,110,233,235,3,AGA,AGA
AY693230.1,44,46,108,110,3,AGA,AGA
AY693230.1,108,110,158,160,3,AGA,AGA
AY693230.1,106,108,238,240,3,AGA,AGA
AY693230.1,192,194,238,240,3,AGA,AGA
AY693230.1,106,108,108,110,3,AGA,AGA
AY693230.1,108,110,192,194,3,AGA,AGA
AY693230.1,37,39,238,240,3,AGA,AGA
AY693230.1,37,39,108,110,3,AGA,AGA
AY693230.1,200,202,203,205,3,AGC,AGC
AY693230.1,218,222,224,228,5,AGGCC,AGGCC
AY693230.1,212,216,218,222,5,AGGCC,AGGCC
AY693230.1,212,216,224,228,5,AGGCC,AGGCC
AY693230.1,112,114,141,143,3,ATT,ATT
AY693230.1,148,151,216,219,4,CAAG,CAAG
AY693230.1,11,14,148,151,4,CAAG,CAAG
AY693230.1,148,151,156,159,4,CAAG,CAAG
AY693230.1,156,159,216,219,4,CAAG,CAAG
AY693230.1,77,79,227,229,3,CCG,CCG
AY693230.1,20,23,95,98,4,CTAA,CTAA
AY693230.1,62,65,95,98,4,CTAA,CTAA
AY693230.1,20,23,184,187,4,CTAA,CTAA
AY693230.1,62,65,184,187,4,CTAA,CTAA
AY693230.1,100,104,124,128,5,GAAAA,GAAAA
AY693230.1,100,104,196,200,5,GAAAA,GAAAA
AY693230.1,124,128,250,254,5,GAAAA,GAAAA
AY693230.1,124,128,196,200,5,GAAAA,GAAAA
AY693230.1,38,41,100,103,4,GAAA,GAAA
AY693230.1,38,41,250,253,4,GAAA,GAAA
AY693230.1,38,41,196,199,4,GAAA,GAAA
AY693230.1,38,41,124,127,4,GAAA,GAAA
AY693230.1,29,31,100,102,3,GAA,GAA
AY693230.1,29,31,250,252,3,GAA,GAA
AY693230.1,16,18,100,102,3,GAA,GAA
AY693230.1,16,18,250,252,3,GAA,GAA
AY693230.1,29,31,196,198,3,GAA,GAA
AY693230.1,16,18,196,198,3,GAA,GAA
AY693230.1,29,31,124,126,3,GAA,GAA
AY693230.1,16,18,124,126,3,GAA,GAA
AY693230.1,42,44,100,102,3,GAA,GAA
AY693230.1,42,44,250,252,3,GAA,GAA
AY693230.1,24,26,100,102,3,GAA,GAA
AY693230.1,24,26,250,252,3,GAA,GAA
AY693230.1,100,102,234,236,3,GAA,GAA
AY693230.1,234,236,250,252,3,GAA,GAA
AY693230.1,45,47,100,102,3,GAA,GAA
AY693230.1,45,47,250,252,3,GAA,GAA
AY693230.1,100,102,171,173,3,GAA,GAA
AY693230.1,171,173,250,252,3,GAA,GAA
AY693230.1,100,102,159,161,3,GAA,GAA
AY693230.1,159,161,250,252,3,GAA,GAA
AY693230.1,42,44,196,198,3,GAA,GAA
AY693230.1,24,26,196,198,3,GAA,GAA
AY693230.1,196,198,234,236,3,GAA,GAA
AY693230.1,45,47,196,198,3,GAA,GAA
AY693230.1,171,173,196,198,3,GAA,GAA
AY693230.1,159,161,196,198,3,GAA,GAA
AY693230.1,42,44,124,126,3,GAA,GAA
AY693230.1,24,26,124,126,3,GAA,GAA
AY693230.1,124,126,234,236,3,GAA,GAA
AY693230.1,45,47,124,126,3,GAA,GAA
AY693230.1,124,126,171,173,3,GAA,GAA
AY693230.1,124,126,159,161,3,GAA,GAA
AY693230.1,29,31,177,179,3,GAA,GAA
AY693230.1,16,18,177,179,3,GAA,GAA
AY693230.1,38,40,177,179,3,GAA,GAA
AY693230.1,100,102,177,179,3,GAA,GAA
AY693230.1,177,179,250,252,3,GAA,GAA
AY693230.1,124,126,177,179,3,GAA,GAA
AY693230.1,42,44,244,246,3,GAA,GAA
AY693230.1,24,26,244,246,3,GAA,GAA
AY693230.1,234,236,244,246,3,GAA,GAA
AY693230.1,45,47,244,246,3,GAA,GAA
AY693230.1,171,173,244,246,3,GAA,GAA
AY693230.1,159,161,244,246,3,GAA,GAA
AY693230.1,29,31,244,246,3,GAA,GAA
AY693230.1,16,18,244,246,3,GAA,GAA
AY693230.1,38,40,244,246,3,GAA,GAA
AY693230.1,100,102,244,246,3,GAA,GAA
AY693230.1,244,246,250,252,3,GAA,GAA
AY693230.1,177,179,244,246,3,GAA,GAA
AY693230.1,196,198,244,246,3,GAA,GAA
AY693230.1,155,157,201,203,3,GCA,GCA
AY693230.1,68,70,165,167,3,GGG,GGG
AY693230.1,3,5,166,168,3,GGT,GGT
AY693230.1,167,169,174,176,3,GTG,GTG
AY693230.1,185,192,264,271,8,TAACGCCA,TAACGCCA
AY693230.1,21,30,231,240,10,TAAGAAGAGA,TAAGAAGAGA
AY693230.1,82,84,208,210,3,TAC,TAC
AY693230.1,36,38,280,282,3,TAG,TAG
AY693230.1,76,78,129,131,3,TCC,TCC
AY693230.1,121,123,183,185,3,TCT,TCT
AY693230.1,74,76,86,88,3,TGT,TGT
AY693230.1,91,93,120,122,3,TTC,TTC

Total for length 3 is 229.
Total for length 4 is 49.
Total for length 5 is 14.
Total for length 6 is 9.
Total for length 7 is 2.
Total for length 8 is 2.
Total for length 9 is 1.
Total for length 10 is 1.

