Input file is sequence.fasta.
Minimal fragment length is 3.
Working with probability estimation.
P value is : 0.050000.
Printing all instances.
Looking for inverse complementary repeats.
AF057309.1 Alphabet size is 4.
Input sequence has 0 letters that are not in expected alphabet.
AF057309.1,11,14,554,557,4,AAAA,TTTT
AF057309.1,11,14,553,556,4,AAAA,TTTT
AF057309.1,11,14,552,555,4,AAAA,TTTT
AF057309.1,11,14,446,449,4,AAAA,TTTT
AF057309.1,11,14,551,554,4,AAAA,TTTT
AF057309.1,11,14,231,234,4,AAAA,TTTT
AF057309.1,11,14,447,450,4,AAAA,TTTT
AF057309.1,11,14,372,375,4,AAAA,TTTT
AF057309.1,11,14,467,470,4,AAAA,TTTT
AF057309.1,11,14,380,383,4,AAAA,TTTT
AF057309.1,11,14,379,382,4,AAAA,TTTT
AF057309.1,11,14,371,374,4,AAAA,TTTT
AF057309.1,153,156,554,557,4,AAAA,TTTT
AF057309.1,153,156,445,448,4,AAAA,TTTT
AF057309.1,153,156,550,553,4,AAAA,TTTT
AF057309.1,153,156,553,556,4,AAAA,TTTT
AF057309.1,153,156,552,555,4,AAAA,TTTT
AF057309.1,153,156,446,449,4,AAAA,TTTT
AF057309.1,153,156,551,554,4,AAAA,TTTT
AF057309.1,153,156,231,234,4,AAAA,TTTT
AF057309.1,153,156,232,235,4,AAAA,TTTT
AF057309.1,11,14,48,51,4,AAAA,TTTT
AF057309.1,11,14,404,407,4,AAAA,TTTT
AF057309.1,153,156,380,383,4,AAAA,TTTT
AF057309.1,11,14,466,469,4,AAAA,TTTT
AF057309.1,11,14,230,233,4,AAAA,TTTT
AF057309.1,153,156,466,469,4,AAAA,TTTT
AF057309.1,153,156,230,233,4,AAAA,TTTT
AF057309.1,392,395,554,557,4,AAAA,TTTT
AF057309.1,392,395,445,448,4,AAAA,TTTT
AF057309.1,392,395,550,553,4,AAAA,TTTT
AF057309.1,392,395,553,556,4,AAAA,TTTT
AF057309.1,392,395,552,555,4,AAAA,TTTT
AF057309.1,392,395,446,449,4,AAAA,TTTT
AF057309.1,392,395,551,554,4,AAAA,TTTT
AF057309.1,392,395,404,407,4,AAAA,TTTT
AF057309.1,392,395,447,450,4,AAAA,TTTT
AF057309.1,392,395,467,470,4,AAAA,TTTT
AF057309.1,12,14,555,557,3,AAA,TTT
AF057309.1,11,13,445,447,3,AAA,TTT
AF057309.1,392,394,445,447,3,AAA,TTT
AF057309.1,12,14,233,235,3,AAA,TTT
AF057309.1,12,14,122,124,3,AAA,TTT
AF057309.1,11,13,550,552,3,AAA,TTT
AF057309.1,392,394,550,552,3,AAA,TTT
AF057309.1,11,13,141,143,3,AAA,TTT
AF057309.1,11,13,120,122,3,AAA,TTT
AF057309.1,153,155,445,447,3,AAA,TTT
AF057309.1,12,14,448,450,3,AAA,TTT
AF057309.1,12,14,373,375,3,AAA,TTT
AF057309.1,12,14,468,470,3,AAA,TTT
AF057309.1,12,14,142,144,3,AAA,TTT
AF057309.1,12,14,49,51,3,AAA,TTT
AF057309.1,12,14,405,407,3,AAA,TTT
AF057309.1,153,155,550,552,3,AAA,TTT
AF057309.1,12,14,381,383,3,AAA,TTT
AF057309.1,154,156,555,557,3,AAA,TTT
AF057309.1,154,156,233,235,3,AAA,TTT
AF057309.1,11,13,48,50,3,AAA,TTT
AF057309.1,11,13,379,381,3,AAA,TTT
AF057309.1,11,13,371,373,3,AAA,TTT
AF057309.1,11,13,404,406,3,AAA,TTT
AF057309.1,392,394,404,406,3,AAA,TTT
AF057309.1,154,156,448,450,3,AAA,TTT
AF057309.1,154,156,373,375,3,AAA,TTT
AF057309.1,154,156,468,470,3,AAA,TTT
AF057309.1,154,156,405,407,3,AAA,TTT
AF057309.1,153,155,379,381,3,AAA,TTT
AF057309.1,153,155,371,373,3,AAA,TTT
AF057309.1,153,155,404,406,3,AAA,TTT
AF057309.1,154,156,381,383,3,AAA,TTT
AF057309.1,12,14,80,82,3,AAA,TTT
AF057309.1,12,14,516,518,3,AAA,TTT
AF057309.1,11,13,516,518,3,AAA,TTT
AF057309.1,392,394,516,518,3,AAA,TTT
AF057309.1,153,155,516,518,3,AAA,TTT
AF057309.1,393,395,555,557,3,AAA,TTT
AF057309.1,11,13,466,468,3,AAA,TTT
AF057309.1,392,394,466,468,3,AAA,TTT
AF057309.1,11,13,230,232,3,AAA,TTT
AF057309.1,153,155,466,468,3,AAA,TTT
AF057309.1,153,155,230,232,3,AAA,TTT
AF057309.1,393,395,448,450,3,AAA,TTT
AF057309.1,393,395,468,470,3,AAA,TTT
AF057309.1,393,395,405,407,3,AAA,TTT
AF057309.1,393,395,516,518,3,AAA,TTT
AF057309.1,154,156,501,503,3,AAA,TTT
AF057309.1,12,14,501,503,3,AAA,TTT
AF057309.1,154,156,456,458,3,AAA,TTT
AF057309.1,12,14,456,458,3,AAA,TTT
AF057309.1,154,156,212,214,3,AAA,TTT
AF057309.1,12,14,212,214,3,AAA,TTT
AF057309.1,154,156,414,416,3,AAA,TTT
AF057309.1,12,14,414,416,3,AAA,TTT
AF057309.1,153,155,501,503,3,AAA,TTT
AF057309.1,153,155,456,458,3,AAA,TTT
AF057309.1,153,155,212,214,3,AAA,TTT
AF057309.1,153,155,414,416,3,AAA,TTT
AF057309.1,154,156,426,428,3,AAA,TTT
AF057309.1,12,14,426,428,3,AAA,TTT
AF057309.1,11,13,426,428,3,AAA,TTT
AF057309.1,392,394,426,428,3,AAA,TTT
AF057309.1,542,544,555,557,3,AAA,TTT
AF057309.1,154,156,529,531,3,AAA,TTT
AF057309.1,12,14,529,531,3,AAA,TTT
AF057309.1,542,544,550,552,3,AAA,TTT
AF057309.1,542,544,554,556,3,AAA,TTT
AF057309.1,542,544,553,555,3,AAA,TTT
AF057309.1,542,544,552,554,3,AAA,TTT
AF057309.1,542,544,551,553,3,AAA,TTT
AF057309.1,11,13,529,531,3,AAA,TTT
AF057309.1,392,394,529,531,3,AAA,TTT
AF057309.1,153,155,529,531,3,AAA,TTT
AF057309.1,434,437,464,467,4,AATA,TATT
AF057309.1,434,437,518,521,4,AATA,TATT
AF057309.1,434,437,527,530,4,AATA,TATT
AF057309.1,434,437,499,502,4,AATA,TATT
AF057309.1,394,396,519,521,3,AAT,ATT
AF057309.1,132,134,465,467,3,AAT,ATT
AF057309.1,132,134,528,530,3,AAT,ATT
AF057309.1,132,134,500,502,3,AAT,ATT
AF057309.1,132,134,455,457,3,AAT,ATT
AF057309.1,434,436,455,457,3,AAT,ATT
AF057309.1,109,111,425,427,3,AAT,ATT
AF057309.1,109,111,229,231,3,AAT,ATT
AF057309.1,109,111,465,467,3,AAT,ATT
AF057309.1,109,111,528,530,3,AAT,ATT
AF057309.1,109,111,500,502,3,AAT,ATT
AF057309.1,289,291,425,427,3,AAT,ATT
AF057309.1,289,291,465,467,3,AAT,ATT
AF057309.1,289,291,528,530,3,AAT,ATT
AF057309.1,289,291,500,502,3,AAT,ATT
AF057309.1,109,111,201,203,3,AAT,ATT
AF057309.1,109,111,462,464,3,AAT,ATT
AF057309.1,289,291,462,464,3,AAT,ATT
AF057309.1,109,111,211,213,3,AAT,ATT
AF057309.1,132,134,211,213,3,AAT,ATT
AF057309.1,109,111,413,415,3,AAT,ATT
AF057309.1,289,291,413,415,3,AAT,ATT
AF057309.1,132,134,413,415,3,AAT,ATT
AF057309.1,53,55,455,457,3,AAT,ATT
AF057309.1,53,55,425,427,3,AAT,ATT
AF057309.1,53,55,229,231,3,AAT,ATT
AF057309.1,53,55,465,467,3,AAT,ATT
AF057309.1,53,55,528,530,3,AAT,ATT
AF057309.1,53,55,500,502,3,AAT,ATT
AF057309.1,210,212,455,457,3,AAT,ATT
AF057309.1,210,212,425,427,3,AAT,ATT
AF057309.1,210,212,229,231,3,AAT,ATT
AF057309.1,210,212,465,467,3,AAT,ATT
AF057309.1,210,212,528,530,3,AAT,ATT
AF057309.1,210,212,500,502,3,AAT,ATT
AF057309.1,412,414,455,457,3,AAT,ATT
AF057309.1,412,414,425,427,3,AAT,ATT
AF057309.1,412,414,465,467,3,AAT,ATT
AF057309.1,412,414,528,530,3,AAT,ATT
AF057309.1,412,414,500,502,3,AAT,ATT
AF057309.1,53,55,201,203,3,AAT,ATT
AF057309.1,53,55,462,464,3,AAT,ATT
AF057309.1,210,212,462,464,3,AAT,ATT
AF057309.1,412,414,462,464,3,AAT,ATT
AF057309.1,7,9,548,550,3,ACC,GGT
AF057309.1,437,439,548,550,3,ACC,GGT
AF057309.1,22,24,548,550,3,ACC,GGT
AF057309.1,437,439,441,443,3,ACC,GGT
AF057309.1,106,108,441,443,3,ACC,GGT
AF057309.1,419,421,441,443,3,ACC,GGT
AF057309.1,89,91,441,443,3,ACC,GGT
AF057309.1,77,79,548,550,3,ACC,GGT
AF057309.1,150,152,480,482,3,ACG,CGT
AF057309.1,264,266,480,482,3,ACG,CGT
AF057309.1,117,119,192,194,3,ACG,CGT
AF057309.1,117,119,480,482,3,ACG,CGT
AF057309.1,117,119,174,176,3,ACG,CGT
AF057309.1,117,119,359,361,3,ACG,CGT
AF057309.1,126,128,139,141,3,ACG,CGT
AF057309.1,126,128,192,194,3,ACG,CGT
AF057309.1,156,167,156,167,12,AGAACATGTTCT,AGAACATGTTCT
AF057309.1,156,159,406,409,4,AGAA,TTCT
AF057309.1,156,159,427,430,4,AGAA,TTCT
AF057309.1,156,159,363,366,4,AGAA,TTCT
AF057309.1,344,347,449,452,4,AGAA,TTCT
AF057309.1,344,347,406,409,4,AGAA,TTCT
AF057309.1,344,347,427,430,4,AGAA,TTCT
AF057309.1,156,159,205,208,4,AGAA,TTCT
AF057309.1,156,159,185,188,4,AGAA,TTCT
AF057309.1,344,346,361,363,3,AGA,TCT
AF057309.1,156,158,176,178,3,AGA,TCT
AF057309.1,156,158,482,484,3,AGA,TCT
AF057309.1,344,346,482,484,3,AGA,TCT
AF057309.1,344,346,351,353,3,AGA,TCT
AF057309.1,156,158,242,244,3,AGA,TCT
AF057309.1,156,158,476,478,3,AGA,TCT
AF057309.1,344,346,476,478,3,AGA,TCT
AF057309.1,199,201,242,244,3,AGA,TCT
AF057309.1,199,201,364,366,3,AGA,TCT
AF057309.1,199,201,476,478,3,AGA,TCT
AF057309.1,199,201,482,484,3,AGA,TCT
AF057309.1,199,201,407,409,3,AGA,TCT
AF057309.1,199,201,428,430,3,AGA,TCT
AF057309.1,199,201,206,208,3,AGA,TCT
AF057309.1,312,314,351,353,3,AGA,TCT
AF057309.1,312,314,361,363,3,AGA,TCT
AF057309.1,312,314,450,452,3,AGA,TCT
AF057309.1,312,314,476,478,3,AGA,TCT
AF057309.1,312,314,482,484,3,AGA,TCT
AF057309.1,312,314,407,409,3,AGA,TCT
AF057309.1,312,314,428,430,3,AGA,TCT
AF057309.1,246,248,351,353,3,AGA,TCT
AF057309.1,246,248,361,363,3,AGA,TCT
AF057309.1,246,248,450,452,3,AGA,TCT
AF057309.1,156,158,474,476,3,AGA,TCT
AF057309.1,267,269,351,353,3,AGA,TCT
AF057309.1,267,269,361,363,3,AGA,TCT
AF057309.1,267,269,450,452,3,AGA,TCT
AF057309.1,156,158,396,398,3,AGA,TCT
AF057309.1,246,248,364,366,3,AGA,TCT
AF057309.1,344,346,474,476,3,AGA,TCT
AF057309.1,267,269,364,366,3,AGA,TCT
AF057309.1,344,346,396,398,3,AGA,TCT
AF057309.1,156,158,533,535,3,AGA,TCT
AF057309.1,344,346,533,535,3,AGA,TCT
AF057309.1,251,254,521,524,4,AGCA,TGCT
AF057309.1,283,286,521,524,4,AGCA,TGCT
AF057309.1,251,254,334,337,4,AGCA,TGCT
AF057309.1,286,289,334,337,4,AGCA,TGCT
AF057309.1,283,286,334,337,4,AGCA,TGCT
AF057309.1,254,257,521,524,4,AGCA,TGCT
AF057309.1,251,254,307,310,4,AGCA,TGCT
AF057309.1,286,289,307,310,4,AGCA,TGCT
AF057309.1,283,286,307,310,4,AGCA,TGCT
AF057309.1,347,349,522,524,3,AGC,GCT
AF057309.1,251,253,273,275,3,AGC,GCT
AF057309.1,254,256,273,275,3,AGC,GCT
AF057309.1,251,253,261,263,3,AGC,GCT
AF057309.1,254,256,261,263,3,AGC,GCT
AF057309.1,279,281,522,524,3,AGC,GCT
AF057309.1,279,281,308,310,3,AGC,GCT
AF057309.1,251,253,280,282,3,AGC,GCT
AF057309.1,254,256,280,282,3,AGC,GCT
AF057309.1,286,288,377,379,3,AGC,GCT
AF057309.1,251,253,377,379,3,AGC,GCT
AF057309.1,254,256,377,379,3,AGC,GCT
AF057309.1,283,285,377,379,3,AGC,GCT
AF057309.1,180,182,349,351,3,AGG,CCT
AF057309.1,180,182,493,495,3,AGG,CCT
AF057309.1,435,437,531,533,3,ATA,TAT
AF057309.1,432,434,527,529,3,ATA,TAT
AF057309.1,432,434,499,501,3,ATA,TAT
AF057309.1,498,500,531,533,3,ATA,TAT
AF057309.1,435,437,545,547,3,ATA,TAT
AF057309.1,540,542,545,547,3,ATA,TAT
AF057309.1,537,539,545,547,3,ATA,TAT
AF057309.1,526,528,531,533,3,ATA,TAT
AF057309.1,63,65,518,520,3,ATA,TAT
AF057309.1,63,65,464,466,3,ATA,TAT
AF057309.1,509,511,527,529,3,ATA,TAT
AF057309.1,509,511,518,520,3,ATA,TAT
AF057309.1,509,511,531,533,3,ATA,TAT
AF057309.1,257,259,461,463,3,ATC,GAT
AF057309.1,257,259,424,426,3,ATC,GAT
AF057309.1,357,359,461,463,3,ATC,GAT
AF057309.1,357,359,424,426,3,ATC,GAT
AF057309.1,248,250,305,307,3,ATC,GAT
AF057309.1,248,250,296,298,3,ATC,GAT
AF057309.1,257,259,388,390,3,ATC,GAT
AF057309.1,357,359,388,390,3,ATC,GAT
AF057309.1,269,271,461,463,3,ATC,GAT
AF057309.1,269,271,424,426,3,ATC,GAT
AF057309.1,269,271,316,318,3,ATC,GAT
AF057309.1,133,135,305,307,3,ATC,GAT
AF057309.1,133,135,296,298,3,ATC,GAT
AF057309.1,133,135,236,238,3,ATC,GAT
AF057309.1,133,135,316,318,3,ATC,GAT
AF057309.1,395,397,472,474,3,ATC,GAT
AF057309.1,133,135,472,474,3,ATC,GAT
AF057309.1,133,135,388,390,3,ATC,GAT
AF057309.1,269,271,313,315,3,ATC,GAT
AF057309.1,248,250,313,315,3,ATC,GAT
AF057309.1,99,101,228,230,3,ATC,GAT
AF057309.1,99,101,461,463,3,ATC,GAT
AF057309.1,99,101,424,426,3,ATC,GAT
AF057309.1,257,259,268,270,3,ATC,GAT
AF057309.1,99,101,305,307,3,ATC,GAT
AF057309.1,99,101,296,298,3,ATC,GAT
AF057309.1,99,101,236,238,3,ATC,GAT
AF057309.1,99,101,316,318,3,ATC,GAT
AF057309.1,333,335,454,456,3,ATG,CAT
AF057309.1,333,335,431,433,3,ATG,CAT
AF057309.1,333,335,525,527,3,ATG,CAT
AF057309.1,71,73,454,456,3,ATG,CAT
AF057309.1,306,308,454,456,3,ATG,CAT
AF057309.1,71,73,431,433,3,ATG,CAT
AF057309.1,71,73,525,527,3,ATG,CAT
AF057309.1,306,308,431,433,3,ATG,CAT
AF057309.1,306,308,525,527,3,ATG,CAT
AF057309.1,65,67,454,456,3,ATG,CAT
AF057309.1,71,73,332,334,3,ATG,CAT
AF057309.1,306,308,332,334,3,ATG,CAT
AF057309.1,237,239,332,334,3,ATG,CAT
AF057309.1,297,299,332,334,3,ATG,CAT
AF057309.1,314,316,332,334,3,ATG,CAT
AF057309.1,71,73,421,423,3,ATG,CAT
AF057309.1,306,308,421,423,3,ATG,CAT
AF057309.1,237,239,421,423,3,ATG,CAT
AF057309.1,297,299,421,423,3,ATG,CAT
AF057309.1,314,316,421,423,3,ATG,CAT
AF057309.1,65,67,332,334,3,ATG,CAT
AF057309.1,65,67,421,423,3,ATG,CAT
AF057309.1,333,335,356,358,3,ATG,CAT
AF057309.1,65,67,356,358,3,ATG,CAT
AF057309.1,333,335,508,510,3,ATG,CAT
AF057309.1,422,424,508,510,3,ATG,CAT
AF057309.1,71,73,508,510,3,ATG,CAT
AF057309.1,306,308,508,510,3,ATG,CAT
AF057309.1,237,239,508,510,3,ATG,CAT
AF057309.1,297,299,508,510,3,ATG,CAT
AF057309.1,314,316,508,510,3,ATG,CAT
AF057309.1,110,112,332,334,3,ATG,CAT
AF057309.1,110,112,421,423,3,ATG,CAT
AF057309.1,290,292,332,334,3,ATG,CAT
AF057309.1,290,292,421,423,3,ATG,CAT
AF057309.1,110,112,356,358,3,ATG,CAT
AF057309.1,110,112,256,258,3,ATG,CAT
AF057309.1,290,292,356,358,3,ATG,CAT
AF057309.1,110,112,508,510,3,ATG,CAT
AF057309.1,110,112,431,433,3,ATG,CAT
AF057309.1,110,112,525,527,3,ATG,CAT
AF057309.1,290,292,508,510,3,ATG,CAT
AF057309.1,290,292,431,433,3,ATG,CAT
AF057309.1,290,292,525,527,3,ATG,CAT
AF057309.1,161,163,454,456,3,ATG,CAT
AF057309.1,161,163,356,358,3,ATG,CAT
AF057309.1,161,163,256,258,3,ATG,CAT
AF057309.1,71,73,160,162,3,ATG,CAT
AF057309.1,161,163,508,510,3,ATG,CAT
AF057309.1,161,163,431,433,3,ATG,CAT
AF057309.1,161,163,525,527,3,ATG,CAT
AF057309.1,65,67,160,162,3,ATG,CAT
AF057309.1,317,319,454,456,3,ATG,CAT
AF057309.1,317,319,332,334,3,ATG,CAT
AF057309.1,317,319,421,423,3,ATG,CAT
AF057309.1,317,319,508,510,3,ATG,CAT
AF057309.1,317,319,431,433,3,ATG,CAT
AF057309.1,317,319,525,527,3,ATG,CAT
AF057309.1,1,3,536,538,3,ATT,AAT
AF057309.1,1,3,434,436,3,ATT,AAT
AF057309.1,1,3,539,541,3,ATT,AAT
AF057309.1,54,56,536,538,3,ATT,AAT
AF057309.1,54,56,434,436,3,ATT,AAT
AF057309.1,54,56,539,541,3,ATT,AAT
AF057309.1,16,18,536,538,3,ATT,AAT
AF057309.1,16,18,434,436,3,ATT,AAT
AF057309.1,16,18,539,541,3,ATT,AAT
AF057309.1,201,203,536,538,3,ATT,AAT
AF057309.1,201,203,434,436,3,ATT,AAT
AF057309.1,201,203,539,541,3,ATT,AAT
AF057309.1,1,3,53,55,3,ATT,AAT
AF057309.1,1,3,210,212,3,ATT,AAT
AF057309.1,1,3,412,414,3,ATT,AAT
AF057309.1,16,18,53,55,3,ATT,AAT
AF057309.1,16,18,210,212,3,ATT,AAT
AF057309.1,16,18,412,414,3,ATT,AAT
AF057309.1,26,28,53,55,3,ATT,AAT
AF057309.1,201,203,210,212,3,ATT,AAT
AF057309.1,26,28,210,212,3,ATT,AAT
AF057309.1,201,203,412,414,3,ATT,AAT
AF057309.1,26,28,412,414,3,ATT,AAT
AF057309.1,35,37,53,55,3,ATT,AAT
AF057309.1,35,37,210,212,3,ATT,AAT
AF057309.1,35,37,412,414,3,ATT,AAT
AF057309.1,1,3,289,291,3,ATT,AAT
AF057309.1,1,3,109,111,3,ATT,AAT
AF057309.1,54,56,289,291,3,ATT,AAT
AF057309.1,54,56,109,111,3,ATT,AAT
AF057309.1,201,203,289,291,3,ATT,AAT
AF057309.1,26,28,289,291,3,ATT,AAT
AF057309.1,26,28,109,111,3,ATT,AAT
AF057309.1,35,37,289,291,3,ATT,AAT
AF057309.1,35,37,109,111,3,ATT,AAT
AF057309.1,1,3,132,134,3,ATT,AAT
AF057309.1,54,56,132,134,3,ATT,AAT
AF057309.1,16,18,132,134,3,ATT,AAT
AF057309.1,35,37,132,134,3,ATT,AAT
AF057309.1,1,3,497,499,3,ATT,AAT
AF057309.1,54,56,497,499,3,ATT,AAT
AF057309.1,16,18,497,499,3,ATT,AAT
AF057309.1,201,203,497,499,3,ATT,AAT
AF057309.1,26,28,497,499,3,ATT,AAT
AF057309.1,462,464,497,499,3,ATT,AAT
AF057309.1,211,213,289,291,3,ATT,AAT
AF057309.1,211,213,497,499,3,ATT,AAT
AF057309.1,211,213,536,538,3,ATT,AAT
AF057309.1,211,213,434,436,3,ATT,AAT
AF057309.1,211,213,539,541,3,ATT,AAT
AF057309.1,413,415,497,499,3,ATT,AAT
AF057309.1,413,415,536,538,3,ATT,AAT
AF057309.1,413,415,434,436,3,ATT,AAT
AF057309.1,413,415,539,541,3,ATT,AAT
AF057309.1,455,457,497,499,3,ATT,AAT
AF057309.1,455,457,536,538,3,ATT,AAT
AF057309.1,455,457,539,541,3,ATT,AAT
AF057309.1,1,3,394,396,3,ATT,AAT
AF057309.1,54,56,394,396,3,ATT,AAT
AF057309.1,229,231,412,414,3,ATT,AAT
AF057309.1,16,18,394,396,3,ATT,AAT
AF057309.1,229,231,289,291,3,ATT,AAT
AF057309.1,425,427,497,499,3,ATT,AAT
AF057309.1,425,427,536,538,3,ATT,AAT
AF057309.1,425,427,434,436,3,ATT,AAT
AF057309.1,425,427,539,541,3,ATT,AAT
AF057309.1,35,37,394,396,3,ATT,AAT
AF057309.1,229,231,497,499,3,ATT,AAT
AF057309.1,229,231,536,538,3,ATT,AAT
AF057309.1,229,231,434,436,3,ATT,AAT
AF057309.1,229,231,539,541,3,ATT,AAT
AF057309.1,1,3,543,545,3,ATT,AAT
AF057309.1,54,56,543,545,3,ATT,AAT
AF057309.1,16,18,543,545,3,ATT,AAT
AF057309.1,201,203,543,545,3,ATT,AAT
AF057309.1,26,28,543,545,3,ATT,AAT
AF057309.1,462,464,543,545,3,ATT,AAT
AF057309.1,148,150,213,215,3,CAA,TTG
AF057309.1,148,150,234,236,3,CAA,TTG
AF057309.1,115,117,502,504,3,CAA,TTG
AF057309.1,115,117,457,459,3,CAA,TTG
AF057309.1,115,117,415,417,3,CAA,TTG
AF057309.1,486,488,502,504,3,CAA,TTG
AF057309.1,400,402,502,504,3,CAA,TTG
AF057309.1,400,402,457,459,3,CAA,TTG
AF057309.1,400,402,415,417,3,CAA,TTG
AF057309.1,115,117,213,215,3,CAA,TTG
AF057309.1,115,117,234,236,3,CAA,TTG
AF057309.1,115,117,123,125,3,CAA,TTG
AF057309.1,87,89,502,504,3,CAA,TTG
AF057309.1,87,89,457,459,3,CAA,TTG
AF057309.1,87,89,415,417,3,CAA,TTG
AF057309.1,10,12,60,62,3,CAA,TTG
AF057309.1,87,89,213,215,3,CAA,TTG
AF057309.1,108,110,502,504,3,CAA,TTG
AF057309.1,108,110,457,459,3,CAA,TTG
AF057309.1,108,110,415,417,3,CAA,TTG
AF057309.1,411,413,502,504,3,CAA,TTG
AF057309.1,411,413,457,459,3,CAA,TTG
AF057309.1,411,413,415,417,3,CAA,TTG
AF057309.1,108,110,213,215,3,CAA,TTG
AF057309.1,108,110,234,236,3,CAA,TTG
AF057309.1,108,110,123,125,3,CAA,TTG
AF057309.1,148,150,520,522,3,CAA,TTG
AF057309.1,288,290,502,504,3,CAA,TTG
AF057309.1,288,290,457,459,3,CAA,TTG
AF057309.1,288,290,415,417,3,CAA,TTG
AF057309.1,115,117,520,522,3,CAA,TTG
AF057309.1,486,488,520,522,3,CAA,TTG
AF057309.1,400,402,520,522,3,CAA,TTG
AF057309.1,10,12,520,522,3,CAA,TTG
AF057309.1,87,89,520,522,3,CAA,TTG
AF057309.1,391,393,520,522,3,CAA,TTG
AF057309.1,496,498,502,504,3,CAA,TTG
AF057309.1,131,133,502,504,3,CAA,TTG
AF057309.1,131,133,457,459,3,CAA,TTG
AF057309.1,131,133,415,417,3,CAA,TTG
AF057309.1,52,54,502,504,3,CAA,TTG
AF057309.1,52,54,457,459,3,CAA,TTG
AF057309.1,52,54,415,417,3,CAA,TTG
AF057309.1,209,211,502,504,3,CAA,TTG
AF057309.1,209,211,457,459,3,CAA,TTG
AF057309.1,209,211,415,417,3,CAA,TTG
AF057309.1,131,133,213,215,3,CAA,TTG
AF057309.1,52,54,81,83,3,CAA,TTG
AF057309.1,52,54,213,215,3,CAA,TTG
AF057309.1,209,211,213,215,3,CAA,TTG
AF057309.1,277,279,502,504,3,CAA,TTG
AF057309.1,277,279,457,459,3,CAA,TTG
AF057309.1,277,279,415,417,3,CAA,TTG
AF057309.1,277,279,520,522,3,CAA,TTG
AF057309.1,6,8,292,294,3,CAC,GTG
AF057309.1,21,23,292,294,3,CAC,GTG
AF057309.1,6,8,459,461,3,CAC,GTG
AF057309.1,6,8,195,197,3,CAC,GTG
AF057309.1,21,23,459,461,3,CAC,GTG
AF057309.1,21,23,195,197,3,CAC,GTG
AF057309.1,4,6,442,444,3,CAC,GTG
AF057309.1,19,21,442,444,3,CAC,GTG
AF057309.1,76,78,292,294,3,CAC,GTG
AF057309.1,76,78,193,195,3,CAC,GTG
AF057309.1,4,6,193,195,3,CAC,GTG
AF057309.1,19,21,193,195,3,CAC,GTG
AF057309.1,6,8,386,388,3,CAC,GTG
AF057309.1,21,23,386,388,3,CAC,GTG
AF057309.1,285,287,365,367,3,CAG,CTG
AF057309.1,253,255,365,367,3,CAG,CTG
AF057309.1,250,252,365,367,3,CAG,CTG
AF057309.1,179,181,365,367,3,CAG,CTG
AF057309.1,57,59,365,367,3,CAG,CTG
AF057309.1,525,533,540,548,9,CATATTTAT,ATAAATATG
AF057309.1,256,258,546,548,3,CAT,ATG
AF057309.1,160,162,546,548,3,CAT,ATG
AF057309.1,160,162,306,308,3,CAT,ATG
AF057309.1,160,162,237,239,3,CAT,ATG
AF057309.1,160,162,297,299,3,CAT,ATG
AF057309.1,160,162,314,316,3,CAT,ATG
AF057309.1,356,358,422,424,3,CAT,ATG
AF057309.1,256,258,422,424,3,CAT,ATG
AF057309.1,15,17,546,548,3,CAT,ATG
AF057309.1,15,17,333,335,3,CAT,ATG
AF057309.1,15,17,71,73,3,CAT,ATG
AF057309.1,15,17,306,308,3,CAT,ATG
AF057309.1,15,17,65,67,3,CAT,ATG
AF057309.1,256,258,290,292,3,CAT,ATG
AF057309.1,15,17,422,424,3,CAT,ATG
AF057309.1,15,17,237,239,3,CAT,ATG
AF057309.1,15,17,297,299,3,CAT,ATG
AF057309.1,15,17,314,316,3,CAT,ATG
AF057309.1,454,456,546,548,3,CAT,ATG
AF057309.1,9,11,547,549,3,CCA,TGG
AF057309.1,114,116,547,549,3,CCA,TGG
AF057309.1,485,487,547,549,3,CCA,TGG
AF057309.1,399,401,547,549,3,CCA,TGG
AF057309.1,276,278,547,549,3,CCA,TGG
AF057309.1,410,412,547,549,3,CCA,TGG
AF057309.1,107,109,366,368,3,CCA,TGG
AF057309.1,331,333,366,368,3,CCA,TGG
AF057309.1,9,11,366,368,3,CCA,TGG
AF057309.1,8,10,226,228,3,CCC,GGG
AF057309.1,216,218,440,442,3,CCG,CGG
AF057309.1,339,341,440,442,3,CCG,CGG
AF057309.1,138,140,440,442,3,CCG,CGG
AF057309.1,138,140,225,227,3,CCG,CGG
AF057309.1,138,140,327,329,3,CCG,CGG
AF057309.1,138,140,271,273,3,CCG,CGG
AF057309.1,138,140,259,261,3,CCG,CGG
AF057309.1,78,80,180,182,3,CCT,AGG
AF057309.1,90,92,180,182,3,CCT,AGG
AF057309.1,84,86,180,182,3,CCT,AGG
AF057309.1,220,222,375,377,3,CGA,TCG
AF057309.1,220,222,470,472,3,CGA,TCG
AF057309.1,220,222,303,305,3,CGA,TCG
AF057309.1,340,342,375,377,3,CGA,TCG
AF057309.1,217,219,375,377,3,CGA,TCG
AF057309.1,340,342,470,472,3,CGA,TCG
AF057309.1,217,219,470,472,3,CGA,TCG
AF057309.1,217,219,303,305,3,CGA,TCG
AF057309.1,265,267,375,377,3,CGA,TCG
AF057309.1,265,267,470,472,3,CGA,TCG
AF057309.1,265,267,303,305,3,CGA,TCG
AF057309.1,220,222,326,328,3,CGA,TCG
AF057309.1,151,153,326,328,3,CGA,TCG
AF057309.1,220,222,224,226,3,CGA,TCG
AF057309.1,151,153,224,226,3,CGA,TCG
AF057309.1,340,342,358,360,3,CGA,TCG
AF057309.1,217,219,358,360,3,CGA,TCG
AF057309.1,265,267,270,272,3,CGA,TCG
AF057309.1,220,222,270,272,3,CGA,TCG
AF057309.1,151,153,270,272,3,CGA,TCG
AF057309.1,220,222,258,260,3,CGA,TCG
AF057309.1,151,153,258,260,3,CGA,TCG
AF057309.1,24,26,191,193,3,CGA,TCG
AF057309.1,24,26,173,175,3,CGA,TCG
AF057309.1,24,26,31,33,3,CGA,TCG
AF057309.1,24,26,375,377,3,CGA,TCG
AF057309.1,24,26,470,472,3,CGA,TCG
AF057309.1,24,26,303,305,3,CGA,TCG
AF057309.1,295,297,326,328,3,CGA,TCG
AF057309.1,295,297,470,472,3,CGA,TCG
AF057309.1,295,297,303,305,3,CGA,TCG
AF057309.1,304,306,326,328,3,CGA,TCG
AF057309.1,304,306,375,377,3,CGA,TCG
AF057309.1,327,329,479,481,3,CGG,CCG
AF057309.1,259,261,479,481,3,CGG,CCG
AF057309.1,271,273,479,481,3,CGG,CCG
AF057309.1,327,329,439,441,3,CGG,CCG
AF057309.1,259,261,439,441,3,CGG,CCG
AF057309.1,271,273,439,441,3,CGG,CCG
AF057309.1,96,98,439,441,3,CGG,CCG
AF057309.1,225,227,479,481,3,CGG,CCG
AF057309.1,440,442,479,481,3,CGG,CCG
AF057309.1,32,34,126,128,3,CGT,ACG
AF057309.1,127,129,219,221,3,CGT,ACG
AF057309.1,127,129,264,266,3,CGT,ACG
AF057309.1,32,34,117,119,3,CGT,ACG
AF057309.1,118,120,219,221,3,CGT,ACG
AF057309.1,118,120,264,266,3,CGT,ACG
AF057309.1,139,141,219,221,3,CGT,ACG
AF057309.1,139,141,264,266,3,CGT,ACG
AF057309.1,243,245,285,287,3,CTG,CAG
AF057309.1,243,245,253,255,3,CTG,CAG
AF057309.1,68,70,343,345,3,CTG,CAG
AF057309.1,266,269,482,485,4,GAGA,TCTC
AF057309.1,266,269,407,410,4,GAGA,TCTC
AF057309.1,266,269,428,431,4,GAGA,TCTC
AF057309.1,245,248,482,485,4,GAGA,TCTC
AF057309.1,245,248,407,410,4,GAGA,TCTC
AF057309.1,266,269,476,479,4,GAGA,TCTC
AF057309.1,245,248,476,479,4,GAGA,TCTC
AF057309.1,62,64,99,101,3,GAT,ATC
AF057309.1,62,64,473,475,3,GAT,ATC
AF057309.1,472,474,532,534,3,GAT,ATC
AF057309.1,62,64,269,271,3,GAT,ATC
AF057309.1,98,100,532,534,3,GAT,ATC
AF057309.1,388,390,532,534,3,GAT,ATC
AF057309.1,313,315,389,391,3,GAT,ATC
AF057309.1,296,298,473,475,3,GAT,ATC
AF057309.1,296,298,532,534,3,GAT,ATC
AF057309.1,305,307,473,475,3,GAT,ATC
AF057309.1,305,307,532,534,3,GAT,ATC
AF057309.1,247,249,257,259,3,GAT,ATC
AF057309.1,247,249,357,359,3,GAT,ATC
AF057309.1,268,270,357,359,3,GAT,ATC
AF057309.1,98,100,257,259,3,GAT,ATC
AF057309.1,98,100,357,359,3,GAT,ATC
AF057309.1,296,298,389,391,3,GAT,ATC
AF057309.1,305,307,389,391,3,GAT,ATC
AF057309.1,62,64,257,259,3,GAT,ATC
AF057309.1,62,64,357,359,3,GAT,ATC
AF057309.1,236,238,473,475,3,GAT,ATC
AF057309.1,236,238,532,534,3,GAT,ATC
AF057309.1,70,72,99,101,3,GAT,ATC
AF057309.1,70,72,473,475,3,GAT,ATC
AF057309.1,70,72,532,534,3,GAT,ATC
AF057309.1,316,318,473,475,3,GAT,ATC
AF057309.1,316,318,532,534,3,GAT,ATC
AF057309.1,236,238,269,271,3,GAT,ATC
AF057309.1,70,72,269,271,3,GAT,ATC
AF057309.1,200,202,257,259,3,GAT,ATC
AF057309.1,200,202,357,359,3,GAT,ATC
AF057309.1,200,202,269,271,3,GAT,ATC
AF057309.1,296,298,395,397,3,GAT,ATC
AF057309.1,305,307,395,397,3,GAT,ATC
AF057309.1,98,100,133,135,3,GAT,ATC
AF057309.1,98,100,395,397,3,GAT,ATC
AF057309.1,200,202,389,391,3,GAT,ATC
AF057309.1,200,202,248,250,3,GAT,ATC
AF057309.1,70,72,133,135,3,GAT,ATC
AF057309.1,62,64,133,135,3,GAT,ATC
AF057309.1,236,238,395,397,3,GAT,ATC
AF057309.1,70,72,395,397,3,GAT,ATC
AF057309.1,316,318,395,397,3,GAT,ATC
AF057309.1,388,390,395,397,3,GAT,ATC
AF057309.1,62,64,395,397,3,GAT,ATC
AF057309.1,25,27,99,101,3,GAT,ATC
AF057309.1,25,27,473,475,3,GAT,ATC
AF057309.1,25,27,532,534,3,GAT,ATC
AF057309.1,25,27,389,391,3,GAT,ATC
AF057309.1,25,27,248,250,3,GAT,ATC
AF057309.1,228,230,473,475,3,GAT,ATC
AF057309.1,228,230,532,534,3,GAT,ATC
AF057309.1,228,230,257,259,3,GAT,ATC
AF057309.1,228,230,357,359,3,GAT,ATC
AF057309.1,228,230,269,271,3,GAT,ATC
AF057309.1,228,230,389,391,3,GAT,ATC
AF057309.1,228,230,248,250,3,GAT,ATC
AF057309.1,461,463,473,475,3,GAT,ATC
AF057309.1,461,463,532,534,3,GAT,ATC
AF057309.1,424,426,473,475,3,GAT,ATC
AF057309.1,424,426,532,534,3,GAT,ATC
AF057309.1,255,257,293,295,3,GCA,TGC
AF057309.1,284,286,293,295,3,GCA,TGC
AF057309.1,252,254,293,295,3,GCA,TGC
AF057309.1,287,289,293,295,3,GCA,TGC
AF057309.1,83,85,272,274,3,GCC,GGC
AF057309.1,83,85,260,262,3,GCC,GGC
AF057309.1,83,85,328,330,3,GCC,GGC
AF057309.1,273,275,283,285,3,GCT,AGC
AF057309.1,280,282,286,288,3,GCT,AGC
AF057309.1,273,275,286,288,3,GCT,AGC
AF057309.1,261,263,286,288,3,GCT,AGC
AF057309.1,273,275,279,281,3,GCT,AGC
AF057309.1,261,263,279,281,3,GCT,AGC
AF057309.1,67,69,279,281,3,GCT,AGC
AF057309.1,73,75,279,281,3,GCT,AGC
AF057309.1,280,282,347,349,3,GCT,AGC
AF057309.1,67,69,347,349,3,GCT,AGC
AF057309.1,73,75,347,349,3,GCT,AGC
AF057309.1,308,310,347,349,3,GCT,AGC
AF057309.1,328,330,348,350,3,GGC,GCC
AF057309.1,260,262,329,331,3,GGC,GCC
AF057309.1,272,274,329,331,3,GGC,GCC
AF057309.1,226,228,492,494,3,GGG,CCC
AF057309.1,226,228,330,332,3,GGG,CCC
AF057309.1,441,443,506,508,3,GGT,ACC
AF057309.1,33,35,167,169,3,GTA,TAC
AF057309.1,33,35,323,325,3,GTA,TAC
AF057309.1,33,35,105,107,3,GTA,TAC
AF057309.1,33,35,505,507,3,GTA,TAC
AF057309.1,33,35,418,420,3,GTA,TAC
AF057309.1,33,35,146,148,3,GTA,TAC
AF057309.1,417,419,436,438,3,GTA,TAC
AF057309.1,39,41,463,465,3,TAA,TTA
AF057309.1,39,41,517,519,3,TAA,TTA
AF057309.1,39,41,530,532,3,TAA,TTA
AF057309.1,39,41,382,384,3,TAA,TTA
AF057309.1,383,385,463,465,3,TAA,TTA
AF057309.1,383,385,517,519,3,TAA,TTA
AF057309.1,383,385,530,532,3,TAA,TTA
AF057309.1,436,438,504,506,3,TAC,GTA
AF057309.1,105,107,504,506,3,TAC,GTA
AF057309.1,105,107,417,419,3,TAC,GTA
AF057309.1,263,265,504,506,3,TAC,GTA
AF057309.1,263,265,417,419,3,TAC,GTA
AF057309.1,167,169,504,506,3,TAC,GTA
AF057309.1,167,169,417,419,3,TAC,GTA
AF057309.1,323,325,504,506,3,TAC,GTA
AF057309.1,323,325,417,419,3,TAC,GTA
AF057309.1,527,530,536,539,4,TATT,AATA
AF057309.1,527,530,539,542,4,TATT,AATA
AF057309.1,518,521,543,546,4,TATT,AATA
AF057309.1,499,502,536,539,4,TATT,AATA
AF057309.1,499,502,539,542,4,TATT,AATA
AF057309.1,464,467,497,500,4,TATT,AATA
AF057309.1,34,37,543,546,4,TATT,AATA
AF057309.1,34,37,497,500,4,TATT,AATA
AF057309.1,34,37,536,539,4,TATT,AATA
AF057309.1,34,37,539,542,4,TATT,AATA
AF057309.1,499,501,509,511,3,TAT,ATA
AF057309.1,531,533,544,546,3,TAT,ATA
AF057309.1,64,66,435,437,3,TAT,ATA
AF057309.1,34,36,526,528,3,TAT,ATA
AF057309.1,34,36,63,65,3,TAT,ATA
AF057309.1,34,36,509,511,3,TAT,ATA
AF057309.1,34,36,432,434,3,TAT,ATA
AF057309.1,64,66,537,539,3,TAT,ATA
AF057309.1,64,66,540,542,3,TAT,ATA
AF057309.1,518,520,526,528,3,TAT,ATA
AF057309.1,464,466,526,528,3,TAT,ATA
AF057309.1,464,466,509,511,3,TAT,ATA
AF057309.1,86,89,234,237,4,TCAA,TTGA
AF057309.1,86,89,123,126,4,TCAA,TTGA
AF057309.1,208,211,234,237,4,TCAA,TTGA
AF057309.1,130,133,234,237,4,TCAA,TTGA
AF057309.1,51,54,60,63,4,TCAA,TTGA
AF057309.1,51,54,234,237,4,TCAA,TTGA
AF057309.1,51,54,123,126,4,TCAA,TTGA
AF057309.1,86,88,460,462,3,TCA,TGA
AF057309.1,208,210,460,462,3,TCA,TGA
AF057309.1,86,88,387,389,3,TCA,TGA
AF057309.1,208,210,387,389,3,TCA,TGA
AF057309.1,130,132,460,462,3,TCA,TGA
AF057309.1,51,53,460,462,3,TCA,TGA
AF057309.1,130,132,387,389,3,TCA,TGA
AF057309.1,51,53,387,389,3,TCA,TGA
AF057309.1,75,77,235,237,3,TCA,TGA
AF057309.1,75,77,124,126,3,TCA,TGA
AF057309.1,3,5,235,237,3,TCA,TGA
AF057309.1,3,5,61,63,3,TCA,TGA
AF057309.1,18,20,235,237,3,TCA,TGA
AF057309.1,18,20,61,63,3,TCA,TGA
AF057309.1,86,88,196,198,3,TCA,TGA
AF057309.1,3,5,124,126,3,TCA,TGA
AF057309.1,18,20,124,126,3,TCA,TGA
AF057309.1,3,5,69,71,3,TCA,TGA
AF057309.1,18,20,69,71,3,TCA,TGA
AF057309.1,51,53,69,71,3,TCA,TGA
AF057309.1,310,312,460,462,3,TCA,TGA
AF057309.1,310,312,387,389,3,TCA,TGA
AF057309.1,178,180,460,462,3,TCA,TGA
AF057309.1,178,180,387,389,3,TCA,TGA
AF057309.1,178,180,235,237,3,TCA,TGA
AF057309.1,3,5,244,246,3,TCA,TGA
AF057309.1,18,20,244,246,3,TCA,TGA
AF057309.1,130,132,244,246,3,TCA,TGA
AF057309.1,51,53,244,246,3,TCA,TGA
AF057309.1,178,180,196,198,3,TCA,TGA
AF057309.1,56,58,460,462,3,TCA,TGA
AF057309.1,56,58,387,389,3,TCA,TGA
AF057309.1,56,58,235,237,3,TCA,TGA
AF057309.1,56,58,61,63,3,TCA,TGA
AF057309.1,56,58,124,126,3,TCA,TGA
AF057309.1,310,312,315,317,3,TCA,TGA
AF057309.1,178,180,315,317,3,TCA,TGA
AF057309.1,75,77,315,317,3,TCA,TGA
AF057309.1,86,88,315,317,3,TCA,TGA
AF057309.1,208,210,315,317,3,TCA,TGA
AF057309.1,310,312,423,425,3,TCA,TGA
AF057309.1,178,180,423,425,3,TCA,TGA
AF057309.1,75,77,423,425,3,TCA,TGA
AF057309.1,86,88,423,425,3,TCA,TGA
AF057309.1,208,210,423,425,3,TCA,TGA
AF057309.1,56,58,315,317,3,TCA,TGA
AF057309.1,3,5,315,317,3,TCA,TGA
AF057309.1,18,20,315,317,3,TCA,TGA
AF057309.1,130,132,315,317,3,TCA,TGA
AF057309.1,51,53,315,317,3,TCA,TGA
AF057309.1,56,58,423,425,3,TCA,TGA
AF057309.1,3,5,423,425,3,TCA,TGA
AF057309.1,18,20,423,425,3,TCA,TGA
AF057309.1,130,132,423,425,3,TCA,TGA
AF057309.1,51,53,423,425,3,TCA,TGA
AF057309.1,430,432,460,462,3,TCA,TGA
AF057309.1,249,251,298,300,3,TCA,TGA
AF057309.1,178,180,238,240,3,TCA,TGA
AF057309.1,75,77,238,240,3,TCA,TGA
AF057309.1,86,88,238,240,3,TCA,TGA
AF057309.1,208,210,238,240,3,TCA,TGA
AF057309.1,178,180,298,300,3,TCA,TGA
AF057309.1,75,77,298,300,3,TCA,TGA
AF057309.1,86,88,298,300,3,TCA,TGA
AF057309.1,208,210,298,300,3,TCA,TGA
AF057309.1,56,58,238,240,3,TCA,TGA
AF057309.1,3,5,238,240,3,TCA,TGA
AF057309.1,18,20,238,240,3,TCA,TGA
AF057309.1,130,132,238,240,3,TCA,TGA
AF057309.1,51,53,238,240,3,TCA,TGA
AF057309.1,56,58,298,300,3,TCA,TGA
AF057309.1,3,5,298,300,3,TCA,TGA
AF057309.1,18,20,298,300,3,TCA,TGA
AF057309.1,130,132,298,300,3,TCA,TGA
AF057309.1,51,53,298,300,3,TCA,TGA
AF057309.1,453,455,460,462,3,TCA,TGA
AF057309.1,375,377,471,473,3,TCG,CGA
AF057309.1,326,328,471,473,3,TCG,CGA
AF057309.1,224,226,295,297,3,TCG,CGA
AF057309.1,224,226,471,473,3,TCG,CGA
AF057309.1,224,226,304,306,3,TCG,CGA
AF057309.1,303,305,340,342,3,TCG,CGA
AF057309.1,95,97,295,297,3,TCG,CGA
AF057309.1,95,97,471,473,3,TCG,CGA
AF057309.1,95,97,304,306,3,TCG,CGA
AF057309.1,258,260,265,267,3,TCG,CGA
AF057309.1,173,175,295,297,3,TCG,CGA
AF057309.1,173,175,471,473,3,TCG,CGA
AF057309.1,173,175,304,306,3,TCG,CGA
AF057309.1,191,193,295,297,3,TCG,CGA
AF057309.1,191,193,471,473,3,TCG,CGA
AF057309.1,191,193,304,306,3,TCG,CGA
AF057309.1,173,175,340,342,3,TCG,CGA
AF057309.1,173,175,217,219,3,TCG,CGA
AF057309.1,191,193,340,342,3,TCG,CGA
AF057309.1,191,193,217,219,3,TCG,CGA
AF057309.1,95,97,265,267,3,TCG,CGA
AF057309.1,31,33,295,297,3,TCG,CGA
AF057309.1,31,33,471,473,3,TCG,CGA
AF057309.1,31,33,304,306,3,TCG,CGA
AF057309.1,95,97,220,222,3,TCG,CGA
AF057309.1,186,189,245,248,4,TCTC,GAGA
AF057309.1,44,47,245,248,4,TCTC,GAGA
AF057309.1,176,179,266,269,4,TCTC,GAGA
AF057309.1,44,47,266,269,4,TCTC,GAGA
AF057309.1,186,189,266,269,4,TCTC,GAGA
AF057309.1,206,209,266,269,4,TCTC,GAGA
AF057309.1,37,39,246,248,3,TCT,AGA
AF057309.1,144,146,246,248,3,TCT,AGA
AF057309.1,103,105,246,248,3,TCT,AGA
AF057309.1,165,167,246,248,3,TCT,AGA
AF057309.1,37,39,267,269,3,TCT,AGA
AF057309.1,144,146,267,269,3,TCT,AGA
AF057309.1,103,105,267,269,3,TCT,AGA
AF057309.1,165,167,267,269,3,TCT,AGA
AF057309.1,176,178,312,314,3,TCT,AGA
AF057309.1,206,208,312,314,3,TCT,AGA
AF057309.1,186,188,312,314,3,TCT,AGA
AF057309.1,44,46,312,314,3,TCT,AGA
AF057309.1,37,39,312,314,3,TCT,AGA
AF057309.1,144,146,312,314,3,TCT,AGA
AF057309.1,103,105,312,314,3,TCT,AGA
AF057309.1,165,167,312,314,3,TCT,AGA
AF057309.1,242,244,246,248,3,TCT,AGA
AF057309.1,242,244,267,269,3,TCT,AGA
AF057309.1,176,178,344,346,3,TCT,AGA
AF057309.1,176,178,199,201,3,TCT,AGA
AF057309.1,186,188,199,201,3,TCT,AGA
AF057309.1,44,46,199,201,3,TCT,AGA
AF057309.1,37,39,199,201,3,TCT,AGA
AF057309.1,144,146,199,201,3,TCT,AGA
AF057309.1,103,105,199,201,3,TCT,AGA
AF057309.1,165,167,199,201,3,TCT,AGA
AF057309.1,134,136,344,346,3,TCT,AGA
AF057309.1,100,102,344,346,3,TCT,AGA
AF057309.1,92,94,312,314,3,TCT,AGA
AF057309.1,92,94,246,248,3,TCT,AGA
AF057309.1,92,94,267,269,3,TCT,AGA
AF057309.1,46,48,312,314,3,TCT,AGA
AF057309.1,46,48,246,248,3,TCT,AGA
AF057309.1,46,48,267,269,3,TCT,AGA
AF057309.1,92,94,344,346,3,TCT,AGA
AF057309.1,46,48,344,346,3,TCT,AGA
AF057309.1,203,205,312,314,3,TCT,AGA
AF057309.1,203,205,246,248,3,TCT,AGA
AF057309.1,203,205,267,269,3,TCT,AGA
AF057309.1,124,126,453,455,3,TGA,TCA
AF057309.1,196,198,430,432,3,TGA,TCA
AF057309.1,196,198,524,526,3,TGA,TCA
AF057309.1,124,126,430,432,3,TGA,TCA
AF057309.1,124,126,524,526,3,TGA,TCA
AF057309.1,244,246,453,455,3,TGA,TCA
AF057309.1,238,240,310,312,3,TGA,TCA
AF057309.1,298,300,310,312,3,TGA,TCA
AF057309.1,196,198,310,312,3,TGA,TCA
AF057309.1,124,126,178,180,3,TGA,TCA
AF057309.1,124,126,310,312,3,TGA,TCA
AF057309.1,238,240,495,497,3,TGA,TCA
AF057309.1,298,300,495,497,3,TGA,TCA
AF057309.1,196,198,208,210,3,TGA,TCA
AF057309.1,196,198,495,497,3,TGA,TCA
AF057309.1,315,317,495,497,3,TGA,TCA
AF057309.1,423,425,495,497,3,TGA,TCA
AF057309.1,238,240,249,251,3,TGA,TCA
AF057309.1,69,71,430,432,3,TGA,TCA
AF057309.1,69,71,524,526,3,TGA,TCA
AF057309.1,69,71,453,455,3,TGA,TCA
AF057309.1,196,198,249,251,3,TGA,TCA
AF057309.1,69,71,75,77,3,TGA,TCA
AF057309.1,124,126,249,251,3,TGA,TCA
AF057309.1,69,71,208,210,3,TGA,TCA
AF057309.1,69,71,86,88,3,TGA,TCA
AF057309.1,69,71,495,497,3,TGA,TCA
AF057309.1,69,71,130,132,3,TGA,TCA
AF057309.1,387,389,430,432,3,TGA,TCA
AF057309.1,387,389,524,526,3,TGA,TCA
AF057309.1,387,389,453,455,3,TGA,TCA
AF057309.1,460,462,524,526,3,TGA,TCA
AF057309.1,387,389,495,497,3,TGA,TCA
AF057309.1,460,462,495,497,3,TGA,TCA
AF057309.1,61,63,430,432,3,TGA,TCA
AF057309.1,61,63,524,526,3,TGA,TCA
AF057309.1,61,63,453,455,3,TGA,TCA
AF057309.1,238,240,390,392,3,TGA,TCA
AF057309.1,298,300,390,392,3,TGA,TCA
AF057309.1,235,237,430,432,3,TGA,TCA
AF057309.1,235,237,524,526,3,TGA,TCA
AF057309.1,235,237,453,455,3,TGA,TCA
AF057309.1,61,63,178,180,3,TGA,TCA
AF057309.1,61,63,310,312,3,TGA,TCA
AF057309.1,244,246,390,392,3,TGA,TCA
AF057309.1,235,237,310,312,3,TGA,TCA
AF057309.1,61,63,75,77,3,TGA,TCA
AF057309.1,196,198,390,392,3,TGA,TCA
AF057309.1,72,75,251,254,4,TGCT,AGCA
AF057309.1,72,75,286,289,4,TGCT,AGCA
AF057309.1,66,69,283,286,4,TGCT,AGCA
AF057309.1,72,75,283,286,4,TGCT,AGCA
AF057309.1,214,216,255,257,3,TGC,GCA
AF057309.1,82,84,255,257,3,TGC,GCA
AF057309.1,214,216,284,286,3,TGC,GCA
AF057309.1,82,84,284,286,3,TGC,GCA
AF057309.1,214,216,252,254,3,TGC,GCA
AF057309.1,82,84,252,254,3,TGC,GCA
AF057309.1,366,368,507,509,3,TGG,CCA
AF057309.1,366,368,420,422,3,TGG,CCA
AF057309.1,27,29,383,385,3,TTA,TAA
AF057309.1,382,384,535,537,3,TTA,TAA
AF057309.1,382,384,433,435,3,TTA,TAA
AF057309.1,382,384,538,540,3,TTA,TAA
AF057309.1,530,532,535,537,3,TTA,TAA
AF057309.1,27,29,541,543,3,TTA,TAA
AF057309.1,517,519,535,537,3,TTA,TAA
AF057309.1,2,8,193,199,7,TTCACAC,GTGTGAA
AF057309.1,17,23,193,199,7,TTCACAC,GTGTGAA
AF057309.1,36,39,344,347,4,TTCT,AGAA
AF057309.1,164,167,344,347,4,TTCT,AGAA
AF057309.1,143,146,344,347,4,TTCT,AGAA
AF057309.1,202,205,344,347,4,TTCT,AGAA
AF057309.1,36,39,156,159,4,TTCT,AGAA
AF057309.1,43,46,156,159,4,TTCT,AGAA
AF057309.1,102,105,156,159,4,TTCT,AGAA
AF057309.1,143,146,156,159,4,TTCT,AGAA
AF057309.1,60,63,208,211,4,TTGA,TCAA
AF057309.1,60,63,495,498,4,TTGA,TCAA
AF057309.1,60,63,130,133,4,TTGA,TCAA
AF057309.1,234,237,495,498,4,TTGA,TCAA
AF057309.1,123,126,208,211,4,TTGA,TCAA
AF057309.1,123,126,495,498,4,TTGA,TCAA
AF057309.1,123,126,130,133,4,TTGA,TCAA
AF057309.1,60,62,288,290,3,TTG,CAA
AF057309.1,123,125,288,290,3,TTG,CAA
AF057309.1,234,236,288,290,3,TTG,CAA
AF057309.1,213,215,496,498,3,TTG,CAA
AF057309.1,81,83,131,133,3,TTG,CAA
AF057309.1,81,83,209,211,3,TTG,CAA
AF057309.1,81,83,496,498,3,TTG,CAA
AF057309.1,81,83,87,89,3,TTG,CAA
AF057309.1,60,62,411,413,3,TTG,CAA
AF057309.1,60,62,108,110,3,TTG,CAA
AF057309.1,213,215,411,413,3,TTG,CAA
AF057309.1,81,83,411,413,3,TTG,CAA
AF057309.1,123,125,411,413,3,TTG,CAA
AF057309.1,234,236,411,413,3,TTG,CAA
AF057309.1,81,83,108,110,3,TTG,CAA
AF057309.1,60,62,277,279,3,TTG,CAA
AF057309.1,213,215,277,279,3,TTG,CAA
AF057309.1,81,83,277,279,3,TTG,CAA
AF057309.1,123,125,277,279,3,TTG,CAA
AF057309.1,234,236,277,279,3,TTG,CAA
AF057309.1,81,83,115,117,3,TTG,CAA
AF057309.1,213,215,486,488,3,TTG,CAA
AF057309.1,81,83,486,488,3,TTG,CAA
AF057309.1,123,125,486,488,3,TTG,CAA
AF057309.1,234,236,486,488,3,TTG,CAA
AF057309.1,213,215,400,402,3,TTG,CAA
AF057309.1,81,83,400,402,3,TTG,CAA
AF057309.1,123,125,400,402,3,TTG,CAA
AF057309.1,234,236,400,402,3,TTG,CAA
AF057309.1,81,83,148,150,3,TTG,CAA
AF057309.1,123,125,148,150,3,TTG,CAA
AF057309.1,415,417,496,498,3,TTG,CAA
AF057309.1,457,459,496,498,3,TTG,CAA
AF057309.1,415,417,486,488,3,TTG,CAA
AF057309.1,457,459,486,488,3,TTG,CAA

Total for length 3 is 886.
Total for length 4 is 108.
Total for length 7 is 2.
Total for length 9 is 1.
Total for length 12 is 1.

